Project Information                  e:\vhdldesigns\ee231\15mips-8\dmemory.rpt

MAX+plus II Compiler Report File
Version 10.1 06/12/2001
Compiled: 03/08/2002 12:57:56

Copyright (C) 1988-2001 Altera Corporation
Any megafunction design, and related net list (encrypted or decrypted),
support information, device programming or simulation file, and any other
associated documentation or information provided by Altera or a partner
under Altera's Megafunction Partnership Program may be used only to
program PLD devices (but not masked PLD devices) from Altera.  Any other
use of such megafunction design, net list, support information, device
programming or simulation file, or any other related documentation or
information is prohibited for any other purpose, including, but not
limited to modification, reverse engineering, de-compiling, or use with
any other silicon devices, unless such use is explicitly licensed under
a separate agreement with Altera or a megafunction partner.  Title to
the intellectual property, including patents, copyrights, trademarks,
trade secrets, or maskworks, embodied in any such megafunction design,
net list, support information, device programming or simulation file, or
any other related documentation or information provided by Altera or a
megafunction partner, remains with Altera, the megafunction partner, or
their respective licensors.  No other licenses, including any licenses
needed under any third party's intellectual property, are provided herein.



***** Project compilation was successful


DMEMORY


** DEVICE SUMMARY **

Chip/                     Input Output Bidir  Memory  Memory  			 LCs
POF       Device          Pins  Pins   Pins   Bits % Utilized  LCs  % Utilized

dmemory   EPF10K70RC240-4  18     8      0    2048      11 %    1        0  %

User Pins:                 18     8      0  



Project Information                  e:\vhdldesigns\ee231\15mips-8\dmemory.rpt

** EMBEDDED ARRAYS **


|LPM_RAM_DQ:data_memory|altram:sram|content: MEMORY (
               width        =    8;
               depth        =  256;
               segmentsize  =  256;
               mode         = MEM_INITIALIZED#MEM_REG_DATAIN_CLK0;
               file         = "dmemory.mif";
         )
         OF SEGMENTS (
               |LPM_RAM_DQ:data_memory|altram:sram|segment0_7,
               |LPM_RAM_DQ:data_memory|altram:sram|segment0_6,
               |LPM_RAM_DQ:data_memory|altram:sram|segment0_5,
               |LPM_RAM_DQ:data_memory|altram:sram|segment0_4,
               |LPM_RAM_DQ:data_memory|altram:sram|segment0_3,
               |LPM_RAM_DQ:data_memory|altram:sram|segment0_2,
               |LPM_RAM_DQ:data_memory|altram:sram|segment0_1,
               |LPM_RAM_DQ:data_memory|altram:sram|segment0_0
);




Project Information                  e:\vhdldesigns\ee231\15mips-8\dmemory.rpt

** FILE HIERARCHY **



|lpm_ram_dq:data_memory|
|lpm_ram_dq:data_memory|altram:sram|


Device-Specific Information:         e:\vhdldesigns\ee231\15mips-8\dmemory.rpt
dmemory

***** Logic for device 'dmemory' compiled without errors.




Device: EPF10K70RC240-4

FLEX 10K Configuration Scheme: Passive Serial

Device Options:
    User-Supplied Start-Up Clock               = OFF
    Auto-Restart Configuration on Frame Error  = OFF
    Release Clears Before Tri-States           = OFF
    Enable Chip_Wide Reset                     = OFF
    Enable Chip-Wide Output Enable             = OFF
    Enable INIT_DONE Output                    = OFF
    JTAG User Code                             = 7f

                                                                                                                           w           w  
                                                                                                                           r           r  
                                                                                                                           i           i  
                 R R R R R R R R   R R R R R R R   R R R R R R R   R R R a a a R R R R   R R R R R R R   R R R R m R R   R t R R R R R t  
                 E E E E E E E E   E E E E E E E   E E E E E E E   E E E d d d E E E E   E E E E E E E   E E E E e E E   E e E E E E E e  
                 S S S S S S S S G S S S S S S S V S S S S S S S G S S S d d d S S S S V S S S S S S S G S S S S m S S V S _ S S S S S _  
                 E E E E E E E E N E E E E E E E C E E E E E E E N E E E r r r E E E E C E E E E E E E N E E E E w E E C E d E E E E E d  
                 R R R R R R R R D R R R R R R R C R R R R R R R D R R R e e e R R R R C R R R R R R R D R R R R r R R C R a R R R R R a  
                 V V V V V V V V I V V V V V V V I V V V V V V V I V V V s s s V V V V I V V V V V V V I V V V V i V V I V t V V V V V t  
                 E E E E E E E E N E E E E E E E N E E E E E E E N E E E s s s E E E E N E E E E E E E N E E E E t E E N E a E E E E E a  
                 D D D D D D D D T D D D D D D D T D D D D D D D T D D D 4 3 5 D D D D T D D D D D D D T D D D D e D D T D 2 D D D D D 7  
               --------------------------------------------------------------------------------------------------------------------------_ 
              / 240 238 236 234 232 230 228 226 224 222 220 218 216 214 212 210 208 206 204 202 200 198 196 194 192 190 188 186 184 182   |_ 
             /    239 237 235 233 231 229 227 225 223 221 219 217 215 213 211 209 207 205 203 201 199 197 195 193 191 189 187 185 183 181    | 
       #TCK |  1                                                                                                                         180 | ^DATA0 
 ^CONF_DONE |  2                                                                                                                         179 | ^DCLK 
      ^nCEO |  3                                                                                                                         178 | ^nCE 
       #TDO |  4                                                                                                                         177 | #TDI 
     VCCINT |  5                                                                                                                         176 | GNDINT 
   RESERVED |  6                                                                                                                         175 | RESERVED 
   RESERVED |  7                                                                                                                         174 | RESERVED 
   RESERVED |  8                                                                                                                         173 | RESERVED 
   RESERVED |  9                                                                                                                         172 | RESERVED 
     GNDINT | 10                                                                                                                         171 | RESERVED 
   RESERVED | 11                                                                                                                         170 | VCCINT 
   address1 | 12                                                                                                                         169 | write_data3 
 read_data0 | 13                                                                                                                         168 | read_data2 
write_data6 | 14                                                                                                                         167 | read_data4 
write_data0 | 15                                                                                                                         166 | read_data6 
     VCCINT | 16                                                                                                                         165 | GNDINT 
write_data5 | 17                                                                                                                         164 | RESERVED 
 read_data7 | 18                                                                                                                         163 | RESERVED 
   RESERVED | 19                                                                                                                         162 | RESERVED 
   RESERVED | 20                                                                                                                         161 | RESERVED 
   RESERVED | 21                                                                                                                         160 | VCCINT 
     GNDINT | 22                                                                                                                         159 | RESERVED 
 read_data5 | 23                                                                                                                         158 | RESERVED 
   RESERVED | 24                                                                                                                         157 | RESERVED 
   RESERVED | 25                                                                                                                         156 | RESERVED 
   RESERVED | 26                                                                                                                         155 | GNDINT 
     VCCINT | 27                                                                                                                         154 | RESERVED 
   RESERVED | 28                                                                                                                         153 | RESERVED 
   RESERVED | 29                                                                                                                         152 | RESERVED 
   RESERVED | 30                                                                                                                         151 | RESERVED 
   RESERVED | 31                                                     EPF10K70RC240-4                                                     150 | VCCINT 
     GNDINT | 32                                                                                                                         149 | RESERVED 
   RESERVED | 33                                                                                                                         148 | RESERVED 
   RESERVED | 34                                                                                                                         147 | RESERVED 
   RESERVED | 35                                                                                                                         146 | RESERVED 
   RESERVED | 36                                                                                                                         145 | GNDINT 
     VCCINT | 37                                                                                                                         144 | RESERVED 
   RESERVED | 38                                                                                                                         143 | RESERVED 
   RESERVED | 39                                                                                                                         142 | RESERVED 
   RESERVED | 40                                                                                                                         141 | RESERVED 
   RESERVED | 41                                                                                                                         140 | VCCINT 
     GNDINT | 42                                                                                                                         139 | RESERVED 
   RESERVED | 43                                                                                                                         138 | RESERVED 
   RESERVED | 44                                                                                                                         137 | RESERVED 
   RESERVED | 45                                                                                                                         136 | RESERVED 
   RESERVED | 46                                                                                                                         135 | GNDINT 
     VCCINT | 47                                                                                                                         134 | RESERVED 
   RESERVED | 48                                                                                                                         133 | RESERVED 
   RESERVED | 49                                                                                                                         132 | RESERVED 
   RESERVED | 50                                                                                                                         131 | RESERVED 
   RESERVED | 51                                                                                                                         130 | VCCINT 
     GNDINT | 52                                                                                                                         129 | RESERVED 
   RESERVED | 53                                                                                                                         128 | read_data1 
   RESERVED | 54                                                                                                                         127 | read_data3 
   RESERVED | 55                                                                                                                         126 | RESERVED 
   RESERVED | 56                                                                                                                         125 | GNDINT 
     VCCINT | 57                                                                                                                         124 | ^MSEL0 
       #TMS | 58                                                                                                                         123 | ^MSEL1 
      #TRST | 59                                                                                                                         122 | VCCINT 
   ^nSTATUS | 60                                                                                                                         121 | ^nCONFIG 
            |      62  64  66  68  70  72  74  76  78  80  82  84  86  88  90  92  94  96  98 100 102 104 106 108 110 112 114 116 118 120  _| 
             \   61  63  65  67  69  71  73  75  77  79  81  83  85  87  89  91  93  95  97  99 101 103 105 107 109 111 113 115 117 119   | 
              \--------------------------------------------------------------------------------------------------------------------------- 
                 R R R R R R R R G R R R R R R R V R R R R R R R G R R R V a c a G R R V R R w R w R a G R R R R R R R V R R a R R R R R  
                 E E E E E E E E N E E E E E E E C E E E E E E E N E E E C d l d N E E C E E r E r E d N E E E E E E E C E E d E E E E E  
                 S S S S S S S S D S S S S S S S C S S S S S S S D S S S C d o d D S S C S S i S i S d D S S S S S S S C S S d S S S S S  
                 E E E E E E E E I E E E E E E E I E E E E E E E I E E E I r c r I E E I E E t E t E r I E E E E E E E I E E r E E E E E  
                 R R R R R R R R N R R R R R R R N R R R R R R R N R R R N e k e N R R N R R e R e R e N R R R R R R R N R R e R R R R R  
                 V V V V V V V V T V V V V V V V T V V V V V V V T V V V T s   s T V V T V V _ V _ V s T V V V V V V V T V V s V V V V V  
                 E E E E E E E E   E E E E E E E   E E E E E E E   E E E   s   s   E E   E E d E d E s   E E E E E E E   E E s E E E E E  
                 D D D D D D D D   D D D D D D D   D D D D D D D   D D D   7   6   D D   D D a D a D 2   D D D D D D D   D D 0 D D D D D  
                                                                                             t   t                                        
                                                                                             a   a                                        
                                                                                             1   4                                        


N.C. = No Connect. This pin has no internal connection to the device.
VCCINT = Dedicated power pin, which MUST be connected to VCC (5.0 volts).
VCCIO = Dedicated power pin, which MUST be connected to VCC (5.0 volts).
GNDINT = Dedicated ground pin or unused dedicated input, which MUST be connected to GND.
GNDIO = Dedicated ground pin, which MUST be connected to GND.
RESERVED = Unused I/O pin, which MUST be left unconnected.

^ = Dedicated configuration pin.
+ = Reserved configuration pin, which is tri-stated during user mode.
* = Reserved configuration pin, which drives out in user mode.
PDn = Power Down pin. 
@ = Special-purpose pin. 
# = JTAG Boundary-Scan Testing/In-System Programming or Configuration Pin. The JTAG inputs TMS and TDI should be tied to VCC and TCK should be tied to GND when not in use.
& = JTAG pin used for I/O. When used as user I/O, JTAG pins must be kept stable before and during configuration.  JTAG pin stability prevents accidental loading of JTAG instructions.


Device-Specific Information:         e:\vhdldesigns\ee231\15mips-8\dmemory.rpt
dmemory

** RESOURCE USAGE **

Logic                Column       Row                                   
Array                Interconnect Interconnect         Clears/     External  
Block   Logic Cells  Driven       Driven       Clocks  Presets   Interconnect
B13      1/ 8( 12%)   0/ 8(  0%)   1/ 8( 12%)    0/2    0/2       2/26(  7%)   


Embedded             Column       Row                                   
Array     Embedded   Interconnect Interconnect         Read/      External  
Block     Cells      Driven       Driven       Clocks  Write    Interconnect
B53      8/8 (100%)   3/8 ( 37%)   8/8 (100%)    1/2    2/2      17/26( 65%)   


Total dedicated input pins used:                 6/6      (100%)
Total I/O pins used:                            20/183    ( 10%)
Total logic cells used:                          1/3744   (  0%)
Total embedded cells used:                       8/72     ( 11%)
Total EABs used:                                 1/9      ( 11%)
Average fan-in:                                 2.00/4    ( 50%)
Total fan-in:                                   2/14976   (  0%)

Total input pins required:                      18
Total input I/O cell registers required:         0
Total output pins required:                      8
Total output I/O cell registers required:        0
Total buried I/O cell registers required:        0
Total bidirectional pins required:               0
Total reserved pins required                     0
Total logic cells required:                      1
Total flipflops required:                        0
Total packed registers required:                 0
Total logic cells in carry chains:               0
Total number of carry chains:                    0
Total logic cells in cascade chains:             0
Total number of cascade chains:                  0
Total single-pin Clock Enables required:         0
Total single-pin Output Enables required:        0

Synthesized logic cells:                         0/3744   (  0%)

Logic Cell and Embedded Cell Counts

Column:  01  02  03  04  05  06  07  08  09  10  11  12  13  14  15  16  17  18  19  20  21  22  23  24  25  26  EA  27  28  29  30  31  32  33  34  35  36  37  38  39  40  41  42  43  44  45  46  47  48  49  50  51  52  Total(LC/EC)
 A:      0   0   0   0   0   0   0   0   0   0   0   0   0   0   0   0   0   0   0   0   0   0   0   0   0   0   0   0   0   0   0   0   0   0   0   0   0   0   0   0   0   0   0   0   0   0   0   0   0   0   0   0   0      0/0  
 B:      0   0   0   0   0   0   0   0   0   0   0   0   1   0   0   0   0   0   0   0   0   0   0   0   0   0   8   0   0   0   0   0   0   0   0   0   0   0   0   0   0   0   0   0   0   0   0   0   0   0   0   0   0      1/8  
 C:      0   0   0   0   0   0   0   0   0   0   0   0   0   0   0   0   0   0   0   0   0   0   0   0   0   0   0   0   0   0   0   0   0   0   0   0   0   0   0   0   0   0   0   0   0   0   0   0   0   0   0   0   0      0/0  
 D:      0   0   0   0   0   0   0   0   0   0   0   0   0   0   0   0   0   0   0   0   0   0   0   0   0   0   0   0   0   0   0   0   0   0   0   0   0   0   0   0   0   0   0   0   0   0   0   0   0   0   0   0   0      0/0  
 E:      0   0   0   0   0   0   0   0   0   0   0   0   0   0   0   0   0   0   0   0   0   0   0   0   0   0   0   0   0   0   0   0   0   0   0   0   0   0   0   0   0   0   0   0   0   0   0   0   0   0   0   0   0      0/0  
 F:      0   0   0   0   0   0   0   0   0   0   0   0   0   0   0   0   0   0   0   0   0   0   0   0   0   0   0   0   0   0   0   0   0   0   0   0   0   0   0   0   0   0   0   0   0   0   0   0   0   0   0   0   0      0/0  
 G:      0   0   0   0   0   0   0   0   0   0   0   0   0   0   0   0   0   0   0   0   0   0   0   0   0   0   0   0   0   0   0   0   0   0   0   0   0   0   0   0   0   0   0   0   0   0   0   0   0   0   0   0   0      0/0  
 H:      0   0   0   0   0   0   0   0   0   0   0   0   0   0   0   0   0   0   0   0   0   0   0   0   0   0   0   0   0   0   0   0   0   0   0   0   0   0   0   0   0   0   0   0   0   0   0   0   0   0   0   0   0      0/0  
 I:      0   0   0   0   0   0   0   0   0   0   0   0   0   0   0   0   0   0   0   0   0   0   0   0   0   0   0   0   0   0   0   0   0   0   0   0   0   0   0   0   0   0   0   0   0   0   0   0   0   0   0   0   0      0/0  

Total:   0   0   0   0   0   0   0   0   0   0   0   0   1   0   0   0   0   0   0   0   0   0   0   0   0   0   8   0   0   0   0   0   0   0   0   0   0   0   0   0   0   0   0   0   0   0   0   0   0   0   0   0   0      1/8  



Device-Specific Information:         e:\vhdldesigns\ee231\15mips-8\dmemory.rpt
dmemory

** INPUTS **

                                                    Fan-In    Fan-Out
 Pin     LC     EC   Row  Col  Primitive    Code      INP  FBK  OUT  FBK  Name
 115      -     -    -    06      INPUT                0    0    0    8  address0
  12      -     -    B    --      INPUT                0    0    0    8  address1
 103      -     -    -    16      INPUT                0    0    0    8  address2
 211      -     -    -    --      INPUT                0    0    0    8  address3
 212      -     -    -    --      INPUT                0    0    0    8  address4
 210      -     -    -    --      INPUT                0    0    0    8  address5
  92      -     -    -    --      INPUT                0    0    0    8  address6
  90      -     -    -    --      INPUT                0    0    0    8  address7
  91      -     -    -    --      INPUT  G             0    0    0    1  clock
 192      -     -    -    12      INPUT                0    0    0    1  memwrite
  15      -     -    B    --      INPUT                0    0    0    1  write_data0
  99      -     -    -    19      INPUT                0    0    0    1  write_data1
 187      -     -    -    09      INPUT                0    0    0    1  write_data2
 169      -     -    B    --      INPUT                0    0    0    1  write_data3
 101      -     -    -    17      INPUT                0    0    0    1  write_data4
  17      -     -    B    --      INPUT                0    0    0    1  write_data5
  14      -     -    B    --      INPUT                0    0    0    1  write_data6
 181      -     -    -    02      INPUT                0    0    0    1  write_data7


Code:

s = Synthesized pin or logic cell
+ = Synchronous flipflop
/ = Slow slew-rate output
! = NOT gate push-back
r = Fitter-inserted logic cell
@ = Uses single-pin Clock Enable
& = Uses single-pin Output Enable
G = Global Source. Fan-out destinations counted here do not include destinations
that are driven using global routing resources. Refer to the Auto Global Signals,
Clock Signals, Clear Signals, Synchronous Load Signals, and Synchronous Clear Signals
Sections of this Report File for information on which signals' fan-outs are used as
Clock, Clear, Preset, Output Enable, and synchronous Load signals.


Device-Specific Information:         e:\vhdldesigns\ee231\15mips-8\dmemory.rpt
dmemory

** OUTPUTS **

       Fed By Fed By                                Fan-In    Fan-Out
 Pin     LC     EC   Row  Col  Primitive    Code      INP  FBK  OUT  FBK  Name
  13      -     -    B    --     OUTPUT                0    1    0    0  read_data0
 128      -     -    I    --     OUTPUT                0    1    0    0  read_data1
 168      -     -    B    --     OUTPUT                0    1    0    0  read_data2
 127      -     -    I    --     OUTPUT                0    1    0    0  read_data3
 167      -     -    B    --     OUTPUT                0    1    0    0  read_data4
  23      -     -    C    --     OUTPUT                0    1    0    0  read_data5
 166      -     -    B    --     OUTPUT                0    1    0    0  read_data6
  18      -     -    B    --     OUTPUT                0    1    0    0  read_data7


Code:

s = Synthesized pin or logic cell
+ = Synchronous flipflop
/ = Slow slew-rate output
! = NOT gate push-back
r = Fitter-inserted logic cell
@ = Uses single-pin Clock Enable
& = Uses single-pin Output Enable


Device-Specific Information:         e:\vhdldesigns\ee231\15mips-8\dmemory.rpt
dmemory

** BURIED LOGIC **

                                                    Fan-In    Fan-Out
 IOC     LC     EC   Row  Col  Primitive    Code      INP  FBK  OUT  FBK  Name
   -      -     4    B    --   MEM_SGMT                9    1    1    0  |LPM_RAM_DQ:data_memory|altram:sram|segment0_0
   -      -     3    B    --   MEM_SGMT                9    1    1    0  |LPM_RAM_DQ:data_memory|altram:sram|segment0_1
   -      -     1    B    --   MEM_SGMT                9    1    1    0  |LPM_RAM_DQ:data_memory|altram:sram|segment0_2
   -      -     7    B    --   MEM_SGMT                9    1    1    0  |LPM_RAM_DQ:data_memory|altram:sram|segment0_3
   -      -     8    B    --   MEM_SGMT                9    1    1    0  |LPM_RAM_DQ:data_memory|altram:sram|segment0_4
   -      -     5    B    --   MEM_SGMT                9    1    1    0  |LPM_RAM_DQ:data_memory|altram:sram|segment0_5
   -      -     6    B    --   MEM_SGMT                9    1    1    0  |LPM_RAM_DQ:data_memory|altram:sram|segment0_6
   -      -     2    B    --   MEM_SGMT                9    1    1    0  |LPM_RAM_DQ:data_memory|altram:sram|segment0_7
   -      1     -    B    13       AND2                2    0    0    8  :31


Code:

s = Synthesized pin or logic cell
+ = Synchronous flipflop
/ = Slow slew-rate output
! = NOT gate push-back
r = Fitter-inserted logic cell
p = Packed register


Device-Specific Information:         e:\vhdldesigns\ee231\15mips-8\dmemory.rpt
dmemory

** FASTTRACK INTERCONNECT UTILIZATION **

Row FastTrack Interconnect:

          Global         Left Half-      Right Half-
         FastTrack       FastTrack       FastTrack 
Row     Interconnect    Interconnect    Interconnect    Input Pins     Output Pins     Bidir Pins
A:       0/208(  0%)     0/104(  0%)     0/104(  0%)    0/16(  0%)      0/16(  0%)     0/16(  0%)
B:      13/208(  6%)     8/104(  7%)     0/104(  0%)    5/16( 31%)      5/16( 31%)     0/16(  0%)
C:       0/208(  0%)     0/104(  0%)     1/104(  0%)    0/16(  0%)      1/16(  6%)     0/16(  0%)
D:       0/208(  0%)     0/104(  0%)     0/104(  0%)    0/16(  0%)      0/16(  0%)     0/16(  0%)
E:       0/208(  0%)     0/104(  0%)     0/104(  0%)    0/16(  0%)      0/16(  0%)     0/16(  0%)
F:       0/208(  0%)     0/104(  0%)     0/104(  0%)    0/16(  0%)      0/16(  0%)     0/16(  0%)
G:       0/208(  0%)     0/104(  0%)     0/104(  0%)    0/16(  0%)      0/16(  0%)     0/16(  0%)
H:       0/208(  0%)     0/104(  0%)     0/104(  0%)    0/16(  0%)      0/16(  0%)     0/16(  0%)
I:       2/208(  0%)     0/104(  0%)     0/104(  0%)    0/16(  0%)      2/16( 12%)     0/16(  0%)


Column FastTrack Interconnect:

         FastTrack                                 
Column  Interconnect    Input Pins     Output Pins     Bidir Pins
01:      0/24(  0%)     0/4(  0%)      0/4(  0%)       0/4(  0%)
02:      1/24(  4%)     1/4( 25%)      0/4(  0%)       0/4(  0%)
03:      0/24(  0%)     0/4(  0%)      0/4(  0%)       0/4(  0%)
04:      0/24(  0%)     0/4(  0%)      0/4(  0%)       0/4(  0%)
05:      0/24(  0%)     0/4(  0%)      0/4(  0%)       0/4(  0%)
06:      1/24(  4%)     1/4( 25%)      0/4(  0%)       0/4(  0%)
07:      0/24(  0%)     0/4(  0%)      0/4(  0%)       0/4(  0%)
08:      0/24(  0%)     0/4(  0%)      0/4(  0%)       0/4(  0%)
09:      1/24(  4%)     1/4( 25%)      0/4(  0%)       0/4(  0%)
10:      0/24(  0%)     0/4(  0%)      0/4(  0%)       0/4(  0%)
11:      0/24(  0%)     0/4(  0%)      0/4(  0%)       0/4(  0%)
12:      1/24(  4%)     1/4( 25%)      0/4(  0%)       0/4(  0%)
13:      0/24(  0%)     0/4(  0%)      0/4(  0%)       0/4(  0%)
14:      0/24(  0%)     0/4(  0%)      0/4(  0%)       0/4(  0%)
15:      0/24(  0%)     0/4(  0%)      0/4(  0%)       0/4(  0%)
16:      1/24(  4%)     1/4( 25%)      0/4(  0%)       0/4(  0%)
17:      1/24(  4%)     1/4( 25%)      0/4(  0%)       0/4(  0%)
18:      0/24(  0%)     0/4(  0%)      0/4(  0%)       0/4(  0%)
19:      1/24(  4%)     1/4( 25%)      0/4(  0%)       0/4(  0%)
20:      0/24(  0%)     0/4(  0%)      0/4(  0%)       0/4(  0%)
21:      0/24(  0%)     0/4(  0%)      0/4(  0%)       0/4(  0%)
22:      0/24(  0%)     0/4(  0%)      0/4(  0%)       0/4(  0%)
23:      0/24(  0%)     0/4(  0%)      0/4(  0%)       0/4(  0%)
24:      0/24(  0%)     0/4(  0%)      0/4(  0%)       0/4(  0%)
25:      0/24(  0%)     0/4(  0%)      0/4(  0%)       0/4(  0%)
26:      0/24(  0%)     0/4(  0%)      0/4(  0%)       0/4(  0%)
27:      0/24(  0%)     0/4(  0%)      0/4(  0%)       0/4(  0%)
28:      0/24(  0%)     0/4(  0%)      0/4(  0%)       0/4(  0%)
29:      0/24(  0%)     0/4(  0%)      0/4(  0%)       0/4(  0%)
30:      0/24(  0%)     0/4(  0%)      0/4(  0%)       0/4(  0%)
31:      0/24(  0%)     0/4(  0%)      0/4(  0%)       0/4(  0%)
32:      0/24(  0%)     0/4(  0%)      0/4(  0%)       0/4(  0%)
33:      0/24(  0%)     0/4(  0%)      0/4(  0%)       0/4(  0%)
34:      0/24(  0%)     0/4(  0%)      0/4(  0%)       0/4(  0%)
35:      0/24(  0%)     0/4(  0%)      0/4(  0%)       0/4(  0%)
36:      0/24(  0%)     0/4(  0%)      0/4(  0%)       0/4(  0%)
37:      0/24(  0%)     0/4(  0%)      0/4(  0%)       0/4(  0%)
38:      0/24(  0%)     0/4(  0%)      0/4(  0%)       0/4(  0%)
39:      0/24(  0%)     0/4(  0%)      0/4(  0%)       0/4(  0%)
40:      0/24(  0%)     0/4(  0%)      0/4(  0%)       0/4(  0%)
41:      0/24(  0%)     0/4(  0%)      0/4(  0%)       0/4(  0%)
42:      0/24(  0%)     0/4(  0%)      0/4(  0%)       0/4(  0%)
43:      1/24(  4%)     0/4(  0%)      0/4(  0%)       0/4(  0%)
44:      0/24(  0%)     0/4(  0%)      0/4(  0%)       0/4(  0%)
45:      0/24(  0%)     0/4(  0%)      0/4(  0%)       0/4(  0%)
46:      0/24(  0%)     0/4(  0%)      0/4(  0%)       0/4(  0%)
47:      1/24(  4%)     0/4(  0%)      0/4(  0%)       0/4(  0%)
48:      0/24(  0%)     0/4(  0%)      0/4(  0%)       0/4(  0%)
49:      1/24(  4%)     0/4(  0%)      0/4(  0%)       0/4(  0%)
50:      0/24(  0%)     0/4(  0%)      0/4(  0%)       0/4(  0%)
51:      0/24(  0%)     0/4(  0%)      0/4(  0%)       0/4(  0%)
52:      0/24(  0%)     0/4(  0%)      0/4(  0%)       0/4(  0%)
EA:      0/24(  0%)     0/4(  0%)      0/4(  0%)       0/4(  0%)


Device-Specific Information:         e:\vhdldesigns\ee231\15mips-8\dmemory.rpt
dmemory

** EQUATIONS **

address0 : INPUT;
address1 : INPUT;
address2 : INPUT;
address3 : INPUT;
address4 : INPUT;
address5 : INPUT;
address6 : INPUT;
address7 : INPUT;
clock    : INPUT;
memwrite : INPUT;
write_data0 : INPUT;
write_data1 : INPUT;
write_data2 : INPUT;
write_data3 : INPUT;
write_data4 : INPUT;
write_data5 : INPUT;
write_data6 : INPUT;
write_data7 : INPUT;

-- Node name is 'read_data0' 
-- Equation name is 'read_data0', type is output 
read_data0 =  _EC4_B;

-- Node name is 'read_data1' 
-- Equation name is 'read_data1', type is output 
read_data1 =  _EC3_B;

-- Node name is 'read_data2' 
-- Equation name is 'read_data2', type is output 
read_data2 =  _EC1_B;

-- Node name is 'read_data3' 
-- Equation name is 'read_data3', type is output 
read_data3 =  _EC7_B;

-- Node name is 'read_data4' 
-- Equation name is 'read_data4', type is output 
read_data4 =  _EC8_B;

-- Node name is 'read_data5' 
-- Equation name is 'read_data5', type is output 
read_data5 =  _EC5_B;

-- Node name is 'read_data6' 
-- Equation name is 'read_data6', type is output 
read_data6 =  _EC6_B;

-- Node name is 'read_data7' 
-- Equation name is 'read_data7', type is output 
read_data7 =  _EC2_B;

-- Node name is ':31' 
-- Equation name is '_LC1_B13', type is buried 
_LC1_B13 = LCELL( _EQ001);
  _EQ001 = !clock &  memwrite;

-- Node name is '|LPM_RAM_DQ:data_memory|altram:sram|segment0_0' from file "altram.tdf" line 111, column 12
-- Equation name is '_EC4_B', type is memory 
_EC4_B   = MEMORY_SEGMENT( write_data0, GLOBAL( clock), VCC, _LC1_B13, VCC, address0, address1, address2, address3, address4, address5, address6, address7, VCC, VCC, VCC,);

-- Node name is '|LPM_RAM_DQ:data_memory|altram:sram|segment0_1' from file "altram.tdf" line 111, column 12
-- Equation name is '_EC3_B', type is memory 
_EC3_B   = MEMORY_SEGMENT( write_data1, GLOBAL( clock), VCC, _LC1_B13, VCC, address0, address1, address2, address3, address4, address5, address6, address7, VCC, VCC, VCC,);

-- Node name is '|LPM_RAM_DQ:data_memory|altram:sram|segment0_2' from file "altram.tdf" line 111, column 12
-- Equation name is '_EC1_B', type is memory 
_EC1_B   = MEMORY_SEGMENT( write_data2, GLOBAL( clock), VCC, _LC1_B13, VCC, address0, address1, address2, address3, address4, address5, address6, address7, VCC, VCC, VCC,);

-- Node name is '|LPM_RAM_DQ:data_memory|altram:sram|segment0_3' from file "altram.tdf" line 111, column 12
-- Equation name is '_EC7_B', type is memory 
_EC7_B   = MEMORY_SEGMENT( write_data3, GLOBAL( clock), VCC, _LC1_B13, VCC, address0, address1, address2, address3, address4, address5, address6, address7, VCC, VCC, VCC,);

-- Node name is '|LPM_RAM_DQ:data_memory|altram:sram|segment0_4' from file "altram.tdf" line 111, column 12
-- Equation name is '_EC8_B', type is memory 
_EC8_B   = MEMORY_SEGMENT( write_data4, GLOBAL( clock), VCC, _LC1_B13, VCC, address0, address1, address2, address3, address4, address5, address6, address7, VCC, VCC, VCC,);

-- Node name is '|LPM_RAM_DQ:data_memory|altram:sram|segment0_5' from file "altram.tdf" line 111, column 12
-- Equation name is '_EC5_B', type is memory 
_EC5_B   = MEMORY_SEGMENT( write_data5, GLOBAL( clock), VCC, _LC1_B13, VCC, address0, address1, address2, address3, address4, address5, address6, address7, VCC, VCC, VCC,);

-- Node name is '|LPM_RAM_DQ:data_memory|altram:sram|segment0_6' from file "altram.tdf" line 111, column 12
-- Equation name is '_EC6_B', type is memory 
_EC6_B   = MEMORY_SEGMENT( write_data6, GLOBAL( clock), VCC, _LC1_B13, VCC, address0, address1, address2, address3, address4, address5, address6, address7, VCC, VCC, VCC,);

-- Node name is '|LPM_RAM_DQ:data_memory|altram:sram|segment0_7' from file "altram.tdf" line 111, column 12
-- Equation name is '_EC2_B', type is memory 
_EC2_B   = MEMORY_SEGMENT( write_data7, GLOBAL( clock), VCC, _LC1_B13, VCC, address0, address1, address2, address3, address4, address5, address6, address7, VCC, VCC, VCC,);



Project Information                  e:\vhdldesigns\ee231\15mips-8\dmemory.rpt

** COMPILATION SETTINGS & TIMES **

Processing Menu Commands
------------------------

Design Doctor                             = off

Logic Synthesis:

   Synthesis Type Used                    = Multi-Level

   Default Synthesis Style                = NORMAL

      Logic option settings in 'NORMAL' style for 'FLEX10K' family

      CARRY_CHAIN                         = ignore
      CARRY_CHAIN_LENGTH                  = 32
      CASCADE_CHAIN                       = ignore
      CASCADE_CHAIN_LENGTH                = 2
      DECOMPOSE_GATES                     = on
      DUPLICATE_LOGIC_EXTRACTION          = on
      MINIMIZATION                        = full
      MULTI_LEVEL_FACTORING               = on
      NOT_GATE_PUSH_BACK                  = on
      REDUCE_LOGIC                        = on
      REFACTORIZATION                     = on
      REGISTER_OPTIMIZATION               = on
      RESYNTHESIZE_NETWORK                = on
      SLOW_SLEW_RATE                      = off
      SUBFACTOR_EXTRACTION                = on
      IGNORE_SOFT_BUFFERS                 = on
      USE_LPM_FOR_AHDL_OPERATORS          = off

   Other logic synthesis settings:

      Automatic Global Clock              = on
      Automatic Global Clear              = on
      Automatic Global Preset             = on
      Automatic Global Output Enable      = on
      Automatic Fast I/O                  = off
      Automatic Register Packing          = off
      Automatic Open-Drain Pins           = on
      Automatic Implement in EAB          = off
      Optimize                            = 5

Default Timing Specifications: None

Cut All Bidir Feedback Timing Paths       = on
Cut All Clear & Preset Timing Paths       = on

Ignore Timing Assignments                 = on

Functional SNF Extractor                  = off

Linked SNF Extractor                      = off
Timing SNF Extractor                      = on
Optimize Timing SNF                       = off
Generate AHDL TDO File                    = off
Fitter Settings                           = NORMAL
Use Quartus Fitter                        = on
Smart Recompile                           = off
Total Recompile                           = off

Interfaces Menu Commands
------------------------

EDIF Netlist Writer                       = off
Verilog Netlist Writer                    = off
VHDL Netlist Writer                       = off

Compilation Times
-----------------

   Compiler Netlist Extractor             00:00:00
   Database Builder                       00:00:00
   Logic Synthesizer                      00:00:00
   Partitioner                            00:00:01
   Fitter                                 00:00:10
   Timing SNF Extractor                   00:00:00
   Assembler                              00:00:02
   --------------------------             --------
   Total Time                             00:00:13


Memory Allocated
-----------------

Peak memory allocated during compilation  = 36,208K
