Project Information          e:\vhdldesigns\ee231\designproblems\02alu\alu.rpt

MAX+plus II Compiler Report File
Version 10.1 06/12/2001
Compiled: 10/29/2002 11:02:50

Copyright (C) 1988-2001 Altera Corporation
Any megafunction design, and related net list (encrypted or decrypted),
support information, device programming or simulation file, and any other
associated documentation or information provided by Altera or a partner
under Altera's Megafunction Partnership Program may be used only to
program PLD devices (but not masked PLD devices) from Altera.  Any other
use of such megafunction design, net list, support information, device
programming or simulation file, or any other related documentation or
information is prohibited for any other purpose, including, but not
limited to modification, reverse engineering, de-compiling, or use with
any other silicon devices, unless such use is explicitly licensed under
a separate agreement with Altera or a megafunction partner.  Title to
the intellectual property, including patents, copyrights, trademarks,
trade secrets, or maskworks, embodied in any such megafunction design,
net list, support information, device programming or simulation file, or
any other related documentation or information provided by Altera or a
megafunction partner, remains with Altera, the megafunction partner, or
their respective licensors.  No other licenses, including any licenses
needed under any third party's intellectual property, are provided herein.



***** Project compilation was successful


ALU


** DEVICE SUMMARY **

Chip/                     Input Output Bidir  Memory  Memory  			 LCs
POF       Device          Pins  Pins   Pins   Bits % Utilized  LCs  % Utilized

alu       EPF10K70RC240-4  13     11     0    0         0  %    106      2  %

User Pins:                 13     11     0  



Project Information          e:\vhdldesigns\ee231\designproblems\02alu\alu.rpt

** FILE HIERARCHY **



|lpm_add_sub:246|
|lpm_add_sub:246|addcore:adder|
|lpm_add_sub:246|altshift:result_ext_latency_ffs|
|lpm_add_sub:246|altshift:carry_ext_latency_ffs|
|lpm_add_sub:246|altshift:oflow_ext_latency_ffs|
|lpm_add_sub:262|
|lpm_add_sub:262|addcore:adder|
|lpm_add_sub:262|altshift:result_ext_latency_ffs|
|lpm_add_sub:262|altshift:carry_ext_latency_ffs|
|lpm_add_sub:262|altshift:oflow_ext_latency_ffs|
|lpm_add_sub:268|
|lpm_add_sub:268|addcore:adder|
|lpm_add_sub:268|altshift:result_ext_latency_ffs|
|lpm_add_sub:268|altshift:carry_ext_latency_ffs|
|lpm_add_sub:268|altshift:oflow_ext_latency_ffs|
|lpm_add_sub:274|
|lpm_add_sub:274|addcore:adder|
|lpm_add_sub:274|altshift:result_ext_latency_ffs|
|lpm_add_sub:274|altshift:carry_ext_latency_ffs|
|lpm_add_sub:274|altshift:oflow_ext_latency_ffs|
|rippleaddn:adder1|
|rippleaddn:adder1|ha:ha1|
|rippleaddn:adder1|fa:fa1|
|rippleaddn:adder1|fa:fa1~90|
|rippleaddn:adder1|fa:fa1~113|
|rippleaddn:adder1|fa:fa1~136|
|multiplier:mult1|
|multiplier:mult1|lpm_add_sub:589|
|multiplier:mult1|lpm_add_sub:589|addcore:adder|
|multiplier:mult1|lpm_add_sub:589|altshift:result_ext_latency_ffs|
|multiplier:mult1|lpm_add_sub:589|altshift:carry_ext_latency_ffs|
|multiplier:mult1|lpm_add_sub:589|altshift:oflow_ext_latency_ffs|
|multiplier:mult1|lpm_add_sub:600|
|multiplier:mult1|lpm_add_sub:600|addcore:adder|
|multiplier:mult1|lpm_add_sub:600|altshift:result_ext_latency_ffs|
|multiplier:mult1|lpm_add_sub:600|altshift:carry_ext_latency_ffs|
|multiplier:mult1|lpm_add_sub:600|altshift:oflow_ext_latency_ffs|
|multiplier:mult1|lpm_add_sub:972|
|multiplier:mult1|lpm_add_sub:972|addcore:adder|
|multiplier:mult1|lpm_add_sub:972|altshift:result_ext_latency_ffs|
|multiplier:mult1|lpm_add_sub:972|altshift:carry_ext_latency_ffs|
|multiplier:mult1|lpm_add_sub:972|altshift:oflow_ext_latency_ffs|
|multiplier:mult1|lpm_add_sub:1218|
|multiplier:mult1|lpm_add_sub:1218|addcore:adder|
|multiplier:mult1|lpm_add_sub:1218|altshift:result_ext_latency_ffs|
|multiplier:mult1|lpm_add_sub:1218|altshift:carry_ext_latency_ffs|
|multiplier:mult1|lpm_add_sub:1218|altshift:oflow_ext_latency_ffs|
|multiplier:mult1|lpm_add_sub:1464|
|multiplier:mult1|lpm_add_sub:1464|addcore:adder|
|multiplier:mult1|lpm_add_sub:1464|altshift:result_ext_latency_ffs|
|multiplier:mult1|lpm_add_sub:1464|altshift:carry_ext_latency_ffs|
|multiplier:mult1|lpm_add_sub:1464|altshift:oflow_ext_latency_ffs|
|multiplier:mult1|lpm_add_sub:1716|
|multiplier:mult1|lpm_add_sub:1716|addcore:adder|
|multiplier:mult1|lpm_add_sub:1716|altshift:result_ext_latency_ffs|
|multiplier:mult1|lpm_add_sub:1716|altshift:carry_ext_latency_ffs|
|multiplier:mult1|lpm_add_sub:1716|altshift:oflow_ext_latency_ffs|


Device-Specific Information: e:\vhdldesigns\ee231\designproblems\02alu\alu.rpt
alu

***** Logic for device 'alu' compiled without errors.




Device: EPF10K70RC240-4

FLEX 10K Configuration Scheme: Passive Serial

Device Options:
    User-Supplied Start-Up Clock               = OFF
    Auto-Restart Configuration on Frame Error  = OFF
    Release Clears Before Tri-States           = OFF
    Enable Chip_Wide Reset                     = OFF
    Enable Chip-Wide Output Enable             = OFF
    Enable INIT_DONE Output                    = OFF
    JTAG User Code                             = 7f

                                                                                                                                         
                                                                                                                                         
                R R R R R R R R   R R R R R R R   R R R R R R R   R R R         R R R   R R R R R R R   R R R R   R R   R R R R R R R R  
                E E E E E E E E   E E E E E E E   E E E E E E E   E E E         E E E   E E E E E E E   E E E E   E E   E E E E E E E E  
                S S S S S S S S G S S S S S S S V S S S S S S S G S S S         S S S V S S S S S S S G S S S S   S S V S S S S S S S S  
                E E E E E E E E N E E E E E E E C E E E E E E E N E E E         E E E C E E E E E E E N E E E E   E E C E E E E E E E E  
                R R R R R R R R D R R R R R R R C R R R R R R R D R R R         R R R C R R R R R R R D R R R R   R R C R R R R R R R R  
                V V V V V V V V I V V V V V V V I V V V V V V V I V V V         V V V I V V V V V V V I V V V V   V V I V V V V V V V V  
                E E E E E E E E N E E E E E E E N E E E E E E E N E E E b s b b E E E N E E E E E E E N E E E E a E E N E E E E E E E E  
                D D D D D D D D T D D D D D D D T D D D D D D D T D D D 0 2 4 2 D D D T D D D D D D D T D D D D 3 D D T D D D D D D D D  
              --------------------------------------------------------------------------------------------------------------------------_ 
             / 240 238 236 234 232 230 228 226 224 222 220 218 216 214 212 210 208 206 204 202 200 198 196 194 192 190 188 186 184 182   |_ 
            /    239 237 235 233 231 229 227 225 223 221 219 217 215 213 211 209 207 205 203 201 199 197 195 193 191 189 187 185 183 181    | 
      #TCK |  1                                                                                                                         180 | ^DATA0 
^CONF_DONE |  2                                                                                                                         179 | ^DCLK 
     ^nCEO |  3                                                                                                                         178 | ^nCE 
      #TDO |  4                                                                                                                         177 | #TDI 
    VCCINT |  5                                                                                                                         176 | GNDINT 
        a4 |  6                                                                                                                         175 | result3 
   result0 |  7                                                                                                                         174 | result2 
        b3 |  8                                                                                                                         173 | s0 
  RESERVED |  9                                                                                                                         172 | result4 
    GNDINT | 10                                                                                                                         171 | over 
  RESERVED | 11                                                                                                                         170 | VCCINT 
  RESERVED | 12                                                                                                                         169 | RESERVED 
  RESERVED | 13                                                                                                                         168 | RESERVED 
  RESERVED | 14                                                                                                                         167 | RESERVED 
  RESERVED | 15                                                                                                                         166 | RESERVED 
    VCCINT | 16                                                                                                                         165 | GNDINT 
  RESERVED | 17                                                                                                                         164 | RESERVED 
  RESERVED | 18                                                                                                                         163 | RESERVED 
  RESERVED | 19                                                                                                                         162 | RESERVED 
  RESERVED | 20                                                                                                                         161 | RESERVED 
  RESERVED | 21                                                                                                                         160 | VCCINT 
    GNDINT | 22                                                                                                                         159 | RESERVED 
  RESERVED | 23                                                                                                                         158 | RESERVED 
  RESERVED | 24                                                                                                                         157 | RESERVED 
  RESERVED | 25                                                                                                                         156 | RESERVED 
  RESERVED | 26                                                                                                                         155 | GNDINT 
    VCCINT | 27                                                                                                                         154 | RESERVED 
  RESERVED | 28                                                                                                                         153 | RESERVED 
  RESERVED | 29                                                                                                                         152 | RESERVED 
  RESERVED | 30                                                                                                                         151 | RESERVED 
  RESERVED | 31                                                     EPF10K70RC240-4                                                     150 | VCCINT 
    GNDINT | 32                                                                                                                         149 | RESERVED 
  RESERVED | 33                                                                                                                         148 | RESERVED 
  RESERVED | 34                                                                                                                         147 | RESERVED 
  RESERVED | 35                                                                                                                         146 | RESERVED 
  RESERVED | 36                                                                                                                         145 | GNDINT 
    VCCINT | 37                                                                                                                         144 | RESERVED 
  RESERVED | 38                                                                                                                         143 | RESERVED 
  RESERVED | 39                                                                                                                         142 | RESERVED 
  RESERVED | 40                                                                                                                         141 | RESERVED 
  RESERVED | 41                                                                                                                         140 | VCCINT 
    GNDINT | 42                                                                                                                         139 | RESERVED 
  RESERVED | 43                                                                                                                         138 | RESERVED 
  RESERVED | 44                                                                                                                         137 | RESERVED 
  RESERVED | 45                                                                                                                         136 | RESERVED 
  RESERVED | 46                                                                                                                         135 | GNDINT 
    VCCINT | 47                                                                                                                         134 | RESERVED 
  RESERVED | 48                                                                                                                         133 | RESERVED 
  RESERVED | 49                                                                                                                         132 | RESERVED 
  RESERVED | 50                                                                                                                         131 | RESERVED 
  RESERVED | 51                                                                                                                         130 | VCCINT 
    GNDINT | 52                                                                                                                         129 | result6 
  RESERVED | 53                                                                                                                         128 | result7 
  RESERVED | 54                                                                                                                         127 | result1 
   result8 | 55                                                                                                                         126 | result5 
   result9 | 56                                                                                                                         125 | GNDINT 
    VCCINT | 57                                                                                                                         124 | ^MSEL0 
      #TMS | 58                                                                                                                         123 | ^MSEL1 
     #TRST | 59                                                                                                                         122 | VCCINT 
  ^nSTATUS | 60                                                                                                                         121 | ^nCONFIG 
           |      62  64  66  68  70  72  74  76  78  80  82  84  86  88  90  92  94  96  98 100 102 104 106 108 110 112 114 116 118 120  _| 
            \   61  63  65  67  69  71  73  75  77  79  81  83  85  87  89  91  93  95  97  99 101 103 105 107 109 111 113 115 117 119   | 
             \--------------------------------------------------------------------------------------------------------------------------- 
                R R R R R R R R G R R R R R R R V R R R R R R R G R R R V a s a G R R V R R R R R R R G R R R R R b R V R a R R R R R R  
                E E E E E E E E N E E E E E E E C E E E E E E E N E E E C 0 1 1 N E E C E E E E E E E N E E E E E 1 E C E 2 E E E E E E  
                S S S S S S S S D S S S S S S S C S S S S S S S D S S S C       D S S C S S S S S S S D S S S S S   S C S   S S S S S S  
                E E E E E E E E I E E E E E E E I E E E E E E E I E E E I       I E E I E E E E E E E I E E E E E   E I E   E E E E E E  
                R R R R R R R R N R R R R R R R N R R R R R R R N R R R N       N R R N R R R R R R R N R R R R R   R N R   R R R R R R  
                V V V V V V V V T V V V V V V V T V V V V V V V T V V V T       T V V T V V V V V V V T V V V V V   V T V   V V V V V V  
                E E E E E E E E   E E E E E E E   E E E E E E E   E E E           E E   E E E E E E E   E E E E E   E   E   E E E E E E  
                D D D D D D D D   D D D D D D D   D D D D D D D   D D D           D D   D D D D D D D   D D D D D   D   D   D D D D D D  
                                                                                                                                         
                                                                                                                                         


N.C. = No Connect. This pin has no internal connection to the device.
VCCINT = Dedicated power pin, which MUST be connected to VCC (5.0 volts).
VCCIO = Dedicated power pin, which MUST be connected to VCC (5.0 volts).
GNDINT = Dedicated ground pin or unused dedicated input, which MUST be connected to GND.
GNDIO = Dedicated ground pin, which MUST be connected to GND.
RESERVED = Unused I/O pin, which MUST be left unconnected.

^ = Dedicated configuration pin.
+ = Reserved configuration pin, which is tri-stated during user mode.
* = Reserved configuration pin, which drives out in user mode.
PDn = Power Down pin. 
@ = Special-purpose pin. 
# = JTAG Boundary-Scan Testing/In-System Programming or Configuration Pin. The JTAG inputs TMS and TDI should be tied to VCC and TCK should be tied to GND when not in use.
& = JTAG pin used for I/O. When used as user I/O, JTAG pins must be kept stable before and during configuration.  JTAG pin stability prevents accidental loading of JTAG instructions.


Device-Specific Information: e:\vhdldesigns\ee231\designproblems\02alu\alu.rpt
alu

** RESOURCE USAGE **

Logic                Column       Row                                   
Array                Interconnect Interconnect         Clears/     External  
Block   Logic Cells  Driven       Driven       Clocks  Presets   Interconnect
A2       8/ 8(100%)   1/ 8( 12%)   8/ 8(100%)    0/2    0/2       5/26( 19%)   
A3       7/ 8( 87%)   0/ 8(  0%)   3/ 8( 37%)    0/2    0/2      10/26( 38%)   
A7       8/ 8(100%)   2/ 8( 25%)   4/ 8( 50%)    0/2    0/2      10/26( 38%)   
A9       8/ 8(100%)   1/ 8( 12%)   2/ 8( 25%)    0/2    0/2      12/26( 46%)   
A23      8/ 8(100%)   0/ 8(  0%)   3/ 8( 37%)    0/2    0/2      15/26( 57%)   
A25      8/ 8(100%)   4/ 8( 50%)   5/ 8( 62%)    0/2    0/2       8/26( 30%)   
A26      8/ 8(100%)   0/ 8(  0%)   2/ 8( 25%)    0/2    0/2      15/26( 57%)   
I3       8/ 8(100%)   0/ 8(  0%)   3/ 8( 37%)    0/2    0/2       7/26( 26%)   
I6       8/ 8(100%)   1/ 8( 12%)   4/ 8( 50%)    0/2    0/2      13/26( 50%)   
I10      8/ 8(100%)   0/ 8(  0%)   4/ 8( 50%)    0/2    0/2      13/26( 50%)   
I13      2/ 8( 25%)   0/ 8(  0%)   2/ 8( 25%)    0/2    0/2       5/26( 19%)   
I16      8/ 8(100%)   2/ 8( 25%)   4/ 8( 50%)    0/2    0/2      10/26( 38%)   
I20      1/ 8( 12%)   0/ 8(  0%)   1/ 8( 12%)    0/2    0/2       2/26(  7%)   
I24      8/ 8(100%)   2/ 8( 25%)   5/ 8( 62%)    0/2    0/2       9/26( 34%)   
I25      8/ 8(100%)   0/ 8(  0%)   3/ 8( 37%)    0/2    0/2      11/26( 42%)   


Embedded             Column       Row                                   
Array     Embedded   Interconnect Interconnect         Read/      External  
Block     Cells      Driven       Driven       Clocks  Write    Interconnect


Total dedicated input pins used:                 6/6      (100%)
Total I/O pins used:                            18/183    (  9%)
Total logic cells used:                        106/3744   (  2%)
Total embedded cells used:                       0/72     (  0%)
Total EABs used:                                 0/9      (  0%)
Average fan-in:                                 3.38/4    ( 84%)
Total fan-in:                                 359/14976   (  2%)

Total input pins required:                      13
Total input I/O cell registers required:         0
Total output pins required:                     11
Total output I/O cell registers required:        0
Total buried I/O cell registers required:        0
Total bidirectional pins required:               0
Total reserved pins required                     0
Total logic cells required:                    106
Total flipflops required:                        0
Total packed registers required:                 0
Total logic cells in carry chains:               0
Total number of carry chains:                    0
Total logic cells in cascade chains:             0
Total number of cascade chains:                  0
Total single-pin Clock Enables required:         0
Total single-pin Output Enables required:        0

Synthesized logic cells:                        11/3744   (  0%)

Logic Cell and Embedded Cell Counts

Column:  01  02  03  04  05  06  07  08  09  10  11  12  13  14  15  16  17  18  19  20  21  22  23  24  25  26  EA  27  28  29  30  31  32  33  34  35  36  37  38  39  40  41  42  43  44  45  46  47  48  49  50  51  52  Total(LC/EC)
 A:      0   8   7   0   0   0   8   0   8   0   0   0   0   0   0   0   0   0   0   0   0   0   8   0   8   8   0   0   0   0   0   0   0   0   0   0   0   0   0   0   0   0   0   0   0   0   0   0   0   0   0   0   0     55/0  
 B:      0   0   0   0   0   0   0   0   0   0   0   0   0   0   0   0   0   0   0   0   0   0   0   0   0   0   0   0   0   0   0   0   0   0   0   0   0   0   0   0   0   0   0   0   0   0   0   0   0   0   0   0   0      0/0  
 C:      0   0   0   0   0   0   0   0   0   0   0   0   0   0   0   0   0   0   0   0   0   0   0   0   0   0   0   0   0   0   0   0   0   0   0   0   0   0   0   0   0   0   0   0   0   0   0   0   0   0   0   0   0      0/0  
 D:      0   0   0   0   0   0   0   0   0   0   0   0   0   0   0   0   0   0   0   0   0   0   0   0   0   0   0   0   0   0   0   0   0   0   0   0   0   0   0   0   0   0   0   0   0   0   0   0   0   0   0   0   0      0/0  
 E:      0   0   0   0   0   0   0   0   0   0   0   0   0   0   0   0   0   0   0   0   0   0   0   0   0   0   0   0   0   0   0   0   0   0   0   0   0   0   0   0   0   0   0   0   0   0   0   0   0   0   0   0   0      0/0  
 F:      0   0   0   0   0   0   0   0   0   0   0   0   0   0   0   0   0   0   0   0   0   0   0   0   0   0   0   0   0   0   0   0   0   0   0   0   0   0   0   0   0   0   0   0   0   0   0   0   0   0   0   0   0      0/0  
 G:      0   0   0   0   0   0   0   0   0   0   0   0   0   0   0   0   0   0   0   0   0   0   0   0   0   0   0   0   0   0   0   0   0   0   0   0   0   0   0   0   0   0   0   0   0   0   0   0   0   0   0   0   0      0/0  
 H:      0   0   0   0   0   0   0   0   0   0   0   0   0   0   0   0   0   0   0   0   0   0   0   0   0   0   0   0   0   0   0   0   0   0   0   0   0   0   0   0   0   0   0   0   0   0   0   0   0   0   0   0   0      0/0  
 I:      0   0   8   0   0   8   0   0   0   8   0   0   2   0   0   8   0   0   0   1   0   0   0   8   8   0   0   0   0   0   0   0   0   0   0   0   0   0   0   0   0   0   0   0   0   0   0   0   0   0   0   0   0     51/0  

Total:   0   8  15   0   0   8   8   0   8   8   0   0   2   0   0   8   0   0   0   1   0   0   8   8  16   8   0   0   0   0   0   0   0   0   0   0   0   0   0   0   0   0   0   0   0   0   0   0   0   0   0   0   0    106/0  



Device-Specific Information: e:\vhdldesigns\ee231\designproblems\02alu\alu.rpt
alu

** INPUTS **

                                                    Fan-In    Fan-Out
 Pin     LC     EC   Row  Col  Primitive    Code      INP  FBK  OUT  FBK  Name
  90      -     -    -    --      INPUT                0    0    0   21  a0
  92      -     -    -    --      INPUT                0    0    0    8  a1
 114      -     -    -    07      INPUT                0    0    0    5  a2
 192      -     -    -    12      INPUT                0    0    0    5  a3
   6      -     -    A    --      INPUT                0    0    0    3  a4
 212      -     -    -    --      INPUT                0    0    0   20  b0
 110      -     -    -    10      INPUT                0    0    0    7  b1
 209      -     -    -    26      INPUT                0    0    0    5  b2
   8      -     -    A    --      INPUT                0    0    0    6  b3
 210      -     -    -    --      INPUT                0    0    0   11  b4
 173      -     -    A    --      INPUT                0    0    0   10  s0
  91      -     -    -    --      INPUT                0    0    0   11  s1
 211      -     -    -    --      INPUT                0    0    0   11  s2


Code:

s = Synthesized pin or logic cell
+ = Synchronous flipflop
/ = Slow slew-rate output
! = NOT gate push-back
r = Fitter-inserted logic cell
@ = Uses single-pin Clock Enable
& = Uses single-pin Output Enable


Device-Specific Information: e:\vhdldesigns\ee231\designproblems\02alu\alu.rpt
alu

** OUTPUTS **

       Fed By Fed By                                Fan-In    Fan-Out
 Pin     LC     EC   Row  Col  Primitive    Code      INP  FBK  OUT  FBK  Name
 171      -     -    A    --     OUTPUT                0    1    0    0  over
   7      -     -    A    --     OUTPUT                0    1    0    0  result0
 127      -     -    I    --     OUTPUT                0    1    0    0  result1
 174      -     -    A    --     OUTPUT                0    1    0    0  result2
 175      -     -    A    --     OUTPUT                0    1    0    0  result3
 172      -     -    A    --     OUTPUT                0    1    0    0  result4
 126      -     -    I    --     OUTPUT                0    1    0    0  result5
 129      -     -    I    --     OUTPUT                0    1    0    0  result6
 128      -     -    I    --     OUTPUT                0    1    0    0  result7
  55      -     -    I    --     OUTPUT                0    1    0    0  result8
  56      -     -    I    --     OUTPUT                0    1    0    0  result9


Code:

s = Synthesized pin or logic cell
+ = Synchronous flipflop
/ = Slow slew-rate output
! = NOT gate push-back
r = Fitter-inserted logic cell
@ = Uses single-pin Clock Enable
& = Uses single-pin Output Enable


Device-Specific Information: e:\vhdldesigns\ee231\designproblems\02alu\alu.rpt
alu

** BURIED LOGIC **

                                                    Fan-In    Fan-Out
 IOC     LC     EC   Row  Col  Primitive    Code      INP  FBK  OUT  FBK  Name
   -      2     -    A    07       AND2                3    0    0    4  |multiplier:mult1|LPM_ADD_SUB:589|addcore:adder|:63
   -      4     -    A    07        OR2                3    0    0    1  |multiplier:mult1|LPM_ADD_SUB:589|addcore:adder|:80
   -      8     -    A    25        OR2                2    1    0    4  |multiplier:mult1|LPM_ADD_SUB:589|addcore:adder|:82
   -      4     -    I    24       AND2                3    0    0    4  |multiplier:mult1|LPM_ADD_SUB:600|addcore:adder|:63
   -      4     -    A    03        OR2                3    0    0    1  |multiplier:mult1|LPM_ADD_SUB:600|addcore:adder|:80
   -      3     -    I    24        OR2                2    2    0    2  |multiplier:mult1|LPM_ADD_SUB:972|addcore:adder|pcarry1
   -      7     -    I    24        OR2                1    3    0    2  |multiplier:mult1|LPM_ADD_SUB:972|addcore:adder|pcarry2
   -      5     -    I    24        OR2                1    3    0    2  |multiplier:mult1|LPM_ADD_SUB:972|addcore:adder|pcarry3
   -      6     -    I    16        OR2                2    2    0    1  |multiplier:mult1|LPM_ADD_SUB:972|addcore:adder|:97
   -      8     -    I    16        OR2                1    3    0    1  |multiplier:mult1|LPM_ADD_SUB:972|addcore:adder|:98
   -      8     -    I    24        OR2                1    3    0    1  |multiplier:mult1|LPM_ADD_SUB:972|addcore:adder|:99
   -      4     -    I    06        OR2                1    3    0    2  |multiplier:mult1|LPM_ADD_SUB:1218|addcore:adder|pcarry1
   -      3     -    I    06        OR2                0    3    0    2  |multiplier:mult1|LPM_ADD_SUB:1218|addcore:adder|pcarry2
   -      6     -    I    03        OR2                0    3    0    2  |multiplier:mult1|LPM_ADD_SUB:1218|addcore:adder|pcarry3
   -      7     -    I    16       AND2                1    1    0    1  |multiplier:mult1|LPM_ADD_SUB:1218|addcore:adder|:60
   -      1     -    I    06        OR2                1    3    0    2  |multiplier:mult1|LPM_ADD_SUB:1464|addcore:adder|pcarry1
   -      7     -    I    10        OR2                0    3    0    2  |multiplier:mult1|LPM_ADD_SUB:1464|addcore:adder|pcarry2
   -      1     -    I    10        OR2                0    3    0    2  |multiplier:mult1|LPM_ADD_SUB:1464|addcore:adder|pcarry3
   -      6     -    I    06       AND2                1    1    0    1  |multiplier:mult1|LPM_ADD_SUB:1464|addcore:adder|:60
   -      5     -    I    10        OR2                1    3    0    2  |multiplier:mult1|LPM_ADD_SUB:1716|addcore:adder|pcarry1
   -      3     -    I    10        OR2                0    3    0    2  |multiplier:mult1|LPM_ADD_SUB:1716|addcore:adder|pcarry2
   -      6     -    I    25        OR2                0    3    0    2  |multiplier:mult1|LPM_ADD_SUB:1716|addcore:adder|pcarry3
   -      7     -    I    06        OR2    s           2    1    0    1  |multiplier:mult1|LPM_ADD_SUB:1716|addcore:adder|~97~1
   -      6     -    I    10        OR2    s           3    1    0    1  |multiplier:mult1|LPM_ADD_SUB:1716|addcore:adder|~98~1
   -      2     -    I    25        OR2    s           1    2    0    1  |multiplier:mult1|LPM_ADD_SUB:1716|addcore:adder|~99~1
   -      8     -    I    25        OR2                0    4    0    1  |multiplier:mult1|LPM_ADD_SUB:1716|addcore:adder|:101
   -      2     -    A    25        OR2                2    1    0   10  |multiplier:mult1|:625
   -      2     -    I    13        OR2                2    1    0   10  |multiplier:mult1|:631
   -      1     -    A    07        OR2                4    0    0   10  |multiplier:mult1|:637
   -      1     -    I    13        OR2                3    0    0    8  |multiplier:mult1|:643
   -      5     -    A    25        OR2        !       2    1    0    6  |multiplier:mult1|:657
   -      3     -    A    25        OR2                2    1    0    6  |multiplier:mult1|:661
   -      8     -    I    03       AND2    s           0    2    0    1  |multiplier:mult1|~667~1
   -      1     -    I    24        OR2        !       4    0    0    6  |multiplier:mult1|:667
   -      6     -    I    24        OR2                3    0    0    6  |multiplier:mult1|:673
   -      5     -    I    03        OR2                1    3    0    2  |multiplier:mult1|:1085
   -      4     -    I    03        OR2                1    3    0    2  |multiplier:mult1|:1091
   -      2     -    I    24        OR2                1    3    0    2  |multiplier:mult1|:1097
   -      3     -    I    16        OR2                1    3    0    2  |multiplier:mult1|:1103
   -      1     -    I    16        OR2                1    3    0    3  |multiplier:mult1|:1109
   -      4     -    I    16        OR2                2    2    0    1  |multiplier:mult1|:1115
   -      7     -    I    03       AND2    s           0    0    0    1  |multiplier:mult1|~1331~1
   -      1     -    I    03        OR2                0    4    0    2  |multiplier:mult1|:1331
   -      3     -    I    03        OR2                0    4    0    2  |multiplier:mult1|:1337
   -      2     -    I    03        OR2                0    4    0    2  |multiplier:mult1|:1343
   -      5     -    I    06        OR2                0    4    0    2  |multiplier:mult1|:1349
   -      2     -    I    16        OR2                0    4    0    3  |multiplier:mult1|:1355
   -      8     -    A    09        OR2                1    2    0    1  |multiplier:mult1|:1361
   -      5     -    I    25        OR2                0    4    0    3  |multiplier:mult1|:1577
   -      3     -    I    25        OR2                0    4    0    2  |multiplier:mult1|:1583
   -      8     -    I    10        OR2                0    4    0    2  |multiplier:mult1|:1589
   -      4     -    I    10        OR2                0    4    0    2  |multiplier:mult1|:1595
   -      2     -    I    06        OR2                0    4    0    3  |multiplier:mult1|:1601
   -      8     -    A    26        OR2                1    2    0    1  |multiplier:mult1|:1607
   -      1     -    I    25        OR2                0    4    0    1  |multiplier:mult1|:1864
   -      5     -    A    23        OR2                1    2    0    1  |multiplier:mult1|:1888
   -      3     -    A    09        OR2                0    3    0    1  |rippleaddn:adder1|fa:fa1|:8
   -      6     -    A    09        OR2        !       0    3    0    2  |rippleaddn:adder1|fa:fa1|:17
   -      7     -    A    09        OR2                0    3    0    1  |rippleaddn:adder1|fa:fa1~90|:8
   -      1     -    A    09        OR2        !       0    3    0    2  |rippleaddn:adder1|fa:fa1~90|:17
   -      7     -    A    26        OR2                0    4    0    1  |rippleaddn:adder1|fa:fa1~113|:8
   -      2     -    A    26        OR2        !       0    4    0    2  |rippleaddn:adder1|fa:fa1~113|:17
   -      7     -    A    23        OR2                0    3    0    1  |rippleaddn:adder1|fa:fa1~136|:8
   -      8     -    A    07        OR2                0    3    0    1  |rippleaddn:adder1|ha:ha1|:5
   -      7     -    A    07        OR2        !       0    3    0    2  |rippleaddn:adder1|ha:ha1|:6
   -      5     -    A    02       AND2                3    0    0    5  :69
   -      6     -    A    02       AND2                3    0    0    5  :79
   -      3     -    A    03        OR2    s   !       1    3    0    2  ~89~1
   -      4     -    A    02       AND2                3    0    0    6  :89
   -      3     -    A    02       AND2                3    0    0    4  :99
   -      7     -    A    02        OR2    s           3    0    0    6  ~132~1
   -      1     -    A    23        OR2                2    1    0    2  :132
   -      5     -    A    26        OR2    s   !       1    1    0    2  ~156~1
   -      6     -    A    26        OR2    s   !       1    1    0    2  ~156~2
   -      4     -    A    09        OR2        !       2    1    0    2  :180
   -      5     -    A    09        OR2        !       2    1    0    2  :204
   -      5     -    A    07        OR2        !       2    1    0    2  :228
   -      6     -    A    25        OR2                0    3    0    1  :305
   -      7     -    A    25        OR2                2    2    0    1  :306
   -      2     -    A    23        OR2                1    3    0    1  :325
   -      3     -    A    23        OR2                3    1    0    2  :357
   -      4     -    A    25        OR2        !       1    2    0    1  :365
   -      1     -    A    25        OR2        !       1    2    0    1  :366
   -      4     -    A    23        OR2    s   !       1    2    0    1  ~370~1
   -      3     -    A    26        OR2        !       0    4    0    1  :370
   -      4     -    A    26        OR2        !       3    1    0    2  :381
   -      5     -    A    03        OR2        !       0    4    0    1  :388
   -      2     -    A    03        OR2        !       1    3    0    1  :394
   -      2     -    A    02        OR2        !       3    1    0    2  :405
   -      7     -    A    03        OR2        !       2    2    0    1  :412
   -      6     -    A    03        OR2        !       2    1    0    1  :414
   -      1     -    A    03        OR2        !       1    3    0    1  :418
   -      1     -    A    02        OR2        !       3    1    0    2  :429
   -      6     -    A    07        OR2    s   !       3    0    0    2  ~451~1
   -      8     -    A    23        OR2                0    4    1    0  :484
   -      8     -    A    02        OR2        !       3    0    0   11  :486
   -      7     -    I    25        OR2                0    4    1    0  :530
   -      5     -    I    20       AND2                0    2    1    0  :536
   -      4     -    I    25        OR2                0    4    1    0  :542
   -      2     -    I    10        OR2                0    4    1    0  :548
   -      8     -    I    06        OR2                0    4    1    0  :554
   -      6     -    A    23        OR2                0    3    1    0  :559
   -      1     -    A    26        OR2                0    3    1    0  :565
   -      2     -    A    09        OR2                0    3    1    0  :571
   -      5     -    I    16        OR2                0    3    1    0  :577
   -      3     -    A    07        OR2                2    2    1    0  :583


Code:

s = Synthesized pin or logic cell
+ = Synchronous flipflop
/ = Slow slew-rate output
! = NOT gate push-back
r = Fitter-inserted logic cell
p = Packed register


Device-Specific Information: e:\vhdldesigns\ee231\designproblems\02alu\alu.rpt
alu

** FASTTRACK INTERCONNECT UTILIZATION **

Row FastTrack Interconnect:

          Global         Left Half-      Right Half-
         FastTrack       FastTrack       FastTrack 
Row     Interconnect    Interconnect    Interconnect    Input Pins     Output Pins     Bidir Pins
A:       9/208(  4%)    30/104( 28%)     0/104(  0%)    3/16( 18%)      5/16( 31%)     0/16(  0%)
B:       0/208(  0%)     0/104(  0%)     0/104(  0%)    0/16(  0%)      0/16(  0%)     0/16(  0%)
C:       0/208(  0%)     0/104(  0%)     0/104(  0%)    0/16(  0%)      0/16(  0%)     0/16(  0%)
D:       0/208(  0%)     0/104(  0%)     0/104(  0%)    0/16(  0%)      0/16(  0%)     0/16(  0%)
E:       0/208(  0%)     0/104(  0%)     0/104(  0%)    0/16(  0%)      0/16(  0%)     0/16(  0%)
F:       0/208(  0%)     0/104(  0%)     0/104(  0%)    0/16(  0%)      0/16(  0%)     0/16(  0%)
G:       0/208(  0%)     0/104(  0%)     0/104(  0%)    0/16(  0%)      0/16(  0%)     0/16(  0%)
H:       0/208(  0%)     0/104(  0%)     0/104(  0%)    0/16(  0%)      0/16(  0%)     0/16(  0%)
I:       7/208(  3%)    31/104( 29%)     0/104(  0%)    0/16(  0%)      6/16( 37%)     0/16(  0%)


Column FastTrack Interconnect:

         FastTrack                                 
Column  Interconnect    Input Pins     Output Pins     Bidir Pins
01:      0/24(  0%)     0/4(  0%)      0/4(  0%)       0/4(  0%)
02:      1/24(  4%)     0/4(  0%)      0/4(  0%)       0/4(  0%)
03:      0/24(  0%)     0/4(  0%)      0/4(  0%)       0/4(  0%)
04:      0/24(  0%)     0/4(  0%)      0/4(  0%)       0/4(  0%)
05:      0/24(  0%)     0/4(  0%)      0/4(  0%)       0/4(  0%)
06:      1/24(  4%)     0/4(  0%)      0/4(  0%)       0/4(  0%)
07:      3/24( 12%)     1/4( 25%)      0/4(  0%)       0/4(  0%)
08:      0/24(  0%)     0/4(  0%)      0/4(  0%)       0/4(  0%)
09:      1/24(  4%)     0/4(  0%)      0/4(  0%)       0/4(  0%)
10:      1/24(  4%)     1/4( 25%)      0/4(  0%)       0/4(  0%)
11:      0/24(  0%)     0/4(  0%)      0/4(  0%)       0/4(  0%)
12:      1/24(  4%)     1/4( 25%)      0/4(  0%)       0/4(  0%)
13:      0/24(  0%)     0/4(  0%)      0/4(  0%)       0/4(  0%)
14:      0/24(  0%)     0/4(  0%)      0/4(  0%)       0/4(  0%)
15:      0/24(  0%)     0/4(  0%)      0/4(  0%)       0/4(  0%)
16:      2/24(  8%)     0/4(  0%)      0/4(  0%)       0/4(  0%)
17:      0/24(  0%)     0/4(  0%)      0/4(  0%)       0/4(  0%)
18:      0/24(  0%)     0/4(  0%)      0/4(  0%)       0/4(  0%)
19:      0/24(  0%)     0/4(  0%)      0/4(  0%)       0/4(  0%)
20:      0/24(  0%)     0/4(  0%)      0/4(  0%)       0/4(  0%)
21:      0/24(  0%)     0/4(  0%)      0/4(  0%)       0/4(  0%)
22:      0/24(  0%)     0/4(  0%)      0/4(  0%)       0/4(  0%)
23:      0/24(  0%)     0/4(  0%)      0/4(  0%)       0/4(  0%)
24:      2/24(  8%)     0/4(  0%)      0/4(  0%)       0/4(  0%)
25:      2/24(  8%)     0/4(  0%)      0/4(  0%)       0/4(  0%)
26:      3/24( 12%)     1/4( 25%)      0/4(  0%)       0/4(  0%)
27:      0/24(  0%)     0/4(  0%)      0/4(  0%)       0/4(  0%)
28:      0/24(  0%)     0/4(  0%)      0/4(  0%)       0/4(  0%)
29:      0/24(  0%)     0/4(  0%)      0/4(  0%)       0/4(  0%)
30:      0/24(  0%)     0/4(  0%)      0/4(  0%)       0/4(  0%)
31:      0/24(  0%)     0/4(  0%)      0/4(  0%)       0/4(  0%)
32:      0/24(  0%)     0/4(  0%)      0/4(  0%)       0/4(  0%)
33:      0/24(  0%)     0/4(  0%)      0/4(  0%)       0/4(  0%)
34:      0/24(  0%)     0/4(  0%)      0/4(  0%)       0/4(  0%)
35:      0/24(  0%)     0/4(  0%)      0/4(  0%)       0/4(  0%)
36:      0/24(  0%)     0/4(  0%)      0/4(  0%)       0/4(  0%)
37:      0/24(  0%)     0/4(  0%)      0/4(  0%)       0/4(  0%)
38:      0/24(  0%)     0/4(  0%)      0/4(  0%)       0/4(  0%)
39:      0/24(  0%)     0/4(  0%)      0/4(  0%)       0/4(  0%)
40:      0/24(  0%)     0/4(  0%)      0/4(  0%)       0/4(  0%)
41:      0/24(  0%)     0/4(  0%)      0/4(  0%)       0/4(  0%)
42:      0/24(  0%)     0/4(  0%)      0/4(  0%)       0/4(  0%)
43:      0/24(  0%)     0/4(  0%)      0/4(  0%)       0/4(  0%)
44:      0/24(  0%)     0/4(  0%)      0/4(  0%)       0/4(  0%)
45:      0/24(  0%)     0/4(  0%)      0/4(  0%)       0/4(  0%)
46:      0/24(  0%)     0/4(  0%)      0/4(  0%)       0/4(  0%)
47:      0/24(  0%)     0/4(  0%)      0/4(  0%)       0/4(  0%)
48:      0/24(  0%)     0/4(  0%)      0/4(  0%)       0/4(  0%)
49:      0/24(  0%)     0/4(  0%)      0/4(  0%)       0/4(  0%)
50:      0/24(  0%)     0/4(  0%)      0/4(  0%)       0/4(  0%)
51:      0/24(  0%)     0/4(  0%)      0/4(  0%)       0/4(  0%)
52:      0/24(  0%)     0/4(  0%)      0/4(  0%)       0/4(  0%)
EA:      0/24(  0%)     0/4(  0%)      0/4(  0%)       0/4(  0%)


Device-Specific Information: e:\vhdldesigns\ee231\designproblems\02alu\alu.rpt
alu

** EQUATIONS **

a0       : INPUT;
a1       : INPUT;
a2       : INPUT;
a3       : INPUT;
a4       : INPUT;
b0       : INPUT;
b1       : INPUT;
b2       : INPUT;
b3       : INPUT;
b4       : INPUT;
s0       : INPUT;
s1       : INPUT;
s2       : INPUT;

-- Node name is 'over' 
-- Equation name is 'over', type is output 
over     =  _LC8_A23;

-- Node name is 'result0' 
-- Equation name is 'result0', type is output 
result0  =  _LC3_A7;

-- Node name is 'result1' 
-- Equation name is 'result1', type is output 
result1  =  _LC5_I16;

-- Node name is 'result2' 
-- Equation name is 'result2', type is output 
result2  =  _LC2_A9;

-- Node name is 'result3' 
-- Equation name is 'result3', type is output 
result3  =  _LC1_A26;

-- Node name is 'result4' 
-- Equation name is 'result4', type is output 
result4  =  _LC6_A23;

-- Node name is 'result5' 
-- Equation name is 'result5', type is output 
result5  =  _LC8_I6;

-- Node name is 'result6' 
-- Equation name is 'result6', type is output 
result6  =  _LC2_I10;

-- Node name is 'result7' 
-- Equation name is 'result7', type is output 
result7  =  _LC4_I25;

-- Node name is 'result8' 
-- Equation name is 'result8', type is output 
result8  =  _LC5_I20;

-- Node name is 'result9' 
-- Equation name is 'result9', type is output 
result9  =  _LC7_I25;

-- Node name is '|multiplier:mult1|LPM_ADD_SUB:589|addcore:adder|:63' from file "addcore.tdf" line 312, column 64
-- Equation name is '_LC2_A7', type is buried 
_LC2_A7  = LCELL( _EQ001);
  _EQ001 = !a0 & !a1 & !a2;

-- Node name is '|multiplier:mult1|LPM_ADD_SUB:589|addcore:adder|:80' from file "addcore.tdf" line 316, column 67
-- Equation name is '_LC4_A7', type is buried 
_LC4_A7  = LCELL( _EQ002);
  _EQ002 = !a0 & !a1 &  a2
         #  a0 & !a2
         #  a1 & !a2;

-- Node name is '|multiplier:mult1|LPM_ADD_SUB:589|addcore:adder|:82' from file "addcore.tdf" line 316, column 67
-- Equation name is '_LC8_A25', type is buried 
_LC8_A25 = LCELL( _EQ003);
  _EQ003 = !a3 &  a4 &  _LC2_A7
         #  a3 & !a4
         # !a4 & !_LC2_A7;

-- Node name is '|multiplier:mult1|LPM_ADD_SUB:600|addcore:adder|:63' from file "addcore.tdf" line 312, column 64
-- Equation name is '_LC4_I24', type is buried 
_LC4_I24 = LCELL( _EQ004);
  _EQ004 = !b0 & !b1 & !b2;

-- Node name is '|multiplier:mult1|LPM_ADD_SUB:600|addcore:adder|:80' from file "addcore.tdf" line 316, column 67
-- Equation name is '_LC4_A3', type is buried 
_LC4_A3  = LCELL( _EQ005);
  _EQ005 = !b0 & !b1 &  b2
         #  b0 & !b2
         #  b1 & !b2;

-- Node name is '|multiplier:mult1|LPM_ADD_SUB:972|addcore:adder|pcarry1' from file "addcore.tdf" line 312, column 40
-- Equation name is '_LC3_I24', type is buried 
_LC3_I24 = LCELL( _EQ006);
  _EQ006 =  b0 &  _LC1_A7 &  _LC1_I13
         #  a0 &  b0 &  _LC1_I13;

-- Node name is '|multiplier:mult1|LPM_ADD_SUB:972|addcore:adder|pcarry2' from file "addcore.tdf" line 312, column 40
-- Equation name is '_LC7_I24', type is buried 
_LC7_I24 = LCELL( _EQ007);
  _EQ007 =  b0 &  _LC2_I13 &  _LC3_I24
         #  _LC1_A7 &  _LC3_I24
         #  b0 &  _LC1_A7 &  _LC2_I13;

-- Node name is '|multiplier:mult1|LPM_ADD_SUB:972|addcore:adder|pcarry3' from file "addcore.tdf" line 312, column 40
-- Equation name is '_LC5_I24', type is buried 
_LC5_I24 = LCELL( _EQ008);
  _EQ008 =  b0 &  _LC2_A25 &  _LC7_I24
         #  _LC2_I13 &  _LC7_I24
         #  b0 &  _LC2_A25 &  _LC2_I13;

-- Node name is '|multiplier:mult1|LPM_ADD_SUB:972|addcore:adder|:97' from file "addcore.tdf" line 316, column 67
-- Equation name is '_LC6_I16', type is buried 
_LC6_I16 = LCELL( _EQ009);
  _EQ009 =  a0 &  b0 &  _LC1_A7
         #  b0 &  _LC1_A7 & !_LC1_I13
         # !b0 &  _LC1_I13
         # !a0 & !_LC1_A7 &  _LC1_I13;

-- Node name is '|multiplier:mult1|LPM_ADD_SUB:972|addcore:adder|:98' from file "addcore.tdf" line 316, column 67
-- Equation name is '_LC8_I16', type is buried 
_LC8_I16 = LCELL( _EQ010);
  _EQ010 =  b0 &  _LC1_A7 &  _LC2_I13 &  _LC3_I24
         # !_LC1_A7 & !_LC2_I13 &  _LC3_I24
         # !b0 & !_LC1_A7 &  _LC3_I24
         #  b0 & !_LC1_A7 &  _LC2_I13 & !_LC3_I24
         #  _LC1_A7 & !_LC2_I13 & !_LC3_I24
         # !b0 &  _LC1_A7 & !_LC3_I24;

-- Node name is '|multiplier:mult1|LPM_ADD_SUB:972|addcore:adder|:99' from file "addcore.tdf" line 316, column 67
-- Equation name is '_LC8_I24', type is buried 
_LC8_I24 = LCELL( _EQ011);
  _EQ011 =  b0 &  _LC2_A25 &  _LC2_I13 &  _LC7_I24
         # !_LC2_A25 & !_LC2_I13 &  _LC7_I24
         # !b0 & !_LC2_I13 &  _LC7_I24
         #  b0 &  _LC2_A25 & !_LC2_I13 & !_LC7_I24
         # !_LC2_A25 &  _LC2_I13 & !_LC7_I24
         # !b0 &  _LC2_I13 & !_LC7_I24;

-- Node name is '|multiplier:mult1|LPM_ADD_SUB:1218|addcore:adder|pcarry1' from file "addcore.tdf" line 312, column 40
-- Equation name is '_LC4_I6', type is buried 
_LC4_I6  = LCELL( _EQ012);
  _EQ012 =  _LC1_I13 &  _LC3_I16
         #  a0 &  _LC1_I16 &  _LC3_I16
         #  a0 &  _LC1_I13 &  _LC1_I16;

-- Node name is '|multiplier:mult1|LPM_ADD_SUB:1218|addcore:adder|pcarry2' from file "addcore.tdf" line 312, column 40
-- Equation name is '_LC3_I6', type is buried 
_LC3_I6  = LCELL( _EQ013);
  _EQ013 =  _LC1_A7 &  _LC2_I24
         #  _LC2_I24 &  _LC4_I6
         #  _LC1_A7 &  _LC4_I6;

-- Node name is '|multiplier:mult1|LPM_ADD_SUB:1218|addcore:adder|pcarry3' from file "addcore.tdf" line 312, column 40
-- Equation name is '_LC6_I3', type is buried 
_LC6_I3  = LCELL( _EQ014);
  _EQ014 =  _LC3_I6 &  _LC4_I3
         #  _LC2_I13 &  _LC3_I6
         #  _LC2_I13 &  _LC4_I3;

-- Node name is '|multiplier:mult1|LPM_ADD_SUB:1218|addcore:adder|:60' from file "addcore.tdf" line 308, column 28
-- Equation name is '_LC7_I16', type is buried 
_LC7_I16 = LCELL( _EQ015);
  _EQ015 =  a0 &  _LC1_I16;

-- Node name is '|multiplier:mult1|LPM_ADD_SUB:1464|addcore:adder|pcarry1' from file "addcore.tdf" line 312, column 40
-- Equation name is '_LC1_I6', type is buried 
_LC1_I6  = LCELL( _EQ016);
  _EQ016 =  _LC1_I13 &  _LC5_I6
         #  a0 &  _LC2_I16 &  _LC5_I6
         #  a0 &  _LC1_I13 &  _LC2_I16;

-- Node name is '|multiplier:mult1|LPM_ADD_SUB:1464|addcore:adder|pcarry2' from file "addcore.tdf" line 312, column 40
-- Equation name is '_LC7_I10', type is buried 
_LC7_I10 = LCELL( _EQ017);
  _EQ017 =  _LC1_I6 &  _LC2_I3
         #  _LC1_A7 &  _LC1_I6
         #  _LC1_A7 &  _LC2_I3;

-- Node name is '|multiplier:mult1|LPM_ADD_SUB:1464|addcore:adder|pcarry3' from file "addcore.tdf" line 312, column 40
-- Equation name is '_LC1_I10', type is buried 
_LC1_I10 = LCELL( _EQ018);
  _EQ018 =  _LC3_I3 &  _LC7_I10
         #  _LC2_I13 &  _LC7_I10
         #  _LC2_I13 &  _LC3_I3;

-- Node name is '|multiplier:mult1|LPM_ADD_SUB:1464|addcore:adder|:60' from file "addcore.tdf" line 308, column 28
-- Equation name is '_LC6_I6', type is buried 
_LC6_I6  = LCELL( _EQ019);
  _EQ019 =  a0 &  _LC2_I16;

-- Node name is '|multiplier:mult1|LPM_ADD_SUB:1716|addcore:adder|pcarry1' from file "addcore.tdf" line 312, column 40
-- Equation name is '_LC5_I10', type is buried 
_LC5_I10 = LCELL( _EQ020);
  _EQ020 =  _LC1_I13 &  _LC4_I10
         #  a0 &  _LC2_I6 &  _LC4_I10
         #  a0 &  _LC1_I13 &  _LC2_I6;

-- Node name is '|multiplier:mult1|LPM_ADD_SUB:1716|addcore:adder|pcarry2' from file "addcore.tdf" line 312, column 40
-- Equation name is '_LC3_I10', type is buried 
_LC3_I10 = LCELL( _EQ021);
  _EQ021 =  _LC5_I10 &  _LC8_I10
         #  _LC1_A7 &  _LC5_I10
         #  _LC1_A7 &  _LC8_I10;

-- Node name is '|multiplier:mult1|LPM_ADD_SUB:1716|addcore:adder|pcarry3' from file "addcore.tdf" line 312, column 40
-- Equation name is '_LC6_I25', type is buried 
_LC6_I25 = LCELL( _EQ022);
  _EQ022 =  _LC3_I10 &  _LC3_I25
         #  _LC2_I13 &  _LC3_I10
         #  _LC2_I13 &  _LC3_I25;

-- Node name is '|multiplier:mult1|LPM_ADD_SUB:1716|addcore:adder|~97~1' from file "addcore.tdf" line 316, column 67
-- Equation name is '_LC7_I6', type is buried 
-- synthesized logic cell 
_LC7_I6  = LCELL( _EQ023);
  _EQ023 = !a0 &  a1
         #  a0 & !a1 & !_LC2_I6
         #  a1 &  _LC2_I6;

-- Node name is '|multiplier:mult1|LPM_ADD_SUB:1716|addcore:adder|~98~1' from file "addcore.tdf" line 316, column 67
-- Equation name is '_LC6_I10', type is buried 
-- synthesized logic cell 
_LC6_I10 = LCELL( _EQ024);
  _EQ024 = !a0 & !a1 & !a2 &  _LC5_I10
         #  a0 &  a2 &  _LC5_I10
         #  a1 &  a2 &  _LC5_I10
         # !a0 & !a1 &  a2 & !_LC5_I10
         #  a0 & !a2 & !_LC5_I10
         #  a1 & !a2 & !_LC5_I10;

-- Node name is '|multiplier:mult1|LPM_ADD_SUB:1716|addcore:adder|~99~1' from file "addcore.tdf" line 316, column 67
-- Equation name is '_LC2_I25', type is buried 
-- synthesized logic cell 
_LC2_I25 = LCELL( _EQ025);
  _EQ025 = !a3 &  _LC2_A7 &  _LC3_I10
         #  a3 & !_LC2_A7 &  _LC3_I10
         # !a3 & !_LC2_A7 & !_LC3_I10
         #  a3 &  _LC2_A7 & !_LC3_I10;

-- Node name is '|multiplier:mult1|LPM_ADD_SUB:1716|addcore:adder|:101' from file "addcore.tdf" line 316, column 67
-- Equation name is '_LC8_I25', type is buried 
_LC8_I25 = LCELL( _EQ026);
  _EQ026 =  _LC2_A25 & !_LC5_I25 &  _LC6_I25 & !_LC8_A25
         # !_LC2_A25 &  _LC5_I25 & !_LC8_A25
         #  _LC2_A25 &  _LC5_I25 &  _LC8_A25
         # !_LC5_I25 & !_LC6_I25 &  _LC8_A25
         # !_LC2_A25 & !_LC5_I25 &  _LC8_A25;

-- Node name is '|multiplier:mult1|:625' 
-- Equation name is '_LC2_A25', type is buried 
_LC2_A25 = LCELL( _EQ027);
  _EQ027 =  b4 &  _LC8_A25
         #  a4 & !b4;

-- Node name is '|multiplier:mult1|:631' 
-- Equation name is '_LC2_I13', type is buried 
_LC2_I13 = LCELL( _EQ028);
  _EQ028 = !a3 &  b4 & !_LC2_A7
         #  a3 &  _LC2_A7
         #  a3 & !b4;

-- Node name is '|multiplier:mult1|:637' 
-- Equation name is '_LC1_A7', type is buried 
_LC1_A7  = LCELL( _EQ029);
  _EQ029 =  a2 & !b4
         # !a0 & !a1 &  a2
         #  a0 & !a2 &  b4
         #  a1 & !a2 &  b4;

-- Node name is '|multiplier:mult1|:643' 
-- Equation name is '_LC1_I13', type is buried 
_LC1_I13 = LCELL( _EQ030);
  _EQ030 =  a1 & !b4
         # !a0 &  a1
         #  a0 & !a1 &  b4;

-- Node name is '|multiplier:mult1|:657' 
-- Equation name is '_LC5_A25', type is buried 
!_LC5_A25 = _LC5_A25~NOT;
_LC5_A25~NOT = LCELL( _EQ031);
  _EQ031 =  b3
         # !_LC4_I24
         # !b4;

-- Node name is '|multiplier:mult1|:661' 
-- Equation name is '_LC3_A25', type is buried 
_LC3_A25 = LCELL( _EQ032);
  _EQ032 = !b3 &  b4 & !_LC4_I24
         #  b3 &  _LC4_I24
         #  b3 & !b4;

-- Node name is '|multiplier:mult1|~667~1' 
-- Equation name is '_LC8_I3', type is buried 
-- synthesized logic cell 
_LC8_I3  = LCELL( _EQ033);
  _EQ033 =  _LC2_A25 & !_LC6_I3;

-- Node name is '|multiplier:mult1|:667' 
-- Equation name is '_LC1_I24', type is buried 
!_LC1_I24 = _LC1_I24~NOT;
_LC1_I24~NOT = LCELL( _EQ034);
  _EQ034 = !b0 & !b1 & !b2
         #  b0 &  b2 &  b4
         #  b1 &  b2 &  b4
         # !b2 & !b4;

-- Node name is '|multiplier:mult1|:673' 
-- Equation name is '_LC6_I24', type is buried 
_LC6_I24 = LCELL( _EQ035);
  _EQ035 =  b1 & !b4
         # !b0 &  b1
         #  b0 & !b1 &  b4;

-- Node name is '|multiplier:mult1|:1085' 
-- Equation name is '_LC5_I3', type is buried 
_LC5_I3  = LCELL( _EQ036);
  _EQ036 =  b0 &  _LC2_A25
         #  _LC2_A25 & !_LC5_I24 &  _LC6_I24;

-- Node name is '|multiplier:mult1|:1091' 
-- Equation name is '_LC4_I3', type is buried 
_LC4_I3  = LCELL( _EQ037);
  _EQ037 =  b0 &  _LC5_I24 &  _LC6_I24
         # !_LC2_A25 &  _LC5_I24 &  _LC6_I24
         # !b0 &  _LC2_A25 & !_LC5_I24 &  _LC6_I24
         #  b0 &  _LC2_A25 & !_LC6_I24;

-- Node name is '|multiplier:mult1|:1097' 
-- Equation name is '_LC2_I24', type is buried 
_LC2_I24 = LCELL( _EQ038);
  _EQ038 =  b0 &  _LC2_A25 & !_LC6_I24
         #  _LC6_I24 &  _LC8_I24;

-- Node name is '|multiplier:mult1|:1103' 
-- Equation name is '_LC3_I16', type is buried 
_LC3_I16 = LCELL( _EQ039);
  _EQ039 =  _LC6_I24 &  _LC8_I16
         #  b0 &  _LC2_I13 & !_LC6_I24;

-- Node name is '|multiplier:mult1|:1109' 
-- Equation name is '_LC1_I16', type is buried 
_LC1_I16 = LCELL( _EQ040);
  _EQ040 =  b0 &  _LC1_A7 & !_LC6_I24
         #  _LC6_I16 &  _LC6_I24;

-- Node name is '|multiplier:mult1|:1115' 
-- Equation name is '_LC4_I16', type is buried 
_LC4_I16 = LCELL( _EQ041);
  _EQ041 =  b0 &  _LC1_I13 & !_LC6_I24
         # !a0 &  b0 &  _LC1_I13
         #  a0 & !_LC1_I13 &  _LC6_I24
         #  a0 & !b0 &  _LC6_I24;

-- Node name is '|multiplier:mult1|~1331~1' 
-- Equation name is '_LC7_I3', type is buried 
-- synthesized logic cell 
_LC7_I3  = LCELL( VCC);

-- Node name is '|multiplier:mult1|:1331' 
-- Equation name is '_LC1_I3', type is buried 
_LC1_I3  = LCELL( _EQ042);
  _EQ042 =  _LC1_I24 & !_LC5_I3 & !_LC7_I3
         #  _LC5_I3 &  _LC7_I3
         #  _LC1_I24 &  _LC8_I3
         # !_LC1_I24 &  _LC5_I3;

-- Node name is '|multiplier:mult1|:1337' 
-- Equation name is '_LC3_I3', type is buried 
_LC3_I3  = LCELL( _EQ043);
  _EQ043 = !_LC1_I24 &  _LC5_I3
         #  _LC2_A25 &  _LC5_I3 &  _LC6_I3
         #  _LC1_I24 & !_LC2_A25 & !_LC5_I3 &  _LC6_I3
         # !_LC2_A25 &  _LC5_I3 & !_LC6_I3
         #  _LC1_I24 &  _LC2_A25 & !_LC5_I3 & !_LC6_I3;

-- Node name is '|multiplier:mult1|:1343' 
-- Equation name is '_LC2_I3', type is buried 
_LC2_I3  = LCELL( _EQ044);
  _EQ044 =  _LC2_I13 &  _LC3_I6 &  _LC4_I3
         #  _LC1_I24 & !_LC2_I13 &  _LC3_I6 & !_LC4_I3
         # !_LC2_I13 & !_LC3_I6 &  _LC4_I3
         #  _LC1_I24 &  _LC2_I13 & !_LC3_I6 & !_LC4_I3
         # !_LC1_I24 &  _LC4_I3;

-- Node name is '|multiplier:mult1|:1349' 
-- Equation name is '_LC5_I6', type is buried 
_LC5_I6  = LCELL( _EQ045);
  _EQ045 =  _LC1_A7 &  _LC2_I24 &  _LC4_I6
         # !_LC1_A7 &  _LC1_I24 & !_LC2_I24 &  _LC4_I6
         # !_LC1_A7 &  _LC2_I24 & !_LC4_I6
         #  _LC1_A7 &  _LC1_I24 & !_LC2_I24 & !_LC4_I6
         # !_LC1_I24 &  _LC2_I24;

-- Node name is '|multiplier:mult1|:1355' 
-- Equation name is '_LC2_I16', type is buried 
_LC2_I16 = LCELL( _EQ046);
  _EQ046 = !_LC1_I13 &  _LC1_I24 & !_LC3_I16 &  _LC7_I16
         #  _LC1_I13 &  _LC1_I24 & !_LC3_I16 & !_LC7_I16
         #  _LC1_I13 &  _LC3_I16 &  _LC7_I16
         # !_LC1_I13 &  _LC3_I16 & !_LC7_I16
         # !_LC1_I24 &  _LC3_I16;

-- Node name is '|multiplier:mult1|:1361' 
-- Equation name is '_LC8_A9', type is buried 
_LC8_A9  = LCELL( _EQ047);
  _EQ047 = !a0 &  _LC1_I16
         #  a0 & !_LC1_I16 &  _LC1_I24
         #  _LC1_I16 & !_LC1_I24;

-- Node name is '|multiplier:mult1|:1577' 
-- Equation name is '_LC5_I25', type is buried 
_LC5_I25 = LCELL( _EQ048);
  _EQ048 =  _LC1_I3 & !_LC3_A25
         #  _LC1_I3 & !_LC1_I10
         # !_LC1_I10 &  _LC2_A25 &  _LC3_A25
         #  _LC1_I3 &  _LC2_A25;

-- Node name is '|multiplier:mult1|:1583' 
-- Equation name is '_LC3_I25', type is buried 
_LC3_I25 = LCELL( _EQ049);
  _EQ049 =  _LC1_I3 & !_LC1_I10 & !_LC2_A25
         # !_LC1_I3 & !_LC1_I10 &  _LC2_A25 &  _LC3_A25
         #  _LC1_I3 &  _LC1_I10 &  _LC2_A25
         # !_LC1_I3 &  _LC1_I10 & !_LC2_A25 &  _LC3_A25
         #  _LC1_I3 & !_LC3_A25;

-- Node name is '|multiplier:mult1|:1589' 
-- Equation name is '_LC8_I10', type is buried 
_LC8_I10 = LCELL( _EQ050);
  _EQ050 =  _LC2_I13 &  _LC3_I3 &  _LC7_I10
         # !_LC2_I13 &  _LC3_A25 & !_LC3_I3 &  _LC7_I10
         # !_LC2_I13 &  _LC3_I3 & !_LC7_I10
         #  _LC2_I13 &  _LC3_A25 & !_LC3_I3 & !_LC7_I10
         # !_LC3_A25 &  _LC3_I3;

-- Node name is '|multiplier:mult1|:1595' 
-- Equation name is '_LC4_I10', type is buried 
_LC4_I10 = LCELL( _EQ051);
  _EQ051 =  _LC1_A7 &  _LC1_I6 &  _LC2_I3
         # !_LC1_A7 &  _LC1_I6 & !_LC2_I3 &  _LC3_A25
         # !_LC1_A7 & !_LC1_I6 &  _LC2_I3
         #  _LC1_A7 & !_LC1_I6 & !_LC2_I3 &  _LC3_A25
         #  _LC2_I3 & !_LC3_A25;

-- Node name is '|multiplier:mult1|:1601' 
-- Equation name is '_LC2_I6', type is buried 
_LC2_I6  = LCELL( _EQ052);
  _EQ052 = !_LC3_A25 &  _LC5_I6
         #  _LC1_I13 &  _LC5_I6 &  _LC6_I6
         # !_LC1_I13 &  _LC5_I6 & !_LC6_I6
         # !_LC1_I13 &  _LC3_A25 & !_LC5_I6 &  _LC6_I6
         #  _LC1_I13 &  _LC3_A25 & !_LC5_I6 & !_LC6_I6;

-- Node name is '|multiplier:mult1|:1607' 
-- Equation name is '_LC8_A26', type is buried 
_LC8_A26 = LCELL( _EQ053);
  _EQ053 =  _LC2_I16 & !_LC3_A25
         # !a0 &  _LC2_I16
         #  a0 & !_LC2_I16 &  _LC3_A25;

-- Node name is '|multiplier:mult1|:1864' 
-- Equation name is '_LC1_I25', type is buried 
_LC1_I25 = LCELL( _EQ054);
  _EQ054 = !_LC5_A25 &  _LC5_I25
         #  _LC5_I25 &  _LC6_I25 &  _LC8_A25
         #  _LC5_A25 & !_LC5_I25 &  _LC6_I25 & !_LC8_A25
         #  _LC5_I25 & !_LC6_I25 & !_LC8_A25
         #  _LC5_A25 & !_LC5_I25 & !_LC6_I25 &  _LC8_A25;

-- Node name is '|multiplier:mult1|:1888' 
-- Equation name is '_LC5_A23', type is buried 
_LC5_A23 = LCELL( _EQ055);
  _EQ055 = !a0 &  _LC2_I6
         #  a0 & !_LC2_I6 &  _LC5_A25
         #  _LC2_I6 & !_LC5_A25;

-- Node name is '|rippleaddn:adder1|fa:fa1|:8' 
-- Equation name is '_LC3_A9', type is buried 
_LC3_A9  = LCELL( _EQ056);
  _EQ056 = !_LC1_A2 &  _LC5_A9 & !_LC7_A7
         # !_LC1_A2 & !_LC5_A9 &  _LC7_A7
         #  _LC1_A2 &  _LC5_A9 &  _LC7_A7
         #  _LC1_A2 & !_LC5_A9 & !_LC7_A7;

-- Node name is '|rippleaddn:adder1|fa:fa1|:17' 
-- Equation name is '_LC6_A9', type is buried 
!_LC6_A9 = _LC6_A9~NOT;
_LC6_A9~NOT = LCELL( _EQ057);
  _EQ057 = !_LC1_A2 & !_LC5_A9
         # !_LC1_A2 & !_LC7_A7
         # !_LC5_A9 & !_LC7_A7;

-- Node name is '|rippleaddn:adder1|fa:fa1~90|:8' 
-- Equation name is '_LC7_A9', type is buried 
_LC7_A9  = LCELL( _EQ058);
  _EQ058 =  _LC2_A2 & !_LC4_A9 & !_LC6_A9
         # !_LC2_A2 &  _LC4_A9 & !_LC6_A9
         #  _LC2_A2 &  _LC4_A9 &  _LC6_A9
         # !_LC2_A2 & !_LC4_A9 &  _LC6_A9;

-- Node name is '|rippleaddn:adder1|fa:fa1~90|:17' 
-- Equation name is '_LC1_A9', type is buried 
!_LC1_A9 = _LC1_A9~NOT;
_LC1_A9~NOT = LCELL( _EQ059);
  _EQ059 = !_LC2_A2 & !_LC4_A9
         # !_LC2_A2 & !_LC6_A9
         # !_LC4_A9 & !_LC6_A9;

-- Node name is '|rippleaddn:adder1|fa:fa1~113|:8' 
-- Equation name is '_LC7_A26', type is buried 
_LC7_A26 = LCELL( _EQ060);
  _EQ060 = !_LC1_A9 & !_LC4_A26 &  _LC6_A26
         # !_LC1_A9 & !_LC4_A26 &  _LC5_A26
         # !_LC1_A9 &  _LC4_A26 & !_LC5_A26 & !_LC6_A26
         #  _LC1_A9 &  _LC4_A26 &  _LC6_A26
         #  _LC1_A9 &  _LC4_A26 &  _LC5_A26
         #  _LC1_A9 & !_LC4_A26 & !_LC5_A26 & !_LC6_A26;

-- Node name is '|rippleaddn:adder1|fa:fa1~113|:17' 
-- Equation name is '_LC2_A26', type is buried 
!_LC2_A26 = _LC2_A26~NOT;
_LC2_A26~NOT = LCELL( _EQ061);
  _EQ061 = !_LC4_A26 & !_LC5_A26 & !_LC6_A26
         # !_LC1_A9 & !_LC4_A26
         # !_LC1_A9 & !_LC5_A26 & !_LC6_A26;

-- Node name is '|rippleaddn:adder1|fa:fa1~136|:8' 
-- Equation name is '_LC7_A23', type is buried 
_LC7_A23 = LCELL( _EQ062);
  _EQ062 = !_LC1_A23 & !_LC2_A26 &  _LC3_A23
         #  _LC1_A23 & !_LC2_A26 & !_LC3_A23
         #  _LC1_A23 &  _LC2_A26 &  _LC3_A23
         # !_LC1_A23 &  _LC2_A26 & !_LC3_A23;

-- Node name is '|rippleaddn:adder1|ha:ha1|:5' 
-- Equation name is '_LC8_A7', type is buried 
_LC8_A7  = LCELL( _EQ063);
  _EQ063 =  _LC3_A3 & !_LC5_A7
         # !_LC5_A7 &  _LC6_A7
         # !_LC3_A3 &  _LC5_A7 & !_LC6_A7;

-- Node name is '|rippleaddn:adder1|ha:ha1|:6' 
-- Equation name is '_LC7_A7', type is buried 
!_LC7_A7 = _LC7_A7~NOT;
_LC7_A7~NOT = LCELL( _EQ064);
  _EQ064 = !_LC5_A7
         # !_LC3_A3 & !_LC6_A7;

-- Node name is ':69' 
-- Equation name is '_LC5_A2', type is buried 
_LC5_A2  = LCELL( _EQ065);
  _EQ065 = !s0 &  s1 &  s2;

-- Node name is ':79' 
-- Equation name is '_LC6_A2', type is buried 
_LC6_A2  = LCELL( _EQ066);
  _EQ066 =  s0 & !s1 &  s2;

-- Node name is '~89~1' 
-- Equation name is '~89~1', location is LC3_A3, type is buried.
-- synthesized logic cell 
!_LC3_A3 = _LC3_A3~NOT;
_LC3_A3~NOT = LCELL( _EQ067);
  _EQ067 =  _LC6_A2
         #  _LC4_A2
         # !a0 &  _LC5_A2;

-- Node name is ':89' 
-- Equation name is '_LC4_A2', type is buried 
_LC4_A2  = LCELL( _EQ068);
  _EQ068 = !s0 & !s1 &  s2;

-- Node name is ':99' 
-- Equation name is '_LC3_A2', type is buried 
_LC3_A2  = LCELL( _EQ069);
  _EQ069 =  s0 &  s1 & !s2;

-- Node name is '~132~1' 
-- Equation name is '~132~1', location is LC7_A2, type is buried.
-- synthesized logic cell 
_LC7_A2  = LCELL( _EQ070);
  _EQ070 = !s1
         #  s0 &  s2;

-- Node name is ':132' 
-- Equation name is '_LC1_A23', type is buried 
_LC1_A23 = LCELL( _EQ071);
  _EQ071 =  b4 & !_LC7_A2
         #  a4 &  _LC7_A2;

-- Node name is '~156~1' 
-- Equation name is '~156~1', location is LC5_A26, type is buried.
-- synthesized logic cell 
!_LC5_A26 = _LC5_A26~NOT;
_LC5_A26~NOT = LCELL( _EQ072);
  _EQ072 = !b3
         #  _LC7_A2;

-- Node name is '~156~2' 
-- Equation name is '~156~2', location is LC6_A26, type is buried.
-- synthesized logic cell 
!_LC6_A26 = _LC6_A26~NOT;
_LC6_A26~NOT = LCELL( _EQ073);
  _EQ073 = !a3
         # !_LC7_A2;

-- Node name is ':180' 
-- Equation name is '_LC4_A9', type is buried 
!_LC4_A9 = _LC4_A9~NOT;
_LC4_A9~NOT = LCELL( _EQ074);
  _EQ074 = !a2 & !b2
         # !b2 & !_LC7_A2
         # !a2 &  _LC7_A2;

-- Node name is ':204' 
-- Equation name is '_LC5_A9', type is buried 
!_LC5_A9 = _LC5_A9~NOT;
_LC5_A9~NOT = LCELL( _EQ075);
  _EQ075 = !a1 & !b1
         # !b1 & !_LC7_A2
         # !a1 &  _LC7_A2;

-- Node name is ':228' 
-- Equation name is '_LC5_A7', type is buried 
!_LC5_A7 = _LC5_A7~NOT;
_LC5_A7~NOT = LCELL( _EQ076);
  _EQ076 = !a0 & !b0
         # !b0 & !_LC7_A2
         # !a0 &  _LC7_A2;

-- Node name is ':305' 
-- Equation name is '_LC6_A25', type is buried 
_LC6_A25 = LCELL( _EQ077);
  _EQ077 =  _LC7_A25
         #  _LC5_A2 &  _LC8_A25;

-- Node name is ':306' 
-- Equation name is '_LC7_A25', type is buried 
_LC7_A25 = LCELL( _EQ078);
  _EQ078 = !b3 &  b4 &  _LC4_I24 &  _LC6_A2
         #  b3 & !b4 &  _LC6_A2
         # !b4 & !_LC4_I24 &  _LC6_A2;

-- Node name is ':325' 
-- Equation name is '_LC2_A23', type is buried 
_LC2_A23 = LCELL( _EQ079);
  _EQ079 = !_LC4_A2 &  _LC6_A25
         #  b4 &  _LC4_A2
         #  _LC3_A2;

-- Node name is ':357' 
-- Equation name is '_LC3_A23', type is buried 
_LC3_A23 = LCELL( _EQ080);
  _EQ080 =  _LC2_A23 &  s2
         #  _LC2_A23 &  s0
         #  s0 & !s1 & !s2;

-- Node name is ':365' 
-- Equation name is '_LC4_A25', type is buried 
!_LC4_A25 = _LC4_A25~NOT;
_LC4_A25~NOT = LCELL( _EQ081);
  _EQ081 = !b3 &  _LC4_I24
         #  b3 & !_LC4_I24
         # !_LC6_A2;

-- Node name is ':366' 
-- Equation name is '_LC1_A25', type is buried 
!_LC1_A25 = _LC1_A25~NOT;
_LC1_A25~NOT = LCELL( _EQ082);
  _EQ082 = !a3 &  _LC2_A7
         #  a3 & !_LC2_A7
         # !_LC5_A2;

-- Node name is '~370~1' 
-- Equation name is '~370~1', location is LC4_A23, type is buried.
-- synthesized logic cell 
!_LC4_A23 = _LC4_A23~NOT;
_LC4_A23~NOT = LCELL( _EQ083);
  _EQ083 = !b3 & !_LC3_A2
         # !_LC3_A2 & !_LC4_A2;

-- Node name is ':370' 
-- Equation name is '_LC3_A26', type is buried 
!_LC3_A26 = _LC3_A26~NOT;
_LC3_A26~NOT = LCELL( _EQ084);
  _EQ084 = !_LC1_A25 & !_LC4_A23 & !_LC4_A25
         #  _LC4_A2 & !_LC4_A23;

-- Node name is ':381' 
-- Equation name is '_LC4_A26', type is buried 
!_LC4_A26 = _LC4_A26~NOT;
_LC4_A26~NOT = LCELL( _EQ085);
  _EQ085 = !s0 & !s2
         # !_LC3_A26 &  s2
         # !_LC3_A26 &  s1
         # !_LC3_A26 & !s0;

-- Node name is ':388' 
-- Equation name is '_LC5_A3', type is buried 
!_LC5_A3 = _LC5_A3~NOT;
_LC5_A3~NOT = LCELL( _EQ086);
  _EQ086 = !_LC4_A3 & !_LC4_A7
         # !_LC4_A3 & !_LC5_A2
         # !_LC4_A7 & !_LC6_A2
         # !_LC5_A2 & !_LC6_A2;

-- Node name is ':394' 
-- Equation name is '_LC2_A3', type is buried 
!_LC2_A3 = _LC2_A3~NOT;
_LC2_A3~NOT = LCELL( _EQ087);
  _EQ087 = !b2 & !_LC3_A2 & !_LC5_A3
         # !b2 & !_LC3_A2 &  _LC4_A2
         # !_LC3_A2 & !_LC4_A2 & !_LC5_A3;

-- Node name is ':405' 
-- Equation name is '_LC2_A2', type is buried 
!_LC2_A2 = _LC2_A2~NOT;
_LC2_A2~NOT = LCELL( _EQ088);
  _EQ088 = !s0 & !s2
         # !_LC2_A3 &  s2
         # !_LC2_A3 &  s1
         # !_LC2_A3 & !s0;

-- Node name is ':412' 
-- Equation name is '_LC7_A3', type is buried 
!_LC7_A3 = _LC7_A3~NOT;
_LC7_A3~NOT = LCELL( _EQ089);
  _EQ089 = !b0 & !b1 & !_LC6_A3
         #  b0 &  b1 & !_LC6_A3
         # !_LC6_A2 & !_LC6_A3;

-- Node name is ':414' 
-- Equation name is '_LC6_A3', type is buried 
!_LC6_A3 = _LC6_A3~NOT;
_LC6_A3~NOT = LCELL( _EQ090);
  _EQ090 = !a0 & !a1
         #  a0 &  a1
         # !_LC5_A2;

-- Node name is ':418' 
-- Equation name is '_LC1_A3', type is buried 
!_LC1_A3 = _LC1_A3~NOT;
_LC1_A3~NOT = LCELL( _EQ091);
  _EQ091 = !b1 & !_LC3_A2 & !_LC7_A3
         # !b1 & !_LC3_A2 &  _LC4_A2
         # !_LC3_A2 & !_LC4_A2 & !_LC7_A3;

-- Node name is ':429' 
-- Equation name is '_LC1_A2', type is buried 
!_LC1_A2 = _LC1_A2~NOT;
_LC1_A2~NOT = LCELL( _EQ092);
  _EQ092 = !s0 & !s2
         # !_LC1_A3 &  s2
         # !_LC1_A3 &  s1
         # !_LC1_A3 & !s0;

-- Node name is '~451~1' 
-- Equation name is '~451~1', location is LC6_A7, type is buried.
-- synthesized logic cell 
!_LC6_A7 = _LC6_A7~NOT;
_LC6_A7~NOT = LCELL( _EQ093);
  _EQ093 = !b0 &  s2
         #  s1 &  s2;

-- Node name is ':484' 
-- Equation name is '_LC8_A23', type is buried 
_LC8_A23 = LCELL( _EQ094);
  _EQ094 = !_LC1_A23 &  _LC2_A26 & !_LC3_A23 & !_LC8_A2
         #  _LC1_A23 & !_LC2_A26 &  _LC3_A23 & !_LC8_A2;

-- Node name is ':486' 
-- Equation name is '_LC8_A2', type is buried 
!_LC8_A2 = _LC8_A2~NOT;
_LC8_A2~NOT = LCELL( _EQ095);
  _EQ095 = !s2
         # !s1
         # !s0;

-- Node name is ':530' 
-- Equation name is '_LC7_I25', type is buried 
_LC7_I25 = LCELL( _EQ096);
  _EQ096 =  _LC5_A25 &  _LC8_A2 &  _LC8_I25
         # !_LC5_A25 &  _LC5_I25 &  _LC8_A2;

-- Node name is ':536' 
-- Equation name is '_LC5_I20', type is buried 
_LC5_I20 = LCELL( _EQ097);
  _EQ097 =  _LC1_I25 &  _LC8_A2;

-- Node name is ':542' 
-- Equation name is '_LC4_I25', type is buried 
_LC4_I25 = LCELL( _EQ098);
  _EQ098 =  _LC2_I25 & !_LC3_I25 &  _LC5_A25 &  _LC8_A2
         # !_LC2_I25 &  _LC3_I25 &  _LC8_A2
         #  _LC3_I25 & !_LC5_A25 &  _LC8_A2;

-- Node name is ':548' 
-- Equation name is '_LC2_I10', type is buried 
_LC2_I10 = LCELL( _EQ099);
  _EQ099 =  _LC5_A25 &  _LC6_I10 &  _LC8_A2 & !_LC8_I10
         # !_LC6_I10 &  _LC8_A2 &  _LC8_I10
         # !_LC5_A25 &  _LC8_A2 &  _LC8_I10;

-- Node name is ':554' 
-- Equation name is '_LC8_I6', type is buried 
_LC8_I6  = LCELL( _EQ100);
  _EQ100 =  _LC4_I10 & !_LC5_A25 &  _LC8_A2
         #  _LC4_I10 & !_LC7_I6 &  _LC8_A2
         # !_LC4_I10 &  _LC5_A25 &  _LC7_I6 &  _LC8_A2;

-- Node name is ':559' 
-- Equation name is '_LC6_A23', type is buried 
_LC6_A23 = LCELL( _EQ101);
  _EQ101 =  _LC5_A23 &  _LC8_A2
         #  _LC7_A23 & !_LC8_A2;

-- Node name is ':565' 
-- Equation name is '_LC1_A26', type is buried 
_LC1_A26 = LCELL( _EQ102);
  _EQ102 =  _LC7_A26 & !_LC8_A2
         #  _LC8_A2 &  _LC8_A26;

-- Node name is ':571' 
-- Equation name is '_LC2_A9', type is buried 
_LC2_A9  = LCELL( _EQ103);
  _EQ103 =  _LC7_A9 & !_LC8_A2
         #  _LC8_A2 &  _LC8_A9;

-- Node name is ':577' 
-- Equation name is '_LC5_I16', type is buried 
_LC5_I16 = LCELL( _EQ104);
  _EQ104 =  _LC3_A9 & !_LC8_A2
         #  _LC4_I16 &  _LC8_A2;

-- Node name is ':583' 
-- Equation name is '_LC3_A7', type is buried 
_LC3_A7  = LCELL( _EQ105);
  _EQ105 = !_LC8_A2 &  _LC8_A7
         #  a0 &  b0 &  _LC8_A2;



Project Information          e:\vhdldesigns\ee231\designproblems\02alu\alu.rpt

** COMPILATION SETTINGS & TIMES **

Processing Menu Commands
------------------------

Design Doctor                             = off

Logic Synthesis:

   Synthesis Type Used                    = Multi-Level

   Default Synthesis Style                = NORMAL

      Logic option settings in 'NORMAL' style for 'FLEX10K' family

      CARRY_CHAIN                         = ignore
      CARRY_CHAIN_LENGTH                  = 32
      CASCADE_CHAIN                       = ignore
      CASCADE_CHAIN_LENGTH                = 2
      DECOMPOSE_GATES                     = on
      DUPLICATE_LOGIC_EXTRACTION          = on
      MINIMIZATION                        = full
      MULTI_LEVEL_FACTORING               = on
      NOT_GATE_PUSH_BACK                  = on
      REDUCE_LOGIC                        = on
      REFACTORIZATION                     = on
      REGISTER_OPTIMIZATION               = on
      RESYNTHESIZE_NETWORK                = on
      SLOW_SLEW_RATE                      = off
      SUBFACTOR_EXTRACTION                = on
      IGNORE_SOFT_BUFFERS                 = on
      USE_LPM_FOR_AHDL_OPERATORS          = off

   Other logic synthesis settings:

      Automatic Global Clock              = on
      Automatic Global Clear              = on
      Automatic Global Preset             = on
      Automatic Global Output Enable      = on
      Automatic Fast I/O                  = off
      Automatic Register Packing          = off
      Automatic Open-Drain Pins           = on
      Automatic Implement in EAB          = off
      Optimize                            = 5

Default Timing Specifications: None

Cut All Bidir Feedback Timing Paths       = on
Cut All Clear & Preset Timing Paths       = on

Ignore Timing Assignments                 = on

Functional SNF Extractor                  = off

Linked SNF Extractor                      = off
Timing SNF Extractor                      = on
Optimize Timing SNF                       = off
Generate AHDL TDO File                    = off
Fitter Settings                           = NORMAL
Use Quartus Fitter                        = on
Smart Recompile                           = off
Total Recompile                           = off

Interfaces Menu Commands
------------------------

EDIF Netlist Writer                       = off
Verilog Netlist Writer                    = off
VHDL Netlist Writer                       = off

Compilation Times
-----------------

   Compiler Netlist Extractor             00:00:00
   Database Builder                       00:00:00
   Logic Synthesizer                      00:00:02
   Partitioner                            00:00:00
   Fitter                                 00:00:12
   Timing SNF Extractor                   00:00:00
   Assembler                              00:00:02
   --------------------------             --------
   Total Time                             00:00:16


Memory Allocated
-----------------

Peak memory allocated during compilation  = 40,184K
