Project Information   e:\vhdldesigns\ee231\designproblems\02alu\multiplier.rpt

MAX+plus II Compiler Report File
Version 10.1 06/12/2001
Compiled: 02/20/2002 20:53:01

Copyright (C) 1988-2001 Altera Corporation
Any megafunction design, and related net list (encrypted or decrypted),
support information, device programming or simulation file, and any other
associated documentation or information provided by Altera or a partner
under Altera's Megafunction Partnership Program may be used only to
program PLD devices (but not masked PLD devices) from Altera.  Any other
use of such megafunction design, net list, support information, device
programming or simulation file, or any other related documentation or
information is prohibited for any other purpose, including, but not
limited to modification, reverse engineering, de-compiling, or use with
any other silicon devices, unless such use is explicitly licensed under
a separate agreement with Altera or a megafunction partner.  Title to
the intellectual property, including patents, copyrights, trademarks,
trade secrets, or maskworks, embodied in any such megafunction design,
net list, support information, device programming or simulation file, or
any other related documentation or information provided by Altera or a
megafunction partner, remains with Altera, the megafunction partner, or
their respective licensors.  No other licenses, including any licenses
needed under any third party's intellectual property, are provided herein.



***** Project compilation was successful


MULTIPLIER


** DEVICE SUMMARY **

Chip/                     Input Output Bidir  Memory  Memory  			 LCs
POF       Device          Pins  Pins   Pins   Bits % Utilized  LCs  % Utilized

multiplier
      EPF10K70RC240-4      10     10     0    0         0  %    59       1  %

User Pins:                 10     10     0  



Project Information   e:\vhdldesigns\ee231\designproblems\02alu\multiplier.rpt

** FILE HIERARCHY **



|lpm_add_sub:589|
|lpm_add_sub:589|addcore:adder|
|lpm_add_sub:589|altshift:result_ext_latency_ffs|
|lpm_add_sub:589|altshift:carry_ext_latency_ffs|
|lpm_add_sub:589|altshift:oflow_ext_latency_ffs|
|lpm_add_sub:600|
|lpm_add_sub:600|addcore:adder|
|lpm_add_sub:600|altshift:result_ext_latency_ffs|
|lpm_add_sub:600|altshift:carry_ext_latency_ffs|
|lpm_add_sub:600|altshift:oflow_ext_latency_ffs|
|lpm_add_sub:972|
|lpm_add_sub:972|addcore:adder|
|lpm_add_sub:972|altshift:result_ext_latency_ffs|
|lpm_add_sub:972|altshift:carry_ext_latency_ffs|
|lpm_add_sub:972|altshift:oflow_ext_latency_ffs|
|lpm_add_sub:1218|
|lpm_add_sub:1218|addcore:adder|
|lpm_add_sub:1218|altshift:result_ext_latency_ffs|
|lpm_add_sub:1218|altshift:carry_ext_latency_ffs|
|lpm_add_sub:1218|altshift:oflow_ext_latency_ffs|
|lpm_add_sub:1464|
|lpm_add_sub:1464|addcore:adder|
|lpm_add_sub:1464|altshift:result_ext_latency_ffs|
|lpm_add_sub:1464|altshift:carry_ext_latency_ffs|
|lpm_add_sub:1464|altshift:oflow_ext_latency_ffs|
|lpm_add_sub:1716|
|lpm_add_sub:1716|addcore:adder|
|lpm_add_sub:1716|altshift:result_ext_latency_ffs|
|lpm_add_sub:1716|altshift:carry_ext_latency_ffs|
|lpm_add_sub:1716|altshift:oflow_ext_latency_ffs|


Device-Specific Information:e:\vhdldesigns\ee231\designproblems\02alu\multiplier.rpt
multiplier

***** Logic for device 'multiplier' compiled without errors.




Device: EPF10K70RC240-4

FLEX 10K Configuration Scheme: Passive Serial

Device Options:
    User-Supplied Start-Up Clock               = OFF
    Auto-Restart Configuration on Frame Error  = OFF
    Release Clears Before Tri-States           = OFF
    Enable Chip_Wide Reset                     = OFF
    Enable Chip-Wide Output Enable             = OFF
    Enable INIT_DONE Output                    = OFF
    JTAG User Code                             = 7f

                                                                                                                                         
                                                                                                                                         
                R R R R R R R R   R R R R R R R   R R R R R R R   R R R       R R R R   R R R R R R R   R R R R R R R   R R R R R R R R  
                E E E E E E E E   E E E E E E E   E E E E E E E   E E E       E E E E   E E E E E E E   E E E E E E E   E E E E E E E E  
                S S S S S S S S G S S S S S S S V S S S S S S S G S S S       S S S S V S S S S S S S G S S S S S S S V S S S S S S S S  
                E E E E E E E E N E E E E E E E C E E E E E E E N E E E x x y E E E E C E E E E E E E N E E E E E E E C E E E E E E E E  
                R R R R R R R R D R R R R R R R C R R R R R R R D R R R _ _ _ R R R R C R R R R R R R D R R R R R R R C R R R R R R R R  
                V V V V V V V V I V V V V V V V I V V V V V V V I V V V i i i V V V V I V V V V V V V I V V V V V V V I V V V V V V V V  
                E E E E E E E E N E E E E E E E N E E E E E E E N E E E n n n E E E E N E E E E E E E N E E E E E E E N E E E E E E E E  
                D D D D D D D D T D D D D D D D T D D D D D D D T D D D 1 2 4 D D D D T D D D D D D D T D D D D D D D T D D D D D D D D  
              --------------------------------------------------------------------------------------------------------------------------_ 
             / 240 238 236 234 232 230 228 226 224 222 220 218 216 214 212 210 208 206 204 202 200 198 196 194 192 190 188 186 184 182   |_ 
            /    239 237 235 233 231 229 227 225 223 221 219 217 215 213 211 209 207 205 203 201 199 197 195 193 191 189 187 185 183 181    | 
      #TCK |  1                                                                                                                         180 | ^DATA0 
^CONF_DONE |  2                                                                                                                         179 | ^DCLK 
     ^nCEO |  3                                                                                                                         178 | ^nCE 
      #TDO |  4                                                                                                                         177 | #TDI 
    VCCINT |  5                                                                                                                         176 | GNDINT 
  RESERVED |  6                                                                                                                         175 | RESERVED 
  RESERVED |  7                                                                                                                         174 | RESERVED 
  RESERVED |  8                                                                                                                         173 | RESERVED 
  RESERVED |  9                                                                                                                         172 | RESERVED 
    GNDINT | 10                                                                                                                         171 | RESERVED 
  RESERVED | 11                                                                                                                         170 | VCCINT 
  RESERVED | 12                                                                                                                         169 | RESERVED 
  RESERVED | 13                                                                                                                         168 | RESERVED 
  RESERVED | 14                                                                                                                         167 | RESERVED 
  RESERVED | 15                                                                                                                         166 | RESERVED 
    VCCINT | 16                                                                                                                         165 | GNDINT 
  RESERVED | 17                                                                                                                         164 | RESERVED 
  RESERVED | 18                                                                                                                         163 | RESERVED 
  RESERVED | 19                                                                                                                         162 | RESERVED 
  RESERVED | 20                                                                                                                         161 | RESERVED 
  RESERVED | 21                                                                                                                         160 | VCCINT 
    GNDINT | 22                                                                                                                         159 | RESERVED 
  RESERVED | 23                                                                                                                         158 | RESERVED 
  RESERVED | 24                                                                                                                         157 | RESERVED 
  RESERVED | 25                                                                                                                         156 | RESERVED 
  RESERVED | 26                                                                                                                         155 | GNDINT 
    VCCINT | 27                                                                                                                         154 | f6 
        f0 | 28                                                                                                                         153 | y_in3 
  RESERVED | 29                                                                                                                         152 | f8 
        f7 | 30                                                                                                                         151 | x_in3 
        f3 | 31                                                     EPF10K70RC240-4                                                     150 | VCCINT 
    GNDINT | 32                                                                                                                         149 | x_in4 
        f2 | 33                                                                                                                         148 | RESERVED 
        f5 | 34                                                                                                                         147 | RESERVED 
        f1 | 35                                                                                                                         146 | RESERVED 
  RESERVED | 36                                                                                                                         145 | GNDINT 
    VCCINT | 37                                                                                                                         144 | RESERVED 
  RESERVED | 38                                                                                                                         143 | RESERVED 
  RESERVED | 39                                                                                                                         142 | RESERVED 
  RESERVED | 40                                                                                                                         141 | RESERVED 
  RESERVED | 41                                                                                                                         140 | VCCINT 
    GNDINT | 42                                                                                                                         139 | RESERVED 
  RESERVED | 43                                                                                                                         138 | RESERVED 
  RESERVED | 44                                                                                                                         137 | RESERVED 
  RESERVED | 45                                                                                                                         136 | RESERVED 
  RESERVED | 46                                                                                                                         135 | GNDINT 
    VCCINT | 47                                                                                                                         134 | RESERVED 
  RESERVED | 48                                                                                                                         133 | RESERVED 
  RESERVED | 49                                                                                                                         132 | RESERVED 
  RESERVED | 50                                                                                                                         131 | RESERVED 
  RESERVED | 51                                                                                                                         130 | VCCINT 
    GNDINT | 52                                                                                                                         129 | RESERVED 
  RESERVED | 53                                                                                                                         128 | RESERVED 
  RESERVED | 54                                                                                                                         127 | RESERVED 
  RESERVED | 55                                                                                                                         126 | RESERVED 
  RESERVED | 56                                                                                                                         125 | GNDINT 
    VCCINT | 57                                                                                                                         124 | ^MSEL0 
      #TMS | 58                                                                                                                         123 | ^MSEL1 
     #TRST | 59                                                                                                                         122 | VCCINT 
  ^nSTATUS | 60                                                                                                                         121 | ^nCONFIG 
           |      62  64  66  68  70  72  74  76  78  80  82  84  86  88  90  92  94  96  98 100 102 104 106 108 110 112 114 116 118 120  _| 
            \   61  63  65  67  69  71  73  75  77  79  81  83  85  87  89  91  93  95  97  99 101 103 105 107 109 111 113 115 117 119   | 
             \--------------------------------------------------------------------------------------------------------------------------- 
                R R R R R R R R G R f R R R R R V y R R R R R f G R R R V x y y G R R V R R R R R R R G R R R R R R R V R R R R R R R R  
                E E E E E E E E N E 4 E E E E E C _ E E E E E 9 N E E E C _ _ _ N E E C E E E E E E E N E E E E E E E C E E E E E E E E  
                S S S S S S S S D S   S S S S S C i S S S S S   D S S S C i i i D S S C S S S S S S S D S S S S S S S C S S S S S S S S  
                E E E E E E E E I E   E E E E E I n E E E E E   I E E E I n n n I E E I E E E E E E E I E E E E E E E I E E E E E E E E  
                R R R R R R R R N R   R R R R R N 2 R R R R R   N R R R N 0 1 0 N R R N R R R R R R R N R R R R R R R N R R R R R R R R  
                V V V V V V V V T V   V V V V V T   V V V V V   T V V V T       T V V T V V V V V V V T V V V V V V V T V V V V V V V V  
                E E E E E E E E   E   E E E E E     E E E E E     E E E           E E   E E E E E E E   E E E E E E E   E E E E E E E E  
                D D D D D D D D   D   D D D D D     D D D D D     D D D           D D   D D D D D D D   D D D D D D D   D D D D D D D D  
                                                                                                                                         
                                                                                                                                         


N.C. = No Connect. This pin has no internal connection to the device.
VCCINT = Dedicated power pin, which MUST be connected to VCC (5.0 volts).
VCCIO = Dedicated power pin, which MUST be connected to VCC (5.0 volts).
GNDINT = Dedicated ground pin or unused dedicated input, which MUST be connected to GND.
GNDIO = Dedicated ground pin, which MUST be connected to GND.
RESERVED = Unused I/O pin, which MUST be left unconnected.

^ = Dedicated configuration pin.
+ = Reserved configuration pin, which is tri-stated during user mode.
* = Reserved configuration pin, which drives out in user mode.
PDn = Power Down pin. 
@ = Special-purpose pin. 
# = JTAG Boundary-Scan Testing/In-System Programming or Configuration Pin. The JTAG inputs TMS and TDI should be tied to VCC and TCK should be tied to GND when not in use.
& = JTAG pin used for I/O. When used as user I/O, JTAG pins must be kept stable before and during configuration.  JTAG pin stability prevents accidental loading of JTAG instructions.


Device-Specific Information:e:\vhdldesigns\ee231\designproblems\02alu\multiplier.rpt
multiplier

** RESOURCE USAGE **

Logic                Column       Row                                   
Array                Interconnect Interconnect         Clears/     External  
Block   Logic Cells  Driven       Driven       Clocks  Presets   Interconnect
D31      1/ 8( 12%)   0/ 8(  0%)   1/ 8( 12%)    0/2    0/2       2/26(  7%)   
E28      8/ 8(100%)   0/ 8(  0%)   3/ 8( 37%)    0/2    0/2       7/26( 26%)   
E29      8/ 8(100%)   1/ 8( 12%)   2/ 8( 25%)    0/2    0/2      10/26( 38%)   
E32      2/ 8( 25%)   0/ 8(  0%)   2/ 8( 25%)    0/2    0/2       3/26( 11%)   
E34      8/ 8(100%)   0/ 8(  0%)   4/ 8( 50%)    0/2    0/2      10/26( 38%)   
E38      8/ 8(100%)   0/ 8(  0%)   5/ 8( 62%)    0/2    0/2      15/26( 57%)   
E42      8/ 8(100%)   0/ 8(  0%)   7/ 8( 87%)    0/2    0/2       6/26( 23%)   
E43      8/ 8(100%)   1/ 8( 12%)   4/ 8( 50%)    0/2    0/2      10/26( 38%)   
E44      8/ 8(100%)   0/ 8(  0%)   7/ 8( 87%)    0/2    0/2       7/26( 26%)   


Embedded             Column       Row                                   
Array     Embedded   Interconnect Interconnect         Read/      External  
Block     Cells      Driven       Driven       Clocks  Write    Interconnect


Total dedicated input pins used:                 6/6      (100%)
Total I/O pins used:                            14/183    (  7%)
Total logic cells used:                         59/3744   (  1%)
Total embedded cells used:                       0/72     (  0%)
Total EABs used:                                 0/9      (  0%)
Average fan-in:                                 3.42/4    ( 85%)
Total fan-in:                                 202/14976   (  1%)

Total input pins required:                      10
Total input I/O cell registers required:         0
Total output pins required:                     10
Total output I/O cell registers required:        0
Total buried I/O cell registers required:        0
Total bidirectional pins required:               0
Total reserved pins required                     0
Total logic cells required:                     59
Total flipflops required:                        0
Total packed registers required:                 0
Total logic cells in carry chains:               0
Total number of carry chains:                    0
Total logic cells in cascade chains:             0
Total number of cascade chains:                  0
Total single-pin Clock Enables required:         0
Total single-pin Output Enables required:        0

Synthesized logic cells:                         4/3744   (  0%)

Logic Cell and Embedded Cell Counts

Column:  01  02  03  04  05  06  07  08  09  10  11  12  13  14  15  16  17  18  19  20  21  22  23  24  25  26  EA  27  28  29  30  31  32  33  34  35  36  37  38  39  40  41  42  43  44  45  46  47  48  49  50  51  52  Total(LC/EC)
 A:      0   0   0   0   0   0   0   0   0   0   0   0   0   0   0   0   0   0   0   0   0   0   0   0   0   0   0   0   0   0   0   0   0   0   0   0   0   0   0   0   0   0   0   0   0   0   0   0   0   0   0   0   0      0/0  
 B:      0   0   0   0   0   0   0   0   0   0   0   0   0   0   0   0   0   0   0   0   0   0   0   0   0   0   0   0   0   0   0   0   0   0   0   0   0   0   0   0   0   0   0   0   0   0   0   0   0   0   0   0   0      0/0  
 C:      0   0   0   0   0   0   0   0   0   0   0   0   0   0   0   0   0   0   0   0   0   0   0   0   0   0   0   0   0   0   0   0   0   0   0   0   0   0   0   0   0   0   0   0   0   0   0   0   0   0   0   0   0      0/0  
 D:      0   0   0   0   0   0   0   0   0   0   0   0   0   0   0   0   0   0   0   0   0   0   0   0   0   0   0   0   0   0   0   1   0   0   0   0   0   0   0   0   0   0   0   0   0   0   0   0   0   0   0   0   0      1/0  
 E:      0   0   0   0   0   0   0   0   0   0   0   0   0   0   0   0   0   0   0   0   0   0   0   0   0   0   0   0   8   8   0   0   2   0   8   0   0   0   8   0   0   0   8   8   8   0   0   0   0   0   0   0   0     58/0  
 F:      0   0   0   0   0   0   0   0   0   0   0   0   0   0   0   0   0   0   0   0   0   0   0   0   0   0   0   0   0   0   0   0   0   0   0   0   0   0   0   0   0   0   0   0   0   0   0   0   0   0   0   0   0      0/0  
 G:      0   0   0   0   0   0   0   0   0   0   0   0   0   0   0   0   0   0   0   0   0   0   0   0   0   0   0   0   0   0   0   0   0   0   0   0   0   0   0   0   0   0   0   0   0   0   0   0   0   0   0   0   0      0/0  
 H:      0   0   0   0   0   0   0   0   0   0   0   0   0   0   0   0   0   0   0   0   0   0   0   0   0   0   0   0   0   0   0   0   0   0   0   0   0   0   0   0   0   0   0   0   0   0   0   0   0   0   0   0   0      0/0  
 I:      0   0   0   0   0   0   0   0   0   0   0   0   0   0   0   0   0   0   0   0   0   0   0   0   0   0   0   0   0   0   0   0   0   0   0   0   0   0   0   0   0   0   0   0   0   0   0   0   0   0   0   0   0      0/0  

Total:   0   0   0   0   0   0   0   0   0   0   0   0   0   0   0   0   0   0   0   0   0   0   0   0   0   0   0   0   8   8   0   1   2   0   8   0   0   0   8   0   0   0   8   8   8   0   0   0   0   0   0   0   0     59/0  



Device-Specific Information:e:\vhdldesigns\ee231\designproblems\02alu\multiplier.rpt
multiplier

** INPUTS **

                                                    Fan-In    Fan-Out
 Pin     LC     EC   Row  Col  Primitive    Code      INP  FBK  OUT  FBK  Name
  90      -     -    -    --      INPUT                0    0    0   18  x_in0
 212      -     -    -    --      INPUT                0    0    0    6  x_in1
 211      -     -    -    --      INPUT                0    0    0    4  x_in2
 151      -     -    E    --      INPUT                0    0    0    3  x_in3
 149      -     -    E    --      INPUT                0    0    0    2  x_in4
  92      -     -    -    --      INPUT                0    0    0   16  y_in0
  91      -     -    -    --      INPUT                0    0    0    3  y_in1
  78      -     -    -    36      INPUT                0    0    0    2  y_in2
 153      -     -    E    --      INPUT                0    0    0    2  y_in3
 210      -     -    -    --      INPUT                0    0    0    8  y_in4


Code:

s = Synthesized pin or logic cell
+ = Synchronous flipflop
/ = Slow slew-rate output
! = NOT gate push-back
r = Fitter-inserted logic cell
@ = Uses single-pin Clock Enable
& = Uses single-pin Output Enable


Device-Specific Information:e:\vhdldesigns\ee231\designproblems\02alu\multiplier.rpt
multiplier

** OUTPUTS **

       Fed By Fed By                                Fan-In    Fan-Out
 Pin     LC     EC   Row  Col  Primitive    Code      INP  FBK  OUT  FBK  Name
  28      -     -    D    --     OUTPUT                0    1    0    0  f0
  35      -     -    E    --     OUTPUT                0    1    0    0  f1
  33      -     -    E    --     OUTPUT                0    1    0    0  f2
  31      -     -    E    --     OUTPUT                0    1    0    0  f3
  71      -     -    -    43     OUTPUT                0    1    0    0  f4
  34      -     -    E    --     OUTPUT                0    1    0    0  f5
 154      -     -    E    --     OUTPUT                0    1    0    0  f6
  30      -     -    E    --     OUTPUT                0    1    0    0  f7
 152      -     -    E    --     OUTPUT                0    1    0    0  f8
  84      -     -    -    30     OUTPUT                0    1    0    0  f9


Code:

s = Synthesized pin or logic cell
+ = Synchronous flipflop
/ = Slow slew-rate output
! = NOT gate push-back
r = Fitter-inserted logic cell
@ = Uses single-pin Clock Enable
& = Uses single-pin Output Enable


Device-Specific Information:e:\vhdldesigns\ee231\designproblems\02alu\multiplier.rpt
multiplier

** BURIED LOGIC **

                                                    Fan-In    Fan-Out
 IOC     LC     EC   Row  Col  Primitive    Code      INP  FBK  OUT  FBK  Name
   -      8     -    E    42       AND2                3    0    0    1  |LPM_ADD_SUB:589|addcore:adder|:63
   -      4     -    E    42        OR2                3    0    0    1  |LPM_ADD_SUB:589|addcore:adder|:80
   -      2     -    E    42        OR2                4    0    0    2  |LPM_ADD_SUB:589|addcore:adder|:81
   -      1     -    E    42        OR2                2    1    0    3  |LPM_ADD_SUB:589|addcore:adder|:82
   -      7     -    E    44       AND2                3    0    0    2  |LPM_ADD_SUB:600|addcore:adder|:63
   -      5     -    E    44        OR2                2    2    0    2  |LPM_ADD_SUB:972|addcore:adder|pcarry1
   -      1     -    E    34        OR2                1    3    0    2  |LPM_ADD_SUB:972|addcore:adder|pcarry2
   -      3     -    E    38        OR2                1    3    0    2  |LPM_ADD_SUB:972|addcore:adder|pcarry3
   -      8     -    E    44        OR2                2    2    0    1  |LPM_ADD_SUB:972|addcore:adder|:97
   -      5     -    E    34        OR2                1    3    0    1  |LPM_ADD_SUB:972|addcore:adder|:98
   -      6     -    E    34        OR2                1    3    0    1  |LPM_ADD_SUB:972|addcore:adder|:99
   -      8     -    E    34        OR2                1    3    0    2  |LPM_ADD_SUB:1218|addcore:adder|pcarry1
   -      2     -    E    34        OR2                0    3    0    2  |LPM_ADD_SUB:1218|addcore:adder|pcarry2
   -      6     -    E    28        OR2                0    3    0    2  |LPM_ADD_SUB:1218|addcore:adder|pcarry3
   -      3     -    E    43       AND2                1    1    0    1  |LPM_ADD_SUB:1218|addcore:adder|:60
   -      6     -    E    38        OR2                1    3    0    2  |LPM_ADD_SUB:1464|addcore:adder|pcarry1
   -      4     -    E    38        OR2                0    3    0    2  |LPM_ADD_SUB:1464|addcore:adder|pcarry2
   -      2     -    E    29        OR2                0    3    0    2  |LPM_ADD_SUB:1464|addcore:adder|pcarry3
   -      6     -    E    43       AND2                1    1    0    1  |LPM_ADD_SUB:1464|addcore:adder|:60
   -      7     -    E    38        OR2                1    3    0    2  |LPM_ADD_SUB:1716|addcore:adder|pcarry1
   -      2     -    E    38        OR2                0    3    0    2  |LPM_ADD_SUB:1716|addcore:adder|pcarry2
   -      7     -    E    29        OR2                0    3    0    2  |LPM_ADD_SUB:1716|addcore:adder|pcarry3
   -      7     -    E    43        OR2    s           2    1    0    1  |LPM_ADD_SUB:1716|addcore:adder|~97~1
   -      8     -    E    29        OR2    s           0    3    0    1  |LPM_ADD_SUB:1716|addcore:adder|~101~1
   -      3     -    E    42        OR2                2    1    0   10  :625
   -      5     -    E    42        OR2                2    1    0   10  :631
   -      6     -    E    42        OR2                4    0    0   10  :637
   -      7     -    E    42        OR2                3    0    0    8  :643
   -      2     -    E    32       AND2                2    1    0    6  :657
   -      1     -    E    32        OR2                2    1    0    6  :661
   -      8     -    E    28       AND2    s           0    2    0    1  ~667~1
   -      3     -    E    44        OR2        !       4    0    0    6  :667
   -      4     -    E    44        OR2                3    0    0    6  :673
   -      5     -    D    31       AND2                2    0    1    0  :841
   -      5     -    E    28        OR2                1    3    0    2  :1085
   -      4     -    E    28        OR2                1    3    0    2  :1091
   -      7     -    E    34        OR2                1    3    0    2  :1097
   -      3     -    E    34        OR2                1    3    0    2  :1103
   -      1     -    E    44        OR2                1    3    0    3  :1109
   -      6     -    E    44        OR2                2    2    1    0  :1115
   -      7     -    E    28       AND2    s           0    0    0    1  ~1331~1
   -      1     -    E    28        OR2                0    4    0    2  :1331
   -      2     -    E    28        OR2                0    4    0    2  :1337
   -      3     -    E    28        OR2                0    4    0    2  :1343
   -      4     -    E    34        OR2                0    4    0    2  :1349
   -      4     -    E    43        OR2                0    4    0    3  :1355
   -      2     -    E    44        OR2                1    2    1    0  :1361
   -      5     -    E    29        OR2                0    4    0    3  :1577
   -      3     -    E    29        OR2                0    4    0    2  :1583
   -      8     -    E    38        OR2                0    4    0    2  :1589
   -      5     -    E    38        OR2                0    4    0    2  :1595
   -      1     -    E    43        OR2                0    4    0    3  :1601
   -      2     -    E    43        OR2                1    2    1    0  :1607
   -      6     -    E    29        OR2                0    4    1    0  :1858
   -      4     -    E    29        OR2                0    4    1    0  :1864
   -      1     -    E    29        OR2                0    4    1    0  :1870
   -      1     -    E    38        OR2                0    4    1    0  :1876
   -      5     -    E    43        OR2                0    3    1    0  :1882
   -      8     -    E    43        OR2                1    2    1    0  :1888


Code:

s = Synthesized pin or logic cell
+ = Synchronous flipflop
/ = Slow slew-rate output
! = NOT gate push-back
r = Fitter-inserted logic cell
p = Packed register


Device-Specific Information:e:\vhdldesigns\ee231\designproblems\02alu\multiplier.rpt
multiplier

** FASTTRACK INTERCONNECT UTILIZATION **

Row FastTrack Interconnect:

          Global         Left Half-      Right Half-
         FastTrack       FastTrack       FastTrack 
Row     Interconnect    Interconnect    Interconnect    Input Pins     Output Pins     Bidir Pins
A:       0/208(  0%)     0/104(  0%)     0/104(  0%)    0/16(  0%)      0/16(  0%)     0/16(  0%)
B:       0/208(  0%)     0/104(  0%)     0/104(  0%)    0/16(  0%)      0/16(  0%)     0/16(  0%)
C:       0/208(  0%)     0/104(  0%)     0/104(  0%)    0/16(  0%)      0/16(  0%)     0/16(  0%)
D:       0/208(  0%)     0/104(  0%)     1/104(  0%)    0/16(  0%)      1/16(  6%)     0/16(  0%)
E:       9/208(  4%)     0/104(  0%)    29/104( 27%)    3/16( 18%)      7/16( 43%)     0/16(  0%)
F:       0/208(  0%)     0/104(  0%)     0/104(  0%)    0/16(  0%)      0/16(  0%)     0/16(  0%)
G:       0/208(  0%)     0/104(  0%)     0/104(  0%)    0/16(  0%)      0/16(  0%)     0/16(  0%)
H:       0/208(  0%)     0/104(  0%)     0/104(  0%)    0/16(  0%)      0/16(  0%)     0/16(  0%)
I:       0/208(  0%)     0/104(  0%)     0/104(  0%)    0/16(  0%)      0/16(  0%)     0/16(  0%)


Column FastTrack Interconnect:

         FastTrack                                 
Column  Interconnect    Input Pins     Output Pins     Bidir Pins
01:      0/24(  0%)     0/4(  0%)      0/4(  0%)       0/4(  0%)
02:      0/24(  0%)     0/4(  0%)      0/4(  0%)       0/4(  0%)
03:      0/24(  0%)     0/4(  0%)      0/4(  0%)       0/4(  0%)
04:      0/24(  0%)     0/4(  0%)      0/4(  0%)       0/4(  0%)
05:      0/24(  0%)     0/4(  0%)      0/4(  0%)       0/4(  0%)
06:      0/24(  0%)     0/4(  0%)      0/4(  0%)       0/4(  0%)
07:      0/24(  0%)     0/4(  0%)      0/4(  0%)       0/4(  0%)
08:      0/24(  0%)     0/4(  0%)      0/4(  0%)       0/4(  0%)
09:      0/24(  0%)     0/4(  0%)      0/4(  0%)       0/4(  0%)
10:      0/24(  0%)     0/4(  0%)      0/4(  0%)       0/4(  0%)
11:      0/24(  0%)     0/4(  0%)      0/4(  0%)       0/4(  0%)
12:      0/24(  0%)     0/4(  0%)      0/4(  0%)       0/4(  0%)
13:      0/24(  0%)     0/4(  0%)      0/4(  0%)       0/4(  0%)
14:      0/24(  0%)     0/4(  0%)      0/4(  0%)       0/4(  0%)
15:      0/24(  0%)     0/4(  0%)      0/4(  0%)       0/4(  0%)
16:      0/24(  0%)     0/4(  0%)      0/4(  0%)       0/4(  0%)
17:      0/24(  0%)     0/4(  0%)      0/4(  0%)       0/4(  0%)
18:      0/24(  0%)     0/4(  0%)      0/4(  0%)       0/4(  0%)
19:      0/24(  0%)     0/4(  0%)      0/4(  0%)       0/4(  0%)
20:      0/24(  0%)     0/4(  0%)      0/4(  0%)       0/4(  0%)
21:      0/24(  0%)     0/4(  0%)      0/4(  0%)       0/4(  0%)
22:      0/24(  0%)     0/4(  0%)      0/4(  0%)       0/4(  0%)
23:      0/24(  0%)     0/4(  0%)      0/4(  0%)       0/4(  0%)
24:      0/24(  0%)     0/4(  0%)      0/4(  0%)       0/4(  0%)
25:      0/24(  0%)     0/4(  0%)      0/4(  0%)       0/4(  0%)
26:      0/24(  0%)     0/4(  0%)      0/4(  0%)       0/4(  0%)
27:      0/24(  0%)     0/4(  0%)      0/4(  0%)       0/4(  0%)
28:      0/24(  0%)     0/4(  0%)      0/4(  0%)       0/4(  0%)
29:      0/24(  0%)     0/4(  0%)      0/4(  0%)       0/4(  0%)
30:      1/24(  4%)     0/4(  0%)      1/4( 25%)       0/4(  0%)
31:      0/24(  0%)     0/4(  0%)      0/4(  0%)       0/4(  0%)
32:      0/24(  0%)     0/4(  0%)      0/4(  0%)       0/4(  0%)
33:      0/24(  0%)     0/4(  0%)      0/4(  0%)       0/4(  0%)
34:      0/24(  0%)     0/4(  0%)      0/4(  0%)       0/4(  0%)
35:      0/24(  0%)     0/4(  0%)      0/4(  0%)       0/4(  0%)
36:      1/24(  4%)     1/4( 25%)      0/4(  0%)       0/4(  0%)
37:      0/24(  0%)     0/4(  0%)      0/4(  0%)       0/4(  0%)
38:      0/24(  0%)     0/4(  0%)      0/4(  0%)       0/4(  0%)
39:      0/24(  0%)     0/4(  0%)      0/4(  0%)       0/4(  0%)
40:      0/24(  0%)     0/4(  0%)      0/4(  0%)       0/4(  0%)
41:      0/24(  0%)     0/4(  0%)      0/4(  0%)       0/4(  0%)
42:      0/24(  0%)     0/4(  0%)      0/4(  0%)       0/4(  0%)
43:      1/24(  4%)     0/4(  0%)      1/4( 25%)       0/4(  0%)
44:      0/24(  0%)     0/4(  0%)      0/4(  0%)       0/4(  0%)
45:      0/24(  0%)     0/4(  0%)      0/4(  0%)       0/4(  0%)
46:      0/24(  0%)     0/4(  0%)      0/4(  0%)       0/4(  0%)
47:      0/24(  0%)     0/4(  0%)      0/4(  0%)       0/4(  0%)
48:      0/24(  0%)     0/4(  0%)      0/4(  0%)       0/4(  0%)
49:      0/24(  0%)     0/4(  0%)      0/4(  0%)       0/4(  0%)
50:      0/24(  0%)     0/4(  0%)      0/4(  0%)       0/4(  0%)
51:      0/24(  0%)     0/4(  0%)      0/4(  0%)       0/4(  0%)
52:      0/24(  0%)     0/4(  0%)      0/4(  0%)       0/4(  0%)
EA:      0/24(  0%)     0/4(  0%)      0/4(  0%)       0/4(  0%)


Device-Specific Information:e:\vhdldesigns\ee231\designproblems\02alu\multiplier.rpt
multiplier

** EQUATIONS **

x_in0    : INPUT;
x_in1    : INPUT;
x_in2    : INPUT;
x_in3    : INPUT;
x_in4    : INPUT;
y_in0    : INPUT;
y_in1    : INPUT;
y_in2    : INPUT;
y_in3    : INPUT;
y_in4    : INPUT;

-- Node name is 'f0' 
-- Equation name is 'f0', type is output 
f0       =  _LC5_D31;

-- Node name is 'f1' 
-- Equation name is 'f1', type is output 
f1       =  _LC6_E44;

-- Node name is 'f2' 
-- Equation name is 'f2', type is output 
f2       =  _LC2_E44;

-- Node name is 'f3' 
-- Equation name is 'f3', type is output 
f3       =  _LC2_E43;

-- Node name is 'f4' 
-- Equation name is 'f4', type is output 
f4       =  _LC8_E43;

-- Node name is 'f5' 
-- Equation name is 'f5', type is output 
f5       =  _LC5_E43;

-- Node name is 'f6' 
-- Equation name is 'f6', type is output 
f6       =  _LC1_E38;

-- Node name is 'f7' 
-- Equation name is 'f7', type is output 
f7       =  _LC1_E29;

-- Node name is 'f8' 
-- Equation name is 'f8', type is output 
f8       =  _LC4_E29;

-- Node name is 'f9' 
-- Equation name is 'f9', type is output 
f9       =  _LC6_E29;

-- Node name is '|LPM_ADD_SUB:589|addcore:adder|:63' from file "addcore.tdf" line 312, column 64
-- Equation name is '_LC8_E42', type is buried 
_LC8_E42 = LCELL( _EQ001);
  _EQ001 = !x_in0 & !x_in1 & !x_in2;

-- Node name is '|LPM_ADD_SUB:589|addcore:adder|:80' from file "addcore.tdf" line 316, column 67
-- Equation name is '_LC4_E42', type is buried 
_LC4_E42 = LCELL( _EQ002);
  _EQ002 = !x_in0 & !x_in1 &  x_in2
         #  x_in1 & !x_in2
         #  x_in0 & !x_in2;

-- Node name is '|LPM_ADD_SUB:589|addcore:adder|:81' from file "addcore.tdf" line 316, column 67
-- Equation name is '_LC2_E42', type is buried 
_LC2_E42 = LCELL( _EQ003);
  _EQ003 = !x_in0 & !x_in1 & !x_in2 &  x_in3
         #  x_in1 & !x_in3
         #  x_in0 & !x_in3
         #  x_in2 & !x_in3;

-- Node name is '|LPM_ADD_SUB:589|addcore:adder|:82' from file "addcore.tdf" line 316, column 67
-- Equation name is '_LC1_E42', type is buried 
_LC1_E42 = LCELL( _EQ004);
  _EQ004 =  _LC8_E42 & !x_in3 &  x_in4
         # !_LC8_E42 & !x_in4
         #  x_in3 & !x_in4;

-- Node name is '|LPM_ADD_SUB:600|addcore:adder|:63' from file "addcore.tdf" line 312, column 64
-- Equation name is '_LC7_E44', type is buried 
_LC7_E44 = LCELL( _EQ005);
  _EQ005 = !y_in0 & !y_in1 & !y_in2;

-- Node name is '|LPM_ADD_SUB:972|addcore:adder|pcarry1' from file "addcore.tdf" line 312, column 40
-- Equation name is '_LC5_E44', type is buried 
_LC5_E44 = LCELL( _EQ006);
  _EQ006 =  _LC6_E42 &  _LC7_E42 &  y_in0
         #  _LC7_E42 &  x_in0 &  y_in0;

-- Node name is '|LPM_ADD_SUB:972|addcore:adder|pcarry2' from file "addcore.tdf" line 312, column 40
-- Equation name is '_LC1_E34', type is buried 
_LC1_E34 = LCELL( _EQ007);
  _EQ007 =  _LC5_E42 &  _LC5_E44 &  y_in0
         #  _LC5_E44 &  _LC6_E42
         #  _LC5_E42 &  _LC6_E42 &  y_in0;

-- Node name is '|LPM_ADD_SUB:972|addcore:adder|pcarry3' from file "addcore.tdf" line 312, column 40
-- Equation name is '_LC3_E38', type is buried 
_LC3_E38 = LCELL( _EQ008);
  _EQ008 =  _LC1_E34 &  _LC3_E42 &  y_in0
         #  _LC1_E34 &  _LC5_E42
         #  _LC3_E42 &  _LC5_E42 &  y_in0;

-- Node name is '|LPM_ADD_SUB:972|addcore:adder|:97' from file "addcore.tdf" line 316, column 67
-- Equation name is '_LC8_E44', type is buried 
_LC8_E44 = LCELL( _EQ009);
  _EQ009 =  _LC6_E42 &  x_in0 &  y_in0
         #  _LC6_E42 & !_LC7_E42 &  y_in0
         #  _LC7_E42 & !y_in0
         # !_LC6_E42 &  _LC7_E42 & !x_in0;

-- Node name is '|LPM_ADD_SUB:972|addcore:adder|:98' from file "addcore.tdf" line 316, column 67
-- Equation name is '_LC5_E34', type is buried 
_LC5_E34 = LCELL( _EQ010);
  _EQ010 =  _LC5_E42 &  _LC5_E44 &  _LC6_E42 &  y_in0
         # !_LC5_E42 &  _LC5_E44 & !_LC6_E42
         #  _LC5_E44 & !_LC6_E42 & !y_in0
         #  _LC5_E42 & !_LC5_E44 & !_LC6_E42 &  y_in0
         # !_LC5_E42 & !_LC5_E44 &  _LC6_E42
         # !_LC5_E44 &  _LC6_E42 & !y_in0;

-- Node name is '|LPM_ADD_SUB:972|addcore:adder|:99' from file "addcore.tdf" line 316, column 67
-- Equation name is '_LC6_E34', type is buried 
_LC6_E34 = LCELL( _EQ011);
  _EQ011 =  _LC1_E34 &  _LC3_E42 &  _LC5_E42 &  y_in0
         #  _LC1_E34 & !_LC3_E42 & !_LC5_E42
         #  _LC1_E34 & !_LC5_E42 & !y_in0
         # !_LC1_E34 &  _LC3_E42 & !_LC5_E42 &  y_in0
         # !_LC1_E34 & !_LC3_E42 &  _LC5_E42
         # !_LC1_E34 &  _LC5_E42 & !y_in0;

-- Node name is '|LPM_ADD_SUB:1218|addcore:adder|pcarry1' from file "addcore.tdf" line 312, column 40
-- Equation name is '_LC8_E34', type is buried 
_LC8_E34 = LCELL( _EQ012);
  _EQ012 =  _LC3_E34 &  _LC7_E42
         #  _LC1_E44 &  _LC3_E34 &  x_in0
         #  _LC1_E44 &  _LC7_E42 &  x_in0;

-- Node name is '|LPM_ADD_SUB:1218|addcore:adder|pcarry2' from file "addcore.tdf" line 312, column 40
-- Equation name is '_LC2_E34', type is buried 
_LC2_E34 = LCELL( _EQ013);
  _EQ013 =  _LC6_E42 &  _LC7_E34
         #  _LC7_E34 &  _LC8_E34
         #  _LC6_E42 &  _LC8_E34;

-- Node name is '|LPM_ADD_SUB:1218|addcore:adder|pcarry3' from file "addcore.tdf" line 312, column 40
-- Equation name is '_LC6_E28', type is buried 
_LC6_E28 = LCELL( _EQ014);
  _EQ014 =  _LC2_E34 &  _LC4_E28
         #  _LC2_E34 &  _LC5_E42
         #  _LC4_E28 &  _LC5_E42;

-- Node name is '|LPM_ADD_SUB:1218|addcore:adder|:60' from file "addcore.tdf" line 308, column 28
-- Equation name is '_LC3_E43', type is buried 
_LC3_E43 = LCELL( _EQ015);
  _EQ015 =  _LC1_E44 &  x_in0;

-- Node name is '|LPM_ADD_SUB:1464|addcore:adder|pcarry1' from file "addcore.tdf" line 312, column 40
-- Equation name is '_LC6_E38', type is buried 
_LC6_E38 = LCELL( _EQ016);
  _EQ016 =  _LC4_E34 &  _LC7_E42
         #  _LC4_E34 &  _LC4_E43 &  x_in0
         #  _LC4_E43 &  _LC7_E42 &  x_in0;

-- Node name is '|LPM_ADD_SUB:1464|addcore:adder|pcarry2' from file "addcore.tdf" line 312, column 40
-- Equation name is '_LC4_E38', type is buried 
_LC4_E38 = LCELL( _EQ017);
  _EQ017 =  _LC3_E28 &  _LC6_E38
         #  _LC6_E38 &  _LC6_E42
         #  _LC3_E28 &  _LC6_E42;

-- Node name is '|LPM_ADD_SUB:1464|addcore:adder|pcarry3' from file "addcore.tdf" line 312, column 40
-- Equation name is '_LC2_E29', type is buried 
_LC2_E29 = LCELL( _EQ018);
  _EQ018 =  _LC2_E28 &  _LC4_E38
         #  _LC4_E38 &  _LC5_E42
         #  _LC2_E28 &  _LC5_E42;

-- Node name is '|LPM_ADD_SUB:1464|addcore:adder|:60' from file "addcore.tdf" line 308, column 28
-- Equation name is '_LC6_E43', type is buried 
_LC6_E43 = LCELL( _EQ019);
  _EQ019 =  _LC4_E43 &  x_in0;

-- Node name is '|LPM_ADD_SUB:1716|addcore:adder|pcarry1' from file "addcore.tdf" line 312, column 40
-- Equation name is '_LC7_E38', type is buried 
_LC7_E38 = LCELL( _EQ020);
  _EQ020 =  _LC5_E38 &  _LC7_E42
         #  _LC1_E43 &  _LC5_E38 &  x_in0
         #  _LC1_E43 &  _LC7_E42 &  x_in0;

-- Node name is '|LPM_ADD_SUB:1716|addcore:adder|pcarry2' from file "addcore.tdf" line 312, column 40
-- Equation name is '_LC2_E38', type is buried 
_LC2_E38 = LCELL( _EQ021);
  _EQ021 =  _LC7_E38 &  _LC8_E38
         #  _LC6_E42 &  _LC7_E38
         #  _LC6_E42 &  _LC8_E38;

-- Node name is '|LPM_ADD_SUB:1716|addcore:adder|pcarry3' from file "addcore.tdf" line 312, column 40
-- Equation name is '_LC7_E29', type is buried 
_LC7_E29 = LCELL( _EQ022);
  _EQ022 =  _LC2_E38 &  _LC3_E29
         #  _LC2_E38 &  _LC5_E42
         #  _LC3_E29 &  _LC5_E42;

-- Node name is '|LPM_ADD_SUB:1716|addcore:adder|~97~1' from file "addcore.tdf" line 316, column 67
-- Equation name is '_LC7_E43', type is buried 
-- synthesized logic cell 
_LC7_E43 = LCELL( _EQ023);
  _EQ023 = !x_in0 &  x_in1
         # !_LC1_E43 &  x_in0 & !x_in1
         #  _LC1_E43 &  x_in1;

-- Node name is '|LPM_ADD_SUB:1716|addcore:adder|~101~1' from file "addcore.tdf" line 316, column 67
-- Equation name is '_LC8_E29', type is buried 
-- synthesized logic cell 
_LC8_E29 = LCELL( _EQ024);
  _EQ024 =  _LC3_E42 & !_LC5_E29 &  _LC7_E29
         # !_LC3_E42 &  _LC5_E29;

-- Node name is ':625' 
-- Equation name is '_LC3_E42', type is buried 
_LC3_E42 = LCELL( _EQ025);
  _EQ025 =  _LC1_E42 &  y_in4
         #  x_in4 & !y_in4;

-- Node name is ':631' 
-- Equation name is '_LC5_E42', type is buried 
_LC5_E42 = LCELL( _EQ026);
  _EQ026 =  _LC2_E42 &  y_in4
         #  x_in3 & !y_in4;

-- Node name is ':637' 
-- Equation name is '_LC6_E42', type is buried 
_LC6_E42 = LCELL( _EQ027);
  _EQ027 =  x_in2 & !y_in4
         #  x_in1 & !x_in2 &  y_in4
         #  x_in0 & !x_in2 &  y_in4
         # !x_in0 & !x_in1 &  x_in2;

-- Node name is ':643' 
-- Equation name is '_LC7_E42', type is buried 
_LC7_E42 = LCELL( _EQ028);
  _EQ028 =  x_in1 & !y_in4
         #  x_in0 & !x_in1 &  y_in4
         # !x_in0 &  x_in1;

-- Node name is ':657' 
-- Equation name is '_LC2_E32', type is buried 
_LC2_E32 = LCELL( _EQ029);
  _EQ029 =  _LC7_E44 & !y_in3 &  y_in4;

-- Node name is ':661' 
-- Equation name is '_LC1_E32', type is buried 
_LC1_E32 = LCELL( _EQ030);
  _EQ030 =  _LC7_E44 &  y_in3
         # !_LC7_E44 & !y_in3 &  y_in4
         #  y_in3 & !y_in4;

-- Node name is '~667~1' 
-- Equation name is '~667~1', location is LC8_E28, type is buried.
-- synthesized logic cell 
_LC8_E28 = LCELL( _EQ031);
  _EQ031 =  _LC3_E42 & !_LC6_E28;

-- Node name is ':667' 
-- Equation name is '_LC3_E44', type is buried 
!_LC3_E44 = _LC3_E44~NOT;
_LC3_E44~NOT = LCELL( _EQ032);
  _EQ032 = !y_in0 & !y_in1 & !y_in2
         #  y_in1 &  y_in2 &  y_in4
         #  y_in0 &  y_in2 &  y_in4
         # !y_in2 & !y_in4;

-- Node name is ':673' 
-- Equation name is '_LC4_E44', type is buried 
_LC4_E44 = LCELL( _EQ033);
  _EQ033 =  y_in1 & !y_in4
         #  y_in0 & !y_in1 &  y_in4
         # !y_in0 &  y_in1;

-- Node name is ':841' 
-- Equation name is '_LC5_D31', type is buried 
_LC5_D31 = LCELL( _EQ034);
  _EQ034 =  x_in0 &  y_in0;

-- Node name is ':1085' 
-- Equation name is '_LC5_E28', type is buried 
_LC5_E28 = LCELL( _EQ035);
  _EQ035 =  _LC3_E42 &  y_in0
         # !_LC3_E38 &  _LC3_E42 &  _LC4_E44;

-- Node name is ':1091' 
-- Equation name is '_LC4_E28', type is buried 
_LC4_E28 = LCELL( _EQ036);
  _EQ036 =  _LC3_E38 &  _LC4_E44 &  y_in0
         #  _LC3_E38 & !_LC3_E42 &  _LC4_E44
         # !_LC3_E38 &  _LC3_E42 &  _LC4_E44 & !y_in0
         #  _LC3_E42 & !_LC4_E44 &  y_in0;

-- Node name is ':1097' 
-- Equation name is '_LC7_E34', type is buried 
_LC7_E34 = LCELL( _EQ037);
  _EQ037 =  _LC3_E42 & !_LC4_E44 &  y_in0
         #  _LC4_E44 &  _LC6_E34;

-- Node name is ':1103' 
-- Equation name is '_LC3_E34', type is buried 
_LC3_E34 = LCELL( _EQ038);
  _EQ038 =  _LC4_E44 &  _LC5_E34
         # !_LC4_E44 &  _LC5_E42 &  y_in0;

-- Node name is ':1109' 
-- Equation name is '_LC1_E44', type is buried 
_LC1_E44 = LCELL( _EQ039);
  _EQ039 = !_LC4_E44 &  _LC6_E42 &  y_in0
         #  _LC4_E44 &  _LC8_E44;

-- Node name is ':1115' 
-- Equation name is '_LC6_E44', type is buried 
_LC6_E44 = LCELL( _EQ040);
  _EQ040 = !_LC4_E44 &  _LC7_E42 &  y_in0
         #  _LC7_E42 & !x_in0 &  y_in0
         #  _LC4_E44 & !_LC7_E42 &  x_in0
         #  _LC4_E44 &  x_in0 & !y_in0;

-- Node name is '~1331~1' 
-- Equation name is '~1331~1', location is LC7_E28, type is buried.
-- synthesized logic cell 
_LC7_E28 = LCELL( VCC);

-- Node name is ':1331' 
-- Equation name is '_LC1_E28', type is buried 
_LC1_E28 = LCELL( _EQ041);
  _EQ041 =  _LC3_E44 & !_LC5_E28 & !_LC7_E28
         #  _LC5_E28 &  _LC7_E28
         #  _LC3_E44 &  _LC8_E28
         # !_LC3_E44 &  _LC5_E28;

-- Node name is ':1337' 
-- Equation name is '_LC2_E28', type is buried 
_LC2_E28 = LCELL( _EQ042);
  _EQ042 = !_LC3_E44 &  _LC5_E28
         #  _LC3_E42 &  _LC5_E28 &  _LC6_E28
         # !_LC3_E42 &  _LC3_E44 & !_LC5_E28 &  _LC6_E28
         # !_LC3_E42 &  _LC5_E28 & !_LC6_E28
         #  _LC3_E42 &  _LC3_E44 & !_LC5_E28 & !_LC6_E28;

-- Node name is ':1343' 
-- Equation name is '_LC3_E28', type is buried 
_LC3_E28 = LCELL( _EQ043);
  _EQ043 =  _LC2_E34 &  _LC4_E28 &  _LC5_E42
         #  _LC2_E34 &  _LC3_E44 & !_LC4_E28 & !_LC5_E42
         # !_LC2_E34 &  _LC4_E28 & !_LC5_E42
         # !_LC2_E34 &  _LC3_E44 & !_LC4_E28 &  _LC5_E42
         # !_LC3_E44 &  _LC4_E28;

-- Node name is ':1349' 
-- Equation name is '_LC4_E34', type is buried 
_LC4_E34 = LCELL( _EQ044);
  _EQ044 =  _LC6_E42 &  _LC7_E34 &  _LC8_E34
         #  _LC3_E44 & !_LC6_E42 & !_LC7_E34 &  _LC8_E34
         # !_LC6_E42 &  _LC7_E34 & !_LC8_E34
         #  _LC3_E44 &  _LC6_E42 & !_LC7_E34 & !_LC8_E34
         # !_LC3_E44 &  _LC7_E34;

-- Node name is ':1355' 
-- Equation name is '_LC4_E43', type is buried 
_LC4_E43 = LCELL( _EQ045);
  _EQ045 = !_LC3_E34 &  _LC3_E43 &  _LC3_E44 & !_LC7_E42
         # !_LC3_E34 & !_LC3_E43 &  _LC3_E44 &  _LC7_E42
         #  _LC3_E34 &  _LC3_E43 &  _LC7_E42
         #  _LC3_E34 & !_LC3_E43 & !_LC7_E42
         #  _LC3_E34 & !_LC3_E44;

-- Node name is ':1361' 
-- Equation name is '_LC2_E44', type is buried 
_LC2_E44 = LCELL( _EQ046);
  _EQ046 =  _LC1_E44 & !x_in0
         # !_LC1_E44 &  _LC3_E44 &  x_in0
         #  _LC1_E44 & !_LC3_E44;

-- Node name is ':1577' 
-- Equation name is '_LC5_E29', type is buried 
_LC5_E29 = LCELL( _EQ047);
  _EQ047 =  _LC1_E28 & !_LC1_E32
         #  _LC1_E28 & !_LC2_E29
         #  _LC1_E32 & !_LC2_E29 &  _LC3_E42
         #  _LC1_E28 &  _LC3_E42;

-- Node name is ':1583' 
-- Equation name is '_LC3_E29', type is buried 
_LC3_E29 = LCELL( _EQ048);
  _EQ048 =  _LC1_E28 & !_LC2_E29 & !_LC3_E42
         # !_LC1_E28 &  _LC1_E32 & !_LC2_E29 &  _LC3_E42
         #  _LC1_E28 &  _LC2_E29 &  _LC3_E42
         # !_LC1_E28 &  _LC1_E32 &  _LC2_E29 & !_LC3_E42
         #  _LC1_E28 & !_LC1_E32;

-- Node name is ':1589' 
-- Equation name is '_LC8_E38', type is buried 
_LC8_E38 = LCELL( _EQ049);
  _EQ049 =  _LC2_E28 &  _LC4_E38 &  _LC5_E42
         #  _LC1_E32 & !_LC2_E28 &  _LC4_E38 & !_LC5_E42
         #  _LC2_E28 & !_LC4_E38 & !_LC5_E42
         #  _LC1_E32 & !_LC2_E28 & !_LC4_E38 &  _LC5_E42
         # !_LC1_E32 &  _LC2_E28;

-- Node name is ':1595' 
-- Equation name is '_LC5_E38', type is buried 
_LC5_E38 = LCELL( _EQ050);
  _EQ050 =  _LC3_E28 &  _LC6_E38 &  _LC6_E42
         #  _LC1_E32 & !_LC3_E28 &  _LC6_E38 & !_LC6_E42
         #  _LC3_E28 & !_LC6_E38 & !_LC6_E42
         #  _LC1_E32 & !_LC3_E28 & !_LC6_E38 &  _LC6_E42
         # !_LC1_E32 &  _LC3_E28;

-- Node name is ':1601' 
-- Equation name is '_LC1_E43', type is buried 
_LC1_E43 = LCELL( _EQ051);
  _EQ051 = !_LC1_E32 &  _LC4_E34
         #  _LC4_E34 &  _LC6_E43 &  _LC7_E42
         #  _LC4_E34 & !_LC6_E43 & !_LC7_E42
         #  _LC1_E32 & !_LC4_E34 &  _LC6_E43 & !_LC7_E42
         #  _LC1_E32 & !_LC4_E34 & !_LC6_E43 &  _LC7_E42;

-- Node name is ':1607' 
-- Equation name is '_LC2_E43', type is buried 
_LC2_E43 = LCELL( _EQ052);
  _EQ052 = !_LC1_E32 &  _LC4_E43
         #  _LC4_E43 & !x_in0
         #  _LC1_E32 & !_LC4_E43 &  x_in0;

-- Node name is ':1858' 
-- Equation name is '_LC6_E29', type is buried 
_LC6_E29 = LCELL( _EQ053);
  _EQ053 = !_LC1_E42 &  _LC2_E32 &  _LC8_E29
         #  _LC1_E42 &  _LC2_E32 & !_LC8_E29
         # !_LC2_E32 &  _LC5_E29;

-- Node name is ':1864' 
-- Equation name is '_LC4_E29', type is buried 
_LC4_E29 = LCELL( _EQ054);
  _EQ054 = !_LC2_E32 &  _LC5_E29
         #  _LC1_E42 &  _LC5_E29 &  _LC7_E29
         # !_LC1_E42 &  _LC2_E32 & !_LC5_E29 &  _LC7_E29
         # !_LC1_E42 &  _LC5_E29 & !_LC7_E29
         #  _LC1_E42 &  _LC2_E32 & !_LC5_E29 & !_LC7_E29;

-- Node name is ':1870' 
-- Equation name is '_LC1_E29', type is buried 
_LC1_E29 = LCELL( _EQ055);
  _EQ055 =  _LC2_E32 &  _LC2_E38 & !_LC2_E42 & !_LC3_E29
         #  _LC2_E32 & !_LC2_E38 &  _LC2_E42 & !_LC3_E29
         #  _LC2_E38 &  _LC2_E42 &  _LC3_E29
         # !_LC2_E38 & !_LC2_E42 &  _LC3_E29
         # !_LC2_E32 &  _LC3_E29;

-- Node name is ':1876' 
-- Equation name is '_LC1_E38', type is buried 
_LC1_E38 = LCELL( _EQ056);
  _EQ056 =  _LC2_E32 & !_LC4_E42 &  _LC7_E38 & !_LC8_E38
         #  _LC2_E32 &  _LC4_E42 & !_LC7_E38 & !_LC8_E38
         #  _LC4_E42 &  _LC7_E38 &  _LC8_E38
         # !_LC4_E42 & !_LC7_E38 &  _LC8_E38
         # !_LC2_E32 &  _LC8_E38;

-- Node name is ':1882' 
-- Equation name is '_LC5_E43', type is buried 
_LC5_E43 = LCELL( _EQ057);
  _EQ057 =  _LC2_E32 & !_LC5_E38 &  _LC7_E43
         #  _LC5_E38 & !_LC7_E43
         # !_LC2_E32 &  _LC5_E38;

-- Node name is ':1888' 
-- Equation name is '_LC8_E43', type is buried 
_LC8_E43 = LCELL( _EQ058);
  _EQ058 =  _LC1_E43 & !_LC2_E32
         #  _LC1_E43 & !x_in0
         # !_LC1_E43 &  _LC2_E32 &  x_in0;



Project Information   e:\vhdldesigns\ee231\designproblems\02alu\multiplier.rpt

** COMPILATION SETTINGS & TIMES **

Processing Menu Commands
------------------------

Design Doctor                             = off

Logic Synthesis:

   Synthesis Type Used                    = Multi-Level

   Default Synthesis Style                = NORMAL

      Logic option settings in 'NORMAL' style for 'FLEX10K' family

      CARRY_CHAIN                         = ignore
      CARRY_CHAIN_LENGTH                  = 32
      CASCADE_CHAIN                       = ignore
      CASCADE_CHAIN_LENGTH                = 2
      DECOMPOSE_GATES                     = on
      DUPLICATE_LOGIC_EXTRACTION          = on
      MINIMIZATION                        = full
      MULTI_LEVEL_FACTORING               = on
      NOT_GATE_PUSH_BACK                  = on
      REDUCE_LOGIC                        = on
      REFACTORIZATION                     = on
      REGISTER_OPTIMIZATION               = on
      RESYNTHESIZE_NETWORK                = on
      SLOW_SLEW_RATE                      = off
      SUBFACTOR_EXTRACTION                = on
      IGNORE_SOFT_BUFFERS                 = on
      USE_LPM_FOR_AHDL_OPERATORS          = off

   Other logic synthesis settings:

      Automatic Global Clock              = on
      Automatic Global Clear              = on
      Automatic Global Preset             = on
      Automatic Global Output Enable      = on
      Automatic Fast I/O                  = off
      Automatic Register Packing          = off
      Automatic Open-Drain Pins           = on
      Automatic Implement in EAB          = off
      Optimize                            = 5

Default Timing Specifications: None

Cut All Bidir Feedback Timing Paths       = on
Cut All Clear & Preset Timing Paths       = on

Ignore Timing Assignments                 = on

Functional SNF Extractor                  = off

Linked SNF Extractor                      = off
Timing SNF Extractor                      = on
Optimize Timing SNF                       = off
Generate AHDL TDO File                    = off
Fitter Settings                           = NORMAL
Use Quartus Fitter                        = on
Smart Recompile                           = off
Total Recompile                           = off

Interfaces Menu Commands
------------------------

EDIF Netlist Writer                       = off
Verilog Netlist Writer                    = off
VHDL Netlist Writer                       = on

Compilation Times
-----------------

   Compiler Netlist Extractor             00:00:00
   Database Builder                       00:00:01
   Logic Synthesizer                      00:00:00
   Partitioner                            00:00:01
   Fitter                                 00:00:10
   Timing SNF Extractor                   00:00:00
   VHDL Netlist Writer                    00:00:00
   Assembler                              00:00:03
   --------------------------             --------
   Total Time                             00:00:15


Memory Allocated
-----------------

Peak memory allocated during compilation  = 34,513K
