Project Information                             c:\booksoft\chap12\ir_dist.rpt

MAX+plus II Compiler Report File
Version 10.1 06/12/2001
Compiled: 06/30/2001 13:45:45

Copyright (C) 1988-2001 Altera Corporation
Any megafunction design, and related net list (encrypted or decrypted),
support information, device programming or simulation file, and any other
associated documentation or information provided by Altera or a partner
under Altera's Megafunction Partnership Program may be used only to
program PLD devices (but not masked PLD devices) from Altera.  Any other
use of such megafunction design, net list, support information, device
programming or simulation file, or any other related documentation or
information is prohibited for any other purpose, including, but not
limited to modification, reverse engineering, de-compiling, or use with
any other silicon devices, unless such use is explicitly licensed under
a separate agreement with Altera or a megafunction partner.  Title to
the intellectual property, including patents, copyrights, trademarks,
trade secrets, or maskworks, embodied in any such megafunction design,
net list, support information, device programming or simulation file, or
any other related documentation or information provided by Altera or a
megafunction partner, remains with Altera, the megafunction partner, or
their respective licensors.  No other licenses, including any licenses
needed under any third party's intellectual property, are provided herein.



***** Project compilation was successful




** DEVICE SUMMARY **

Chip/                     Input Output Bidir  Memory  Memory  			 LCs
POF       Device          Pins  Pins   Pins   Bits % Utilized  LCs  % Utilized

ir_dist   EPF10K20RC240-3  2      17     0    0         0  %    127      11 %

User Pins:                 2      17     0  



Project Information                             c:\booksoft\chap12\ir_dist.rpt

** PROJECT COMPILATION MESSAGES **

Warning: Project has user pin or logic cell assignments, but has never been compiled before. For best fitting results, let the Compiler choose the first set of assignments instead.


Project Information                             c:\booksoft\chap12\ir_dist.rpt

** PIN/LOCATION/CHIP ASSIGNMENTS **

                  Actual                  
    User       Assignments                
Assignments   (if different)     Node Name

ir_dist@91                        Clock_25Mhz
ir_dist@17                        LSD_SEG_A
ir_dist@18                        LSD_SEG_B
ir_dist@19                        LSD_SEG_C
ir_dist@20                        LSD_SEG_D
ir_dist@25                        LSD_SEG_DP
ir_dist@21                        LSD_SEG_E
ir_dist@23                        LSD_SEG_F
ir_dist@24                        LSD_SEG_G
ir_dist@6                         MSD_SEG_A
ir_dist@7                         MSD_SEG_B
ir_dist@8                         MSD_SEG_C
ir_dist@9                         MSD_SEG_D
ir_dist@14                        MSD_SEG_DP
ir_dist@11                        MSD_SEG_E
ir_dist@12                        MSD_SEG_F
ir_dist@13                        MSD_SEG_G
ir_dist@159                       VIN
ir_dist@161                       VOUT


Project Information                             c:\booksoft\chap12\ir_dist.rpt

** FILE HIERARCHY **



|dec_7seg:4|
|dec_7seg:3|
|clk_div:1|
|clk_div:1|lpm_add_sub:119|
|clk_div:1|lpm_add_sub:119|addcore:adder|
|clk_div:1|lpm_add_sub:119|altshift:result_ext_latency_ffs|
|clk_div:1|lpm_add_sub:119|altshift:carry_ext_latency_ffs|
|clk_div:1|lpm_add_sub:119|altshift:oflow_ext_latency_ffs|
|clk_div:1|lpm_add_sub:279|
|clk_div:1|lpm_add_sub:279|addcore:adder|
|clk_div:1|lpm_add_sub:279|altshift:result_ext_latency_ffs|
|clk_div:1|lpm_add_sub:279|altshift:carry_ext_latency_ffs|
|clk_div:1|lpm_add_sub:279|altshift:oflow_ext_latency_ffs|
|clk_div:1|lpm_add_sub:362|
|clk_div:1|lpm_add_sub:362|addcore:adder|
|clk_div:1|lpm_add_sub:362|altshift:result_ext_latency_ffs|
|clk_div:1|lpm_add_sub:362|altshift:carry_ext_latency_ffs|
|clk_div:1|lpm_add_sub:362|altshift:oflow_ext_latency_ffs|
|clk_div:1|lpm_add_sub:445|
|clk_div:1|lpm_add_sub:445|addcore:adder|
|clk_div:1|lpm_add_sub:445|altshift:result_ext_latency_ffs|
|clk_div:1|lpm_add_sub:445|altshift:carry_ext_latency_ffs|
|clk_div:1|lpm_add_sub:445|altshift:oflow_ext_latency_ffs|
|clk_div:1|lpm_add_sub:528|
|clk_div:1|lpm_add_sub:528|addcore:adder|
|clk_div:1|lpm_add_sub:528|altshift:result_ext_latency_ffs|
|clk_div:1|lpm_add_sub:528|altshift:carry_ext_latency_ffs|
|clk_div:1|lpm_add_sub:528|altshift:oflow_ext_latency_ffs|
|clk_div:1|lpm_add_sub:611|
|clk_div:1|lpm_add_sub:611|addcore:adder|
|clk_div:1|lpm_add_sub:611|altshift:result_ext_latency_ffs|
|clk_div:1|lpm_add_sub:611|altshift:carry_ext_latency_ffs|
|clk_div:1|lpm_add_sub:611|altshift:oflow_ext_latency_ffs|
|clk_div:1|lpm_add_sub:694|
|clk_div:1|lpm_add_sub:694|addcore:adder|
|clk_div:1|lpm_add_sub:694|altshift:result_ext_latency_ffs|
|clk_div:1|lpm_add_sub:694|altshift:carry_ext_latency_ffs|
|clk_div:1|lpm_add_sub:694|altshift:oflow_ext_latency_ffs|
|gp2d02:32|
|gp2d02:32|lpm_add_sub:245|
|gp2d02:32|lpm_add_sub:245|addcore:adder|
|gp2d02:32|lpm_add_sub:245|altshift:result_ext_latency_ffs|
|gp2d02:32|lpm_add_sub:245|altshift:carry_ext_latency_ffs|
|gp2d02:32|lpm_add_sub:245|altshift:oflow_ext_latency_ffs|
|gp2d02:32|lpm_add_sub:389|
|gp2d02:32|lpm_add_sub:389|addcore:adder|
|gp2d02:32|lpm_add_sub:389|altshift:result_ext_latency_ffs|
|gp2d02:32|lpm_add_sub:389|altshift:carry_ext_latency_ffs|
|gp2d02:32|lpm_add_sub:389|altshift:oflow_ext_latency_ffs|
|gp2d02:32|lpm_add_sub:643|
|gp2d02:32|lpm_add_sub:643|addcore:adder|
|gp2d02:32|lpm_add_sub:643|altshift:result_ext_latency_ffs|
|gp2d02:32|lpm_add_sub:643|altshift:carry_ext_latency_ffs|
|gp2d02:32|lpm_add_sub:643|altshift:oflow_ext_latency_ffs|


Device-Specific Information:                    c:\booksoft\chap12\ir_dist.rpt
ir_dist

***** Logic for device 'ir_dist' compiled without errors.




Device: EPF10K20RC240-3

FLEX 10K Configuration Scheme: Passive Serial

Device Options:
    User-Supplied Start-Up Clock               = OFF
    Auto-Restart Configuration on Frame Error  = OFF
    Release Clears Before Tri-States           = OFF
    Enable Chip_Wide Reset                     = OFF
    Enable Chip-Wide Output Enable             = OFF
    Enable INIT_DONE Output                    = OFF
    JTAG User Code                             = 7f

                                                                                                                                          
                                                                                                                                          
                                                                                                                                          
                 R R R R R R R R   R R R R R R R   R R R R R R R   R R R       R R R R   R R R R R R R   R R R R R R R   R R R R R R R R  
                 E E E E E E E E   E E E E E E E   E E E E E E E   E E E       E E E E   E E E E E E E   E E E E E E E   E E E E E E E E  
                 S S S S S S S S G S S S S S S S V S S S S S S S G S S S G G G S S S S V S S S S S S S G S S S S S S S V S S S S S S S S  
                 E E E E E E E E N E E E E E E E C E E E E E E E N E E E N N N E E E E C E E E E E E E N E E E E E E E C E E E E E E E E  
                 R R R R R R R R D R R R R R R R C R R R R R R R D R R R D D D R R R R C R R R R R R R D R R R R R R R C R R R R R R R R  
                 V V V V V V V V I V V V V V V V I V V V V V V V I V V V I I I V V V V I V V V V V V V I V V V V V V V I V V V V V V V V  
                 E E E E E E E E N E E E E E E E N E E E E E E E N E E E N N N E E E E N E E E E E E E N E E E E E E E N E E E E E E E E  
                 D D D D D D D D T D D D D D D D T D D D D D D D T D D D T T T D D D D T D D D D D D D T D D D D D D D T D D D D D D D D  
               --------------------------------------------------------------------------------------------------------------------------_ 
              / 240 238 236 234 232 230 228 226 224 222 220 218 216 214 212 210 208 206 204 202 200 198 196 194 192 190 188 186 184 182   |_ 
             /    239 237 235 233 231 229 227 225 223 221 219 217 215 213 211 209 207 205 203 201 199 197 195 193 191 189 187 185 183 181    | 
       #TCK |  1                                                                                                                         180 | ^DATA0 
 ^CONF_DONE |  2                                                                                                                         179 | ^DCLK 
      ^nCEO |  3                                                                                                                         178 | ^nCE 
       #TDO |  4                                                                                                                         177 | #TDI 
     VCCINT |  5                                                                                                                         176 | GNDINT 
  MSD_SEG_A |  6                                                                                                                         175 | RESERVED 
  MSD_SEG_B |  7                                                                                                                         174 | RESERVED 
  MSD_SEG_C |  8                                                                                                                         173 | RESERVED 
  MSD_SEG_D |  9                                                                                                                         172 | RESERVED 
     GNDINT | 10                                                                                                                         171 | RESERVED 
  MSD_SEG_E | 11                                                                                                                         170 | VCCINT 
  MSD_SEG_F | 12                                                                                                                         169 | RESERVED 
  MSD_SEG_G | 13                                                                                                                         168 | RESERVED 
 MSD_SEG_DP | 14                                                                                                                         167 | RESERVED 
   RESERVED | 15                                                                                                                         166 | RESERVED 
     VCCINT | 16                                                                                                                         165 | GNDINT 
  LSD_SEG_A | 17                                                                                                                         164 | RESERVED 
  LSD_SEG_B | 18                                                                                                                         163 | RESERVED 
  LSD_SEG_C | 19                                                                                                                         162 | RESERVED 
  LSD_SEG_D | 20                                                                                                                         161 | VOUT 
  LSD_SEG_E | 21                                                                                                                         160 | VCCINT 
     GNDINT | 22                                                                                                                         159 | VIN 
  LSD_SEG_F | 23                                                                                                                         158 | RESERVED 
  LSD_SEG_G | 24                                                                                                                         157 | RESERVED 
 LSD_SEG_DP | 25                                                                                                                         156 | RESERVED 
   RESERVED | 26                                                                                                                         155 | GNDINT 
     VCCINT | 27                                                                                                                         154 | RESERVED 
   RESERVED | 28                                                                                                                         153 | RESERVED 
   RESERVED | 29                                                                                                                         152 | RESERVED 
   RESERVED | 30                                                                                                                         151 | RESERVED 
   RESERVED | 31                                                     EPF10K20RC240-3                                                     150 | VCCINT 
     GNDINT | 32                                                                                                                         149 | RESERVED 
   RESERVED | 33                                                                                                                         148 | RESERVED 
   RESERVED | 34                                                                                                                         147 | RESERVED 
   RESERVED | 35                                                                                                                         146 | RESERVED 
   RESERVED | 36                                                                                                                         145 | GNDINT 
     VCCINT | 37                                                                                                                         144 | RESERVED 
   RESERVED | 38                                                                                                                         143 | RESERVED 
   RESERVED | 39                                                                                                                         142 | RESERVED 
   RESERVED | 40                                                                                                                         141 | RESERVED 
   RESERVED | 41                                                                                                                         140 | VCCINT 
     GNDINT | 42                                                                                                                         139 | RESERVED 
   RESERVED | 43                                                                                                                         138 | RESERVED 
   RESERVED | 44                                                                                                                         137 | RESERVED 
   RESERVED | 45                                                                                                                         136 | RESERVED 
   RESERVED | 46                                                                                                                         135 | GNDINT 
     VCCINT | 47                                                                                                                         134 | RESERVED 
   RESERVED | 48                                                                                                                         133 | RESERVED 
   RESERVED | 49                                                                                                                         132 | RESERVED 
   RESERVED | 50                                                                                                                         131 | RESERVED 
   RESERVED | 51                                                                                                                         130 | VCCINT 
     GNDINT | 52                                                                                                                         129 | RESERVED 
   RESERVED | 53                                                                                                                         128 | RESERVED 
   RESERVED | 54                                                                                                                         127 | RESERVED 
   RESERVED | 55                                                                                                                         126 | RESERVED 
   RESERVED | 56                                                                                                                         125 | GNDINT 
     VCCINT | 57                                                                                                                         124 | ^MSEL0 
       #TMS | 58                                                                                                                         123 | ^MSEL1 
      #TRST | 59                                                                                                                         122 | VCCINT 
   ^nSTATUS | 60                                                                                                                         121 | ^nCONFIG 
            |      62  64  66  68  70  72  74  76  78  80  82  84  86  88  90  92  94  96  98 100 102 104 106 108 110 112 114 116 118 120  _| 
             \   61  63  65  67  69  71  73  75  77  79  81  83  85  87  89  91  93  95  97  99 101 103 105 107 109 111 113 115 117 119   | 
              \--------------------------------------------------------------------------------------------------------------------------- 
                 R R R R R R R R G R R R R R R R V R R R R R R R G R R R V G C G G R R V R R R R R R R G R R R R R R R V R R R R R R R R  
                 E E E E E E E E N E E E E E E E C E E E E E E E N E E E C N l N N E E C E E E E E E E N E E E E E E E C E E E E E E E E  
                 S S S S S S S S D S S S S S S S C S S S S S S S D S S S C D o D D S S C S S S S S S S D S S S S S S S C S S S S S S S S  
                 E E E E E E E E I E E E E E E E I E E E E E E E I E E E I I c I I E E I E E E E E E E I E E E E E E E I E E E E E E E E  
                 R R R R R R R R N R R R R R R R N R R R R R R R N R R R N N k N N R R N R R R R R R R N R R R R R R R N R R R R R R R R  
                 V V V V V V V V T V V V V V V V T V V V V V V V T V V V T T _ T T V V T V V V V V V V T V V V V V V V T V V V V V V V V  
                 E E E E E E E E   E E E E E E E   E E E E E E E   E E E     2     E E   E E E E E E E   E E E E E E E   E E E E E E E E  
                 D D D D D D D D   D D D D D D D   D D D D D D D   D D D     5     D D   D D D D D D D   D D D D D D D   D D D D D D D D  
                                                                             M                                                            
                                                                             h                                                            
                                                                             z                                                            


N.C. = No Connect. This pin has no internal connection to the device.
VCCINT = Dedicated power pin, which MUST be connected to VCC (5.0 volts).
VCCIO = Dedicated power pin, which MUST be connected to VCC (5.0 volts).
GNDINT = Dedicated ground pin or unused dedicated input, which MUST be connected to GND.
GNDIO = Dedicated ground pin, which MUST be connected to GND.
RESERVED = Unused I/O pin, which MUST be left unconnected.

^ = Dedicated configuration pin.
+ = Reserved configuration pin, which is tri-stated during user mode.
* = Reserved configuration pin, which drives out in user mode.
PDn = Power Down pin. 
@ = Special-purpose pin. 
# = JTAG Boundary-Scan Testing/In-System Programming or Configuration Pin. The JTAG inputs TMS and TDI should be tied to VCC and TCK should be tied to GND when not in use.
& = JTAG pin used for I/O. When used as user I/O, JTAG pins must be kept stable before and during configuration.  JTAG pin stability prevents accidental loading of JTAG instructions.


Device-Specific Information:                    c:\booksoft\chap12\ir_dist.rpt
ir_dist

** RESOURCE USAGE **

Logic                Column       Row                                   
Array                Interconnect Interconnect         Clears/     External  
Block   Logic Cells  Driven       Driven       Clocks  Presets   Interconnect
A13      8/ 8(100%)   1/ 8( 12%)   5/ 8( 62%)    0/2    0/2       4/22( 18%)   
A14      3/ 8( 37%)   0/ 8(  0%)   3/ 8( 37%)    0/2    0/2       4/22( 18%)   
A24      8/ 8(100%)   0/ 8(  0%)   1/ 8( 12%)    0/2    0/2       7/22( 31%)   
B3       8/ 8(100%)   0/ 8(  0%)   2/ 8( 25%)    1/2    0/2      12/22( 54%)   
B4       8/ 8(100%)   0/ 8(  0%)   2/ 8( 25%)    1/2    0/2      13/22( 59%)   
B5       8/ 8(100%)   0/ 8(  0%)   4/ 8( 50%)    1/2    0/2      11/22( 50%)   
B6       8/ 8(100%)   0/ 8(  0%)   2/ 8( 25%)    1/2    0/2      12/22( 54%)   
B7       2/ 8( 25%)   0/ 8(  0%)   2/ 8( 25%)    2/2    0/2       1/22(  4%)   
B8       8/ 8(100%)   0/ 8(  0%)   3/ 8( 37%)    1/2    0/2      16/22( 72%)   
B9       1/ 8( 12%)   0/ 8(  0%)   1/ 8( 12%)    0/2    0/2       2/22(  9%)   
B10      6/ 8( 75%)   1/ 8( 12%)   5/ 8( 62%)    0/2    0/2       3/22( 13%)   
B14      8/ 8(100%)   0/ 8(  0%)   4/ 8( 50%)    1/2    0/2       7/22( 31%)   
B17      1/ 8( 12%)   1/ 8( 12%)   0/ 8(  0%)    0/2    0/2       1/22(  4%)   
B18      8/ 8(100%)   1/ 8( 12%)   2/ 8( 25%)    0/2    0/2       5/22( 22%)   
B19      8/ 8(100%)   2/ 8( 25%)   1/ 8( 12%)    1/2    0/2       8/22( 36%)   
B21      3/ 8( 37%)   1/ 8( 12%)   2/ 8( 25%)    0/2    0/2       4/22( 18%)   
B22      8/ 8(100%)   0/ 8(  0%)   3/ 8( 37%)    0/2    0/2       5/22( 22%)   
B23      8/ 8(100%)   2/ 8( 25%)   5/ 8( 62%)    1/2    0/2       9/22( 40%)   
F1       7/ 8( 87%)   0/ 8(  0%)   1/ 8( 12%)    1/2    0/2       0/22(  0%)   
F8       8/ 8(100%)   1/ 8( 12%)   0/ 8(  0%)    2/2    0/2       1/22(  4%)   


Embedded             Column       Row                                   
Array     Embedded   Interconnect Interconnect         Read/      External  
Block     Cells      Driven       Driven       Clocks  Write    Interconnect


Total dedicated input pins used:                 1/6      ( 16%)
Total I/O pins used:                            18/183    (  9%)
Total logic cells used:                        127/1152   ( 11%)
Total embedded cells used:                       0/48     (  0%)
Total EABs used:                                 0/6      (  0%)
Average fan-in:                                 3.53/4    ( 88%)
Total fan-in:                                 449/4608    (  9%)

Total input pins required:                       2
Total input I/O cell registers required:         0
Total output pins required:                     17
Total output I/O cell registers required:        0
Total buried I/O cell registers required:        0
Total bidirectional pins required:               0
Total reserved pins required                     0
Total logic cells required:                    127
Total flipflops required:                       39
Total packed registers required:                 0
Total logic cells in carry chains:               0
Total number of carry chains:                    0
Total logic cells in cascade chains:             0
Total number of cascade chains:                  0
Total single-pin Clock Enables required:         0
Total single-pin Output Enables required:        0

Synthesized logic cells:                        26/1152   (  2%)

Logic Cell and Embedded Cell Counts

Column:  01  02  03  04  05  06  07  08  09  10  11  12  EA  13  14  15  16  17  18  19  20  21  22  23  24  Total(LC/EC)
 A:      0   0   0   0   0   0   0   0   0   0   0   0   0   8   3   0   0   0   0   0   0   0   0   0   8     19/0  
 B:      0   0   8   8   8   8   2   8   1   6   0   0   0   0   8   0   0   1   8   8   0   3   8   8   0     93/0  
 C:      0   0   0   0   0   0   0   0   0   0   0   0   0   0   0   0   0   0   0   0   0   0   0   0   0      0/0  
 D:      0   0   0   0   0   0   0   0   0   0   0   0   0   0   0   0   0   0   0   0   0   0   0   0   0      0/0  
 E:      0   0   0   0   0   0   0   0   0   0   0   0   0   0   0   0   0   0   0   0   0   0   0   0   0      0/0  
 F:      7   0   0   0   0   0   0   8   0   0   0   0   0   0   0   0   0   0   0   0   0   0   0   0   0     15/0  

Total:   7   0   8   8   8   8   2  16   1   6   0   0   0   8  11   0   0   1   8   8   0   3   8   8   8    127/0  



Device-Specific Information:                    c:\booksoft\chap12\ir_dist.rpt
ir_dist

** INPUTS **

                                                    Fan-In    Fan-Out
 Pin     LC     EC   Row  Col  Primitive    Code      INP  FBK  OUT  FBK  Name
  91      -     -    -    --      INPUT  G             0    0    0    0  Clock_25Mhz
 161      -     -    B    --      INPUT                0    0    0    6  VOUT


Code:

s = Synthesized pin or logic cell
+ = Synchronous flipflop
/ = Slow slew-rate output
! = NOT gate push-back
r = Fitter-inserted logic cell
@ = Uses single-pin Clock Enable
& = Uses single-pin Output Enable
G = Global Source. Fan-out destinations counted here do not include destinations
that are driven using global routing resources. Refer to the Auto Global Signals,
Clock Signals, Clear Signals, Synchronous Load Signals, and Synchronous Clear Signals
Sections of this Report File for information on which signals' fan-outs are used as
Clock, Clear, Preset, Output Enable, and synchronous Load signals.


Device-Specific Information:                    c:\booksoft\chap12\ir_dist.rpt
ir_dist

** OUTPUTS **

       Fed By Fed By                                Fan-In    Fan-Out
 Pin     LC     EC   Row  Col  Primitive    Code      INP  FBK  OUT  FBK  Name
  17      -     -    B    --     OUTPUT                0    1    0    0  LSD_SEG_A
  18      -     -    B    --     OUTPUT                0    1    0    0  LSD_SEG_B
  19      -     -    B    --     OUTPUT                0    1    0    0  LSD_SEG_C
  20      -     -    B    --     OUTPUT                0    1    0    0  LSD_SEG_D
  25      -     -    C    --     OUTPUT                0    1    0    0  LSD_SEG_DP
  21      -     -    B    --     OUTPUT                0    1    0    0  LSD_SEG_E
  23      -     -    C    --     OUTPUT                0    1    0    0  LSD_SEG_F
  24      -     -    C    --     OUTPUT                0    1    0    0  LSD_SEG_G
   6      -     -    A    --     OUTPUT                0    1    0    0  MSD_SEG_A
   7      -     -    A    --     OUTPUT                0    1    0    0  MSD_SEG_B
   8      -     -    A    --     OUTPUT                0    1    0    0  MSD_SEG_C
   9      -     -    A    --     OUTPUT                0    1    0    0  MSD_SEG_D
  14      -     -    B    --     OUTPUT                0    1    0    0  MSD_SEG_DP
  11      -     -    A    --     OUTPUT                0    1    0    0  MSD_SEG_E
  12      -     -    A    --     OUTPUT                0    1    0    0  MSD_SEG_F
  13      -     -    B    --     OUTPUT                0    1    0    0  MSD_SEG_G
 159      -     -    C    --     OPNDRN                0    1    0    0  VIN


Code:

s = Synthesized pin or logic cell
+ = Synchronous flipflop
/ = Slow slew-rate output
! = NOT gate push-back
r = Fitter-inserted logic cell
@ = Uses single-pin Clock Enable
& = Uses single-pin Output Enable


Device-Specific Information:                    c:\booksoft\chap12\ir_dist.rpt
ir_dist

** BURIED LOGIC **

                                                    Fan-In    Fan-Out
 IOC     LC     EC   Row  Col  Primitive    Code      INP  FBK  OUT  FBK  Name
   -      4     -    F    01       AND2                0    2    0    3  |CLK_DIV:1|LPM_ADD_SUB:119|addcore:adder|:59
   -      6     -    B    07       DFFE   +            0    1    0   24  |CLK_DIV:1|:6
   -      7     -    F    01       DFFE   +            0    3    0    5  |CLK_DIV:1|count_1Mhz4 (|CLK_DIV:1|:16)
   -      6     -    F    01       DFFE   +            0    3    0    5  |CLK_DIV:1|count_1Mhz3 (|CLK_DIV:1|:17)
   -      5     -    F    01       DFFE   +            0    3    0    3  |CLK_DIV:1|count_1Mhz2 (|CLK_DIV:1|:18)
   -      2     -    F    01       DFFE   +            0    3    0    1  |CLK_DIV:1|count_1Mhz1 (|CLK_DIV:1|:19)
   -      3     -    F    01       DFFE   +            0    2    0    2  |CLK_DIV:1|count_1Mhz0 (|CLK_DIV:1|:20)
   -      1     -    F    01       DFFE   +            0    3    0    4  |CLK_DIV:1|clock_1Mhz_int (|CLK_DIV:1|:21)
   -      8     -    F    08       DFFE                0    4    0    4  |CLK_DIV:1|clock_100Khz_int (|CLK_DIV:1|:22)
   -      4     -    F    08       DFFE                0    4    0    1  |CLK_DIV:1|clock_10Khz_int (|CLK_DIV:1|:23)
   -      2     -    F    08       DFFE                0    3    0    2  |CLK_DIV:1|count_100Khz2 (|CLK_DIV:1|:28)
   -      1     -    F    08       DFFE                0    2    0    3  |CLK_DIV:1|count_100Khz1 (|CLK_DIV:1|:29)
   -      3     -    F    08       DFFE                0    3    0    3  |CLK_DIV:1|count_100Khz0 (|CLK_DIV:1|:30)
   -      6     -    F    08       DFFE                0    3    0    2  |CLK_DIV:1|count_10Khz2 (|CLK_DIV:1|:31)
   -      5     -    F    08       DFFE                0    2    0    3  |CLK_DIV:1|count_10Khz1 (|CLK_DIV:1|:32)
   -      7     -    F    08       DFFE                0    3    0    3  |CLK_DIV:1|count_10Khz0 (|CLK_DIV:1|:33)
   -      2     -    A    14        OR2    s           0    2    0    1  |DEC_7SEG:3|~444~1
   -      2     -    A    24       AND2                0    4    0    1  |DEC_7SEG:3|:456
   -      1     -    A    24       AND2                0    4    0    1  |DEC_7SEG:3|:492
   -      2     -    A    13       AND2                0    4    0    3  |DEC_7SEG:3|:528
   -      3     -    A    13        OR2        !       0    4    0    3  |DEC_7SEG:3|:540
   -      3     -    A    14        OR2        !       0    4    1    0  |DEC_7SEG:3|:543
   -      4     -    A    14        OR2        !       0    4    1    0  |DEC_7SEG:3|:591
   -      6     -    A    13        OR2        !       0    4    0    1  |DEC_7SEG:3|:638
   -      5     -    A    13       AND2        !       0    3    1    0  |DEC_7SEG:3|:639
   -      4     -    A    24        OR2    s           0    4    0    1  |DEC_7SEG:3|~687~1
   -      6     -    A    24        OR2    s           0    3    0    1  |DEC_7SEG:3|~687~2
   -      7     -    A    24        OR2    s           0    4    0    1  |DEC_7SEG:3|~687~3
   -      5     -    A    24        OR2        !       0    4    1    0  |DEC_7SEG:3|:687
   -      4     -    A    13        OR2        !       0    4    0    1  |DEC_7SEG:3|:729
   -      7     -    A    13        OR2        !       0    3    1    0  |DEC_7SEG:3|:735
   -      3     -    A    24        OR2    s           0    4    0    1  |DEC_7SEG:3|~771~1
   -      8     -    A    13        OR2        !       0    4    1    0  |DEC_7SEG:3|:783
   -      8     -    A    24        OR2    s           0    3    0    1  |DEC_7SEG:3|~825~1
   -      1     -    A    13        OR2        !       0    4    1    0  |DEC_7SEG:3|:833
   -      2     -    B    21        OR2    s           0    2    0    1  |DEC_7SEG:4|~444~1
   -      4     -    B    18       AND2                0    4    0    1  |DEC_7SEG:4|:456
   -      1     -    B    18       AND2                0    4    0    1  |DEC_7SEG:4|:492
   -      1     -    B    22       AND2                0    4    0    3  |DEC_7SEG:4|:528
   -      2     -    B    22        OR2        !       0    4    0    3  |DEC_7SEG:4|:540
   -      3     -    B    18        OR2        !       0    4    1    0  |DEC_7SEG:4|:543
   -      5     -    B    21        OR2        !       0    4    1    0  |DEC_7SEG:4|:591
   -      7     -    B    22        OR2        !       0    4    0    1  |DEC_7SEG:4|:638
   -      5     -    B    22       AND2        !       0    3    1    0  |DEC_7SEG:4|:639
   -      7     -    B    18        OR2    s           0    4    0    1  |DEC_7SEG:4|~687~1
   -      8     -    B    18        OR2    s           0    3    0    1  |DEC_7SEG:4|~687~2
   -      5     -    B    18        OR2    s           0    4    0    1  |DEC_7SEG:4|~687~3
   -      6     -    B    22        OR2        !       0    4    1    0  |DEC_7SEG:4|:687
   -      3     -    B    22        OR2        !       0    4    0    1  |DEC_7SEG:4|:729
   -      8     -    B    22        OR2        !       0    3    1    0  |DEC_7SEG:4|:735
   -      6     -    B    18        OR2    s           0    4    0    1  |DEC_7SEG:4|~771~1
   -      1     -    B    21        OR2        !       0    4    1    0  |DEC_7SEG:4|:783
   -      4     -    B    22        OR2    s           0    3    0    1  |DEC_7SEG:4|~825~1
   -      2     -    B    18        OR2        !       0    4    1    0  |DEC_7SEG:4|:833
   -      5     -    B    03        OR2                0    2    0    1  |GP2D02:32|LPM_ADD_SUB:245|addcore:adder|:67
   -      1     -    B    04        OR2                0    3    0    3  |GP2D02:32|LPM_ADD_SUB:245|addcore:adder|:68
   -      2     -    B    06        OR2                0    4    0    3  |GP2D02:32|LPM_ADD_SUB:245|addcore:adder|:69
   -      2     -    B    23       DFFE                0    4    1    0  |GP2D02:32|:5
   -      1     -    B    19       DFFE                0    4    0   15  |GP2D02:32|:7
   -      8     -    B    23       DFFE                0    4    0   15  |GP2D02:32|:9
   -      2     -    B    19       DFFE                0    4    0   15  |GP2D02:32|:11
   -      7     -    B    23       DFFE                0    4    0   13  |GP2D02:32|:13
   -      2     -    B    08       DFFE                0    4    0   15  |GP2D02:32|:15
   -      3     -    B    14       DFFE                0    4    0   15  |GP2D02:32|:17
   -      6     -    B    14       DFFE                0    4    0   15  |GP2D02:32|:19
   -      1     -    B    05       DFFE                0    4    0   13  |GP2D02:32|:21
   -      8     -    B    07       DFFE                0    1    0   15  |GP2D02:32|reset (|GP2D02:32|:23)
   -      2     -    B    05       DFFE                0    5    0    8  |GP2D02:32|state2 (|GP2D02:32|:24)
   -      6     -    B    05       DFFE                0    5    0    8  |GP2D02:32|state1 (|GP2D02:32|:25)
   -      1     -    B    08       DFFE                0    5    0    8  |GP2D02:32|state0 (|GP2D02:32|:26)
   -      4     -    B    06       DFFE                0    4    0    7  |GP2D02:32|Count3 (|GP2D02:32|:27)
   -      2     -    B    04       DFFE                0    4    0    8  |GP2D02:32|Count2 (|GP2D02:32|:28)
   -      4     -    B    03       DFFE                0    4    0    9  |GP2D02:32|Count1 (|GP2D02:32|:29)
   -      3     -    B    08       DFFE                0    4    0   10  |GP2D02:32|Count0 (|GP2D02:32|:30)
   -      5     -    B    19       DFFE                0    4    0    1  |GP2D02:32|Distance_shift6 (|GP2D02:32|:32)
   -      3     -    B    19       DFFE                0    4    0    2  |GP2D02:32|Distance_shift5 (|GP2D02:32|:33)
   -      6     -    B    19       DFFE                0    4    0    2  |GP2D02:32|Distance_shift4 (|GP2D02:32|:34)
   -      4     -    B    14       DFFE                0    4    0    2  |GP2D02:32|Distance_shift3 (|GP2D02:32|:35)
   -      2     -    B    14       DFFE                0    4    0    2  |GP2D02:32|Distance_shift2 (|GP2D02:32|:36)
   -      1     -    B    14       DFFE                0    4    0    2  |GP2D02:32|Distance_shift1 (|GP2D02:32|:37)
   -      5     -    B    14       DFFE                1    3    0    2  |GP2D02:32|Distance_shift0 (|GP2D02:32|:38)
   -      1     -    B    03       AND2                0    3    0    1  |GP2D02:32|:184
   -      1     -    B    09       AND2        !       0    2    0    4  |GP2D02:32|:216
   -      7     -    B    06        OR2                0    3    0    1  |GP2D02:32|:263
   -      7     -    B    04        OR2                0    3    0    1  |GP2D02:32|:269
   -      7     -    B    03        OR2                0    3    0    1  |GP2D02:32|:275
   -      1     -    B    06        OR2        !       0    4    0   24  |GP2D02:32|:519
   -      7     -    B    10       AND2                0    3    0    6  |GP2D02:32|:876
   -      6     -    B    10       AND2                0    3    0    4  |GP2D02:32|:886
   -      5     -    B    10       AND2                0    3    0    7  |GP2D02:32|:896
   -      1     -    B    10       AND2                0    3    0    7  |GP2D02:32|:906
   -      3     -    B    10       AND2                0    3    0    8  |GP2D02:32|:916
   -      5     -    B    23       AND2                0    3    0    3  |GP2D02:32|:926
   -      3     -    B    05        OR2    s           0    2    0    2  |GP2D02:32|~1085~1
   -      7     -    B    05        OR2                1    3    0    1  |GP2D02:32|:1088
   -      4     -    B    05        OR2                1    3    0    1  |GP2D02:32|:1112
   -      6     -    B    08        OR2                1    2    0    1  |GP2D02:32|:1130
   -      5     -    B    04        OR2                0    4    0    5  |GP2D02:32|:1137
   -      7     -    B    08        OR2                0    4    0    1  |GP2D02:32|:1138
   -      3     -    B    06        OR2                0    4    0    1  |GP2D02:32|:1166
   -      5     -    B    06        OR2                0    4    0    1  |GP2D02:32|:1172
   -      6     -    B    06        OR2                0    4    0    1  |GP2D02:32|:1175
   -      8     -    B    06        OR2                0    4    0    1  |GP2D02:32|:1178
   -      3     -    B    04        OR2                0    4    0    1  |GP2D02:32|:1187
   -      4     -    B    04        OR2                0    4    0    1  |GP2D02:32|:1193
   -      6     -    B    04        OR2                0    4    0    1  |GP2D02:32|:1196
   -      8     -    B    04        OR2                0    4    0    1  |GP2D02:32|:1199
   -      2     -    B    03        OR2                0    4    0    1  |GP2D02:32|:1208
   -      3     -    B    03        OR2                0    4    0    1  |GP2D02:32|:1214
   -      6     -    B    03        OR2                0    4    0    1  |GP2D02:32|:1217
   -      8     -    B    03        OR2                0    4    0    1  |GP2D02:32|:1220
   -      5     -    B    08        OR2                0    4    0    1  |GP2D02:32|:1241
   -      4     -    B    08        OR2                0    4    0    1  |GP2D02:32|:1243
   -      6     -    B    23        OR2    s           0    2    0    7  |GP2D02:32|~1484~1
   -      7     -    B    19        OR2    s           0    4    0    1  |GP2D02:32|~1526~1
   -      4     -    B    19        OR2    s           0    4    0    1  |GP2D02:32|~1532~1
   -      8     -    B    19        OR2    s           0    4    0    1  |GP2D02:32|~1538~1
   -      3     -    B    23        OR2    s           0    4    0    1  |GP2D02:32|~1544~1
   -      8     -    B    08        OR2    s           0    4    0    1  |GP2D02:32|~1550~1
   -      7     -    B    14        OR2    s           0    4    0    1  |GP2D02:32|~1556~1
   -      4     -    B    23       AND2    s   !       0    2    0    1  |GP2D02:32|~1556~2
   -      8     -    B    14        OR2    s           0    4    0    1  |GP2D02:32|~1562~1
   -      8     -    B    05        OR2    s           1    3    0    1  |GP2D02:32|~1568~1
   -      1     -    B    23        OR2    s   !       0    2    0   15  |GP2D02:32|~1576~1
   -      5     -    B    05        OR2    s   !       0    4    0   10  |GP2D02:32|~1576~2
   -      4     -    B    10        OR2        !       0    3    1    0  |GP2D02:32|:1705
   -      4     -    B    17      LCELL    s           1    0    1    0  LSD_SEG_DP~1


Code:

s = Synthesized pin or logic cell
+ = Synchronous flipflop
/ = Slow slew-rate output
! = NOT gate push-back
r = Fitter-inserted logic cell
p = Packed register


Device-Specific Information:                    c:\booksoft\chap12\ir_dist.rpt
ir_dist

** FASTTRACK INTERCONNECT UTILIZATION **

Row FastTrack Interconnect:

          Global         Left Half-      Right Half-
         FastTrack       FastTrack       FastTrack 
Row     Interconnect    Interconnect    Interconnect    Input Pins     Output Pins     Bidir Pins
A:       2/ 96(  2%)     0/ 48(  0%)    11/ 48( 22%)    0/16(  0%)      6/16( 37%)     0/16(  0%)
B:      17/ 96( 17%)    22/ 48( 45%)    14/ 48( 29%)    1/16(  6%)      7/16( 43%)     0/16(  0%)
C:       0/ 96(  0%)     1/ 48(  2%)     3/ 48(  6%)    0/16(  0%)      4/16( 25%)     0/16(  0%)
D:       0/ 96(  0%)     0/ 48(  0%)     0/ 48(  0%)    0/16(  0%)      0/16(  0%)     0/16(  0%)
E:       0/ 96(  0%)     0/ 48(  0%)     0/ 48(  0%)    0/16(  0%)      0/16(  0%)     0/16(  0%)
F:       0/ 96(  0%)     1/ 48(  2%)     0/ 48(  0%)    0/16(  0%)      0/16(  0%)     0/16(  0%)


Column FastTrack Interconnect:

         FastTrack                                 
Column  Interconnect    Input Pins     Output Pins     Bidir Pins
01:      0/24(  0%)     0/4(  0%)      0/4(  0%)       0/4(  0%)
02:      0/24(  0%)     0/4(  0%)      0/4(  0%)       0/4(  0%)
03:      0/24(  0%)     0/4(  0%)      0/4(  0%)       0/4(  0%)
04:      0/24(  0%)     0/4(  0%)      0/4(  0%)       0/4(  0%)
05:      0/24(  0%)     0/4(  0%)      0/4(  0%)       0/4(  0%)
06:      0/24(  0%)     0/4(  0%)      0/4(  0%)       0/4(  0%)
07:      0/24(  0%)     0/4(  0%)      0/4(  0%)       0/4(  0%)
08:      1/24(  4%)     0/4(  0%)      0/4(  0%)       0/4(  0%)
09:      1/24(  4%)     0/4(  0%)      0/4(  0%)       0/4(  0%)
10:      0/24(  0%)     0/4(  0%)      0/4(  0%)       0/4(  0%)
11:      0/24(  0%)     0/4(  0%)      0/4(  0%)       0/4(  0%)
12:      0/24(  0%)     0/4(  0%)      0/4(  0%)       0/4(  0%)
13:      1/24(  4%)     0/4(  0%)      0/4(  0%)       0/4(  0%)
14:      0/24(  0%)     0/4(  0%)      0/4(  0%)       0/4(  0%)
15:      0/24(  0%)     0/4(  0%)      0/4(  0%)       0/4(  0%)
16:      0/24(  0%)     0/4(  0%)      0/4(  0%)       0/4(  0%)
17:      1/24(  4%)     0/4(  0%)      0/4(  0%)       0/4(  0%)
18:      1/24(  4%)     0/4(  0%)      0/4(  0%)       0/4(  0%)
19:      2/24(  8%)     0/4(  0%)      0/4(  0%)       0/4(  0%)
20:      0/24(  0%)     0/4(  0%)      0/4(  0%)       0/4(  0%)
21:      1/24(  4%)     0/4(  0%)      0/4(  0%)       0/4(  0%)
22:      0/24(  0%)     0/4(  0%)      0/4(  0%)       0/4(  0%)
23:      2/24(  8%)     0/4(  0%)      0/4(  0%)       0/4(  0%)
24:      0/24(  0%)     0/4(  0%)      0/4(  0%)       0/4(  0%)
EA:      0/24(  0%)     0/4(  0%)      0/4(  0%)       0/4(  0%)


Device-Specific Information:                    c:\booksoft\chap12\ir_dist.rpt
ir_dist

** CLOCK SIGNALS **

Type     Fan-out       Name
DFF         24         |CLK_DIV:1|:6
INPUT        7         Clock_25Mhz
DFF          5         |CLK_DIV:1|clock_100Khz_int
DFF          4         |CLK_DIV:1|clock_1Mhz_int


Device-Specific Information:                    c:\booksoft\chap12\ir_dist.rpt
ir_dist

** EQUATIONS **

Clock_25Mhz : INPUT;
VOUT     : INPUT;

-- Node name is 'LSD_SEG_A' 
-- Equation name is 'LSD_SEG_A', type is output 
LSD_SEG_A = !_LC3_B18;

-- Node name is 'LSD_SEG_B' 
-- Equation name is 'LSD_SEG_B', type is output 
LSD_SEG_B = !_LC5_B21;

-- Node name is 'LSD_SEG_C' 
-- Equation name is 'LSD_SEG_C', type is output 
LSD_SEG_C = !_LC5_B22;

-- Node name is 'LSD_SEG_D' 
-- Equation name is 'LSD_SEG_D', type is output 
LSD_SEG_D = !_LC6_B22;

-- Node name is 'LSD_SEG_DP' 
-- Equation name is 'LSD_SEG_DP', type is output 
LSD_SEG_DP =  _LC4_B17;

-- Node name is 'LSD_SEG_DP~1' 
-- Equation name is 'LSD_SEG_DP~1', location is LC4_B17, type is buried.
-- synthesized logic cell 
_LC4_B17 = LCELL( VOUT);

-- Node name is 'LSD_SEG_E' 
-- Equation name is 'LSD_SEG_E', type is output 
LSD_SEG_E = !_LC8_B22;

-- Node name is 'LSD_SEG_F' 
-- Equation name is 'LSD_SEG_F', type is output 
LSD_SEG_F = !_LC1_B21;

-- Node name is 'LSD_SEG_G' 
-- Equation name is 'LSD_SEG_G', type is output 
LSD_SEG_G = !_LC2_B18;

-- Node name is 'MSD_SEG_A' 
-- Equation name is 'MSD_SEG_A', type is output 
MSD_SEG_A = !_LC3_A14;

-- Node name is 'MSD_SEG_B' 
-- Equation name is 'MSD_SEG_B', type is output 
MSD_SEG_B = !_LC4_A14;

-- Node name is 'MSD_SEG_C' 
-- Equation name is 'MSD_SEG_C', type is output 
MSD_SEG_C = !_LC5_A13;

-- Node name is 'MSD_SEG_D' 
-- Equation name is 'MSD_SEG_D', type is output 
MSD_SEG_D = !_LC5_A24;

-- Node name is 'MSD_SEG_DP' 
-- Equation name is 'MSD_SEG_DP', type is output 
MSD_SEG_DP =  _LC2_B23;

-- Node name is 'MSD_SEG_E' 
-- Equation name is 'MSD_SEG_E', type is output 
MSD_SEG_E = !_LC7_A13;

-- Node name is 'MSD_SEG_F' 
-- Equation name is 'MSD_SEG_F', type is output 
MSD_SEG_F = !_LC8_A13;

-- Node name is 'MSD_SEG_G' 
-- Equation name is 'MSD_SEG_G', type is output 
MSD_SEG_G = !_LC1_A13;

-- Node name is 'VIN' 
-- Equation name is 'VIN', type is output 
VIN      = OPNDRN(_LC4_B10);

-- Node name is '|CLK_DIV:1|:21' = '|CLK_DIV:1|clock_1Mhz_int' 
-- Equation name is '_LC1_F1', type is buried 
_LC1_F1  = DFFE( _EQ001, GLOBAL( Clock_25Mhz),  VCC,  VCC,  VCC);
  _EQ001 =  _LC5_F1 &  _LC6_F1
         #  _LC7_F1;

-- Node name is '|CLK_DIV:1|:23' = '|CLK_DIV:1|clock_10Khz_int' 
-- Equation name is '_LC4_F8', type is buried 
_LC4_F8  = DFFE( _EQ002,  _LC8_F8,  VCC,  VCC,  VCC);
  _EQ002 = !_LC4_F8 & !_LC5_F8 &  _LC6_F8 & !_LC7_F8
         #  _LC4_F8 &  _LC5_F8
         #  _LC4_F8 & !_LC6_F8
         #  _LC4_F8 &  _LC7_F8;

-- Node name is '|CLK_DIV:1|:22' = '|CLK_DIV:1|clock_100Khz_int' 
-- Equation name is '_LC8_F8', type is buried 
_LC8_F8  = DFFE( _EQ003,  _LC1_F1,  VCC,  VCC,  VCC);
  _EQ003 = !_LC1_F8 &  _LC2_F8 & !_LC3_F8 & !_LC8_F8
         #  _LC1_F8 &  _LC8_F8
         # !_LC2_F8 &  _LC8_F8
         #  _LC3_F8 &  _LC8_F8;

-- Node name is '|CLK_DIV:1|:20' = '|CLK_DIV:1|count_1Mhz0' 
-- Equation name is '_LC3_F1', type is buried 
_LC3_F1  = DFFE( _EQ004, GLOBAL( Clock_25Mhz),  VCC,  VCC,  VCC);
  _EQ004 = !_LC3_F1 & !_LC7_F1
         # !_LC3_F1 & !_LC6_F1;

-- Node name is '|CLK_DIV:1|:19' = '|CLK_DIV:1|count_1Mhz1' 
-- Equation name is '_LC2_F1', type is buried 
_LC2_F1  = DFFE( _EQ005, GLOBAL( Clock_25Mhz),  VCC,  VCC,  VCC);
  _EQ005 = !_LC2_F1 &  _LC3_F1 & !_LC7_F1
         # !_LC2_F1 &  _LC3_F1 & !_LC6_F1
         #  _LC2_F1 & !_LC3_F1 & !_LC7_F1
         #  _LC2_F1 & !_LC3_F1 & !_LC6_F1;

-- Node name is '|CLK_DIV:1|:18' = '|CLK_DIV:1|count_1Mhz2' 
-- Equation name is '_LC5_F1', type is buried 
_LC5_F1  = DFFE( _EQ006, GLOBAL( Clock_25Mhz),  VCC,  VCC,  VCC);
  _EQ006 = !_LC4_F1 &  _LC5_F1 & !_LC7_F1
         # !_LC4_F1 &  _LC5_F1 & !_LC6_F1
         #  _LC4_F1 & !_LC5_F1 & !_LC7_F1
         #  _LC4_F1 & !_LC5_F1 & !_LC6_F1;

-- Node name is '|CLK_DIV:1|:17' = '|CLK_DIV:1|count_1Mhz3' 
-- Equation name is '_LC6_F1', type is buried 
_LC6_F1  = DFFE( _EQ007, GLOBAL( Clock_25Mhz),  VCC,  VCC,  VCC);
  _EQ007 =  _LC4_F1 &  _LC5_F1 & !_LC6_F1
         # !_LC5_F1 &  _LC6_F1 & !_LC7_F1
         # !_LC4_F1 &  _LC6_F1 & !_LC7_F1;

-- Node name is '|CLK_DIV:1|:16' = '|CLK_DIV:1|count_1Mhz4' 
-- Equation name is '_LC7_F1', type is buried 
_LC7_F1  = DFFE( _EQ008, GLOBAL( Clock_25Mhz),  VCC,  VCC,  VCC);
  _EQ008 = !_LC6_F1 &  _LC7_F1
         #  _LC4_F1 &  _LC5_F1 &  _LC6_F1 & !_LC7_F1;

-- Node name is '|CLK_DIV:1|:33' = '|CLK_DIV:1|count_10Khz0' 
-- Equation name is '_LC7_F8', type is buried 
_LC7_F8  = DFFE( _EQ009,  _LC8_F8,  VCC,  VCC,  VCC);
  _EQ009 =  _LC5_F8 & !_LC7_F8
         # !_LC6_F8 & !_LC7_F8;

-- Node name is '|CLK_DIV:1|:32' = '|CLK_DIV:1|count_10Khz1' 
-- Equation name is '_LC5_F8', type is buried 
_LC5_F8  = DFFE( _EQ010,  _LC8_F8,  VCC,  VCC,  VCC);
  _EQ010 = !_LC5_F8 &  _LC7_F8
         #  _LC5_F8 & !_LC7_F8;

-- Node name is '|CLK_DIV:1|:31' = '|CLK_DIV:1|count_10Khz2' 
-- Equation name is '_LC6_F8', type is buried 
_LC6_F8  = DFFE( _EQ011,  _LC8_F8,  VCC,  VCC,  VCC);
  _EQ011 =  _LC5_F8 & !_LC6_F8 &  _LC7_F8
         #  _LC5_F8 &  _LC6_F8 & !_LC7_F8
         # !_LC5_F8 &  _LC6_F8 &  _LC7_F8;

-- Node name is '|CLK_DIV:1|:30' = '|CLK_DIV:1|count_100Khz0' 
-- Equation name is '_LC3_F8', type is buried 
_LC3_F8  = DFFE( _EQ012,  _LC1_F1,  VCC,  VCC,  VCC);
  _EQ012 =  _LC1_F8 & !_LC3_F8
         # !_LC2_F8 & !_LC3_F8;

-- Node name is '|CLK_DIV:1|:29' = '|CLK_DIV:1|count_100Khz1' 
-- Equation name is '_LC1_F8', type is buried 
_LC1_F8  = DFFE( _EQ013,  _LC1_F1,  VCC,  VCC,  VCC);
  _EQ013 = !_LC1_F8 &  _LC3_F8
         #  _LC1_F8 & !_LC3_F8;

-- Node name is '|CLK_DIV:1|:28' = '|CLK_DIV:1|count_100Khz2' 
-- Equation name is '_LC2_F8', type is buried 
_LC2_F8  = DFFE( _EQ014,  _LC1_F1,  VCC,  VCC,  VCC);
  _EQ014 =  _LC1_F8 & !_LC2_F8 &  _LC3_F8
         #  _LC1_F8 &  _LC2_F8 & !_LC3_F8
         # !_LC1_F8 &  _LC2_F8 &  _LC3_F8;

-- Node name is '|CLK_DIV:1|LPM_ADD_SUB:119|addcore:adder|:59' from file "addcore.tdf" line 312, column 64
-- Equation name is '_LC4_F1', type is buried 
_LC4_F1  = LCELL( _EQ015);
  _EQ015 =  _LC2_F1 &  _LC3_F1;

-- Node name is '|CLK_DIV:1|:6' 
-- Equation name is '_LC6_B7', type is buried 
_LC6_B7  = DFFE( _LC4_F8, GLOBAL( Clock_25Mhz),  VCC,  VCC,  VCC);

-- Node name is '|DEC_7SEG:3|~444~1' 
-- Equation name is '_LC2_A14', type is buried 
-- synthesized logic cell 
_LC2_A14 = LCELL( _EQ016);
  _EQ016 = !_LC1_B19
         #  _LC8_B23;

-- Node name is '|DEC_7SEG:3|:456' 
-- Equation name is '_LC2_A24', type is buried 
_LC2_A24 = LCELL( _EQ017);
  _EQ017 = !_LC1_B19 &  _LC2_B19 &  _LC7_B23 &  _LC8_B23;

-- Node name is '|DEC_7SEG:3|:492' 
-- Equation name is '_LC1_A24', type is buried 
_LC1_A24 = LCELL( _EQ018);
  _EQ018 = !_LC1_B19 & !_LC2_B19 & !_LC7_B23 &  _LC8_B23;

-- Node name is '|DEC_7SEG:3|:528' 
-- Equation name is '_LC2_A13', type is buried 
_LC2_A13 = LCELL( _EQ019);
  _EQ019 = !_LC1_B19 & !_LC2_B19 &  _LC7_B23 & !_LC8_B23;

-- Node name is '|DEC_7SEG:3|:540' 
-- Equation name is '_LC3_A13', type is buried 
!_LC3_A13 = _LC3_A13~NOT;
_LC3_A13~NOT = LCELL( _EQ020);
  _EQ020 =  _LC2_B19
         #  _LC7_B23
         #  _LC1_B19
         #  _LC8_B23;

-- Node name is '|DEC_7SEG:3|:543' 
-- Equation name is '_LC3_A14', type is buried 
!_LC3_A14 = _LC3_A14~NOT;
_LC3_A14~NOT = LCELL( _EQ021);
  _EQ021 =  _LC1_B19 &  _LC2_B19 &  _LC7_B23 & !_LC8_B23
         #  _LC1_B19 & !_LC2_B19 &  _LC7_B23 &  _LC8_B23
         # !_LC1_B19 & !_LC2_B19 &  _LC7_B23 & !_LC8_B23
         # !_LC1_B19 & !_LC2_B19 & !_LC7_B23 &  _LC8_B23;

-- Node name is '|DEC_7SEG:3|:591' 
-- Equation name is '_LC4_A14', type is buried 
!_LC4_A14 = _LC4_A14~NOT;
_LC4_A14~NOT = LCELL( _EQ022);
  _EQ022 =  _LC1_B19 &  _LC2_B19 &  _LC8_B23
         #  _LC1_B19 &  _LC2_B19 &  _LC7_B23
         #  _LC1_B19 & !_LC7_B23 &  _LC8_B23
         # !_LC1_B19 & !_LC2_B19 &  _LC7_B23 &  _LC8_B23
         #  _LC2_B19 & !_LC7_B23 &  _LC8_B23;

-- Node name is '|DEC_7SEG:3|:638' 
-- Equation name is '_LC6_A13', type is buried 
!_LC6_A13 = _LC6_A13~NOT;
_LC6_A13~NOT = LCELL( _EQ023);
  _EQ023 =  _LC1_B19 & !_LC7_B23 &  _LC8_B23
         #  _LC1_B19 &  _LC2_B19 &  _LC8_B23
         # !_LC1_B19 & !_LC2_B19 & !_LC8_B23
         # !_LC1_B19 & !_LC7_B23 & !_LC8_B23;

-- Node name is '|DEC_7SEG:3|:639' 
-- Equation name is '_LC5_A13', type is buried 
!_LC5_A13 = _LC5_A13~NOT;
_LC5_A13~NOT = LCELL( _EQ024);
  _EQ024 = !_LC2_A13 & !_LC3_A13 & !_LC6_A13;

-- Node name is '|DEC_7SEG:3|~687~1' 
-- Equation name is '_LC4_A24', type is buried 
-- synthesized logic cell 
_LC4_A24 = LCELL( _EQ025);
  _EQ025 =  _LC2_B19 &  _LC7_B23 &  _LC8_B23
         # !_LC1_B19
         # !_LC2_B19 & !_LC8_B23
         # !_LC7_B23 & !_LC8_B23;

-- Node name is '|DEC_7SEG:3|~687~2' 
-- Equation name is '_LC6_A24', type is buried 
-- synthesized logic cell 
_LC6_A24 = LCELL( _EQ026);
  _EQ026 =  _LC2_A14 &  _LC4_A24
         #  _LC2_B19 &  _LC4_A24;

-- Node name is '|DEC_7SEG:3|~687~3' 
-- Equation name is '_LC7_A24', type is buried 
-- synthesized logic cell 
_LC7_A24 = LCELL( _EQ027);
  _EQ027 =  _LC1_A24
         #  _LC2_A24 &  _LC3_A24
         #  _LC3_A24 &  _LC6_A24;

-- Node name is '|DEC_7SEG:3|:687' 
-- Equation name is '_LC5_A24', type is buried 
!_LC5_A24 = _LC5_A24~NOT;
_LC5_A24~NOT = LCELL( _EQ028);
  _EQ028 = !_LC3_A13 &  _LC7_A24 &  _LC8_A24
         #  _LC2_A13 & !_LC3_A13;

-- Node name is '|DEC_7SEG:3|:729' 
-- Equation name is '_LC4_A13', type is buried 
!_LC4_A13 = _LC4_A13~NOT;
_LC4_A13~NOT = LCELL( _EQ029);
  _EQ029 = !_LC1_B19 & !_LC2_B19 &  _LC8_B23
         #  _LC1_B19 & !_LC2_B19 &  _LC7_B23 & !_LC8_B23
         # !_LC1_B19 &  _LC2_B19 &  _LC7_B23;

-- Node name is '|DEC_7SEG:3|:735' 
-- Equation name is '_LC7_A13', type is buried 
!_LC7_A13 = _LC7_A13~NOT;
_LC7_A13~NOT = LCELL( _EQ030);
  _EQ030 =  _LC2_A13 & !_LC3_A13
         # !_LC3_A13 & !_LC4_A13;

-- Node name is '|DEC_7SEG:3|~771~1' 
-- Equation name is '_LC3_A24', type is buried 
-- synthesized logic cell 
_LC3_A24 = LCELL( _EQ031);
  _EQ031 =  _LC1_B19
         # !_LC8_B23
         # !_LC2_B19 & !_LC7_B23
         #  _LC2_B19 &  _LC7_B23;

-- Node name is '|DEC_7SEG:3|:783' 
-- Equation name is '_LC8_A13', type is buried 
!_LC8_A13 = _LC8_A13~NOT;
_LC8_A13~NOT = LCELL( _EQ032);
  _EQ032 = !_LC1_B19 &  _LC2_B19 & !_LC8_B23
         # !_LC1_B19 &  _LC7_B23 & !_LC8_B23
         # !_LC1_B19 &  _LC2_B19 &  _LC7_B23
         #  _LC1_B19 & !_LC2_B19 &  _LC7_B23 &  _LC8_B23;

-- Node name is '|DEC_7SEG:3|~825~1' 
-- Equation name is '_LC8_A24', type is buried 
-- synthesized logic cell 
_LC8_A24 = LCELL( _EQ033);
  _EQ033 = !_LC2_B19
         #  _LC8_B23
         #  _LC1_B19;

-- Node name is '|DEC_7SEG:3|:833' 
-- Equation name is '_LC1_A13', type is buried 
!_LC1_A13 = _LC1_A13~NOT;
_LC1_A13~NOT = LCELL( _EQ034);
  _EQ034 = !_LC1_B19 & !_LC2_B19 & !_LC8_B23
         # !_LC1_B19 &  _LC2_B19 &  _LC7_B23 &  _LC8_B23
         #  _LC1_B19 & !_LC2_B19 & !_LC7_B23 &  _LC8_B23;

-- Node name is '|DEC_7SEG:4|~444~1' 
-- Equation name is '_LC2_B21', type is buried 
-- synthesized logic cell 
_LC2_B21 = LCELL( _EQ035);
  _EQ035 = !_LC2_B8
         #  _LC3_B14;

-- Node name is '|DEC_7SEG:4|:456' 
-- Equation name is '_LC4_B18', type is buried 
_LC4_B18 = LCELL( _EQ036);
  _EQ036 =  _LC1_B5 & !_LC2_B8 &  _LC3_B14 &  _LC6_B14;

-- Node name is '|DEC_7SEG:4|:492' 
-- Equation name is '_LC1_B18', type is buried 
_LC1_B18 = LCELL( _EQ037);
  _EQ037 = !_LC1_B5 & !_LC2_B8 &  _LC3_B14 & !_LC6_B14;

-- Node name is '|DEC_7SEG:4|:528' 
-- Equation name is '_LC1_B22', type is buried 
_LC1_B22 = LCELL( _EQ038);
  _EQ038 =  _LC1_B5 & !_LC2_B8 & !_LC3_B14 & !_LC6_B14;

-- Node name is '|DEC_7SEG:4|:540' 
-- Equation name is '_LC2_B22', type is buried 
!_LC2_B22 = _LC2_B22~NOT;
_LC2_B22~NOT = LCELL( _EQ039);
  _EQ039 =  _LC6_B14
         #  _LC1_B5
         #  _LC2_B8
         #  _LC3_B14;

-- Node name is '|DEC_7SEG:4|:543' 
-- Equation name is '_LC3_B18', type is buried 
!_LC3_B18 = _LC3_B18~NOT;
_LC3_B18~NOT = LCELL( _EQ040);
  _EQ040 =  _LC1_B5 &  _LC2_B8 & !_LC3_B14 &  _LC6_B14
         #  _LC1_B5 &  _LC2_B8 &  _LC3_B14 & !_LC6_B14
         #  _LC1_B5 & !_LC2_B8 & !_LC3_B14 & !_LC6_B14
         # !_LC1_B5 & !_LC2_B8 &  _LC3_B14 & !_LC6_B14;

-- Node name is '|DEC_7SEG:4|:591' 
-- Equation name is '_LC5_B21', type is buried 
!_LC5_B21 = _LC5_B21~NOT;
_LC5_B21~NOT = LCELL( _EQ041);
  _EQ041 =  _LC2_B8 &  _LC3_B14 &  _LC6_B14
         #  _LC1_B5 &  _LC2_B8 &  _LC6_B14
         # !_LC1_B5 &  _LC2_B8 &  _LC3_B14
         #  _LC1_B5 & !_LC2_B8 &  _LC3_B14 & !_LC6_B14
         # !_LC1_B5 &  _LC3_B14 &  _LC6_B14;

-- Node name is '|DEC_7SEG:4|:638' 
-- Equation name is '_LC7_B22', type is buried 
!_LC7_B22 = _LC7_B22~NOT;
_LC7_B22~NOT = LCELL( _EQ042);
  _EQ042 = !_LC1_B5 &  _LC2_B8 &  _LC3_B14
         #  _LC2_B8 &  _LC3_B14 &  _LC6_B14
         # !_LC2_B8 & !_LC3_B14 & !_LC6_B14
         # !_LC1_B5 & !_LC2_B8 & !_LC3_B14;

-- Node name is '|DEC_7SEG:4|:639' 
-- Equation name is '_LC5_B22', type is buried 
!_LC5_B22 = _LC5_B22~NOT;
_LC5_B22~NOT = LCELL( _EQ043);
  _EQ043 = !_LC1_B22 & !_LC2_B22 & !_LC7_B22;

-- Node name is '|DEC_7SEG:4|~687~1' 
-- Equation name is '_LC7_B18', type is buried 
-- synthesized logic cell 
_LC7_B18 = LCELL( _EQ044);
  _EQ044 =  _LC1_B5 &  _LC3_B14 &  _LC6_B14
         # !_LC2_B8
         # !_LC3_B14 & !_LC6_B14
         # !_LC1_B5 & !_LC3_B14;

-- Node name is '|DEC_7SEG:4|~687~2' 
-- Equation name is '_LC8_B18', type is buried 
-- synthesized logic cell 
_LC8_B18 = LCELL( _EQ045);
  _EQ045 =  _LC2_B21 &  _LC7_B18
         #  _LC6_B14 &  _LC7_B18;

-- Node name is '|DEC_7SEG:4|~687~3' 
-- Equation name is '_LC5_B18', type is buried 
-- synthesized logic cell 
_LC5_B18 = LCELL( _EQ046);
  _EQ046 =  _LC1_B18
         #  _LC4_B18 &  _LC6_B18
         #  _LC6_B18 &  _LC8_B18;

-- Node name is '|DEC_7SEG:4|:687' 
-- Equation name is '_LC6_B22', type is buried 
!_LC6_B22 = _LC6_B22~NOT;
_LC6_B22~NOT = LCELL( _EQ047);
  _EQ047 = !_LC2_B22 &  _LC4_B22 &  _LC5_B18
         #  _LC1_B22 & !_LC2_B22;

-- Node name is '|DEC_7SEG:4|:729' 
-- Equation name is '_LC3_B22', type is buried 
!_LC3_B22 = _LC3_B22~NOT;
_LC3_B22~NOT = LCELL( _EQ048);
  _EQ048 = !_LC2_B8 &  _LC3_B14 & !_LC6_B14
         #  _LC1_B5 &  _LC2_B8 & !_LC3_B14 & !_LC6_B14
         #  _LC1_B5 & !_LC2_B8 &  _LC6_B14;

-- Node name is '|DEC_7SEG:4|:735' 
-- Equation name is '_LC8_B22', type is buried 
!_LC8_B22 = _LC8_B22~NOT;
_LC8_B22~NOT = LCELL( _EQ049);
  _EQ049 =  _LC1_B22 & !_LC2_B22
         # !_LC2_B22 & !_LC3_B22;

-- Node name is '|DEC_7SEG:4|~771~1' 
-- Equation name is '_LC6_B18', type is buried 
-- synthesized logic cell 
_LC6_B18 = LCELL( _EQ050);
  _EQ050 =  _LC2_B8
         # !_LC3_B14
         # !_LC1_B5 & !_LC6_B14
         #  _LC1_B5 &  _LC6_B14;

-- Node name is '|DEC_7SEG:4|:783' 
-- Equation name is '_LC1_B21', type is buried 
!_LC1_B21 = _LC1_B21~NOT;
_LC1_B21~NOT = LCELL( _EQ051);
  _EQ051 = !_LC2_B8 & !_LC3_B14 &  _LC6_B14
         #  _LC1_B5 & !_LC2_B8 & !_LC3_B14
         #  _LC1_B5 & !_LC2_B8 &  _LC6_B14
         #  _LC1_B5 &  _LC2_B8 &  _LC3_B14 & !_LC6_B14;

-- Node name is '|DEC_7SEG:4|~825~1' 
-- Equation name is '_LC4_B22', type is buried 
-- synthesized logic cell 
_LC4_B22 = LCELL( _EQ052);
  _EQ052 = !_LC6_B14
         #  _LC3_B14
         #  _LC2_B8;

-- Node name is '|DEC_7SEG:4|:833' 
-- Equation name is '_LC2_B18', type is buried 
!_LC2_B18 = _LC2_B18~NOT;
_LC2_B18~NOT = LCELL( _EQ053);
  _EQ053 = !_LC2_B8 & !_LC3_B14 & !_LC6_B14
         #  _LC1_B5 & !_LC2_B8 &  _LC3_B14 &  _LC6_B14
         # !_LC1_B5 &  _LC2_B8 &  _LC3_B14 & !_LC6_B14;

-- Node name is '|GP2D02:32|:30' = '|GP2D02:32|Count0' 
-- Equation name is '_LC3_B8', type is buried 
_LC3_B8  = DFFE( _EQ054,  _LC6_B7,  VCC,  VCC,  VCC);
  _EQ054 =  _LC1_B23 &  _LC5_B8
         #  _LC3_B8 & !_LC8_B7;

-- Node name is '|GP2D02:32|:29' = '|GP2D02:32|Count1' 
-- Equation name is '_LC4_B3', type is buried 
_LC4_B3  = DFFE( _EQ055,  _LC6_B7,  VCC,  VCC,  VCC);
  _EQ055 =  _LC1_B23 &  _LC8_B3
         #  _LC4_B3 & !_LC8_B7;

-- Node name is '|GP2D02:32|:28' = '|GP2D02:32|Count2' 
-- Equation name is '_LC2_B4', type is buried 
_LC2_B4  = DFFE( _EQ056,  _LC6_B7,  VCC,  VCC,  VCC);
  _EQ056 =  _LC1_B23 &  _LC8_B4
         #  _LC2_B4 & !_LC8_B7;

-- Node name is '|GP2D02:32|:27' = '|GP2D02:32|Count3' 
-- Equation name is '_LC4_B6', type is buried 
_LC4_B6  = DFFE( _EQ057,  _LC6_B7,  VCC,  VCC,  VCC);
  _EQ057 =  _LC1_B23 &  _LC8_B6
         #  _LC4_B6 & !_LC8_B7;

-- Node name is '|GP2D02:32|:38' = '|GP2D02:32|Distance_shift0' 
-- Equation name is '_LC5_B14', type is buried 
_LC5_B14 = DFFE( _EQ058,  _LC6_B7,  VCC,  VCC,  VCC);
  _EQ058 =  _LC1_B6 &  _LC5_B14
         # !_LC1_B6 & !_LC6_B23 &  VOUT
         #  _LC5_B14 &  _LC6_B23;

-- Node name is '|GP2D02:32|:37' = '|GP2D02:32|Distance_shift1' 
-- Equation name is '_LC1_B14', type is buried 
_LC1_B14 = DFFE( _EQ059,  _LC6_B7,  VCC,  VCC,  VCC);
  _EQ059 =  _LC1_B6 &  _LC1_B14
         # !_LC1_B6 &  _LC5_B14 & !_LC6_B23
         #  _LC1_B14 &  _LC6_B23;

-- Node name is '|GP2D02:32|:36' = '|GP2D02:32|Distance_shift2' 
-- Equation name is '_LC2_B14', type is buried 
_LC2_B14 = DFFE( _EQ060,  _LC6_B7,  VCC,  VCC,  VCC);
  _EQ060 =  _LC1_B6 &  _LC2_B14
         # !_LC1_B6 &  _LC1_B14 & !_LC6_B23
         #  _LC2_B14 &  _LC6_B23;

-- Node name is '|GP2D02:32|:35' = '|GP2D02:32|Distance_shift3' 
-- Equation name is '_LC4_B14', type is buried 
_LC4_B14 = DFFE( _EQ061,  _LC6_B7,  VCC,  VCC,  VCC);
  _EQ061 =  _LC1_B6 &  _LC4_B14
         # !_LC1_B6 &  _LC2_B14 & !_LC6_B23
         #  _LC4_B14 &  _LC6_B23;

-- Node name is '|GP2D02:32|:34' = '|GP2D02:32|Distance_shift4' 
-- Equation name is '_LC6_B19', type is buried 
_LC6_B19 = DFFE( _EQ062,  _LC6_B7,  VCC,  VCC,  VCC);
  _EQ062 =  _LC1_B6 &  _LC6_B19
         # !_LC1_B6 &  _LC4_B14 & !_LC6_B23
         #  _LC6_B19 &  _LC6_B23;

-- Node name is '|GP2D02:32|:33' = '|GP2D02:32|Distance_shift5' 
-- Equation name is '_LC3_B19', type is buried 
_LC3_B19 = DFFE( _EQ063,  _LC6_B7,  VCC,  VCC,  VCC);
  _EQ063 =  _LC1_B6 &  _LC3_B19
         # !_LC1_B6 &  _LC6_B19 & !_LC6_B23
         #  _LC3_B19 &  _LC6_B23;

-- Node name is '|GP2D02:32|:32' = '|GP2D02:32|Distance_shift6' 
-- Equation name is '_LC5_B19', type is buried 
_LC5_B19 = DFFE( _EQ064,  _LC6_B7,  VCC,  VCC,  VCC);
  _EQ064 =  _LC1_B6 &  _LC5_B19
         # !_LC1_B6 &  _LC3_B19 & !_LC6_B23
         #  _LC5_B19 &  _LC6_B23;

-- Node name is '|GP2D02:32|LPM_ADD_SUB:245|addcore:adder|:67' from file "addcore.tdf" line 316, column 45
-- Equation name is '_LC5_B3', type is buried 
_LC5_B3  = LCELL( _EQ065);
  _EQ065 =  _LC3_B8 & !_LC4_B3
         # !_LC3_B8 &  _LC4_B3;

-- Node name is '|GP2D02:32|LPM_ADD_SUB:245|addcore:adder|:68' from file "addcore.tdf" line 316, column 45
-- Equation name is '_LC1_B4', type is buried 
_LC1_B4  = LCELL( _EQ066);
  _EQ066 =  _LC2_B4 & !_LC3_B8
         #  _LC2_B4 & !_LC4_B3
         # !_LC2_B4 &  _LC3_B8 &  _LC4_B3;

-- Node name is '|GP2D02:32|LPM_ADD_SUB:245|addcore:adder|:69' from file "addcore.tdf" line 316, column 45
-- Equation name is '_LC2_B6', type is buried 
_LC2_B6  = LCELL( _EQ067);
  _EQ067 = !_LC3_B8 &  _LC4_B6
         # !_LC4_B3 &  _LC4_B6
         # !_LC2_B4 &  _LC4_B6
         #  _LC2_B4 &  _LC3_B8 &  _LC4_B3 & !_LC4_B6;

-- Node name is '|GP2D02:32|:23' = '|GP2D02:32|reset' 
-- Equation name is '_LC8_B7', type is buried 
_LC8_B7  = DFFE( VCC,  _LC6_B7,  VCC,  VCC,  VCC);

-- Node name is '|GP2D02:32|:26' = '|GP2D02:32|state0' 
-- Equation name is '_LC1_B8', type is buried 
_LC1_B8  = DFFE( _EQ068,  _LC6_B7,  VCC,  VCC,  VCC);
  _EQ068 =  _LC7_B8 &  _LC8_B7
         #  _LC5_B4 &  _LC8_B7
         #  _LC5_B23 &  _LC8_B7;

-- Node name is '|GP2D02:32|:25' = '|GP2D02:32|state1' 
-- Equation name is '_LC6_B5', type is buried 
_LC6_B5  = DFFE( _EQ069,  _LC6_B7,  VCC,  VCC,  VCC);
  _EQ069 =  _LC1_B3 &  _LC1_B23 &  _LC3_B10
         #  _LC1_B23 & !_LC3_B10 &  _LC4_B5;

-- Node name is '|GP2D02:32|:24' = '|GP2D02:32|state2' 
-- Equation name is '_LC2_B5', type is buried 
_LC2_B5  = DFFE( _EQ070,  _LC6_B7,  VCC,  VCC,  VCC);
  _EQ070 = !_LC1_B10 &  _LC1_B23 & !_LC3_B10 &  _LC7_B5;

-- Node name is '|GP2D02:32|:5' 
-- Equation name is '_LC2_B23', type is buried 
_LC2_B23 = DFFE( _EQ071,  _LC6_B7,  VCC,  VCC,  VCC);
  _EQ071 =  _LC2_B23 & !_LC5_B23
         # !_LC4_B23 & !_LC5_B23 &  _LC8_B7
         #  _LC2_B23 & !_LC8_B7;

-- Node name is '|GP2D02:32|:7' 
-- Equation name is '_LC1_B19', type is buried 
_LC1_B19 = DFFE( _EQ072,  _LC6_B7,  VCC,  VCC,  VCC);
  _EQ072 =  _LC1_B23 &  _LC7_B19
         #  _LC1_B19 & !_LC8_B7;

-- Node name is '|GP2D02:32|:9' 
-- Equation name is '_LC8_B23', type is buried 
_LC8_B23 = DFFE( _EQ073,  _LC6_B7,  VCC,  VCC,  VCC);
  _EQ073 =  _LC1_B23 &  _LC4_B19
         # !_LC8_B7 &  _LC8_B23;

-- Node name is '|GP2D02:32|:11' 
-- Equation name is '_LC2_B19', type is buried 
_LC2_B19 = DFFE( _EQ074,  _LC6_B7,  VCC,  VCC,  VCC);
  _EQ074 =  _LC1_B23 &  _LC8_B19
         #  _LC2_B19 & !_LC8_B7;

-- Node name is '|GP2D02:32|:13' 
-- Equation name is '_LC7_B23', type is buried 
_LC7_B23 = DFFE( _EQ075,  _LC6_B7,  VCC,  VCC,  VCC);
  _EQ075 =  _LC1_B23 &  _LC3_B23
         #  _LC7_B23 & !_LC8_B7;

-- Node name is '|GP2D02:32|:15' 
-- Equation name is '_LC2_B8', type is buried 
_LC2_B8  = DFFE( _EQ076,  _LC6_B7,  VCC,  VCC,  VCC);
  _EQ076 =  _LC1_B23 &  _LC8_B8
         #  _LC2_B8 & !_LC8_B7;

-- Node name is '|GP2D02:32|:17' 
-- Equation name is '_LC3_B14', type is buried 
_LC3_B14 = DFFE( _EQ077,  _LC6_B7,  VCC,  VCC,  VCC);
  _EQ077 =  _LC1_B23 &  _LC7_B14
         #  _LC3_B14 & !_LC8_B7;

-- Node name is '|GP2D02:32|:19' 
-- Equation name is '_LC6_B14', type is buried 
_LC6_B14 = DFFE( _EQ078,  _LC6_B7,  VCC,  VCC,  VCC);
  _EQ078 =  _LC1_B23 &  _LC8_B14
         #  _LC6_B14 & !_LC8_B7;

-- Node name is '|GP2D02:32|:21' 
-- Equation name is '_LC1_B5', type is buried 
_LC1_B5  = DFFE( _EQ079,  _LC6_B7,  VCC,  VCC,  VCC);
  _EQ079 =  _LC1_B23 &  _LC8_B5
         #  _LC1_B5 & !_LC8_B7;

-- Node name is '|GP2D02:32|:184' 
-- Equation name is '_LC1_B3', type is buried 
_LC1_B3  = LCELL( _EQ080);
  _EQ080 = !_LC1_B9 & !_LC3_B8 & !_LC4_B3;

-- Node name is '|GP2D02:32|:216' 
-- Equation name is '_LC1_B9', type is buried 
!_LC1_B9 = _LC1_B9~NOT;
_LC1_B9~NOT = LCELL( _EQ081);
  _EQ081 =  _LC2_B4 &  _LC4_B6;

-- Node name is '|GP2D02:32|:263' 
-- Equation name is '_LC7_B6', type is buried 
_LC7_B6  = LCELL( _EQ082);
  _EQ082 =  _LC2_B6
         #  _LC2_B4 &  _LC4_B6;

-- Node name is '|GP2D02:32|:269' 
-- Equation name is '_LC7_B4', type is buried 
_LC7_B4  = LCELL( _EQ083);
  _EQ083 =  _LC1_B4
         #  _LC2_B4 &  _LC4_B6;

-- Node name is '|GP2D02:32|:275' 
-- Equation name is '_LC7_B3', type is buried 
_LC7_B3  = LCELL( _EQ084);
  _EQ084 =  _LC1_B9 &  _LC3_B8 & !_LC4_B3
         # !_LC3_B8 &  _LC4_B3
         # !_LC1_B9 &  _LC4_B3;

-- Node name is '|GP2D02:32|:519' 
-- Equation name is '_LC1_B6', type is buried 
!_LC1_B6 = _LC1_B6~NOT;
_LC1_B6~NOT = LCELL( _EQ085);
  _EQ085 =  _LC4_B6
         # !_LC2_B4
         # !_LC3_B8
         # !_LC4_B3;

-- Node name is '|GP2D02:32|:876' 
-- Equation name is '_LC7_B10', type is buried 
_LC7_B10 = LCELL( _EQ086);
  _EQ086 =  _LC1_B8 &  _LC2_B5 & !_LC6_B5;

-- Node name is '|GP2D02:32|:886' 
-- Equation name is '_LC6_B10', type is buried 
_LC6_B10 = LCELL( _EQ087);
  _EQ087 = !_LC1_B8 &  _LC2_B5 & !_LC6_B5;

-- Node name is '|GP2D02:32|:896' 
-- Equation name is '_LC5_B10', type is buried 
_LC5_B10 = LCELL( _EQ088);
  _EQ088 =  _LC1_B8 & !_LC2_B5 &  _LC6_B5;

-- Node name is '|GP2D02:32|:906' 
-- Equation name is '_LC1_B10', type is buried 
_LC1_B10 = LCELL( _EQ089);
  _EQ089 = !_LC1_B8 & !_LC2_B5 &  _LC6_B5;

-- Node name is '|GP2D02:32|:916' 
-- Equation name is '_LC3_B10', type is buried 
_LC3_B10 = LCELL( _EQ090);
  _EQ090 =  _LC1_B8 & !_LC2_B5 & !_LC6_B5;

-- Node name is '|GP2D02:32|:926' 
-- Equation name is '_LC5_B23', type is buried 
_LC5_B23 = LCELL( _EQ091);
  _EQ091 = !_LC1_B8 & !_LC2_B5 & !_LC6_B5;

-- Node name is '|GP2D02:32|~1085~1' 
-- Equation name is '_LC3_B5', type is buried 
-- synthesized logic cell 
_LC3_B5  = LCELL( _EQ092);
  _EQ092 =  _LC6_B10
         #  _LC7_B10;

-- Node name is '|GP2D02:32|:1088' 
-- Equation name is '_LC7_B5', type is buried 
_LC7_B5  = LCELL( _EQ093);
  _EQ093 = !_LC1_B6 & !_LC5_B10
         #  _LC3_B5 & !_LC5_B10
         #  _LC5_B10 &  VOUT;

-- Node name is '|GP2D02:32|:1112' 
-- Equation name is '_LC4_B5', type is buried 
_LC4_B5  = LCELL( _EQ094);
  _EQ094 =  _LC5_B10 & !VOUT
         #  _LC7_B10
         #  _LC1_B10;

-- Node name is '|GP2D02:32|:1130' 
-- Equation name is '_LC6_B8', type is buried 
_LC6_B8  = LCELL( _EQ095);
  _EQ095 =  _LC5_B10 & !VOUT
         # !_LC5_B10 & !_LC7_B10;

-- Node name is '|GP2D02:32|:1137' 
-- Equation name is '_LC5_B4', type is buried 
_LC5_B4  = LCELL( _EQ096);
  _EQ096 =  _LC3_B8 &  _LC3_B10
         #  _LC3_B10 &  _LC4_B3
         #  _LC1_B9 &  _LC3_B10;

-- Node name is '|GP2D02:32|:1138' 
-- Equation name is '_LC7_B8', type is buried 
_LC7_B8  = LCELL( _EQ097);
  _EQ097 =  _LC1_B6 &  _LC1_B10 & !_LC3_B10
         # !_LC1_B10 & !_LC3_B10 &  _LC6_B8;

-- Node name is '|GP2D02:32|:1166' 
-- Equation name is '_LC3_B6', type is buried 
_LC3_B6  = LCELL( _EQ098);
  _EQ098 = !_LC1_B6 &  _LC2_B6 & !_LC7_B10
         #  _LC4_B6 &  _LC7_B10;

-- Node name is '|GP2D02:32|:1172' 
-- Equation name is '_LC5_B6', type is buried 
_LC5_B6  = LCELL( _EQ099);
  _EQ099 =  _LC3_B6 & !_LC5_B10 & !_LC6_B10
         #  _LC4_B6 &  _LC6_B10
         #  _LC4_B6 &  _LC5_B10;

-- Node name is '|GP2D02:32|:1175' 
-- Equation name is '_LC6_B6', type is buried 
_LC6_B6  = LCELL( _EQ100);
  _EQ100 = !_LC1_B10 &  _LC5_B6
         # !_LC1_B6 &  _LC1_B10 &  _LC2_B6;

-- Node name is '|GP2D02:32|:1178' 
-- Equation name is '_LC8_B6', type is buried 
_LC8_B6  = LCELL( _EQ101);
  _EQ101 = !_LC3_B10 &  _LC6_B6
         #  _LC5_B4 &  _LC7_B6;

-- Node name is '|GP2D02:32|:1187' 
-- Equation name is '_LC3_B4', type is buried 
_LC3_B4  = LCELL( _EQ102);
  _EQ102 =  _LC1_B4 & !_LC1_B6 & !_LC7_B10
         #  _LC2_B4 &  _LC7_B10;

-- Node name is '|GP2D02:32|:1193' 
-- Equation name is '_LC4_B4', type is buried 
_LC4_B4  = LCELL( _EQ103);
  _EQ103 =  _LC3_B4 & !_LC5_B10 & !_LC6_B10
         #  _LC2_B4 &  _LC6_B10
         #  _LC2_B4 &  _LC5_B10;

-- Node name is '|GP2D02:32|:1196' 
-- Equation name is '_LC6_B4', type is buried 
_LC6_B4  = LCELL( _EQ104);
  _EQ104 = !_LC1_B10 &  _LC4_B4
         #  _LC1_B4 & !_LC1_B6 &  _LC1_B10;

-- Node name is '|GP2D02:32|:1199' 
-- Equation name is '_LC8_B4', type is buried 
_LC8_B4  = LCELL( _EQ105);
  _EQ105 = !_LC3_B10 &  _LC6_B4
         #  _LC5_B4 &  _LC7_B4;

-- Node name is '|GP2D02:32|:1208' 
-- Equation name is '_LC2_B3', type is buried 
_LC2_B3  = LCELL( _EQ106);
  _EQ106 = !_LC1_B6 &  _LC3_B8 & !_LC4_B3 & !_LC7_B10
         # !_LC1_B6 & !_LC3_B8 &  _LC4_B3
         #  _LC4_B3 &  _LC7_B10;

-- Node name is '|GP2D02:32|:1214' 
-- Equation name is '_LC3_B3', type is buried 
_LC3_B3  = LCELL( _EQ107);
  _EQ107 =  _LC2_B3 & !_LC5_B10 & !_LC6_B10
         #  _LC4_B3 &  _LC6_B10
         #  _LC4_B3 &  _LC5_B10;

-- Node name is '|GP2D02:32|:1217' 
-- Equation name is '_LC6_B3', type is buried 
_LC6_B3  = LCELL( _EQ108);
  _EQ108 = !_LC1_B10 &  _LC3_B3
         # !_LC1_B6 &  _LC1_B10 &  _LC5_B3;

-- Node name is '|GP2D02:32|:1220' 
-- Equation name is '_LC8_B3', type is buried 
_LC8_B3  = LCELL( _EQ109);
  _EQ109 = !_LC3_B10 &  _LC6_B3
         #  _LC5_B4 &  _LC7_B3;

-- Node name is '|GP2D02:32|:1241' 
-- Equation name is '_LC5_B8', type is buried 
_LC5_B8  = LCELL( _EQ110);
  _EQ110 = !_LC1_B9 &  _LC3_B8 &  _LC5_B4
         #  _LC1_B9 & !_LC3_B8 &  _LC5_B4
         #  _LC4_B8;

-- Node name is '|GP2D02:32|:1243' 
-- Equation name is '_LC4_B8', type is buried 
_LC4_B8  = LCELL( _EQ111);
  _EQ111 = !_LC1_B8 & !_LC3_B8 &  _LC6_B5
         #  _LC1_B8 & !_LC2_B5 &  _LC3_B8 &  _LC6_B5
         #  _LC2_B5 &  _LC3_B8 & !_LC6_B5
         #  _LC2_B5 & !_LC3_B8 &  _LC6_B5
         # !_LC1_B8 & !_LC2_B5 & !_LC3_B8;

-- Node name is '|GP2D02:32|~1484~1' 
-- Equation name is '_LC6_B23', type is buried 
-- synthesized logic cell 
_LC6_B23 = LCELL( _EQ112);
  _EQ112 = !_LC1_B23
         # !_LC5_B5;

-- Node name is '|GP2D02:32|~1526~1' 
-- Equation name is '_LC7_B19', type is buried 
-- synthesized logic cell 
_LC7_B19 = LCELL( _EQ113);
  _EQ113 = !_LC1_B6 &  _LC1_B19
         #  _LC1_B19 & !_LC5_B5
         #  _LC1_B6 &  _LC5_B5 &  _LC5_B19;

-- Node name is '|GP2D02:32|~1532~1' 
-- Equation name is '_LC4_B19', type is buried 
-- synthesized logic cell 
_LC4_B19 = LCELL( _EQ114);
  _EQ114 = !_LC1_B6 &  _LC8_B23
         # !_LC5_B5 &  _LC8_B23
         #  _LC1_B6 &  _LC3_B19 &  _LC5_B5;

-- Node name is '|GP2D02:32|~1538~1' 
-- Equation name is '_LC8_B19', type is buried 
-- synthesized logic cell 
_LC8_B19 = LCELL( _EQ115);
  _EQ115 = !_LC1_B6 &  _LC2_B19
         #  _LC2_B19 & !_LC5_B5
         #  _LC1_B6 &  _LC5_B5 &  _LC6_B19;

-- Node name is '|GP2D02:32|~1544~1' 
-- Equation name is '_LC3_B23', type is buried 
-- synthesized logic cell 
_LC3_B23 = LCELL( _EQ116);
  _EQ116 = !_LC1_B6 &  _LC7_B23
         # !_LC5_B5 &  _LC7_B23
         #  _LC1_B6 &  _LC4_B14 &  _LC5_B5;

-- Node name is '|GP2D02:32|~1550~1' 
-- Equation name is '_LC8_B8', type is buried 
-- synthesized logic cell 
_LC8_B8  = LCELL( _EQ117);
  _EQ117 = !_LC1_B6 &  _LC2_B8
         #  _LC2_B8 & !_LC5_B5
         #  _LC1_B6 &  _LC2_B14 &  _LC5_B5;

-- Node name is '|GP2D02:32|~1556~1' 
-- Equation name is '_LC7_B14', type is buried 
-- synthesized logic cell 
_LC7_B14 = LCELL( _EQ118);
  _EQ118 = !_LC1_B6 &  _LC3_B14
         #  _LC3_B14 & !_LC5_B5
         #  _LC1_B6 &  _LC1_B14 &  _LC5_B5;

-- Node name is '|GP2D02:32|~1556~2' 
-- Equation name is '_LC4_B23', type is buried 
-- synthesized logic cell 
!_LC4_B23 = _LC4_B23~NOT;
_LC4_B23~NOT = LCELL( _EQ119);
  _EQ119 =  _LC1_B6 &  _LC5_B5;

-- Node name is '|GP2D02:32|~1562~1' 
-- Equation name is '_LC8_B14', type is buried 
-- synthesized logic cell 
_LC8_B14 = LCELL( _EQ120);
  _EQ120 = !_LC1_B6 &  _LC6_B14
         # !_LC5_B5 &  _LC6_B14
         #  _LC1_B6 &  _LC5_B5 &  _LC5_B14;

-- Node name is '|GP2D02:32|~1568~1' 
-- Equation name is '_LC8_B5', type is buried 
-- synthesized logic cell 
_LC8_B5  = LCELL( _EQ121);
  _EQ121 =  _LC1_B6 &  _LC5_B5 &  VOUT
         #  _LC1_B5 & !_LC1_B6
         #  _LC1_B5 & !_LC5_B5;

-- Node name is '|GP2D02:32|~1576~1' 
-- Equation name is '_LC1_B23', type is buried 
-- synthesized logic cell 
!_LC1_B23 = _LC1_B23~NOT;
_LC1_B23~NOT = LCELL( _EQ122);
  _EQ122 = !_LC8_B7
         #  _LC5_B23;

-- Node name is '|GP2D02:32|~1576~2' 
-- Equation name is '_LC5_B5', type is buried 
-- synthesized logic cell 
!_LC5_B5 = _LC5_B5~NOT;
_LC5_B5~NOT = LCELL( _EQ123);
  _EQ123 =  _LC5_B10
         #  _LC3_B5
         #  _LC1_B10
         #  _LC3_B10;

-- Node name is '|GP2D02:32|:1705' 
-- Equation name is '_LC4_B10', type is buried 
!_LC4_B10 = _LC4_B10~NOT;
_LC4_B10~NOT = LCELL( _EQ124);
  _EQ124 = !_LC2_B5 &  _LC6_B5
         #  _LC1_B8 &  _LC2_B5 & !_LC6_B5;



Project Information                             c:\booksoft\chap12\ir_dist.rpt

** COMPILATION SETTINGS & TIMES **

Processing Menu Commands
------------------------

Design Doctor                             = off

Logic Synthesis:

   Synthesis Type Used                    = Multi-Level

   Default Synthesis Style                = NORMAL

      Logic option settings in 'NORMAL' style for 'FLEX10K' family

      CARRY_CHAIN                         = ignore
      CARRY_CHAIN_LENGTH                  = 32
      CASCADE_CHAIN                       = ignore
      CASCADE_CHAIN_LENGTH                = 2
      DECOMPOSE_GATES                     = on
      DUPLICATE_LOGIC_EXTRACTION          = on
      MINIMIZATION                        = full
      MULTI_LEVEL_FACTORING               = on
      NOT_GATE_PUSH_BACK                  = on
      REDUCE_LOGIC                        = on
      REFACTORIZATION                     = on
      REGISTER_OPTIMIZATION               = on
      RESYNTHESIZE_NETWORK                = on
      SLOW_SLEW_RATE                      = off
      SUBFACTOR_EXTRACTION                = on
      IGNORE_SOFT_BUFFERS                 = on
      USE_LPM_FOR_AHDL_OPERATORS          = off

   Other logic synthesis settings:

      Automatic Global Clock              = on
      Automatic Global Clear              = on
      Automatic Global Preset             = on
      Automatic Global Output Enable      = on
      Automatic Fast I/O                  = off
      Automatic Register Packing          = off
      Automatic Open-Drain Pins           = on
      Automatic Implement in EAB          = off
      Optimize                            = 5

Default Timing Specifications: None

Cut All Bidir Feedback Timing Paths       = on
Cut All Clear & Preset Timing Paths       = on

Ignore Timing Assignments                 = off

Functional SNF Extractor                  = off

Linked SNF Extractor                      = off
Timing SNF Extractor                      = on
Optimize Timing SNF                       = off
Generate AHDL TDO File                    = off
Fitter Settings                           = NORMAL
Use Quartus Fitter                        = on
Smart Recompile                           = off
Total Recompile                           = off

Interfaces Menu Commands
------------------------

EDIF Netlist Writer                       = off
Verilog Netlist Writer                    = off
VHDL Netlist Writer                       = off

Compilation Times
-----------------

   Compiler Netlist Extractor             00:00:06
   Database Builder                       00:00:01
   Logic Synthesizer                      00:00:01
   Partitioner                            00:00:00
   Fitter                                 00:00:03
   Timing SNF Extractor                   00:00:00
   Assembler                              00:00:01
   --------------------------             --------
   Total Time                             00:00:12


Memory Allocated
-----------------

Peak memory allocated during compilation  = 14,337K
