Project Information                           c:\booksoft\chap12\ir_sensor.rpt

MAX+plus II Compiler Report File
Version 10.1 06/12/2001
Compiled: 06/30/2001 13:13:09

Copyright (C) 1988-2001 Altera Corporation
Any megafunction design, and related net list (encrypted or decrypted),
support information, device programming or simulation file, and any other
associated documentation or information provided by Altera or a partner
under Altera's Megafunction Partnership Program may be used only to
program PLD devices (but not masked PLD devices) from Altera.  Any other
use of such megafunction design, net list, support information, device
programming or simulation file, or any other related documentation or
information is prohibited for any other purpose, including, but not
limited to modification, reverse engineering, de-compiling, or use with
any other silicon devices, unless such use is explicitly licensed under
a separate agreement with Altera or a megafunction partner.  Title to
the intellectual property, including patents, copyrights, trademarks,
trade secrets, or maskworks, embodied in any such megafunction design,
net list, support information, device programming or simulation file, or
any other related documentation or information provided by Altera or a
megafunction partner, remains with Altera, the megafunction partner, or
their respective licensors.  No other licenses, including any licenses
needed under any third party's intellectual property, are provided herein.



***** Project compilation was successful


IR_SENSOR


** DEVICE SUMMARY **

Chip/                     Input Output Bidir  Memory  Memory  			 LCs
POF       Device          Pins  Pins   Pins   Bits % Utilized  LCs  % Utilized

ir_sensor
      EPF10K10LC84-3       5      5      0    0         0  %    60       10 %

User Pins:                 5      5      0  



Project Information                           c:\booksoft\chap12\ir_sensor.rpt

** PROJECT COMPILATION MESSAGES **

Warning: Line 44: File c:\booksoft\chap12\ir_sensor.vhd: Found multiple assignments to the same signal or signal bit "set_left" in a Process Statement -- only the last assignment will take effect
Warning: Line 54: File c:\booksoft\chap12\ir_sensor.vhd: Found multiple assignments to the same signal or signal bit "set_right" in a Process Statement -- only the last assignment will take effect
Warning: Line 59: File c:\booksoft\chap12\ir_sensor.vhd: Found multiple assignments to the same signal or signal bit "set_other" in a Process Statement -- only the last assignment will take effect
Warning: Line 58: File c:\booksoft\chap12\ir_sensor.vhd: Found multiple assignments to the same signal or signal bit "other_rscount4" in a Process Statement -- only the last assignment will take effect
Warning: Line 58: File c:\booksoft\chap12\ir_sensor.vhd: Found multiple assignments to the same signal or signal bit "other_rscount3" in a Process Statement -- only the last assignment will take effect
Warning: Line 58: File c:\booksoft\chap12\ir_sensor.vhd: Found multiple assignments to the same signal or signal bit "other_rscount2" in a Process Statement -- only the last assignment will take effect
Warning: Line 58: File c:\booksoft\chap12\ir_sensor.vhd: Found multiple assignments to the same signal or signal bit "other_rscount1" in a Process Statement -- only the last assignment will take effect
Warning: Line 58: File c:\booksoft\chap12\ir_sensor.vhd: Found multiple assignments to the same signal or signal bit "other_rscount0" in a Process Statement -- only the last assignment will take effect
Warning: Line 48: File c:\booksoft\chap12\ir_sensor.vhd: Found multiple assignments to the same signal or signal bit "right_rscount4" in a Process Statement -- only the last assignment will take effect
Warning: Line 48: File c:\booksoft\chap12\ir_sensor.vhd: Found multiple assignments to the same signal or signal bit "right_rscount3" in a Process Statement -- only the last assignment will take effect
Warning: Line 48: File c:\booksoft\chap12\ir_sensor.vhd: Found multiple assignments to the same signal or signal bit "right_rscount2" in a Process Statement -- only the last assignment will take effect
Warning: Line 48: File c:\booksoft\chap12\ir_sensor.vhd: Found multiple assignments to the same signal or signal bit "right_rscount1" in a Process Statement -- only the last assignment will take effect
Warning: Line 48: File c:\booksoft\chap12\ir_sensor.vhd: Found multiple assignments to the same signal or signal bit "right_rscount0" in a Process Statement -- only the last assignment will take effect
Warning: Line 38: File c:\booksoft\chap12\ir_sensor.vhd: Found multiple assignments to the same signal or signal bit "left_rscount4" in a Process Statement -- only the last assignment will take effect
Warning: Line 38: File c:\booksoft\chap12\ir_sensor.vhd: Found multiple assignments to the same signal or signal bit "left_rscount3" in a Process Statement -- only the last assignment will take effect
Warning: Line 38: File c:\booksoft\chap12\ir_sensor.vhd: Found multiple assignments to the same signal or signal bit "left_rscount2" in a Process Statement -- only the last assignment will take effect
Warning: Line 38: File c:\booksoft\chap12\ir_sensor.vhd: Found multiple assignments to the same signal or signal bit "left_rscount1" in a Process Statement -- only the last assignment will take effect
Warning: Line 38: File c:\booksoft\chap12\ir_sensor.vhd: Found multiple assignments to the same signal or signal bit "left_rscount0" in a Process Statement -- only the last assignment will take effect


Project Information                           c:\booksoft\chap12\ir_sensor.rpt

** FILE HIERARCHY **



|lpm_add_sub:56|
|lpm_add_sub:56|addcore:adder|
|lpm_add_sub:56|altshift:result_ext_latency_ffs|
|lpm_add_sub:56|altshift:carry_ext_latency_ffs|
|lpm_add_sub:56|altshift:oflow_ext_latency_ffs|
|lpm_add_sub:194|
|lpm_add_sub:194|addcore:adder|
|lpm_add_sub:194|altshift:result_ext_latency_ffs|
|lpm_add_sub:194|altshift:carry_ext_latency_ffs|
|lpm_add_sub:194|altshift:oflow_ext_latency_ffs|
|lpm_add_sub:493|
|lpm_add_sub:493|addcore:adder|
|lpm_add_sub:493|altshift:result_ext_latency_ffs|
|lpm_add_sub:493|altshift:carry_ext_latency_ffs|
|lpm_add_sub:493|altshift:oflow_ext_latency_ffs|
|lpm_add_sub:946|
|lpm_add_sub:946|addcore:adder|
|lpm_add_sub:946|altshift:result_ext_latency_ffs|
|lpm_add_sub:946|altshift:carry_ext_latency_ffs|
|lpm_add_sub:946|altshift:oflow_ext_latency_ffs|


Device-Specific Information:                  c:\booksoft\chap12\ir_sensor.rpt
ir_sensor

***** Logic for device 'ir_sensor' compiled without errors.




Device: EPF10K10LC84-3

FLEX 10K Configuration Scheme: Passive Serial

Device Options:
    User-Supplied Start-Up Clock               = OFF
    Auto-Restart Configuration on Frame Error  = OFF
    Release Clears Before Tri-States           = OFF
    Enable Chip_Wide Reset                     = OFF
    Enable Chip-Wide Output Enable             = OFF
    Enable INIT_DONE Output                    = OFF
    JTAG User Code                             = 7f

                                            c  c                                
                                            l  l                          ^     
                                            o  o                          C     
                 R  R  R  R  R  R  R     R  c  c     R     R  R  R  R     O     
                 E  E  E  E  E  E  E     E  k  k     E     E  E  E  E     N     
                 S  S  S  S  S  S  S  V  S  _  _  G  S  G  S  S  S  S     F     
                 E  E  E  E  E  E  E  C  E  1  1  N  E  N  E  E  E  E     _  ^  
                 R  R  R  R  R  R  R  C  R  0  0  D  R  D  R  R  R  R  #  D  n  
                 V  V  V  V  V  V  V  I  V  0  K  I  V  I  V  V  V  V  T  O  C  
                 E  E  E  E  E  E  E  N  E  H  h  N  E  N  E  E  E  E  C  N  E  
                 D  D  D  D  D  D  D  T  D  z  z  T  D  T  D  D  D  D  K  E  O  
               -----------------------------------------------------------------_ 
             /  11 10  9  8  7  6  5  4  3  2  1 84 83 82 81 80 79 78 77 76 75   | 
     ^DATA0 | 12                                                              74 | #TDO 
      ^DCLK | 13                                                              73 | RESERVED 
       ^nCE | 14                                                              72 | RESERVED 
       #TDI | 15                                                              71 | RESERVED 
   RESERVED | 16                                                              70 | RESERVED 
   RESERVED | 17                                                              69 | RESERVED 
      other | 18                                                              68 | GNDINT 
   RESERVED | 19                                                              67 | RESERVED 
     VCCINT | 20                                                              66 | RESERVED 
   RESERVED | 21                                                              65 | RESERVED 
   RESERVED | 22                        EPF10K10LC84-3                        64 | RESERVED 
   RESERVED | 23                                                              63 | VCCINT 
   RESERVED | 24                                                              62 | RESERVED 
   RESERVED | 25                                                              61 | RESERVED 
     GNDINT | 26                                                              60 | RESERVED 
  right_led | 27                                                              59 | right 
       left | 28                                                              58 | RESERVED 
   RESERVED | 29                                                              57 | #TMS 
   left_led | 30                                                              56 | #TRST 
     ^MSEL0 | 31                                                              55 | ^nSTATUS 
     ^MSEL1 | 32                                                              54 | RESERVED 
            |_  33 34 35 36 37 38 39 40 41 42 43 44 45 46 47 48 49 50 51 52 53  _| 
              ------------------------------------------------------------------ 
                 V  ^  R  R  R  R  R  V  G  s  c  a  V  G  R  R  R  R  R  R  R  
                 C  n  E  E  E  E  E  C  N  o  l  c  C  N  E  E  E  E  E  E  E  
                 C  C  S  S  S  S  S  C  D  u  o  t  C  D  S  S  S  S  S  S  S  
                 I  O  E  E  E  E  E  I  I  t  c  i  I  I  E  E  E  E  E  E  E  
                 N  N  R  R  R  R  R  N  N     k  v  N  N  R  R  R  R  R  R  R  
                 T  F  V  V  V  V  V  T  T     _  e  T  T  V  V  V  V  V  V  V  
                    I  E  E  E  E  E           1           E  E  E  E  E  E  E  
                    G  D  D  D  D  D           h           D  D  D  D  D  D  D  
                                               z                                
                                                                                
                                                                                


N.C. = No Connect. This pin has no internal connection to the device.
VCCINT = Dedicated power pin, which MUST be connected to VCC (5.0 volts).
VCCIO = Dedicated power pin, which MUST be connected to VCC (5.0 volts).
GNDINT = Dedicated ground pin or unused dedicated input, which MUST be connected to GND.
GNDIO = Dedicated ground pin, which MUST be connected to GND.
RESERVED = Unused I/O pin, which MUST be left unconnected.

^ = Dedicated configuration pin.
+ = Reserved configuration pin, which is tri-stated during user mode.
* = Reserved configuration pin, which drives out in user mode.
PDn = Power Down pin. 
@ = Special-purpose pin. 
# = JTAG Boundary-Scan Testing/In-System Programming or Configuration Pin. The JTAG inputs TMS and TDI should be tied to VCC and TCK should be tied to GND when not in use.
& = JTAG pin used for I/O. When used as user I/O, JTAG pins must be kept stable before and during configuration.  JTAG pin stability prevents accidental loading of JTAG instructions.


Device-Specific Information:                  c:\booksoft\chap12\ir_sensor.rpt
ir_sensor

** RESOURCE USAGE **

Logic                Column       Row                                   
Array                Interconnect Interconnect         Clears/     External  
Block   Logic Cells  Driven       Driven       Clocks  Presets   Interconnect
A1       8/ 8(100%)   0/ 8(  0%)   5/ 8( 62%)    1/2    0/2       6/22( 27%)   
A10      1/ 8( 12%)   0/ 8(  0%)   1/ 8( 12%)    0/2    0/2       2/22(  9%)   
A11      8/ 8(100%)   1/ 8( 12%)   3/ 8( 37%)    2/2    1/2       6/22( 27%)   
C3       3/ 8( 37%)   0/ 8(  0%)   1/ 8( 12%)    2/2    1/2       4/22( 18%)   
C4       8/ 8(100%)   1/ 8( 12%)   3/ 8( 37%)    1/2    0/2       7/22( 31%)   
C5       8/ 8(100%)   0/ 8(  0%)   5/ 8( 62%)    1/2    0/2       4/22( 18%)   
C10      7/ 8( 87%)   2/ 8( 25%)   5/ 8( 62%)    1/2    0/2       1/22(  4%)   
C14      8/ 8(100%)   0/ 8(  0%)   3/ 8( 37%)    1/2    0/2       6/22( 27%)   
C18      1/ 8( 12%)   0/ 8(  0%)   1/ 8( 12%)    1/2    1/2       1/22(  4%)   
C24      8/ 8(100%)   0/ 8(  0%)   4/ 8( 50%)    1/2    0/2       5/22( 22%)   


Embedded             Column       Row                                   
Array     Embedded   Interconnect Interconnect         Read/      External  
Block     Cells      Driven       Driven       Clocks  Write    Interconnect


Total dedicated input pins used:                 5/6      ( 83%)
Total I/O pins used:                             5/53     (  9%)
Total logic cells used:                         60/576    ( 10%)
Total embedded cells used:                       0/24     (  0%)
Total EABs used:                                 0/3      (  0%)
Average fan-in:                                 3.15/4    ( 78%)
Total fan-in:                                 189/2304    (  8%)

Total input pins required:                       5
Total input I/O cell registers required:         0
Total output pins required:                      5
Total output I/O cell registers required:        0
Total buried I/O cell registers required:        0
Total bidirectional pins required:               0
Total reserved pins required                     0
Total logic cells required:                     60
Total flipflops required:                       23
Total packed registers required:                 0
Total logic cells in carry chains:               0
Total number of carry chains:                    0
Total logic cells in cascade chains:             0
Total number of cascade chains:                  0
Total single-pin Clock Enables required:         0
Total single-pin Output Enables required:        0

Synthesized logic cells:                         8/ 576   (  1%)

Logic Cell and Embedded Cell Counts

Column:  01  02  03  04  05  06  07  08  09  10  11  12  EA  13  14  15  16  17  18  19  20  21  22  23  24  Total(LC/EC)
 A:      8   0   0   0   0   0   0   0   0   1   8   0   0   0   0   0   0   0   0   0   0   0   0   0   0     17/0  
 B:      0   0   0   0   0   0   0   0   0   0   0   0   0   0   0   0   0   0   0   0   0   0   0   0   0      0/0  
 C:      0   0   3   8   8   0   0   0   0   7   0   0   0   0   8   0   0   0   1   0   0   0   0   0   8     43/0  

Total:   8   0   3   8   8   0   0   0   0   8   8   0   0   0   8   0   0   0   1   0   0   0   0   0   8     60/0  



Device-Specific Information:                  c:\booksoft\chap12\ir_sensor.rpt
ir_sensor

** INPUTS **

                                                    Fan-In    Fan-Out
 Pin     LC     EC   Row  Col  Primitive    Code      INP  FBK  OUT  FBK  Name
  44      -     -    -    --      INPUT                0    0    0    2  active
  43      -     -    -    --      INPUT  G             0    0    0    0  clock_1hz
   1      -     -    -    --      INPUT  G             0    0    0    0  clock_10Khz
   2      -     -    -    --      INPUT  G             0    0    0    0  clock_100Hz
  42      -     -    -    --      INPUT                0    0    0   10  sout


Code:

s = Synthesized pin or logic cell
+ = Synchronous flipflop
/ = Slow slew-rate output
! = NOT gate push-back
r = Fitter-inserted logic cell
@ = Uses single-pin Clock Enable
& = Uses single-pin Output Enable
G = Global Source. Fan-out destinations counted here do not include destinations
that are driven using global routing resources. Refer to the Auto Global Signals,
Clock Signals, Clear Signals, Synchronous Load Signals, and Synchronous Clear Signals
Sections of this Report File for information on which signals' fan-outs are used as
Clock, Clear, Preset, Output Enable, and synchronous Load signals.


Device-Specific Information:                  c:\booksoft\chap12\ir_sensor.rpt
ir_sensor

** OUTPUTS **

       Fed By Fed By                                Fan-In    Fan-Out
 Pin     LC     EC   Row  Col  Primitive    Code      INP  FBK  OUT  FBK  Name
  28      -     -    C    --     OUTPUT                0    1    0    0  left
  30      -     -    C    --     OUTPUT                0    1    0    0  left_led
  18      -     -    A    --     OUTPUT                0    1    0    0  other
  59      -     -    C    --     OUTPUT                0    1    0    0  right
  27      -     -    C    --     OUTPUT                0    1    0    0  right_led


Code:

s = Synthesized pin or logic cell
+ = Synchronous flipflop
/ = Slow slew-rate output
! = NOT gate push-back
r = Fitter-inserted logic cell
@ = Uses single-pin Clock Enable
& = Uses single-pin Output Enable


Device-Specific Information:                  c:\booksoft\chap12\ir_sensor.rpt
ir_sensor

** BURIED LOGIC **

                                                    Fan-In    Fan-Out
 IOC     LC     EC   Row  Col  Primitive    Code      INP  FBK  OUT  FBK  Name
   -      4     -    C    04       AND2                1    1    0    1  |LPM_ADD_SUB:194|addcore:adder|:52
   -      5     -    C    04       AND2                1    2    0    3  |LPM_ADD_SUB:194|addcore:adder|:59
   -      5     -    C    05       AND2                0    2    0    1  |LPM_ADD_SUB:194|addcore:adder|:63
   -      7     -    C    24       AND2                1    1    0    1  |LPM_ADD_SUB:493|addcore:adder|:52
   -      2     -    C    24       AND2                1    2    0    3  |LPM_ADD_SUB:493|addcore:adder|:59
   -      4     -    C    14       AND2                0    2    0    1  |LPM_ADD_SUB:493|addcore:adder|:63
   -      5     -    A    01       AND2                1    2    0    1  |LPM_ADD_SUB:946|addcore:adder|:59
   -      2     -    A    01       AND2                1    3    0    2  |LPM_ADD_SUB:946|addcore:adder|:63
   -      3     -    C    03       DFFE   +    !       0    1    1    0  :8
   -      8     -    C    18       DFFE   +    !       0    1    1    0  :10
   -      5     -    A    11       DFFE   +    !       0    1    1    0  :12
   -      7     -    C    10       DFFE   +            0    2    0    5  state_count1 (:14)
   -      5     -    C    10       DFFE   +            0    1    0    6  state_count0 (:15)
   -      8     -    C    05       DFFE   +            0    3    0    3  left_rscount4 (:16)
   -      1     -    C    05       DFFE   +            0    3    0    4  left_rscount3 (:17)
   -      3     -    C    05       DFFE   +            0    3    0    4  left_rscount2 (:18)
   -      6     -    C    04       DFFE   +            0    3    0    3  left_rscount1 (:19)
   -      3     -    C    04       DFFE   +            1    2    0    4  left_rscount0 (:20)
   -      2     -    C    03       DFFE   +            0    3    0    1  set_left (:21)
   -      6     -    C    14       DFFE   +            0    3    0    3  right_rscount4 (:22)
   -      2     -    C    14       DFFE   +            0    3    0    4  right_rscount3 (:23)
   -      4     -    C    24       DFFE   +            0    3    0    4  right_rscount2 (:24)
   -      8     -    C    24       DFFE   +            0    3    0    3  right_rscount1 (:25)
   -      6     -    C    24       DFFE   +            1    2    0    4  right_rscount0 (:26)
   -      3     -    C    14       DFFE   +            0    3    0    1  set_right (:27)
   -      6     -    A    11       DFFE   +            0    3    0    4  other_rscount4 (:28)
   -      3     -    A    11       DFFE   +            0    3    0    5  other_rscount3 (:29)
   -      3     -    A    01       DFFE   +            0    3    0    5  other_rscount2 (:30)
   -      4     -    A    01       DFFE   +            0    3    0    6  other_rscount1 (:31)
   -      1     -    C    04       DFFE   +            0    3    0    6  other_rscount0 (:32)
   -      8     -    A    11       DFFE   +            0    4    0    2  set_other (:33)
   -      3     -    C    24        OR2    s           0    4    0    1  ~139~1
   -      2     -    C    10        OR2        !       0    2    0   10  :139
   -      4     -    C    05        OR2                0    4    0    4  :153
   -      6     -    C    05        OR2                0    4    0    1  :214
   -      7     -    C    05        OR2                0    4    0    1  :220
   -      2     -    C    04       AND2        !       0    2    0    1  :361
   -      1     -    C    03        OR2    s           0    3    0    1  ~403~1
   -      2     -    C    05       AND2    s   !       0    2    0    3  ~429~1
   -      1     -    C    14        OR2                0    4    0    4  :452
   -      5     -    C    14        OR2                0    4    0    1  :513
   -      7     -    C    14        OR2                0    4    0    1  :519
   -      1     -    C    24       AND2        !       0    2    0    1  :660
   -      8     -    C    14        OR2    s           0    3    0    1  ~702~1
   -      5     -    C    24       AND2    s   !       0    2    0    3  ~728~1
   -      8     -    A    01       AND2    s           0    4    0    1  ~737~1
   -      4     -    C    10        OR2        !       0    2    0   11  :737
   -      1     -    A    10       AND2                0    2    0    1  :806
   -      7     -    A    11        OR2    s           0    4    0    1  ~856~1
   -      8     -    C    04        OR2    s           0    4    0    1  ~891~1
   -      3     -    C    10        OR2        !       0    2    0   13  :891
   -      1     -    A    11        OR2                0    3    0    3  :905
   -      1     -    A    01       AND2                0    3    0    3  :912
   -      4     -    A    11        OR2                0    4    0    1  :966
   -      2     -    A    11        OR2                0    4    0    1  :972
   -      6     -    A    01        OR2                0    3    0    1  :978
   -      7     -    A    01        OR2                1    3    0    1  :984
   -      7     -    C    04        OR2                1    2    0    1  :990
   -      1     -    C    10       AND2                1    2    1    0  :1112
   -      6     -    C    10       AND2                1    2    1    0  :1131


Code:

s = Synthesized pin or logic cell
+ = Synchronous flipflop
/ = Slow slew-rate output
! = NOT gate push-back
r = Fitter-inserted logic cell
p = Packed register


Device-Specific Information:                  c:\booksoft\chap12\ir_sensor.rpt
ir_sensor

** FASTTRACK INTERCONNECT UTILIZATION **

Row FastTrack Interconnect:

          Global         Left Half-      Right Half-
         FastTrack       FastTrack       FastTrack 
Row     Interconnect    Interconnect    Interconnect    Input Pins     Output Pins     Bidir Pins
A:       0/ 96(  0%)    12/ 48( 25%)     0/ 48(  0%)    0/16(  0%)      1/16(  6%)     0/16(  0%)
B:       0/ 96(  0%)     0/ 48(  0%)     0/ 48(  0%)    0/16(  0%)      0/16(  0%)     0/16(  0%)
C:       3/ 96(  3%)    13/ 48( 27%)     7/ 48( 14%)    0/16(  0%)      4/16( 25%)     0/16(  0%)


Column FastTrack Interconnect:

         FastTrack                                 
Column  Interconnect    Input Pins     Output Pins     Bidir Pins
01:      0/24(  0%)     0/4(  0%)      0/4(  0%)       0/4(  0%)
02:      0/24(  0%)     0/4(  0%)      0/4(  0%)       0/4(  0%)
03:      0/24(  0%)     0/4(  0%)      0/4(  0%)       0/4(  0%)
04:      1/24(  4%)     0/4(  0%)      0/4(  0%)       0/4(  0%)
05:      0/24(  0%)     0/4(  0%)      0/4(  0%)       0/4(  0%)
06:      0/24(  0%)     0/4(  0%)      0/4(  0%)       0/4(  0%)
07:      0/24(  0%)     0/4(  0%)      0/4(  0%)       0/4(  0%)
08:      0/24(  0%)     0/4(  0%)      0/4(  0%)       0/4(  0%)
09:      0/24(  0%)     0/4(  0%)      0/4(  0%)       0/4(  0%)
10:      2/24(  8%)     0/4(  0%)      0/4(  0%)       0/4(  0%)
11:      0/24(  0%)     0/4(  0%)      0/4(  0%)       0/4(  0%)
12:      1/24(  4%)     0/4(  0%)      0/4(  0%)       0/4(  0%)
13:      0/24(  0%)     0/4(  0%)      0/4(  0%)       0/4(  0%)
14:      0/24(  0%)     0/4(  0%)      0/4(  0%)       0/4(  0%)
15:      0/24(  0%)     0/4(  0%)      0/4(  0%)       0/4(  0%)
16:      0/24(  0%)     0/4(  0%)      0/4(  0%)       0/4(  0%)
17:      0/24(  0%)     0/4(  0%)      0/4(  0%)       0/4(  0%)
18:      0/24(  0%)     0/4(  0%)      0/4(  0%)       0/4(  0%)
19:      0/24(  0%)     0/4(  0%)      0/4(  0%)       0/4(  0%)
20:      0/24(  0%)     0/4(  0%)      0/4(  0%)       0/4(  0%)
21:      0/24(  0%)     0/4(  0%)      0/4(  0%)       0/4(  0%)
22:      0/24(  0%)     0/4(  0%)      0/4(  0%)       0/4(  0%)
23:      0/24(  0%)     0/4(  0%)      0/4(  0%)       0/4(  0%)
24:      0/24(  0%)     0/4(  0%)      0/4(  0%)       0/4(  0%)
EA:      0/24(  0%)     0/4(  0%)      0/4(  0%)       0/4(  0%)


Device-Specific Information:                  c:\booksoft\chap12\ir_sensor.rpt
ir_sensor

** CLOCK SIGNALS **

Type     Fan-out       Name
INPUT       18         clock_10Khz
INPUT        3         clock_1hz
INPUT        2         clock_100Hz


Device-Specific Information:                  c:\booksoft\chap12\ir_sensor.rpt
ir_sensor

** CLEAR SIGNALS **

Type     Fan-out       Name
DFF          2         set_left
DFF          2         set_right
DFF          2         set_other


Device-Specific Information:                  c:\booksoft\chap12\ir_sensor.rpt
ir_sensor

** EQUATIONS **

active   : INPUT;
clock_1hz : INPUT;
clock_10Khz : INPUT;
clock_100Hz : INPUT;
sout     : INPUT;

-- Node name is 'left' 
-- Equation name is 'left', type is output 
left     =  _LC3_C3;

-- Node name is 'left_led' 
-- Equation name is 'left_led', type is output 
left_led =  _LC6_C10;

-- Node name is ':20' = 'left_rscount0' 
-- Equation name is 'left_rscount0', location is LC3_C4, type is buried.
left_rscount0 = DFFE( _EQ001, GLOBAL(!clock_10Khz),  VCC,  VCC,  VCC);
  _EQ001 =  _LC2_C5 & !_LC3_C10 &  left_rscount0
         # !_LC3_C10 &  left_rscount0 &  sout
         # !_LC2_C5 & !_LC3_C10 & !left_rscount0 & !sout;

-- Node name is ':19' = 'left_rscount1' 
-- Equation name is 'left_rscount1', location is LC6_C4, type is buried.
left_rscount1 = DFFE( _EQ002, GLOBAL(!clock_10Khz),  VCC,  VCC,  VCC);
  _EQ002 = !_LC3_C10 & !_LC4_C4 &  left_rscount1
         #  _LC2_C5 & !_LC3_C10 &  left_rscount1
         # !_LC2_C5 & !_LC3_C10 &  _LC4_C4 & !left_rscount1;

-- Node name is ':18' = 'left_rscount2' 
-- Equation name is 'left_rscount2', location is LC3_C5, type is buried.
left_rscount2 = DFFE( _EQ003, GLOBAL(!clock_10Khz),  VCC,  VCC,  VCC);
  _EQ003 = !_LC3_C10 & !_LC5_C4 &  left_rscount2
         #  _LC2_C5 & !_LC3_C10 &  left_rscount2
         # !_LC2_C5 & !_LC3_C10 &  _LC5_C4 & !left_rscount2;

-- Node name is ':17' = 'left_rscount3' 
-- Equation name is 'left_rscount3', location is LC1_C5, type is buried.
left_rscount3 = DFFE( _EQ004, GLOBAL(!clock_10Khz),  VCC,  VCC,  VCC);
  _EQ004 =  _LC2_C10 & !_LC3_C10 &  _LC7_C5
         # !_LC2_C10 & !_LC3_C10 &  left_rscount3;

-- Node name is ':16' = 'left_rscount4' 
-- Equation name is 'left_rscount4', location is LC8_C5, type is buried.
left_rscount4 = DFFE( _EQ005, GLOBAL(!clock_10Khz),  VCC,  VCC,  VCC);
  _EQ005 =  _LC2_C10 & !_LC3_C10 &  _LC6_C5
         # !_LC2_C10 & !_LC3_C10 &  left_rscount4;

-- Node name is 'other' 
-- Equation name is 'other', type is output 
other    =  _LC5_A11;

-- Node name is ':32' = 'other_rscount0' 
-- Equation name is 'other_rscount0', location is LC1_C4, type is buried.
other_rscount0 = DFFE( _EQ006, GLOBAL(!clock_10Khz),  VCC,  VCC,  VCC);
  _EQ006 =  _LC3_C10 &  _LC7_C4
         # !_LC3_C10 & !_LC4_C10 &  other_rscount0;

-- Node name is ':31' = 'other_rscount1' 
-- Equation name is 'other_rscount1', location is LC4_A1, type is buried.
other_rscount1 = DFFE( _EQ007, GLOBAL(!clock_10Khz),  VCC,  VCC,  VCC);
  _EQ007 =  _LC3_C10 &  _LC7_A1
         # !_LC3_C10 & !_LC4_C10 &  other_rscount1;

-- Node name is ':30' = 'other_rscount2' 
-- Equation name is 'other_rscount2', location is LC3_A1, type is buried.
other_rscount2 = DFFE( _EQ008, GLOBAL(!clock_10Khz),  VCC,  VCC,  VCC);
  _EQ008 =  _LC3_C10 &  _LC6_A1
         # !_LC3_C10 & !_LC4_C10 &  other_rscount2;

-- Node name is ':29' = 'other_rscount3' 
-- Equation name is 'other_rscount3', location is LC3_A11, type is buried.
other_rscount3 = DFFE( _EQ009, GLOBAL(!clock_10Khz),  VCC,  VCC,  VCC);
  _EQ009 =  _LC2_A11 &  _LC3_C10
         # !_LC3_C10 & !_LC4_C10 &  other_rscount3;

-- Node name is ':28' = 'other_rscount4' 
-- Equation name is 'other_rscount4', location is LC6_A11, type is buried.
other_rscount4 = DFFE( _EQ010, GLOBAL(!clock_10Khz),  VCC,  VCC,  VCC);
  _EQ010 =  _LC3_C10 &  _LC4_A11
         # !_LC3_C10 & !_LC4_C10 &  other_rscount4;

-- Node name is 'right' 
-- Equation name is 'right', type is output 
right    =  _LC8_C18;

-- Node name is 'right_led' 
-- Equation name is 'right_led', type is output 
right_led =  _LC1_C10;

-- Node name is ':26' = 'right_rscount0' 
-- Equation name is 'right_rscount0', location is LC6_C24, type is buried.
right_rscount0 = DFFE( _EQ011, GLOBAL(!clock_10Khz),  VCC,  VCC,  VCC);
  _EQ011 = !_LC2_C10 &  _LC5_C24 &  right_rscount0
         # !_LC2_C10 &  right_rscount0 &  sout
         # !_LC2_C10 & !_LC5_C24 & !right_rscount0 & !sout;

-- Node name is ':25' = 'right_rscount1' 
-- Equation name is 'right_rscount1', location is LC8_C24, type is buried.
right_rscount1 = DFFE( _EQ012, GLOBAL(!clock_10Khz),  VCC,  VCC,  VCC);
  _EQ012 = !_LC2_C10 & !_LC7_C24 &  right_rscount1
         # !_LC2_C10 &  _LC5_C24 &  right_rscount1
         # !_LC2_C10 & !_LC5_C24 &  _LC7_C24 & !right_rscount1;

-- Node name is ':24' = 'right_rscount2' 
-- Equation name is 'right_rscount2', location is LC4_C24, type is buried.
right_rscount2 = DFFE( _EQ013, GLOBAL(!clock_10Khz),  VCC,  VCC,  VCC);
  _EQ013 = !_LC2_C10 & !_LC2_C24 &  right_rscount2
         # !_LC2_C10 &  _LC5_C24 &  right_rscount2
         # !_LC2_C10 &  _LC2_C24 & !_LC5_C24 & !right_rscount2;

-- Node name is ':23' = 'right_rscount3' 
-- Equation name is 'right_rscount3', location is LC2_C14, type is buried.
right_rscount3 = DFFE( _EQ014, GLOBAL(!clock_10Khz),  VCC,  VCC,  VCC);
  _EQ014 = !_LC2_C10 &  _LC4_C10 &  _LC7_C14
         # !_LC2_C10 & !_LC4_C10 &  right_rscount3;

-- Node name is ':22' = 'right_rscount4' 
-- Equation name is 'right_rscount4', location is LC6_C14, type is buried.
right_rscount4 = DFFE( _EQ015, GLOBAL(!clock_10Khz),  VCC,  VCC,  VCC);
  _EQ015 = !_LC2_C10 &  _LC4_C10 &  _LC5_C14
         # !_LC2_C10 & !_LC4_C10 &  right_rscount4;

-- Node name is ':21' = 'set_left' 
-- Equation name is 'set_left', location is LC2_C3, type is buried.
set_left = DFFE( _EQ016, GLOBAL(!clock_10Khz),  VCC,  VCC,  VCC);
  _EQ016 =  _LC1_C3 &  set_left
         #  _LC1_C3 &  _LC3_C10 & !_LC4_C5;

-- Node name is ':33' = 'set_other' 
-- Equation name is 'set_other', location is LC8_A11, type is buried.
set_other = DFFE( _EQ017, GLOBAL(!clock_10Khz),  VCC,  VCC,  VCC);
  _EQ017 =  _LC7_A11
         #  _LC4_C10 &  _LC8_A1
         #  _LC4_C10 &  other_rscount4;

-- Node name is ':27' = 'set_right' 
-- Equation name is 'set_right', location is LC3_C14, type is buried.
set_right = DFFE( _EQ018, GLOBAL(!clock_10Khz),  VCC,  VCC,  VCC);
  _EQ018 =  _LC8_C14 &  set_right
         # !_LC1_C14 &  _LC2_C10 &  _LC8_C14;

-- Node name is ':15' = 'state_count0' 
-- Equation name is 'state_count0', location is LC5_C10, type is buried.
state_count0 = DFFE( _LC4_C10, GLOBAL( clock_100Hz),  VCC,  VCC,  VCC);

-- Node name is ':14' = 'state_count1' 
-- Equation name is 'state_count1', location is LC7_C10, type is buried.
state_count1 = DFFE( _EQ019, GLOBAL( clock_100Hz),  VCC,  VCC,  VCC);
  _EQ019 = !_LC3_C10 & !state_count0 &  state_count1
         # !_LC3_C10 &  state_count0 & !state_count1;

-- Node name is '|LPM_ADD_SUB:194|addcore:adder|:52' from file "addcore.tdf" line 308, column 28
-- Equation name is '_LC4_C4', type is buried 
_LC4_C4  = LCELL( _EQ020);
  _EQ020 =  left_rscount0 & !sout;

-- Node name is '|LPM_ADD_SUB:194|addcore:adder|:59' from file "addcore.tdf" line 312, column 64
-- Equation name is '_LC5_C4', type is buried 
_LC5_C4  = LCELL( _EQ021);
  _EQ021 =  left_rscount0 &  left_rscount1 & !sout;

-- Node name is '|LPM_ADD_SUB:194|addcore:adder|:63' from file "addcore.tdf" line 312, column 64
-- Equation name is '_LC5_C5', type is buried 
_LC5_C5  = LCELL( _EQ022);
  _EQ022 =  _LC5_C4 &  left_rscount2;

-- Node name is '|LPM_ADD_SUB:493|addcore:adder|:52' from file "addcore.tdf" line 308, column 28
-- Equation name is '_LC7_C24', type is buried 
_LC7_C24 = LCELL( _EQ023);
  _EQ023 =  right_rscount0 & !sout;

-- Node name is '|LPM_ADD_SUB:493|addcore:adder|:59' from file "addcore.tdf" line 312, column 64
-- Equation name is '_LC2_C24', type is buried 
_LC2_C24 = LCELL( _EQ024);
  _EQ024 =  right_rscount0 &  right_rscount1 & !sout;

-- Node name is '|LPM_ADD_SUB:493|addcore:adder|:63' from file "addcore.tdf" line 312, column 64
-- Equation name is '_LC4_C14', type is buried 
_LC4_C14 = LCELL( _EQ025);
  _EQ025 =  _LC2_C24 &  right_rscount2;

-- Node name is '|LPM_ADD_SUB:946|addcore:adder|:59' from file "addcore.tdf" line 312, column 64
-- Equation name is '_LC5_A1', type is buried 
_LC5_A1  = LCELL( _EQ026);
  _EQ026 =  other_rscount0 &  other_rscount1 & !sout;

-- Node name is '|LPM_ADD_SUB:946|addcore:adder|:63' from file "addcore.tdf" line 312, column 64
-- Equation name is '_LC2_A1', type is buried 
_LC2_A1  = LCELL( _EQ027);
  _EQ027 =  other_rscount0 &  other_rscount1 &  other_rscount2 & !sout;

-- Node name is ':8' 
-- Equation name is '_LC3_C3', type is buried 
!_LC3_C3 = _LC3_C3~NOT;
_LC3_C3~NOT = DFFE( VCC, GLOBAL( clock_1hz), !set_left,  VCC,  VCC);

-- Node name is ':10' 
-- Equation name is '_LC8_C18', type is buried 
!_LC8_C18 = _LC8_C18~NOT;
_LC8_C18~NOT = DFFE( VCC, GLOBAL( clock_1hz), !set_right,  VCC,  VCC);

-- Node name is ':12' 
-- Equation name is '_LC5_A11', type is buried 
!_LC5_A11 = _LC5_A11~NOT;
_LC5_A11~NOT = DFFE( VCC, GLOBAL( clock_1hz), !set_other,  VCC,  VCC);

-- Node name is '~139~1' 
-- Equation name is '~139~1', location is LC3_C24, type is buried.
-- synthesized logic cell 
_LC3_C24 = LCELL( _EQ028);
  _EQ028 =  right_rscount1 &  right_rscount2 &  right_rscount3
         #  right_rscount0 &  right_rscount2 &  right_rscount3;

-- Node name is ':139' 
-- Equation name is '_LC2_C10', type is buried 
!_LC2_C10 = _LC2_C10~NOT;
_LC2_C10~NOT = LCELL( _EQ029);
  _EQ029 =  state_count1
         # !state_count0;

-- Node name is ':153' 
-- Equation name is '_LC4_C5', type is buried 
_LC4_C5  = LCELL( _EQ030);
  _EQ030 = !left_rscount4
         # !left_rscount3
         # !_LC2_C4 & !left_rscount2;

-- Node name is ':214' 
-- Equation name is '_LC6_C5', type is buried 
_LC6_C5  = LCELL( _EQ031);
  _EQ031 = !left_rscount3 &  left_rscount4
         # !_LC5_C5 &  left_rscount4
         #  _LC5_C5 &  left_rscount3 & !left_rscount4
         # !_LC4_C5;

-- Node name is ':220' 
-- Equation name is '_LC7_C5', type is buried 
_LC7_C5  = LCELL( _EQ032);
  _EQ032 = !left_rscount2 &  left_rscount3
         # !_LC5_C4 &  left_rscount3
         #  _LC5_C4 &  left_rscount2 & !left_rscount3
         # !_LC4_C5;

-- Node name is ':361' 
-- Equation name is '_LC2_C4', type is buried 
!_LC2_C4 = _LC2_C4~NOT;
_LC2_C4~NOT = LCELL( _EQ033);
  _EQ033 = !left_rscount0 & !left_rscount1;

-- Node name is '~403~1' 
-- Equation name is '~403~1', location is LC1_C3, type is buried.
-- synthesized logic cell 
_LC1_C3  = LCELL( _EQ034);
  _EQ034 =  _LC8_C4
         #  left_rscount4
         # !_LC3_C10;

-- Node name is '~429~1' 
-- Equation name is '~429~1', location is LC2_C5, type is buried.
-- synthesized logic cell 
!_LC2_C5 = _LC2_C5~NOT;
_LC2_C5~NOT = LCELL( _EQ035);
  _EQ035 =  _LC2_C10 &  _LC4_C5;

-- Node name is ':452' 
-- Equation name is '_LC1_C14', type is buried 
_LC1_C14 = LCELL( _EQ036);
  _EQ036 = !right_rscount4
         # !right_rscount3
         # !_LC1_C24 & !right_rscount2;

-- Node name is ':513' 
-- Equation name is '_LC5_C14', type is buried 
_LC5_C14 = LCELL( _EQ037);
  _EQ037 = !right_rscount3 &  right_rscount4
         # !_LC4_C14 &  right_rscount4
         #  _LC4_C14 &  right_rscount3 & !right_rscount4
         # !_LC1_C14;

-- Node name is ':519' 
-- Equation name is '_LC7_C14', type is buried 
_LC7_C14 = LCELL( _EQ038);
  _EQ038 = !right_rscount2 &  right_rscount3
         # !_LC2_C24 &  right_rscount3
         #  _LC2_C24 &  right_rscount2 & !right_rscount3
         # !_LC1_C14;

-- Node name is ':660' 
-- Equation name is '_LC1_C24', type is buried 
!_LC1_C24 = _LC1_C24~NOT;
_LC1_C24~NOT = LCELL( _EQ039);
  _EQ039 = !right_rscount0 & !right_rscount1;

-- Node name is '~702~1' 
-- Equation name is '~702~1', location is LC8_C14, type is buried.
-- synthesized logic cell 
_LC8_C14 = LCELL( _EQ040);
  _EQ040 =  _LC3_C24
         #  right_rscount4
         # !_LC2_C10;

-- Node name is '~728~1' 
-- Equation name is '~728~1', location is LC5_C24, type is buried.
-- synthesized logic cell 
!_LC5_C24 = _LC5_C24~NOT;
_LC5_C24~NOT = LCELL( _EQ041);
  _EQ041 =  _LC1_C14 &  _LC4_C10;

-- Node name is '~737~1' 
-- Equation name is '~737~1', location is LC8_A1, type is buried.
-- synthesized logic cell 
_LC8_A1  = LCELL( _EQ042);
  _EQ042 =  other_rscount0 &  other_rscount1 &  other_rscount2 & 
              other_rscount3;

-- Node name is ':737' 
-- Equation name is '_LC4_C10', type is buried 
!_LC4_C10 = _LC4_C10~NOT;
_LC4_C10~NOT = LCELL( _EQ043);
  _EQ043 =  state_count1
         #  state_count0;

-- Node name is ':806' 
-- Equation name is '_LC1_A10', type is buried 
_LC1_A10 = LCELL( _EQ044);
  _EQ044 =  other_rscount1 &  other_rscount2;

-- Node name is '~856~1' 
-- Equation name is '~856~1', location is LC7_A11, type is buried.
-- synthesized logic cell 
_LC7_A11 = LCELL( _EQ045);
  _EQ045 =  other_rscount3 &  set_other
         # !_LC4_C10 &  set_other
         #  _LC1_A10 &  set_other;

-- Node name is '~891~1' 
-- Equation name is '~891~1', location is LC8_C4, type is buried.
-- synthesized logic cell 
_LC8_C4  = LCELL( _EQ046);
  _EQ046 =  left_rscount1 &  left_rscount2 &  left_rscount3
         #  left_rscount0 &  left_rscount2 &  left_rscount3;

-- Node name is ':891' 
-- Equation name is '_LC3_C10', type is buried 
!_LC3_C10 = _LC3_C10~NOT;
_LC3_C10~NOT = LCELL( _EQ047);
  _EQ047 = !state_count1
         #  state_count0;

-- Node name is ':905' 
-- Equation name is '_LC1_A11', type is buried 
_LC1_A11 = LCELL( _EQ048);
  _EQ048 = !other_rscount3
         # !other_rscount4
         #  _LC1_A1;

-- Node name is ':912' 
-- Equation name is '_LC1_A1', type is buried 
_LC1_A1  = LCELL( _EQ049);
  _EQ049 = !other_rscount0 & !other_rscount1 & !other_rscount2;

-- Node name is ':966' 
-- Equation name is '_LC4_A11', type is buried 
_LC4_A11 = LCELL( _EQ050);
  _EQ050 = !_LC1_A1 &  other_rscount4
         # !other_rscount3 &  other_rscount4
         # !_LC2_A1 &  other_rscount4
         #  _LC2_A1 &  other_rscount3 & !other_rscount4;

-- Node name is ':972' 
-- Equation name is '_LC2_A11', type is buried 
_LC2_A11 = LCELL( _EQ051);
  _EQ051 = !_LC1_A1 &  other_rscount3 &  other_rscount4
         # !_LC2_A1 &  other_rscount3
         #  _LC2_A1 & !other_rscount3;

-- Node name is ':978' 
-- Equation name is '_LC6_A1', type is buried 
_LC6_A1  = LCELL( _EQ052);
  _EQ052 = !_LC1_A11 &  other_rscount2
         # !_LC5_A1 &  other_rscount2
         #  _LC1_A11 &  _LC5_A1 & !other_rscount2;

-- Node name is ':984' 
-- Equation name is '_LC7_A1', type is buried 
_LC7_A1  = LCELL( _EQ053);
  _EQ053 = !_LC1_A11 &  other_rscount1
         # !other_rscount0 &  other_rscount1
         #  other_rscount1 &  sout
         #  _LC1_A11 &  other_rscount0 & !other_rscount1 & !sout;

-- Node name is ':990' 
-- Equation name is '_LC7_C4', type is buried 
_LC7_C4  = LCELL( _EQ054);
  _EQ054 = !_LC1_A11 &  other_rscount0
         #  other_rscount0 &  sout
         #  _LC1_A11 & !other_rscount0 & !sout;

-- Node name is ':1112' 
-- Equation name is '_LC1_C10', type is buried 
_LC1_C10 = LCELL( _EQ055);
  _EQ055 =  active & !state_count0 & !state_count1;

-- Node name is ':1131' 
-- Equation name is '_LC6_C10', type is buried 
_LC6_C10 = LCELL( _EQ056);
  _EQ056 =  active &  state_count0 & !state_count1;



Project Information                           c:\booksoft\chap12\ir_sensor.rpt

** COMPILATION SETTINGS & TIMES **

Processing Menu Commands
------------------------

Design Doctor                             = off

Logic Synthesis:

   Synthesis Type Used                    = Multi-Level

   Default Synthesis Style                = NORMAL

      Logic option settings in 'NORMAL' style for 'FLEX10K' family

      CARRY_CHAIN                         = ignore
      CARRY_CHAIN_LENGTH                  = 32
      CASCADE_CHAIN                       = ignore
      CASCADE_CHAIN_LENGTH                = 2
      DECOMPOSE_GATES                     = on
      DUPLICATE_LOGIC_EXTRACTION          = on
      MINIMIZATION                        = full
      MULTI_LEVEL_FACTORING               = on
      NOT_GATE_PUSH_BACK                  = on
      REDUCE_LOGIC                        = on
      REFACTORIZATION                     = on
      REGISTER_OPTIMIZATION               = on
      RESYNTHESIZE_NETWORK                = on
      SLOW_SLEW_RATE                      = off
      SUBFACTOR_EXTRACTION                = on
      IGNORE_SOFT_BUFFERS                 = on
      USE_LPM_FOR_AHDL_OPERATORS          = off

   Other logic synthesis settings:

      Automatic Global Clock              = on
      Automatic Global Clear              = on
      Automatic Global Preset             = on
      Automatic Global Output Enable      = on
      Automatic Fast I/O                  = off
      Automatic Register Packing          = off
      Automatic Open-Drain Pins           = on
      Automatic Implement in EAB          = off
      Optimize                            = 5

Default Timing Specifications: None

Cut All Bidir Feedback Timing Paths       = on
Cut All Clear & Preset Timing Paths       = on

Ignore Timing Assignments                 = off

Functional SNF Extractor                  = off

Linked SNF Extractor                      = off
Timing SNF Extractor                      = on
Optimize Timing SNF                       = off
Generate AHDL TDO File                    = off
Fitter Settings                           = NORMAL
Use Quartus Fitter                        = on
Smart Recompile                           = off
Total Recompile                           = off

Interfaces Menu Commands
------------------------

EDIF Netlist Writer                       = off
Verilog Netlist Writer                    = off
VHDL Netlist Writer                       = off

Compilation Times
-----------------

   Compiler Netlist Extractor             00:00:03
   Database Builder                       00:00:00
   Logic Synthesizer                      00:00:00
   Partitioner                            00:00:00
   Fitter                                 00:00:02
   Timing SNF Extractor                   00:00:00
   Assembler                              00:00:00
   --------------------------             --------
   Total Time                             00:00:05


Memory Allocated
-----------------

Peak memory allocated during compilation  = 17,212K
