Project Information                            e:\max2work\robot\ir_sensor.rpt

MAX+plus II Compiler Report File
Version 7.21 Student Edition
Compiled: 11/12/98 09:13:08

Copyright (C) 1991-1997 Altera Corporation
Any megafunction design, and related net list (encrypted or decrypted),
support information, device programming or simulation file, and any other
associated documentation or information provided by Altera or a partner
under Altera's Megafunction Partnership Program may be used only to
program PLD devices (but not masked PLD devices) from Altera.  Any other
use of such megafunction design, net list, support information, device
programming or simulation file, or any other related documentation or
information is prohibited for any other purpose, including, but not
limited to modification, reverse engineering, de-compiling, or use with
any other silicon devices, unless such use is explicitly licensed under
a separate agreement with Altera or a megafunction partner.  Title to
the intellectual property, including patents, copyrights, trademarks,
trade secrets, or maskworks, embodied in any such megafunction design,
net list, support information, device programming or simulation file, or
any other related documentation or information provided by Altera or a
megafunction partner, remains with Altera, the megafunction partner, or
their respective licensors.  No other licenses, including any licenses
needed under any third party's intellectual property, are provided herein.



***** Project compilation was successful


IR_SENSOR


** DEVICE SUMMARY **

Chip/                     Input Output Bidir  Memory  Memory  			 LCs
POF       Device          Pins  Pins   Pins   Bits % Utilized  LCs  % Utilized

ir_sensor
      EPF10K20RC240-4      4      4      0    0         0  %    32       2  %

User Pins:                 4      4      0  



Project Information                            e:\max2work\robot\ir_sensor.rpt

** FILE HIERARCHY **



|lpm_compare:67|
|lpm_compare:67|comptree:comparator|
|lpm_compare:67|comptree:comparator|cmpchain:cmp_end|
|lpm_compare:67|comptree:comparator|cmpchain:cmp_end|comptree:comp|
|lpm_compare:67|comptree:comparator|cmpchain:cmp_end|comptree:comp|cmpchain:cmp2|
|lpm_compare:67|comptree:comparator|cmpchain:cmp_end|comptree:comp|cmpchain:cmp1|
|lpm_compare:67|comptree:comparator|cmpchain:cmp_end|comptree:comp|cmpchain:cmp0|
|lpm_compare:67|comptree:comparator|cmpchain:cmp_end|comptree:comp|comptree:sub_comptree|
|lpm_compare:67|comptree:comparator|cmpchain:cmp_end|comptree:comp|comptree:sub_comptree|cmpchain:cmp0|
|lpm_compare:67|comptree:comparator|cmpchain:cmp_end|comptree:comp|comptree:sub_comptree|cmpchain:cmp_end|
|lpm_compare:67|comptree:comparator|cmpchain:cmp_end|comptree:comp|comptree:sub_comptree|comptree:sub_comptree|
|lpm_compare:67|comptree:comparator|cmpchain:cmp_end|comptree:comp|comptree:sub_comptree|comptree:sub_comptree|cmpchain:eq_cmp_end|
|lpm_compare:67|comptree:comparator|cmpchain:cmp_end|comptree:comp|comptree:sub_comptree|comptree:sub_comptree|cmpchain:gt_cmp_end|
|lpm_compare:67|altshift:aeb_ext_lat_ffs|
|lpm_compare:67|altshift:agb_ext_lat_ffs|
|lpm_add_sub:87|
|lpm_add_sub:87|addcore:adder|
|lpm_add_sub:87|altshift:result_ext_latency_ffs|
|lpm_add_sub:87|altshift:carry_ext_latency_ffs|
|lpm_add_sub:87|altshift:oflow_ext_latency_ffs|
|lpm_compare:194|
|lpm_compare:194|comptree:comparator|
|lpm_compare:194|comptree:comparator|cmpchain:cmp_end|
|lpm_compare:194|comptree:comparator|cmpchain:cmp_end|comptree:comp|
|lpm_compare:194|comptree:comparator|cmpchain:cmp_end|comptree:comp|cmpchain:cmp2|
|lpm_compare:194|comptree:comparator|cmpchain:cmp_end|comptree:comp|cmpchain:cmp1|
|lpm_compare:194|comptree:comparator|cmpchain:cmp_end|comptree:comp|cmpchain:cmp0|
|lpm_compare:194|comptree:comparator|cmpchain:cmp_end|comptree:comp|comptree:sub_comptree|
|lpm_compare:194|comptree:comparator|cmpchain:cmp_end|comptree:comp|comptree:sub_comptree|cmpchain:cmp0|
|lpm_compare:194|comptree:comparator|cmpchain:cmp_end|comptree:comp|comptree:sub_comptree|cmpchain:cmp_end|
|lpm_compare:194|comptree:comparator|cmpchain:cmp_end|comptree:comp|comptree:sub_comptree|comptree:sub_comptree|
|lpm_compare:194|comptree:comparator|cmpchain:cmp_end|comptree:comp|comptree:sub_comptree|comptree:sub_comptree|cmpchain:eq_cmp_end|
|lpm_compare:194|comptree:comparator|cmpchain:cmp_end|comptree:comp|comptree:sub_comptree|comptree:sub_comptree|cmpchain:gt_cmp_end|
|lpm_compare:194|altshift:aeb_ext_lat_ffs|
|lpm_compare:194|altshift:agb_ext_lat_ffs|
|lpm_compare:215|
|lpm_compare:215|comptree:comparator|
|lpm_compare:215|comptree:comparator|cmpchain:cmp_end|
|lpm_compare:215|comptree:comparator|cmpchain:cmp_end|comptree:comp|
|lpm_compare:215|comptree:comparator|cmpchain:cmp_end|comptree:comp|cmpchain:cmp2|
|lpm_compare:215|comptree:comparator|cmpchain:cmp_end|comptree:comp|cmpchain:cmp1|
|lpm_compare:215|comptree:comparator|cmpchain:cmp_end|comptree:comp|cmpchain:cmp0|
|lpm_compare:215|comptree:comparator|cmpchain:cmp_end|comptree:comp|comptree:sub_comptree|
|lpm_compare:215|comptree:comparator|cmpchain:cmp_end|comptree:comp|comptree:sub_comptree|cmpchain:cmp0|
|lpm_compare:215|comptree:comparator|cmpchain:cmp_end|comptree:comp|comptree:sub_comptree|cmpchain:cmp_end|
|lpm_compare:215|comptree:comparator|cmpchain:cmp_end|comptree:comp|comptree:sub_comptree|comptree:sub_comptree|
|lpm_compare:215|comptree:comparator|cmpchain:cmp_end|comptree:comp|comptree:sub_comptree|comptree:sub_comptree|cmpchain:eq_cmp_end|
|lpm_compare:215|comptree:comparator|cmpchain:cmp_end|comptree:comp|comptree:sub_comptree|comptree:sub_comptree|cmpchain:gt_cmp_end|
|lpm_compare:215|altshift:aeb_ext_lat_ffs|
|lpm_compare:215|altshift:agb_ext_lat_ffs|
|lpm_compare:297|
|lpm_compare:297|comptree:comparator|
|lpm_compare:297|comptree:comparator|cmpchain:cmp_end|
|lpm_compare:297|comptree:comparator|cmpchain:cmp_end|comptree:comp|
|lpm_compare:297|comptree:comparator|cmpchain:cmp_end|comptree:comp|cmpchain:cmp2|
|lpm_compare:297|comptree:comparator|cmpchain:cmp_end|comptree:comp|cmpchain:cmp1|
|lpm_compare:297|comptree:comparator|cmpchain:cmp_end|comptree:comp|cmpchain:cmp0|
|lpm_compare:297|comptree:comparator|cmpchain:cmp_end|comptree:comp|comptree:sub_comptree|
|lpm_compare:297|comptree:comparator|cmpchain:cmp_end|comptree:comp|comptree:sub_comptree|cmpchain:cmp0|
|lpm_compare:297|comptree:comparator|cmpchain:cmp_end|comptree:comp|comptree:sub_comptree|cmpchain:cmp_end|
|lpm_compare:297|comptree:comparator|cmpchain:cmp_end|comptree:comp|comptree:sub_comptree|comptree:sub_comptree|
|lpm_compare:297|comptree:comparator|cmpchain:cmp_end|comptree:comp|comptree:sub_comptree|comptree:sub_comptree|cmpchain:eq_cmp_end|
|lpm_compare:297|comptree:comparator|cmpchain:cmp_end|comptree:comp|comptree:sub_comptree|comptree:sub_comptree|cmpchain:gt_cmp_end|
|lpm_compare:297|altshift:aeb_ext_lat_ffs|
|lpm_compare:297|altshift:agb_ext_lat_ffs|
|lpm_add_sub:317|
|lpm_add_sub:317|addcore:adder|
|lpm_add_sub:317|altshift:result_ext_latency_ffs|
|lpm_add_sub:317|altshift:carry_ext_latency_ffs|
|lpm_add_sub:317|altshift:oflow_ext_latency_ffs|
|lpm_compare:423|
|lpm_compare:423|comptree:comparator|
|lpm_compare:423|comptree:comparator|cmpchain:cmp_end|
|lpm_compare:423|comptree:comparator|cmpchain:cmp_end|comptree:comp|
|lpm_compare:423|comptree:comparator|cmpchain:cmp_end|comptree:comp|cmpchain:cmp2|
|lpm_compare:423|comptree:comparator|cmpchain:cmp_end|comptree:comp|cmpchain:cmp1|
|lpm_compare:423|comptree:comparator|cmpchain:cmp_end|comptree:comp|cmpchain:cmp0|
|lpm_compare:423|comptree:comparator|cmpchain:cmp_end|comptree:comp|comptree:sub_comptree|
|lpm_compare:423|comptree:comparator|cmpchain:cmp_end|comptree:comp|comptree:sub_comptree|cmpchain:cmp0|
|lpm_compare:423|comptree:comparator|cmpchain:cmp_end|comptree:comp|comptree:sub_comptree|cmpchain:cmp_end|
|lpm_compare:423|comptree:comparator|cmpchain:cmp_end|comptree:comp|comptree:sub_comptree|comptree:sub_comptree|
|lpm_compare:423|comptree:comparator|cmpchain:cmp_end|comptree:comp|comptree:sub_comptree|comptree:sub_comptree|cmpchain:eq_cmp_end|
|lpm_compare:423|comptree:comparator|cmpchain:cmp_end|comptree:comp|comptree:sub_comptree|comptree:sub_comptree|cmpchain:gt_cmp_end|
|lpm_compare:423|altshift:aeb_ext_lat_ffs|
|lpm_compare:423|altshift:agb_ext_lat_ffs|
|lpm_compare:444|
|lpm_compare:444|comptree:comparator|
|lpm_compare:444|comptree:comparator|cmpchain:cmp_end|
|lpm_compare:444|comptree:comparator|cmpchain:cmp_end|comptree:comp|
|lpm_compare:444|comptree:comparator|cmpchain:cmp_end|comptree:comp|cmpchain:cmp2|
|lpm_compare:444|comptree:comparator|cmpchain:cmp_end|comptree:comp|cmpchain:cmp1|
|lpm_compare:444|comptree:comparator|cmpchain:cmp_end|comptree:comp|cmpchain:cmp0|
|lpm_compare:444|comptree:comparator|cmpchain:cmp_end|comptree:comp|comptree:sub_comptree|
|lpm_compare:444|comptree:comparator|cmpchain:cmp_end|comptree:comp|comptree:sub_comptree|cmpchain:cmp0|
|lpm_compare:444|comptree:comparator|cmpchain:cmp_end|comptree:comp|comptree:sub_comptree|cmpchain:cmp_end|
|lpm_compare:444|comptree:comparator|cmpchain:cmp_end|comptree:comp|comptree:sub_comptree|comptree:sub_comptree|
|lpm_compare:444|comptree:comparator|cmpchain:cmp_end|comptree:comp|comptree:sub_comptree|comptree:sub_comptree|cmpchain:eq_cmp_end|
|lpm_compare:444|comptree:comparator|cmpchain:cmp_end|comptree:comp|comptree:sub_comptree|comptree:sub_comptree|cmpchain:gt_cmp_end|
|lpm_compare:444|altshift:aeb_ext_lat_ffs|
|lpm_compare:444|altshift:agb_ext_lat_ffs|


Device-Specific Information:                   e:\max2work\robot\ir_sensor.rpt
ir_sensor

***** Logic for device 'ir_sensor' compiled without errors.




Device: EPF10K20RC240-4

FLEX 10K Configuration Scheme: Passive Serial

Device Options:
    User-Supplied Start-Up Clock               = OFF
    Auto-Restart Configuration on Frame Error  = OFF
    Release Clears Before Tri-States           = OFF
    Enable Chip_Wide Reset                     = OFF
    Enable Chip-Wide Output Enable             = OFF
    Enable INIT_DONE Output                    = OFF
    JTAG User Code                             = 7f
                                                                         c                                                                
                                                                         l                                                                
                                                                         o c                                                              
                 R R R R R R R R   R R R R R R R   R R R R R R R   R R R c l   R R R R   R R R R R R R   R R R R R R R   R R R R R R R l  
                 E E E E E E E E   E E E E E E E   E E E E E E E   E E E k o   E E E E   E E E E E E E   E E E E E E E   E E E E E E E e  
                 S S S S S S S S G S S S S S S S V S S S S S S S G S S S _ c   S S S S V S S S S S S S G S S S S S S S V S S S S S S S f  
                 E E E E E E E E N E E E E E E E C E E E E E E E N E E E 1 k   E E E E C E E E E E E E N E E E E E E E C E E E E E E E t  
                 R R R R R R R R D R R R R R R R C R R R R R R R D R R R 0 _ s R R R R C R R R R R R R D R R R R R R R C R R R R R R R _  
                 V V V V V V V V I V V V V V V V I V V V V V V V I V V V 0 1 o V V V V I V V V V V V V I V V V V V V V I V V V V V V V l  
                 E E E E E E E E N E E E E E E E N E E E E E E E N E E E H h u E E E E N E E E E E E E N E E E E E E E N E E E E E E E e  
                 D D D D D D D D T D D D D D D D T D D D D D D D T D D D z z t D D D D T D D D D D D D T D D D D D D D T D D D D D D D d  
               --------------------------------------------------------------------------------------------------------------------------_ 
              / 240 238 236 234 232 230 228 226 224 222 220 218 216 214 212 210 208 206 204 202 200 198 196 194 192 190 188 186 184 182   |_ 
             /    239 237 235 233 231 229 227 225 223 221 219 217 215 213 211 209 207 205 203 201 199 197 195 193 191 189 187 185 183 181    | 
       #TCK |  1                                                                                                                         180 | ^DATA0 
 ^CONF_DONE |  2                                                                                                                         179 | ^DCLK 
      ^nCEO |  3                                                                                                                         178 | ^nCE 
       #TDO |  4                                                                                                                         177 | #TDI 
     VCCINT |  5                                                                                                                         176 | GNDINT 
   RESERVED |  6                                                                                                                         175 | right_led 
   RESERVED |  7                                                                                                                         174 | RESERVED 
   RESERVED |  8                                                                                                                         173 | RESERVED 
   RESERVED |  9                                                                                                                         172 | RESERVED 
     GNDINT | 10                                                                                                                         171 | RESERVED 
   RESERVED | 11                                                                                                                         170 | VCCINT 
   RESERVED | 12                                                                                                                         169 | RESERVED 
   RESERVED | 13                                                                                                                         168 | RESERVED 
   RESERVED | 14                                                                                                                         167 | RESERVED 
   RESERVED | 15                                                                                                                         166 | RESERVED 
     VCCINT | 16                                                                                                                         165 | GNDINT 
   RESERVED | 17                                                                                                                         164 | RESERVED 
   RESERVED | 18                                                                                                                         163 | left 
   RESERVED | 19                                                                                                                         162 | right 
   RESERVED | 20                                                                                                                         161 | RESERVED 
   RESERVED | 21                                                                                                                         160 | VCCINT 
     GNDINT | 22                                                                                                                         159 | RESERVED 
   RESERVED | 23                                                                                                                         158 | RESERVED 
   RESERVED | 24                                                                                                                         157 | RESERVED 
   RESERVED | 25                                                                                                                         156 | RESERVED 
   RESERVED | 26                                                                                                                         155 | GNDINT 
     VCCINT | 27                                                                                                                         154 | RESERVED 
   RESERVED | 28                                                                                                                         153 | RESERVED 
   RESERVED | 29                                                                                                                         152 | RESERVED 
   RESERVED | 30                                                                                                                         151 | RESERVED 
   RESERVED | 31                                                     EPF10K20RC240-4                                                     150 | VCCINT 
     GNDINT | 32                                                                                                                         149 | RESERVED 
   RESERVED | 33                                                                                                                         148 | RESERVED 
   RESERVED | 34                                                                                                                         147 | RESERVED 
   RESERVED | 35                                                                                                                         146 | RESERVED 
   RESERVED | 36                                                                                                                         145 | GNDINT 
     VCCINT | 37                                                                                                                         144 | RESERVED 
   RESERVED | 38                                                                                                                         143 | RESERVED 
   RESERVED | 39                                                                                                                         142 | RESERVED 
   RESERVED | 40                                                                                                                         141 | RESERVED 
   RESERVED | 41                                                                                                                         140 | VCCINT 
     GNDINT | 42                                                                                                                         139 | RESERVED 
   RESERVED | 43                                                                                                                         138 | RESERVED 
   RESERVED | 44                                                                                                                         137 | RESERVED 
   RESERVED | 45                                                                                                                         136 | RESERVED 
   RESERVED | 46                                                                                                                         135 | GNDINT 
     VCCINT | 47                                                                                                                         134 | RESERVED 
   RESERVED | 48                                                                                                                         133 | RESERVED 
   RESERVED | 49                                                                                                                         132 | RESERVED 
   RESERVED | 50                                                                                                                         131 | RESERVED 
   RESERVED | 51                                                                                                                         130 | VCCINT 
     GNDINT | 52                                                                                                                         129 | RESERVED 
   RESERVED | 53                                                                                                                         128 | RESERVED 
   RESERVED | 54                                                                                                                         127 | RESERVED 
   RESERVED | 55                                                                                                                         126 | RESERVED 
   RESERVED | 56                                                                                                                         125 | GNDINT 
     VCCINT | 57                                                                                                                         124 | ^MSEL0 
       #TMS | 58                                                                                                                         123 | ^MSEL1 
     #nTRST | 59                                                                                                                         122 | VCCINT 
   ^nSTATUS | 60                                                                                                                         121 | ^nCONFIG 
            |      62  64  66  68  70  72  74  76  78  80  82  84  86  88  90  92  94  96  98 100 102 104 106 108 110 112 114 116 118 120  _| 
             \   61  63  65  67  69  71  73  75  77  79  81  83  85  87  89  91  93  95  97  99 101 103 105 107 109 111 113 115 117 119   | 
              \--------------------------------------------------------------------------------------------------------------------------- 
                 R R R R R R R R G R R R R R R R V R R R R R R R G R R R V G c G G R R V R R R R R R R G R R R R R R R V R R R R R R R R  
                 E E E E E E E E N E E E E E E E C E E E E E E E N E E E C N l N N E E C E E E E E E E N E E E E E E E C E E E E E E E E  
                 S S S S S S S S D S S S S S S S C S S S S S S S D S S S C D o D D S S C S S S S S S S D S S S S S S S C S S S S S S S S  
                 E E E E E E E E I E E E E E E E I E E E E E E E I E E E I I c I I E E I E E E E E E E I E E E E E E E I E E E E E E E E  
                 R R R R R R R R N R R R R R R R N R R R R R R R N R R R N N k N N R R N R R R R R R R N R R R R R R R N R R R R R R R R  
                 V V V V V V V V T V V V V V V V T V V V V V V V T V V V T T _ T T V V T V V V V V V V T V V V V V V V T V V V V V V V V  
                 E E E E E E E E   E E E E E E E   E E E E E E E   E E E     1     E E   E E E E E E E   E E E E E E E   E E E E E E E E  
                 D D D D D D D D   D D D D D D D   D D D D D D D   D D D     0     D D   D D D D D D D   D D D D D D D   D D D D D D D D  
                                                                             K                                                            
                                                                             h                                                            
                                                                             z                                                            


N.C. = Not Connected.
VCCINT = Dedicated power pin, which MUST be connected to VCC (5.0 volts).
VCCIO = Dedicated power pin, which MUST be connected to VCC (3.3 or 5.0 volts).
GNDINT = Dedicated ground pin or unused dedicated input, which MUST be connected to GND (5.0 volts).
GNDIO = Dedicated ground pin or unused dedicated input, which MUST be connected to GND (3.3 or 5.0 volts).
RESERVED = Unused I/O pin, which MUST be left unconnected.

^ = Dedicated configuration pin.
+ = Reserved configuration pin, which will be tri-stated during user mode.
* = Reserved configuration pin, which drives out in user mode.
PDn = Power Down pin. 
@ = Special-purpose pin. 
# = JTAG Boundary Scan Testing Pin.


Device-Specific Information:                   e:\max2work\robot\ir_sensor.rpt
ir_sensor

** RESOURCE USAGE **

Logic                Column       Row                                   
Array                Interconnect Interconnect         Clear/     External  
Block   Logic Cells  Driven       Driven       Clocks  Preset   Interconnect
A1       2/ 8( 25%)   0/ 8(  0%)   2/ 8( 25%)    0/2    0/2       1/22(  4%)   
B2       8/ 8(100%)   0/ 8(  0%)   2/ 8( 25%)    2/2    1/2       6/22( 27%)   
B3       6/ 8( 75%)   0/ 8(  0%)   2/ 8( 25%)    2/2    1/2       6/22( 27%)   
B4       8/ 8(100%)   0/ 8(  0%)   4/ 8( 50%)    1/2    0/2       4/22( 18%)   
B5       4/ 8( 50%)   0/ 8(  0%)   2/ 8( 25%)    1/2    0/2       6/22( 27%)   
B6       1/ 8( 12%)   0/ 8(  0%)   1/ 8( 12%)    0/2    0/2       3/22( 13%)   
B7       1/ 8( 12%)   0/ 8(  0%)   1/ 8( 12%)    1/2    0/2       3/22( 13%)   
B8       1/ 8( 12%)   0/ 8(  0%)   1/ 8( 12%)    1/2    0/2       3/22( 13%)   
B9       1/ 8( 12%)   0/ 8(  0%)   1/ 8( 12%)    1/2    0/2       3/22( 13%)   


Embedded             Column       Row                                   
Array     Embedded   Interconnect Interconnect         Read/      External  
Block     Cells      Driven       Driven       Clocks  Write    Interconnect


Total dedicated input pins used:                 4/6      ( 66%)
Total I/O pins used:                             4/183    (  2%)
Total logic cells used:                         32/1152   (  2%)
Total embedded cells used:                       0/48     (  0%)
Total EABs used:                                 0/6      (  0%)
Average fan-in:                                 3.00/4    ( 75%)
Total fan-in:                                  96/4608    (  2%)

Total input pins required:                       4
Total input registers required:                  0
Total output pins required:                      4
Total output registers required:                 0
Total buried I/O cell registers required:        0
Total bidirectional pins required:               0
Total reserved pins required                     0
Total logic cells required:                     32
Total flipflops required:                       14
Total packed registers required:                 0
Total logic cells in carry chains:               0
Total number of carry chains:                    0
Total logic cells in cascade chains:             0
Total number of cascade chains:                  0
Total single-pin Clock Enables required:         0
Total single-pin Output Enables required:        0

Synthesized logic cells:                         6/1152   (  0%)

Logic Cell and Embedded Cell Counts

Column:  01  02  03  04  05  06  07  08  09  10  11  12  EA  13  14  15  16  17  18  19  20  21  22  23  24  Total(LC/EC)
 A:      2   0   0   0   0   0   0   0   0   0   0   0   0   0   0   0   0   0   0   0   0   0   0   0   0      2/0  
 B:      0   8   6   8   4   1   1   1   1   0   0   0   0   0   0   0   0   0   0   0   0   0   0   0   0     30/0  
 C:      0   0   0   0   0   0   0   0   0   0   0   0   0   0   0   0   0   0   0   0   0   0   0   0   0      0/0  
 D:      0   0   0   0   0   0   0   0   0   0   0   0   0   0   0   0   0   0   0   0   0   0   0   0   0      0/0  
 E:      0   0   0   0   0   0   0   0   0   0   0   0   0   0   0   0   0   0   0   0   0   0   0   0   0      0/0  
 F:      0   0   0   0   0   0   0   0   0   0   0   0   0   0   0   0   0   0   0   0   0   0   0   0   0      0/0  

Total:   2   8   6   8   4   1   1   1   1   0   0   0   0   0   0   0   0   0   0   0   0   0   0   0   0     32/0  



Device-Specific Information:                   e:\max2work\robot\ir_sensor.rpt
ir_sensor

** INPUTS **

                                                    Fan-In    Fan-Out
 Pin     LC     EC   Row  Col  Primitive    Code     INP  FBK  OUT  FBK  Name
 211      -     -    -    --      INPUT               0    0    0    0  clock_1hz
  91      -     -    -    --      INPUT               0    0    0    0  clock_10Khz
 212      -     -    -    --      INPUT               0    0    0   16  clock_100Hz
 210      -     -    -    --      INPUT               0    0    0    6  sout


Code:

s = Synthesized pin or logic cell
+ = Synchronous flipflop
/ = Slow slew-rate output
! = NOT gate push-back
r = Fitter-inserted logic cell
@ = Uses single-pin Clock Enable
& = Uses single-pin Output Enable


Device-Specific Information:                   e:\max2work\robot\ir_sensor.rpt
ir_sensor

** OUTPUTS **

       Fed By Fed By                                Fan-In    Fan-Out
 Pin     LC     EC   Row  Col  Primitive    Code     INP  FBK  OUT  FBK  Name
 163      -     -    B    --     OUTPUT               0    1    0    0  left
 181      -     -    A    --     OUTPUT               0    1    0    0  left_led
 162      -     -    B    --     OUTPUT               0    1    0    0  right
 175      -     -    A    --     OUTPUT               0    1    0    0  right_led


Code:

s = Synthesized pin or logic cell
+ = Synchronous flipflop
/ = Slow slew-rate output
! = NOT gate push-back
r = Fitter-inserted logic cell
@ = Uses single-pin Clock Enable
& = Uses single-pin Output Enable


Device-Specific Information:                   e:\max2work\robot\ir_sensor.rpt
ir_sensor

** BURIED LOGIC **

                                                    Fan-In    Fan-Out
 IOC     LC     EC   Row  Col  Primitive    Code     INP  FBK  OUT  FBK  Name
   -      1     -    A    01      LCELL   s           1    0    1    0  left_led~1
   -      3     -    B    05       AND2               1    1    0    1  |LPM_ADD_SUB:87|addcore:adder|:52
   -      1     -    B    06       AND2               1    2    0    3  |LPM_ADD_SUB:87|addcore:adder|:59
   -      4     -    B    05       AND2               0    2    0    1  |LPM_ADD_SUB:87|addcore:adder|:63
   -      7     -    B    02       AND2               0    3    0    1  |LPM_ADD_SUB:87|addcore:adder|:67
   -      8     -    B    04       AND2               1    1    0    1  |LPM_ADD_SUB:317|addcore:adder|:52
   -      1     -    B    04       AND2               1    2    0    3  |LPM_ADD_SUB:317|addcore:adder|:59
   -      7     -    B    04       AND2               0    2    0    1  |LPM_ADD_SUB:317|addcore:adder|:63
   -      4     -    B    03       AND2               0    3    0    1  |LPM_ADD_SUB:317|addcore:adder|:67
   -      3     -    B    02        OR2   s           0    4    0    1  |LPM_COMPARE:67|comptree:comparator|cmpchain:cmp_end|comptree:comp|comptree:sub_comptree|comptree:sub_comptree|cmpchain:gt_cmp_end|~39~1
   -      1     -    B    02        OR2               0    4    0    6  |LPM_COMPARE:67|comptree:comparator|cmpchain:cmp_end|comptree:comp|comptree:sub_comptree|comptree:sub_comptree|cmpchain:gt_cmp_end|:39
   -      2     -    B    02       AND2       !       0    2    0    1  |LPM_COMPARE:215|comptree:comparator|cmpchain:cmp_end|comptree:comp|cmpchain:cmp0|:46
   -      4     -    B    04        OR2   s           0    4    0    1  |LPM_COMPARE:297|comptree:comparator|cmpchain:cmp_end|comptree:comp|comptree:sub_comptree|comptree:sub_comptree|cmpchain:gt_cmp_end|~39~1
   -      2     -    B    03        OR2               0    4    0    6  |LPM_COMPARE:297|comptree:comparator|cmpchain:cmp_end|comptree:comp|comptree:sub_comptree|comptree:sub_comptree|cmpchain:gt_cmp_end|:39
   -      3     -    B    04       AND2       !       0    2    0    1  |LPM_COMPARE:444|comptree:comparator|cmpchain:cmp_end|comptree:comp|cmpchain:cmp0|:46
   -      2     -    A    01      LCELL   s           1    0    1    0  right_led~1
   -      5     -    B    02       DFFE  +    !       0    1    1    0  :7
   -      6     -    B    03       DFFE  +    !       0    1    1    0  :9
   -      8     -    B    02       DFFE  +            1    2    0    2  left_rscount4 (:11)
   -      2     -    B    05       DFFE  +            1    2    0    3  left_rscount3 (:12)
   -      1     -    B    09       DFFE  +            1    2    0    4  left_rscount2 (:13)
   -      1     -    B    05       DFFE  +            1    2    0    3  left_rscount1 (:14)
   -      1     -    B    08       DFFE  +            2    1    0    4  left_rscount0 (:15)
   -      4     -    B    02       DFFE  +            1    2    0    1  set_left (:16)
   -      1     -    B    03       DFFE  +            1    2    0    2  right_rscount4 (:17)
   -      2     -    B    04       DFFE  +            1    2    0    3  right_rscount3 (:18)
   -      1     -    B    07       DFFE  +            1    2    0    4  right_rscount2 (:19)
   -      5     -    B    04       DFFE  +            1    2    0    3  right_rscount1 (:20)
   -      6     -    B    04       DFFE  +            2    1    0    4  right_rscount0 (:21)
   -      3     -    B    03       DFFE  +            1    2    0    1  set_right (:22)
   -      6     -    B    02        OR2   s           1    2    0    1  ~251~1
   -      5     -    B    03        OR2   s           1    2    0    1  ~480~1


Code:

s = Synthesized pin or logic cell
+ = Synchronous flipflop
/ = Slow slew-rate output
! = NOT gate push-back
r = Fitter-inserted logic cell
p = Packed register


Device-Specific Information:                   e:\max2work\robot\ir_sensor.rpt
ir_sensor

** FASTTRACK INTERCONNECT UTILIZATION **

Row FastTrack Interconnect:

          Global         Left Half-      Right Half-
         FastTrack       FastTrack       FastTrack 
Row     Interconnect    Interconnect    Interconnect    Input Pins     Output Pins     Bidir Pins
A:       0/ 96(  0%)     2/ 48(  4%)     0/ 48(  0%)    0/16(  0%)      2/16( 12%)     0/16(  0%)
B:       0/ 96(  0%)    14/ 48( 29%)     0/ 48(  0%)    0/16(  0%)      2/16( 12%)     0/16(  0%)
C:       0/ 96(  0%)     0/ 48(  0%)     0/ 48(  0%)    0/16(  0%)      0/16(  0%)     0/16(  0%)
D:       0/ 96(  0%)     0/ 48(  0%)     0/ 48(  0%)    0/16(  0%)      0/16(  0%)     0/16(  0%)
E:       0/ 96(  0%)     0/ 48(  0%)     0/ 48(  0%)    0/16(  0%)      0/16(  0%)     0/16(  0%)
F:       0/ 96(  0%)     0/ 48(  0%)     0/ 48(  0%)    0/16(  0%)      0/16(  0%)     0/16(  0%)


Column FastTrack Interconnect:

         FastTrack                                 
Column  Interconnect    Input Pins     Output Pins     Bidir Pins
01:      0/24(  0%)     0/4(  0%)      0/4(  0%)       0/4(  0%)
02:      0/24(  0%)     0/4(  0%)      0/4(  0%)       0/4(  0%)
03:      0/24(  0%)     0/4(  0%)      0/4(  0%)       0/4(  0%)
04:      0/24(  0%)     0/4(  0%)      0/4(  0%)       0/4(  0%)
05:      0/24(  0%)     0/4(  0%)      0/4(  0%)       0/4(  0%)
06:      0/24(  0%)     0/4(  0%)      0/4(  0%)       0/4(  0%)
07:      0/24(  0%)     0/4(  0%)      0/4(  0%)       0/4(  0%)
08:      0/24(  0%)     0/4(  0%)      0/4(  0%)       0/4(  0%)
09:      0/24(  0%)     0/4(  0%)      0/4(  0%)       0/4(  0%)
10:      0/24(  0%)     0/4(  0%)      0/4(  0%)       0/4(  0%)
11:      0/24(  0%)     0/4(  0%)      0/4(  0%)       0/4(  0%)
12:      0/24(  0%)     0/4(  0%)      0/4(  0%)       0/4(  0%)
13:      0/24(  0%)     0/4(  0%)      0/4(  0%)       0/4(  0%)
14:      0/24(  0%)     0/4(  0%)      0/4(  0%)       0/4(  0%)
15:      0/24(  0%)     0/4(  0%)      0/4(  0%)       0/4(  0%)
16:      0/24(  0%)     0/4(  0%)      0/4(  0%)       0/4(  0%)
17:      0/24(  0%)     0/4(  0%)      0/4(  0%)       0/4(  0%)
18:      0/24(  0%)     0/4(  0%)      0/4(  0%)       0/4(  0%)
19:      0/24(  0%)     0/4(  0%)      0/4(  0%)       0/4(  0%)
20:      0/24(  0%)     0/4(  0%)      0/4(  0%)       0/4(  0%)
21:      0/24(  0%)     0/4(  0%)      0/4(  0%)       0/4(  0%)
22:      0/24(  0%)     0/4(  0%)      0/4(  0%)       0/4(  0%)
23:      0/24(  0%)     0/4(  0%)      0/4(  0%)       0/4(  0%)
24:      0/24(  0%)     0/4(  0%)      0/4(  0%)       0/4(  0%)
EA:      0/24(  0%)     0/4(  0%)      0/4(  0%)       0/4(  0%)


Device-Specific Information:                   e:\max2work\robot\ir_sensor.rpt
ir_sensor

** CLOCK SIGNALS **

Type     Fan-out       Name
INPUT       12         clock_10Khz
INPUT        2         clock_1hz


Device-Specific Information:                   e:\max2work\robot\ir_sensor.rpt
ir_sensor

** CLEAR SIGNALS **

Type     Fan-out       Name
DFF          2         set_left
DFF          2         set_right


Device-Specific Information:                   e:\max2work\robot\ir_sensor.rpt
ir_sensor

** EQUATIONS **

clock_1hz : INPUT;
clock_10Khz : INPUT;
clock_100Hz : INPUT;
sout     : INPUT;

-- Node name is 'left' 
-- Equation name is 'left', type is output 
left     =  _LC5_B2;

-- Node name is 'left_led' 
-- Equation name is 'left_led', type is output 
left_led =  _LC1_A1;

-- Node name is 'left_led~1' 
-- Equation name is 'left_led~1', location is LC1_A1, type is buried.
-- synthesized logic cell 
_LC1_A1  = LCELL( clock_100Hz);

-- Node name is ':15' = 'left_rscount0' 
-- Equation name is 'left_rscount0', location is LC1_B8, type is buried.
left_rscount0 = DFFE( _EQ001, GLOBAL(!clock_10Khz),  VCC,  VCC,  VCC);
  _EQ001 =  clock_100Hz & !_LC1_B2 &  left_rscount0
         #  clock_100Hz &  left_rscount0 &  sout
         #  clock_100Hz &  _LC1_B2 & !left_rscount0 & !sout;

-- Node name is ':14' = 'left_rscount1' 
-- Equation name is 'left_rscount1', location is LC1_B5, type is buried.
left_rscount1 = DFFE( _EQ002, GLOBAL(!clock_10Khz),  VCC,  VCC,  VCC);
  _EQ002 =  clock_100Hz & !_LC1_B2 &  left_rscount1
         #  clock_100Hz & !_LC3_B5 &  left_rscount1
         #  clock_100Hz &  _LC1_B2 &  _LC3_B5 & !left_rscount1;

-- Node name is ':13' = 'left_rscount2' 
-- Equation name is 'left_rscount2', location is LC1_B9, type is buried.
left_rscount2 = DFFE( _EQ003, GLOBAL(!clock_10Khz),  VCC,  VCC,  VCC);
  _EQ003 =  clock_100Hz & !_LC1_B2 &  left_rscount2
         #  clock_100Hz & !_LC1_B6 &  left_rscount2
         #  clock_100Hz &  _LC1_B2 &  _LC1_B6 & !left_rscount2;

-- Node name is ':12' = 'left_rscount3' 
-- Equation name is 'left_rscount3', location is LC2_B5, type is buried.
left_rscount3 = DFFE( _EQ004, GLOBAL(!clock_10Khz),  VCC,  VCC,  VCC);
  _EQ004 =  clock_100Hz & !_LC4_B5 &  left_rscount3
         #  clock_100Hz &  _LC4_B5 & !left_rscount3
         #  clock_100Hz & !_LC1_B2;

-- Node name is ':11' = 'left_rscount4' 
-- Equation name is 'left_rscount4', location is LC8_B2, type is buried.
left_rscount4 = DFFE( _EQ005, GLOBAL(!clock_10Khz),  VCC,  VCC,  VCC);
  _EQ005 =  clock_100Hz & !_LC7_B2 &  left_rscount4
         #  clock_100Hz &  _LC7_B2 & !left_rscount4
         #  clock_100Hz & !_LC1_B2;

-- Node name is 'right' 
-- Equation name is 'right', type is output 
right    =  _LC6_B3;

-- Node name is 'right_led' 
-- Equation name is 'right_led', type is output 
right_led = !_LC2_A1;

-- Node name is 'right_led~1' 
-- Equation name is 'right_led~1', location is LC2_A1, type is buried.
-- synthesized logic cell 
_LC2_A1  = LCELL( clock_100Hz);

-- Node name is ':21' = 'right_rscount0' 
-- Equation name is 'right_rscount0', location is LC6_B4, type is buried.
right_rscount0 = DFFE( _EQ006, GLOBAL(!clock_10Khz),  VCC,  VCC,  VCC);
  _EQ006 = !clock_100Hz & !_LC2_B3 &  right_rscount0
         # !clock_100Hz &  right_rscount0 &  sout
         # !clock_100Hz &  _LC2_B3 & !right_rscount0 & !sout;

-- Node name is ':20' = 'right_rscount1' 
-- Equation name is 'right_rscount1', location is LC5_B4, type is buried.
right_rscount1 = DFFE( _EQ007, GLOBAL(!clock_10Khz),  VCC,  VCC,  VCC);
  _EQ007 = !clock_100Hz & !_LC2_B3 &  right_rscount1
         # !clock_100Hz & !_LC8_B4 &  right_rscount1
         # !clock_100Hz &  _LC2_B3 &  _LC8_B4 & !right_rscount1;

-- Node name is ':19' = 'right_rscount2' 
-- Equation name is 'right_rscount2', location is LC1_B7, type is buried.
right_rscount2 = DFFE( _EQ008, GLOBAL(!clock_10Khz),  VCC,  VCC,  VCC);
  _EQ008 = !clock_100Hz & !_LC2_B3 &  right_rscount2
         # !clock_100Hz & !_LC1_B4 &  right_rscount2
         # !clock_100Hz &  _LC1_B4 &  _LC2_B3 & !right_rscount2;

-- Node name is ':18' = 'right_rscount3' 
-- Equation name is 'right_rscount3', location is LC2_B4, type is buried.
right_rscount3 = DFFE( _EQ009, GLOBAL(!clock_10Khz),  VCC,  VCC,  VCC);
  _EQ009 = !clock_100Hz & !_LC7_B4 &  right_rscount3
         # !clock_100Hz &  _LC7_B4 & !right_rscount3
         # !clock_100Hz & !_LC2_B3;

-- Node name is ':17' = 'right_rscount4' 
-- Equation name is 'right_rscount4', location is LC1_B3, type is buried.
right_rscount4 = DFFE( _EQ010, GLOBAL(!clock_10Khz),  VCC,  VCC,  VCC);
  _EQ010 = !clock_100Hz & !_LC4_B3 &  right_rscount4
         # !clock_100Hz &  _LC4_B3 & !right_rscount4
         # !clock_100Hz & !_LC2_B3;

-- Node name is ':16' = 'set_left' 
-- Equation name is 'set_left', location is LC4_B2, type is buried.
set_left = DFFE( _EQ011, GLOBAL(!clock_10Khz),  VCC,  VCC,  VCC);
  _EQ011 =  _LC6_B2 &  set_left
         # !clock_100Hz & !_LC1_B2 &  _LC6_B2;

-- Node name is ':22' = 'set_right' 
-- Equation name is 'set_right', location is LC3_B3, type is buried.
set_right = DFFE( _EQ012, GLOBAL(!clock_10Khz),  VCC,  VCC,  VCC);
  _EQ012 =  _LC5_B3 &  set_right
         #  clock_100Hz & !_LC2_B3 &  _LC5_B3;

-- Node name is '|LPM_ADD_SUB:87|addcore:adder|:52' from file "addcore.tdf" line 346, column 28
-- Equation name is '_LC3_B5', type is buried 
_LC3_B5  = LCELL( _EQ013);
  _EQ013 =  left_rscount0 & !sout;

-- Node name is '|LPM_ADD_SUB:87|addcore:adder|:59' from file "addcore.tdf" line 350, column 64
-- Equation name is '_LC1_B6', type is buried 
_LC1_B6  = LCELL( _EQ014);
  _EQ014 =  left_rscount0 &  left_rscount1 & !sout;

-- Node name is '|LPM_ADD_SUB:87|addcore:adder|:63' from file "addcore.tdf" line 350, column 64
-- Equation name is '_LC4_B5', type is buried 
_LC4_B5  = LCELL( _EQ015);
  _EQ015 =  _LC1_B6 &  left_rscount2;

-- Node name is '|LPM_ADD_SUB:87|addcore:adder|:67' from file "addcore.tdf" line 350, column 64
-- Equation name is '_LC7_B2', type is buried 
_LC7_B2  = LCELL( _EQ016);
  _EQ016 =  _LC1_B6 &  left_rscount2 &  left_rscount3;

-- Node name is '|LPM_ADD_SUB:317|addcore:adder|:52' from file "addcore.tdf" line 346, column 28
-- Equation name is '_LC8_B4', type is buried 
_LC8_B4  = LCELL( _EQ017);
  _EQ017 =  right_rscount0 & !sout;

-- Node name is '|LPM_ADD_SUB:317|addcore:adder|:59' from file "addcore.tdf" line 350, column 64
-- Equation name is '_LC1_B4', type is buried 
_LC1_B4  = LCELL( _EQ018);
  _EQ018 =  right_rscount0 &  right_rscount1 & !sout;

-- Node name is '|LPM_ADD_SUB:317|addcore:adder|:63' from file "addcore.tdf" line 350, column 64
-- Equation name is '_LC7_B4', type is buried 
_LC7_B4  = LCELL( _EQ019);
  _EQ019 =  _LC1_B4 &  right_rscount2;

-- Node name is '|LPM_ADD_SUB:317|addcore:adder|:67' from file "addcore.tdf" line 350, column 64
-- Equation name is '_LC4_B3', type is buried 
_LC4_B3  = LCELL( _EQ020);
  _EQ020 =  _LC1_B4 &  right_rscount2 &  right_rscount3;

-- Node name is '|LPM_COMPARE:67|comptree:comparator|cmpchain:cmp_end|comptree:comp|comptree:sub_comptree|comptree:sub_comptree|cmpchain:gt_cmp_end|~39~1' from file "cmpchain.tdf" line 825, column 21
-- Equation name is '_LC3_B2', type is buried 
-- synthesized logic cell 
_LC3_B2  = LCELL( _EQ021);
  _EQ021 =  left_rscount1 &  left_rscount2 &  left_rscount3
         #  left_rscount0 &  left_rscount2 &  left_rscount3;

-- Node name is '|LPM_COMPARE:67|comptree:comparator|cmpchain:cmp_end|comptree:comp|comptree:sub_comptree|comptree:sub_comptree|cmpchain:gt_cmp_end|:39' from file "cmpchain.tdf" line 825, column 21
-- Equation name is '_LC1_B2', type is buried 
_LC1_B2  = LCELL( _EQ022);
  _EQ022 = !left_rscount4
         # !left_rscount3
         # !_LC2_B2 & !left_rscount2;

-- Node name is '|LPM_COMPARE:215|comptree:comparator|cmpchain:cmp_end|comptree:comp|cmpchain:cmp0|:46' from file "cmpchain.tdf" line 469, column 33
-- Equation name is '_LC2_B2', type is buried 
!_LC2_B2 = _LC2_B2~NOT;
_LC2_B2~NOT = LCELL( _EQ023);
  _EQ023 = !left_rscount0 & !left_rscount1;

-- Node name is '|LPM_COMPARE:297|comptree:comparator|cmpchain:cmp_end|comptree:comp|comptree:sub_comptree|comptree:sub_comptree|cmpchain:gt_cmp_end|~39~1' from file "cmpchain.tdf" line 825, column 21
-- Equation name is '_LC4_B4', type is buried 
-- synthesized logic cell 
_LC4_B4  = LCELL( _EQ024);
  _EQ024 =  right_rscount1 &  right_rscount2 &  right_rscount3
         #  right_rscount0 &  right_rscount2 &  right_rscount3;

-- Node name is '|LPM_COMPARE:297|comptree:comparator|cmpchain:cmp_end|comptree:comp|comptree:sub_comptree|comptree:sub_comptree|cmpchain:gt_cmp_end|:39' from file "cmpchain.tdf" line 825, column 21
-- Equation name is '_LC2_B3', type is buried 
_LC2_B3  = LCELL( _EQ025);
  _EQ025 = !right_rscount4
         # !right_rscount3
         # !_LC3_B4 & !right_rscount2;

-- Node name is '|LPM_COMPARE:444|comptree:comparator|cmpchain:cmp_end|comptree:comp|cmpchain:cmp0|:46' from file "cmpchain.tdf" line 469, column 33
-- Equation name is '_LC3_B4', type is buried 
!_LC3_B4 = _LC3_B4~NOT;
_LC3_B4~NOT = LCELL( _EQ026);
  _EQ026 = !right_rscount0 & !right_rscount1;

-- Node name is ':7' 
-- Equation name is '_LC5_B2', type is buried 
!_LC5_B2 = _LC5_B2~NOT;
_LC5_B2~NOT = DFFE( VCC, GLOBAL( clock_1hz), !set_left,  VCC,  VCC);

-- Node name is ':9' 
-- Equation name is '_LC6_B3', type is buried 
!_LC6_B3 = _LC6_B3~NOT;
_LC6_B3~NOT = DFFE( VCC, GLOBAL( clock_1hz), !set_right,  VCC,  VCC);

-- Node name is '~251~1' 
-- Equation name is '~251~1', location is LC6_B2, type is buried.
-- synthesized logic cell 
_LC6_B2  = LCELL( _EQ027);
  _EQ027 =  _LC3_B2
         #  clock_100Hz
         #  left_rscount4;

-- Node name is '~480~1' 
-- Equation name is '~480~1', location is LC5_B3, type is buried.
-- synthesized logic cell 
_LC5_B3  = LCELL( _EQ028);
  _EQ028 =  _LC4_B4
         # !clock_100Hz
         #  right_rscount4;



Project Information                            e:\max2work\robot\ir_sensor.rpt

** COMPILATION SETTINGS & TIMES **

Processing Menu Commands
------------------------

Design Doctor                             = off

Logic Synthesis:

   Synthesis Type Used                    = Multi-Level

   Default Synthesis Style                = NORMAL

      Logic option settings in 'NORMAL' style for 'FLEX10K' family

      CARRY_CHAIN                         = ignore
      CARRY_CHAIN_LENGTH                  = 32
      CASCADE_CHAIN                       = ignore
      CASCADE_CHAIN_LENGTH                = 2
      DECOMPOSE_GATES                     = on
      DUPLICATE_LOGIC_EXTRACTION          = on
      MINIMIZATION                        = full
      MULTI_LEVEL_FACTORING               = on
      NOT_GATE_PUSH_BACK                  = on
      REDUCE_LOGIC                        = on
      REFACTORIZATION                     = on
      REGISTER_OPTIMIZATION               = on
      RESYNTHESIZE_NETWORK                = on
      SLOW_SLEW_RATE                      = off
      SUBFACTOR_EXTRACTION                = on
      IGNORE_SOFT_BUFFERS                 = on
      USE_LPM_FOR_AHDL_OPERATORS          = off

   Other logic synthesis settings:

      Automatic Global Clock              = on
      Automatic Global Clear              = on
      Automatic Global Preset             = on
      Automatic Global Output Enable      = on
      Automatic I/O Cell Registers        = off
      Automatic Register Packing          = off
      Automatic Open-Drain Pins           = on
      Automatic Implement in EAB          = off
      One-Hot State Machine Encoding      = off
      Optimize                            = 5

Default Timing Specifications: None

Cut All Bidir Feedback Timing Paths       = on
Cut All Clear & Preset Timing Paths       = on

Ignore Timing Assignments                 = on

Functional SNF Extractor                  = off

Linked SNF Extractor                      = off
Timing SNF Extractor                      = on
Optimize Timing SNF                       = off
Generate AHDL TDO File                    = off
Fitter Settings                           = NORMAL
Smart Recompile                           = off
Total Recompile                           = off

Interface Menu Commands
-----------------------

EDIF Netlist Writer                       = off
Verilog Netlist Writer                    = off
VHDL Netlist Writer                       = off

Compilation Times
-----------------

   Compiler Netlist Extractor             00:00:10
   Database Builder                       00:00:01
   Logic Synthesizer                      00:00:01
   Partitioner                            00:00:01
   Fitter                                 00:00:03
   Timing SNF Extractor                   00:00:01
   Assembler                              00:00:03
   --------------------------             --------
   Total Time                             00:00:20


Memory Allocated
-----------------

Peak memory allocated during compilation  = 10,569K
