Project Information                       c:\booksoft\chap12\servo_control.rpt

MAX+plus II Compiler Report File
Version 10.1 06/12/2001
Compiled: 06/30/2001 13:15:10

Copyright (C) 1988-2001 Altera Corporation
Any megafunction design, and related net list (encrypted or decrypted),
support information, device programming or simulation file, and any other
associated documentation or information provided by Altera or a partner
under Altera's Megafunction Partnership Program may be used only to
program PLD devices (but not masked PLD devices) from Altera.  Any other
use of such megafunction design, net list, support information, device
programming or simulation file, or any other related documentation or
information is prohibited for any other purpose, including, but not
limited to modification, reverse engineering, de-compiling, or use with
any other silicon devices, unless such use is explicitly licensed under
a separate agreement with Altera or a megafunction partner.  Title to
the intellectual property, including patents, copyrights, trademarks,
trade secrets, or maskworks, embodied in any such megafunction design,
net list, support information, device programming or simulation file, or
any other related documentation or information provided by Altera or a
megafunction partner, remains with Altera, the megafunction partner, or
their respective licensors.  No other licenses, including any licenses
needed under any third party's intellectual property, are provided herein.



***** Project compilation was successful


SERVO_CONTROL


** DEVICE SUMMARY **

Chip/                     Input Output Bidir  Memory  Memory  			 LCs
POF       Device          Pins  Pins   Pins   Bits % Utilized  LCs  % Utilized

servo_control
      EPF10K10LC84-3       9      2      0    0         0  %    131      22 %

User Pins:                 9      2      0  



Project Information                       c:\booksoft\chap12\servo_control.rpt

** PROJECT COMPILATION MESSAGES **

Warning: Ignored unnecessary INPUT pin 'clock_10hz'


Project Information                       c:\booksoft\chap12\servo_control.rpt

** FILE HIERARCHY **



|lpm_add_sub:231|
|lpm_add_sub:231|addcore:adder|
|lpm_add_sub:231|altshift:result_ext_latency_ffs|
|lpm_add_sub:231|altshift:carry_ext_latency_ffs|
|lpm_add_sub:231|altshift:oflow_ext_latency_ffs|
|lpm_add_sub:986|
|lpm_add_sub:986|addcore:adder|
|lpm_add_sub:986|altshift:result_ext_latency_ffs|
|lpm_add_sub:986|altshift:carry_ext_latency_ffs|
|lpm_add_sub:986|altshift:oflow_ext_latency_ffs|
|lpm_add_sub:1276|
|lpm_add_sub:1276|addcore:adder|
|lpm_add_sub:1276|altshift:result_ext_latency_ffs|
|lpm_add_sub:1276|altshift:carry_ext_latency_ffs|
|lpm_add_sub:1276|altshift:oflow_ext_latency_ffs|
|lpm_add_sub:1695|
|lpm_add_sub:1695|addcore:adder|
|lpm_add_sub:1695|altshift:result_ext_latency_ffs|
|lpm_add_sub:1695|altshift:carry_ext_latency_ffs|
|lpm_add_sub:1695|altshift:oflow_ext_latency_ffs|
|lpm_add_sub:1985|
|lpm_add_sub:1985|addcore:adder|
|lpm_add_sub:1985|altshift:result_ext_latency_ffs|
|lpm_add_sub:1985|altshift:carry_ext_latency_ffs|
|lpm_add_sub:1985|altshift:oflow_ext_latency_ffs|


Device-Specific Information:              c:\booksoft\chap12\servo_control.rpt
servo_control

***** Logic for device 'servo_control' compiled without errors.




Device: EPF10K10LC84-3

FLEX 10K Configuration Scheme: Passive Serial

Device Options:
    User-Supplied Start-Up Clock               = OFF
    Auto-Restart Configuration on Frame Error  = OFF
    Release Clears Before Tri-States           = OFF
    Enable Chip_Wide Reset                     = OFF
    Enable Chip-Wide Output Enable             = OFF
    Enable INIT_DONE Output                    = OFF
    JTAG User Code                             = 7f

                                                    r                             
                                                 c  m                             
                                                 l  o                             
                                              l  o  t                       ^     
                                              m  c  o                       C     
                   R  R  R  R  R  R  R     R  o  k  r  R     R  R  R  R     O     
                   E  E  E  E  E  E  E     E  t  _  _  E     E  E  E  E     N     
                   S  S  S  S  S  S  S  V  S  o  1  s  S  G  S  S  S  S     F     
                   E  E  E  E  E  E  E  C  E  r  0  p  E  N  E  E  E  E     _  ^  
                   R  R  R  R  R  R  R  C  R  _  0  e  R  D  R  R  R  R  #  D  n  
                   V  V  V  V  V  V  V  I  V  d  k  e  V  I  V  V  V  V  T  O  C  
                   E  E  E  E  E  E  E  N  E  i  h  d  E  N  E  E  E  E  C  N  E  
                   D  D  D  D  D  D  D  T  D  r  z  1  D  T  D  D  D  D  K  E  O  
                 -----------------------------------------------------------------_ 
               /  11 10  9  8  7  6  5  4  3  2  1 84 83 82 81 80 79 78 77 76 75   | 
       ^DATA0 | 12                                                              74 | #TDO 
        ^DCLK | 13                                                              73 | RESERVED 
         ^nCE | 14                                                              72 | lmotor_speed1 
         #TDI | 15                                                              71 | RESERVED 
       lmotor | 16                                                              70 | RESERVED 
     RESERVED | 17                                                              69 | lmotor_speed0 
     RESERVED | 18                                                              68 | GNDINT 
     RESERVED | 19                                                              67 | RESERVED 
       VCCINT | 20                                                              66 | RESERVED 
     RESERVED | 21                                                              65 | RESERVED 
     RESERVED | 22                        EPF10K10LC84-3                        64 | RESERVED 
     RESERVED | 23                                                              63 | VCCINT 
     RESERVED | 24                                                              62 | RESERVED 
       rmotor | 25                                                              61 | RESERVED 
       GNDINT | 26                                                              60 | RESERVED 
     RESERVED | 27                                                              59 | RESERVED 
     RESERVED | 28                                                              58 | RESERVED 
     RESERVED | 29                                                              57 | #TMS 
rmotor_speed0 | 30                                                              56 | #TRST 
       ^MSEL0 | 31                                                              55 | ^nSTATUS 
       ^MSEL1 | 32                                                              54 | RESERVED 
              |_  33 34 35 36 37 38 39 40 41 42 43 44 45 46 47 48 49 50 51 52 53  _| 
                ------------------------------------------------------------------ 
                   V  ^  R  R  R  R  R  V  G  r  r  l  V  G  R  R  R  R  R  R  R  
                   C  n  E  E  E  E  E  C  N  m  m  m  C  N  E  E  E  E  E  E  E  
                   C  C  S  S  S  S  S  C  D  o  o  o  C  D  S  S  S  S  S  S  S  
                   I  O  E  E  E  E  E  I  I  t  t  t  I  I  E  E  E  E  E  E  E  
                   N  N  R  R  R  R  R  N  N  o  o  o  N  N  R  R  R  R  R  R  R  
                   T  F  V  V  V  V  V  T  T  r  r  r  T  T  V  V  V  V  V  V  V  
                      I  E  E  E  E  E        _  _  _        E  E  E  E  E  E  E  
                      G  D  D  D  D  D        d  s  s        D  D  D  D  D  D  D  
                                              i  p  p                             
                                              r  e  e                             
                                                 e  e                             
                                                 d  d                             
                                                 2  2                             


N.C. = No Connect. This pin has no internal connection to the device.
VCCINT = Dedicated power pin, which MUST be connected to VCC (5.0 volts).
VCCIO = Dedicated power pin, which MUST be connected to VCC (5.0 volts).
GNDINT = Dedicated ground pin or unused dedicated input, which MUST be connected to GND.
GNDIO = Dedicated ground pin, which MUST be connected to GND.
RESERVED = Unused I/O pin, which MUST be left unconnected.

^ = Dedicated configuration pin.
+ = Reserved configuration pin, which is tri-stated during user mode.
* = Reserved configuration pin, which drives out in user mode.
PDn = Power Down pin. 
@ = Special-purpose pin. 
# = JTAG Boundary-Scan Testing/In-System Programming or Configuration Pin. The JTAG inputs TMS and TDI should be tied to VCC and TCK should be tied to GND when not in use.
& = JTAG pin used for I/O. When used as user I/O, JTAG pins must be kept stable before and during configuration.  JTAG pin stability prevents accidental loading of JTAG instructions.


Device-Specific Information:              c:\booksoft\chap12\servo_control.rpt
servo_control

** RESOURCE USAGE **

Logic                Column       Row                                   
Array                Interconnect Interconnect         Clears/     External  
Block   Logic Cells  Driven       Driven       Clocks  Presets   Interconnect
A3       8/ 8(100%)   0/ 8(  0%)   3/ 8( 37%)    1/2    0/2      13/22( 59%)   
A4       1/ 8( 12%)   0/ 8(  0%)   1/ 8( 12%)    0/2    0/2       2/22(  9%)   
A6       8/ 8(100%)   0/ 8(  0%)   2/ 8( 25%)    1/2    0/2      15/22( 68%)   
A8       8/ 8(100%)   0/ 8(  0%)   3/ 8( 37%)    1/2    0/2       9/22( 40%)   
A9       8/ 8(100%)   0/ 8(  0%)   3/ 8( 37%)    1/2    0/2      10/22( 45%)   
A10      8/ 8(100%)   0/ 8(  0%)   3/ 8( 37%)    1/2    0/2      13/22( 59%)   
A12      8/ 8(100%)   0/ 8(  0%)   5/ 8( 62%)    1/2    0/2      11/22( 50%)   
B1       8/ 8(100%)   0/ 8(  0%)   4/ 8( 50%)    1/2    0/2       4/22( 18%)   
B2       8/ 8(100%)   5/ 8( 62%)   6/ 8( 75%)    1/2    0/2       7/22( 31%)   
B7       8/ 8(100%)   2/ 8( 25%)   2/ 8( 25%)    1/2    0/2       5/22( 22%)   
B9       1/ 8( 12%)   1/ 8( 12%)   0/ 8(  0%)    0/2    0/2       2/22(  9%)   
B11      8/ 8(100%)   1/ 8( 12%)   8/ 8(100%)    1/2    0/2       6/22( 27%)   
B12      8/ 8(100%)   4/ 8( 50%)   2/ 8( 25%)    1/2    0/2      11/22( 50%)   
C1       8/ 8(100%)   0/ 8(  0%)   3/ 8( 37%)    1/2    0/2      10/22( 45%)   
C3       7/ 8( 87%)   1/ 8( 12%)   3/ 8( 37%)    1/2    0/2       8/22( 36%)   
C4       1/ 8( 12%)   0/ 8(  0%)   1/ 8( 12%)    0/2    0/2       2/22(  9%)   
C6       1/ 8( 12%)   1/ 8( 12%)   1/ 8( 12%)    0/2    0/2       3/22( 13%)   
C8       8/ 8(100%)   1/ 8( 12%)   3/ 8( 37%)    1/2    0/2      12/22( 54%)   
C10      8/ 8(100%)   0/ 8(  0%)   3/ 8( 37%)    1/2    0/2      11/22( 50%)   
C11      8/ 8(100%)   0/ 8(  0%)   3/ 8( 37%)    1/2    0/2       8/22( 36%)   


Embedded             Column       Row                                   
Array     Embedded   Interconnect Interconnect         Read/      External  
Block     Cells      Driven       Driven       Clocks  Write    Interconnect


Total dedicated input pins used:                 6/6      (100%)
Total I/O pins used:                             5/53     (  9%)
Total logic cells used:                        131/576    ( 22%)
Total embedded cells used:                       0/24     (  0%)
Total EABs used:                                 0/3      (  0%)
Average fan-in:                                 3.26/4    ( 81%)
Total fan-in:                                 428/2304    ( 18%)

Total input pins required:                       9
Total input I/O cell registers required:         0
Total output pins required:                      2
Total output I/O cell registers required:        0
Total buried I/O cell registers required:        0
Total bidirectional pins required:               0
Total reserved pins required                     0
Total logic cells required:                    131
Total flipflops required:                       25
Total packed registers required:                 0
Total logic cells in carry chains:               0
Total number of carry chains:                    0
Total logic cells in cascade chains:             0
Total number of cascade chains:                  0
Total single-pin Clock Enables required:         0
Total single-pin Output Enables required:        0

Synthesized logic cells:                        58/ 576   ( 10%)

Logic Cell and Embedded Cell Counts

Column:  01  02  03  04  05  06  07  08  09  10  11  12  EA  13  14  15  16  17  18  19  20  21  22  23  24  Total(LC/EC)
 A:      0   0   8   1   0   8   0   8   8   8   0   8   0   0   0   0   0   0   0   0   0   0   0   0   0     49/0  
 B:      8   8   0   0   0   0   8   0   1   0   8   8   0   0   0   0   0   0   0   0   0   0   0   0   0     41/0  
 C:      8   0   7   1   0   1   0   8   0   8   8   0   0   0   0   0   0   0   0   0   0   0   0   0   0     41/0  

Total:  16   8  15   2   0   9   8  16   9  16  16  16   0   0   0   0   0   0   0   0   0   0   0   0   0    131/0  



Device-Specific Information:              c:\booksoft\chap12\servo_control.rpt
servo_control

** INPUTS **

                                                    Fan-In    Fan-Out
 Pin     LC     EC   Row  Col  Primitive    Code      INP  FBK  OUT  FBK  Name
   1      -     -    -    --      INPUT  G             0    0    0    0  clock_100khz
   2      -     -    -    --      INPUT                0    0    0   11  lmotor_dir
  69      -     -    A    --      INPUT                0    0    0    2  lmotor_speed0
  72      -     -    A    --      INPUT                0    0    0    2  lmotor_speed1
  44      -     -    -    --      INPUT                0    0    0    2  lmotor_speed2
  42      -     -    -    --      INPUT                0    0    0   10  rmotor_dir
  30      -     -    C    --      INPUT                0    0    0    2  rmotor_speed0
  84      -     -    -    --      INPUT                0    0    0    2  rmotor_speed1
  43      -     -    -    --      INPUT                0    0    0    2  rmotor_speed2


Code:

s = Synthesized pin or logic cell
+ = Synchronous flipflop
/ = Slow slew-rate output
! = NOT gate push-back
r = Fitter-inserted logic cell
@ = Uses single-pin Clock Enable
& = Uses single-pin Output Enable
G = Global Source. Fan-out destinations counted here do not include destinations
that are driven using global routing resources. Refer to the Auto Global Signals,
Clock Signals, Clear Signals, Synchronous Load Signals, and Synchronous Clear Signals
Sections of this Report File for information on which signals' fan-outs are used as
Clock, Clear, Preset, Output Enable, and synchronous Load signals.


Device-Specific Information:              c:\booksoft\chap12\servo_control.rpt
servo_control

** OUTPUTS **

       Fed By Fed By                                Fan-In    Fan-Out
 Pin     LC     EC   Row  Col  Primitive    Code      INP  FBK  OUT  FBK  Name
  16      -     -    A    --     OUTPUT                0    1    0    0  lmotor
  25      -     -    B    --     OUTPUT                0    1    0    0  rmotor


Code:

s = Synthesized pin or logic cell
+ = Synchronous flipflop
/ = Slow slew-rate output
! = NOT gate push-back
r = Fitter-inserted logic cell
@ = Uses single-pin Clock Enable
& = Uses single-pin Output Enable


Device-Specific Information:              c:\booksoft\chap12\servo_control.rpt
servo_control

** BURIED LOGIC **

                                                    Fan-In    Fan-Out
 IOC     LC     EC   Row  Col  Primitive    Code      INP  FBK  OUT  FBK  Name
   -      8     -    B    11       AND2                0    3    0    1  |LPM_ADD_SUB:231|addcore:adder|:95
   -      1     -    B    11       AND2                0    4    0    3  |LPM_ADD_SUB:231|addcore:adder|:99
   -      2     -    B    07       AND2                0    3    0    3  |LPM_ADD_SUB:231|addcore:adder|:107
   -      4     -    B    07       AND2                0    2    0    1  |LPM_ADD_SUB:231|addcore:adder|:111
   -      8     -    A    09       AND2                0    2    0    3  |LPM_ADD_SUB:986|addcore:adder|:63
   -      3     -    A    12        OR2        !       0    4    0    2  |LPM_ADD_SUB:986|addcore:adder|:75
   -      6     -    A    09       AND2        !       0    2    0    5  |LPM_ADD_SUB:1276|addcore:adder|pcarry1
   -      2     -    A    10       AND2        !       0    2    0    1  |LPM_ADD_SUB:1276|addcore:adder|pcarry2
   -      1     -    A    08       AND2        !       0    3    0    3  |LPM_ADD_SUB:1276|addcore:adder|pcarry3
   -      4     -    C    01        OR2                0    2    0    4  |LPM_ADD_SUB:1985|addcore:adder|pcarry1
   -      5     -    C    08        OR2                0    2    0    3  |LPM_ADD_SUB:1985|addcore:adder|pcarry2
   -      4     -    C    10        OR2                0    2    0    2  |LPM_ADD_SUB:1985|addcore:adder|pcarry3
   -      1     -    A    10       DFFE   +            0    4    1    1  :11
   -      8     -    B    12       DFFE   +            0    4    1    1  :13
   -      6     -    B    07       DFFE   +            0    3    0    1  count_motor10 (:15)
   -      7     -    B    07       DFFE   +            0    3    0    2  count_motor9 (:16)
   -      8     -    B    07       DFFE   +            0    2    0    3  count_motor8 (:17)
   -      7     -    B    02       DFFE   +            0    3    0   11  count_motor7 (:18)
   -      3     -    B    02       DFFE   +            0    2    0    8  count_motor6 (:19)
   -      5     -    B    02       DFFE   +            0    2    0    5  count_motor5 (:20)
   -      2     -    B    11       DFFE   +            0    3    0    7  count_motor4 (:21)
   -      5     -    B    11       DFFE   +            0    2    0    9  count_motor3 (:22)
   -      4     -    B    01       DFFE   +            0    3    0    5  count_motor2 (:23)
   -      3     -    B    01       DFFE   +            0    2    0    2  count_motor1 (:24)
   -      5     -    B    01       DFFE   +            0    0    0    3  count_motor0 (:25)
   -      7     -    A    06       DFFE   +            1    2    0    6  lmotor_speed_count5 (:26)
   -      5     -    A    03       DFFE   +            1    2    0    4  lmotor_speed_count4 (:27)
   -      4     -    A    03       DFFE   +            1    2    0    5  lmotor_speed_count3 (:28)
   -      3     -    A    08       DFFE   +            0    2    0    9  lmotor_speed_count2 (:29)
   -      7     -    A    09       DFFE   +            0    3    0    7  lmotor_speed_count1 (:30)
   -      6     -    A    12       DFFE   +            0    3    0    5  lmotor_speed_count0 (:31)
   -      8     -    C    08       DFFE   +            1    2    0    3  rmotor_speed_count5 (:32)
   -      5     -    C    10       DFFE   +            1    3    0    5  rmotor_speed_count4 (:33)
   -      6     -    C    10       DFFE   +            1    2    0    5  rmotor_speed_count3 (:34)
   -      3     -    C    11       DFFE   +            0    2    0    7  rmotor_speed_count2 (:35)
   -      5     -    C    01       DFFE   +            0    3    0    8  rmotor_speed_count1 (:36)
   -      3     -    C    03       DFFE   +            0    3    0    6  rmotor_speed_count0 (:37)
   -      3     -    B    07        OR2    s           0    3    0    1  ~185~1
   -      6     -    B    11        OR2        !       0    4    0   10  :185
   -      3     -    B    11        OR2        !       0    4    0    1  :371
   -      8     -    B    01       AND2        !       0    2    0    6  :399
   -      4     -    B    02        OR2    s           0    2    0    3  ~443~1
   -      6     -    B    01        OR2                0    2    0    3  :443
   -      7     -    B    01        OR2                0    4    0    1  :450
   -      2     -    B    01       AND2        !       0    2    0    3  :468
   -      5     -    B    07       AND2    s           0    3    0    7  ~475~1
   -      7     -    C    10       AND2    s           1    1    0    1  ~475~2
   -      1     -    C    10       AND2    s           0    4    0    2  ~475~3
   -      5     -    B    12       AND2                0    4    0   15  :475
   -      6     -    B    02        OR2        !       0    2    0    3  :573
   -      3     -    B    12        OR2    s           0    4    0    2  ~603~1
   -      1     -    B    12        OR2                0    3    0    5  :603
   -      1     -    A    03        OR2        !       3    0    0    5  :765
   -      2     -    B    02        OR2        !       0    3    0    4  :827
   -      4     -    B    11        OR2        !       0    3    0    2  :842
   -      8     -    A    06        OR2    s           0    3    0    3  ~964~1
   -      4     -    A    06        OR2                0    4    0    1  :1017
   -      3     -    A    09        OR2                0    4    0    1  :1053
   -      2     -    B    12       AND2        !       0    2    0    8  :1139
   -      1     -    B    02        OR2        !       0    3    0    5  :1141
   -      1     -    B    01        OR2        !       0    4    0    1  :1151
   -      2     -    A    12        OR2    s           0    4    0    1  ~1246~1
   -      1     -    B    07       AND2    s           0    2    0    2  ~1254~1
   -      2     -    A    06        OR2                0    4    0    7  :1254
   -      1     -    A    06        OR2                0    4    0    1  :1302
   -      3     -    A    06        OR2                0    4    0    1  :1307
   -      1     -    A    09        OR2                0    4    0    1  :1340
   -      2     -    A    09        OR2                0    3    0    1  :1343
   -      5     -    A    06        OR2                1    2    0    1  :1377
   -      4     -    A    09        OR2                1    2    0    1  :1401
   -      5     -    A    09        OR2                0    3    0    1  :1456
   -      1     -    C    06       AND2                3    0    0    4  :1474
   -      8     -    B    02        OR2        !       0    4    0    3  :1539
   -      7     -    B    11        OR2        !       0    3    0    1  :1554
   -      3     -    C    08        OR2                0    4    0    1  :1656
   -      6     -    C    08       AND2    s           0    4    0    3  ~1673~1
   -      6     -    C    01        OR2                0    4    0    1  :1762
   -      2     -    C    08        OR2    s           0    4    0    1  ~1955~1
   -      1     -    C    08        OR2                0    4    0    7  :1963
   -      1     -    C    01        OR2                0    4    0    1  :2049
   -      3     -    C    01        OR2                0    3    0    1  :2052
   -      7     -    C    01        OR2                1    2    0    1  :2110
   -      8     -    C    01        OR2                0    3    0    1  :2165
   -      5     -    A    10        OR2    s           0    4    0    1  ~2213~1
   -      6     -    A    10        OR2    s           1    3    0    1  ~2213~2
   -      7     -    A    10        OR2    s           0    4    0    1  ~2213~3
   -      7     -    B    12        OR2    s           0    4    0    4  ~2215~1
   -      1     -    C    03        OR2    s           0    2    0    1  ~2222~1
   -      4     -    B    12        OR2    s           1    3    0    1  ~2222~2
   -      6     -    B    12        OR2    s           0    4    0    1  ~2222~3
   -      6     -    A    06        OR2                0    4    0    1  :2228
   -      1     -    A    04       AND2    s           0    2    0    6  ~2240~1
   -      2     -    A    03        OR2    s           0    3    0    1  ~2240~2
   -      8     -    A    12       AND2    s   !       0    4    0    2  ~2240~3
   -      3     -    A    03        OR2    s           1    3    0    1  ~2240~4
   -      6     -    A    03        OR2    s           1    3    0    1  ~2240~5
   -      7     -    A    03        OR2    s           0    4    0    1  ~2240~6
   -      7     -    A    08        OR2    s           0    4    0    1  ~2249~1
   -      8     -    A    08        OR2    s           1    3    0    1  ~2249~2
   -      4     -    A    10       AND2    s   !       0    2    0    1  ~2249~3
   -      3     -    A    10        OR2    s           1    3    0    1  ~2249~4
   -      8     -    A    03        OR2    s           0    4    0    1  ~2249~5
   -      5     -    A    12       AND2    s   !       0    2    0    4  ~2260~1
   -      2     -    A    08        OR2    s           1    3    0    1  ~2260~2
   -      4     -    A    08        OR2    s           0    3    0    1  ~2260~3
   -      5     -    A    08        OR2    s           1    2    0    1  ~2260~4
   -      6     -    A    08        OR2    s           0    4    0    1  ~2260~5
   -      8     -    A    10       AND2    s   !       0    2    0    4  ~2278~1
   -      1     -    A    12       AND2    s   !       0    2    0    3  ~2278~2
   -      4     -    A    12        OR2    s           1    3    0    1  ~2278~3
   -      7     -    A    12        OR2    s           1    3    0    1  ~2278~4
   -      4     -    C    08        OR2    s           0    4    0    1  ~2285~1
   -      7     -    C    08        OR2    s           0    4    0    1  ~2285~2
   -      1     -    B    09        OR2    s           0    2    0    8  ~2294~1
   -      4     -    C    03        OR2    s           1    2    0    2  ~2294~2
   -      8     -    C    10        OR2    s           0    4    0    1  ~2294~3
   -      2     -    C    01        OR2    s           0    2    0    6  ~2303~1
   -      7     -    C    11        OR2    s           0    4    0    1  ~2303~2
   -      2     -    C    11        OR2    s           1    3    0    1  ~2303~3
   -      8     -    C    11       AND2    s   !       0    2    0    1  ~2303~4
   -      2     -    C    10        OR2    s           1    3    0    1  ~2303~5
   -      3     -    C    10        OR2    s           0    4    0    1  ~2303~6
   -      2     -    C    03       AND2    s   !       0    3    0    4  ~2314~1
   -      1     -    C    11        OR2    s           1    3    0    1  ~2314~2
   -      4     -    C    11        OR2    s           0    3    0    1  ~2314~3
   -      5     -    C    11        OR2    s           1    2    0    1  ~2314~4
   -      6     -    C    11        OR2    s           0    4    0    1  ~2314~5
   -      7     -    C    04       AND2    s   !       0    2    0    4  ~2332~1
   -      5     -    C    03       AND2    s   !       0    2    0    3  ~2332~2
   -      6     -    C    03        OR2    s           1    3    0    1  ~2332~3
   -      7     -    C    03        OR2    s           1    3    0    1  ~2332~4


Code:

s = Synthesized pin or logic cell
+ = Synchronous flipflop
/ = Slow slew-rate output
! = NOT gate push-back
r = Fitter-inserted logic cell
p = Packed register


Device-Specific Information:              c:\booksoft\chap12\servo_control.rpt
servo_control

** FASTTRACK INTERCONNECT UTILIZATION **

Row FastTrack Interconnect:

          Global         Left Half-      Right Half-
         FastTrack       FastTrack       FastTrack 
Row     Interconnect    Interconnect    Interconnect    Input Pins     Output Pins     Bidir Pins
A:       4/ 96(  4%)    30/ 48( 62%)     0/ 48(  0%)    2/16( 12%)      1/16(  6%)     0/16(  0%)
B:       0/ 96(  0%)    25/ 48( 52%)     0/ 48(  0%)    0/16(  0%)      1/16(  6%)     0/16(  0%)
C:       3/ 96(  3%)    25/ 48( 52%)     0/ 48(  0%)    1/16(  6%)      0/16(  0%)     0/16(  0%)


Column FastTrack Interconnect:

         FastTrack                                 
Column  Interconnect    Input Pins     Output Pins     Bidir Pins
01:      1/24(  4%)     0/4(  0%)      0/4(  0%)       0/4(  0%)
02:      4/24( 16%)     0/4(  0%)      0/4(  0%)       0/4(  0%)
03:      1/24(  4%)     0/4(  0%)      0/4(  0%)       0/4(  0%)
04:      0/24(  0%)     0/4(  0%)      0/4(  0%)       0/4(  0%)
05:      0/24(  0%)     0/4(  0%)      0/4(  0%)       0/4(  0%)
06:      1/24(  4%)     0/4(  0%)      0/4(  0%)       0/4(  0%)
07:      2/24(  8%)     0/4(  0%)      0/4(  0%)       0/4(  0%)
08:      1/24(  4%)     0/4(  0%)      0/4(  0%)       0/4(  0%)
09:      1/24(  4%)     0/4(  0%)      0/4(  0%)       0/4(  0%)
10:      0/24(  0%)     0/4(  0%)      0/4(  0%)       0/4(  0%)
11:      1/24(  4%)     0/4(  0%)      0/4(  0%)       0/4(  0%)
12:      4/24( 16%)     0/4(  0%)      0/4(  0%)       0/4(  0%)
13:      0/24(  0%)     0/4(  0%)      0/4(  0%)       0/4(  0%)
14:      0/24(  0%)     0/4(  0%)      0/4(  0%)       0/4(  0%)
15:      0/24(  0%)     0/4(  0%)      0/4(  0%)       0/4(  0%)
16:      0/24(  0%)     0/4(  0%)      0/4(  0%)       0/4(  0%)
17:      0/24(  0%)     0/4(  0%)      0/4(  0%)       0/4(  0%)
18:      0/24(  0%)     0/4(  0%)      0/4(  0%)       0/4(  0%)
19:      0/24(  0%)     0/4(  0%)      0/4(  0%)       0/4(  0%)
20:      0/24(  0%)     0/4(  0%)      0/4(  0%)       0/4(  0%)
21:      0/24(  0%)     0/4(  0%)      0/4(  0%)       0/4(  0%)
22:      0/24(  0%)     0/4(  0%)      0/4(  0%)       0/4(  0%)
23:      0/24(  0%)     0/4(  0%)      0/4(  0%)       0/4(  0%)
24:      0/24(  0%)     0/4(  0%)      0/4(  0%)       0/4(  0%)
EA:      0/24(  0%)     0/4(  0%)      0/4(  0%)       0/4(  0%)


Device-Specific Information:              c:\booksoft\chap12\servo_control.rpt
servo_control

** CLOCK SIGNALS **

Type     Fan-out       Name
INPUT       25         clock_100khz


Device-Specific Information:              c:\booksoft\chap12\servo_control.rpt
servo_control

** EQUATIONS **

clock_100khz : INPUT;
lmotor_dir : INPUT;
lmotor_speed0 : INPUT;
lmotor_speed1 : INPUT;
lmotor_speed2 : INPUT;
rmotor_dir : INPUT;
rmotor_speed0 : INPUT;
rmotor_speed1 : INPUT;
rmotor_speed2 : INPUT;

-- Node name is ':25' = 'count_motor0' 
-- Equation name is 'count_motor0', location is LC5_B1, type is buried.
count_motor0 = DFFE(!count_motor0, GLOBAL( clock_100khz),  VCC,  VCC,  VCC);

-- Node name is ':24' = 'count_motor1' 
-- Equation name is 'count_motor1', location is LC3_B1, type is buried.
count_motor1 = DFFE( _EQ001, GLOBAL( clock_100khz),  VCC,  VCC,  VCC);
  _EQ001 =  count_motor0 & !count_motor1 & !_LC6_B11
         # !count_motor0 &  count_motor1 & !_LC6_B11;

-- Node name is ':23' = 'count_motor2' 
-- Equation name is 'count_motor2', location is LC4_B1, type is buried.
count_motor2 = DFFE( _EQ002, GLOBAL( clock_100khz),  VCC,  VCC,  VCC);
  _EQ002 = !count_motor0 &  count_motor2 & !_LC6_B11
         # !count_motor1 &  count_motor2 & !_LC6_B11
         #  count_motor0 &  count_motor1 & !count_motor2 & !_LC6_B11;

-- Node name is ':22' = 'count_motor3' 
-- Equation name is 'count_motor3', location is LC5_B11, type is buried.
count_motor3 = DFFE( _EQ003, GLOBAL( clock_100khz),  VCC,  VCC,  VCC);
  _EQ003 =  count_motor3 & !_LC6_B11 &  _LC8_B1
         # !count_motor3 & !_LC6_B11 & !_LC8_B1;

-- Node name is ':21' = 'count_motor4' 
-- Equation name is 'count_motor4', location is LC2_B11, type is buried.
count_motor4 = DFFE( _EQ004, GLOBAL( clock_100khz),  VCC,  VCC,  VCC);
  _EQ004 = !count_motor3 &  count_motor4 & !_LC6_B11
         #  count_motor4 & !_LC6_B11 &  _LC8_B1
         #  count_motor3 & !count_motor4 & !_LC6_B11 & !_LC8_B1;

-- Node name is ':20' = 'count_motor5' 
-- Equation name is 'count_motor5', location is LC5_B2, type is buried.
count_motor5 = DFFE( _EQ005, GLOBAL( clock_100khz),  VCC,  VCC,  VCC);
  _EQ005 =  count_motor5 & !_LC6_B11 & !_LC8_B11
         # !count_motor5 & !_LC6_B11 &  _LC8_B11;

-- Node name is ':19' = 'count_motor6' 
-- Equation name is 'count_motor6', location is LC3_B2, type is buried.
count_motor6 = DFFE( _EQ006, GLOBAL( clock_100khz),  VCC,  VCC,  VCC);
  _EQ006 =  count_motor6 & !_LC1_B11 & !_LC6_B11
         # !count_motor6 &  _LC1_B11 & !_LC6_B11;

-- Node name is ':18' = 'count_motor7' 
-- Equation name is 'count_motor7', location is LC7_B2, type is buried.
count_motor7 = DFFE( _EQ007, GLOBAL( clock_100khz),  VCC,  VCC,  VCC);
  _EQ007 = !count_motor6 &  count_motor7 & !_LC6_B11
         #  count_motor7 & !_LC1_B11 & !_LC6_B11
         #  count_motor6 & !count_motor7 &  _LC1_B11 & !_LC6_B11;

-- Node name is ':17' = 'count_motor8' 
-- Equation name is 'count_motor8', location is LC8_B7, type is buried.
count_motor8 = DFFE( _EQ008, GLOBAL( clock_100khz),  VCC,  VCC,  VCC);
  _EQ008 =  count_motor8 & !_LC2_B7 & !_LC6_B11
         # !count_motor8 &  _LC2_B7 & !_LC6_B11;

-- Node name is ':16' = 'count_motor9' 
-- Equation name is 'count_motor9', location is LC7_B7, type is buried.
count_motor9 = DFFE( _EQ009, GLOBAL( clock_100khz),  VCC,  VCC,  VCC);
  _EQ009 = !count_motor8 &  count_motor9 & !_LC6_B11
         #  count_motor9 & !_LC2_B7 & !_LC6_B11
         #  count_motor8 & !count_motor9 &  _LC2_B7 & !_LC6_B11;

-- Node name is ':15' = 'count_motor10' 
-- Equation name is 'count_motor10', location is LC6_B7, type is buried.
count_motor10 = DFFE( _EQ010, GLOBAL( clock_100khz),  VCC,  VCC,  VCC);
  _EQ010 = !count_motor9 &  count_motor10 & !_LC6_B11
         #  count_motor10 & !_LC4_B7 & !_LC6_B11
         #  count_motor9 & !count_motor10 &  _LC4_B7 & !_LC6_B11;

-- Node name is 'lmotor' 
-- Equation name is 'lmotor', type is output 
lmotor   =  _LC1_A10;

-- Node name is ':31' = 'lmotor_speed_count0' 
-- Equation name is 'lmotor_speed_count0', location is LC6_A12, type is buried.
lmotor_speed_count0 = DFFE( _EQ011, GLOBAL( clock_100khz),  VCC,  VCC,  VCC);
  _EQ011 =  _LC4_A12 & !_LC5_B12 &  lmotor_speed_count0
         # !_LC5_B12 &  _LC7_A12 & !lmotor_speed_count0;

-- Node name is ':30' = 'lmotor_speed_count1' 
-- Equation name is 'lmotor_speed_count1', location is LC7_A9, type is buried.
lmotor_speed_count1 = DFFE( _EQ012, GLOBAL( clock_100khz),  VCC,  VCC,  VCC);
  _EQ012 =  _LC1_B12 &  _LC5_A9 & !_LC5_B12
         # !_LC1_B12 & !_LC5_B12 &  lmotor_speed_count1;

-- Node name is ':29' = 'lmotor_speed_count2' 
-- Equation name is 'lmotor_speed_count2', location is LC3_A8, type is buried.
lmotor_speed_count2 = DFFE( _EQ013, GLOBAL( clock_100khz),  VCC,  VCC,  VCC);
  _EQ013 = !_LC5_B12 &  _LC6_A8;

-- Node name is ':28' = 'lmotor_speed_count3' 
-- Equation name is 'lmotor_speed_count3', location is LC4_A3, type is buried.
lmotor_speed_count3 = DFFE( _EQ014, GLOBAL( clock_100khz),  VCC,  VCC,  VCC);
  _EQ014 = !_LC5_B12 &  _LC8_A3
         #  _LC5_B12 &  lmotor_speed0;

-- Node name is ':27' = 'lmotor_speed_count4' 
-- Equation name is 'lmotor_speed_count4', location is LC5_A3, type is buried.
lmotor_speed_count4 = DFFE( _EQ015, GLOBAL( clock_100khz),  VCC,  VCC,  VCC);
  _EQ015 = !_LC5_B12 &  _LC7_A3
         #  _LC5_B12 &  lmotor_speed1;

-- Node name is ':26' = 'lmotor_speed_count5' 
-- Equation name is 'lmotor_speed_count5', location is LC7_A6, type is buried.
lmotor_speed_count5 = DFFE( _EQ016, GLOBAL( clock_100khz),  VCC,  VCC,  VCC);
  _EQ016 = !_LC5_B12 &  _LC6_A6
         #  _LC5_B12 &  lmotor_speed2;

-- Node name is 'rmotor' 
-- Equation name is 'rmotor', type is output 
rmotor   =  _LC8_B12;

-- Node name is ':37' = 'rmotor_speed_count0' 
-- Equation name is 'rmotor_speed_count0', location is LC3_C3, type is buried.
rmotor_speed_count0 = DFFE( _EQ017, GLOBAL( clock_100khz),  VCC,  VCC,  VCC);
  _EQ017 = !_LC5_B12 &  _LC6_C3 &  rmotor_speed_count0
         # !_LC5_B12 &  _LC7_C3 & !rmotor_speed_count0;

-- Node name is ':36' = 'rmotor_speed_count1' 
-- Equation name is 'rmotor_speed_count1', location is LC5_C1, type is buried.
rmotor_speed_count1 = DFFE( _EQ018, GLOBAL( clock_100khz),  VCC,  VCC,  VCC);
  _EQ018 =  _LC1_B12 & !_LC5_B12 &  _LC8_C1
         # !_LC1_B12 & !_LC5_B12 &  rmotor_speed_count1;

-- Node name is ':35' = 'rmotor_speed_count2' 
-- Equation name is 'rmotor_speed_count2', location is LC3_C11, type is buried.
rmotor_speed_count2 = DFFE( _EQ019, GLOBAL( clock_100khz),  VCC,  VCC,  VCC);
  _EQ019 = !_LC5_B12 &  _LC6_C11;

-- Node name is ':34' = 'rmotor_speed_count3' 
-- Equation name is 'rmotor_speed_count3', location is LC6_C10, type is buried.
rmotor_speed_count3 = DFFE( _EQ020, GLOBAL( clock_100khz),  VCC,  VCC,  VCC);
  _EQ020 =  _LC3_C10 & !_LC5_B12
         #  _LC5_B12 &  rmotor_speed0;

-- Node name is ':33' = 'rmotor_speed_count4' 
-- Equation name is 'rmotor_speed_count4', location is LC5_C10, type is buried.
rmotor_speed_count4 = DFFE( _EQ021, GLOBAL( clock_100khz),  VCC,  VCC,  VCC);
  _EQ021 =  _LC1_C10 & !_LC5_B12
         # !_LC5_B12 &  _LC8_C10
         #  _LC5_B12 &  rmotor_speed1;

-- Node name is ':32' = 'rmotor_speed_count5' 
-- Equation name is 'rmotor_speed_count5', location is LC8_C8, type is buried.
rmotor_speed_count5 = DFFE( _EQ022, GLOBAL( clock_100khz),  VCC,  VCC,  VCC);
  _EQ022 = !_LC5_B12 &  _LC7_C8
         #  _LC5_B12 &  rmotor_speed2;

-- Node name is '|LPM_ADD_SUB:231|addcore:adder|:95' from file "addcore.tdf" line 312, column 64
-- Equation name is '_LC8_B11', type is buried 
_LC8_B11 = LCELL( _EQ023);
  _EQ023 =  count_motor3 &  count_motor4 & !_LC8_B1;

-- Node name is '|LPM_ADD_SUB:231|addcore:adder|:99' from file "addcore.tdf" line 312, column 64
-- Equation name is '_LC1_B11', type is buried 
_LC1_B11 = LCELL( _EQ024);
  _EQ024 =  count_motor3 &  count_motor4 &  count_motor5 & !_LC8_B1;

-- Node name is '|LPM_ADD_SUB:231|addcore:adder|:107' from file "addcore.tdf" line 312, column 64
-- Equation name is '_LC2_B7', type is buried 
_LC2_B7  = LCELL( _EQ025);
  _EQ025 =  count_motor6 &  count_motor7 &  _LC1_B11;

-- Node name is '|LPM_ADD_SUB:231|addcore:adder|:111' from file "addcore.tdf" line 312, column 64
-- Equation name is '_LC4_B7', type is buried 
_LC4_B7  = LCELL( _EQ026);
  _EQ026 =  count_motor8 &  _LC2_B7;

-- Node name is '|LPM_ADD_SUB:986|addcore:adder|:63' from file "addcore.tdf" line 312, column 64
-- Equation name is '_LC8_A9', type is buried 
_LC8_A9  = LCELL( _EQ027);
  _EQ027 =  lmotor_speed_count0 &  lmotor_speed_count1;

-- Node name is '|LPM_ADD_SUB:986|addcore:adder|:75' from file "addcore.tdf" line 312, column 64
-- Equation name is '_LC3_A12', type is buried 
!_LC3_A12 = _LC3_A12~NOT;
_LC3_A12~NOT = LCELL( _EQ028);
  _EQ028 = !lmotor_speed_count4
         # !lmotor_speed_count2
         # !lmotor_speed_count3
         # !_LC8_A9;

-- Node name is '|LPM_ADD_SUB:1276|addcore:adder|pcarry1' from file "addcore.tdf" line 312, column 40
-- Equation name is '_LC6_A9', type is buried 
!_LC6_A9 = _LC6_A9~NOT;
_LC6_A9~NOT = LCELL( _EQ029);
  _EQ029 = !lmotor_speed_count0 & !lmotor_speed_count1;

-- Node name is '|LPM_ADD_SUB:1276|addcore:adder|pcarry2' from file "addcore.tdf" line 312, column 40
-- Equation name is '_LC2_A10', type is buried 
!_LC2_A10 = _LC2_A10~NOT;
_LC2_A10~NOT = LCELL( _EQ030);
  _EQ030 = !_LC6_A9 & !lmotor_speed_count2;

-- Node name is '|LPM_ADD_SUB:1276|addcore:adder|pcarry3' from file "addcore.tdf" line 312, column 40
-- Equation name is '_LC1_A8', type is buried 
!_LC1_A8 = _LC1_A8~NOT;
_LC1_A8~NOT = LCELL( _EQ031);
  _EQ031 = !_LC6_A9 & !lmotor_speed_count2 & !lmotor_speed_count3;

-- Node name is '|LPM_ADD_SUB:1985|addcore:adder|pcarry1' from file "addcore.tdf" line 312, column 40
-- Equation name is '_LC4_C1', type is buried 
_LC4_C1  = LCELL( _EQ032);
  _EQ032 =  rmotor_speed_count1
         #  rmotor_speed_count0;

-- Node name is '|LPM_ADD_SUB:1985|addcore:adder|pcarry2' from file "addcore.tdf" line 312, column 40
-- Equation name is '_LC5_C8', type is buried 
_LC5_C8  = LCELL( _EQ033);
  _EQ033 =  rmotor_speed_count2
         #  _LC4_C1;

-- Node name is '|LPM_ADD_SUB:1985|addcore:adder|pcarry3' from file "addcore.tdf" line 312, column 40
-- Equation name is '_LC4_C10', type is buried 
_LC4_C10 = LCELL( _EQ034);
  _EQ034 =  rmotor_speed_count3
         #  _LC5_C8;

-- Node name is ':11' 
-- Equation name is '_LC1_A10', type is buried 
_LC1_A10 = DFFE( _EQ035, GLOBAL( clock_100khz),  VCC,  VCC,  VCC);
  _EQ035 = !_LC1_A3 &  _LC6_A10 &  _LC7_B12
         #  _LC7_A10;

-- Node name is ':13' 
-- Equation name is '_LC8_B12', type is buried 
_LC8_B12 = DFFE( _EQ036, GLOBAL( clock_100khz),  VCC,  VCC,  VCC);
  _EQ036 = !_LC1_C6 &  _LC4_B12 &  _LC7_B12
         #  _LC6_B12;

-- Node name is '~185~1' 
-- Equation name is '~185~1', location is LC3_B7, type is buried.
-- synthesized logic cell 
_LC3_B7  = LCELL( _EQ037);
  _EQ037 = !count_motor7
         # !count_motor6
         # !_LC5_B7;

-- Node name is ':185' 
-- Equation name is '_LC6_B11', type is buried 
!_LC6_B11 = _LC6_B11~NOT;
_LC6_B11~NOT = LCELL( _EQ038);
  _EQ038 =  _LC3_B7
         # !_LC6_B2
         # !count_motor3
         #  _LC8_B1;

-- Node name is ':371' 
-- Equation name is '_LC3_B11', type is buried 
!_LC3_B11 = _LC3_B11~NOT;
_LC3_B11~NOT = LCELL( _EQ039);
  _EQ039 = !_LC6_B2
         # !_LC8_B1
         #  count_motor6
         #  count_motor3;

-- Node name is ':399' 
-- Equation name is '_LC8_B1', type is buried 
!_LC8_B1 = _LC8_B1~NOT;
_LC8_B1~NOT = LCELL( _EQ040);
  _EQ040 =  count_motor2 & !_LC2_B1;

-- Node name is '~443~1' 
-- Equation name is '~443~1', location is LC4_B2, type is buried.
-- synthesized logic cell 
_LC4_B2  = LCELL( _EQ041);
  _EQ041 = !count_motor6
         # !count_motor5;

-- Node name is ':443' 
-- Equation name is '_LC6_B1', type is buried 
_LC6_B1  = LCELL( _EQ042);
  _EQ042 =  _LC4_B2
         #  _LC7_B1;

-- Node name is ':450' 
-- Equation name is '_LC7_B1', type is buried 
_LC7_B1  = LCELL( _EQ043);
  _EQ043 = !count_motor3 & !count_motor4
         # !count_motor2 & !count_motor4 &  _LC2_B1;

-- Node name is ':468' 
-- Equation name is '_LC2_B1', type is buried 
!_LC2_B1 = _LC2_B1~NOT;
_LC2_B1~NOT = LCELL( _EQ044);
  _EQ044 =  count_motor0 &  count_motor1;

-- Node name is '~475~1' 
-- Equation name is '~475~1', location is LC5_B7, type is buried.
-- synthesized logic cell 
_LC5_B7  = LCELL( _EQ045);
  _EQ045 =  count_motor8 &  count_motor9 &  count_motor10;

-- Node name is '~475~2' 
-- Equation name is '~475~2', location is LC7_C10, type is buried.
-- synthesized logic cell 
_LC7_C10 = LCELL( _EQ046);
  _EQ046 = !_LC2_C1 & !rmotor_dir;

-- Node name is '~475~3' 
-- Equation name is '~475~3', location is LC1_C10, type is buried.
-- synthesized logic cell 
_LC1_C10 = LCELL( _EQ047);
  _EQ047 = !_LC4_C10 & !_LC7_C4 &  _LC7_C10 & !rmotor_speed_count4;

-- Node name is ':475' 
-- Equation name is '_LC5_B12', type is buried 
_LC5_B12 = LCELL( _EQ048);
  _EQ048 = !count_motor7 & !_LC3_B11 &  _LC5_B7 &  _LC6_B1;

-- Node name is ':573' 
-- Equation name is '_LC6_B2', type is buried 
!_LC6_B2 = _LC6_B2~NOT;
_LC6_B2~NOT = LCELL( _EQ049);
  _EQ049 =  count_motor5
         #  count_motor4;

-- Node name is '~603~1' 
-- Equation name is '~603~1', location is LC3_B12, type is buried.
-- synthesized logic cell 
_LC3_B12 = LCELL( _EQ050);
  _EQ050 = !count_motor7 &  _LC5_B7
         # !count_motor6 &  _LC5_B7
         #  _LC5_B7 &  _LC6_B2;

-- Node name is ':603' 
-- Equation name is '_LC1_B12', type is buried 
_LC1_B12 = LCELL( _EQ051);
  _EQ051 =  count_motor7 &  _LC3_B12
         #  _LC3_B12 & !_LC6_B1;

-- Node name is ':765' 
-- Equation name is '_LC1_A3', type is buried 
!_LC1_A3 = _LC1_A3~NOT;
_LC1_A3~NOT = LCELL( _EQ052);
  _EQ052 =  lmotor_speed0
         #  lmotor_speed2
         #  lmotor_speed1;

-- Node name is ':827' 
-- Equation name is '_LC2_B2', type is buried 
!_LC2_B2 = _LC2_B2~NOT;
_LC2_B2~NOT = LCELL( _EQ053);
  _EQ053 =  count_motor7
         # !_LC4_B2 & !_LC4_B11;

-- Node name is ':842' 
-- Equation name is '_LC4_B11', type is buried 
!_LC4_B11 = _LC4_B11~NOT;
_LC4_B11~NOT = LCELL( _EQ054);
  _EQ054 =  count_motor4
         #  count_motor3
         #  count_motor2;

-- Node name is '~964~1' 
-- Equation name is '~964~1', location is LC8_A6, type is buried.
-- synthesized logic cell 
_LC8_A6  = LCELL( _EQ055);
  _EQ055 =  _LC5_B7 & !lmotor_speed_count5
         # !_LC3_A12 &  _LC5_B7;

-- Node name is ':1017' 
-- Equation name is '_LC4_A6', type is buried 
_LC4_A6  = LCELL( _EQ056);
  _EQ056 = !_LC2_B2 &  _LC3_A12 &  _LC5_B7
         #  lmotor_speed_count5;

-- Node name is ':1053' 
-- Equation name is '_LC3_A9', type is buried 
_LC3_A9  = LCELL( _EQ057);
  _EQ057 = !_LC2_B2 &  _LC8_A6 &  lmotor_speed_count0 & !lmotor_speed_count1
         # !lmotor_speed_count0 &  lmotor_speed_count1
         # !_LC8_A6 &  lmotor_speed_count1
         #  _LC2_B2 &  lmotor_speed_count1;

-- Node name is ':1139' 
-- Equation name is '_LC2_B12', type is buried 
!_LC2_B12 = _LC2_B12~NOT;
_LC2_B12~NOT = LCELL( _EQ058);
  _EQ058 =  count_motor7 & !_LC1_B2;

-- Node name is ':1141' 
-- Equation name is '_LC1_B2', type is buried 
!_LC1_B2 = _LC1_B2~NOT;
_LC1_B2~NOT = LCELL( _EQ059);
  _EQ059 =  count_motor6
         #  count_motor5 & !_LC1_B1;

-- Node name is ':1151' 
-- Equation name is '_LC1_B1', type is buried 
!_LC1_B1 = _LC1_B1~NOT;
_LC1_B1~NOT = LCELL( _EQ060);
  _EQ060 =  count_motor4
         #  count_motor3
         #  count_motor2
         # !_LC2_B1;

-- Node name is '~1246~1' 
-- Equation name is '~1246~1', location is LC2_A12, type is buried.
-- synthesized logic cell 
_LC2_A12 = LCELL( _EQ061);
  _EQ061 = !lmotor_speed_count0
         #  lmotor_speed_count2
         #  lmotor_speed_count4
         #  lmotor_speed_count3;

-- Node name is '~1254~1' 
-- Equation name is '~1254~1', location is LC1_B7, type is buried.
-- synthesized logic cell 
_LC1_B7  = LCELL( _EQ062);
  _EQ062 = !_LC2_B12 &  _LC5_B7;

-- Node name is ':1254' 
-- Equation name is '_LC2_A6', type is buried 
_LC2_A6  = LCELL( _EQ063);
  _EQ063 =  _LC1_B7 &  _LC2_A12
         #  _LC1_B7 &  lmotor_speed_count1
         #  _LC1_B7 &  lmotor_speed_count5;

-- Node name is ':1302' 
-- Equation name is '_LC1_A6', type is buried 
_LC1_A6  = LCELL( _EQ064);
  _EQ064 =  _LC2_A6 &  lmotor_speed_count4 &  lmotor_speed_count5
         #  _LC1_A8 &  _LC2_A6 &  lmotor_speed_count5
         # !_LC1_A8 &  _LC2_A6 & !lmotor_speed_count4 & !lmotor_speed_count5;

-- Node name is ':1307' 
-- Equation name is '_LC3_A6', type is buried 
_LC3_A6  = LCELL( _EQ065);
  _EQ065 =  count_motor7 &  _LC1_A6 & !_LC1_B2
         # !count_motor7 &  lmotor_speed_count5
         #  _LC1_B2 &  lmotor_speed_count5;

-- Node name is ':1340' 
-- Equation name is '_LC1_A9', type is buried 
_LC1_A9  = LCELL( _EQ066);
  _EQ066 =  _LC2_A6 &  lmotor_speed_count0 &  lmotor_speed_count1
         #  _LC2_A6 & !lmotor_speed_count0 & !lmotor_speed_count1
         #  _LC1_B2 &  lmotor_speed_count1;

-- Node name is ':1343' 
-- Equation name is '_LC2_A9', type is buried 
_LC2_A9  = LCELL( _EQ067);
  _EQ067 =  _LC1_A9 & !_LC2_B12
         #  _LC2_B12 &  lmotor_speed_count1;

-- Node name is ':1377' 
-- Equation name is '_LC5_A6', type is buried 
_LC5_A6  = LCELL( _EQ068);
  _EQ068 =  _LC3_A6 &  lmotor_dir
         #  _LC4_A6 & !lmotor_dir;

-- Node name is ':1401' 
-- Equation name is '_LC4_A9', type is buried 
_LC4_A9  = LCELL( _EQ069);
  _EQ069 =  _LC2_A9 &  lmotor_dir
         #  _LC3_A9 & !lmotor_dir;

-- Node name is ':1456' 
-- Equation name is '_LC5_A9', type is buried 
_LC5_A9  = LCELL( _EQ070);
  _EQ070 = !_LC1_A3 &  _LC4_A9
         #  _LC1_A3 &  lmotor_speed_count1;

-- Node name is ':1474' 
-- Equation name is '_LC1_C6', type is buried 
_LC1_C6  = LCELL( _EQ071);
  _EQ071 = !rmotor_speed0 & !rmotor_speed1 & !rmotor_speed2;

-- Node name is ':1539' 
-- Equation name is '_LC8_B2', type is buried 
!_LC8_B2 = _LC8_B2~NOT;
_LC8_B2~NOT = LCELL( _EQ072);
  _EQ072 =  count_motor7 & !_LC7_B11
         #  count_motor6 &  count_motor7
         #  count_motor5 &  count_motor7;

-- Node name is ':1554' 
-- Equation name is '_LC7_B11', type is buried 
!_LC7_B11 = _LC7_B11~NOT;
_LC7_B11~NOT = LCELL( _EQ073);
  _EQ073 =  count_motor3 &  count_motor4
         #  count_motor2 &  count_motor4;

-- Node name is ':1656' 
-- Equation name is '_LC3_C8', type is buried 
_LC3_C8  = LCELL( _EQ074);
  _EQ074 = !rmotor_speed_count2
         # !rmotor_speed_count3
         # !rmotor_speed_count1
         # !rmotor_speed_count0;

-- Node name is '~1673~1' 
-- Equation name is '~1673~1', location is LC6_C8, type is buried.
-- synthesized logic cell 
_LC6_C8  = LCELL( _EQ075);
  _EQ075 =  _LC3_C8 &  _LC5_B7 & !rmotor_speed_count4 & !rmotor_speed_count5;

-- Node name is ':1762' 
-- Equation name is '_LC6_C1', type is buried 
_LC6_C1  = LCELL( _EQ076);
  _EQ076 = !rmotor_speed_count0 &  rmotor_speed_count1
         #  _LC6_C8 & !_LC8_B2 &  rmotor_speed_count0 & !rmotor_speed_count1
         # !_LC6_C8 &  rmotor_speed_count1
         #  _LC8_B2 &  rmotor_speed_count1;

-- Node name is '~1955~1' 
-- Equation name is '~1955~1', location is LC2_C8, type is buried.
-- synthesized logic cell 
_LC2_C8  = LCELL( _EQ077);
  _EQ077 =  rmotor_speed_count2
         #  rmotor_speed_count3
         #  rmotor_speed_count5
         #  rmotor_speed_count4;

-- Node name is ':1963' 
-- Equation name is '_LC1_C8', type is buried 
_LC1_C8  = LCELL( _EQ078);
  _EQ078 =  _LC1_B7 &  _LC2_C8
         #  _LC1_B7 &  rmotor_speed_count1
         #  _LC1_B7 & !rmotor_speed_count0;

-- Node name is ':2049' 
-- Equation name is '_LC1_C1', type is buried 
_LC1_C1  = LCELL( _EQ079);
  _EQ079 =  _LC1_C8 &  rmotor_speed_count0 &  rmotor_speed_count1
         #  _LC1_C8 & !rmotor_speed_count0 & !rmotor_speed_count1
         #  _LC1_B2 &  rmotor_speed_count1;

-- Node name is ':2052' 
-- Equation name is '_LC3_C1', type is buried 
_LC3_C1  = LCELL( _EQ080);
  _EQ080 =  _LC1_C1 & !_LC2_B12
         #  _LC2_B12 &  rmotor_speed_count1;

-- Node name is ':2110' 
-- Equation name is '_LC7_C1', type is buried 
_LC7_C1  = LCELL( _EQ081);
  _EQ081 =  _LC3_C1 & !rmotor_dir
         #  _LC6_C1 &  rmotor_dir;

-- Node name is ':2165' 
-- Equation name is '_LC8_C1', type is buried 
_LC8_C1  = LCELL( _EQ082);
  _EQ082 = !_LC1_C6 &  _LC7_C1
         #  _LC1_C6 &  rmotor_speed_count1;

-- Node name is '~2213~1' 
-- Equation name is '~2213~1', location is LC5_A10, type is buried.
-- synthesized logic cell 
_LC5_A10 = LCELL( _EQ083);
  _EQ083 = !count_motor7 &  _LC4_B11
         # !count_motor7 &  _LC4_B2
         # !_LC4_B2 & !_LC4_B11 &  _LC8_A6
         #  count_motor7 &  _LC8_A6;

-- Node name is '~2213~2' 
-- Equation name is '~2213~2', location is LC6_A10, type is buried.
-- synthesized logic cell 
_LC6_A10 = LCELL( _EQ084);
  _EQ084 =  _LC2_A6 &  lmotor_dir
         #  _LC2_B12 &  lmotor_dir
         #  _LC5_A10 & !lmotor_dir;

-- Node name is '~2213~3' 
-- Equation name is '~2213~3', location is LC7_A10, type is buried.
-- synthesized logic cell 
_LC7_A10 = LCELL( _EQ085);
  _EQ085 =  _LC1_A3 &  _LC1_A10 &  _LC7_B12
         #  _LC1_A10 &  _LC5_B12
         # !_LC1_A3 &  _LC5_B12;

-- Node name is '~2215~1' 
-- Equation name is '~2215~1', location is LC7_B12, type is buried.
-- synthesized logic cell 
_LC7_B12 = LCELL( _EQ086);
  _EQ086 =  count_motor7 &  _LC3_B12 & !_LC5_B12
         #  _LC3_B12 & !_LC5_B12 & !_LC6_B1;

-- Node name is '~2222~1' 
-- Equation name is '~2222~1', location is LC1_C3, type is buried.
-- synthesized logic cell 
_LC1_C3  = LCELL( _EQ087);
  _EQ087 =  _LC6_C8
         #  _LC8_B2;

-- Node name is '~2222~2' 
-- Equation name is '~2222~2', location is LC4_B12, type is buried.
-- synthesized logic cell 
_LC4_B12 = LCELL( _EQ088);
  _EQ088 =  _LC1_C8 & !rmotor_dir
         #  _LC2_B12 & !rmotor_dir
         #  _LC1_C3 &  rmotor_dir;

-- Node name is '~2222~3' 
-- Equation name is '~2222~3', location is LC6_B12, type is buried.
-- synthesized logic cell 
_LC6_B12 = LCELL( _EQ089);
  _EQ089 =  _LC1_C6 &  _LC7_B12 &  _LC8_B12
         #  _LC5_B12 &  _LC8_B12
         # !_LC1_C6 &  _LC5_B12;

-- Node name is ':2228' 
-- Equation name is '_LC6_A6', type is buried 
_LC6_A6  = LCELL( _EQ090);
  _EQ090 = !_LC1_A3 &  _LC1_B12 &  _LC5_A6
         #  _LC1_A3 &  lmotor_speed_count5
         # !_LC1_B12 &  lmotor_speed_count5;

-- Node name is '~2240~1' 
-- Equation name is '~2240~1', location is LC1_A4, type is buried.
-- synthesized logic cell 
_LC1_A4  = LCELL( _EQ091);
  _EQ091 = !_LC1_A3 &  _LC1_B12;

-- Node name is '~2240~2' 
-- Equation name is '~2240~2', location is LC2_A3, type is buried.
-- synthesized logic cell 
_LC2_A3  = LCELL( _EQ092);
  _EQ092 =  _LC1_A8 &  _LC2_A6
         #  _LC1_B9;

-- Node name is '~2240~3' 
-- Equation name is '~2240~3', location is LC8_A12, type is buried.
-- synthesized logic cell 
!_LC8_A12 = _LC8_A12~NOT;
_LC8_A12~NOT = LCELL( _EQ093);
  _EQ093 = !_LC1_A12 &  _LC8_A9 &  lmotor_speed_count2 &  lmotor_speed_count3;

-- Node name is '~2240~4' 
-- Equation name is '~2240~4', location is LC3_A3, type is buried.
-- synthesized logic cell 
_LC3_A3  = LCELL( _EQ094);
  _EQ094 =  _LC2_A3 &  lmotor_dir
         #  _LC8_A12 & !lmotor_dir
         # !_LC1_A4;

-- Node name is '~2240~5' 
-- Equation name is '~2240~5', location is LC6_A3, type is buried.
-- synthesized logic cell 
_LC6_A3  = LCELL( _EQ095);
  _EQ095 = !_LC1_A8 & !_LC8_A10 &  lmotor_dir
         # !_LC8_A12 & !lmotor_dir;

-- Node name is '~2240~6' 
-- Equation name is '~2240~6', location is LC7_A3, type is buried.
-- synthesized logic cell 
_LC7_A3  = LCELL( _EQ096);
  _EQ096 =  _LC3_A3 &  lmotor_speed_count4
         #  _LC1_A4 &  _LC6_A3 & !lmotor_speed_count4;

-- Node name is '~2249~1' 
-- Equation name is '~2249~1', location is LC7_A8, type is buried.
-- synthesized logic cell 
_LC7_A8  = LCELL( _EQ097);
  _EQ097 =  _LC2_A6 &  lmotor_speed_count2
         #  _LC2_A6 &  _LC6_A9
         #  _LC1_B9;

-- Node name is '~2249~2' 
-- Equation name is '~2249~2', location is LC8_A8, type is buried.
-- synthesized logic cell 
_LC8_A8  = LCELL( _EQ098);
  _EQ098 =  _LC7_A8 &  lmotor_dir
         # !lmotor_dir & !lmotor_speed_count2
         #  _LC5_A12 & !lmotor_dir;

-- Node name is '~2249~3' 
-- Equation name is '~2249~3', location is LC4_A10, type is buried.
-- synthesized logic cell 
!_LC4_A10 = _LC4_A10~NOT;
_LC4_A10~NOT = LCELL( _EQ099);
  _EQ099 = !_LC5_A12 &  lmotor_speed_count2;

-- Node name is '~2249~4' 
-- Equation name is '~2249~4', location is LC3_A10, type is buried.
-- synthesized logic cell 
_LC3_A10 = LCELL( _EQ100);
  _EQ100 = !_LC2_A10 & !_LC8_A10 &  lmotor_dir
         # !_LC4_A10 & !lmotor_dir;

-- Node name is '~2249~5' 
-- Equation name is '~2249~5', location is LC8_A3, type is buried.
-- synthesized logic cell 
_LC8_A3  = LCELL( _EQ101);
  _EQ101 =  _LC8_A8 &  lmotor_speed_count3
         # !_LC1_A4 &  lmotor_speed_count3
         #  _LC1_A4 &  _LC3_A10 & !lmotor_speed_count3;

-- Node name is '~2260~1' 
-- Equation name is '~2260~1', location is LC5_A12, type is buried.
-- synthesized logic cell 
!_LC5_A12 = _LC5_A12~NOT;
_LC5_A12~NOT = LCELL( _EQ102);
  _EQ102 = !_LC1_A12 &  _LC8_A9;

-- Node name is '~2260~2' 
-- Equation name is '~2260~2', location is LC2_A8, type is buried.
-- synthesized logic cell 
_LC2_A8  = LCELL( _EQ103);
  _EQ103 = !_LC6_A9 & !_LC8_A10 &  lmotor_dir
         # !_LC5_A12 & !lmotor_dir;

-- Node name is '~2260~3' 
-- Equation name is '~2260~3', location is LC4_A8, type is buried.
-- synthesized logic cell 
_LC4_A8  = LCELL( _EQ104);
  _EQ104 =  _LC2_A6 &  _LC6_A9
         #  _LC1_B9;

-- Node name is '~2260~4' 
-- Equation name is '~2260~4', location is LC5_A8, type is buried.
-- synthesized logic cell 
_LC5_A8  = LCELL( _EQ105);
  _EQ105 =  _LC4_A8 &  lmotor_dir
         #  _LC5_A12 & !lmotor_dir;

-- Node name is '~2260~5' 
-- Equation name is '~2260~5', location is LC6_A8, type is buried.
-- synthesized logic cell 
_LC6_A8  = LCELL( _EQ106);
  _EQ106 =  _LC1_A4 &  _LC2_A8 & !lmotor_speed_count2
         #  _LC5_A8 &  lmotor_speed_count2
         # !_LC1_A4 &  lmotor_speed_count2;

-- Node name is '~2278~1' 
-- Equation name is '~2278~1', location is LC8_A10, type is buried.
-- synthesized logic cell 
!_LC8_A10 = _LC8_A10~NOT;
_LC8_A10~NOT = LCELL( _EQ107);
  _EQ107 =  _LC2_A6 & !_LC2_B12;

-- Node name is '~2278~2' 
-- Equation name is '~2278~2', location is LC1_A12, type is buried.
-- synthesized logic cell 
!_LC1_A12 = _LC1_A12~NOT;
_LC1_A12~NOT = LCELL( _EQ108);
  _EQ108 = !_LC2_B2 &  _LC8_A6;

-- Node name is '~2278~3' 
-- Equation name is '~2278~3', location is LC4_A12, type is buried.
-- synthesized logic cell 
_LC4_A12 = LCELL( _EQ109);
  _EQ109 =  _LC8_A10 &  lmotor_dir
         #  _LC1_A12 & !lmotor_dir
         # !_LC1_A4;

-- Node name is '~2278~4' 
-- Equation name is '~2278~4', location is LC7_A12, type is buried.
-- synthesized logic cell 
_LC7_A12 = LCELL( _EQ110);
  _EQ110 =  _LC1_A4 & !_LC1_B9 &  lmotor_dir
         #  _LC1_A4 & !_LC2_B2 & !lmotor_dir;

-- Node name is '~2285~1' 
-- Equation name is '~2285~1', location is LC4_C8, type is buried.
-- synthesized logic cell 
_LC4_C8  = LCELL( _EQ111);
  _EQ111 =  _LC1_C8 &  rmotor_speed_count3
         #  _LC1_C8 &  _LC5_C8
         #  _LC1_C8 &  rmotor_speed_count4;

-- Node name is '~2285~2' 
-- Equation name is '~2285~2', location is LC7_C8, type is buried.
-- synthesized logic cell 
_LC7_C8  = LCELL( _EQ112);
  _EQ112 =  _LC1_C10 & !rmotor_speed_count5
         #  _LC4_C8 &  rmotor_speed_count5
         #  _LC4_C3 &  rmotor_speed_count5;

-- Node name is '~2294~1' 
-- Equation name is '~2294~1', location is LC1_B9, type is buried.
-- synthesized logic cell 
_LC1_B9  = LCELL( _EQ113);
  _EQ113 =  _LC2_B12
         #  _LC1_B2;

-- Node name is '~2294~2' 
-- Equation name is '~2294~2', location is LC4_C3, type is buried.
-- synthesized logic cell 
_LC4_C3  = LCELL( _EQ114);
  _EQ114 =  rmotor_dir
         #  _LC2_C1
         #  _LC1_B9;

-- Node name is '~2294~3' 
-- Equation name is '~2294~3', location is LC8_C10, type is buried.
-- synthesized logic cell 
_LC8_C10 = LCELL( _EQ115);
  _EQ115 =  _LC4_C3 &  rmotor_speed_count4
         #  _LC1_C8 &  _LC4_C10 &  rmotor_speed_count4;

-- Node name is '~2303~1' 
-- Equation name is '~2303~1', location is LC2_C1, type is buried.
-- synthesized logic cell 
_LC2_C1  = LCELL( _EQ116);
  _EQ116 =  _LC1_C6
         # !_LC1_B12;

-- Node name is '~2303~2' 
-- Equation name is '~2303~2', location is LC7_C11, type is buried.
-- synthesized logic cell 
_LC7_C11 = LCELL( _EQ117);
  _EQ117 =  _LC1_C8 &  rmotor_speed_count2
         #  _LC1_C8 &  _LC4_C1
         #  _LC1_B9;

-- Node name is '~2303~3' 
-- Equation name is '~2303~3', location is LC2_C11, type is buried.
-- synthesized logic cell 
_LC2_C11 = LCELL( _EQ118);
  _EQ118 =  _LC7_C11 & !rmotor_dir
         #  rmotor_dir & !rmotor_speed_count2
         #  _LC2_C3 &  rmotor_dir;

-- Node name is '~2303~4' 
-- Equation name is '~2303~4', location is LC8_C11, type is buried.
-- synthesized logic cell 
!_LC8_C11 = _LC8_C11~NOT;
_LC8_C11~NOT = LCELL( _EQ119);
  _EQ119 = !_LC2_C3 &  rmotor_speed_count2;

-- Node name is '~2303~5' 
-- Equation name is '~2303~5', location is LC2_C10, type is buried.
-- synthesized logic cell 
_LC2_C10 = LCELL( _EQ120);
  _EQ120 = !_LC8_C11 &  rmotor_dir
         # !_LC5_C8 & !_LC7_C4 & !rmotor_dir;

-- Node name is '~2303~6' 
-- Equation name is '~2303~6', location is LC3_C10, type is buried.
-- synthesized logic cell 
_LC3_C10 = LCELL( _EQ121);
  _EQ121 =  _LC2_C11 &  rmotor_speed_count3
         #  _LC2_C1 &  rmotor_speed_count3
         # !_LC2_C1 &  _LC2_C10 & !rmotor_speed_count3;

-- Node name is '~2314~1' 
-- Equation name is '~2314~1', location is LC2_C3, type is buried.
-- synthesized logic cell 
!_LC2_C3 = _LC2_C3~NOT;
_LC2_C3~NOT = LCELL( _EQ122);
  _EQ122 = !_LC5_C3 &  rmotor_speed_count0 &  rmotor_speed_count1;

-- Node name is '~2314~2' 
-- Equation name is '~2314~2', location is LC1_C11, type is buried.
-- synthesized logic cell 
_LC1_C11 = LCELL( _EQ123);
  _EQ123 = !_LC4_C1 & !_LC7_C4 & !rmotor_dir
         # !_LC2_C3 &  rmotor_dir;

-- Node name is '~2314~3' 
-- Equation name is '~2314~3', location is LC4_C11, type is buried.
-- synthesized logic cell 
_LC4_C11 = LCELL( _EQ124);
  _EQ124 =  _LC1_C8 &  _LC4_C1
         #  _LC1_B9;

-- Node name is '~2314~4' 
-- Equation name is '~2314~4', location is LC5_C11, type is buried.
-- synthesized logic cell 
_LC5_C11 = LCELL( _EQ125);
  _EQ125 =  _LC2_C3 &  rmotor_dir
         #  _LC4_C11 & !rmotor_dir;

-- Node name is '~2314~5' 
-- Equation name is '~2314~5', location is LC6_C11, type is buried.
-- synthesized logic cell 
_LC6_C11 = LCELL( _EQ126);
  _EQ126 =  _LC1_C11 & !_LC2_C1 & !rmotor_speed_count2
         #  _LC5_C11 &  rmotor_speed_count2
         #  _LC2_C1 &  rmotor_speed_count2;

-- Node name is '~2332~1' 
-- Equation name is '~2332~1', location is LC7_C4, type is buried.
-- synthesized logic cell 
!_LC7_C4 = _LC7_C4~NOT;
_LC7_C4~NOT = LCELL( _EQ127);
  _EQ127 =  _LC1_C8 & !_LC2_B12;

-- Node name is '~2332~2' 
-- Equation name is '~2332~2', location is LC5_C3, type is buried.
-- synthesized logic cell 
!_LC5_C3 = _LC5_C3~NOT;
_LC5_C3~NOT = LCELL( _EQ128);
  _EQ128 =  _LC6_C8 & !_LC8_B2;

-- Node name is '~2332~3' 
-- Equation name is '~2332~3', location is LC6_C3, type is buried.
-- synthesized logic cell 
_LC6_C3  = LCELL( _EQ129);
  _EQ129 =  _LC7_C4 & !rmotor_dir
         #  _LC5_C3 &  rmotor_dir
         #  _LC2_C1;

-- Node name is '~2332~4' 
-- Equation name is '~2332~4', location is LC7_C3, type is buried.
-- synthesized logic cell 
_LC7_C3  = LCELL( _EQ130);
  _EQ130 = !_LC2_C1 & !_LC5_C3 &  rmotor_dir
         # !_LC1_B9 & !_LC2_C1 & !rmotor_dir;



Project Information                       c:\booksoft\chap12\servo_control.rpt

** COMPILATION SETTINGS & TIMES **

Processing Menu Commands
------------------------

Design Doctor                             = off

Logic Synthesis:

   Synthesis Type Used                    = Multi-Level

   Default Synthesis Style                = NORMAL

      Logic option settings in 'NORMAL' style for 'FLEX10K' family

      CARRY_CHAIN                         = ignore
      CARRY_CHAIN_LENGTH                  = 32
      CASCADE_CHAIN                       = ignore
      CASCADE_CHAIN_LENGTH                = 2
      DECOMPOSE_GATES                     = on
      DUPLICATE_LOGIC_EXTRACTION          = on
      MINIMIZATION                        = full
      MULTI_LEVEL_FACTORING               = on
      NOT_GATE_PUSH_BACK                  = on
      REDUCE_LOGIC                        = on
      REFACTORIZATION                     = on
      REGISTER_OPTIMIZATION               = on
      RESYNTHESIZE_NETWORK                = on
      SLOW_SLEW_RATE                      = off
      SUBFACTOR_EXTRACTION                = on
      IGNORE_SOFT_BUFFERS                 = on
      USE_LPM_FOR_AHDL_OPERATORS          = off

   Other logic synthesis settings:

      Automatic Global Clock              = on
      Automatic Global Clear              = on
      Automatic Global Preset             = on
      Automatic Global Output Enable      = on
      Automatic Fast I/O                  = off
      Automatic Register Packing          = off
      Automatic Open-Drain Pins           = on
      Automatic Implement in EAB          = off
      Optimize                            = 5

Default Timing Specifications: None

Cut All Bidir Feedback Timing Paths       = on
Cut All Clear & Preset Timing Paths       = on

Ignore Timing Assignments                 = off

Functional SNF Extractor                  = off

Linked SNF Extractor                      = off
Timing SNF Extractor                      = on
Optimize Timing SNF                       = off
Generate AHDL TDO File                    = off
Fitter Settings                           = NORMAL
Use Quartus Fitter                        = on
Smart Recompile                           = off
Total Recompile                           = off

Interfaces Menu Commands
------------------------

EDIF Netlist Writer                       = off
Verilog Netlist Writer                    = off
VHDL Netlist Writer                       = off

Compilation Times
-----------------

   Compiler Netlist Extractor             00:00:00
   Database Builder                       00:00:00
   Logic Synthesizer                      00:00:01
   Partitioner                            00:00:00
   Fitter                                 00:00:03
   Timing SNF Extractor                   00:00:00
   Assembler                              00:00:00
   --------------------------             --------
   Total Time                             00:00:04


Memory Allocated
-----------------

Peak memory allocated during compilation  = 18,329K
