Project Information                      e:\vhdldesigns\ee231\18fsm\simple.rpt

MAX+plus II Compiler Report File
Version 10.1 06/12/2001
Compiled: 03/27/2002 20:27:52

Copyright (C) 1988-2001 Altera Corporation
Any megafunction design, and related net list (encrypted or decrypted),
support information, device programming or simulation file, and any other
associated documentation or information provided by Altera or a partner
under Altera's Megafunction Partnership Program may be used only to
program PLD devices (but not masked PLD devices) from Altera.  Any other
use of such megafunction design, net list, support information, device
programming or simulation file, or any other related documentation or
information is prohibited for any other purpose, including, but not
limited to modification, reverse engineering, de-compiling, or use with
any other silicon devices, unless such use is explicitly licensed under
a separate agreement with Altera or a megafunction partner.  Title to
the intellectual property, including patents, copyrights, trademarks,
trade secrets, or maskworks, embodied in any such megafunction design,
net list, support information, device programming or simulation file, or
any other related documentation or information provided by Altera or a
megafunction partner, remains with Altera, the megafunction partner, or
their respective licensors.  No other licenses, including any licenses
needed under any third party's intellectual property, are provided herein.



***** Project compilation was successful


SIMPLE


** DEVICE SUMMARY **

Chip/                     Input   Output   Bidir 			    LCs
POF       Device          Pins    Pins     Pins      LCs    % Utilized

simple    EP610ILC-10      3        1        0       3           18 %

User Pins:                 3        1        0  



Project Information                      e:\vhdldesigns\ee231\18fsm\simple.rpt

** AUTO GLOBAL SIGNALS **



INFO: Signal 'Clock' chosen for auto global Clock


Project Information                      e:\vhdldesigns\ee231\18fsm\simple.rpt

** STATE MACHINE ASSIGNMENTS **


y: MACHINE
        OF BITS (
           y~2,
           y~1
        )
        WITH STATES (
                               B = B"01", 
                               A = B"00", 
                               C = B"10"
);



Device-Specific Information:             e:\vhdldesigns\ee231\18fsm\simple.rpt
simple

***** Logic for device 'simple' compiled without errors.




Device: EP610ILC-10

Device Options:
    Turbo Bit                                    = ON
    Security Bit                                 = OFF

              R                 R  
              E                 E  
              S              R  S  
              E     C        e  E  
              R     l        s  R  
              V  G  o  V  V  e  V  
              E  N  c  C  C  t  E  
              D  D  k  C  C  n  D  
            -----------------------_ 
          /   4  3  2  1 28 27 26   | 
         |                          |
RESERVED |  5                    25 | RESERVED 
         |                          |
RESERVED |  6                    24 | RESERVED 
         |                          |
RESERVED |  7                    23 | RESERVED 
         |                          |
RESERVED |  8    EP610ILC-10     22 | RESERVED 
         |                          |
RESERVED |  9                    21 | RESERVED 
         |                          |
RESERVED | 10                    20 | RESERVED 
         |                          |
    N.C. | 11                    19 | N.C. 
         |_  12 13 14 15 16 17 18  _| 
           ------------------------ 
              z  G  G  G  G  w  R  
                 N  N  N  N     E  
                 D  D  D  D     S  
                                E  
                                R  
                                V  
                                E  
                                D  


N.C. = No Connect. This pin has no internal connection to the device.
VCC = Dedicated power pin, which MUST be connected to VCC.
GND = Dedicated ground pin or unused dedicated input, which MUST be connected to GND.
RESERVED = Unused I/O pin, which MUST be left unconnected.



Device-Specific Information:             e:\vhdldesigns\ee231\18fsm\simple.rpt
simple

** RESOURCE USAGE **

Logic Array Block     Logic Cells   I/O Pins       

A:      LC1 - LC8     0/ 8(  0%)   0/ 8(  0%) 
B:     LC9 - LC16     3/ 8( 37%)   1/ 8( 12%) 


Total dedicated input pins used:                 2/4      ( 50%)
Total I/O pins used:                             1/16     (  6%)
Total logic cells used:                          3/16     ( 18%)
Average fan-in:                                  4.00
Total fan-in:                                    12

Total input pins required:                       3
Total output pins required:                      1
Total bidirectional pins required:               0
Total logic cells required:                      3
Total flipflops required:                        2

Synthesized logic cells:                         0/  16   (  0%)



Device-Specific Information:             e:\vhdldesigns\ee231\18fsm\simple.rpt
simple

** INPUTS **

                                        Fan-In    Fan-Out
 Pin     LC  LAB  Primitive    Code   INP  FBK  OUT  FBK  Name
  27      -   -       INPUT              0    0    0    2  Resetn
  17      -   -       INPUT              0    0    0    2  w


Code:

s = Synthesized pin or logic cell
+ = Synchronous flipflop
! = NOT gate push-back
r = Fitter-inserted logic cell


Device-Specific Information:             e:\vhdldesigns\ee231\18fsm\simple.rpt
simple

** OUTPUTS **

                                        Fan-In    Fan-Out
 Pin     LC  LAB  Primitive    Code   INP  FBK  OUT  FBK  Name
  12     16    B     OUTPUT              0    2    0    0  z


Code:

s = Synthesized pin or logic cell
+ = Synchronous flipflop
! = NOT gate push-back
r = Fitter-inserted logic cell


Device-Specific Information:             e:\vhdldesigns\ee231\18fsm\simple.rpt
simple

** BURIED LOGIC **

                                        Fan-In    Fan-Out
 Pin     LC  LAB  Primitive    Code   INP  FBK  OUT  FBK  Name
  (4)     9    B        DFF   +          2    1    1    1  y~1
  (5)    10    B        DFF   +          2    1    1    1  y~2


Code:

s = Synthesized pin or logic cell
+ = Synchronous flipflop
! = NOT gate push-back
r = Fitter-inserted logic cell


Device-Specific Information:             e:\vhdldesigns\ee231\18fsm\simple.rpt
simple

** LOGIC CELL INTERCONNECTIONS **

               Logic cells placed in LAB 'B'
        +----- LC9 y~1
        | +--- LC10 y~2
        | | +- LC16 z
        | | | 
        | | |   Other LABs fed by signals
        | | |   that feed LAB 'B'
LC      | | | 
LC9  -> @ @ @ | <-- y~1
LC10 -> @ @ @ | <-- y~2
LC16 -> - - - | <-- z

Pin
27   -> @ @ - | <-- Resetn
17   -> @ @ - | <-- w


* = The logic cell or pin is an input to the logic cell (or LAB) through the PIA.
@ = The input pin or logic cell feeds the logic cell (or LAB) using direct interconnect.
- = The logic cell or pin is not an input to the logic cell (or LAB).


Device-Specific Information:             e:\vhdldesigns\ee231\18fsm\simple.rpt
simple

** EQUATIONS **

Clock    : INPUT;
Resetn   : INPUT;
w        : INPUT;

-- Node name is 'y~1' 
-- Equation name is 'y~1', location is LC009, type is buried.
y~1      = DFF( _EQ001, GLOBAL( Clock),  Resetn,  VCC);
  _EQ001 =  Resetn &  w & !y~1 & !y~2;

-- Node name is 'y~2' 
-- Equation name is 'y~2', location is LC010, type is buried.
y~2      = DFF( _EQ002, GLOBAL( Clock),  Resetn,  VCC);
  _EQ002 =  Resetn &  w & !y~1 &  y~2
         #  Resetn &  w &  y~1 & !y~2;

-- Node name is 'z' 
-- Equation name is 'z', location is LC016, type is output.
 z       = LCELL( _EQ003);
  _EQ003 = !y~1 &  y~2;



Project Information                      e:\vhdldesigns\ee231\18fsm\simple.rpt

** COMPILATION SETTINGS & TIMES **

Processing Menu Commands
------------------------

Design Doctor                             = off

Logic Synthesis:

   Synthesis Type Used                    = Standard

   Default Synthesis Style                = NORMAL

      Logic option settings in 'NORMAL' style for 'CLASSIC' family

      MINIMIZATION                        = full
      SOFT_BUFFER_INSERTION               = on
      TURBO_BIT                           = on
      USE_LPM_FOR_AHDL_OPERATORS          = off

   Other logic synthesis settings:

      Automatic Global Clock              = on
      Automatic Global Clear              = on
      Automatic Global Preset             = on
      Automatic Global Output Enable      = on
      Automatic Fast I/O                  = off
      Automatic Register Packing          = off
      Automatic Open-Drain Pins           = on
      Automatic Implement in EAB          = off
      One-Hot State Machine Encoding      = off
      Optimize                            = 5

Default Timing Specifications: None

Cut All Bidir Feedback Timing Paths       = on
Cut All Clear & Preset Timing Paths       = on

Ignore Timing Assignments                 = on

Functional SNF Extractor                  = off

Linked SNF Extractor                      = off
Timing SNF Extractor                      = on
Optimize Timing SNF                       = off
Generate AHDL TDO File                    = off
Fitter Settings                           = NORMAL
Smart Recompile                           = off
Total Recompile                           = off

Interfaces Menu Commands
------------------------

EDIF Netlist Writer                       = off
Verilog Netlist Writer                    = off
VHDL Netlist Writer                       = off

Compilation Times
-----------------

   Compiler Netlist Extractor             00:00:00
   Database Builder                       00:00:00
   Logic Synthesizer                      00:00:00
   Partitioner                            00:00:00
   Fitter                                 00:00:01
   Timing SNF Extractor                   00:00:00
   Assembler                              00:00:00
   --------------------------             --------
   Total Time                             00:00:01


Memory Allocated
-----------------

Peak memory allocated during compilation  = 4,336K
