Project Information           e:\vhdldesigns\research\errmajbp01\dneuron01.rpt

MAX+plus II Compiler Report File
Version 10.1 06/12/2001
Compiled: 01/25/2002 17:20:12

Copyright (C) 1988-2001 Altera Corporation
Any megafunction design, and related net list (encrypted or decrypted),
support information, device programming or simulation file, and any other
associated documentation or information provided by Altera or a partner
under Altera's Megafunction Partnership Program may be used only to
program PLD devices (but not masked PLD devices) from Altera.  Any other
use of such megafunction design, net list, support information, device
programming or simulation file, or any other related documentation or
information is prohibited for any other purpose, including, but not
limited to modification, reverse engineering, de-compiling, or use with
any other silicon devices, unless such use is explicitly licensed under
a separate agreement with Altera or a megafunction partner.  Title to
the intellectual property, including patents, copyrights, trademarks,
trade secrets, or maskworks, embodied in any such megafunction design,
net list, support information, device programming or simulation file, or
any other related documentation or information provided by Altera or a
megafunction partner, remains with Altera, the megafunction partner, or
their respective licensors.  No other licenses, including any licenses
needed under any third party's intellectual property, are provided herein.



***** Project compilation was successful




** DEVICE SUMMARY **

Chip/                     Input   Output   Bidir         Shareable
POF       Device          Pins    Pins     Pins     LCs  Expanders  % Utilized

dneuron01
      EPM7128SLC84-6       7        6        0      60      59          46 %

User Pins:                 7        6        0  



Project Information           e:\vhdldesigns\research\errmajbp01\dneuron01.rpt

** AUTO GLOBAL SIGNALS **



INFO: Signal 'clk' chosen for auto global Clock


Project Information           e:\vhdldesigns\research\errmajbp01\dneuron01.rpt

** FILE HIERARCHY **



|syn_mux:1|
|syn_mux:21|
|syn_mux:19|
|syn_mux:17|
|syn_mux:20|
|lfsr8:2|
|maj5:13|


Device-Specific Information:  e:\vhdldesigns\research\errmajbp01\dneuron01.rpt
dneuron01

***** Logic for device 'dneuron01' compiled without errors.




Device: EPM7128SLC84-6

Device Options:
    Turbo Bit                                    = ON
    Security Bit                                 = OFF
    Enable JTAG Support                        = ON
    User Code                                  = ffff
    MultiVolt I/O                              = OFF

                                R  R                    R  R  R     R  R  R  
                                E  E                    E  E  E     E  E  E  
                                S  S  V                 S  S  S     S  S  S  
                                E  E  C                 E  E  E  V  E  E  E  
                                R  R  C                 R  R  R  C  R  R  R  
                    e     G     V  V  I  G  G  G  c  G  V  V  V  C  V  V  V  
              x  x  r  x  N  x  E  E  N  N  N  N  l  N  E  E  E  I  E  E  E  
              5  4  r  3  D  1  D  D  T  D  D  D  k  D  D  D  D  O  D  D  D  
            -----------------------------------------------------------------_ 
          /  11 10  9  8  7  6  5  4  3  2  1 84 83 82 81 80 79 78 77 76 75   | 
      x2 | 12                                                              74 | RESERVED 
   VCCIO | 13                                                              73 | y 
    #TDI | 14                                                              72 | GND 
RESERVED | 15                                                              71 | #TDO 
RESERVED | 16                                                              70 | RESERVED 
RESERVED | 17                                                              69 | RESERVED 
RESERVED | 18                                                              68 | RESERVED 
     GND | 19                                                              67 | RESERVED 
RESERVED | 20                                                              66 | VCCIO 
RESERVED | 21                                                              65 | RESERVED 
RESERVED | 22                        EPM7128SLC84-6                        64 | RESERVED 
    #TMS | 23                                                              63 | e1 
RESERVED | 24                                                              62 | #TCK 
RESERVED | 25                                                              61 | RESERVED 
   VCCIO | 26                                                              60 | RESERVED 
RESERVED | 27                                                              59 | GND 
RESERVED | 28                                                              58 | RESERVED 
RESERVED | 29                                                              57 | RESERVED 
RESERVED | 30                                                              56 | RESERVED 
RESERVED | 31                                                              55 | e2 
     GND | 32                                                              54 | e5 
         |_  33 34 35 36 37 38 39 40 41 42 43 44 45 46 47 48 49 50 51 52 53  _| 
           ------------------------------------------------------------------ 
              R  R  R  R  R  V  R  e  e  G  V  R  R  R  G  R  R  R  R  R  V  
              E  E  E  E  E  C  E  3  4  N  C  E  E  E  N  E  E  E  E  E  C  
              S  S  S  S  S  C  S        D  C  S  S  S  D  S  S  S  S  S  C  
              E  E  E  E  E  I  E           I  E  E  E     E  E  E  E  E  I  
              R  R  R  R  R  O  R           N  R  R  R     R  R  R  R  R  O  
              V  V  V  V  V     V           T  V  V  V     V  V  V  V  V     
              E  E  E  E  E     E              E  E  E     E  E  E  E  E     
              D  D  D  D  D     D              D  D  D     D  D  D  D  D     


N.C. = No Connect. This pin has no internal connection to the device.
VCCINT = Dedicated power pin, which MUST be connected to VCC (5.0 volts).
VCCIO = Dedicated power pin, which MUST be connected to VCC (5.0 volts).
GND = Dedicated ground pin or unused dedicated input, which MUST be connected to GND.
RESERVED = Unused I/O pin, which MUST be left unconnected.

^ = Dedicated configuration pin.
+ = Reserved configuration pin, which is tri-stated during user mode.
* = Reserved configuration pin, which drives out in user mode.
PDn = Power Down pin. 
@ = Special-purpose pin. 
# = JTAG Boundary-Scan Testing/In-System Programming or Configuration Pin. The JTAG inputs TMS and TDI should be tied to VCC and TCK should be tied to GND when not in use.
& = JTAG pin used for I/O. When used as user I/O, JTAG pins must be kept stable before and during configuration.  JTAG pin stability prevents accidental loading of JTAG instructions.


Device-Specific Information:  e:\vhdldesigns\research\errmajbp01\dneuron01.rpt
dneuron01

** RESOURCE USAGE **

                                                Shareable     External
Logic Array Block     Logic Cells   I/O Pins    Expanders   Interconnect

A:     LC1 - LC16     0/16(  0%)   6/ 8( 75%)   0/16(  0%)   0/36(  0%) 
B:    LC17 - LC32     0/16(  0%)   1/ 8( 12%)   0/16(  0%)   0/36(  0%) 
C:    LC33 - LC48    15/16( 93%)   1/ 8( 12%)  16/16(100%)  22/36( 61%) 
D:    LC49 - LC64    10/16( 62%)   2/ 8( 25%)  16/16(100%)  25/36( 69%) 
E:    LC65 - LC80     4/16( 25%)   0/ 8(  0%)  16/16(100%)  15/36( 41%) 
F:    LC81 - LC96     6/16( 37%)   3/ 8( 37%)  16/16(100%)  24/36( 66%) 
G:   LC97 - LC112    11/16( 68%)   2/ 8( 25%)  16/16(100%)  27/36( 75%) 
H:  LC113 - LC128    14/16( 87%)   1/ 8( 12%)   8/16( 50%)  30/36( 83%) 


Total dedicated input pins used:                 1/4      ( 25%)
Total I/O pins used:                            16/64     ( 25%)
Total logic cells used:                         60/128    ( 46%)
Total shareable expanders used:                 59/128    ( 46%)
Total Turbo logic cells used:                   60/128    ( 46%)
Total shareable expanders not available (n/a):  29/128    ( 22%)
Average fan-in:                                  10.45
Total fan-in:                                   627

Total input pins required:                       7
Total fast input logic cells required:           0
Total output pins required:                      6
Total bidirectional pins required:               0
Total reserved pins required                     4
Total logic cells required:                     60
Total flipflops required:                       23
Total product terms required:                  263
Total logic cells lending parallel expanders:    0
Total shareable expanders in database:          30

Synthesized logic cells:                        36/ 128   ( 28%)



Device-Specific Information:  e:\vhdldesigns\research\errmajbp01\dneuron01.rpt
dneuron01

** INPUTS **

                                         Shareable
                                         Expanders     Fan-In    Fan-Out
 Pin     LC  LAB  Primitive    Code   Total Shared n/a INP  FBK  OUT  FBK  Name
  83      -   -       INPUT  G            0      0   0    0    0    0    0  clk
   9    (8)  (A)      INPUT               0      0   0    0    0    2   25  err
   6   (13)  (A)      INPUT               0      0   0    0    0    0   12  x1
  12    (3)  (A)      INPUT               0      0   0    0    0    0   23  x2
   8   (11)  (A)      INPUT               0      0   0    0    0    1   18  x3
  10    (6)  (A)      INPUT               0      0   0    0    0    1   17  x4
  11    (5)  (A)      INPUT               0      0   0    0    0    0   22  x5


Code:

s = Synthesized pin or logic cell
t = Turbo logic cell
+ = Synchronous flipflop
/ = Slow slew-rate output
! = NOT gate push-back
r = Fitter-inserted logic cell
G = Global Source. Fan-out destinations counted here do not include destinations
that are driven using global routing resources. Refer to the Auto Global Signals,
Clock Signals, Clear Signals, Synchronous Load Signals, and Synchronous Clear Signals
Sections of this Report File for information on which signals' fan-outs are used as
Clock, Clear, Preset, Output Enable, and synchronous Load signals.


Device-Specific Information:  e:\vhdldesigns\research\errmajbp01\dneuron01.rpt
dneuron01

** OUTPUTS **

                                         Shareable
                                         Expanders     Fan-In    Fan-Out
 Pin     LC  LAB  Primitive    Code   Total Shared n/a INP  FBK  OUT  FBK  Name
  63     97    G         FF   +  t        0      0   0    0    3    0    3  e1
  55     85    F         FF   +  t        0      0   0    0    3    0    3  e2
  40     51    D         FF   +  t        1      0   0    2    8    1    0  e3
  41     49    D         FF   +  t        1      0   0    2    8    1    0  e4
  54     83    F         FF   +  t        0      0   0    0    3    0    3  e5
  73    115    H     OUTPUT      t        0      0   0    0   16    0    0  y


Code:

s = Synthesized pin or logic cell
t = Turbo logic cell
+ = Synchronous flipflop
/ = Slow slew-rate output
! = NOT gate push-back
r = Fitter-inserted logic cell


Device-Specific Information:  e:\vhdldesigns\research\errmajbp01\dneuron01.rpt
dneuron01

** BURIED LOGIC **

                                         Shareable
                                         Expanders     Fan-In    Fan-Out
 Pin     LC  LAB  Primitive    Code   Total Shared n/a INP  FBK  OUT  FBK  Name
 (81)   128    H       DFFE   +  t        0      0   0    0    1    0    9  |LFSR8:2|s7 (|LFSR8:2|:10)
   -    119    H       DFFE   +  t        0      0   0    0    1    0   16  |LFSR8:2|s6 (|LFSR8:2|:11)
 (75)   118    H       DFFE   +  t        0      0   0    0    1    1   25  |LFSR8:2|s5 (|LFSR8:2|:12)
   -    122    H       DFFE   +  t        0      0   0    0    1    2   26  |LFSR8:2|s4 (|LFSR8:2|:13)
 (77)   123    H       DFFE   +  t        0      0   0    0    1    2   20  |LFSR8:2|s3 (|LFSR8:2|:14)
 (65)   101    G       DFFE   +  t        0      0   0    0    1    2   20  |LFSR8:2|s2 (|LFSR8:2|:15)
   -     55    D       DFFE   +  t        0      0   0    0    1    1   23  |LFSR8:2|s1 (|LFSR8:2|:16)
 (31)    35    C       DFFE   +  t        0      0   0    0    2    0   16  |LFSR8:2|s0 (|LFSR8:2|:17)
 (24)    46    C       SOFT    s t        1      0   1    0    8    0    1  |LFSR8:2|~329~1
 (61)    94    F       SOFT    s t       10      8   1    5   11    1    1  |MAJ5:13|~71~1
   -     92    F       SOFT    s t       10      9   1    5   11    1    1  |MAJ5:13|~82~1
 (71)   112    G       SOFT    s t        8      7   1    5   12    1    1  |MAJ5:13|~93~1
   -    111    G       SOFT    s t        8      7   1    5   12    1    1  |MAJ5:13|~104~1
   -    110    G       SOFT    s t        8      7   1    5   12    1    1  |MAJ5:13|~115~1
 (39)    53    D       SOFT    s t        9      8   1    4    9    1    1  |MAJ5:13|~126~1
 (44)    65    E       SOFT    s t        7      6   1    4   10    1    1  |MAJ5:13|~137~1
   -     74    E       SOFT    s t        7      6   1    4   10    1    1  |MAJ5:13|~148~1
 (60)    93    F       SOFT    s t        7      6   1    4   10    1    1  |MAJ5:13|~159~1
   -     70    E       SOFT    s t        7      6   1    4   10    1    1  |MAJ5:13|~170~1
 (36)    57    D       SOFT    s t        7      6   1    4   10    1    1  |MAJ5:13|~181~1
 (37)    56    D       SOFT    s t        7      6   1    4   10    1    1  |MAJ5:13|~192~1
   -    102    G       SOFT    s t        5      4   1    4   11    1    1  |MAJ5:13|~203~1
   -    106    G       SOFT    s t        5      4   1    4   11    1    1  |MAJ5:13|~214~1
   -     66    E       SOFT    s t        5      4   1    4   11    1    1  |MAJ5:13|~225~1
 (56)    86    F       SOFT    s t        5      4   1    4   11    1    1  |MAJ5:13|~236~1
 (68)   105    G       SOFT    s t        0      0   0    1    2    0   11  |MAJ5:13|~236~2
   -     54    D       SOFT    s t        0      0   0    1    2    0   11  |MAJ5:13|~236~3
 (69)   107    G       SOFT    s t        0      0   0    1    2    0   11  |MAJ5:13|~236~4
   -    121    H       SOFT    s t        0      0   0    0   16    2   25  |MAJ5:13|~241~1
   -     36    C       TFFE   +  t        1      0   0    1    9    0   13  |SYN_MUX:1|setup1 (|SYN_MUX:1|:15)
   -     34    C       TFFE   +  t        3      0   0    2   10    0   13  |SYN_MUX:1|setup0 (|SYN_MUX:1|:16)
   -     41    C       SOFT    s t        1      0   1    2    9    0    1  |SYN_MUX:1|~592~1
   -     42    C       SOFT    s t        1      0   1    2    9    0    1  |SYN_MUX:1|~598~1
 (27)    43    C       SOFT    s t        1      0   1    2   10    1    0  |SYN_MUX:1|~604~1
 (23)    48    C       SOFT    s t        1      0   1    2   10    1    0  |SYN_MUX:1|~604~2
   -     44    C       SOFT    s t        0      0   0    2   10    1    0  |SYN_MUX:1|~604~3
   -    113    H       TFFE   +  t        1      0   0    1    9    0   24  |SYN_MUX:17|setup1 (|SYN_MUX:17|:15)
   -    114    H       TFFE   +  t        3      0   0    2   10    0   24  |SYN_MUX:17|setup0 (|SYN_MUX:17|:16)
 (74)   117    H       SOFT    s t        1      0   1    2    9    0    1  |SYN_MUX:17|~592~1
   -    127    H       SOFT    s t        1      0   1    2    9    0    1  |SYN_MUX:17|~598~1
 (80)   126    H       SOFT    s t        1      0   1    2   10    1    0  |SYN_MUX:17|~604~1
 (79)   125    H       SOFT    s t        1      0   1    2   10    1    0  |SYN_MUX:17|~604~2
   -    124    H       SOFT    s t        0      0   0    2   10    1    0  |SYN_MUX:17|~604~3
   -    108    G       TFFE   +  t        0      0   0    1    7    1   18  |SYN_MUX:19|setup1 (|SYN_MUX:19|:15)
 (70)   109    G       TFFE   +  t        0      0   0    2    7    1   18  |SYN_MUX:19|setup0 (|SYN_MUX:19|:16)
 (34)    61    D       TFFE   +  t        0      0   0    1    7    1   19  |SYN_MUX:20|setup1 (|SYN_MUX:20|:15)
   -     50    D       TFFE   +  t        0      0   0    2    7    1   19  |SYN_MUX:20|setup0 (|SYN_MUX:20|:16)
   -     52    D       TFFE   +  t        1      0   0    1    9    0   23  |SYN_MUX:21|setup1 (|SYN_MUX:21|:15)
   -     33    C       TFFE   +  t        3      0   0    2   10    0   23  |SYN_MUX:21|setup0 (|SYN_MUX:21|:16)
   -     47    C       SOFT    s t        1      0   1    2    9    0    1  |SYN_MUX:21|~592~1
 (30)    37    C       SOFT    s t        1      0   1    2    9    0    1  |SYN_MUX:21|~598~1
 (29)    38    C       SOFT    s t        1      0   1    2   10    1    0  |SYN_MUX:21|~604~1
   -     39    C       SOFT    s t        1      0   1    2   10    1    0  |SYN_MUX:21|~604~2
 (28)    40    C       SOFT    s t        0      0   0    2   10    1    0  |SYN_MUX:21|~604~3


Code:

s = Synthesized pin or logic cell
t = Turbo logic cell
+ = Synchronous flipflop
/ = Slow slew-rate output
! = NOT gate push-back
r = Fitter-inserted logic cell


Device-Specific Information:  e:\vhdldesigns\research\errmajbp01\dneuron01.rpt
dneuron01

** LOGIC CELL INTERCONNECTIONS **

Logic Array Block 'C':

                                       Logic cells placed in LAB 'C'
        +----------------------------- LC35 |LFSR8:2|s0
        | +--------------------------- LC46 |LFSR8:2|~329~1
        | | +------------------------- LC36 |SYN_MUX:1|setup1
        | | | +----------------------- LC34 |SYN_MUX:1|setup0
        | | | | +--------------------- LC41 |SYN_MUX:1|~592~1
        | | | | | +------------------- LC42 |SYN_MUX:1|~598~1
        | | | | | | +----------------- LC43 |SYN_MUX:1|~604~1
        | | | | | | | +--------------- LC48 |SYN_MUX:1|~604~2
        | | | | | | | | +------------- LC44 |SYN_MUX:1|~604~3
        | | | | | | | | | +----------- LC33 |SYN_MUX:21|setup0
        | | | | | | | | | | +--------- LC47 |SYN_MUX:21|~592~1
        | | | | | | | | | | | +------- LC37 |SYN_MUX:21|~598~1
        | | | | | | | | | | | | +----- LC38 |SYN_MUX:21|~604~1
        | | | | | | | | | | | | | +--- LC39 |SYN_MUX:21|~604~2
        | | | | | | | | | | | | | | +- LC40 |SYN_MUX:21|~604~3
        | | | | | | | | | | | | | | | 
        | | | | | | | | | | | | | | |   Other LABs fed by signals
        | | | | | | | | | | | | | | |   that feed LAB 'C'
LC      | | | | | | | | | | | | | | | | A B C D E F G H |     Logic cells that feed LAB 'C':
LC35 -> - * * * * * * * * * * * * * * | - - * * - - - - | <-- |LFSR8:2|s0
LC46 -> * - - - - - - - - - - - - - - | - - * - - - - - | <-- |LFSR8:2|~329~1
LC36 -> - - * * * * * * * - - - - - - | - - * - - * * - | <-- |SYN_MUX:1|setup1
LC34 -> - - * * * * * * * - - - - - - | - - * - - * * - | <-- |SYN_MUX:1|setup0
LC41 -> - - * - - - - - - - - - - - - | - - * - - - - - | <-- |SYN_MUX:1|~592~1
LC42 -> - - - * - - - - - - - - - - - | - - * - - - - - | <-- |SYN_MUX:1|~598~1
LC33 -> - - - - - - - - - * * * * * * | - - * * * * * - | <-- |SYN_MUX:21|setup0
LC37 -> - - - - - - - - - * - - - - - | - - * - - - - - | <-- |SYN_MUX:21|~598~1

Pin
83   -> - - - - - - - - - - - - - - - | - - - - - - - - | <-- clk
9    -> - - * * * * * * * * * * * * * | - - * * - - * * | <-- err
6    -> - - - * * * * * * - - - - - - | - - * - - * * - | <-- x1
11   -> - - - - - - - - - * * * * * * | - - * * * * * - | <-- x5
LC97 -> - - - - - - * * * - - - - - - | - - * - - - - - | <-- e1
LC83 -> - - - - - - - - - - - - * * * | - - * - - - - - | <-- e5
LC128-> * * * * * * * * * - - - - - - | - - * - - - - - | <-- |LFSR8:2|s7
LC119-> - * * * * * * * * - - - - - - | - - * - - - - * | <-- |LFSR8:2|s6
LC118-> - * * * * * * * * * * * * * * | - - * * - - - * | <-- |LFSR8:2|s5
LC122-> - * * * * * * * * * * * * * * | - - * * - - * * | <-- |LFSR8:2|s4
LC123-> - * - - - - - - - * * * * * * | - - * * - - * * | <-- |LFSR8:2|s3
LC101-> - * - - - - - - - * * * * * * | - - * * - - * * | <-- |LFSR8:2|s2
LC55 -> - * - * * * * * * * * * * * * | - - * * - - * * | <-- |LFSR8:2|s1
LC121-> - - * * * * * * * * * * * * * | - - * * - - * * | <-- |MAJ5:13|~241~1
LC52 -> - - - - - - - - - * * * * * * | - - * * * * * - | <-- |SYN_MUX:21|setup1


* = The logic cell or pin is an input to the logic cell (or LAB) through the PIA.
- = The logic cell or pin is not an input to the logic cell (or LAB).


Device-Specific Information:  e:\vhdldesigns\research\errmajbp01\dneuron01.rpt
dneuron01

** LOGIC CELL INTERCONNECTIONS **

Logic Array Block 'D':

                             Logic cells placed in LAB 'D'
        +------------------- LC51 e3
        | +----------------- LC49 e4
        | | +--------------- LC55 |LFSR8:2|s1
        | | | +------------- LC53 |MAJ5:13|~126~1
        | | | | +----------- LC57 |MAJ5:13|~181~1
        | | | | | +--------- LC56 |MAJ5:13|~192~1
        | | | | | | +------- LC54 |MAJ5:13|~236~3
        | | | | | | | +----- LC61 |SYN_MUX:20|setup1
        | | | | | | | | +--- LC50 |SYN_MUX:20|setup0
        | | | | | | | | | +- LC52 |SYN_MUX:21|setup1
        | | | | | | | | | | 
        | | | | | | | | | |   Other LABs fed by signals
        | | | | | | | | | |   that feed LAB 'D'
LC      | | | | | | | | | | | A B C D E F G H |     Logic cells that feed LAB 'D':
LC51 -> * - - - - - - - - - | - - - * - - - - | <-- e3
LC49 -> - * - - - - - - - - | - - - * - - - - | <-- e4
LC55 -> - * - - - - - - - * | - - * * - - * * | <-- |LFSR8:2|s1
LC61 -> * - - * * * * * * - | - - - * * * * - | <-- |SYN_MUX:20|setup1
LC50 -> * - - * * * * * * - | - - - * * * * - | <-- |SYN_MUX:20|setup0
LC52 -> - - - * * * - - - * | - - * * * * * - | <-- |SYN_MUX:21|setup1

Pin
83   -> - - - - - - - - - - | - - - - - - - - | <-- clk
9    -> * * - - - - - * * * | - - * * - - * * | <-- err
12   -> - - - * * * - - - - | - - - * * * * * | <-- x2
8    -> * - - * * * * - * - | - - - * * * * - | <-- x3
10   -> - * - * * * - - - - | - - - * * * * - | <-- x4
11   -> - - - * * * - - - - | - - * * * * * - | <-- x5
LC118-> * - - - - - - * * * | - - * * - - - * | <-- |LFSR8:2|s5
LC122-> * * - - - - - * * - | - - * * - - * * | <-- |LFSR8:2|s4
LC123-> * * - - - - - * * * | - - * * - - * * | <-- |LFSR8:2|s3
LC101-> * * - - - - - * * * | - - * * - - * * | <-- |LFSR8:2|s2
LC35 -> - - * - - - - - - * | - - * * - - - - | <-- |LFSR8:2|s0
LC105-> - - - * * * - - - - | - - - * * * * - | <-- |MAJ5:13|~236~2
LC107-> - - - - * * - - - - | - - - * * * * - | <-- |MAJ5:13|~236~4
LC121-> * * - - - - - * * * | - - * * - - * * | <-- |MAJ5:13|~241~1
LC113-> - - - * * * - - - - | - - - * * * * * | <-- |SYN_MUX:17|setup1
LC114-> - - - * * * - - - - | - - - * * * * * | <-- |SYN_MUX:17|setup0
LC108-> - * - * * * - - - - | - - - * * * * - | <-- |SYN_MUX:19|setup1
LC109-> - * - * * * - - - - | - - - * * * * - | <-- |SYN_MUX:19|setup0
LC33 -> - - - * * * - - - * | - - * * * * * - | <-- |SYN_MUX:21|setup0
LC47 -> - - - - - - - - - * | - - - * - - - - | <-- |SYN_MUX:21|~592~1


* = The logic cell or pin is an input to the logic cell (or LAB) through the PIA.
- = The logic cell or pin is not an input to the logic cell (or LAB).


Device-Specific Information:  e:\vhdldesigns\research\errmajbp01\dneuron01.rpt
dneuron01

** LOGIC CELL INTERCONNECTIONS **

Logic Array Block 'E':

                 Logic cells placed in LAB 'E'
        +------- LC65 |MAJ5:13|~137~1
        | +----- LC74 |MAJ5:13|~148~1
        | | +--- LC70 |MAJ5:13|~170~1
        | | | +- LC66 |MAJ5:13|~225~1
        | | | | 
        | | | |   Other LABs fed by signals
        | | | |   that feed LAB 'E'
LC      | | | | | A B C D E F G H |     Logic cells that feed LAB 'E':

Pin
83   -> - - - - | - - - - - - - - | <-- clk
12   -> * * * * | - - - * * * * * | <-- x2
8    -> * * * * | - - - * * * * - | <-- x3
10   -> * * * * | - - - * * * * - | <-- x4
11   -> * * * * | - - * * * * * - | <-- x5
LC105-> * * * * | - - - * * * * - | <-- |MAJ5:13|~236~2
LC54 -> * * - * | - - - - * * * - | <-- |MAJ5:13|~236~3
LC107-> - - * * | - - - * * * * - | <-- |MAJ5:13|~236~4
LC113-> * * * * | - - - * * * * * | <-- |SYN_MUX:17|setup1
LC114-> * * * * | - - - * * * * * | <-- |SYN_MUX:17|setup0
LC108-> * * * * | - - - * * * * - | <-- |SYN_MUX:19|setup1
LC109-> * * * * | - - - * * * * - | <-- |SYN_MUX:19|setup0
LC61 -> * * * * | - - - * * * * - | <-- |SYN_MUX:20|setup1
LC50 -> * * * * | - - - * * * * - | <-- |SYN_MUX:20|setup0
LC52 -> * * * * | - - * * * * * - | <-- |SYN_MUX:21|setup1
LC33 -> * * * * | - - * * * * * - | <-- |SYN_MUX:21|setup0


* = The logic cell or pin is an input to the logic cell (or LAB) through the PIA.
- = The logic cell or pin is not an input to the logic cell (or LAB).


Device-Specific Information:  e:\vhdldesigns\research\errmajbp01\dneuron01.rpt
dneuron01

** LOGIC CELL INTERCONNECTIONS **

Logic Array Block 'F':

                     Logic cells placed in LAB 'F'
        +----------- LC85 e2
        | +--------- LC83 e5
        | | +------- LC94 |MAJ5:13|~71~1
        | | | +----- LC92 |MAJ5:13|~82~1
        | | | | +--- LC93 |MAJ5:13|~159~1
        | | | | | +- LC86 |MAJ5:13|~236~1
        | | | | | | 
        | | | | | |   Other LABs fed by signals
        | | | | | |   that feed LAB 'F'
LC      | | | | | | | A B C D E F G H |     Logic cells that feed LAB 'F':

Pin
83   -> - - - - - - | - - - - - - - - | <-- clk
6    -> - - * * - - | - - * - - * * - | <-- x1
12   -> - - * * * * | - - - * * * * * | <-- x2
8    -> - - * * * * | - - - * * * * - | <-- x3
10   -> - - * * * * | - - - * * * * - | <-- x4
11   -> - - * * * * | - - * * * * * - | <-- x5
LC105-> - - - - * * | - - - * * * * - | <-- |MAJ5:13|~236~2
LC54 -> - - * - * * | - - - - * * * - | <-- |MAJ5:13|~236~3
LC107-> - - - * - * | - - - * * * * - | <-- |MAJ5:13|~236~4
LC36 -> - - * * - - | - - * - - * * - | <-- |SYN_MUX:1|setup1
LC34 -> - - * * - - | - - * - - * * - | <-- |SYN_MUX:1|setup0
LC113-> - - * * * * | - - - * * * * * | <-- |SYN_MUX:17|setup1
LC114-> - - * * * * | - - - * * * * * | <-- |SYN_MUX:17|setup0
LC126-> * - - - - - | - - - - - * - - | <-- |SYN_MUX:17|~604~1
LC125-> * - - - - - | - - - - - * - - | <-- |SYN_MUX:17|~604~2
LC124-> * - - - - - | - - - - - * - - | <-- |SYN_MUX:17|~604~3
LC108-> - - * * * * | - - - * * * * - | <-- |SYN_MUX:19|setup1
LC109-> - - * * * * | - - - * * * * - | <-- |SYN_MUX:19|setup0
LC61 -> - - * * * * | - - - * * * * - | <-- |SYN_MUX:20|setup1
LC50 -> - - * * * * | - - - * * * * - | <-- |SYN_MUX:20|setup0
LC52 -> - - * * * * | - - * * * * * - | <-- |SYN_MUX:21|setup1
LC33 -> - - * * * * | - - * * * * * - | <-- |SYN_MUX:21|setup0
LC38 -> - * - - - - | - - - - - * - - | <-- |SYN_MUX:21|~604~1
LC39 -> - * - - - - | - - - - - * - - | <-- |SYN_MUX:21|~604~2
LC40 -> - * - - - - | - - - - - * - - | <-- |SYN_MUX:21|~604~3


* = The logic cell or pin is an input to the logic cell (or LAB) through the PIA.
- = The logic cell or pin is not an input to the logic cell (or LAB).


Device-Specific Information:  e:\vhdldesigns\research\errmajbp01\dneuron01.rpt
dneuron01

** LOGIC CELL INTERCONNECTIONS **

Logic Array Block 'G':

                               Logic cells placed in LAB 'G'
        +--------------------- LC97 e1
        | +------------------- LC101 |LFSR8:2|s2
        | | +----------------- LC112 |MAJ5:13|~93~1
        | | | +--------------- LC111 |MAJ5:13|~104~1
        | | | | +------------- LC110 |MAJ5:13|~115~1
        | | | | | +----------- LC102 |MAJ5:13|~203~1
        | | | | | | +--------- LC106 |MAJ5:13|~214~1
        | | | | | | | +------- LC105 |MAJ5:13|~236~2
        | | | | | | | | +----- LC107 |MAJ5:13|~236~4
        | | | | | | | | | +--- LC108 |SYN_MUX:19|setup1
        | | | | | | | | | | +- LC109 |SYN_MUX:19|setup0
        | | | | | | | | | | | 
        | | | | | | | | | | |   Other LABs fed by signals
        | | | | | | | | | | |   that feed LAB 'G'
LC      | | | | | | | | | | | | A B C D E F G H |     Logic cells that feed LAB 'G':
LC101-> - - - - - - - - - * * | - - * * - - * * | <-- |LFSR8:2|s2
LC105-> - - - - - * * - - - - | - - - * * * * - | <-- |MAJ5:13|~236~2
LC107-> - - * * * * * - - - - | - - - * * * * - | <-- |MAJ5:13|~236~4
LC108-> - - * * * * * - - * * | - - - * * * * - | <-- |SYN_MUX:19|setup1
LC109-> - - * * * * * - - * * | - - - * * * * - | <-- |SYN_MUX:19|setup0

Pin
83   -> - - - - - - - - - - - | - - - - - - - - | <-- clk
9    -> - - - - - - - - - * * | - - * * - - * * | <-- err
6    -> - - * * * - - * - - - | - - * - - * * - | <-- x1
12   -> - - * * * * * - * - - | - - - * * * * * | <-- x2
8    -> - - * * * * * - - - - | - - - * * * * - | <-- x3
10   -> - - * * * * * - - - * | - - - * * * * - | <-- x4
11   -> - - * * * * * - - - - | - - * * * * * - | <-- x5
LC122-> - - - - - - - - - * * | - - * * - - * * | <-- |LFSR8:2|s4
LC123-> - - - - - - - - - * * | - - * * - - * * | <-- |LFSR8:2|s3
LC55 -> - * - - - - - - - * * | - - * * - - * * | <-- |LFSR8:2|s1
LC54 -> - - * * * * * - - - - | - - - - * * * - | <-- |MAJ5:13|~236~3
LC121-> - - - - - - - - - * * | - - * * - - * * | <-- |MAJ5:13|~241~1
LC36 -> - - * * * - - * - - - | - - * - - * * - | <-- |SYN_MUX:1|setup1
LC34 -> - - * * * - - * - - - | - - * - - * * - | <-- |SYN_MUX:1|setup0
LC43 -> * - - - - - - - - - - | - - - - - - * - | <-- |SYN_MUX:1|~604~1
LC48 -> * - - - - - - - - - - | - - - - - - * - | <-- |SYN_MUX:1|~604~2
LC44 -> * - - - - - - - - - - | - - - - - - * - | <-- |SYN_MUX:1|~604~3
LC113-> - - * * * * * - * - - | - - - * * * * * | <-- |SYN_MUX:17|setup1
LC114-> - - * * * * * - * - - | - - - * * * * * | <-- |SYN_MUX:17|setup0
LC61 -> - - * * * * * - - - - | - - - * * * * - | <-- |SYN_MUX:20|setup1
LC50 -> - - * * * * * - - - - | - - - * * * * - | <-- |SYN_MUX:20|setup0
LC52 -> - - * * * * * - - - - | - - * * * * * - | <-- |SYN_MUX:21|setup1
LC33 -> - - * * * * * - - - - | - - * * * * * - | <-- |SYN_MUX:21|setup0


* = The logic cell or pin is an input to the logic cell (or LAB) through the PIA.
- = The logic cell or pin is not an input to the logic cell (or LAB).


Device-Specific Information:  e:\vhdldesigns\research\errmajbp01\dneuron01.rpt
dneuron01

** LOGIC CELL INTERCONNECTIONS **

Logic Array Block 'H':

                                     Logic cells placed in LAB 'H'
        +--------------------------- LC128 |LFSR8:2|s7
        | +------------------------- LC119 |LFSR8:2|s6
        | | +----------------------- LC118 |LFSR8:2|s5
        | | | +--------------------- LC122 |LFSR8:2|s4
        | | | | +------------------- LC123 |LFSR8:2|s3
        | | | | | +----------------- LC121 |MAJ5:13|~241~1
        | | | | | | +--------------- LC113 |SYN_MUX:17|setup1
        | | | | | | | +------------- LC114 |SYN_MUX:17|setup0
        | | | | | | | | +----------- LC117 |SYN_MUX:17|~592~1
        | | | | | | | | | +--------- LC127 |SYN_MUX:17|~598~1
        | | | | | | | | | | +------- LC126 |SYN_MUX:17|~604~1
        | | | | | | | | | | | +----- LC125 |SYN_MUX:17|~604~2
        | | | | | | | | | | | | +--- LC124 |SYN_MUX:17|~604~3
        | | | | | | | | | | | | | +- LC115 y
        | | | | | | | | | | | | | | 
        | | | | | | | | | | | | | |   Other LABs fed by signals
        | | | | | | | | | | | | | |   that feed LAB 'H'
LC      | | | | | | | | | | | | | | | A B C D E F G H |     Logic cells that feed LAB 'H':
LC119-> * - - - - - * * * * * * * - | - - * - - - - * | <-- |LFSR8:2|s6
LC118-> - * - - - - * * * * * * * - | - - * * - - - * | <-- |LFSR8:2|s5
LC122-> - - * - - - * * * * * * * - | - - * * - - * * | <-- |LFSR8:2|s4
LC123-> - - - * - - * * * * * * * - | - - * * - - * * | <-- |LFSR8:2|s3
LC121-> - - - - - - * * * * * * * - | - - * * - - * * | <-- |MAJ5:13|~241~1
LC113-> - - - - - - * * * * * * * - | - - - * * * * * | <-- |SYN_MUX:17|setup1
LC114-> - - - - - - * * * * * * * - | - - - * * * * * | <-- |SYN_MUX:17|setup0
LC117-> - - - - - - * - - - - - - - | - - - - - - - * | <-- |SYN_MUX:17|~592~1
LC127-> - - - - - - - * - - - - - - | - - - - - - - * | <-- |SYN_MUX:17|~598~1

Pin
83   -> - - - - - - - - - - - - - - | - - - - - - - - | <-- clk
9    -> - - - - - - * * * * * * * - | - - * * - - * * | <-- err
12   -> - - - - - - - * * * * * * - | - - - * * * * * | <-- x2
LC85 -> - - - - - - - - - - * * * - | - - - - - - - * | <-- e2
LC101-> - - - - * - * * * * * * * - | - - * * - - * * | <-- |LFSR8:2|s2
LC55 -> - - - - - - - * * * * * * - | - - * * - - * * | <-- |LFSR8:2|s1
LC94 -> - - - - - * - - - - - - - * | - - - - - - - * | <-- |MAJ5:13|~71~1
LC92 -> - - - - - * - - - - - - - * | - - - - - - - * | <-- |MAJ5:13|~82~1
LC112-> - - - - - * - - - - - - - * | - - - - - - - * | <-- |MAJ5:13|~93~1
LC111-> - - - - - * - - - - - - - * | - - - - - - - * | <-- |MAJ5:13|~104~1
LC110-> - - - - - * - - - - - - - * | - - - - - - - * | <-- |MAJ5:13|~115~1
LC53 -> - - - - - * - - - - - - - * | - - - - - - - * | <-- |MAJ5:13|~126~1
LC65 -> - - - - - * - - - - - - - * | - - - - - - - * | <-- |MAJ5:13|~137~1
LC74 -> - - - - - * - - - - - - - * | - - - - - - - * | <-- |MAJ5:13|~148~1
LC93 -> - - - - - * - - - - - - - * | - - - - - - - * | <-- |MAJ5:13|~159~1
LC70 -> - - - - - * - - - - - - - * | - - - - - - - * | <-- |MAJ5:13|~170~1
LC57 -> - - - - - * - - - - - - - * | - - - - - - - * | <-- |MAJ5:13|~181~1
LC56 -> - - - - - * - - - - - - - * | - - - - - - - * | <-- |MAJ5:13|~192~1
LC102-> - - - - - * - - - - - - - * | - - - - - - - * | <-- |MAJ5:13|~203~1
LC106-> - - - - - * - - - - - - - * | - - - - - - - * | <-- |MAJ5:13|~214~1
LC66 -> - - - - - * - - - - - - - * | - - - - - - - * | <-- |MAJ5:13|~225~1
LC86 -> - - - - - * - - - - - - - * | - - - - - - - * | <-- |MAJ5:13|~236~1


* = The logic cell or pin is an input to the logic cell (or LAB) through the PIA.
- = The logic cell or pin is not an input to the logic cell (or LAB).


Device-Specific Information:  e:\vhdldesigns\research\errmajbp01\dneuron01.rpt
dneuron01

** EQUATIONS **

clk      : INPUT;
err      : INPUT;
x1       : INPUT;
x2       : INPUT;
x3       : INPUT;
x4       : INPUT;
x5       : INPUT;

-- Node name is 'e1' = '|SYN_MUX:1|:4' 
-- Equation name is 'e1', type is output 
 e1      = TFFE(!_EQ001, GLOBAL( clk),  VCC,  VCC,  VCC);
  _EQ001 = !_LC043 & !_LC044 & !_LC048;

-- Node name is 'e2' = '|SYN_MUX:17|:4' 
-- Equation name is 'e2', type is output 
 e2      = TFFE(!_EQ002, GLOBAL( clk),  VCC,  VCC,  VCC);
  _EQ002 = !_LC124 & !_LC125 & !_LC126;

-- Node name is 'e3' = '|SYN_MUX:20|:4' 
-- Equation name is 'e3', type is output 
 e3      = TFFE( _EQ003, GLOBAL( clk),  VCC,  VCC,  VCC);
  _EQ003 =  err &  e3 &  _LC050 &  _LC061 & !_LC101 & !_LC118 & !_LC121 & 
             !_LC122 & !_LC123 &  x3
         #  err &  e3 & !_LC050 &  _LC061 & !_LC101 & !_LC118 &  _LC121 & 
             !_LC122 & !_LC123 &  x3
         #  err &  e3 &  _LC050 & !_LC101 & !_LC118 &  _LC121 & !_LC122 & 
             !_LC123 &  _X001
         #  err &  e3 & !_LC050 & !_LC101 & !_LC118 & !_LC121 & !_LC122 & 
             !_LC123 &  _X001;
  _X001  = EXP( _LC061 &  x3);

-- Node name is 'e4' = '|SYN_MUX:19|:4' 
-- Equation name is 'e4', type is output 
 e4      = TFFE( _EQ004, GLOBAL( clk),  VCC,  VCC,  VCC);
  _EQ004 =  err &  e4 & !_LC055 & !_LC101 &  _LC108 &  _LC109 & !_LC121 & 
             !_LC122 & !_LC123 &  x4
         #  err &  e4 & !_LC055 & !_LC101 &  _LC108 & !_LC109 &  _LC121 & 
             !_LC122 & !_LC123 &  x4
         #  err &  e4 & !_LC055 & !_LC101 &  _LC109 &  _LC121 & !_LC122 & 
             !_LC123 &  _X002
         #  err &  e4 & !_LC055 & !_LC101 & !_LC109 & !_LC121 & !_LC122 & 
             !_LC123 &  _X002;
  _X002  = EXP( _LC108 &  x4);

-- Node name is 'e5' = '|SYN_MUX:21|:4' 
-- Equation name is 'e5', type is output 
 e5      = TFFE(!_EQ005, GLOBAL( clk),  VCC,  VCC,  VCC);
  _EQ005 = !_LC038 & !_LC039 & !_LC040;

-- Node name is 'y' 
-- Equation name is 'y', location is LC115, type is output.
 y       = LCELL( _EQ006 $  GND);
  _EQ006 = !_LC053 & !_LC056 & !_LC057 & !_LC065 & !_LC066 & !_LC070 & 
             !_LC074 & !_LC086 & !_LC092 & !_LC093 & !_LC094 & !_LC102 & 
             !_LC106 & !_LC110 & !_LC111 & !_LC112;

-- Node name is '|LFSR8:2|:17' = '|LFSR8:2|s0' 
-- Equation name is '_LC035', type is buried 
_LC035   = DFFE(!_LC046 $ !_LC128, GLOBAL( clk),  VCC,  VCC,  VCC);

-- Node name is '|LFSR8:2|:16' = '|LFSR8:2|s1' 
-- Equation name is '_LC055', type is buried 
_LC055   = DFFE( _LC035 $  GND, GLOBAL( clk),  VCC,  VCC,  VCC);

-- Node name is '|LFSR8:2|:15' = '|LFSR8:2|s2' 
-- Equation name is '_LC101', type is buried 
_LC101   = DFFE( _LC055 $  GND, GLOBAL( clk),  VCC,  VCC,  VCC);

-- Node name is '|LFSR8:2|:14' = '|LFSR8:2|s3' 
-- Equation name is '_LC123', type is buried 
_LC123   = DFFE( _LC101 $  GND, GLOBAL( clk),  VCC,  VCC,  VCC);

-- Node name is '|LFSR8:2|:13' = '|LFSR8:2|s4' 
-- Equation name is '_LC122', type is buried 
_LC122   = DFFE( _LC123 $  GND, GLOBAL( clk),  VCC,  VCC,  VCC);

-- Node name is '|LFSR8:2|:12' = '|LFSR8:2|s5' 
-- Equation name is '_LC118', type is buried 
_LC118   = DFFE( _LC122 $  GND, GLOBAL( clk),  VCC,  VCC,  VCC);

-- Node name is '|LFSR8:2|:11' = '|LFSR8:2|s6' 
-- Equation name is '_LC119', type is buried 
_LC119   = DFFE( _LC118 $  GND, GLOBAL( clk),  VCC,  VCC,  VCC);

-- Node name is '|LFSR8:2|:10' = '|LFSR8:2|s7' 
-- Equation name is '_LC128', type is buried 
_LC128   = DFFE( _LC119 $  GND, GLOBAL( clk),  VCC,  VCC,  VCC);

-- Node name is '|LFSR8:2|~329~1' 
-- Equation name is '_LC046', type is buried 
-- synthesized logic cell 
_LC046   = LCELL( _EQ007 $  GND);
  _EQ007 = !_LC035 & !_LC055 & !_LC101 & !_LC118 & !_LC119 & !_LC122 & 
             !_LC123 & !_LC128
         #  _LC118 &  _LC122 &  _LC123
         #  _LC118 & !_LC122 & !_LC123
         # !_LC118 &  _LC122 & !_LC123
         # !_LC118 & !_LC122 &  _LC123;

-- Node name is '|MAJ5:13|~71~1' 
-- Equation name is '_LC094', type is buried 
-- synthesized logic cell 
_LC094   = LCELL( _EQ008 $  _EQ009);
  _EQ008 = !_LC054 &  _LC113 &  _LC114 &  x2 &  _X003 &  _X004 &  _X005 & 
              _X006 &  _X007 &  _X008 &  _X009 &  _X010 &  _X011
         #  _LC034 &  _LC036 & !_LC054 &  x1 &  _X003 &  _X004 &  _X005 & 
              _X006 &  _X007 &  _X008 &  _X009 &  _X010 &  _X011
         # !_LC033 &  _LC052 & !_LC054 &  _X003 &  _X004 &  x5 &  _X005 & 
              _X006 &  _X007 &  _X008 &  _X009 &  _X010 &  _X011
         # !_LC054 &  _LC108 & !_LC109 &  _X003 &  x4 &  _X004 &  _X005 & 
              _X006 &  _X007 &  _X008 &  _X009 &  _X010 &  _X011;
  _X003  = EXP( _LC033 & !x5);
  _X004  = EXP(!_LC108 &  _LC109);
  _X005  = EXP( _LC033 & !_LC052);
  _X006  = EXP(!_LC114 & !x2);
  _X007  = EXP(!_LC113 & !_LC114);
  _X008  = EXP(!_LC034 & !_LC036);
  _X009  = EXP(!_LC034 & !x1);
  _X010  = EXP(!_LC050 &  _LC061 &  x3);
  _X011  = EXP( _LC109 & !x4);
  _EQ009 = !_LC054 &  _X003 &  _X004 &  _X005 &  _X006 &  _X007 &  _X008 & 
              _X009 &  _X010 &  _X011;
  _X003  = EXP( _LC033 & !x5);
  _X004  = EXP(!_LC108 &  _LC109);
  _X005  = EXP( _LC033 & !_LC052);
  _X006  = EXP(!_LC114 & !x2);
  _X007  = EXP(!_LC113 & !_LC114);
  _X008  = EXP(!_LC034 & !_LC036);
  _X009  = EXP(!_LC034 & !x1);
  _X010  = EXP(!_LC050 &  _LC061 &  x3);
  _X011  = EXP( _LC109 & !x4);

-- Node name is '|MAJ5:13|~82~1' 
-- Equation name is '_LC092', type is buried 
-- synthesized logic cell 
_LC092   = LCELL( _EQ010 $  _EQ011);
  _EQ010 =  _LC050 &  _LC061 & !_LC107 &  x3 &  _X003 &  _X004 &  _X005 & 
              _X008 &  _X009 &  _X011 &  _X012 &  _X013 &  _X014
         #  _LC034 &  _LC036 & !_LC107 &  x1 &  _X003 &  _X004 &  _X005 & 
              _X008 &  _X009 &  _X011 &  _X012 &  _X013 &  _X014
         # !_LC033 &  _LC052 & !_LC107 &  _X003 &  _X004 &  x5 &  _X005 & 
              _X008 &  _X009 &  _X011 &  _X012 &  _X013 &  _X014
         # !_LC107 &  _LC108 & !_LC109 &  _X003 &  x4 &  _X004 &  _X005 & 
              _X008 &  _X009 &  _X011 &  _X012 &  _X013 &  _X014;
  _X003  = EXP( _LC033 & !x5);
  _X004  = EXP(!_LC108 &  _LC109);
  _X005  = EXP( _LC033 & !_LC052);
  _X008  = EXP(!_LC034 & !_LC036);
  _X009  = EXP(!_LC034 & !x1);
  _X011  = EXP( _LC109 & !x4);
  _X012  = EXP(!_LC050 & !_LC061);
  _X013  = EXP( _LC113 & !_LC114 &  x2);
  _X014  = EXP(!_LC050 & !x3);
  _EQ011 = !_LC107 &  _X003 &  _X004 &  _X005 &  _X008 &  _X009 &  _X011 & 
              _X012 &  _X013 &  _X014;
  _X003  = EXP( _LC033 & !x5);
  _X004  = EXP(!_LC108 &  _LC109);
  _X005  = EXP( _LC033 & !_LC052);
  _X008  = EXP(!_LC034 & !_LC036);
  _X009  = EXP(!_LC034 & !x1);
  _X011  = EXP( _LC109 & !x4);
  _X012  = EXP(!_LC050 & !_LC061);
  _X013  = EXP( _LC113 & !_LC114 &  x2);
  _X014  = EXP(!_LC050 & !x3);

-- Node name is '|MAJ5:13|~93~1' 
-- Equation name is '_LC112', type is buried 
-- synthesized logic cell 
_LC112   = LCELL( _EQ012 $  _EQ013);
  _EQ012 = !_LC054 & !_LC107 &  _LC108 &  _LC109 &  _X003 &  x4 &  _X005 & 
              _X008 &  _X009 &  _X013 &  _X015 &  _X016
         #  _LC034 &  _LC036 & !_LC054 & !_LC107 &  x1 &  _X003 &  _X005 & 
              _X008 &  _X009 &  _X013 &  _X015 &  _X016
         # !_LC033 &  _LC052 & !_LC054 & !_LC107 &  _X003 &  x5 &  _X005 & 
              _X008 &  _X009 &  _X013 &  _X015 &  _X016
         # !_LC050 & !_LC054 &  _LC061 & !_LC107 &  x3 &  _X003 &  _X005 & 
              _X008 &  _X009 &  _X013 &  _X015 &  _X016;
  _X003  = EXP( _LC033 & !x5);
  _X005  = EXP( _LC033 & !_LC052);
  _X008  = EXP(!_LC034 & !_LC036);
  _X009  = EXP(!_LC034 & !x1);
  _X013  = EXP( _LC113 & !_LC114 &  x2);
  _X015  = EXP(!_LC109 & !x4);
  _X016  = EXP(!_LC108 & !_LC109);
  _EQ013 = !_LC054 & !_LC107 &  _X003 &  _X005 &  _X008 &  _X009 &  _X013 & 
              _X015 &  _X016;
  _X003  = EXP( _LC033 & !x5);
  _X005  = EXP( _LC033 & !_LC052);
  _X008  = EXP(!_LC034 & !_LC036);
  _X009  = EXP(!_LC034 & !x1);
  _X013  = EXP( _LC113 & !_LC114 &  x2);
  _X015  = EXP(!_LC109 & !x4);
  _X016  = EXP(!_LC108 & !_LC109);

-- Node name is '|MAJ5:13|~104~1' 
-- Equation name is '_LC111', type is buried 
-- synthesized logic cell 
_LC111   = LCELL( _EQ014 $  _EQ015);
  _EQ014 =  _LC033 &  _LC052 & !_LC054 & !_LC107 &  _X004 &  x5 &  _X008 & 
              _X009 &  _X011 &  _X013 &  _X017 &  _X018
         #  _LC034 &  _LC036 & !_LC054 & !_LC107 &  x1 &  _X004 &  _X008 & 
              _X009 &  _X011 &  _X013 &  _X017 &  _X018
         # !_LC054 & !_LC107 &  _LC108 & !_LC109 &  x4 &  _X004 &  _X008 & 
              _X009 &  _X011 &  _X013 &  _X017 &  _X018
         # !_LC050 & !_LC054 &  _LC061 & !_LC107 &  x3 &  _X004 &  _X008 & 
              _X009 &  _X011 &  _X013 &  _X017 &  _X018;
  _X004  = EXP(!_LC108 &  _LC109);
  _X008  = EXP(!_LC034 & !_LC036);
  _X009  = EXP(!_LC034 & !x1);
  _X011  = EXP( _LC109 & !x4);
  _X013  = EXP( _LC113 & !_LC114 &  x2);
  _X017  = EXP(!_LC033 & !x5);
  _X018  = EXP(!_LC033 & !_LC052);
  _EQ015 = !_LC054 & !_LC107 &  _X004 &  _X008 &  _X009 &  _X011 &  _X013 & 
              _X017 &  _X018;
  _X004  = EXP(!_LC108 &  _LC109);
  _X008  = EXP(!_LC034 & !_LC036);
  _X009  = EXP(!_LC034 & !x1);
  _X011  = EXP( _LC109 & !x4);
  _X013  = EXP( _LC113 & !_LC114 &  x2);
  _X017  = EXP(!_LC033 & !x5);
  _X018  = EXP(!_LC033 & !_LC052);

-- Node name is '|MAJ5:13|~115~1' 
-- Equation name is '_LC110', type is buried 
-- synthesized logic cell 
_LC110   = LCELL( _EQ016 $  _EQ017);
  _EQ016 =  _LC034 &  _LC036 & !_LC054 & !_LC107 &  x1 &  _X003 &  _X004 & 
              _X005 &  _X008 &  _X009 &  _X011 &  _X013
         # !_LC033 &  _LC052 & !_LC054 & !_LC107 &  _X003 &  _X004 &  x5 & 
              _X005 &  _X008 &  _X009 &  _X011 &  _X013
         # !_LC054 & !_LC107 &  _LC108 & !_LC109 &  _X003 &  x4 &  _X004 & 
              _X005 &  _X008 &  _X009 &  _X011 &  _X013
         # !_LC050 & !_LC054 &  _LC061 & !_LC107 &  x3 &  _X003 &  _X004 & 
              _X005 &  _X008 &  _X009 &  _X011 &  _X013;
  _X003  = EXP( _LC033 & !x5);
  _X004  = EXP(!_LC108 &  _LC109);
  _X005  = EXP( _LC033 & !_LC052);
  _X008  = EXP(!_LC034 & !_LC036);
  _X009  = EXP(!_LC034 & !x1);
  _X011  = EXP( _LC109 & !x4);
  _X013  = EXP( _LC113 & !_LC114 &  x2);
  _EQ017 = !_LC054 & !_LC107 &  _X003 &  _X004 &  _X005 &  _X008 &  _X009 & 
              _X011 &  _X013;
  _X003  = EXP( _LC033 & !x5);
  _X004  = EXP(!_LC108 &  _LC109);
  _X005  = EXP( _LC033 & !_LC052);
  _X008  = EXP(!_LC034 & !_LC036);
  _X009  = EXP(!_LC034 & !x1);
  _X011  = EXP( _LC109 & !x4);
  _X013  = EXP( _LC113 & !_LC114 &  x2);

-- Node name is '|MAJ5:13|~126~1' 
-- Equation name is '_LC053', type is buried 
-- synthesized logic cell 
_LC053   = LCELL( _EQ018 $  _EQ019);
  _EQ018 =  _LC050 &  _LC061 & !_LC105 &  x3 &  _X003 &  _X004 &  _X005 & 
              _X006 &  _X007 &  _X011 &  _X012 &  _X014
         # !_LC105 &  _LC113 &  _LC114 &  x2 &  _X003 &  _X004 &  _X005 & 
              _X006 &  _X007 &  _X011 &  _X012 &  _X014
         # !_LC033 &  _LC052 & !_LC105 &  _X003 &  _X004 &  x5 &  _X005 & 
              _X006 &  _X007 &  _X011 &  _X012 &  _X014
         # !_LC105 &  _LC108 & !_LC109 &  _X003 &  x4 &  _X004 &  _X005 & 
              _X006 &  _X007 &  _X011 &  _X012 &  _X014;
  _X003  = EXP( _LC033 & !x5);
  _X004  = EXP(!_LC108 &  _LC109);
  _X005  = EXP( _LC033 & !_LC052);
  _X006  = EXP(!_LC114 & !x2);
  _X007  = EXP(!_LC113 & !_LC114);
  _X011  = EXP( _LC109 & !x4);
  _X012  = EXP(!_LC050 & !_LC061);
  _X014  = EXP(!_LC050 & !x3);
  _EQ019 = !_LC105 &  _X003 &  _X004 &  _X005 &  _X006 &  _X007 &  _X011 & 
              _X012 &  _X014;
  _X003  = EXP( _LC033 & !x5);
  _X004  = EXP(!_LC108 &  _LC109);
  _X005  = EXP( _LC033 & !_LC052);
  _X006  = EXP(!_LC114 & !x2);
  _X007  = EXP(!_LC113 & !_LC114);
  _X011  = EXP( _LC109 & !x4);
  _X012  = EXP(!_LC050 & !_LC061);
  _X014  = EXP(!_LC050 & !x3);

-- Node name is '|MAJ5:13|~137~1' 
-- Equation name is '_LC065', type is buried 
-- synthesized logic cell 
_LC065   = LCELL( _EQ020 $  _EQ021);
  _EQ020 = !_LC054 & !_LC105 &  _LC108 &  _LC109 &  _X003 &  x4 &  _X005 & 
              _X006 &  _X007 &  _X015 &  _X016
         # !_LC054 & !_LC105 &  _LC113 &  _LC114 &  x2 &  _X003 &  _X005 & 
              _X006 &  _X007 &  _X015 &  _X016
         # !_LC033 &  _LC052 & !_LC054 & !_LC105 &  _X003 &  x5 &  _X005 & 
              _X006 &  _X007 &  _X015 &  _X016
         # !_LC050 & !_LC054 &  _LC061 & !_LC105 &  x3 &  _X003 &  _X005 & 
              _X006 &  _X007 &  _X015 &  _X016;
  _X003  = EXP( _LC033 & !x5);
  _X005  = EXP( _LC033 & !_LC052);
  _X006  = EXP(!_LC114 & !x2);
  _X007  = EXP(!_LC113 & !_LC114);
  _X015  = EXP(!_LC109 & !x4);
  _X016  = EXP(!_LC108 & !_LC109);
  _EQ021 = !_LC054 & !_LC105 &  _X003 &  _X005 &  _X006 &  _X007 &  _X015 & 
              _X016;
  _X003  = EXP( _LC033 & !x5);
  _X005  = EXP( _LC033 & !_LC052);
  _X006  = EXP(!_LC114 & !x2);
  _X007  = EXP(!_LC113 & !_LC114);
  _X015  = EXP(!_LC109 & !x4);
  _X016  = EXP(!_LC108 & !_LC109);

-- Node name is '|MAJ5:13|~148~1' 
-- Equation name is '_LC074', type is buried 
-- synthesized logic cell 
_LC074   = LCELL( _EQ022 $  _EQ023);
  _EQ022 =  _LC033 &  _LC052 & !_LC054 & !_LC105 &  _X004 &  x5 &  _X006 & 
              _X007 &  _X011 &  _X017 &  _X018
         # !_LC054 & !_LC105 &  _LC113 &  _LC114 &  x2 &  _X004 &  _X006 & 
              _X007 &  _X011 &  _X017 &  _X018
         # !_LC054 & !_LC105 &  _LC108 & !_LC109 &  x4 &  _X004 &  _X006 & 
              _X007 &  _X011 &  _X017 &  _X018
         # !_LC050 & !_LC054 &  _LC061 & !_LC105 &  x3 &  _X004 &  _X006 & 
              _X007 &  _X011 &  _X017 &  _X018;
  _X004  = EXP(!_LC108 &  _LC109);
  _X006  = EXP(!_LC114 & !x2);
  _X007  = EXP(!_LC113 & !_LC114);
  _X011  = EXP( _LC109 & !x4);
  _X017  = EXP(!_LC033 & !x5);
  _X018  = EXP(!_LC033 & !_LC052);
  _EQ023 = !_LC054 & !_LC105 &  _X004 &  _X006 &  _X007 &  _X011 &  _X017 & 
              _X018;
  _X004  = EXP(!_LC108 &  _LC109);
  _X006  = EXP(!_LC114 & !x2);
  _X007  = EXP(!_LC113 & !_LC114);
  _X011  = EXP( _LC109 & !x4);
  _X017  = EXP(!_LC033 & !x5);
  _X018  = EXP(!_LC033 & !_LC052);

-- Node name is '|MAJ5:13|~159~1' 
-- Equation name is '_LC093', type is buried 
-- synthesized logic cell 
_LC093   = LCELL( _EQ024 $  _EQ025);
  _EQ024 = !_LC054 & !_LC105 &  _LC113 &  _LC114 &  x2 &  _X003 &  _X004 & 
              _X005 &  _X006 &  _X007 &  _X011
         # !_LC033 &  _LC052 & !_LC054 & !_LC105 &  _X003 &  _X004 &  x5 & 
              _X005 &  _X006 &  _X007 &  _X011
         # !_LC054 & !_LC105 &  _LC108 & !_LC109 &  _X003 &  x4 &  _X004 & 
              _X005 &  _X006 &  _X007 &  _X011
         # !_LC050 & !_LC054 &  _LC061 & !_LC105 &  x3 &  _X003 &  _X004 & 
              _X005 &  _X006 &  _X007 &  _X011;
  _X003  = EXP( _LC033 & !x5);
  _X004  = EXP(!_LC108 &  _LC109);
  _X005  = EXP( _LC033 & !_LC052);
  _X006  = EXP(!_LC114 & !x2);
  _X007  = EXP(!_LC113 & !_LC114);
  _X011  = EXP( _LC109 & !x4);
  _EQ025 = !_LC054 & !_LC105 &  _X003 &  _X004 &  _X005 &  _X006 &  _X007 & 
              _X011;
  _X003  = EXP( _LC033 & !x5);
  _X004  = EXP(!_LC108 &  _LC109);
  _X005  = EXP( _LC033 & !_LC052);
  _X006  = EXP(!_LC114 & !x2);
  _X007  = EXP(!_LC113 & !_LC114);
  _X011  = EXP( _LC109 & !x4);

-- Node name is '|MAJ5:13|~170~1' 
-- Equation name is '_LC070', type is buried 
-- synthesized logic cell 
_LC070   = LCELL( _EQ026 $  _EQ027);
  _EQ026 = !_LC105 & !_LC107 &  _LC108 &  _LC109 &  _X003 &  x4 &  _X005 & 
              _X012 &  _X014 &  _X015 &  _X016
         #  _LC050 &  _LC061 & !_LC105 & !_LC107 &  x3 &  _X003 &  _X005 & 
              _X012 &  _X014 &  _X015 &  _X016
         # !_LC033 &  _LC052 & !_LC105 & !_LC107 &  _X003 &  x5 &  _X005 & 
              _X012 &  _X014 &  _X015 &  _X016
         # !_LC105 & !_LC107 &  _LC113 & !_LC114 &  x2 &  _X003 &  _X005 & 
              _X012 &  _X014 &  _X015 &  _X016;
  _X003  = EXP( _LC033 & !x5);
  _X005  = EXP( _LC033 & !_LC052);
  _X012  = EXP(!_LC050 & !_LC061);
  _X014  = EXP(!_LC050 & !x3);
  _X015  = EXP(!_LC109 & !x4);
  _X016  = EXP(!_LC108 & !_LC109);
  _EQ027 = !_LC105 & !_LC107 &  _X003 &  _X005 &  _X012 &  _X014 &  _X015 & 
              _X016;
  _X003  = EXP( _LC033 & !x5);
  _X005  = EXP( _LC033 & !_LC052);
  _X012  = EXP(!_LC050 & !_LC061);
  _X014  = EXP(!_LC050 & !x3);
  _X015  = EXP(!_LC109 & !x4);
  _X016  = EXP(!_LC108 & !_LC109);

-- Node name is '|MAJ5:13|~181~1' 
-- Equation name is '_LC057', type is buried 
-- synthesized logic cell 
_LC057   = LCELL( _EQ028 $  _EQ029);
  _EQ028 =  _LC033 &  _LC052 & !_LC105 & !_LC107 &  _X004 &  x5 &  _X011 & 
              _X012 &  _X014 &  _X017 &  _X018
         #  _LC050 &  _LC061 & !_LC105 & !_LC107 &  x3 &  _X004 &  _X011 & 
              _X012 &  _X014 &  _X017 &  _X018
         # !_LC105 & !_LC107 &  _LC108 & !_LC109 &  x4 &  _X004 &  _X011 & 
              _X012 &  _X014 &  _X017 &  _X018
         # !_LC105 & !_LC107 &  _LC113 & !_LC114 &  x2 &  _X004 &  _X011 & 
              _X012 &  _X014 &  _X017 &  _X018;
  _X004  = EXP(!_LC108 &  _LC109);
  _X011  = EXP( _LC109 & !x4);
  _X012  = EXP(!_LC050 & !_LC061);
  _X014  = EXP(!_LC050 & !x3);
  _X017  = EXP(!_LC033 & !x5);
  _X018  = EXP(!_LC033 & !_LC052);
  _EQ029 = !_LC105 & !_LC107 &  _X004 &  _X011 &  _X012 &  _X014 &  _X017 & 
              _X018;
  _X004  = EXP(!_LC108 &  _LC109);
  _X011  = EXP( _LC109 & !x4);
  _X012  = EXP(!_LC050 & !_LC061);
  _X014  = EXP(!_LC050 & !x3);
  _X017  = EXP(!_LC033 & !x5);
  _X018  = EXP(!_LC033 & !_LC052);

-- Node name is '|MAJ5:13|~192~1' 
-- Equation name is '_LC056', type is buried 
-- synthesized logic cell 
_LC056   = LCELL( _EQ030 $  _EQ031);
  _EQ030 =  _LC050 &  _LC061 & !_LC105 & !_LC107 &  x3 &  _X003 &  _X004 & 
              _X005 &  _X011 &  _X012 &  _X014
         # !_LC033 &  _LC052 & !_LC105 & !_LC107 &  _X003 &  _X004 &  x5 & 
              _X005 &  _X011 &  _X012 &  _X014
         # !_LC105 & !_LC107 &  _LC108 & !_LC109 &  _X003 &  x4 &  _X004 & 
              _X005 &  _X011 &  _X012 &  _X014
         # !_LC105 & !_LC107 &  _LC113 & !_LC114 &  x2 &  _X003 &  _X004 & 
              _X005 &  _X011 &  _X012 &  _X014;
  _X003  = EXP( _LC033 & !x5);
  _X004  = EXP(!_LC108 &  _LC109);
  _X005  = EXP( _LC033 & !_LC052);
  _X011  = EXP( _LC109 & !x4);
  _X012  = EXP(!_LC050 & !_LC061);
  _X014  = EXP(!_LC050 & !x3);
  _EQ031 = !_LC105 & !_LC107 &  _X003 &  _X004 &  _X005 &  _X011 &  _X012 & 
              _X014;
  _X003  = EXP( _LC033 & !x5);
  _X004  = EXP(!_LC108 &  _LC109);
  _X005  = EXP( _LC033 & !_LC052);
  _X011  = EXP( _LC109 & !x4);
  _X012  = EXP(!_LC050 & !_LC061);
  _X014  = EXP(!_LC050 & !x3);

-- Node name is '|MAJ5:13|~203~1' 
-- Equation name is '_LC102', type is buried 
-- synthesized logic cell 
_LC102   = LCELL( _EQ032 $  _EQ033);
  _EQ032 =  _LC033 &  _LC052 & !_LC054 & !_LC105 & !_LC107 &  x5 &  _X015 & 
              _X016 &  _X017 &  _X018
         # !_LC054 & !_LC105 & !_LC107 &  _LC108 &  _LC109 &  x4 &  _X015 & 
              _X016 &  _X017 &  _X018
         # !_LC050 & !_LC054 &  _LC061 & !_LC105 & !_LC107 &  x3 &  _X015 & 
              _X016 &  _X017 &  _X018
         # !_LC054 & !_LC105 & !_LC107 &  _LC113 & !_LC114 &  x2 &  _X015 & 
              _X016 &  _X017 &  _X018;
  _X015  = EXP(!_LC109 & !x4);
  _X016  = EXP(!_LC108 & !_LC109);
  _X017  = EXP(!_LC033 & !x5);
  _X018  = EXP(!_LC033 & !_LC052);
  _EQ033 = !_LC054 & !_LC105 & !_LC107 &  _X015 &  _X016 &  _X017 &  _X018;
  _X015  = EXP(!_LC109 & !x4);
  _X016  = EXP(!_LC108 & !_LC109);
  _X017  = EXP(!_LC033 & !x5);
  _X018  = EXP(!_LC033 & !_LC052);

-- Node name is '|MAJ5:13|~214~1' 
-- Equation name is '_LC106', type is buried 
-- synthesized logic cell 
_LC106   = LCELL( _EQ034 $  _EQ035);
  _EQ034 = !_LC054 & !_LC105 & !_LC107 &  _LC108 &  _LC109 &  _X003 &  x4 & 
              _X005 &  _X015 &  _X016
         # !_LC033 &  _LC052 & !_LC054 & !_LC105 & !_LC107 &  _X003 &  x5 & 
              _X005 &  _X015 &  _X016
         # !_LC050 & !_LC054 &  _LC061 & !_LC105 & !_LC107 &  x3 &  _X003 & 
              _X005 &  _X015 &  _X016
         # !_LC054 & !_LC105 & !_LC107 &  _LC113 & !_LC114 &  x2 &  _X003 & 
              _X005 &  _X015 &  _X016;
  _X003  = EXP( _LC033 & !x5);
  _X005  = EXP( _LC033 & !_LC052);
  _X015  = EXP(!_LC109 & !x4);
  _X016  = EXP(!_LC108 & !_LC109);
  _EQ035 = !_LC054 & !_LC105 & !_LC107 &  _X003 &  _X005 &  _X015 &  _X016;
  _X003  = EXP( _LC033 & !x5);
  _X005  = EXP( _LC033 & !_LC052);
  _X015  = EXP(!_LC109 & !x4);
  _X016  = EXP(!_LC108 & !_LC109);

-- Node name is '|MAJ5:13|~225~1' 
-- Equation name is '_LC066', type is buried 
-- synthesized logic cell 
_LC066   = LCELL( _EQ036 $  _EQ037);
  _EQ036 =  _LC033 &  _LC052 & !_LC054 & !_LC105 & !_LC107 &  _X004 &  x5 & 
              _X011 &  _X017 &  _X018
         # !_LC054 & !_LC105 & !_LC107 &  _LC108 & !_LC109 &  x4 &  _X004 & 
              _X011 &  _X017 &  _X018
         # !_LC050 & !_LC054 &  _LC061 & !_LC105 & !_LC107 &  x3 &  _X004 & 
              _X011 &  _X017 &  _X018
         # !_LC054 & !_LC105 & !_LC107 &  _LC113 & !_LC114 &  x2 &  _X004 & 
              _X011 &  _X017 &  _X018;
  _X004  = EXP(!_LC108 &  _LC109);
  _X011  = EXP( _LC109 & !x4);
  _X017  = EXP(!_LC033 & !x5);
  _X018  = EXP(!_LC033 & !_LC052);
  _EQ037 = !_LC054 & !_LC105 & !_LC107 &  _X004 &  _X011 &  _X017 &  _X018;
  _X004  = EXP(!_LC108 &  _LC109);
  _X011  = EXP( _LC109 & !x4);
  _X017  = EXP(!_LC033 & !x5);
  _X018  = EXP(!_LC033 & !_LC052);

-- Node name is '|MAJ5:13|~236~1' 
-- Equation name is '_LC086', type is buried 
-- synthesized logic cell 
_LC086   = LCELL( _EQ038 $  _EQ039);
  _EQ038 = !_LC033 &  _LC052 & !_LC054 & !_LC105 & !_LC107 &  _X003 &  _X004 & 
              x5 &  _X005 &  _X011
         # !_LC054 & !_LC105 & !_LC107 &  _LC108 & !_LC109 &  _X003 &  x4 & 
              _X004 &  _X005 &  _X011
         # !_LC050 & !_LC054 &  _LC061 & !_LC105 & !_LC107 &  x3 &  _X003 & 
              _X004 &  _X005 &  _X011
         # !_LC054 & !_LC105 & !_LC107 &  _LC113 & !_LC114 &  x2 &  _X003 & 
              _X004 &  _X005 &  _X011;
  _X003  = EXP( _LC033 & !x5);
  _X004  = EXP(!_LC108 &  _LC109);
  _X005  = EXP( _LC033 & !_LC052);
  _X011  = EXP( _LC109 & !x4);
  _EQ039 = !_LC054 & !_LC105 & !_LC107 &  _X003 &  _X004 &  _X005 &  _X011;
  _X003  = EXP( _LC033 & !x5);
  _X004  = EXP(!_LC108 &  _LC109);
  _X005  = EXP( _LC033 & !_LC052);
  _X011  = EXP( _LC109 & !x4);

-- Node name is '|MAJ5:13|~236~2' 
-- Equation name is '_LC105', type is buried 
-- synthesized logic cell 
_LC105   = LCELL( _EQ040 $  GND);
  _EQ040 = !_LC034 &  _LC036 &  x1
         #  _LC034 & !x1
         #  _LC034 & !_LC036;

-- Node name is '|MAJ5:13|~236~3' 
-- Equation name is '_LC054', type is buried 
-- synthesized logic cell 
_LC054   = LCELL( _EQ041 $  GND);
  _EQ041 =  _LC050 & !x3
         #  _LC050 & !_LC061;

-- Node name is '|MAJ5:13|~236~4' 
-- Equation name is '_LC107', type is buried 
-- synthesized logic cell 
_LC107   = LCELL( _EQ042 $  GND);
  _EQ042 =  _LC114 & !x2
         # !_LC113 &  _LC114;

-- Node name is '|MAJ5:13|~241~1' 
-- Equation name is '_LC121', type is buried 
-- synthesized logic cell 
_LC121   = LCELL( _EQ043 $  GND);
  _EQ043 = !_LC053 & !_LC056 & !_LC057 & !_LC065 & !_LC066 & !_LC070 & 
             !_LC074 & !_LC086 & !_LC092 & !_LC093 & !_LC094 & !_LC102 & 
             !_LC106 & !_LC110 & !_LC111 & !_LC112;

-- Node name is '|SYN_MUX:1|:16' = '|SYN_MUX:1|setup0' 
-- Equation name is '_LC034', type is buried 
_LC034   = TFFE(!_EQ044, GLOBAL( clk),  VCC,  VCC,  VCC);
  _EQ044 = !_LC042 &  _X019 &  _X020 &  _X021;
  _X019  = EXP( err & !_LC034 &  _LC035 & !_LC036 & !_LC118 & !_LC119 & !_LC121 & 
             !_LC122 & !_LC128);
  _X020  = EXP( err & !_LC034 & !_LC036 & !_LC118 & !_LC119 & !_LC121 & !_LC122 & 
             !_LC128 & !x1);
  _X021  = EXP( err & !_LC034 & !_LC055 & !_LC118 & !_LC119 & !_LC121 & !_LC122 & 
             !_LC128 & !x1);

-- Node name is '|SYN_MUX:1|:15' = '|SYN_MUX:1|setup1' 
-- Equation name is '_LC036', type is buried 
_LC036   = TFFE(!_EQ045, GLOBAL( clk),  VCC,  VCC,  VCC);
  _EQ045 = !_LC041 &  _X022;
  _X022  = EXP( err & !_LC034 & !_LC035 & !_LC036 & !_LC118 & !_LC119 & !_LC121 & 
             !_LC122 & !_LC128);

-- Node name is '|SYN_MUX:1|~592~1' 
-- Equation name is '_LC041', type is buried 
-- synthesized logic cell 
_LC041   = LCELL( _EQ046 $  GND);
  _EQ046 =  err &  _LC034 &  _LC035 &  _LC036 & !_LC055 & !_LC118 & !_LC119 & 
              _LC121 & !_LC122 & !_LC128 & !x1
         #  err &  _LC034 &  _LC035 &  _LC036 & !_LC055 & !_LC118 & !_LC119 & 
             !_LC121 & !_LC122 & !_LC128 &  x1
         #  err & !_LC034 &  _LC035 &  _LC036 & !_LC055 & !_LC118 & !_LC119 & 
              _LC121 & !_LC122 & !_LC128 &  x1
         #  err & !_LC034 &  _LC035 &  _LC036 & !_LC055 & !_LC118 & !_LC119 & 
             !_LC121 & !_LC122 & !_LC128 & !x1
         #  err &  _LC034 & !_LC035 & !_LC036 & !_LC118 & !_LC119 &  _LC121 & 
             !_LC122 & !_LC128;

-- Node name is '|SYN_MUX:1|~598~1' 
-- Equation name is '_LC042', type is buried 
-- synthesized logic cell 
_LC042   = LCELL( _EQ047 $  GND);
  _EQ047 =  err & !_LC034 & !_LC035 &  _LC036 & !_LC055 & !_LC118 & !_LC119 & 
              _LC121 & !_LC122 & !_LC128 &  x1
         #  err &  _LC034 & !_LC035 &  _LC036 & !_LC055 & !_LC118 & !_LC119 & 
             !_LC121 & !_LC122 & !_LC128 &  x1
         #  err &  _LC034 &  _LC035 & !_LC036 & !_LC118 & !_LC119 &  _LC121 & 
             !_LC122 & !_LC128
         #  err &  _LC034 & !_LC036 & !_LC118 & !_LC119 &  _LC121 & !_LC122 & 
             !_LC128 & !x1
         #  err &  _LC034 & !_LC055 & !_LC118 & !_LC119 &  _LC121 & !_LC122 & 
             !_LC128 & !x1;

-- Node name is '|SYN_MUX:1|~604~1' 
-- Equation name is '_LC043', type is buried 
-- synthesized logic cell 
_LC043   = LCELL( _EQ048 $  GND);
  _EQ048 =  err & !e1 &  _LC034 & !_LC035 &  _LC036 &  _LC055 & !_LC118 & 
             !_LC119 &  _LC121 & !_LC122 & !_LC128 & !x1
         #  err & !e1 & !_LC034 & !_LC035 &  _LC036 &  _LC055 & !_LC118 & 
             !_LC119 &  _LC121 & !_LC122 & !_LC128 &  x1
         #  err & !e1 &  _LC034 & !_LC035 &  _LC036 &  _LC055 & !_LC118 & 
             !_LC119 & !_LC121 & !_LC122 & !_LC128 &  x1
         #  err & !e1 & !_LC034 & !_LC035 &  _LC036 &  _LC055 & !_LC118 & 
             !_LC119 & !_LC121 & !_LC122 & !_LC128 & !x1
         #  err &  e1 &  _LC034 &  _LC035 &  _LC036 & !_LC118 & !_LC119 & 
             !_LC121 & !_LC122 & !_LC128 &  x1;

-- Node name is '|SYN_MUX:1|~604~2' 
-- Equation name is '_LC048', type is buried 
-- synthesized logic cell 
_LC048   = LCELL( _EQ049 $  GND);
  _EQ049 =  err &  e1 & !_LC034 &  _LC035 &  _LC036 & !_LC118 & !_LC119 & 
              _LC121 & !_LC122 & !_LC128 &  x1
         #  err &  e1 &  _LC034 &  _LC036 & !_LC055 & !_LC118 & !_LC119 & 
             !_LC121 & !_LC122 & !_LC128 &  x1
         #  err &  e1 & !_LC034 &  _LC036 & !_LC055 & !_LC118 & !_LC119 & 
              _LC121 & !_LC122 & !_LC128 &  x1
         #  err &  e1 &  _LC034 &  _LC035 & !_LC118 & !_LC119 &  _LC121 & 
             !_LC122 & !_LC128 & !x1
         #  err &  e1 &  _LC034 & !_LC055 & !_LC118 & !_LC119 &  _LC121 & 
             !_LC122 & !_LC128 & !x1;

-- Node name is '|SYN_MUX:1|~604~3' 
-- Equation name is '_LC044', type is buried 
-- synthesized logic cell 
_LC044   = LCELL( _EQ050 $  GND);
  _EQ050 =  err &  e1 & !_LC034 &  _LC035 & !_LC118 & !_LC119 & !_LC121 & 
             !_LC122 & !_LC128 & !x1
         #  err &  e1 & !_LC034 & !_LC055 & !_LC118 & !_LC119 & !_LC121 & 
             !_LC122 & !_LC128 & !x1
         #  err &  e1 &  _LC034 & !_LC036 & !_LC118 & !_LC119 &  _LC121 & 
             !_LC122 & !_LC128
         #  err &  e1 & !_LC034 & !_LC036 & !_LC118 & !_LC119 & !_LC121 & 
             !_LC122 & !_LC128;

-- Node name is '|SYN_MUX:17|:16' = '|SYN_MUX:17|setup0' 
-- Equation name is '_LC114', type is buried 
_LC114   = TFFE(!_EQ051, GLOBAL( clk),  VCC,  VCC,  VCC);
  _EQ051 = !_LC127 &  _X023 &  _X024 &  _X025;
  _X023  = EXP( err &  _LC101 & !_LC113 & !_LC114 & !_LC118 & !_LC119 & !_LC121 & 
             !_LC122 & !_LC123);
  _X024  = EXP( err & !_LC113 & !_LC114 & !_LC118 & !_LC119 & !_LC121 & !_LC122 & 
             !_LC123 & !x2);
  _X025  = EXP( err & !_LC055 & !_LC114 & !_LC118 & !_LC119 & !_LC121 & !_LC122 & 
             !_LC123 & !x2);

-- Node name is '|SYN_MUX:17|:15' = '|SYN_MUX:17|setup1' 
-- Equation name is '_LC113', type is buried 
_LC113   = TFFE(!_EQ052, GLOBAL( clk),  VCC,  VCC,  VCC);
  _EQ052 = !_LC117 &  _X026;
  _X026  = EXP( err & !_LC101 & !_LC113 & !_LC114 & !_LC118 & !_LC119 & !_LC121 & 
             !_LC122 & !_LC123);

-- Node name is '|SYN_MUX:17|~592~1' 
-- Equation name is '_LC117', type is buried 
-- synthesized logic cell 
_LC117   = LCELL( _EQ053 $  GND);
  _EQ053 =  err & !_LC055 &  _LC101 &  _LC113 &  _LC114 & !_LC118 & !_LC119 & 
              _LC121 & !_LC122 & !_LC123 & !x2
         #  err & !_LC055 &  _LC101 &  _LC113 &  _LC114 & !_LC118 & !_LC119 & 
             !_LC121 & !_LC122 & !_LC123 &  x2
         #  err & !_LC055 &  _LC101 &  _LC113 & !_LC114 & !_LC118 & !_LC119 & 
              _LC121 & !_LC122 & !_LC123 &  x2
         #  err & !_LC055 &  _LC101 &  _LC113 & !_LC114 & !_LC118 & !_LC119 & 
             !_LC121 & !_LC122 & !_LC123 & !x2
         #  err & !_LC101 & !_LC113 &  _LC114 & !_LC118 & !_LC119 &  _LC121 & 
             !_LC122 & !_LC123;

-- Node name is '|SYN_MUX:17|~598~1' 
-- Equation name is '_LC127', type is buried 
-- synthesized logic cell 
_LC127   = LCELL( _EQ054 $  GND);
  _EQ054 =  err & !_LC055 & !_LC101 &  _LC113 & !_LC114 & !_LC118 & !_LC119 & 
              _LC121 & !_LC122 & !_LC123 &  x2
         #  err & !_LC055 & !_LC101 &  _LC113 &  _LC114 & !_LC118 & !_LC119 & 
             !_LC121 & !_LC122 & !_LC123 &  x2
         #  err &  _LC101 & !_LC113 &  _LC114 & !_LC118 & !_LC119 &  _LC121 & 
             !_LC122 & !_LC123
         #  err & !_LC113 &  _LC114 & !_LC118 & !_LC119 &  _LC121 & !_LC122 & 
             !_LC123 & !x2
         #  err & !_LC055 &  _LC114 & !_LC118 & !_LC119 &  _LC121 & !_LC122 & 
             !_LC123 & !x2;

-- Node name is '|SYN_MUX:17|~604~1' 
-- Equation name is '_LC126', type is buried 
-- synthesized logic cell 
_LC126   = LCELL( _EQ055 $  GND);
  _EQ055 =  err & !e2 &  _LC055 & !_LC101 &  _LC113 &  _LC114 & !_LC118 & 
             !_LC119 &  _LC121 & !_LC122 & !_LC123 & !x2
         #  err & !e2 &  _LC055 & !_LC101 &  _LC113 & !_LC114 & !_LC118 & 
             !_LC119 &  _LC121 & !_LC122 & !_LC123 &  x2
         #  err & !e2 &  _LC055 & !_LC101 &  _LC113 &  _LC114 & !_LC118 & 
             !_LC119 & !_LC121 & !_LC122 & !_LC123 &  x2
         #  err & !e2 &  _LC055 & !_LC101 &  _LC113 & !_LC114 & !_LC118 & 
             !_LC119 & !_LC121 & !_LC122 & !_LC123 & !x2
         #  err &  e2 &  _LC101 &  _LC113 &  _LC114 & !_LC118 & !_LC119 & 
             !_LC121 & !_LC122 & !_LC123 &  x2;

-- Node name is '|SYN_MUX:17|~604~2' 
-- Equation name is '_LC125', type is buried 
-- synthesized logic cell 
_LC125   = LCELL( _EQ056 $  GND);
  _EQ056 =  err &  e2 &  _LC101 &  _LC113 & !_LC114 & !_LC118 & !_LC119 & 
              _LC121 & !_LC122 & !_LC123 &  x2
         #  err &  e2 & !_LC055 &  _LC113 &  _LC114 & !_LC118 & !_LC119 & 
             !_LC121 & !_LC122 & !_LC123 &  x2
         #  err &  e2 & !_LC055 &  _LC113 & !_LC114 & !_LC118 & !_LC119 & 
              _LC121 & !_LC122 & !_LC123 &  x2
         #  err &  e2 &  _LC101 &  _LC114 & !_LC118 & !_LC119 &  _LC121 & 
             !_LC122 & !_LC123 & !x2
         #  err &  e2 & !_LC055 &  _LC114 & !_LC118 & !_LC119 &  _LC121 & 
             !_LC122 & !_LC123 & !x2;

-- Node name is '|SYN_MUX:17|~604~3' 
-- Equation name is '_LC124', type is buried 
-- synthesized logic cell 
_LC124   = LCELL( _EQ057 $  GND);
  _EQ057 =  err &  e2 &  _LC101 & !_LC114 & !_LC118 & !_LC119 & !_LC121 & 
             !_LC122 & !_LC123 & !x2
         #  err &  e2 & !_LC055 & !_LC114 & !_LC118 & !_LC119 & !_LC121 & 
             !_LC122 & !_LC123 & !x2
         #  err &  e2 & !_LC113 &  _LC114 & !_LC118 & !_LC119 &  _LC121 & 
             !_LC122 & !_LC123
         #  err &  e2 & !_LC113 & !_LC114 & !_LC118 & !_LC119 & !_LC121 & 
             !_LC122 & !_LC123;

-- Node name is '|SYN_MUX:19|:16' = '|SYN_MUX:19|setup0' 
-- Equation name is '_LC109', type is buried 
_LC109   = TFFE( _EQ058, GLOBAL( clk),  VCC,  VCC,  VCC);
  _EQ058 =  err & !_LC055 & !_LC101 &  _LC108 & !_LC109 &  _LC121 & !_LC122 & 
             !_LC123 &  x4
         #  err & !_LC055 & !_LC101 &  _LC108 &  _LC109 & !_LC121 & !_LC122 & 
             !_LC123 &  x4
         #  err & !_LC055 & !_LC101 &  _LC109 &  _LC121 & !_LC122 & !_LC123 & 
             !x4
         #  err & !_LC055 & !_LC101 & !_LC109 & !_LC121 & !_LC122 & !_LC123 & 
             !x4;

-- Node name is '|SYN_MUX:19|:15' = '|SYN_MUX:19|setup1' 
-- Equation name is '_LC108', type is buried 
_LC108   = TFFE( _EQ059, GLOBAL( clk),  VCC,  VCC,  VCC);
  _EQ059 =  err & !_LC055 & !_LC101 & !_LC108 &  _LC109 &  _LC121 & !_LC122 & 
             !_LC123
         #  err & !_LC055 & !_LC101 & !_LC108 & !_LC109 & !_LC121 & !_LC122 & 
             !_LC123;

-- Node name is '|SYN_MUX:20|:16' = '|SYN_MUX:20|setup0' 
-- Equation name is '_LC050', type is buried 
_LC050   = TFFE( _EQ060, GLOBAL( clk),  VCC,  VCC,  VCC);
  _EQ060 =  err & !_LC050 &  _LC061 & !_LC101 & !_LC118 &  _LC121 & !_LC122 & 
             !_LC123 &  x3
         #  err &  _LC050 &  _LC061 & !_LC101 & !_LC118 & !_LC121 & !_LC122 & 
             !_LC123 &  x3
         #  err &  _LC050 & !_LC101 & !_LC118 &  _LC121 & !_LC122 & !_LC123 & 
             !x3
         #  err & !_LC050 & !_LC101 & !_LC118 & !_LC121 & !_LC122 & !_LC123 & 
             !x3;

-- Node name is '|SYN_MUX:20|:15' = '|SYN_MUX:20|setup1' 
-- Equation name is '_LC061', type is buried 
_LC061   = TFFE( _EQ061, GLOBAL( clk),  VCC,  VCC,  VCC);
  _EQ061 =  err &  _LC050 & !_LC061 & !_LC101 & !_LC118 &  _LC121 & !_LC122 & 
             !_LC123
         #  err & !_LC050 & !_LC061 & !_LC101 & !_LC118 & !_LC121 & !_LC122 & 
             !_LC123;

-- Node name is '|SYN_MUX:21|:16' = '|SYN_MUX:21|setup0' 
-- Equation name is '_LC033', type is buried 
_LC033   = TFFE(!_EQ062, GLOBAL( clk),  VCC,  VCC,  VCC);
  _EQ062 = !_LC037 &  _X027 &  _X028 &  _X029;
  _X027  = EXP( err & !_LC033 & !_LC035 & !_LC052 & !_LC055 & !_LC101 &  _LC118 & 
             !_LC121 & !_LC123);
  _X028  = EXP( err & !_LC033 & !_LC035 & !_LC052 & !_LC055 & !_LC101 & !_LC121 & 
             !_LC123 & !x5);
  _X029  = EXP( err & !_LC033 & !_LC035 & !_LC055 & !_LC101 & !_LC121 & !_LC122 & 
             !_LC123 & !x5);

-- Node name is '|SYN_MUX:21|:15' = '|SYN_MUX:21|setup1' 
-- Equation name is '_LC052', type is buried 
_LC052   = TFFE(!_EQ063, GLOBAL( clk),  VCC,  VCC,  VCC);
  _EQ063 = !_LC047 &  _X030;
  _X030  = EXP( err & !_LC033 & !_LC035 & !_LC052 & !_LC055 & !_LC101 & !_LC118 & 
             !_LC121 & !_LC123);

-- Node name is '|SYN_MUX:21|~592~1' 
-- Equation name is '_LC047', type is buried 
-- synthesized logic cell 
_LC047   = LCELL( _EQ064 $  GND);
  _EQ064 =  err &  _LC033 & !_LC035 &  _LC052 & !_LC055 & !_LC101 &  _LC118 & 
              _LC121 & !_LC122 & !_LC123 & !x5
         #  err &  _LC033 & !_LC035 &  _LC052 & !_LC055 & !_LC101 &  _LC118 & 
             !_LC121 & !_LC122 & !_LC123 &  x5
         #  err & !_LC033 & !_LC035 &  _LC052 & !_LC055 & !_LC101 &  _LC118 & 
              _LC121 & !_LC122 & !_LC123 &  x5
         #  err & !_LC033 & !_LC035 &  _LC052 & !_LC055 & !_LC101 &  _LC118 & 
             !_LC121 & !_LC122 & !_LC123 & !x5
         #  err &  _LC033 & !_LC035 & !_LC052 & !_LC055 & !_LC101 & !_LC118 & 
              _LC121 & !_LC123;

-- Node name is '|SYN_MUX:21|~598~1' 
-- Equation name is '_LC037', type is buried 
-- synthesized logic cell 
_LC037   = LCELL( _EQ065 $  GND);
  _EQ065 =  err & !_LC033 & !_LC035 &  _LC052 & !_LC055 & !_LC101 & !_LC118 & 
              _LC121 & !_LC122 & !_LC123 &  x5
         #  err &  _LC033 & !_LC035 &  _LC052 & !_LC055 & !_LC101 & !_LC118 & 
             !_LC121 & !_LC122 & !_LC123 &  x5
         #  err &  _LC033 & !_LC035 & !_LC052 & !_LC055 & !_LC101 &  _LC118 & 
              _LC121 & !_LC123
         #  err &  _LC033 & !_LC035 & !_LC052 & !_LC055 & !_LC101 &  _LC121 & 
             !_LC123 & !x5
         #  err &  _LC033 & !_LC035 & !_LC055 & !_LC101 &  _LC121 & !_LC122 & 
             !_LC123 & !x5;

-- Node name is '|SYN_MUX:21|~604~1' 
-- Equation name is '_LC038', type is buried 
-- synthesized logic cell 
_LC038   = LCELL( _EQ066 $  GND);
  _EQ066 =  err & !e5 &  _LC033 & !_LC035 &  _LC052 & !_LC055 & !_LC101 & 
             !_LC118 &  _LC121 &  _LC122 & !_LC123 & !x5
         #  err & !e5 & !_LC033 & !_LC035 &  _LC052 & !_LC055 & !_LC101 & 
             !_LC118 &  _LC121 &  _LC122 & !_LC123 &  x5
         #  err & !e5 &  _LC033 & !_LC035 &  _LC052 & !_LC055 & !_LC101 & 
             !_LC118 & !_LC121 &  _LC122 & !_LC123 &  x5
         #  err & !e5 & !_LC033 & !_LC035 &  _LC052 & !_LC055 & !_LC101 & 
             !_LC118 & !_LC121 &  _LC122 & !_LC123 & !x5
         #  err &  e5 &  _LC033 & !_LC035 &  _LC052 & !_LC055 & !_LC101 & 
              _LC118 & !_LC121 & !_LC123 &  x5;

-- Node name is '|SYN_MUX:21|~604~2' 
-- Equation name is '_LC039', type is buried 
-- synthesized logic cell 
_LC039   = LCELL( _EQ067 $  GND);
  _EQ067 =  err &  e5 & !_LC033 & !_LC035 &  _LC052 & !_LC055 & !_LC101 & 
              _LC118 &  _LC121 & !_LC123 &  x5
         #  err &  e5 &  _LC033 & !_LC035 &  _LC052 & !_LC055 & !_LC101 & 
             !_LC121 & !_LC122 & !_LC123 &  x5
         #  err &  e5 & !_LC033 & !_LC035 &  _LC052 & !_LC055 & !_LC101 & 
              _LC121 & !_LC122 & !_LC123 &  x5
         #  err &  e5 &  _LC033 & !_LC035 & !_LC055 & !_LC101 &  _LC118 & 
              _LC121 & !_LC123 & !x5
         #  err &  e5 &  _LC033 & !_LC035 & !_LC055 & !_LC101 &  _LC121 & 
             !_LC122 & !_LC123 & !x5;

-- Node name is '|SYN_MUX:21|~604~3' 
-- Equation name is '_LC040', type is buried 
-- synthesized logic cell 
_LC040   = LCELL( _EQ068 $  GND);
  _EQ068 =  err &  e5 & !_LC033 & !_LC035 & !_LC055 & !_LC101 &  _LC118 & 
             !_LC121 & !_LC123 & !x5
         #  err &  e5 & !_LC033 & !_LC035 & !_LC055 & !_LC101 & !_LC121 & 
             !_LC122 & !_LC123 & !x5
         #  err &  e5 &  _LC033 & !_LC035 & !_LC052 & !_LC055 & !_LC101 & 
              _LC121 & !_LC123
         #  err &  e5 & !_LC033 & !_LC035 & !_LC052 & !_LC055 & !_LC101 & 
             !_LC121 & !_LC123;



--     Shareable expanders that are duplicated in multiple LABs:
--    _X003 occurs in LABs D, E, F, G
--    _X004 occurs in LABs D, E, F, G
--    _X005 occurs in LABs D, E, F, G
--    _X006 occurs in LABs D, E, F
--    _X007 occurs in LABs D, E, F
--    _X008 occurs in LABs F, G
--    _X009 occurs in LABs F, G
--    _X011 occurs in LABs D, E, F, G
--    _X012 occurs in LABs D, E, F
--    _X013 occurs in LABs F, G
--    _X014 occurs in LABs D, E, F
--    _X015 occurs in LABs E, G
--    _X016 occurs in LABs E, G
--    _X017 occurs in LABs D, E, G
--    _X018 occurs in LABs D, E, G




Project Information           e:\vhdldesigns\research\errmajbp01\dneuron01.rpt

** COMPILATION SETTINGS & TIMES **

Processing Menu Commands
------------------------

Design Doctor                             = off

Logic Synthesis:

   Synthesis Type Used                    = Standard

   Default Synthesis Style                = NORMAL

      Logic option settings in 'NORMAL' style for 'MAX7000S' family

      DECOMPOSE_GATES                     = on
      DUPLICATE_LOGIC_EXTRACTION          = on
      MINIMIZATION                        = full
      MULTI_LEVEL_FACTORING               = on
      NOT_GATE_PUSH_BACK                  = on
      PARALLEL_EXPANDERS                  = off
      REDUCE_LOGIC                        = on
      REFACTORIZATION                     = on
      REGISTER_OPTIMIZATION               = on
      RESYNTHESIZE_NETWORK                = on
      SLOW_SLEW_RATE                      = off
      SOFT_BUFFER_INSERTION               = on
      SUBFACTOR_EXTRACTION                = on
      TURBO_BIT                           = on
      XOR_SYNTHESIS                       = on
      IGNORE_SOFT_BUFFERS                 = off
      USE_LPM_FOR_AHDL_OPERATORS          = off

   Other logic synthesis settings:

      Automatic Global Clock              = on
      Automatic Global Clear              = on
      Automatic Global Preset             = on
      Automatic Global Output Enable      = on
      Automatic Fast I/O                  = off
      Automatic Register Packing          = off
      Automatic Open-Drain Pins           = on
      Automatic Implement in EAB          = off
      One-Hot State Machine Encoding      = off
      Optimize                            = 5

Default Timing Specifications: None

Cut All Bidir Feedback Timing Paths       = on
Cut All Clear & Preset Timing Paths       = on

Ignore Timing Assignments                 = on

Functional SNF Extractor                  = off

Linked SNF Extractor                      = off
Timing SNF Extractor                      = on
Optimize Timing SNF                       = off
Generate AHDL TDO File                    = off
Fitter Settings                           = NORMAL
Smart Recompile                           = off
Total Recompile                           = off

Interfaces Menu Commands
------------------------

EDIF Netlist Writer                       = off
Verilog Netlist Writer                    = off
VHDL Netlist Writer                       = off

Compilation Times
-----------------

   Compiler Netlist Extractor             00:00:00
   Database Builder                       00:00:01
   Logic Synthesizer                      00:00:01
   Partitioner                            00:00:00
   Fitter                                 00:00:03
   Timing SNF Extractor                   00:00:00
   Assembler                              00:00:04
   --------------------------             --------
   Total Time                             00:00:09


Memory Allocated
-----------------

Peak memory allocated during compilation  = 8,056K
