Project Information              e:\vhdldesigns\ee231\10latches\register01.rpt

MAX+plus II Compiler Report File
Version 10.1 06/12/2001
Compiled: 02/13/2002 18:59:58

Copyright (C) 1988-2001 Altera Corporation
Any megafunction design, and related net list (encrypted or decrypted),
support information, device programming or simulation file, and any other
associated documentation or information provided by Altera or a partner
under Altera's Megafunction Partnership Program may be used only to
program PLD devices (but not masked PLD devices) from Altera.  Any other
use of such megafunction design, net list, support information, device
programming or simulation file, or any other related documentation or
information is prohibited for any other purpose, including, but not
limited to modification, reverse engineering, de-compiling, or use with
any other silicon devices, unless such use is explicitly licensed under
a separate agreement with Altera or a megafunction partner.  Title to
the intellectual property, including patents, copyrights, trademarks,
trade secrets, or maskworks, embodied in any such megafunction design,
net list, support information, device programming or simulation file, or
any other related documentation or information provided by Altera or a
megafunction partner, remains with Altera, the megafunction partner, or
their respective licensors.  No other licenses, including any licenses
needed under any third party's intellectual property, are provided herein.



***** Project compilation was successful


REGISTER01


** DEVICE SUMMARY **

Chip/                     Input   Output   Bidir         Shareable
POF       Device          Pins    Pins     Pins     LCs  Expanders  % Utilized

register01
      EPM7032SLC44-5       13       8        0      15      0           46 %

User Pins:                 13       8        0  



Project Information              e:\vhdldesigns\ee231\10latches\register01.rpt

** AUTO GLOBAL SIGNALS **



INFO: Signal 'clk' chosen for auto global Clock


Project Information              e:\vhdldesigns\ee231\10latches\register01.rpt

** FILE HIERARCHY **



|lpm_add_sub:58|
|lpm_add_sub:58|addcore:adder|
|lpm_add_sub:58|altshift:result_ext_latency_ffs|
|lpm_add_sub:58|altshift:carry_ext_latency_ffs|
|lpm_add_sub:58|altshift:oflow_ext_latency_ffs|


Device-Specific Information:     e:\vhdldesigns\ee231\10latches\register01.rpt
register01

***** Logic for device 'register01' compiled without errors.




Device: EPM7032SLC44-5

Device Options:
    Turbo Bit                                    = ON
    Security Bit                                 = OFF
    Enable JTAG Support                        = ON
    User Code                                  = ffff

                                               
                                               
              s                                
              c  s  s                          
              l  i  l                          
              e  n  o  V  G  G  G  c  G        
              a  c  a  C  N  N  N  l  N  q  q  
              r  r  d  C  D  D  D  k  D  0  3  
            -----------------------------------_ 
          /   6  5  4  3  2  1 44 43 42 41 40   | 
    #TDI |  7                                39 | q4 
  aclear |  8                                38 | #TDO 
      d7 |  9                                37 | q5 
     GND | 10                                36 | RESERVED 
      d4 | 11                                35 | VCC 
      d0 | 12         EPM7032SLC44-5         34 | q1 
    #TMS | 13                                33 | q2 
      d1 | 14                                32 | #TCK 
     VCC | 15                                31 | RESERVED 
      d2 | 16                                30 | GND 
      d3 | 17                                29 | q6 
         |_  18 19 20 21 22 23 24 25 26 27 28  _| 
           ------------------------------------ 
              d  d  R  R  G  V  R  R  R  q  R  
              6  5  E  E  N  C  E  E  E  7  E  
                    S  S  D  C  S  S  S     S  
                    E  E        E  E  E     E  
                    R  R        R  R  R     R  
                    V  V        V  V  V     V  
                    E  E        E  E  E     E  
                    D  D        D  D  D     D  


N.C. = No Connect. This pin has no internal connection to the device.
VCC = Dedicated power pin, which MUST be connected to VCC.
GND = Dedicated ground pin or unused dedicated input, which MUST be connected to GND.
RESERVED = Unused I/O pin, which MUST be left unconnected.

^ = Dedicated configuration pin.
+ = Reserved configuration pin, which is tri-stated during user mode.
* = Reserved configuration pin, which drives out in user mode.
PDn = Power Down pin. 
@ = Special-purpose pin. 
# = JTAG Boundary-Scan Testing/In-System Programming or Configuration Pin. The JTAG inputs TMS and TDI should be tied to VCC and TCK should be tied to GND when not in use.
& = JTAG pin used for I/O. When used as user I/O, JTAG pins must be kept stable before and during configuration.  JTAG pin stability prevents accidental loading of JTAG instructions.


Device-Specific Information:     e:\vhdldesigns\ee231\10latches\register01.rpt
register01

** RESOURCE USAGE **

                                                Shareable     External
Logic Array Block     Logic Cells   I/O Pins    Expanders   Interconnect

A:     LC1 - LC16     0/16(  0%)  14/16( 87%)   0/16(  0%)   0/36(  0%) 
B:    LC17 - LC32    15/16( 93%)  10/16( 62%)   7/16( 43%)  27/36( 75%) 


Total dedicated input pins used:                 1/4      ( 25%)
Total I/O pins used:                            24/32     ( 75%)
Total logic cells used:                         15/32     ( 46%)
Total shareable expanders used:                  0/32     (  0%)
Total Turbo logic cells used:                   15/32     ( 46%)
Total shareable expanders not available (n/a):   7/32     ( 21%)
Average fan-in:                                  6.53
Total fan-in:                                    98

Total input pins required:                      13
Total fast input logic cells required:           0
Total output pins required:                      8
Total bidirectional pins required:               0
Total reserved pins required                     4
Total logic cells required:                     15
Total flipflops required:                        8
Total product terms required:                   53
Total logic cells lending parallel expanders:    0
Total shareable expanders in database:           0

Synthesized logic cells:                         0/  32   (  0%)



Device-Specific Information:     e:\vhdldesigns\ee231\10latches\register01.rpt
register01

** INPUTS **

                                         Shareable
                                         Expanders     Fan-In    Fan-Out
 Pin     LC  LAB  Primitive    Code   Total Shared n/a INP  FBK  OUT  FBK  Name
   8    (5)  (A)      INPUT               0      0   0    0    0    8    0  aclear
  43      -   -       INPUT  G            0      0   0    0    0    0    0  clk
  12    (8)  (A)      INPUT               0      0   0    0    0    1    0  d0
  14   (10)  (A)      INPUT               0      0   0    0    0    1    0  d1
  16   (11)  (A)      INPUT               0      0   0    0    0    1    0  d2
  17   (12)  (A)      INPUT               0      0   0    0    0    1    0  d3
  11    (7)  (A)      INPUT               0      0   0    0    0    1    0  d4
  19   (14)  (A)      INPUT               0      0   0    0    0    1    0  d5
  18   (13)  (A)      INPUT               0      0   0    0    0    1    0  d6
   9    (6)  (A)      INPUT               0      0   0    0    0    1    0  d7
   6    (3)  (A)      INPUT               0      0   0    0    0    8    0  sclear
   5    (2)  (A)      INPUT               0      0   0    0    0    8    0  sincr
   4    (1)  (A)      INPUT               0      0   0    0    0    8    0  sload


Code:

s = Synthesized pin or logic cell
t = Turbo logic cell
+ = Synchronous flipflop
/ = Slow slew-rate output
! = NOT gate push-back
r = Fitter-inserted logic cell
G = Global Source. Fan-out destinations counted here do not include destinations
that are driven using global routing resources. Refer to the Auto Global Signals,
Clock Signals, Clear Signals, Synchronous Load Signals, and Synchronous Clear Signals
Sections of this Report File for information on which signals' fan-outs are used as
Clock, Clear, Preset, Output Enable, and synchronous Load signals.


Device-Specific Information:     e:\vhdldesigns\ee231\10latches\register01.rpt
register01

** OUTPUTS **

                                         Shareable
                                         Expanders     Fan-In    Fan-Out
 Pin     LC  LAB  Primitive    Code   Total Shared n/a INP  FBK  OUT  FBK  Name
  41     17    B         FF   +  t        0      0   0    5    1    1    7  q0 (:31)
  34     23    B         FF   +  t        1      0   1    5    2    1    7  q1 (:30)
  33     24    B         FF   +  t        1      0   1    5    2    1    6  q2 (:29)
  40     18    B         FF   +  t        1      0   1    5    2    1    5  q3 (:28)
  39     19    B         FF   +  t        1      0   1    5    2    1    4  q4 (:27)
  37     21    B         FF   +  t        1      0   1    5    2    1    3  q5 (:26)
  29     27    B         FF   +  t        1      0   1    5    2    1    2  q6 (:25)
  27     29    B         FF   +  t        1      0   1    5    2    1    1  q7 (:24)


Code:

s = Synthesized pin or logic cell
t = Turbo logic cell
+ = Synchronous flipflop
/ = Slow slew-rate output
! = NOT gate push-back
r = Fitter-inserted logic cell


Device-Specific Information:     e:\vhdldesigns\ee231\10latches\register01.rpt
register01

** BURIED LOGIC **

                                         Shareable
                                         Expanders     Fan-In    Fan-Out
 Pin     LC  LAB  Primitive    Code   Total Shared n/a INP  FBK  OUT  FBK  Name
 (38)    20    B       SOFT      t        0      0   0    0    2    1    0  |LPM_ADD_SUB:58|addcore:adder|result_node1
 (32)    25    B       SOFT      t        0      0   0    0    3    1    0  |LPM_ADD_SUB:58|addcore:adder|result_node2
 (36)    22    B       SOFT      t        0      0   0    0    4    1    0  |LPM_ADD_SUB:58|addcore:adder|result_node3
 (31)    26    B       SOFT      t        0      0   0    0    5    1    0  |LPM_ADD_SUB:58|addcore:adder|result_node4
 (28)    28    B       SOFT      t        0      0   0    0    6    1    0  |LPM_ADD_SUB:58|addcore:adder|result_node5
 (26)    30    B       SOFT      t        0      0   0    0    7    1    0  |LPM_ADD_SUB:58|addcore:adder|result_node6
 (25)    31    B       SOFT      t        0      0   0    0    8    1    0  |LPM_ADD_SUB:58|addcore:adder|result_node7


Code:

s = Synthesized pin or logic cell
t = Turbo logic cell
+ = Synchronous flipflop
/ = Slow slew-rate output
! = NOT gate push-back
r = Fitter-inserted logic cell


Device-Specific Information:     e:\vhdldesigns\ee231\10latches\register01.rpt
register01

** LOGIC CELL INTERCONNECTIONS **

Logic Array Block 'B':

                                       Logic cells placed in LAB 'B'
        +----------------------------- LC20 |LPM_ADD_SUB:58|addcore:adder|result_node1
        | +--------------------------- LC25 |LPM_ADD_SUB:58|addcore:adder|result_node2
        | | +------------------------- LC22 |LPM_ADD_SUB:58|addcore:adder|result_node3
        | | | +----------------------- LC26 |LPM_ADD_SUB:58|addcore:adder|result_node4
        | | | | +--------------------- LC28 |LPM_ADD_SUB:58|addcore:adder|result_node5
        | | | | | +------------------- LC30 |LPM_ADD_SUB:58|addcore:adder|result_node6
        | | | | | | +----------------- LC31 |LPM_ADD_SUB:58|addcore:adder|result_node7
        | | | | | | | +--------------- LC17 q0
        | | | | | | | | +------------- LC23 q1
        | | | | | | | | | +----------- LC24 q2
        | | | | | | | | | | +--------- LC18 q3
        | | | | | | | | | | | +------- LC19 q4
        | | | | | | | | | | | | +----- LC21 q5
        | | | | | | | | | | | | | +--- LC27 q6
        | | | | | | | | | | | | | | +- LC29 q7
        | | | | | | | | | | | | | | | 
        | | | | | | | | | | | | | | |   Other LABs fed by signals
        | | | | | | | | | | | | | | |   that feed LAB 'B'
LC      | | | | | | | | | | | | | | | | A B |     Logic cells that feed LAB 'B':
LC20 -> - - - - - - - - * - - - - - - | - * | <-- |LPM_ADD_SUB:58|addcore:adder|result_node1
LC25 -> - - - - - - - - - * - - - - - | - * | <-- |LPM_ADD_SUB:58|addcore:adder|result_node2
LC22 -> - - - - - - - - - - * - - - - | - * | <-- |LPM_ADD_SUB:58|addcore:adder|result_node3
LC26 -> - - - - - - - - - - - * - - - | - * | <-- |LPM_ADD_SUB:58|addcore:adder|result_node4
LC28 -> - - - - - - - - - - - - * - - | - * | <-- |LPM_ADD_SUB:58|addcore:adder|result_node5
LC30 -> - - - - - - - - - - - - - * - | - * | <-- |LPM_ADD_SUB:58|addcore:adder|result_node6
LC31 -> - - - - - - - - - - - - - - * | - * | <-- |LPM_ADD_SUB:58|addcore:adder|result_node7
LC17 -> * * * * * * * * - - - - - - - | - * | <-- q0
LC23 -> * * * * * * * - * - - - - - - | - * | <-- q1
LC24 -> - * * * * * * - - * - - - - - | - * | <-- q2
LC18 -> - - * * * * * - - - * - - - - | - * | <-- q3
LC19 -> - - - * * * * - - - - * - - - | - * | <-- q4
LC21 -> - - - - * * * - - - - - * - - | - * | <-- q5
LC27 -> - - - - - * * - - - - - - * - | - * | <-- q6
LC29 -> - - - - - - * - - - - - - - * | - * | <-- q7

Pin
8    -> - - - - - - - * * * * * * * * | - * | <-- aclear
43   -> - - - - - - - - - - - - - - - | - - | <-- clk
12   -> - - - - - - - * - - - - - - - | - * | <-- d0
14   -> - - - - - - - - * - - - - - - | - * | <-- d1
16   -> - - - - - - - - - * - - - - - | - * | <-- d2
17   -> - - - - - - - - - - * - - - - | - * | <-- d3
11   -> - - - - - - - - - - - * - - - | - * | <-- d4
19   -> - - - - - - - - - - - - * - - | - * | <-- d5
18   -> - - - - - - - - - - - - - * - | - * | <-- d6
9    -> - - - - - - - - - - - - - - * | - * | <-- d7
6    -> - - - - - - - * * * * * * * * | - * | <-- sclear
5    -> - - - - - - - * * * * * * * * | - * | <-- sincr
4    -> - - - - - - - * * * * * * * * | - * | <-- sload


* = The logic cell or pin is an input to the logic cell (or LAB) through the PIA.
- = The logic cell or pin is not an input to the logic cell (or LAB).


Device-Specific Information:     e:\vhdldesigns\ee231\10latches\register01.rpt
register01

** EQUATIONS **

aclear   : INPUT;
clk      : INPUT;
d0       : INPUT;
d1       : INPUT;
d2       : INPUT;
d3       : INPUT;
d4       : INPUT;
d5       : INPUT;
d6       : INPUT;
d7       : INPUT;
sclear   : INPUT;
sincr    : INPUT;
sload    : INPUT;

-- Node name is 'q0' = 'qi0' 
-- Equation name is 'q0', location is LC017, type is output.
 q0      = DFFE( _EQ001 $  GND, GLOBAL( clk), !aclear,  VCC,  VCC);
  _EQ001 =  d0 & !sclear & !sincr &  sload
         #  q0 & !sclear & !sincr & !sload
         # !q0 & !sclear &  sincr;

-- Node name is 'q1' = 'qi1' 
-- Equation name is 'q1', location is LC023, type is output.
 q1      = DFFE( _EQ002 $ !sclear, GLOBAL( clk), !aclear,  VCC,  VCC);
  _EQ002 = !d1 & !sclear & !sincr &  sload
         # !q1 & !sclear & !sincr & !sload
         # !_LC020 & !sclear &  sincr;

-- Node name is 'q2' = 'qi2' 
-- Equation name is 'q2', location is LC024, type is output.
 q2      = DFFE( _EQ003 $ !sclear, GLOBAL( clk), !aclear,  VCC,  VCC);
  _EQ003 = !d2 & !sclear & !sincr &  sload
         # !q2 & !sclear & !sincr & !sload
         # !_LC025 & !sclear &  sincr;

-- Node name is 'q3' = 'qi3' 
-- Equation name is 'q3', location is LC018, type is output.
 q3      = DFFE( _EQ004 $ !sclear, GLOBAL( clk), !aclear,  VCC,  VCC);
  _EQ004 = !d3 & !sclear & !sincr &  sload
         # !q3 & !sclear & !sincr & !sload
         # !_LC022 & !sclear &  sincr;

-- Node name is 'q4' = 'qi4' 
-- Equation name is 'q4', location is LC019, type is output.
 q4      = DFFE( _EQ005 $ !sclear, GLOBAL( clk), !aclear,  VCC,  VCC);
  _EQ005 = !d4 & !sclear & !sincr &  sload
         # !q4 & !sclear & !sincr & !sload
         # !_LC026 & !sclear &  sincr;

-- Node name is 'q5' = 'qi5' 
-- Equation name is 'q5', location is LC021, type is output.
 q5      = DFFE( _EQ006 $ !sclear, GLOBAL( clk), !aclear,  VCC,  VCC);
  _EQ006 = !d5 & !sclear & !sincr &  sload
         # !q5 & !sclear & !sincr & !sload
         # !_LC028 & !sclear &  sincr;

-- Node name is 'q6' = 'qi6' 
-- Equation name is 'q6', location is LC027, type is output.
 q6      = DFFE( _EQ007 $ !sclear, GLOBAL( clk), !aclear,  VCC,  VCC);
  _EQ007 = !d6 & !sclear & !sincr &  sload
         # !q6 & !sclear & !sincr & !sload
         # !_LC030 & !sclear &  sincr;

-- Node name is 'q7' = 'qi7' 
-- Equation name is 'q7', location is LC029, type is output.
 q7      = DFFE( _EQ008 $ !sclear, GLOBAL( clk), !aclear,  VCC,  VCC);
  _EQ008 = !d7 & !sclear & !sincr &  sload
         # !q7 & !sclear & !sincr & !sload
         # !_LC031 & !sclear &  sincr;

-- Node name is '|LPM_ADD_SUB:58|addcore:adder|result_node1' from file "addcore.tdf" line 164, column 16
-- Equation name is '_LC020', type is buried 
_LC020   = LCELL( q1 $  q0);

-- Node name is '|LPM_ADD_SUB:58|addcore:adder|result_node2' from file "addcore.tdf" line 164, column 16
-- Equation name is '_LC025', type is buried 
_LC025   = LCELL( q2 $  _EQ009);
  _EQ009 =  q0 &  q1;

-- Node name is '|LPM_ADD_SUB:58|addcore:adder|result_node3' from file "addcore.tdf" line 164, column 16
-- Equation name is '_LC022', type is buried 
_LC022   = LCELL( q3 $  _EQ010);
  _EQ010 =  q0 &  q1 &  q2;

-- Node name is '|LPM_ADD_SUB:58|addcore:adder|result_node4' from file "addcore.tdf" line 164, column 16
-- Equation name is '_LC026', type is buried 
_LC026   = LCELL( q4 $  _EQ011);
  _EQ011 =  q0 &  q1 &  q2 &  q3;

-- Node name is '|LPM_ADD_SUB:58|addcore:adder|result_node5' from file "addcore.tdf" line 164, column 16
-- Equation name is '_LC028', type is buried 
_LC028   = LCELL( q5 $  _EQ012);
  _EQ012 =  q0 &  q1 &  q2 &  q3 &  q4;

-- Node name is '|LPM_ADD_SUB:58|addcore:adder|result_node6' from file "addcore.tdf" line 164, column 16
-- Equation name is '_LC030', type is buried 
_LC030   = LCELL( q6 $  _EQ013);
  _EQ013 =  q0 &  q1 &  q2 &  q3 &  q4 &  q5;

-- Node name is '|LPM_ADD_SUB:58|addcore:adder|result_node7' from file "addcore.tdf" line 164, column 16
-- Equation name is '_LC031', type is buried 
_LC031   = LCELL( q7 $  _EQ014);
  _EQ014 =  q0 &  q1 &  q2 &  q3 &  q4 &  q5 &  q6;



--     Shareable expanders that are duplicated in multiple LABs:
--     (none)




Project Information              e:\vhdldesigns\ee231\10latches\register01.rpt

** COMPILATION SETTINGS & TIMES **

Processing Menu Commands
------------------------

Design Doctor                             = off

Logic Synthesis:

   Synthesis Type Used                    = Standard

   Default Synthesis Style                = NORMAL

      Logic option settings in 'NORMAL' style for 'MAX7000S' family

      DECOMPOSE_GATES                     = on
      DUPLICATE_LOGIC_EXTRACTION          = on
      MINIMIZATION                        = full
      MULTI_LEVEL_FACTORING               = on
      NOT_GATE_PUSH_BACK                  = on
      PARALLEL_EXPANDERS                  = off
      REDUCE_LOGIC                        = on
      REFACTORIZATION                     = on
      REGISTER_OPTIMIZATION               = on
      RESYNTHESIZE_NETWORK                = on
      SLOW_SLEW_RATE                      = off
      SOFT_BUFFER_INSERTION               = on
      SUBFACTOR_EXTRACTION                = on
      TURBO_BIT                           = on
      XOR_SYNTHESIS                       = on
      IGNORE_SOFT_BUFFERS                 = off
      USE_LPM_FOR_AHDL_OPERATORS          = off

   Other logic synthesis settings:

      Automatic Global Clock              = on
      Automatic Global Clear              = on
      Automatic Global Preset             = on
      Automatic Global Output Enable      = on
      Automatic Fast I/O                  = off
      Automatic Register Packing          = off
      Automatic Open-Drain Pins           = on
      Automatic Implement in EAB          = off
      One-Hot State Machine Encoding      = off
      Optimize                            = 5

Default Timing Specifications: None

Cut All Bidir Feedback Timing Paths       = on
Cut All Clear & Preset Timing Paths       = on

Ignore Timing Assignments                 = on

Functional SNF Extractor                  = off

Linked SNF Extractor                      = off
Timing SNF Extractor                      = on
Optimize Timing SNF                       = off
Generate AHDL TDO File                    = off
Fitter Settings                           = NORMAL
Smart Recompile                           = off
Total Recompile                           = off

Interfaces Menu Commands
------------------------

EDIF Netlist Writer                       = off
Verilog Netlist Writer                    = off
VHDL Netlist Writer                       = off

Compilation Times
-----------------

   Compiler Netlist Extractor             00:00:00
   Database Builder                       00:00:00
   Logic Synthesizer                      00:00:00
   Partitioner                            00:00:01
   Fitter                                 00:00:00
   Timing SNF Extractor                   00:00:00
   Assembler                              00:00:02
   --------------------------             --------
   Total Time                             00:00:03


Memory Allocated
-----------------

Peak memory allocated during compilation  = 4,257K
