Project Information                      e:\vhdldesigns\ee231\12up2\busmux.rpt

MAX+plus II Compiler Report File
Version 10.1 06/12/2001
Compiled: 02/20/2002 13:06:19

Copyright (C) 1988-2001 Altera Corporation
Any megafunction design, and related net list (encrypted or decrypted),
support information, device programming or simulation file, and any other
associated documentation or information provided by Altera or a partner
under Altera's Megafunction Partnership Program may be used only to
program PLD devices (but not masked PLD devices) from Altera.  Any other
use of such megafunction design, net list, support information, device
programming or simulation file, or any other related documentation or
information is prohibited for any other purpose, including, but not
limited to modification, reverse engineering, de-compiling, or use with
any other silicon devices, unless such use is explicitly licensed under
a separate agreement with Altera or a megafunction partner.  Title to
the intellectual property, including patents, copyrights, trademarks,
trade secrets, or maskworks, embodied in any such megafunction design,
net list, support information, device programming or simulation file, or
any other related documentation or information provided by Altera or a
megafunction partner, remains with Altera, the megafunction partner, or
their respective licensors.  No other licenses, including any licenses
needed under any third party's intellectual property, are provided herein.



***** Project compilation was successful


BUSMUX


** DEVICE SUMMARY **

Chip/                     Input Output Bidir  Memory  Memory  			 LCs
POF       Device          Pins  Pins   Pins   Bits % Utilized  LCs  % Utilized

busmux    EPF10K10LC84-3   17     8      0    0         0  %    8        1  %

User Pins:                 17     8      0  



Device-Specific Information:             e:\vhdldesigns\ee231\12up2\busmux.rpt
busmux

***** Logic for device 'busmux' compiled without errors.




Device: EPF10K10LC84-3

FLEX 10K Configuration Scheme: Passive Serial

Device Options:
    User-Supplied Start-Up Clock               = OFF
    Auto-Restart Configuration on Frame Error  = OFF
    Release Clears Before Tri-States           = OFF
    Enable Chip_Wide Reset                     = OFF
    Enable Chip-Wide Output Enable             = OFF
    Enable INIT_DONE Output                    = OFF
    JTAG User Code                             = 7f

                                                                         ^     
                                                                         C     
                R  R  R  R  R  R  R     R                                O     
                E  E  E  E  E  E  E     E                    o  o  o     N     
                S  S  S  S  S  S  S  V  S  i  i  i  i  G  i  u  u  u     F     
                E  E  E  E  E  E  E  C  E  n  n  n  n  N  n  t  t  t     _  ^  
                R  R  R  R  R  R  R  C  R  p  p  p  p  D  p  p  p  p  #  D  n  
                V  V  V  V  V  V  V  I  V  u  u  u  u  I  u  u  u  u  T  O  C  
                E  E  E  E  E  E  E  N  E  t  t  t  t  N  t  t  t  t  C  N  E  
                D  D  D  D  D  D  D  T  D  8  1  9  7  T  5  4  6  3  K  E  O  
              -----------------------------------------------------------------_ 
            /  11 10  9  8  7  6  5  4  3  2  1 84 83 82 81 80 79 78 77 76 75   | 
    ^DATA0 | 12                                                              74 | #TDO 
     ^DCLK | 13                                                              73 | RESERVED 
      ^nCE | 14                                                              72 | RESERVED 
      #TDI | 15                                                              71 | RESERVED 
  RESERVED | 16                                                              70 | RESERVED 
  RESERVED | 17                                                              69 | RESERVED 
  RESERVED | 18                                                              68 | GNDINT 
  RESERVED | 19                                                              67 | RESERVED 
    VCCINT | 20                                                              66 | RESERVED 
  RESERVED | 21                                                              65 | RESERVED 
  RESERVED | 22                        EPF10K10LC84-3                        64 | output1 
  RESERVED | 23                                                              63 | VCCINT 
  RESERVED | 24                                                              62 | input15 
   output7 | 25                                                              61 | output0 
    GNDINT | 26                                                              60 | output2 
    input2 | 27                                                              59 | output5 
   input11 | 28                                                              58 | input4 
   input13 | 29                                                              57 | #TMS 
   input12 | 30                                                              56 | #TRST 
    ^MSEL0 | 31                                                              55 | ^nSTATUS 
    ^MSEL1 | 32                                                              54 | input3 
           |_  33 34 35 36 37 38 39 40 41 42 43 44 45 46 47 48 49 50 51 52 53  _| 
             ------------------------------------------------------------------ 
                V  ^  R  R  R  R  R  V  G  s  i  i  V  G  R  i  R  i  R  R  R  
                C  n  E  E  E  E  E  C  N  e  n  n  C  N  E  n  E  n  E  E  E  
                C  C  S  S  S  S  S  C  D  l  p  p  C  D  S  p  S  p  S  S  S  
                I  O  E  E  E  E  E  I  I     u  u  I  I  E  u  E  u  E  E  E  
                N  N  R  R  R  R  R  N  N     t  t  N  N  R  t  R  t  R  R  R  
                T  F  V  V  V  V  V  T  T     1  0  T  T  V  1  V  6  V  V  V  
                   I  E  E  E  E  E           0           E  4  E     E  E  E  
                   G  D  D  D  D  D                       D     D     D  D  D  
                                                                               
                                                                               


N.C. = No Connect. This pin has no internal connection to the device.
VCCINT = Dedicated power pin, which MUST be connected to VCC (5.0 volts).
VCCIO = Dedicated power pin, which MUST be connected to VCC (5.0 volts).
GNDINT = Dedicated ground pin or unused dedicated input, which MUST be connected to GND.
GNDIO = Dedicated ground pin, which MUST be connected to GND.
RESERVED = Unused I/O pin, which MUST be left unconnected.

^ = Dedicated configuration pin.
+ = Reserved configuration pin, which is tri-stated during user mode.
* = Reserved configuration pin, which drives out in user mode.
PDn = Power Down pin. 
@ = Special-purpose pin. 
# = JTAG Boundary-Scan Testing/In-System Programming or Configuration Pin. The JTAG inputs TMS and TDI should be tied to VCC and TCK should be tied to GND when not in use.
& = JTAG pin used for I/O. When used as user I/O, JTAG pins must be kept stable before and during configuration.  JTAG pin stability prevents accidental loading of JTAG instructions.


Device-Specific Information:             e:\vhdldesigns\ee231\12up2\busmux.rpt
busmux

** RESOURCE USAGE **

Logic                Column       Row                                   
Array                Interconnect Interconnect         Clears/     External  
Block   Logic Cells  Driven       Driven       Clocks  Presets   Interconnect
C23      8/ 8(100%)   5/ 8( 62%)   3/ 8( 37%)    0/2    0/2      17/22( 77%)   


Embedded             Column       Row                                   
Array     Embedded   Interconnect Interconnect         Read/      External  
Block     Cells      Driven       Driven       Clocks  Write    Interconnect


Total dedicated input pins used:                 6/6      (100%)
Total I/O pins used:                            19/53     ( 35%)
Total logic cells used:                          8/576    (  1%)
Total embedded cells used:                       0/24     (  0%)
Total EABs used:                                 0/3      (  0%)
Average fan-in:                                 3.00/4    ( 75%)
Total fan-in:                                  24/2304    (  1%)

Total input pins required:                      17
Total input I/O cell registers required:         0
Total output pins required:                      8
Total output I/O cell registers required:        0
Total buried I/O cell registers required:        0
Total bidirectional pins required:               0
Total reserved pins required                     0
Total logic cells required:                      8
Total flipflops required:                        0
Total packed registers required:                 0
Total logic cells in carry chains:               0
Total number of carry chains:                    0
Total logic cells in cascade chains:             0
Total number of cascade chains:                  0
Total single-pin Clock Enables required:         0
Total single-pin Output Enables required:        0

Synthesized logic cells:                         0/ 576   (  0%)

Logic Cell and Embedded Cell Counts

Column:  01  02  03  04  05  06  07  08  09  10  11  12  EA  13  14  15  16  17  18  19  20  21  22  23  24  Total(LC/EC)
 A:      0   0   0   0   0   0   0   0   0   0   0   0   0   0   0   0   0   0   0   0   0   0   0   0   0      0/0  
 B:      0   0   0   0   0   0   0   0   0   0   0   0   0   0   0   0   0   0   0   0   0   0   0   0   0      0/0  
 C:      0   0   0   0   0   0   0   0   0   0   0   0   0   0   0   0   0   0   0   0   0   0   0   8   0      8/0  

Total:   0   0   0   0   0   0   0   0   0   0   0   0   0   0   0   0   0   0   0   0   0   0   0   8   0      8/0  



Device-Specific Information:             e:\vhdldesigns\ee231\12up2\busmux.rpt
busmux

** INPUTS **

                                                    Fan-In    Fan-Out
 Pin     LC     EC   Row  Col  Primitive    Code      INP  FBK  OUT  FBK  Name
  44      -     -    -    --      INPUT                0    0    0    1  input0
   1      -     -    -    --      INPUT                0    0    0    1  input1
  27      -     -    C    --      INPUT                0    0    0    1  input2
  54      -     -    -    21      INPUT                0    0    0    1  input3
  58      -     -    C    --      INPUT                0    0    0    1  input4
  81      -     -    -    22      INPUT                0    0    0    1  input5
  50      -     -    -    17      INPUT                0    0    0    1  input6
  83      -     -    -    13      INPUT                0    0    0    1  input7
   2      -     -    -    --      INPUT                0    0    0    1  input8
  84      -     -    -    --      INPUT                0    0    0    1  input9
  43      -     -    -    --      INPUT                0    0    0    1  input10
  28      -     -    C    --      INPUT                0    0    0    1  input11
  30      -     -    C    --      INPUT                0    0    0    1  input12
  29      -     -    C    --      INPUT                0    0    0    1  input13
  48      -     -    -    15      INPUT                0    0    0    1  input14
  62      -     -    C    --      INPUT                0    0    0    1  input15
  42      -     -    -    --      INPUT                0    0    0    8  sel


Code:

s = Synthesized pin or logic cell
+ = Synchronous flipflop
/ = Slow slew-rate output
! = NOT gate push-back
r = Fitter-inserted logic cell
@ = Uses single-pin Clock Enable
& = Uses single-pin Output Enable


Device-Specific Information:             e:\vhdldesigns\ee231\12up2\busmux.rpt
busmux

** OUTPUTS **

       Fed By Fed By                                Fan-In    Fan-Out
 Pin     LC     EC   Row  Col  Primitive    Code      INP  FBK  OUT  FBK  Name
  61      -     -    C    --     OUTPUT                0    1    0    0  output0
  64      -     -    B    --     OUTPUT                0    1    0    0  output1
  60      -     -    C    --     OUTPUT                0    1    0    0  output2
  78      -     -    -    24     OUTPUT                0    1    0    0  output3
  80      -     -    -    23     OUTPUT                0    1    0    0  output4
  59      -     -    C    --     OUTPUT                0    1    0    0  output5
  79      -     -    -    24     OUTPUT                0    1    0    0  output6
  25      -     -    B    --     OUTPUT                0    1    0    0  output7


Code:

s = Synthesized pin or logic cell
+ = Synchronous flipflop
/ = Slow slew-rate output
! = NOT gate push-back
r = Fitter-inserted logic cell
@ = Uses single-pin Clock Enable
& = Uses single-pin Output Enable


Device-Specific Information:             e:\vhdldesigns\ee231\12up2\busmux.rpt
busmux

** BURIED LOGIC **

                                                    Fan-In    Fan-Out
 IOC     LC     EC   Row  Col  Primitive    Code      INP  FBK  OUT  FBK  Name
   -      8     -    C    23        OR2                3    0    1    0  :69
   -      1     -    C    23        OR2                3    0    1    0  :75
   -      5     -    C    23        OR2                3    0    1    0  :81
   -      2     -    C    23        OR2                3    0    1    0  :87
   -      6     -    C    23        OR2                3    0    1    0  :93
   -      4     -    C    23        OR2                3    0    1    0  :99
   -      7     -    C    23        OR2                3    0    1    0  :105
   -      3     -    C    23        OR2                3    0    1    0  :111


Code:

s = Synthesized pin or logic cell
+ = Synchronous flipflop
/ = Slow slew-rate output
! = NOT gate push-back
r = Fitter-inserted logic cell
p = Packed register


Device-Specific Information:             e:\vhdldesigns\ee231\12up2\busmux.rpt
busmux

** FASTTRACK INTERCONNECT UTILIZATION **

Row FastTrack Interconnect:

          Global         Left Half-      Right Half-
         FastTrack       FastTrack       FastTrack 
Row     Interconnect    Interconnect    Interconnect    Input Pins     Output Pins     Bidir Pins
A:       0/ 96(  0%)     0/ 48(  0%)     0/ 48(  0%)    0/16(  0%)      0/16(  0%)     0/16(  0%)
B:       1/ 96(  1%)     0/ 48(  0%)     1/ 48(  2%)    0/16(  0%)      2/16( 12%)     0/16(  0%)
C:       6/ 96(  6%)     0/ 48(  0%)     8/ 48( 16%)    6/16( 37%)      3/16( 18%)     0/16(  0%)


Column FastTrack Interconnect:

         FastTrack                                 
Column  Interconnect    Input Pins     Output Pins     Bidir Pins
01:      0/24(  0%)     0/4(  0%)      0/4(  0%)       0/4(  0%)
02:      0/24(  0%)     0/4(  0%)      0/4(  0%)       0/4(  0%)
03:      0/24(  0%)     0/4(  0%)      0/4(  0%)       0/4(  0%)
04:      0/24(  0%)     0/4(  0%)      0/4(  0%)       0/4(  0%)
05:      0/24(  0%)     0/4(  0%)      0/4(  0%)       0/4(  0%)
06:      0/24(  0%)     0/4(  0%)      0/4(  0%)       0/4(  0%)
07:      0/24(  0%)     0/4(  0%)      0/4(  0%)       0/4(  0%)
08:      0/24(  0%)     0/4(  0%)      0/4(  0%)       0/4(  0%)
09:      0/24(  0%)     0/4(  0%)      0/4(  0%)       0/4(  0%)
10:      0/24(  0%)     0/4(  0%)      0/4(  0%)       0/4(  0%)
11:      0/24(  0%)     0/4(  0%)      0/4(  0%)       0/4(  0%)
12:      0/24(  0%)     0/4(  0%)      0/4(  0%)       0/4(  0%)
13:      1/24(  4%)     1/4( 25%)      0/4(  0%)       0/4(  0%)
14:      0/24(  0%)     0/4(  0%)      0/4(  0%)       0/4(  0%)
15:      1/24(  4%)     1/4( 25%)      0/4(  0%)       0/4(  0%)
16:      0/24(  0%)     0/4(  0%)      0/4(  0%)       0/4(  0%)
17:      1/24(  4%)     1/4( 25%)      0/4(  0%)       0/4(  0%)
18:      0/24(  0%)     0/4(  0%)      0/4(  0%)       0/4(  0%)
19:      0/24(  0%)     0/4(  0%)      0/4(  0%)       0/4(  0%)
20:      0/24(  0%)     0/4(  0%)      0/4(  0%)       0/4(  0%)
21:      1/24(  4%)     1/4( 25%)      0/4(  0%)       0/4(  0%)
22:      1/24(  4%)     1/4( 25%)      0/4(  0%)       0/4(  0%)
23:      3/24( 12%)     0/4(  0%)      1/4( 25%)       0/4(  0%)
24:      2/24(  8%)     0/4(  0%)      2/4( 50%)       0/4(  0%)
EA:      0/24(  0%)     0/4(  0%)      0/4(  0%)       0/4(  0%)


Device-Specific Information:             e:\vhdldesigns\ee231\12up2\busmux.rpt
busmux

** EQUATIONS **

input0   : INPUT;
input1   : INPUT;
input2   : INPUT;
input3   : INPUT;
input4   : INPUT;
input5   : INPUT;
input6   : INPUT;
input7   : INPUT;
input8   : INPUT;
input9   : INPUT;
input10  : INPUT;
input11  : INPUT;
input12  : INPUT;
input13  : INPUT;
input14  : INPUT;
input15  : INPUT;
sel      : INPUT;

-- Node name is 'output0' 
-- Equation name is 'output0', type is output 
output0  =  _LC3_C23;

-- Node name is 'output1' 
-- Equation name is 'output1', type is output 
output1  =  _LC7_C23;

-- Node name is 'output2' 
-- Equation name is 'output2', type is output 
output2  =  _LC4_C23;

-- Node name is 'output3' 
-- Equation name is 'output3', type is output 
output3  =  _LC6_C23;

-- Node name is 'output4' 
-- Equation name is 'output4', type is output 
output4  =  _LC2_C23;

-- Node name is 'output5' 
-- Equation name is 'output5', type is output 
output5  =  _LC5_C23;

-- Node name is 'output6' 
-- Equation name is 'output6', type is output 
output6  =  _LC1_C23;

-- Node name is 'output7' 
-- Equation name is 'output7', type is output 
output7  =  _LC8_C23;

-- Node name is ':69' 
-- Equation name is '_LC8_C23', type is buried 
_LC8_C23 = LCELL( _EQ001);
  _EQ001 =  input15 & !sel
         #  input7 &  sel;

-- Node name is ':75' 
-- Equation name is '_LC1_C23', type is buried 
_LC1_C23 = LCELL( _EQ002);
  _EQ002 =  input14 & !sel
         #  input6 &  sel;

-- Node name is ':81' 
-- Equation name is '_LC5_C23', type is buried 
_LC5_C23 = LCELL( _EQ003);
  _EQ003 =  input13 & !sel
         #  input5 &  sel;

-- Node name is ':87' 
-- Equation name is '_LC2_C23', type is buried 
_LC2_C23 = LCELL( _EQ004);
  _EQ004 =  input12 & !sel
         #  input4 &  sel;

-- Node name is ':93' 
-- Equation name is '_LC6_C23', type is buried 
_LC6_C23 = LCELL( _EQ005);
  _EQ005 =  input11 & !sel
         #  input3 &  sel;

-- Node name is ':99' 
-- Equation name is '_LC4_C23', type is buried 
_LC4_C23 = LCELL( _EQ006);
  _EQ006 =  input10 & !sel
         #  input2 &  sel;

-- Node name is ':105' 
-- Equation name is '_LC7_C23', type is buried 
_LC7_C23 = LCELL( _EQ007);
  _EQ007 =  input9 & !sel
         #  input1 &  sel;

-- Node name is ':111' 
-- Equation name is '_LC3_C23', type is buried 
_LC3_C23 = LCELL( _EQ008);
  _EQ008 =  input8 & !sel
         #  input0 &  sel;



Project Information                      e:\vhdldesigns\ee231\12up2\busmux.rpt

** COMPILATION SETTINGS & TIMES **

Processing Menu Commands
------------------------

Design Doctor                             = off

Logic Synthesis:

   Synthesis Type Used                    = Multi-Level

   Default Synthesis Style                = NORMAL

      Logic option settings in 'NORMAL' style for 'FLEX10K' family

      CARRY_CHAIN                         = ignore
      CARRY_CHAIN_LENGTH                  = 32
      CASCADE_CHAIN                       = ignore
      CASCADE_CHAIN_LENGTH                = 2
      DECOMPOSE_GATES                     = on
      DUPLICATE_LOGIC_EXTRACTION          = on
      MINIMIZATION                        = full
      MULTI_LEVEL_FACTORING               = on
      NOT_GATE_PUSH_BACK                  = on
      REDUCE_LOGIC                        = on
      REFACTORIZATION                     = on
      REGISTER_OPTIMIZATION               = on
      RESYNTHESIZE_NETWORK                = on
      SLOW_SLEW_RATE                      = off
      SUBFACTOR_EXTRACTION                = on
      IGNORE_SOFT_BUFFERS                 = on
      USE_LPM_FOR_AHDL_OPERATORS          = off

   Other logic synthesis settings:

      Automatic Global Clock              = on
      Automatic Global Clear              = on
      Automatic Global Preset             = on
      Automatic Global Output Enable      = on
      Automatic Fast I/O                  = off
      Automatic Register Packing          = off
      Automatic Open-Drain Pins           = on
      Automatic Implement in EAB          = off
      Optimize                            = 5

Default Timing Specifications: None

Cut All Bidir Feedback Timing Paths       = on
Cut All Clear & Preset Timing Paths       = on

Ignore Timing Assignments                 = on

Functional SNF Extractor                  = off

Linked SNF Extractor                      = off
Timing SNF Extractor                      = on
Optimize Timing SNF                       = off
Generate AHDL TDO File                    = off
Fitter Settings                           = NORMAL
Use Quartus Fitter                        = on
Smart Recompile                           = off
Total Recompile                           = off

Interfaces Menu Commands
------------------------

EDIF Netlist Writer                       = off
Verilog Netlist Writer                    = off
VHDL Netlist Writer                       = off

Compilation Times
-----------------

   Compiler Netlist Extractor             00:00:00
   Database Builder                       00:00:00
   Logic Synthesizer                      00:00:01
   Partitioner                            00:00:00
   Fitter                                 00:00:03
   Timing SNF Extractor                   00:00:00
   Assembler                              00:00:00
   --------------------------             --------
   Total Time                             00:00:04


Memory Allocated
-----------------

Peak memory allocated during compilation  = 10,982K
