
     | | | | | | |
   _________________
  -|               |-
  -|               |-
  -|               |-
  -|    CYPRESS    |-
  -|               |-
  -|               |-   Warp VHDL Synthesis Compiler: Version 4 IR x77
  -|               |-   Copyright (C) 1991, 1992, 1993,
   |_______________|    1994, 1995, 1996, 1997 Cypress Semiconductor
     | | | | | | |

======================================================================
Compiling:  and10.vhd
Options:    -m -q -o2 -ygs -fO -fP -v10 -dc344 -pCY7C344-20HC/HI and10.vhd
======================================================================

C:\warp\bin\vhdlfe.exe V4 IR x77:  VHDL parser
Fri Jan 23 22:42:13 1998

Library 'work' => directory 'lc344'
Linking 'C:\warp\lib\common\work\cypress.vif'.
Library 'ieee' => directory 'C:\warp\lib\ieee\work'
Linking 'C:\warp\lib\ieee\work\stdlogic.vif'.

C:\warp\bin\vhdlfe.exe:  No errors.


C:\warp\bin\tovif.exe V4 IR x77:  High-level synthesis
Fri Jan 23 22:42:14 1998

Linking 'C:\warp\lib\common\work\cypress.vif'.
Linking 'C:\warp\lib\ieee\work\stdlogic.vif'.

C:\warp\bin\tovif.exe:  No errors.


C:\warp\bin\topld.exe V4 IR x77:  Synthesis and optimization
Fri Jan 23 22:42:14 1998

Linking 'C:\warp\lib\common\work\cypress.vif'.
Linking 'C:\warp\lib\ieee\work\stdlogic.vif'.

----------------------------------------------------------
Detecting unused logic.
----------------------------------------------------------



------------------------------------------------------
Alias Detection
------------------------------------------------------

------------------------------------------------------
Aliased 0 equations, 0 wires.
------------------------------------------------------

----------------------------------------------------------
Circuit simplification
----------------------------------------------------------

----------------------------------------------------------
Circuit simplification results:

	Expanded 0 signals.
	Turned 0 signals into soft nodes.
	Maximum expansion cost was set at 10.
----------------------------------------------------------
Created 12 PLD nodes.

C:\warp\bin\topld.exe:  No errors.

----------------------------------------------------------------------------
PLD Optimizer Software:       DSGNOPT.EXE    01/MAR/97    [v4.00 ] 4 IR x77

DESIGN HEADER INFORMATION  (22:42:14)

Input File(s): and10.pla
Device       : C344A
Package      : CY7C344-20HC/HI
ReportFile   : and10.rpt

Program Controls:
                 None.

Signal Requests:
    GROUP DT-OPT ALL

Completed Successfully  
----------------------------------------------------------------------------
PLD Optimizer Software:       DSGNOPT.EXE    01/MAR/97    [v4.00 ] 4 IR x77

OPTIMIZATION OPTIONS       (22:42:14)

Messages:
  Information: Selected logic optimization OFF for signals:
         y x



Summary:
                 Error Count = 0      Warning Count = 0

Completed Successfully  
----------------------------------------------------------------------------
PLD Optimizer Software:       MINOPT.EXE     19/JUL/96    [v3.22A] 4 IR x77

LOGIC MINIMIZATION         ()

Messages:


Summary:
                 Error Count = 0      Warning Count = 0

Completed Successfully
----------------------------------------------------------------------------
PLD Optimizer Software:       DSGNOPT.EXE    01/MAR/97    [v4.00 ] 4 IR x77

OPTIMIZATION OPTIONS       (22:42:14)

Messages:


Summary:
                 Error Count = 0      Warning Count = 0

Completed Successfully  
----------------------------------------------------------------------------
PLD Compiler Software:        PLA2JED.EXE    01/MAR/97    [v4.00 ] 4 IR x77

DESIGN EQUATIONS           (22:42:14)


    y =
          x * inbus_9 * inbus_8 * inbus_7 * inbus_6 * inbus_5 * inbus_4 * 
          inbus_3 * inbus_2 * inbus_1 * inbus_0 

    x =
          /x 


Completed Successfully  
----------------------------------------------------------------------------
PLD Compiler Software:        PLA2JED.EXE    01/MAR/97    [v4.00 ] 4 IR x77

DESIGN RULE CHECK          (22:42:14)

Messages:
                 None.


Summary:
                 Error Count = 0      Warning Count = 0

Completed Successfully  
----------------------------------------------------------------------------
PLD Compiler Software:        PLA2JED.EXE    01/MAR/97    [v4.00 ] 4 IR x77

DESIGN SIGNAL PLACEMENT    (22:42:15)

Messages:
  Information: Checking for duplicate NODE logic.
  Information: Separating expander logic.

                    Device:  C344A
                    Package: CY7C344-20HC/HI

                      u  u  u        u  u 
                      n  n  n        n  n 
                      u  u  u        u  u 
                      s  s  s  V  G  s  s 
                      e  e  e  C  N  e  e 
                      d  d  d  C  D  d  d 
                      |  |  |  |  |  |  | 
                    ________________________
                    | 4  3  2  1  28 27 26 |
                    |                      |
             unused_| 5                  25|_unused        
            inbus_6_| 6                  24|_unused        
            inbus_7_| 7                  23|_inbus_5       
            inbus_0_| 8                  22|_inbus_4       
            inbus_1_| 9                  21|_inbus_3       
                  y_|10                  20|_inbus_2       
                  x_|11                  19|_unused        
                    |                      |
                    | 12 13 14 15 16 17 18 |
                    ________________________
                      |  |  |  |  |  |  | 
                      i  i  V  G  u  u  u 
                      n  n  C  N  n  n  n 
                      b  b  C  D  u  u  u 
                      u  u        s  s  s 
                      s  s        e  e  e 
                      _  _        d  d  d 
                      8  9                



Summary:
                 Error Count = 0      Warning Count = 0

Completed Successfully  
----------------------------------------------------------------------------
PLD Compiler Software:        PLA2JED.EXE    01/MAR/97    [v4.00 ] 4 IR x77

RESOURCE ALLOCATION        (22:42:15)

  Information: Macrocell Utilization.

                     Description        Used     Max
                 ______________________________________
                 | Dedicated Inputs   |    7  |    7  |
                 | Clock/Inputs       |    1  |    1  |
                 | I/O Macrocells     |    4  |   16  |
                 | Buried Macrocells  |    0  |   16  |
                 | Expander Terms     |    6  |   64  |
                 ______________________________________
                                          18  /  104   = 17  %


  Information: Output Logic Product Term Utilization.

                  Node#  Output Signal Name  Used   Max
                 ________________________________________
                 |  3  |  y               |   1  |   3  |
                 |  4  |  x               |   1  |   3  |
                 |  5  |  Used As Input   |   0  |   3  |
                 |  6  |  Used As Input   |   0  |   3  |
                 |  9  |  Unused          |   0  |   3  |
                 | 10  |  Unused          |   0  |   3  |
                 | 11  |  Unused          |   0  |   3  |
                 | 12  |  Unused          |   0  |   3  |
                 | 17  |  Unused          |   0  |   3  |
                 | 18  |  Unused          |   0  |   3  |
                 | 19  |  Unused          |   0  |   3  |
                 | 20  |  Unused          |   0  |   3  |
                 | 23  |  Unused          |   0  |   3  |
                 | 24  |  Unused          |   0  |   3  |
                 | 25  |  Unused          |   0  |   3  |
                 | 26  |  Unused          |   0  |   3  |
                 | 29  |  Unused          |   0  |   3  |
                 | 30  |  Unused          |   0  |   3  |
                 | 31  |  Unused          |   0  |   3  |
                 | 32  |  Unused          |   0  |   3  |
                 | 33  |  Unused          |   0  |   3  |
                 | 34  |  Unused          |   0  |   3  |
                 | 35  |  Unused          |   0  |   3  |
                 | 36  |  Unused          |   0  |   3  |
                 | 37  |  Unused          |   0  |   3  |
                 | 38  |  Unused          |   0  |   3  |
                 | 39  |  Unused          |   0  |   3  |
                 | 40  |  Unused          |   0  |   3  |
                 | 41  |  Unused          |   0  |   3  |
                 | 42  |  Unused          |   0  |   3  |
                 | 43  |  Unused          |   0  |   3  |
                 | 44  |  Unused          |   0  |   3  |
                 ________________________________________
                                              2  /  96   = 2   %


Completed Successfully  
----------------------------------------------------------------------------
PLD Compiler Software:        PLA2JED.EXE    01/MAR/97    [v4.00 ] 4 IR x77

JEDEC ASSEMBLE             (22:42:15)

Messages:
  Information: Output file 'and10.jed' created.


Summary:
                 Error Count = 0      Warning Count = 0

Completed Successfully at 22:42:15
