
     | | | | | | |
   _________________
  -|               |-
  -|               |-
  -|               |-
  -|    CYPRESS    |-
  -|               |-
  -|               |-   Warp VHDL Synthesis Compiler: Version 4 IR x77
  -|               |-   Copyright (C) 1991, 1992, 1993,
   |_______________|    1994, 1995, 1996, 1997 Cypress Semiconductor
     | | | | | | |

======================================================================
Compiling:  osc.vhd
Options:    -m -q -o2 -ygs -fO -fP -v10 -dc344 -pCY7C344-20HC/HI osc.vhd
======================================================================

C:\warp\bin\vhdlfe.exe V4 IR x77:  VHDL parser
Fri Jan 23 22:27:42 1998

Library 'work' => directory 'lc344'
Linking 'C:\warp\lib\common\work\cypress.vif'.
Library 'ieee' => directory 'C:\warp\lib\ieee\work'
Linking 'C:\warp\lib\ieee\work\stdlogic.vif'.
Linking 'C:\warp\lib\common\stdlogic\lpmpkg.vif'.
Linking 'C:\warp\lib\common\stdlogic\rtlpkg.vif'.
Linking 'C:\warp\lib\common\stdlogic\mod_cnst.vif'.
Linking 'C:\warp\lib\common\stdlogic\mod_mthu.vif'.
Linking 'C:\warp\lib\common\stdlogic\mod_mths.vif'.
Linking 'C:\warp\lib\common\stdlogic\mod_genu.vif'.

C:\warp\bin\vhdlfe.exe:  No errors.


C:\warp\bin\tovif.exe V4 IR x77:  High-level synthesis
Fri Jan 23 22:27:42 1998

Linking 'C:\warp\lib\common\work\cypress.vif'.
Linking 'C:\warp\lib\ieee\work\stdlogic.vif'.
Linking 'C:\warp\lib\common\stdlogic\lpmpkg.vif'.
Linking 'C:\warp\lib\common\stdlogic\rtlpkg.vif'.
Linking 'C:\warp\lib\common\stdlogic\mod_cnst.vif'.
Linking 'C:\warp\lib\common\stdlogic\mod_mthu.vif'.
Linking 'C:\warp\lib\common\stdlogic\mod_mths.vif'.
Linking 'C:\warp\lib\common\stdlogic\mod_genu.vif'.

C:\warp\bin\tovif.exe:  No errors.


C:\warp\bin\topld.exe V4 IR x77:  Synthesis and optimization
Fri Jan 23 22:27:42 1998

Linking 'C:\warp\lib\common\work\cypress.vif'.
Linking 'C:\warp\lib\ieee\work\stdlogic.vif'.
Linking 'C:\warp\lib\common\stdlogic\lpmpkg.vif'.
Linking 'C:\warp\lib\common\stdlogic\rtlpkg.vif'.
Linking 'C:\warp\lib\common\stdlogic\mod_cnst.vif'.
Linking 'C:\warp\lib\common\stdlogic\mod_mthu.vif'.
Linking 'C:\warp\lib\common\stdlogic\mod_mths.vif'.
Linking 'C:\warp\lib\common\stdlogic\mod_genu.vif'.

----------------------------------------------------------
Detecting unused logic.
----------------------------------------------------------



------------------------------------------------------
Alias Detection
------------------------------------------------------

------------------------------------------------------
Aliased 0 equations, 0 wires.
------------------------------------------------------

----------------------------------------------------------
Circuit simplification
----------------------------------------------------------

----------------------------------------------------------
Circuit simplification results:

	Expanded 0 signals.
	Turned 0 signals into soft nodes.
	Maximum expansion cost was set at 10.
----------------------------------------------------------
Created 1 PLD nodes.

C:\warp\bin\topld.exe:  No errors.

----------------------------------------------------------------------------
PLD Optimizer Software:       DSGNOPT.EXE    01/MAR/97    [v4.00 ] 4 IR x77

DESIGN HEADER INFORMATION  (22:27:43)

Input File(s): osc.pla
Device       : C344A
Package      : CY7C344-20HC/HI
ReportFile   : osc.rpt

Program Controls:
                 None.

Signal Requests:
    GROUP DT-OPT ALL

Completed Successfully  
----------------------------------------------------------------------------
PLD Optimizer Software:       DSGNOPT.EXE    01/MAR/97    [v4.00 ] 4 IR x77

OPTIMIZATION OPTIONS       (22:27:43)

Messages:
  Information: Selected logic optimization OFF for signals:
         oscout



Summary:
                 Error Count = 0      Warning Count = 0

Completed Successfully  
----------------------------------------------------------------------------
PLD Optimizer Software:       MINOPT.EXE     19/JUL/96    [v3.22A] 4 IR x77

LOGIC MINIMIZATION         ()

Messages:


Summary:
                 Error Count = 0      Warning Count = 0

Completed Successfully
----------------------------------------------------------------------------
PLD Optimizer Software:       DSGNOPT.EXE    01/MAR/97    [v4.00 ] 4 IR x77

OPTIMIZATION OPTIONS       (22:27:43)

Messages:


Summary:
                 Error Count = 0      Warning Count = 0

Completed Successfully  
----------------------------------------------------------------------------
PLD Compiler Software:        PLA2JED.EXE    01/MAR/97    [v4.00 ] 4 IR x77

DESIGN EQUATIONS           (22:27:43)


    oscout =
          /oscout 


Completed Successfully  
----------------------------------------------------------------------------
PLD Compiler Software:        PLA2JED.EXE    01/MAR/97    [v4.00 ] 4 IR x77

DESIGN RULE CHECK          (22:27:43)

Messages:
                 None.


Summary:
                 Error Count = 0      Warning Count = 0

Completed Successfully  
----------------------------------------------------------------------------
PLD Compiler Software:        PLA2JED.EXE    01/MAR/97    [v4.00 ] 4 IR x77

DESIGN SIGNAL PLACEMENT    (22:27:43)

Messages:
  Information: Checking for duplicate NODE logic.
  Information: Separating expander logic.

                    Device:  C344A
                    Package: CY7C344-20HC/HI

                      u  u  u        u  u 
                      n  n  n        n  n 
                      u  u  u        u  u 
                      s  s  s  V  G  s  s 
                      e  e  e  C  N  e  e 
                      d  d  d  C  D  d  d 
                      |  |  |  |  |  |  | 
                    ________________________
                    | 4  3  2  1  28 27 26 |
                    |                      |
             unused_| 5                  25|_unused        
             unused_| 6                  24|_unused        
             unused_| 7                  23|_unused        
             unused_| 8                  22|_unused        
             unused_| 9                  21|_unused        
             oscout_|10                  20|_unused        
             unused_|11                  19|_unused        
                    |                      |
                    | 12 13 14 15 16 17 18 |
                    ________________________
                      |  |  |  |  |  |  | 
                      u  u  V  G  u  u  u 
                      n  n  C  N  n  n  n 
                      u  u  C  D  u  u  u 
                      s  s        s  s  s 
                      e  e        e  e  e 
                      d  d        d  d  d 



Summary:
                 Error Count = 0      Warning Count = 0

Completed Successfully  
----------------------------------------------------------------------------
PLD Compiler Software:        PLA2JED.EXE    01/MAR/97    [v4.00 ] 4 IR x77

RESOURCE ALLOCATION        (22:27:43)

  Information: Macrocell Utilization.

                     Description        Used     Max
                 ______________________________________
                 | Dedicated Inputs   |    0  |    7  |
                 | Clock/Inputs       |    0  |    1  |
                 | I/O Macrocells     |    1  |   16  |
                 | Buried Macrocells  |    0  |   16  |
                 | Expander Terms     |    2  |   64  |
                 ______________________________________
                                           3  /  104   = 2   %


  Information: Output Logic Product Term Utilization.

                  Node#  Output Signal Name  Used   Max
                 ________________________________________
                 |  3  |  oscout          |   1  |   3  |
                 |  4  |  Unused          |   0  |   3  |
                 |  5  |  Unused          |   0  |   3  |
                 |  6  |  Unused          |   0  |   3  |
                 |  9  |  Unused          |   0  |   3  |
                 | 10  |  Unused          |   0  |   3  |
                 | 11  |  Unused          |   0  |   3  |
                 | 12  |  Unused          |   0  |   3  |
                 | 17  |  Unused          |   0  |   3  |
                 | 18  |  Unused          |   0  |   3  |
                 | 19  |  Unused          |   0  |   3  |
                 | 20  |  Unused          |   0  |   3  |
                 | 23  |  Unused          |   0  |   3  |
                 | 24  |  Unused          |   0  |   3  |
                 | 25  |  Unused          |   0  |   3  |
                 | 26  |  Unused          |   0  |   3  |
                 | 29  |  Unused          |   0  |   3  |
                 | 30  |  Unused          |   0  |   3  |
                 | 31  |  Unused          |   0  |   3  |
                 | 32  |  Unused          |   0  |   3  |
                 | 33  |  Unused          |   0  |   3  |
                 | 34  |  Unused          |   0  |   3  |
                 | 35  |  Unused          |   0  |   3  |
                 | 36  |  Unused          |   0  |   3  |
                 | 37  |  Unused          |   0  |   3  |
                 | 38  |  Unused          |   0  |   3  |
                 | 39  |  Unused          |   0  |   3  |
                 | 40  |  Unused          |   0  |   3  |
                 | 41  |  Unused          |   0  |   3  |
                 | 42  |  Unused          |   0  |   3  |
                 | 43  |  Unused          |   0  |   3  |
                 | 44  |  Unused          |   0  |   3  |
                 ________________________________________
                                              1  /  96   = 1   %


Completed Successfully  
----------------------------------------------------------------------------
PLD Compiler Software:        PLA2JED.EXE    01/MAR/97    [v4.00 ] 4 IR x77

JEDEC ASSEMBLE             (22:27:43)

Messages:
  Information: Output file 'osc.jed' created.


Summary:
                 Error Count = 0      Warning Count = 0

Completed Successfully at 22:27:43
