
     | | | | | | |
   _________________
  -|               |-
  -|               |-
  -|               |-
  -|    CYPRESS    |-
  -|               |-
  -|               |-   Warp VHDL Synthesis Compiler: Version 4 IR x77
  -|               |-   Copyright (C) 1991, 1992, 1993,
   |_______________|    1994, 1995, 1996, 1997 Cypress Semiconductor
     | | | | | | |

======================================================================
Compiling:  scout.vhd
Options:    -m -q -e10 -w100 -o2 -ygs -fO -fP -v10 -dc346 -pCY7C346B-15HC -a scout.vhd
======================================================================

C:\warp\bin\vhdlfe.exe V4 IR x77:  VHDL parser
Wed Jan 21 09:39:25 1998

Library 'work' => directory 'lc346'
Linking 'C:\warp\lib\common\work\cypress.vif'.
Library 'ieee' => directory 'C:\warp\lib\ieee\work'
Linking 'C:\warp\lib\ieee\work\stdlogic.vif'.
Linking 'C:\PhD\Dissertation\Hardware Designs\8Puzzle\lc346\dflop.vif'.
Linking 'C:\PhD\Dissertation\Hardware Designs\8Puzzle\lc346\sreg.vif'.
Linking 'C:\PhD\Dissertation\Hardware Designs\8Puzzle\lc346\areg.vif'.
Linking 'C:\PhD\Dissertation\Hardware Designs\8Puzzle\lc346\gc.vif'.
Linking 'C:\PhD\Dissertation\Hardware Designs\8Puzzle\lc346\ns.vif'.
Linking 'C:\PhD\Dissertation\Hardware Designs\8Puzzle\lc346\pa.vif'.
Linking 'C:\PhD\Dissertation\Hardware Designs\8Puzzle\lc346\lfsr.vif'.
scout.vhd (line 26, col 38):  (E34) Undeclared name:  rand
Error occurred within '(' at line 26, column 25 in scout.vhd.
Library 'ieee' => directory 'C:\warp\lib\ieee\work'

C:\warp\bin\vhdlfe.exe:  1 error.
Output file not produced.

