
     | | | | | | |
   _________________
  -|               |-
  -|               |-
  -|               |-
  -|    CYPRESS    |-
  -|               |-
  -|               |-   Warp VHDL Synthesis Compiler: Version 4 IR x77
  -|               |-   Copyright (C) 1991, 1992, 1993,
   |_______________|    1994, 1995, 1996, 1997 Cypress Semiconductor
     | | | | | | |

======================================================================
Compiling:  sreg.vhd
Options:    -q -e10 -w100 -o2 -ygs -fO -fP -v10 -dc346 -pCY7C346B-15HC -a sreg.vhd
======================================================================

C:\warp\bin\vhdlfe.exe V4 IR x77:  VHDL parser
Wed Jan 21 09:36:06 1998

Library 'work' => directory 'lc346'
Linking 'C:\warp\lib\common\work\cypress.vif'.
Library 'ieee' => directory 'C:\warp\lib\ieee\work'
Linking 'C:\warp\lib\ieee\work\stdlogic.vif'.
Linking 'C:\PhD\Dissertation\Hardware Designs\8Puzzle\lc346\dflop.vif'.
Library 'ieee' => directory 'C:\warp\lib\ieee\work'

C:\warp\bin\vhdlfe.exe:  No errors.


C:\warp\bin\tovif.exe V4 IR x77:  High-level synthesis
Wed Jan 21 09:36:06 1998

Linking 'C:\warp\lib\common\work\cypress.vif'.
Linking 'C:\warp\lib\ieee\work\stdlogic.vif'.
Linking 'C:\PhD\Dissertation\Hardware Designs\8Puzzle\lc346\dflop.vif'.
Added entity 'sreg' to library 'work'
Added architecture 'archsreg' to library 'work'
Added package 'sreg_pkg' to library 'work'

C:\warp\bin\tovif.exe:  No errors.

