Project Informatione:\vhdldesigns\ee231\designproblems\01pairadder\pair_pairadd_tt.rpt

MAX+plus II Compiler Report File
Version 10.1 06/12/2001
Compiled: 02/15/2002 18:54:34

Copyright (C) 1988-2001 Altera Corporation
Any megafunction design, and related net list (encrypted or decrypted),
support information, device programming or simulation file, and any other
associated documentation or information provided by Altera or a partner
under Altera's Megafunction Partnership Program may be used only to
program PLD devices (but not masked PLD devices) from Altera.  Any other
use of such megafunction design, net list, support information, device
programming or simulation file, or any other related documentation or
information is prohibited for any other purpose, including, but not
limited to modification, reverse engineering, de-compiling, or use with
any other silicon devices, unless such use is explicitly licensed under
a separate agreement with Altera or a megafunction partner.  Title to
the intellectual property, including patents, copyrights, trademarks,
trade secrets, or maskworks, embodied in any such megafunction design,
net list, support information, device programming or simulation file, or
any other related documentation or information provided by Altera or a
megafunction partner, remains with Altera, the megafunction partner, or
their respective licensors.  No other licenses, including any licenses
needed under any third party's intellectual property, are provided herein.



***** Project compilation was successful


PAIR_PAIRADD_TT


** DEVICE SUMMARY **

Chip/                     Input Output Bidir  Memory  Memory  			 LCs
POF       Device          Pins  Pins   Pins   Bits % Utilized  LCs  % Utilized

pair_pairadd_tt
      EPF10K70RC240-4      10     7      0    0         0  %    11       0  %

User Pins:                 10     7      0  



Project Informatione:\vhdldesigns\ee231\designproblems\01pairadder\pair_pairadd_tt.rpt

** FILE HIERARCHY **



|pairadd_tt:pair1|
|pairadd_tt:pair2|


Device-Specific Information:e:\vhdldesigns\ee231\designproblems\01pairadder\pair_pairadd_tt.rpt
pair_pairadd_tt

***** Logic for device 'pair_pairadd_tt' compiled without errors.




Device: EPF10K70RC240-4

FLEX 10K Configuration Scheme: Passive Serial

Device Options:
    User-Supplied Start-Up Clock               = OFF
    Auto-Restart Configuration on Frame Error  = OFF
    Release Clears Before Tri-States           = OFF
    Enable Chip_Wide Reset                     = OFF
    Enable Chip-Wide Output Enable             = OFF
    Enable INIT_DONE Output                    = OFF
    JTAG User Code                             = 7f

                                                                                                                                         
                                                                                                                                         
                R R R R R R R R   R R R R R R R   R R R R R R R   R R R       R R R R   R R R R R R R   R R R R R R R   R R R R R R R R  
                E E E E E E E E   E E E E E E E   E E E E E E E   E E E       E E E E   E E E E E E E   E E E E E E E   E E E E E E E E  
                S S S S S S S S G S S S S S S S V S S S S S S S G S S S       S S S S V S S S S S S S G S S S S S S S V S S S S S S S S  
                E E E E E E E E N E E E E E E E C E E E E E E E N E E E       E E E E C E E E E E E E N E E E E E E E C E E E E E E E E  
                R R R R R R R R D R R R R R R R C R R R R R R R D R R R       R R R R C R R R R R R R D R R R R R R R C R R R R R R R R  
                V V V V V V V V I V V V V V V V I V V V V V V V I V V V b   b V V V V I V V V V V V V I V V V V V V V I V V V V V V V V  
                E E E E E E E E N E E E E E E E N E E E E E E E N E E E 2 c 2 E E E E N E E E E E E E N E E E E E E E N E E E E E E E E  
                D D D D D D D D T D D D D D D D T D D D D D D D T D D D 1 1 0 D D D D T D D D D D D D T D D D D D D D T D D D D D D D D  
              --------------------------------------------------------------------------------------------------------------------------_ 
             / 240 238 236 234 232 230 228 226 224 222 220 218 216 214 212 210 208 206 204 202 200 198 196 194 192 190 188 186 184 182   |_ 
            /    239 237 235 233 231 229 227 225 223 221 219 217 215 213 211 209 207 205 203 201 199 197 195 193 191 189 187 185 183 181    | 
      #TCK |  1                                                                                                                         180 | ^DATA0 
^CONF_DONE |  2                                                                                                                         179 | ^DCLK 
     ^nCEO |  3                                                                                                                         178 | ^nCE 
      #TDO |  4                                                                                                                         177 | #TDI 
    VCCINT |  5                                                                                                                         176 | GNDINT 
  RESERVED |  6                                                                                                                         175 | RESERVED 
  RESERVED |  7                                                                                                                         174 | RESERVED 
  RESERVED |  8                                                                                                                         173 | RESERVED 
  RESERVED |  9                                                                                                                         172 | RESERVED 
    GNDINT | 10                                                                                                                         171 | RESERVED 
  RESERVED | 11                                                                                                                         170 | VCCINT 
  RESERVED | 12                                                                                                                         169 | RESERVED 
  RESERVED | 13                                                                                                                         168 | RESERVED 
  RESERVED | 14                                                                                                                         167 | RESERVED 
  RESERVED | 15                                                                                                                         166 | RESERVED 
    VCCINT | 16                                                                                                                         165 | GNDINT 
  RESERVED | 17                                                                                                                         164 | s11 
  RESERVED | 18                                                                                                                         163 | s10 
       b11 | 19                                                                                                                         162 | RESERVED 
       a11 | 20                                                                                                                         161 | s12 
       b10 | 21                                                                                                                         160 | VCCINT 
    GNDINT | 22                                                                                                                         159 | RESERVED 
  RESERVED | 23                                                                                                                         158 | RESERVED 
       a10 | 24                                                                                                                         157 | RESERVED 
  RESERVED | 25                                                                                                                         156 | RESERVED 
  RESERVED | 26                                                                                                                         155 | GNDINT 
    VCCINT | 27                                                                                                                         154 | RESERVED 
  RESERVED | 28                                                                                                                         153 | RESERVED 
  RESERVED | 29                                                                                                                         152 | RESERVED 
  RESERVED | 30                                                                                                                         151 | RESERVED 
  RESERVED | 31                                                     EPF10K70RC240-4                                                     150 | VCCINT 
    GNDINT | 32                                                                                                                         149 | RESERVED 
  RESERVED | 33                                                                                                                         148 | s22 
  RESERVED | 34                                                                                                                         147 | RESERVED 
  RESERVED | 35                                                                                                                         146 | s21 
  RESERVED | 36                                                                                                                         145 | GNDINT 
    VCCINT | 37                                                                                                                         144 | RESERVED 
  RESERVED | 38                                                                                                                         143 | RESERVED 
  RESERVED | 39                                                                                                                         142 | RESERVED 
        ZF | 40                                                                                                                         141 | RESERVED 
       s20 | 41                                                                                                                         140 | VCCINT 
    GNDINT | 42                                                                                                                         139 | RESERVED 
  RESERVED | 43                                                                                                                         138 | RESERVED 
  RESERVED | 44                                                                                                                         137 | RESERVED 
  RESERVED | 45                                                                                                                         136 | RESERVED 
  RESERVED | 46                                                                                                                         135 | GNDINT 
    VCCINT | 47                                                                                                                         134 | RESERVED 
  RESERVED | 48                                                                                                                         133 | RESERVED 
  RESERVED | 49                                                                                                                         132 | RESERVED 
  RESERVED | 50                                                                                                                         131 | RESERVED 
  RESERVED | 51                                                                                                                         130 | VCCINT 
    GNDINT | 52                                                                                                                         129 | RESERVED 
  RESERVED | 53                                                                                                                         128 | RESERVED 
  RESERVED | 54                                                                                                                         127 | RESERVED 
  RESERVED | 55                                                                                                                         126 | RESERVED 
  RESERVED | 56                                                                                                                         125 | GNDINT 
    VCCINT | 57                                                                                                                         124 | ^MSEL0 
      #TMS | 58                                                                                                                         123 | ^MSEL1 
     #TRST | 59                                                                                                                         122 | VCCINT 
  ^nSTATUS | 60                                                                                                                         121 | ^nCONFIG 
           |      62  64  66  68  70  72  74  76  78  80  82  84  86  88  90  92  94  96  98 100 102 104 106 108 110 112 114 116 118 120  _| 
            \   61  63  65  67  69  71  73  75  77  79  81  83  85  87  89  91  93  95  97  99 101 103 105 107 109 111 113 115 117 119   | 
             \--------------------------------------------------------------------------------------------------------------------------- 
                R R R R R R R R G R R R R R R R V R R R R R R R G R R R V c a a G R R V R R R R R R R G R R R R R R R V R R R R R R R R  
                E E E E E E E E N E E E E E E E C E E E E E E E N E E E C 2 2 2 N E E C E E E E E E E N E E E E E E E C E E E E E E E E  
                S S S S S S S S D S S S S S S S C S S S S S S S D S S S C   1 0 D S S C S S S S S S S D S S S S S S S C S S S S S S S S  
                E E E E E E E E I E E E E E E E I E E E E E E E I E E E I       I E E I E E E E E E E I E E E E E E E I E E E E E E E E  
                R R R R R R R R N R R R R R R R N R R R R R R R N R R R N       N R R N R R R R R R R N R R R R R R R N R R R R R R R R  
                V V V V V V V V T V V V V V V V T V V V V V V V T V V V T       T V V T V V V V V V V T V V V V V V V T V V V V V V V V  
                E E E E E E E E   E E E E E E E   E E E E E E E   E E E           E E   E E E E E E E   E E E E E E E   E E E E E E E E  
                D D D D D D D D   D D D D D D D   D D D D D D D   D D D           D D   D D D D D D D   D D D D D D D   D D D D D D D D  
                                                                                                                                         
                                                                                                                                         


N.C. = No Connect. This pin has no internal connection to the device.
VCCINT = Dedicated power pin, which MUST be connected to VCC (5.0 volts).
VCCIO = Dedicated power pin, which MUST be connected to VCC (5.0 volts).
GNDINT = Dedicated ground pin or unused dedicated input, which MUST be connected to GND.
GNDIO = Dedicated ground pin, which MUST be connected to GND.
RESERVED = Unused I/O pin, which MUST be left unconnected.

^ = Dedicated configuration pin.
+ = Reserved configuration pin, which is tri-stated during user mode.
* = Reserved configuration pin, which drives out in user mode.
PDn = Power Down pin. 
@ = Special-purpose pin. 
# = JTAG Boundary-Scan Testing/In-System Programming or Configuration Pin. The JTAG inputs TMS and TDI should be tied to VCC and TCK should be tied to GND when not in use.
& = JTAG pin used for I/O. When used as user I/O, JTAG pins must be kept stable before and during configuration.  JTAG pin stability prevents accidental loading of JTAG instructions.


Device-Specific Information:e:\vhdldesigns\ee231\designproblems\01pairadder\pair_pairadd_tt.rpt
pair_pairadd_tt

** RESOURCE USAGE **

Logic                Column       Row                                   
Array                Interconnect Interconnect         Clears/     External  
Block   Logic Cells  Driven       Driven       Clocks  Presets   Interconnect
C10      5/ 8( 62%)   0/ 8(  0%)   3/ 8( 37%)    0/2    0/2       5/26( 19%)   
F27      6/ 8( 75%)   0/ 8(  0%)   4/ 8( 50%)    0/2    0/2       5/26( 19%)   


Embedded             Column       Row                                   
Array     Embedded   Interconnect Interconnect         Read/      External  
Block     Cells      Driven       Driven       Clocks  Write    Interconnect


Total dedicated input pins used:                 6/6      (100%)
Total I/O pins used:                            11/183    (  6%)
Total logic cells used:                         11/3744   (  0%)
Total embedded cells used:                       0/72     (  0%)
Total EABs used:                                 0/9      (  0%)
Average fan-in:                                 3.00/4    ( 75%)
Total fan-in:                                  33/14976   (  0%)

Total input pins required:                      10
Total input I/O cell registers required:         0
Total output pins required:                      7
Total output I/O cell registers required:        0
Total buried I/O cell registers required:        0
Total bidirectional pins required:               0
Total reserved pins required                     0
Total logic cells required:                     11
Total flipflops required:                        0
Total packed registers required:                 0
Total logic cells in carry chains:               0
Total number of carry chains:                    0
Total logic cells in cascade chains:             0
Total number of cascade chains:                  0
Total single-pin Clock Enables required:         0
Total single-pin Output Enables required:        0

Synthesized logic cells:                         4/3744   (  0%)

Logic Cell and Embedded Cell Counts

Column:  01  02  03  04  05  06  07  08  09  10  11  12  13  14  15  16  17  18  19  20  21  22  23  24  25  26  EA  27  28  29  30  31  32  33  34  35  36  37  38  39  40  41  42  43  44  45  46  47  48  49  50  51  52  Total(LC/EC)
 A:      0   0   0   0   0   0   0   0   0   0   0   0   0   0   0   0   0   0   0   0   0   0   0   0   0   0   0   0   0   0   0   0   0   0   0   0   0   0   0   0   0   0   0   0   0   0   0   0   0   0   0   0   0      0/0  
 B:      0   0   0   0   0   0   0   0   0   0   0   0   0   0   0   0   0   0   0   0   0   0   0   0   0   0   0   0   0   0   0   0   0   0   0   0   0   0   0   0   0   0   0   0   0   0   0   0   0   0   0   0   0      0/0  
 C:      0   0   0   0   0   0   0   0   0   5   0   0   0   0   0   0   0   0   0   0   0   0   0   0   0   0   0   0   0   0   0   0   0   0   0   0   0   0   0   0   0   0   0   0   0   0   0   0   0   0   0   0   0      5/0  
 D:      0   0   0   0   0   0   0   0   0   0   0   0   0   0   0   0   0   0   0   0   0   0   0   0   0   0   0   0   0   0   0   0   0   0   0   0   0   0   0   0   0   0   0   0   0   0   0   0   0   0   0   0   0      0/0  
 E:      0   0   0   0   0   0   0   0   0   0   0   0   0   0   0   0   0   0   0   0   0   0   0   0   0   0   0   0   0   0   0   0   0   0   0   0   0   0   0   0   0   0   0   0   0   0   0   0   0   0   0   0   0      0/0  
 F:      0   0   0   0   0   0   0   0   0   0   0   0   0   0   0   0   0   0   0   0   0   0   0   0   0   0   0   6   0   0   0   0   0   0   0   0   0   0   0   0   0   0   0   0   0   0   0   0   0   0   0   0   0      6/0  
 G:      0   0   0   0   0   0   0   0   0   0   0   0   0   0   0   0   0   0   0   0   0   0   0   0   0   0   0   0   0   0   0   0   0   0   0   0   0   0   0   0   0   0   0   0   0   0   0   0   0   0   0   0   0      0/0  
 H:      0   0   0   0   0   0   0   0   0   0   0   0   0   0   0   0   0   0   0   0   0   0   0   0   0   0   0   0   0   0   0   0   0   0   0   0   0   0   0   0   0   0   0   0   0   0   0   0   0   0   0   0   0      0/0  
 I:      0   0   0   0   0   0   0   0   0   0   0   0   0   0   0   0   0   0   0   0   0   0   0   0   0   0   0   0   0   0   0   0   0   0   0   0   0   0   0   0   0   0   0   0   0   0   0   0   0   0   0   0   0      0/0  

Total:   0   0   0   0   0   0   0   0   0   5   0   0   0   0   0   0   0   0   0   0   0   0   0   0   0   0   0   6   0   0   0   0   0   0   0   0   0   0   0   0   0   0   0   0   0   0   0   0   0   0   0   0   0     11/0  



Device-Specific Information:e:\vhdldesigns\ee231\designproblems\01pairadder\pair_pairadd_tt.rpt
pair_pairadd_tt

** INPUTS **

                                                    Fan-In    Fan-Out
 Pin     LC     EC   Row  Col  Primitive    Code      INP  FBK  OUT  FBK  Name
  24      -     -    C    --      INPUT                0    0    0    3  a10
  20      -     -    C    --      INPUT                0    0    0    2  a11
  92      -     -    -    --      INPUT                0    0    0    3  a20
  91      -     -    -    --      INPUT                0    0    0    2  a21
  21      -     -    C    --      INPUT                0    0    0    3  b10
  19      -     -    C    --      INPUT                0    0    0    2  b11
 210      -     -    -    --      INPUT                0    0    0    3  b20
 212      -     -    -    --      INPUT                0    0    0    2  b21
 211      -     -    -    --      INPUT                0    0    0    3  c1
  90      -     -    -    --      INPUT                0    0    0    3  c2


Code:

s = Synthesized pin or logic cell
+ = Synchronous flipflop
/ = Slow slew-rate output
! = NOT gate push-back
r = Fitter-inserted logic cell
@ = Uses single-pin Clock Enable
& = Uses single-pin Output Enable


Device-Specific Information:e:\vhdldesigns\ee231\designproblems\01pairadder\pair_pairadd_tt.rpt
pair_pairadd_tt

** OUTPUTS **

       Fed By Fed By                                Fan-In    Fan-Out
 Pin     LC     EC   Row  Col  Primitive    Code      INP  FBK  OUT  FBK  Name
 163      -     -    C    --     OUTPUT                0    1    0    0  s10
 164      -     -    C    --     OUTPUT                0    1    0    0  s11
 161      -     -    C    --     OUTPUT                0    1    0    0  s12
  41      -     -    F    --     OUTPUT                0    1    0    0  s20
 146      -     -    F    --     OUTPUT                0    1    0    0  s21
 148      -     -    F    --     OUTPUT                0    1    0    0  s22
  40      -     -    F    --     OUTPUT                0    1    0    0  ZF


Code:

s = Synthesized pin or logic cell
+ = Synchronous flipflop
/ = Slow slew-rate output
! = NOT gate push-back
r = Fitter-inserted logic cell
@ = Uses single-pin Clock Enable
& = Uses single-pin Output Enable


Device-Specific Information:e:\vhdldesigns\ee231\designproblems\01pairadder\pair_pairadd_tt.rpt
pair_pairadd_tt

** BURIED LOGIC **

                                                    Fan-In    Fan-Out
 IOC     LC     EC   Row  Col  Primitive    Code      INP  FBK  OUT  FBK  Name
   -      3     -    C    10        OR2    s           3    0    0    1  |pairadd_tt:pair1|~281~1
   -      8     -    C    10        OR2                2    1    1    0  |pairadd_tt:pair1|:281
   -      2     -    C    10        OR2    s           2    0    0    1  |pairadd_tt:pair1|~479~1
   -      4     -    C    10        OR2                3    1    1    0  |pairadd_tt:pair1|:479
   -      1     -    C    10        OR2                3    0    1    0  |pairadd_tt:pair1|:677
   -      3     -    F    27        OR2    s   !       3    0    0    1  |pairadd_tt:pair2|~281~1
   -      2     -    F    27        OR2                2    1    1    1  |pairadd_tt:pair2|:281
   -      1     -    F    27        OR2    s           2    0    0    1  |pairadd_tt:pair2|~479~1
   -      5     -    F    27        OR2                3    1    1    1  |pairadd_tt:pair2|:479
   -      8     -    F    27        OR2        !       3    0    1    1  |pairadd_tt:pair2|:677
   -      7     -    F    27       AND2        !       0    3    1    0  :30


Code:

s = Synthesized pin or logic cell
+ = Synchronous flipflop
/ = Slow slew-rate output
! = NOT gate push-back
r = Fitter-inserted logic cell
p = Packed register


Device-Specific Information:e:\vhdldesigns\ee231\designproblems\01pairadder\pair_pairadd_tt.rpt
pair_pairadd_tt

** FASTTRACK INTERCONNECT UTILIZATION **

Row FastTrack Interconnect:

          Global         Left Half-      Right Half-
         FastTrack       FastTrack       FastTrack 
Row     Interconnect    Interconnect    Interconnect    Input Pins     Output Pins     Bidir Pins
A:       0/208(  0%)     0/104(  0%)     0/104(  0%)    0/16(  0%)      0/16(  0%)     0/16(  0%)
B:       0/208(  0%)     0/104(  0%)     0/104(  0%)    0/16(  0%)      0/16(  0%)     0/16(  0%)
C:       5/208(  2%)     2/104(  1%)     0/104(  0%)    4/16( 25%)      3/16( 18%)     0/16(  0%)
D:       0/208(  0%)     0/104(  0%)     0/104(  0%)    0/16(  0%)      0/16(  0%)     0/16(  0%)
E:       0/208(  0%)     0/104(  0%)     0/104(  0%)    0/16(  0%)      0/16(  0%)     0/16(  0%)
F:       3/208(  1%)     0/104(  0%)     1/104(  0%)    0/16(  0%)      4/16( 25%)     0/16(  0%)
G:       0/208(  0%)     0/104(  0%)     0/104(  0%)    0/16(  0%)      0/16(  0%)     0/16(  0%)
H:       0/208(  0%)     0/104(  0%)     0/104(  0%)    0/16(  0%)      0/16(  0%)     0/16(  0%)
I:       0/208(  0%)     0/104(  0%)     0/104(  0%)    0/16(  0%)      0/16(  0%)     0/16(  0%)


Column FastTrack Interconnect:

         FastTrack                                 
Column  Interconnect    Input Pins     Output Pins     Bidir Pins
01:      0/24(  0%)     0/4(  0%)      0/4(  0%)       0/4(  0%)
02:      0/24(  0%)     0/4(  0%)      0/4(  0%)       0/4(  0%)
03:      0/24(  0%)     0/4(  0%)      0/4(  0%)       0/4(  0%)
04:      0/24(  0%)     0/4(  0%)      0/4(  0%)       0/4(  0%)
05:      0/24(  0%)     0/4(  0%)      0/4(  0%)       0/4(  0%)
06:      0/24(  0%)     0/4(  0%)      0/4(  0%)       0/4(  0%)
07:      0/24(  0%)     0/4(  0%)      0/4(  0%)       0/4(  0%)
08:      0/24(  0%)     0/4(  0%)      0/4(  0%)       0/4(  0%)
09:      0/24(  0%)     0/4(  0%)      0/4(  0%)       0/4(  0%)
10:      0/24(  0%)     0/4(  0%)      0/4(  0%)       0/4(  0%)
11:      0/24(  0%)     0/4(  0%)      0/4(  0%)       0/4(  0%)
12:      0/24(  0%)     0/4(  0%)      0/4(  0%)       0/4(  0%)
13:      0/24(  0%)     0/4(  0%)      0/4(  0%)       0/4(  0%)
14:      0/24(  0%)     0/4(  0%)      0/4(  0%)       0/4(  0%)
15:      0/24(  0%)     0/4(  0%)      0/4(  0%)       0/4(  0%)
16:      0/24(  0%)     0/4(  0%)      0/4(  0%)       0/4(  0%)
17:      0/24(  0%)     0/4(  0%)      0/4(  0%)       0/4(  0%)
18:      0/24(  0%)     0/4(  0%)      0/4(  0%)       0/4(  0%)
19:      0/24(  0%)     0/4(  0%)      0/4(  0%)       0/4(  0%)
20:      0/24(  0%)     0/4(  0%)      0/4(  0%)       0/4(  0%)
21:      0/24(  0%)     0/4(  0%)      0/4(  0%)       0/4(  0%)
22:      0/24(  0%)     0/4(  0%)      0/4(  0%)       0/4(  0%)
23:      0/24(  0%)     0/4(  0%)      0/4(  0%)       0/4(  0%)
24:      0/24(  0%)     0/4(  0%)      0/4(  0%)       0/4(  0%)
25:      0/24(  0%)     0/4(  0%)      0/4(  0%)       0/4(  0%)
26:      0/24(  0%)     0/4(  0%)      0/4(  0%)       0/4(  0%)
27:      0/24(  0%)     0/4(  0%)      0/4(  0%)       0/4(  0%)
28:      0/24(  0%)     0/4(  0%)      0/4(  0%)       0/4(  0%)
29:      0/24(  0%)     0/4(  0%)      0/4(  0%)       0/4(  0%)
30:      0/24(  0%)     0/4(  0%)      0/4(  0%)       0/4(  0%)
31:      0/24(  0%)     0/4(  0%)      0/4(  0%)       0/4(  0%)
32:      0/24(  0%)     0/4(  0%)      0/4(  0%)       0/4(  0%)
33:      0/24(  0%)     0/4(  0%)      0/4(  0%)       0/4(  0%)
34:      0/24(  0%)     0/4(  0%)      0/4(  0%)       0/4(  0%)
35:      0/24(  0%)     0/4(  0%)      0/4(  0%)       0/4(  0%)
36:      0/24(  0%)     0/4(  0%)      0/4(  0%)       0/4(  0%)
37:      0/24(  0%)     0/4(  0%)      0/4(  0%)       0/4(  0%)
38:      0/24(  0%)     0/4(  0%)      0/4(  0%)       0/4(  0%)
39:      0/24(  0%)     0/4(  0%)      0/4(  0%)       0/4(  0%)
40:      0/24(  0%)     0/4(  0%)      0/4(  0%)       0/4(  0%)
41:      0/24(  0%)     0/4(  0%)      0/4(  0%)       0/4(  0%)
42:      0/24(  0%)     0/4(  0%)      0/4(  0%)       0/4(  0%)
43:      0/24(  0%)     0/4(  0%)      0/4(  0%)       0/4(  0%)
44:      0/24(  0%)     0/4(  0%)      0/4(  0%)       0/4(  0%)
45:      0/24(  0%)     0/4(  0%)      0/4(  0%)       0/4(  0%)
46:      0/24(  0%)     0/4(  0%)      0/4(  0%)       0/4(  0%)
47:      0/24(  0%)     0/4(  0%)      0/4(  0%)       0/4(  0%)
48:      0/24(  0%)     0/4(  0%)      0/4(  0%)       0/4(  0%)
49:      0/24(  0%)     0/4(  0%)      0/4(  0%)       0/4(  0%)
50:      0/24(  0%)     0/4(  0%)      0/4(  0%)       0/4(  0%)
51:      0/24(  0%)     0/4(  0%)      0/4(  0%)       0/4(  0%)
52:      0/24(  0%)     0/4(  0%)      0/4(  0%)       0/4(  0%)
EA:      0/24(  0%)     0/4(  0%)      0/4(  0%)       0/4(  0%)


Device-Specific Information:e:\vhdldesigns\ee231\designproblems\01pairadder\pair_pairadd_tt.rpt
pair_pairadd_tt

** EQUATIONS **

a10      : INPUT;
a11      : INPUT;
a20      : INPUT;
a21      : INPUT;
b10      : INPUT;
b11      : INPUT;
b20      : INPUT;
b21      : INPUT;
c1       : INPUT;
c2       : INPUT;

-- Node name is 's10' 
-- Equation name is 's10', type is output 
s10      =  _LC1_C10;

-- Node name is 's11' 
-- Equation name is 's11', type is output 
s11      =  _LC4_C10;

-- Node name is 's12' 
-- Equation name is 's12', type is output 
s12      =  _LC8_C10;

-- Node name is 's20' 
-- Equation name is 's20', type is output 
s20      =  _LC8_F27;

-- Node name is 's21' 
-- Equation name is 's21', type is output 
s21      =  _LC5_F27;

-- Node name is 's22' 
-- Equation name is 's22', type is output 
s22      =  _LC2_F27;

-- Node name is 'ZF' 
-- Equation name is 'ZF', type is output 
ZF       = !_LC7_F27;

-- Node name is '|pairadd_tt:pair1|~281~1' 
-- Equation name is '_LC3_C10', type is buried 
-- synthesized logic cell 
_LC3_C10 = LCELL( _EQ001);
  _EQ001 =  b10 &  c1
         #  a10 &  c1
         #  a10 &  b10;

-- Node name is '|pairadd_tt:pair1|:281' 
-- Equation name is '_LC8_C10', type is buried 
_LC8_C10 = LCELL( _EQ002);
  _EQ002 =  a11 &  _LC3_C10
         #  b11 &  _LC3_C10
         #  a11 &  b11;

-- Node name is '|pairadd_tt:pair1|~479~1' 
-- Equation name is '_LC2_C10', type is buried 
-- synthesized logic cell 
_LC2_C10 = LCELL( _EQ003);
  _EQ003 = !a11 &  b11
         #  a11 & !b11;

-- Node name is '|pairadd_tt:pair1|:479' 
-- Equation name is '_LC4_C10', type is buried 
_LC4_C10 = LCELL( _EQ004);
  _EQ004 =  b10 &  c1 & !_LC2_C10
         #  a10 &  c1 & !_LC2_C10
         #  a10 &  b10 & !_LC2_C10
         # !b10 & !c1 &  _LC2_C10
         # !a10 & !b10 &  _LC2_C10
         # !a10 & !c1 &  _LC2_C10;

-- Node name is '|pairadd_tt:pair1|:677' 
-- Equation name is '_LC1_C10', type is buried 
_LC1_C10 = LCELL( _EQ005);
  _EQ005 = !a10 &  b10 & !c1
         #  a10 &  b10 &  c1
         # !a10 & !b10 &  c1
         #  a10 & !b10 & !c1;

-- Node name is '|pairadd_tt:pair2|~281~1' 
-- Equation name is '_LC3_F27', type is buried 
-- synthesized logic cell 
!_LC3_F27 = _LC3_F27~NOT;
_LC3_F27~NOT = LCELL( _EQ006);
  _EQ006 =  b20 &  c2
         #  a20 &  c2
         #  a20 &  b20;

-- Node name is '|pairadd_tt:pair2|:281' 
-- Equation name is '_LC2_F27', type is buried 
_LC2_F27 = LCELL( _EQ007);
  _EQ007 =  a21 & !_LC3_F27
         #  b21 & !_LC3_F27
         #  a21 &  b21;

-- Node name is '|pairadd_tt:pair2|~479~1' 
-- Equation name is '_LC1_F27', type is buried 
-- synthesized logic cell 
_LC1_F27 = LCELL( _EQ008);
  _EQ008 = !a21 &  b21
         #  a21 & !b21;

-- Node name is '|pairadd_tt:pair2|:479' 
-- Equation name is '_LC5_F27', type is buried 
_LC5_F27 = LCELL( _EQ009);
  _EQ009 =  b20 &  c2 & !_LC1_F27
         #  a20 &  c2 & !_LC1_F27
         #  a20 &  b20 & !_LC1_F27
         # !b20 & !c2 &  _LC1_F27
         # !a20 & !b20 &  _LC1_F27
         # !a20 & !c2 &  _LC1_F27;

-- Node name is '|pairadd_tt:pair2|:677' 
-- Equation name is '_LC8_F27', type is buried 
!_LC8_F27 = _LC8_F27~NOT;
_LC8_F27~NOT = LCELL( _EQ010);
  _EQ010 = !a20 & !b20 & !c2
         #  a20 & !b20 &  c2
         # !a20 &  b20 &  c2
         #  a20 &  b20 & !c2;

-- Node name is ':30' 
-- Equation name is '_LC7_F27', type is buried 
!_LC7_F27 = _LC7_F27~NOT;
_LC7_F27~NOT = LCELL( _EQ011);
  _EQ011 = !_LC2_F27 & !_LC5_F27 & !_LC8_F27;



Project Informatione:\vhdldesigns\ee231\designproblems\01pairadder\pair_pairadd_tt.rpt

** COMPILATION SETTINGS & TIMES **

Processing Menu Commands
------------------------

Design Doctor                             = off

Logic Synthesis:

   Synthesis Type Used                    = Multi-Level

   Default Synthesis Style                = NORMAL

      Logic option settings in 'NORMAL' style for 'FLEX10K' family

      CARRY_CHAIN                         = ignore
      CARRY_CHAIN_LENGTH                  = 32
      CASCADE_CHAIN                       = ignore
      CASCADE_CHAIN_LENGTH                = 2
      DECOMPOSE_GATES                     = on
      DUPLICATE_LOGIC_EXTRACTION          = on
      MINIMIZATION                        = full
      MULTI_LEVEL_FACTORING               = on
      NOT_GATE_PUSH_BACK                  = on
      REDUCE_LOGIC                        = on
      REFACTORIZATION                     = on
      REGISTER_OPTIMIZATION               = on
      RESYNTHESIZE_NETWORK                = on
      SLOW_SLEW_RATE                      = off
      SUBFACTOR_EXTRACTION                = on
      IGNORE_SOFT_BUFFERS                 = on
      USE_LPM_FOR_AHDL_OPERATORS          = off

   Other logic synthesis settings:

      Automatic Global Clock              = on
      Automatic Global Clear              = on
      Automatic Global Preset             = on
      Automatic Global Output Enable      = on
      Automatic Fast I/O                  = off
      Automatic Register Packing          = off
      Automatic Open-Drain Pins           = on
      Automatic Implement in EAB          = off
      Optimize                            = 5

Default Timing Specifications: None

Cut All Bidir Feedback Timing Paths       = on
Cut All Clear & Preset Timing Paths       = on

Ignore Timing Assignments                 = on

Functional SNF Extractor                  = off

Linked SNF Extractor                      = off
Timing SNF Extractor                      = on
Optimize Timing SNF                       = off
Generate AHDL TDO File                    = off
Fitter Settings                           = NORMAL
Use Quartus Fitter                        = on
Smart Recompile                           = off
Total Recompile                           = off

Interfaces Menu Commands
------------------------

EDIF Netlist Writer                       = off
Verilog Netlist Writer                    = off
VHDL Netlist Writer                       = off

Compilation Times
-----------------

   Compiler Netlist Extractor             00:00:00
   Database Builder                       00:00:00
   Logic Synthesizer                      00:00:01
   Partitioner                            00:00:00
   Fitter                                 00:00:10
   Timing SNF Extractor                   00:00:00
   Assembler                              00:00:02
   --------------------------             --------
   Total Time                             00:00:13


Memory Allocated
-----------------

Peak memory allocated during compilation  = 43,320K
