
     | | | | | | |
   _________________
  -|               |-
  -|               |-
  -|               |-
  -|    CYPRESS    |-
  -|               |-
  -|               |-   Warp VHDL Synthesis Compiler: Version 5.1 IR 14
  -|               |-   Copyright (C) 1991, 1992, 1993,
   |_______________|    1994, 1995, 1996, 1997, 1998 Cypress Semiconductor
     | | | | | | |

======================================================================
Compiling:  square.vhd
Options:    -yu -ys0 -e100 -w100 -o0 -ygs -fO -fP -v10 -dc37256 -pCY37256P160-83AC -u 8PuzzleVHDL.hie -a square.vhd
======================================================================

vhdlfe V5.1 IR 14:  VHDL parser
Thu Oct 28 14:21:41 1999

Library 'work' => directory 'lc37256'
Linking 'e:\warp\bin\std.vhd'.
Linking 'e:\warp\lib\common\cypress.vhd'.
Linking 'e:\warp\lib\common\work\cypress.vif'.
Library 'ieee' => directory 'e:\warp\lib\ieee\work'
Linking 'e:\warp\lib\ieee\work\stdlogic.vif'.
Library 'ieee' => directory 'e:\warp\lib\ieee\work'
Library 'ieee' => directory 'e:\warp\lib\ieee\work'
Library 'ieee' => directory 'e:\warp\lib\ieee\work'

vhdlfe:  No errors.


tovif V5.1 IR 14:  High-level synthesis
Thu Oct 28 14:21:42 1999

Linking 'e:\warp\bin\std.vhd'.
Linking 'e:\warp\lib\common\cypress.vhd'.
Linking 'e:\warp\lib\common\work\cypress.vif'.
Linking 'e:\warp\lib\ieee\work\stdlogic.vif'.
Added entity 'square4' to library 'work'
Added entity 'square3' to library 'work'
Added entity 'square2' to library 'work'
Added architecture 'square4_arch' to library 'work'
Added architecture 'square3_arch' to library 'work'
Added architecture 'square2_arch' to library 'work'
Added package 'square_pkg' to library 'work'

tovif:  No errors.

