Project Information                             c:\booksoft\chap9\char_rom.rpt

MAX+plus II Compiler Report File
Version 10.0 9/14/2000
Compiled: 01/18/2001 15:19:11

Copyright (C) 1988-2000 Altera Corporation
Any megafunction design, and related net list (encrypted or decrypted),
support information, device programming or simulation file, and any other
associated documentation or information provided by Altera or a partner
under Altera's Megafunction Partnership Program may be used only to
program PLD devices (but not masked PLD devices) from Altera.  Any other
use of such megafunction design, net list, support information, device
programming or simulation file, or any other related documentation or
information is prohibited for any other purpose, including, but not
limited to modification, reverse engineering, de-compiling, or use with
any other silicon devices, unless such use is explicitly licensed under
a separate agreement with Altera or a megafunction partner.  Title to
the intellectual property, including patents, copyrights, trademarks,
trade secrets, or maskworks, embodied in any such megafunction design,
net list, support information, device programming or simulation file, or
any other related documentation or information provided by Altera or a
megafunction partner, remains with Altera, the megafunction partner, or
their respective licensors.  No other licenses, including any licenses
needed under any third party's intellectual property, are provided herein.



***** Project compilation was successful


CHAR_ROM


** DEVICE SUMMARY **

Chip/                     Input Output Bidir  Memory  Memory  			 LCs
POF       Device          Pins  Pins   Pins   Bits % Utilized  LCs  % Utilized

char_rom  EPF10K10LC84-3   12     1      0    4096      66 %    6        1  %

User Pins:                 12     1      0  



Project Information                             c:\booksoft\chap9\char_rom.rpt

** EMBEDDED ARRAYS **


|LPM_ROM:char_gen_rom|altrom:srom|content: MEMORY (
               width        =    8;
               depth        =  512;
               segmentsize  =  512;
               mode         = MEM_READONLY#MEM_INITIALIZED;
               file         = "tcgrom.mif";
         )
         OF SEGMENTS (
               |LPM_ROM:char_gen_rom|altrom:srom|segment0_7,
               |LPM_ROM:char_gen_rom|altrom:srom|segment0_6,
               |LPM_ROM:char_gen_rom|altrom:srom|segment0_5,
               |LPM_ROM:char_gen_rom|altrom:srom|segment0_4,
               |LPM_ROM:char_gen_rom|altrom:srom|segment0_3,
               |LPM_ROM:char_gen_rom|altrom:srom|segment0_2,
               |LPM_ROM:char_gen_rom|altrom:srom|segment0_1,
               |LPM_ROM:char_gen_rom|altrom:srom|segment0_0
);




Project Information                             c:\booksoft\chap9\char_rom.rpt

** FILE HIERARCHY **



|lpm_rom:char_gen_rom|
|lpm_rom:char_gen_rom|altrom:srom|


Device-Specific Information:                    c:\booksoft\chap9\char_rom.rpt
char_rom

***** Logic for device 'char_rom' compiled without errors.




Device: EPF10K10LC84-3

FLEX 10K Configuration Scheme: Passive Serial

Device Options:
    User-Supplied Start-Up Clock               = OFF
    Auto-Restart Configuration on Frame Error  = OFF
    Release Clears Before Tri-States           = OFF
    Enable Chip_Wide Reset                     = OFF
    Enable Chip-Wide Output Enable             = OFF
    Enable INIT_DONE Output                    = OFF
    JTAG User Code                             = 7f

                                                   c  c  c                             
                                                   h  h  h                             
                                                   a  a  a                             
                                                   r  r  r                             
                                                   a  a  a                             
                                                   c  c  c                             
                                                   t  t  t                             
                                                   e  e  e                             
                                                   r  r  r                       ^     
                                          f     f  _  _  _                       C     
                        R  R  R  R  R  R  o     o  a  a  a  R     R  R  R  R     O     
                        E  E  E  E  E  E  n     n  d  d  d  E     E  E  E  E     N     
                        S  S  S  S  S  S  t  V  t  d  d  d  S  G  S  S  S  S     F     
                        E  E  E  E  E  E  _  C  _  r  r  r  E  N  E  E  E  E     _  ^  
                        R  R  R  R  R  R  r  C  r  e  e  e  R  D  R  R  R  R  #  D  n  
                        V  V  V  V  V  V  o  I  o  s  s  s  V  I  V  V  V  V  T  O  C  
                        E  E  E  E  E  E  w  N  w  s  s  s  E  N  E  E  E  E  C  N  E  
                        D  D  D  D  D  D  0  T  1  5  1  2  D  T  D  D  D  D  K  E  O  
                      -----------------------------------------------------------------_ 
                    /  11 10  9  8  7  6  5  4  3  2  1 84 83 82 81 80 79 78 77 76 75   | 
            ^DATA0 | 12                                                              74 | #TDO 
             ^DCLK | 13                                                              73 | RESERVED 
              ^nCE | 14                                                              72 | RESERVED 
              #TDI | 15                                                              71 | RESERVED 
          RESERVED | 16                                                              70 | RESERVED 
          RESERVED | 17                                                              69 | RESERVED 
          RESERVED | 18                                                              68 | GNDINT 
          RESERVED | 19                                                              67 | font_col1 
            VCCINT | 20                                                              66 | RESERVED 
    rom_mux_output | 21                                                              65 | font_col0 
         font_col2 | 22                        EPF10K10LC84-3                        64 | RESERVED 
          RESERVED | 23                                                              63 | VCCINT 
          RESERVED | 24                                                              62 | RESERVED 
          RESERVED | 25                                                              61 | RESERVED 
            GNDINT | 26                                                              60 | RESERVED 
          RESERVED | 27                                                              59 | RESERVED 
          RESERVED | 28                                                              58 | RESERVED 
          RESERVED | 29                                                              57 | #TMS 
          RESERVED | 30                                                              56 | #TRST 
            ^MSEL0 | 31                                                              55 | ^nSTATUS 
            ^MSEL1 | 32                                                              54 | RESERVED 
                   |_  33 34 35 36 37 38 39 40 41 42 43 44 45 46 47 48 49 50 51 52 53  _| 
                     ------------------------------------------------------------------ 
                        V  ^  R  R  R  f  R  V  G  c  c  c  V  G  R  R  R  R  R  R  R  
                        C  n  E  E  E  o  E  C  N  h  h  h  C  N  E  E  E  E  E  E  E  
                        C  C  S  S  S  n  S  C  D  a  a  a  C  D  S  S  S  S  S  S  S  
                        I  O  E  E  E  t  E  I  I  r  r  r  I  I  E  E  E  E  E  E  E  
                        N  N  R  R  R  _  R  N  N  a  a  a  N  N  R  R  R  R  R  R  R  
                        T  F  V  V  V  r  V  T  T  c  c  c  T  T  V  V  V  V  V  V  V  
                           I  E  E  E  o  E        t  t  t        E  E  E  E  E  E  E  
                           G  D  D  D  w  D        e  e  e        D  D  D  D  D  D  D  
                                       2           r  r  r                             
                                                   _  _  _                             
                                                   a  a  a                             
                                                   d  d  d                             
                                                   d  d  d                             
                                                   r  r  r                             
                                                   e  e  e                             
                                                   s  s  s                             
                                                   s  s  s                             
                                                   4  0  3                             


N.C. = No Connect. This pin has no internal connection to the device.
VCCINT = Dedicated power pin, which MUST be connected to VCC (5.0 volts).
VCCIO = Dedicated power pin, which MUST be connected to VCC (5.0 volts).
GNDINT = Dedicated ground pin or unused dedicated input, which MUST be connected to GND.
GNDIO = Dedicated ground pin, which MUST be connected to GND.
RESERVED = Unused I/O pin, which MUST be left unconnected.

^ = Dedicated configuration pin.
+ = Reserved configuration pin, which is tri-stated during user mode.
* = Reserved configuration pin, which drives out in user mode.
PDn = Power Down pin. 
@ = Special-purpose pin. 
# = JTAG Boundary-Scan Testing/In-System Programming or Configuration Pin. The JTAG inputs TMS and TDI should be tied to VCC and TCK should be tied to GND when not in use.
& = JTAG pin used for I/O. When used as user I/O, JTAG pins must be kept stable before and during configuration.  JTAG pin stability prevents accidental loading of JTAG instructions.


Device-Specific Information:                    c:\booksoft\chap9\char_rom.rpt
char_rom

** RESOURCE USAGE **

Logic                Column       Row                                   
Array                Interconnect Interconnect         Clears/     External  
Block   Logic Cells  Driven       Driven       Clocks  Presets   Interconnect
B1       6/ 8( 75%)   0/ 8(  0%)   1/ 8( 12%)    0/2    0/2      11/22( 50%)   


Embedded             Column       Row                                   
Array     Embedded   Interconnect Interconnect         Read/      External  
Block     Cells      Driven       Driven       Clocks  Write    Interconnect
A25      8/8 (100%)   4/8 ( 50%)   0/8 (  0%)    0/2    2/2       9/22( 40%)   
B25      8/8 (100%)   0/8 (  0%)   4/8 ( 50%)    0/2    2/2       9/22( 40%)   


Total dedicated input pins used:                 6/6      (100%)
Total I/O pins used:                             7/53     ( 13%)
Total logic cells used:                          6/576    (  1%)
Total embedded cells used:                      16/24     ( 66%)
Total EABs used:                                 2/3      ( 66%)
Average fan-in:                                 3.50/4    ( 87%)
Total fan-in:                                  21/2304    (  0%)

Total input pins required:                      12
Total input I/O cell registers required:         0
Total output pins required:                      1
Total output I/O cell registers required:        0
Total buried I/O cell registers required:        0
Total bidirectional pins required:               0
Total reserved pins required                     0
Total logic cells required:                      6
Total flipflops required:                        0
Total packed registers required:                 0
Total logic cells in carry chains:               0
Total number of carry chains:                    0
Total logic cells in cascade chains:             0
Total number of cascade chains:                  0
Total single-pin Clock Enables required:         0
Total single-pin Output Enables required:        0

Synthesized logic cells:                         0/ 576   (  0%)

Logic Cell and Embedded Cell Counts

Column:  01  02  03  04  05  06  07  08  09  10  11  12  EA  13  14  15  16  17  18  19  20  21  22  23  24  Total(LC/EC)
 A:      0   0   0   0   0   0   0   0   0   0   0   0   8   0   0   0   0   0   0   0   0   0   0   0   0      0/8  
 B:      6   0   0   0   0   0   0   0   0   0   0   0   8   0   0   0   0   0   0   0   0   0   0   0   0      6/8  
 C:      0   0   0   0   0   0   0   0   0   0   0   0   0   0   0   0   0   0   0   0   0   0   0   0   0      0/0  

Total:   6   0   0   0   0   0   0   0   0   0   0   0  16   0   0   0   0   0   0   0   0   0   0   0   0      6/16 



Device-Specific Information:                    c:\booksoft\chap9\char_rom.rpt
char_rom

** INPUTS **

                                                    Fan-In    Fan-Out
 Pin     LC     EC   Row  Col  Primitive    Code      INP  FBK  OUT  FBK  Name
  43      -     -    -    --      INPUT                0    0    0    8  character_address0
   1      -     -    -    --      INPUT                0    0    0    8  character_address1
  84      -     -    -    --      INPUT                0    0    0    8  character_address2
  44      -     -    -    --      INPUT                0    0    0    8  character_address3
  42      -     -    -    --      INPUT                0    0    0    8  character_address4
   2      -     -    -    --      INPUT                0    0    0    8  character_address5
  65      -     -    B    --      INPUT                0    0    0    4  font_col0
  67      -     -    B    --      INPUT                0    0    0    3  font_col1
  22      -     -    B    --      INPUT                0    0    0    1  font_col2
   5      -     -    -    05      INPUT                0    0    0    8  font_row0
   3      -     -    -    12      INPUT                0    0    0    8  font_row1
  38      -     -    -    10      INPUT                0    0    0    8  font_row2


Code:

s = Synthesized pin or logic cell
+ = Synchronous flipflop
/ = Slow slew-rate output
! = NOT gate push-back
r = Fitter-inserted logic cell
@ = Uses single-pin Clock Enable
& = Uses single-pin Output Enable


Device-Specific Information:                    c:\booksoft\chap9\char_rom.rpt
char_rom

** OUTPUTS **

       Fed By Fed By                                Fan-In    Fan-Out
 Pin     LC     EC   Row  Col  Primitive    Code      INP  FBK  OUT  FBK  Name
  21      -     -    B    --     OUTPUT                0    1    0    0  rom_mux_output


Code:

s = Synthesized pin or logic cell
+ = Synchronous flipflop
/ = Slow slew-rate output
! = NOT gate push-back
r = Fitter-inserted logic cell
@ = Uses single-pin Clock Enable
& = Uses single-pin Output Enable


Device-Specific Information:                    c:\booksoft\chap9\char_rom.rpt
char_rom

** BURIED LOGIC **

                                                    Fan-In    Fan-Out
 IOC     LC     EC   Row  Col  Primitive    Code      INP  FBK  OUT  FBK  Name
   -      -     1    B    --   MEM_SGMT                9    0    0    1  |LPM_ROM:char_gen_rom|altrom:srom|segment0_0
   -      -     2    B    --   MEM_SGMT                9    0    0    1  |LPM_ROM:char_gen_rom|altrom:srom|segment0_1
   -      -     4    A    --   MEM_SGMT                9    0    0    1  |LPM_ROM:char_gen_rom|altrom:srom|segment0_2
   -      -     3    B    --   MEM_SGMT                9    0    0    1  |LPM_ROM:char_gen_rom|altrom:srom|segment0_3
   -      -     3    A    --   MEM_SGMT                9    0    0    1  |LPM_ROM:char_gen_rom|altrom:srom|segment0_4
   -      -     2    A    --   MEM_SGMT                9    0    0    1  |LPM_ROM:char_gen_rom|altrom:srom|segment0_5
   -      -     4    B    --   MEM_SGMT                9    0    0    1  |LPM_ROM:char_gen_rom|altrom:srom|segment0_6
   -      -     1    A    --   MEM_SGMT                9    0    0    1  |LPM_ROM:char_gen_rom|altrom:srom|segment0_7
   -      1     -    B    01        OR2                1    3    1    0  :69
   -      6     -    B    01        OR2                1    2    0    1  :72
   -      5     -    B    01        OR2                1    2    0    1  :75
   -      4     -    B    01        OR2                1    2    0    1  :78
   -      3     -    B    01        OR2                2    2    0    1  :82
   -      2     -    B    01        OR2                2    2    0    1  :83


Code:

s = Synthesized pin or logic cell
+ = Synchronous flipflop
/ = Slow slew-rate output
! = NOT gate push-back
r = Fitter-inserted logic cell
p = Packed register


Device-Specific Information:                    c:\booksoft\chap9\char_rom.rpt
char_rom

** FASTTRACK INTERCONNECT UTILIZATION **

Row FastTrack Interconnect:

          Global         Left Half-      Right Half-
         FastTrack       FastTrack       FastTrack 
Row     Interconnect    Interconnect    Interconnect    Input Pins     Output Pins     Bidir Pins
A:       0/ 96(  0%)     3/ 48(  6%)     0/ 48(  0%)    0/16(  0%)      0/16(  0%)     0/16(  0%)
B:      11/ 96( 11%)     4/ 48(  8%)     0/ 48(  0%)    3/16( 18%)      1/16(  6%)     0/16(  0%)
C:       0/ 96(  0%)     0/ 48(  0%)     0/ 48(  0%)    0/16(  0%)      0/16(  0%)     0/16(  0%)


Column FastTrack Interconnect:

         FastTrack                                 
Column  Interconnect    Input Pins     Output Pins     Bidir Pins
01:      0/24(  0%)     0/4(  0%)      0/4(  0%)       0/4(  0%)
02:      0/24(  0%)     0/4(  0%)      0/4(  0%)       0/4(  0%)
03:      0/24(  0%)     0/4(  0%)      0/4(  0%)       0/4(  0%)
04:      0/24(  0%)     0/4(  0%)      0/4(  0%)       0/4(  0%)
05:      1/24(  4%)     1/4( 25%)      0/4(  0%)       0/4(  0%)
06:      0/24(  0%)     0/4(  0%)      0/4(  0%)       0/4(  0%)
07:      0/24(  0%)     0/4(  0%)      0/4(  0%)       0/4(  0%)
08:      0/24(  0%)     0/4(  0%)      0/4(  0%)       0/4(  0%)
09:      0/24(  0%)     0/4(  0%)      0/4(  0%)       0/4(  0%)
10:      1/24(  4%)     1/4( 25%)      0/4(  0%)       0/4(  0%)
11:      0/24(  0%)     0/4(  0%)      0/4(  0%)       0/4(  0%)
12:      1/24(  4%)     1/4( 25%)      0/4(  0%)       0/4(  0%)
13:      0/24(  0%)     0/4(  0%)      0/4(  0%)       0/4(  0%)
14:      0/24(  0%)     0/4(  0%)      0/4(  0%)       0/4(  0%)
15:      0/24(  0%)     0/4(  0%)      0/4(  0%)       0/4(  0%)
16:      0/24(  0%)     0/4(  0%)      0/4(  0%)       0/4(  0%)
17:      0/24(  0%)     0/4(  0%)      0/4(  0%)       0/4(  0%)
18:      0/24(  0%)     0/4(  0%)      0/4(  0%)       0/4(  0%)
19:      0/24(  0%)     0/4(  0%)      0/4(  0%)       0/4(  0%)
20:      0/24(  0%)     0/4(  0%)      0/4(  0%)       0/4(  0%)
21:      0/24(  0%)     0/4(  0%)      0/4(  0%)       0/4(  0%)
22:      0/24(  0%)     0/4(  0%)      0/4(  0%)       0/4(  0%)
23:      0/24(  0%)     0/4(  0%)      0/4(  0%)       0/4(  0%)
24:      0/24(  0%)     0/4(  0%)      0/4(  0%)       0/4(  0%)
EA:      4/24( 16%)     0/4(  0%)      0/4(  0%)       0/4(  0%)


Device-Specific Information:                    c:\booksoft\chap9\char_rom.rpt
char_rom

** EQUATIONS **

character_address0 : INPUT;
character_address1 : INPUT;
character_address2 : INPUT;
character_address3 : INPUT;
character_address4 : INPUT;
character_address5 : INPUT;
font_col0 : INPUT;
font_col1 : INPUT;
font_col2 : INPUT;
font_row0 : INPUT;
font_row1 : INPUT;
font_row2 : INPUT;

-- Node name is 'rom_mux_output' 
-- Equation name is 'rom_mux_output', type is output 
rom_mux_output =  _LC1_B1;

-- Node name is ':69' 
-- Equation name is '_LC1_B1', type is buried 
_LC1_B1  = LCELL( _EQ001);
  _EQ001 = !font_col2 &  _LC2_B1
         # !font_col2 &  _LC3_B1
         #  font_col2 &  _LC6_B1;

-- Node name is ':72' 
-- Equation name is '_LC6_B1', type is buried 
_LC6_B1  = LCELL( _EQ002);
  _EQ002 = !font_col1 &  _LC4_B1
         #  font_col1 &  _LC5_B1;

-- Node name is ':75' 
-- Equation name is '_LC5_B1', type is buried 
_LC5_B1  = LCELL( _EQ003);
  _EQ003 =  _EC1_B &  font_col0
         #  _EC2_B & !font_col0;

-- Node name is ':78' 
-- Equation name is '_LC4_B1', type is buried 
_LC4_B1  = LCELL( _EQ004);
  _EQ004 =  _EC4_A &  font_col0
         #  _EC3_B & !font_col0;

-- Node name is ':82' 
-- Equation name is '_LC3_B1', type is buried 
_LC3_B1  = LCELL( _EQ005);
  _EQ005 =  _EC3_A &  font_col0 &  font_col1
         #  _EC2_A & !font_col0 &  font_col1;

-- Node name is ':83' 
-- Equation name is '_LC2_B1', type is buried 
_LC2_B1  = LCELL( _EQ006);
  _EQ006 =  _EC4_B &  font_col0 & !font_col1
         #  _EC1_A & !font_col0 & !font_col1;

-- Node name is '|LPM_ROM:char_gen_rom|altrom:srom|segment0_0' from file "altrom.tdf" line 92, column 11
-- Equation name is '_EC1_B', type is memory 
_EC1_B   = MEMORY_SEGMENT( VCC, VCC, VCC, GND, VCC, font_row0, font_row1, font_row2, character_address0, character_address1, character_address2, character_address3, character_address4, character_address5, VCC, VCC,);

-- Node name is '|LPM_ROM:char_gen_rom|altrom:srom|segment0_1' from file "altrom.tdf" line 92, column 11
-- Equation name is '_EC2_B', type is memory 
_EC2_B   = MEMORY_SEGMENT( VCC, VCC, VCC, GND, VCC, font_row0, font_row1, font_row2, character_address0, character_address1, character_address2, character_address3, character_address4, character_address5, VCC, VCC,);

-- Node name is '|LPM_ROM:char_gen_rom|altrom:srom|segment0_2' from file "altrom.tdf" line 92, column 11
-- Equation name is '_EC4_A', type is memory 
_EC4_A   = MEMORY_SEGMENT( VCC, VCC, VCC, GND, VCC, font_row0, font_row1, font_row2, character_address0, character_address1, character_address2, character_address3, character_address4, character_address5, VCC, VCC,);

-- Node name is '|LPM_ROM:char_gen_rom|altrom:srom|segment0_3' from file "altrom.tdf" line 92, column 11
-- Equation name is '_EC3_B', type is memory 
_EC3_B   = MEMORY_SEGMENT( VCC, VCC, VCC, GND, VCC, font_row0, font_row1, font_row2, character_address0, character_address1, character_address2, character_address3, character_address4, character_address5, VCC, VCC,);

-- Node name is '|LPM_ROM:char_gen_rom|altrom:srom|segment0_4' from file "altrom.tdf" line 92, column 11
-- Equation name is '_EC3_A', type is memory 
_EC3_A   = MEMORY_SEGMENT( VCC, VCC, VCC, GND, VCC, font_row0, font_row1, font_row2, character_address0, character_address1, character_address2, character_address3, character_address4, character_address5, VCC, VCC,);

-- Node name is '|LPM_ROM:char_gen_rom|altrom:srom|segment0_5' from file "altrom.tdf" line 92, column 11
-- Equation name is '_EC2_A', type is memory 
_EC2_A   = MEMORY_SEGMENT( VCC, VCC, VCC, GND, VCC, font_row0, font_row1, font_row2, character_address0, character_address1, character_address2, character_address3, character_address4, character_address5, VCC, VCC,);

-- Node name is '|LPM_ROM:char_gen_rom|altrom:srom|segment0_6' from file "altrom.tdf" line 92, column 11
-- Equation name is '_EC4_B', type is memory 
_EC4_B   = MEMORY_SEGMENT( VCC, VCC, VCC, GND, VCC, font_row0, font_row1, font_row2, character_address0, character_address1, character_address2, character_address3, character_address4, character_address5, VCC, VCC,);

-- Node name is '|LPM_ROM:char_gen_rom|altrom:srom|segment0_7' from file "altrom.tdf" line 92, column 11
-- Equation name is '_EC1_A', type is memory 
_EC1_A   = MEMORY_SEGMENT( VCC, VCC, VCC, GND, VCC, font_row0, font_row1, font_row2, character_address0, character_address1, character_address2, character_address3, character_address4, character_address5, VCC, VCC,);



Project Information                             c:\booksoft\chap9\char_rom.rpt

** COMPILATION SETTINGS & TIMES **

Processing Menu Commands
------------------------

Design Doctor                             = off

Logic Synthesis:

   Synthesis Type Used                    = Multi-Level

   Default Synthesis Style                = NORMAL

      Logic option settings in 'NORMAL' style for 'FLEX10K' family

      CARRY_CHAIN                         = ignore
      CARRY_CHAIN_LENGTH                  = 32
      CASCADE_CHAIN                       = ignore
      CASCADE_CHAIN_LENGTH                = 2
      DECOMPOSE_GATES                     = on
      DUPLICATE_LOGIC_EXTRACTION          = on
      MINIMIZATION                        = full
      MULTI_LEVEL_FACTORING               = on
      NOT_GATE_PUSH_BACK                  = on
      REDUCE_LOGIC                        = on
      REFACTORIZATION                     = on
      REGISTER_OPTIMIZATION               = on
      RESYNTHESIZE_NETWORK                = on
      SLOW_SLEW_RATE                      = off
      SUBFACTOR_EXTRACTION                = on
      IGNORE_SOFT_BUFFERS                 = on
      USE_LPM_FOR_AHDL_OPERATORS          = off

   Other logic synthesis settings:

      Automatic Global Clock              = on
      Automatic Global Clear              = on
      Automatic Global Preset             = on
      Automatic Global Output Enable      = on
      Automatic Fast I/O                  = off
      Automatic Register Packing          = off
      Automatic Open-Drain Pins           = on
      Automatic Implement in EAB          = off
      Optimize                            = 5

Default Timing Specifications: None

Cut All Bidir Feedback Timing Paths       = on
Cut All Clear & Preset Timing Paths       = on

Ignore Timing Assignments                 = off

Functional SNF Extractor                  = off

Linked SNF Extractor                      = off
Timing SNF Extractor                      = on
Optimize Timing SNF                       = off
Generate AHDL TDO File                    = off
Fitter Settings                           = NORMAL
Use Quartus Fitter                        = on
Smart Recompile                           = off
Total Recompile                           = off

Interfaces Menu Commands
------------------------

EDIF Netlist Writer                       = off
Verilog Netlist Writer                    = off
VHDL Netlist Writer                       = off

Compilation Times
-----------------

   Compiler Netlist Extractor             00:00:01
   Database Builder                       00:00:00
   Logic Synthesizer                      00:00:00
   Partitioner                            00:00:01
   Fitter                                 00:00:01
   Timing SNF Extractor                   00:00:00
   Assembler                              00:00:01
   --------------------------             --------
   Total Time                             00:00:04


Memory Allocated
-----------------

Peak memory allocated during compilation  = 15,970K
