Project Informatione:\vhdldesigns\ee231\05ifelsecombinational\behaviorcombo.rpt

MAX+plus II Compiler Report File
Version 10.1 06/12/2001
Compiled: 02/04/2002 15:06:23

Copyright (C) 1988-2001 Altera Corporation
Any megafunction design, and related net list (encrypted or decrypted),
support information, device programming or simulation file, and any other
associated documentation or information provided by Altera or a partner
under Altera's Megafunction Partnership Program may be used only to
program PLD devices (but not masked PLD devices) from Altera.  Any other
use of such megafunction design, net list, support information, device
programming or simulation file, or any other related documentation or
information is prohibited for any other purpose, including, but not
limited to modification, reverse engineering, de-compiling, or use with
any other silicon devices, unless such use is explicitly licensed under
a separate agreement with Altera or a megafunction partner.  Title to
the intellectual property, including patents, copyrights, trademarks,
trade secrets, or maskworks, embodied in any such megafunction design,
net list, support information, device programming or simulation file, or
any other related documentation or information provided by Altera or a
megafunction partner, remains with Altera, the megafunction partner, or
their respective licensors.  No other licenses, including any licenses
needed under any third party's intellectual property, are provided herein.



***** Project compilation was successful


BEHAVIORCOMBO


** DEVICE SUMMARY **

Chip/                     Input Output Bidir  Memory  Memory  			 LCs
POF       Device          Pins  Pins   Pins   Bits % Utilized  LCs  % Utilized

behaviorcombo
      EPF10K10LC84-3       6      9      0    0         0  %    27       4  %

User Pins:                 6      9      0  



Project Informatione:\vhdldesigns\ee231\05ifelsecombinational\behaviorcombo.rpt

** FILE HIERARCHY **



|lpm_add_sub:112|
|lpm_add_sub:112|addcore:adder|
|lpm_add_sub:112|altshift:result_ext_latency_ffs|
|lpm_add_sub:112|altshift:carry_ext_latency_ffs|
|lpm_add_sub:112|altshift:oflow_ext_latency_ffs|
|lpm_add_sub:141|
|lpm_add_sub:141|addcore:adder|
|lpm_add_sub:141|altshift:result_ext_latency_ffs|
|lpm_add_sub:141|altshift:carry_ext_latency_ffs|
|lpm_add_sub:141|altshift:oflow_ext_latency_ffs|
|lpm_add_sub:233|
|lpm_add_sub:233|addcore:adder|
|lpm_add_sub:233|altshift:result_ext_latency_ffs|
|lpm_add_sub:233|altshift:carry_ext_latency_ffs|
|lpm_add_sub:233|altshift:oflow_ext_latency_ffs|
|lpm_add_sub:238|
|lpm_add_sub:238|addcore:adder|
|lpm_add_sub:238|altshift:result_ext_latency_ffs|
|lpm_add_sub:238|altshift:carry_ext_latency_ffs|
|lpm_add_sub:238|altshift:oflow_ext_latency_ffs|


Device-Specific Information:e:\vhdldesigns\ee231\05ifelsecombinational\behaviorcombo.rpt
behaviorcombo

***** Logic for device 'behaviorcombo' compiled without errors.




Device: EPF10K10LC84-3

FLEX 10K Configuration Scheme: Passive Serial

Device Options:
    User-Supplied Start-Up Clock               = OFF
    Auto-Restart Configuration on Frame Error  = OFF
    Release Clears Before Tri-States           = OFF
    Enable Chip_Wide Reset                     = OFF
    Enable Chip-Wide Output Enable             = OFF
    Enable INIT_DONE Output                    = OFF
    JTAG User Code                             = 7f

                                                                         ^     
                                                                         C     
                R  R  R  R  R  R  R     R           R     R  R  R  R     O     
                E  E  E  E  E  E  E     E           E     E  E  E  E     N     
                S  S  S  S  S  S  S  V  S           S  G  S  S  S  S     F     
                E  E  E  E  E  E  E  C  E           E  N  E  E  E  E     _  ^  
                R  R  R  R  R  R  R  C  R           R  D  R  R  R  R  #  D  n  
                V  V  V  V  V  V  V  I  V           V  I  V  V  V  V  T  O  C  
                E  E  E  E  E  E  E  N  E  a  b  b  E  N  E  E  E  E  C  N  E  
                D  D  D  D  D  D  D  T  D  0  2  1  D  T  D  D  D  D  K  E  O  
              -----------------------------------------------------------------_ 
            /  11 10  9  8  7  6  5  4  3  2  1 84 83 82 81 80 79 78 77 76 75   | 
    ^DATA0 | 12                                                              74 | #TDO 
     ^DCLK | 13                                                              73 | RESERVED 
      ^nCE | 14                                                              72 | RESERVED 
      #TDI | 15                                                              71 | RESERVED 
  RESERVED | 16                                                              70 | RESERVED 
  RESERVED | 17                                                              69 | RESERVED 
  RESERVED | 18                                                              68 | GNDINT 
  RESERVED | 19                                                              67 | RESERVED 
    VCCINT | 20                                                              66 | RESERVED 
  RESERVED | 21                                                              65 | RESERVED 
  RESERVED | 22                        EPF10K10LC84-3                        64 | RESERVED 
  RESERVED | 23                                                              63 | VCCINT 
  RESERVED | 24                                                              62 | f32 
  RESERVED | 25                                                              61 | f22 
    GNDINT | 26                                                              60 | f21 
       f11 | 27                                                              59 | f12 
       f10 | 28                                                              58 | f30 
       f31 | 29                                                              57 | #TMS 
       f20 | 30                                                              56 | #TRST 
    ^MSEL0 | 31                                                              55 | ^nSTATUS 
    ^MSEL1 | 32                                                              54 | RESERVED 
           |_  33 34 35 36 37 38 39 40 41 42 43 44 45 46 47 48 49 50 51 52 53  _| 
             ------------------------------------------------------------------ 
                V  ^  R  R  R  R  R  V  G  b  a  a  V  G  R  R  R  R  R  R  R  
                C  n  E  E  E  E  E  C  N  0  2  1  C  N  E  E  E  E  E  E  E  
                C  C  S  S  S  S  S  C  D           C  D  S  S  S  S  S  S  S  
                I  O  E  E  E  E  E  I  I           I  I  E  E  E  E  E  E  E  
                N  N  R  R  R  R  R  N  N           N  N  R  R  R  R  R  R  R  
                T  F  V  V  V  V  V  T  T           T  T  V  V  V  V  V  V  V  
                   I  E  E  E  E  E                       E  E  E  E  E  E  E  
                   G  D  D  D  D  D                       D  D  D  D  D  D  D  
                                                                               
                                                                               


N.C. = No Connect. This pin has no internal connection to the device.
VCCINT = Dedicated power pin, which MUST be connected to VCC (5.0 volts).
VCCIO = Dedicated power pin, which MUST be connected to VCC (5.0 volts).
GNDINT = Dedicated ground pin or unused dedicated input, which MUST be connected to GND.
GNDIO = Dedicated ground pin, which MUST be connected to GND.
RESERVED = Unused I/O pin, which MUST be left unconnected.

^ = Dedicated configuration pin.
+ = Reserved configuration pin, which is tri-stated during user mode.
* = Reserved configuration pin, which drives out in user mode.
PDn = Power Down pin. 
@ = Special-purpose pin. 
# = JTAG Boundary-Scan Testing/In-System Programming or Configuration Pin. The JTAG inputs TMS and TDI should be tied to VCC and TCK should be tied to GND when not in use.
& = JTAG pin used for I/O. When used as user I/O, JTAG pins must be kept stable before and during configuration.  JTAG pin stability prevents accidental loading of JTAG instructions.


Device-Specific Information:e:\vhdldesigns\ee231\05ifelsecombinational\behaviorcombo.rpt
behaviorcombo

** RESOURCE USAGE **

Logic                Column       Row                                   
Array                Interconnect Interconnect         Clears/     External  
Block   Logic Cells  Driven       Driven       Clocks  Presets   Interconnect
C2       8/ 8(100%)   0/ 8(  0%)   2/ 8( 25%)    0/2    0/2       7/22( 31%)   
C12      8/ 8(100%)   0/ 8(  0%)   6/ 8( 75%)    0/2    0/2       6/22( 27%)   
C16      8/ 8(100%)   0/ 8(  0%)   3/ 8( 37%)    0/2    0/2       8/22( 36%)   
C18      3/ 8( 37%)   0/ 8(  0%)   2/ 8( 25%)    0/2    0/2       6/22( 27%)   


Embedded             Column       Row                                   
Array     Embedded   Interconnect Interconnect         Read/      External  
Block     Cells      Driven       Driven       Clocks  Write    Interconnect


Total dedicated input pins used:                 6/6      (100%)
Total I/O pins used:                             9/53     ( 16%)
Total logic cells used:                         27/576    (  4%)
Total embedded cells used:                       0/24     (  0%)
Total EABs used:                                 0/3      (  0%)
Average fan-in:                                 3.59/4    ( 89%)
Total fan-in:                                  97/2304    (  4%)

Total input pins required:                       6
Total input I/O cell registers required:         0
Total output pins required:                      9
Total output I/O cell registers required:        0
Total buried I/O cell registers required:        0
Total bidirectional pins required:               0
Total reserved pins required                     0
Total logic cells required:                     27
Total flipflops required:                        0
Total packed registers required:                 0
Total logic cells in carry chains:               0
Total number of carry chains:                    0
Total logic cells in cascade chains:             0
Total number of cascade chains:                  0
Total single-pin Clock Enables required:         0
Total single-pin Output Enables required:        0

Synthesized logic cells:                         8/ 576   (  1%)

Logic Cell and Embedded Cell Counts

Column:  01  02  03  04  05  06  07  08  09  10  11  12  EA  13  14  15  16  17  18  19  20  21  22  23  24  Total(LC/EC)
 A:      0   0   0   0   0   0   0   0   0   0   0   0   0   0   0   0   0   0   0   0   0   0   0   0   0      0/0  
 B:      0   0   0   0   0   0   0   0   0   0   0   0   0   0   0   0   0   0   0   0   0   0   0   0   0      0/0  
 C:      0   8   0   0   0   0   0   0   0   0   0   8   0   0   0   0   8   0   3   0   0   0   0   0   0     27/0  

Total:   0   8   0   0   0   0   0   0   0   0   0   8   0   0   0   0   8   0   3   0   0   0   0   0   0     27/0  



Device-Specific Information:e:\vhdldesigns\ee231\05ifelsecombinational\behaviorcombo.rpt
behaviorcombo

** INPUTS **

                                                    Fan-In    Fan-Out
 Pin     LC     EC   Row  Col  Primitive    Code      INP  FBK  OUT  FBK  Name
   2      -     -    -    --      INPUT                0    0    0   14  a0
  44      -     -    -    --      INPUT                0    0    0   10  a1
  43      -     -    -    --      INPUT                0    0    0    8  a2
  42      -     -    -    --      INPUT                0    0    0   13  b0
  84      -     -    -    --      INPUT                0    0    0    9  b1
   1      -     -    -    --      INPUT                0    0    0    8  b2


Code:

s = Synthesized pin or logic cell
+ = Synchronous flipflop
/ = Slow slew-rate output
! = NOT gate push-back
r = Fitter-inserted logic cell
@ = Uses single-pin Clock Enable
& = Uses single-pin Output Enable


Device-Specific Information:e:\vhdldesigns\ee231\05ifelsecombinational\behaviorcombo.rpt
behaviorcombo

** OUTPUTS **

       Fed By Fed By                                Fan-In    Fan-Out
 Pin     LC     EC   Row  Col  Primitive    Code      INP  FBK  OUT  FBK  Name
  28      -     -    C    --     OUTPUT                0    1    0    0  f10
  27      -     -    C    --     OUTPUT                0    1    0    0  f11
  59      -     -    C    --     OUTPUT                0    1    0    0  f12
  30      -     -    C    --     OUTPUT                0    1    0    0  f20
  60      -     -    C    --     OUTPUT                0    1    0    0  f21
  61      -     -    C    --     OUTPUT                0    1    0    0  f22
  58      -     -    C    --     OUTPUT                0    1    0    0  f30
  29      -     -    C    --     OUTPUT                0    1    0    0  f31
  62      -     -    C    --     OUTPUT                0    1    0    0  f32


Code:

s = Synthesized pin or logic cell
+ = Synchronous flipflop
/ = Slow slew-rate output
! = NOT gate push-back
r = Fitter-inserted logic cell
@ = Uses single-pin Clock Enable
& = Uses single-pin Output Enable


Device-Specific Information:e:\vhdldesigns\ee231\05ifelsecombinational\behaviorcombo.rpt
behaviorcombo

** BURIED LOGIC **

                                                    Fan-In    Fan-Out
 IOC     LC     EC   Row  Col  Primitive    Code      INP  FBK  OUT  FBK  Name
   -      3     -    C    16        OR2                4    0    0    2  |LPM_ADD_SUB:112|addcore:adder|pcarry1
   -      6     -    C    18        OR2                2    0    1    0  |LPM_ADD_SUB:233|addcore:adder|:65
   -      6     -    C    12        OR2                4    0    0    2  |LPM_ADD_SUB:233|addcore:adder|:70
   -      8     -    C    16        OR2                4    0    0    2  |LPM_ADD_SUB:238|addcore:adder|pcarry1
   -      8     -    C    12        OR2                4    0    0    2  |LPM_ADD_SUB:238|addcore:adder|:70
   -      1     -    C    18        OR2                2    1    0    6  :63
   -      2     -    C    16        OR2                0    4    1    0  :172
   -      7     -    C    16        OR2                0    3    0    2  :173
   -      4     -    C    12        OR2                0    4    1    0  :181
   -      7     -    C    12        OR2                2    2    1    0  :190
   -      5     -    C    12       AND2    s           0    2    0    5  ~192~1
   -      6     -    C    16        OR2        !       2    0    0    3  :209
   -      2     -    C    18        OR2                4    0    0    1  :210
   -      1     -    C    02        OR2                2    1    0    2  :217
   -      2     -    C    12        OR2                4    0    0    1  :222
   -      5     -    C    16        OR2                0    4    1    0  :263
   -      1     -    C    12        OR2                0    4    1    0  :272
   -      3     -    C    12        OR2                2    2    1    0  :281
   -      4     -    C    16        OR2    s           4    0    0    1  ~654~1
   -      1     -    C    16        OR2                2    2    1    0  :654
   -      2     -    C    02        OR2    s           3    0    0    1  ~1042~1
   -      3     -    C    02        OR2    s           4    0    0    1  ~1042~2
   -      4     -    C    02        OR2    s           3    1    0    1  ~1042~3
   -      5     -    C    02        OR2    s           4    0    0    1  ~1042~4
   -      6     -    C    02        OR2    s           4    0    0    1  ~1042~5
   -      7     -    C    02        OR2    s           2    2    0    1  ~1042~6
   -      8     -    C    02        OR2                0    3    1    0  :1042


Code:

s = Synthesized pin or logic cell
+ = Synchronous flipflop
/ = Slow slew-rate output
! = NOT gate push-back
r = Fitter-inserted logic cell
p = Packed register


Device-Specific Information:e:\vhdldesigns\ee231\05ifelsecombinational\behaviorcombo.rpt
behaviorcombo

** FASTTRACK INTERCONNECT UTILIZATION **

Row FastTrack Interconnect:

          Global         Left Half-      Right Half-
         FastTrack       FastTrack       FastTrack 
Row     Interconnect    Interconnect    Interconnect    Input Pins     Output Pins     Bidir Pins
A:       0/ 96(  0%)     0/ 48(  0%)     0/ 48(  0%)    0/16(  0%)      0/16(  0%)     0/16(  0%)
B:       0/ 96(  0%)     0/ 48(  0%)     0/ 48(  0%)    0/16(  0%)      0/16(  0%)     0/16(  0%)
C:       5/ 96(  5%)     4/ 48(  8%)     4/ 48(  8%)    0/16(  0%)      9/16( 56%)     0/16(  0%)


Column FastTrack Interconnect:

         FastTrack                                 
Column  Interconnect    Input Pins     Output Pins     Bidir Pins
01:      0/24(  0%)     0/4(  0%)      0/4(  0%)       0/4(  0%)
02:      0/24(  0%)     0/4(  0%)      0/4(  0%)       0/4(  0%)
03:      0/24(  0%)     0/4(  0%)      0/4(  0%)       0/4(  0%)
04:      0/24(  0%)     0/4(  0%)      0/4(  0%)       0/4(  0%)
05:      0/24(  0%)     0/4(  0%)      0/4(  0%)       0/4(  0%)
06:      0/24(  0%)     0/4(  0%)      0/4(  0%)       0/4(  0%)
07:      0/24(  0%)     0/4(  0%)      0/4(  0%)       0/4(  0%)
08:      0/24(  0%)     0/4(  0%)      0/4(  0%)       0/4(  0%)
09:      0/24(  0%)     0/4(  0%)      0/4(  0%)       0/4(  0%)
10:      0/24(  0%)     0/4(  0%)      0/4(  0%)       0/4(  0%)
11:      0/24(  0%)     0/4(  0%)      0/4(  0%)       0/4(  0%)
12:      0/24(  0%)     0/4(  0%)      0/4(  0%)       0/4(  0%)
13:      0/24(  0%)     0/4(  0%)      0/4(  0%)       0/4(  0%)
14:      0/24(  0%)     0/4(  0%)      0/4(  0%)       0/4(  0%)
15:      0/24(  0%)     0/4(  0%)      0/4(  0%)       0/4(  0%)
16:      0/24(  0%)     0/4(  0%)      0/4(  0%)       0/4(  0%)
17:      0/24(  0%)     0/4(  0%)      0/4(  0%)       0/4(  0%)
18:      0/24(  0%)     0/4(  0%)      0/4(  0%)       0/4(  0%)
19:      0/24(  0%)     0/4(  0%)      0/4(  0%)       0/4(  0%)
20:      0/24(  0%)     0/4(  0%)      0/4(  0%)       0/4(  0%)
21:      0/24(  0%)     0/4(  0%)      0/4(  0%)       0/4(  0%)
22:      0/24(  0%)     0/4(  0%)      0/4(  0%)       0/4(  0%)
23:      0/24(  0%)     0/4(  0%)      0/4(  0%)       0/4(  0%)
24:      0/24(  0%)     0/4(  0%)      0/4(  0%)       0/4(  0%)
EA:      0/24(  0%)     0/4(  0%)      0/4(  0%)       0/4(  0%)


Device-Specific Information:e:\vhdldesigns\ee231\05ifelsecombinational\behaviorcombo.rpt
behaviorcombo

** EQUATIONS **

a0       : INPUT;
a1       : INPUT;
a2       : INPUT;
b0       : INPUT;
b1       : INPUT;
b2       : INPUT;

-- Node name is 'f10' 
-- Equation name is 'f10', type is output 
f10      =  _LC3_C12;

-- Node name is 'f11' 
-- Equation name is 'f11', type is output 
f11      =  _LC1_C12;

-- Node name is 'f12' 
-- Equation name is 'f12', type is output 
f12      =  _LC5_C16;

-- Node name is 'f20' 
-- Equation name is 'f20', type is output 
f20      =  _LC7_C12;

-- Node name is 'f21' 
-- Equation name is 'f21', type is output 
f21      =  _LC4_C12;

-- Node name is 'f22' 
-- Equation name is 'f22', type is output 
f22      =  _LC2_C16;

-- Node name is 'f30' 
-- Equation name is 'f30', type is output 
f30      = !_LC6_C18;

-- Node name is 'f31' 
-- Equation name is 'f31', type is output 
f31      =  _LC8_C2;

-- Node name is 'f32' 
-- Equation name is 'f32', type is output 
f32      =  _LC1_C16;

-- Node name is '|LPM_ADD_SUB:112|addcore:adder|pcarry1' from file "addcore.tdf" line 312, column 40
-- Equation name is '_LC3_C16', type is buried 
_LC3_C16 = LCELL( _EQ001);
  _EQ001 =  a1 & !b1
         # !b0 & !b1
         #  a1 & !b0
         #  a0 & !b1
         #  a0 &  a1;

-- Node name is '|LPM_ADD_SUB:233|addcore:adder|:65' from file "addcore.tdf" line 315, column 26
-- Equation name is '_LC6_C18', type is buried 
_LC6_C18 = LCELL( _EQ002);
  _EQ002 = !a0 & !b0
         #  a0 &  b0;

-- Node name is '|LPM_ADD_SUB:233|addcore:adder|:70' from file "addcore.tdf" line 316, column 67
-- Equation name is '_LC6_C12', type is buried 
_LC6_C12 = LCELL( _EQ003);
  _EQ003 = !a0 &  a1 &  b0 &  b1
         # !a0 & !a1 &  b0 & !b1
         # !a1 & !b0 &  b1
         #  a1 & !b0 & !b1
         #  a0 & !a1 &  b1
         #  a0 &  a1 & !b1;

-- Node name is '|LPM_ADD_SUB:238|addcore:adder|pcarry1' from file "addcore.tdf" line 312, column 40
-- Equation name is '_LC8_C16', type is buried 
_LC8_C16 = LCELL( _EQ004);
  _EQ004 =  b0 &  b1
         # !a0 &  b1
         # !a1 &  b0
         # !a0 & !a1
         # !a1 &  b1;

-- Node name is '|LPM_ADD_SUB:238|addcore:adder|:70' from file "addcore.tdf" line 316, column 67
-- Equation name is '_LC8_C12', type is buried 
_LC8_C12 = LCELL( _EQ005);
  _EQ005 = !a1 &  b0 &  b1
         # !a0 & !a1 &  b1
         #  a1 &  b0 & !b1
         # !a0 &  a1 & !b1
         #  a0 &  a1 & !b0 &  b1
         #  a0 & !a1 & !b0 & !b1;

-- Node name is ':63' 
-- Equation name is '_LC1_C18', type is buried 
_LC1_C18 = LCELL( _EQ006);
  _EQ006 =  a2 &  _LC2_C18
         # !b2 &  _LC2_C18
         #  a2 & !b2;

-- Node name is ':172' 
-- Equation name is '_LC2_C16', type is buried 
_LC2_C16 = LCELL( _EQ007);
  _EQ007 =  _LC7_C16
         #  _LC5_C12 & !_LC6_C16 &  _LC8_C16
         #  _LC5_C12 &  _LC6_C16 & !_LC8_C16;

-- Node name is ':173' 
-- Equation name is '_LC7_C16', type is buried 
_LC7_C16 = LCELL( _EQ008);
  _EQ008 =  _LC1_C18 & !_LC3_C16 &  _LC6_C16
         #  _LC1_C18 &  _LC3_C16 & !_LC6_C16;

-- Node name is ':181' 
-- Equation name is '_LC4_C12', type is buried 
_LC4_C12 = LCELL( _EQ009);
  _EQ009 =  _LC1_C18 &  _LC6_C12
         #  _LC5_C12 &  _LC8_C12;

-- Node name is ':190' 
-- Equation name is '_LC7_C12', type is buried 
_LC7_C12 = LCELL( _EQ010);
  _EQ010 =  a0 & !b0 &  _LC5_C12
         # !a0 &  b0 &  _LC5_C12
         #  a0 & !b0 &  _LC1_C18
         # !a0 &  b0 &  _LC1_C18;

-- Node name is '~192~1' 
-- Equation name is '~192~1', location is LC5_C12, type is buried.
-- synthesized logic cell 
_LC5_C12 = LCELL( _EQ011);
  _EQ011 =  _LC1_C2 & !_LC1_C18;

-- Node name is ':209' 
-- Equation name is '_LC6_C16', type is buried 
!_LC6_C16 = _LC6_C16~NOT;
_LC6_C16~NOT = LCELL( _EQ012);
  _EQ012 =  a2 & !b2
         # !a2 &  b2;

-- Node name is ':210' 
-- Equation name is '_LC2_C18', type is buried 
_LC2_C18 = LCELL( _EQ013);
  _EQ013 =  a1 & !b1
         #  a0 &  a1 & !b0
         #  a0 & !b0 & !b1;

-- Node name is ':217' 
-- Equation name is '_LC1_C2', type is buried 
_LC1_C2  = LCELL( _EQ014);
  _EQ014 =  b2 &  _LC2_C12
         # !a2 &  _LC2_C12
         # !a2 &  b2;

-- Node name is ':222' 
-- Equation name is '_LC2_C12', type is buried 
_LC2_C12 = LCELL( _EQ015);
  _EQ015 = !a1 &  b1
         # !a0 &  b0 &  b1
         # !a0 & !a1 &  b0;

-- Node name is ':263' 
-- Equation name is '_LC5_C16', type is buried 
_LC5_C16 = LCELL( _EQ016);
  _EQ016 =  _LC5_C12 & !_LC6_C16 &  _LC8_C16
         #  _LC5_C12 &  _LC6_C16 & !_LC8_C16
         #  _LC7_C16;

-- Node name is ':272' 
-- Equation name is '_LC1_C12', type is buried 
_LC1_C12 = LCELL( _EQ017);
  _EQ017 =  _LC1_C18 &  _LC6_C12
         #  _LC5_C12 &  _LC8_C12;

-- Node name is ':281' 
-- Equation name is '_LC3_C12', type is buried 
_LC3_C12 = LCELL( _EQ018);
  _EQ018 =  a0 & !b0 &  _LC1_C18
         #  a0 & !b0 &  _LC1_C2
         # !a0 &  b0 &  _LC1_C18
         # !a0 &  b0 &  _LC1_C2;

-- Node name is '~654~1' 
-- Equation name is '~654~1', location is LC4_C16, type is buried.
-- synthesized logic cell 
_LC4_C16 = LCELL( _EQ019);
  _EQ019 =  b0 &  b1
         # !a0 &  b1
         # !a1 &  b0
         # !a0 & !a1
         # !a1 &  b1;

-- Node name is ':654' 
-- Equation name is '_LC1_C16', type is buried 
_LC1_C16 = LCELL( _EQ020);
  _EQ020 =  a2 & !b2 &  _LC3_C16
         # !a2 &  b2 &  _LC4_C16;

-- Node name is '~1042~1' 
-- Equation name is '~1042~1', location is LC2_C2, type is buried.
-- synthesized logic cell 
_LC2_C2  = LCELL( _EQ021);
  _EQ021 = !a1 &  b1
         #  a1 & !b1 &  b2;

-- Node name is '~1042~2' 
-- Equation name is '~1042~2', location is LC3_C2, type is buried.
-- synthesized logic cell 
_LC3_C2  = LCELL( _EQ022);
  _EQ022 =  a2 & !b0 & !b2
         # !a0 &  b2
         #  a0 &  b0;

-- Node name is '~1042~3' 
-- Equation name is '~1042~3', location is LC4_C2, type is buried.
-- synthesized logic cell 
_LC4_C2  = LCELL( _EQ023);
  _EQ023 = !a1 &  _LC3_C2
         # !a0 & !a2;

-- Node name is '~1042~4' 
-- Equation name is '~1042~4', location is LC5_C2, type is buried.
-- synthesized logic cell 
_LC5_C2  = LCELL( _EQ024);
  _EQ024 = !a0 &  a2 &  b0 & !b2
         #  a0 & !a2 & !b0 &  b2;

-- Node name is '~1042~5' 
-- Equation name is '~1042~5', location is LC6_C2, type is buried.
-- synthesized logic cell 
_LC6_C2  = LCELL( _EQ025);
  _EQ025 =  a0 &  b0
         #  a2 & !b0
         # !b0 & !b2;

-- Node name is '~1042~6' 
-- Equation name is '~1042~6', location is LC7_C2, type is buried.
-- synthesized logic cell 
_LC7_C2  = LCELL( _EQ026);
  _EQ026 =  a1 &  b1 &  _LC5_C2
         # !a1 & !b1 &  _LC5_C2
         #  a1 & !b1 &  _LC6_C2;

-- Node name is ':1042' 
-- Equation name is '_LC8_C2', type is buried 
_LC8_C2  = LCELL( _EQ027);
  _EQ027 =  _LC2_C2 &  _LC4_C2
         #  _LC7_C2;



Project Informatione:\vhdldesigns\ee231\05ifelsecombinational\behaviorcombo.rpt

** COMPILATION SETTINGS & TIMES **

Processing Menu Commands
------------------------

Design Doctor                             = off

Logic Synthesis:

   Synthesis Type Used                    = Multi-Level

   Default Synthesis Style                = NORMAL

      Logic option settings in 'NORMAL' style for 'FLEX10K' family

      CARRY_CHAIN                         = ignore
      CARRY_CHAIN_LENGTH                  = 32
      CASCADE_CHAIN                       = ignore
      CASCADE_CHAIN_LENGTH                = 2
      DECOMPOSE_GATES                     = on
      DUPLICATE_LOGIC_EXTRACTION          = on
      MINIMIZATION                        = full
      MULTI_LEVEL_FACTORING               = on
      NOT_GATE_PUSH_BACK                  = on
      REDUCE_LOGIC                        = on
      REFACTORIZATION                     = on
      REGISTER_OPTIMIZATION               = on
      RESYNTHESIZE_NETWORK                = on
      SLOW_SLEW_RATE                      = off
      SUBFACTOR_EXTRACTION                = on
      IGNORE_SOFT_BUFFERS                 = on
      USE_LPM_FOR_AHDL_OPERATORS          = off

   Other logic synthesis settings:

      Automatic Global Clock              = on
      Automatic Global Clear              = on
      Automatic Global Preset             = on
      Automatic Global Output Enable      = on
      Automatic Fast I/O                  = off
      Automatic Register Packing          = off
      Automatic Open-Drain Pins           = on
      Automatic Implement in EAB          = off
      Optimize                            = 0

Default Timing Specifications: None

Cut All Bidir Feedback Timing Paths       = on
Cut All Clear & Preset Timing Paths       = on

Ignore Timing Assignments                 = on

Functional SNF Extractor                  = off

Linked SNF Extractor                      = off
Timing SNF Extractor                      = on
Optimize Timing SNF                       = off
Generate AHDL TDO File                    = off
Fitter Settings                           = NORMAL
Use Quartus Fitter                        = on
Smart Recompile                           = off
Total Recompile                           = off

Interfaces Menu Commands
------------------------

EDIF Netlist Writer                       = off
Verilog Netlist Writer                    = off
VHDL Netlist Writer                       = off

Compilation Times
-----------------

   Compiler Netlist Extractor             00:00:01
   Database Builder                       00:00:00
   Logic Synthesizer                      00:00:00
   Partitioner                            00:00:01
   Fitter                                 00:00:03
   Timing SNF Extractor                   00:00:00
   Assembler                              00:00:00
   --------------------------             --------
   Total Time                             00:00:05


Memory Allocated
-----------------

Peak memory allocated during compilation  = 11,174K
