Project Informationc:\documents and settings\nlecky\desktop\todesktop\15mips-16\dmemory.rpt

MAX+plus II Compiler Report File
Version 10.1 06/12/2001
Compiled: 03/10/2002 11:15:55

Copyright (C) 1988-2001 Altera Corporation
Any megafunction design, and related net list (encrypted or decrypted),
support information, device programming or simulation file, and any other
associated documentation or information provided by Altera or a partner
under Altera's Megafunction Partnership Program may be used only to
program PLD devices (but not masked PLD devices) from Altera.  Any other
use of such megafunction design, net list, support information, device
programming or simulation file, or any other related documentation or
information is prohibited for any other purpose, including, but not
limited to modification, reverse engineering, de-compiling, or use with
any other silicon devices, unless such use is explicitly licensed under
a separate agreement with Altera or a megafunction partner.  Title to
the intellectual property, including patents, copyrights, trademarks,
trade secrets, or maskworks, embodied in any such megafunction design,
net list, support information, device programming or simulation file, or
any other related documentation or information provided by Altera or a
megafunction partner, remains with Altera, the megafunction partner, or
their respective licensors.  No other licenses, including any licenses
needed under any third party's intellectual property, are provided herein.



***** Project compilation was successful


DMEMORY


** DEVICE SUMMARY **

Chip/                     Input Output Bidir  Memory  Memory  			 LCs
POF       Device          Pins  Pins   Pins   Bits % Utilized  LCs  % Utilized

dmemory   EPF10K70RC240-4  26     16     0    4096      22 %    1        0  %

User Pins:                 26     16     0  



Project Informationc:\documents and settings\nlecky\desktop\todesktop\15mips-16\dmemory.rpt

** PROJECT COMPILATION MESSAGES **

Warning: Ignored unnecessary INPUT pin 'memread'


Project Informationc:\documents and settings\nlecky\desktop\todesktop\15mips-16\dmemory.rpt

** EMBEDDED ARRAYS **


|LPM_RAM_DQ:data_memory|altram:sram|content: MEMORY (
               width        =   16;
               depth        =  256;
               segmentsize  =  256;
               mode         = MEM_INITIALIZED#MEM_REG_DATAIN_CLK0;
               file         = "dmemory.mif";
         )
         OF SEGMENTS (
               |LPM_RAM_DQ:data_memory|altram:sram|segment0_15,
               |LPM_RAM_DQ:data_memory|altram:sram|segment0_14,
               |LPM_RAM_DQ:data_memory|altram:sram|segment0_13,
               |LPM_RAM_DQ:data_memory|altram:sram|segment0_12,
               |LPM_RAM_DQ:data_memory|altram:sram|segment0_11,
               |LPM_RAM_DQ:data_memory|altram:sram|segment0_10,
               |LPM_RAM_DQ:data_memory|altram:sram|segment0_9,
               |LPM_RAM_DQ:data_memory|altram:sram|segment0_8,
               |LPM_RAM_DQ:data_memory|altram:sram|segment0_7,
               |LPM_RAM_DQ:data_memory|altram:sram|segment0_6,
               |LPM_RAM_DQ:data_memory|altram:sram|segment0_5,
               |LPM_RAM_DQ:data_memory|altram:sram|segment0_4,
               |LPM_RAM_DQ:data_memory|altram:sram|segment0_3,
               |LPM_RAM_DQ:data_memory|altram:sram|segment0_2,
               |LPM_RAM_DQ:data_memory|altram:sram|segment0_1,
               |LPM_RAM_DQ:data_memory|altram:sram|segment0_0
);




Project Informationc:\documents and settings\nlecky\desktop\todesktop\15mips-16\dmemory.rpt

** FILE HIERARCHY **



|lpm_ram_dq:data_memory|
|lpm_ram_dq:data_memory|altram:sram|


Device-Specific Information:c:\documents and settings\nlecky\desktop\todesktop\15mips-16\dmemory.rpt
dmemory

***** Logic for device 'dmemory' compiled without errors.




Device: EPF10K70RC240-4

FLEX 10K Configuration Scheme: Passive Serial

Device Options:
    User-Supplied Start-Up Clock               = OFF
    Auto-Restart Configuration on Frame Error  = OFF
    Release Clears Before Tri-States           = OFF
    Enable Chip_Wide Reset                     = OFF
    Enable Chip-Wide Output Enable             = OFF
    Enable INIT_DONE Output                    = OFF
    JTAG User Code                             = 7f

                                                                                                      w                                    
                                                                                w                 w   r                                    
                                                                                r                 r   i                                    
                                                                                i                 i   t                                    
                  R R R R R R R R   R R R R R R R   R R R R R R R   R R R a a a t R R R   R R R a t R e   a R R R R R R   R R R R R R R R  
                  E E E E E E E E   E E E E E E E   E E E E E E E   E E E d d d e E E E   E E E d e E _   d E E E E E E   E E E E E E E E  
                  S S S S S S S S G S S S S S S S V S S S S S S S G S S S d d d _ S S S V S S S d _ S d G d S S S S S S V S S S S S S S S  
                  E E E E E E E E N E E E E E E E C E E E E E E E N E E E r r r d E E E C E E E r d E a N r E E E E E E C E E E E E E E E  
                  R R R R R R R R D R R R R R R R C R R R R R R R D R R R e e e a R R R C R R R e a R t D e R R R R R R C R R R R R R R R  
                  V V V V V V V V I V V V V V V V I V V V V V V V I V V V s s s t V V V I V V V s t V a I s V V V V V V I V V V V V V V V  
                  E E E E E E E E N E E E E E E E N E E E E E E E N E E E s s s a E E E N E E E s a E 1 N s E E E E E E N E E E E E E E E  
                  D D D D D D D D T D D D D D D D T D D D D D D D T D D D 4 3 5 7 D D D T D D D 2 4 D 0 T 0 D D D D D D T D D D D D D D D  
                --------------------------------------------------------------------------------------------------------------------------_ 
               / 240 238 236 234 232 230 228 226 224 222 220 218 216 214 212 210 208 206 204 202 200 198 196 194 192 190 188 186 184 182   |_ 
              /    239 237 235 233 231 229 227 225 223 221 219 217 215 213 211 209 207 205 203 201 199 197 195 193 191 189 187 185 183 181    | 
        #TCK |  1                                                                                                                         180 | ^DATA0 
  ^CONF_DONE |  2                                                                                                                         179 | ^DCLK 
       ^nCEO |  3                                                                                                                         178 | ^nCE 
        #TDO |  4                                                                                                                         177 | #TDI 
      VCCINT |  5                                                                                                                         176 | GNDINT 
    RESERVED |  6                                                                                                                         175 | RESERVED 
    RESERVED |  7                                                                                                                         174 | RESERVED 
    RESERVED |  8                                                                                                                         173 | RESERVED 
    RESERVED |  9                                                                                                                         172 | RESERVED 
      GNDINT | 10                                                                                                                         171 | RESERVED 
    RESERVED | 11                                                                                                                         170 | VCCINT 
    RESERVED | 12                                                                                                                         169 | RESERVED 
    RESERVED | 13                                                                                                                         168 | RESERVED 
    RESERVED | 14                                                                                                                         167 | RESERVED 
    RESERVED | 15                                                                                                                         166 | RESERVED 
      VCCINT | 16                                                                                                                         165 | GNDINT 
    RESERVED | 17                                                                                                                         164 | write_data5 
    RESERVED | 18                                                                                                                         163 | read_data5 
 write_data6 | 19                                                                                                                         162 | read_data8 
  read_data3 | 20                                                                                                                         161 | read_data1 
 write_data8 | 21                                                                                                                         160 | VCCINT 
      GNDINT | 22                                                                                                                         159 | RESERVED 
  read_data4 | 23                                                                                                                         158 | RESERVED 
  read_data2 | 24                                                                                                                         157 | RESERVED 
 read_data15 | 25                                                                                                                         156 | RESERVED 
    RESERVED | 26                                                                                                                         155 | GNDINT 
      VCCINT | 27                                                                                                                         154 | RESERVED 
    RESERVED | 28                                                                                                                         153 | RESERVED 
    RESERVED | 29                                                                                                                         152 | read_data0 
    RESERVED | 30                                                                                                                         151 | RESERVED 
  read_data6 | 31                                                     EPF10K70RC240-4                                                     150 | VCCINT 
      GNDINT | 32                                                                                                                         149 | RESERVED 
    RESERVED | 33                                                                                                                         148 | RESERVED 
    RESERVED | 34                                                                                                                         147 | RESERVED 
    RESERVED | 35                                                                                                                         146 | RESERVED 
    RESERVED | 36                                                                                                                         145 | GNDINT 
      VCCINT | 37                                                                                                                         144 | RESERVED 
  read_data7 | 38                                                                                                                         143 | RESERVED 
    RESERVED | 39                                                                                                                         142 | RESERVED 
    RESERVED | 40                                                                                                                         141 | RESERVED 
    RESERVED | 41                                                                                                                         140 | VCCINT 
      GNDINT | 42                                                                                                                         139 | RESERVED 
    RESERVED | 43                                                                                                                         138 | memwrite 
    RESERVED | 44                                                                                                                         137 | write_data12 
    RESERVED | 45                                                                                                                         136 | read_data10 
 read_data12 | 46                                                                                                                         135 | GNDINT 
      VCCINT | 47                                                                                                                         134 | write_data11 
write_data15 | 48                                                                                                                         133 | read_data11 
 write_data9 | 49                                                                                                                         132 | read_data13 
write_data13 | 50                                                                                                                         131 | read_data9 
    RESERVED | 51                                                                                                                         130 | VCCINT 
      GNDINT | 52                                                                                                                         129 | read_data14 
    RESERVED | 53                                                                                                                         128 | RESERVED 
    RESERVED | 54                                                                                                                         127 | RESERVED 
    RESERVED | 55                                                                                                                         126 | RESERVED 
    RESERVED | 56                                                                                                                         125 | GNDINT 
      VCCINT | 57                                                                                                                         124 | ^MSEL0 
        #TMS | 58                                                                                                                         123 | ^MSEL1 
       #TRST | 59                                                                                                                         122 | VCCINT 
    ^nSTATUS | 60                                                                                                                         121 | ^nCONFIG 
             |      62  64  66  68  70  72  74  76  78  80  82  84  86  88  90  92  94  96  98 100 102 104 106 108 110 112 114 116 118 120  _| 
              \   61  63  65  67  69  71  73  75  77  79  81  83  85  87  89  91  93  95  97  99 101 103 105 107 109 111 113 115 117 119   | 
               \--------------------------------------------------------------------------------------------------------------------------- 
                  R R R R R R R R G R R R R R R R V R R R R R R R G R R R V a c a G R a V w R R R R w R G R R w R R R R V R R R w R R R w  
                  E E E E E E E E N E E E E E E E C E E E E E E E N E E E C d l d N E d C r E E E E r E N E E r E E E E C E E E r E E E r  
                  S S S S S S S S D S S S S S S S C S S S S S S S D S S S C d o d D S d C i S S S S i S D S S i S S S S C S S S i S S S i  
                  E E E E E E E E I E E E E E E E I E E E E E E E I E E E I r c r I E r I t E E E E t E I E E t E E E E I E E E t E E E t  
                  R R R R R R R R N R R R R R R R N R R R R R R R N R R R N e k e N R e N e R R R R e R N R R e R R R R N R R R e R R R e  
                  V V V V V V V V T V V V V V V V T V V V V V V V T V V V T s   s T V s T _ V V V V _ V T V V _ V V V V T V V V _ V V V _  
                  E E E E E E E E   E E E E E E E   E E E E E E E   E E E   s   s   E s   d E E E E d E   E E d E E E E   E E E d E E E d  
                  D D D D D D D D   D D D D D D D   D D D D D D D   D D D   7   6   D 1   a D D D D a D   D D a D D D D   D D D a D D D a  
                                                                                          t         t         t                 t       t  
                                                                                          a         a         a                 a       a  
                                                                                          2         1         1                 0       3  
                                                                                                              4                            


N.C. = No Connect. This pin has no internal connection to the device.
VCCINT = Dedicated power pin, which MUST be connected to VCC (5.0 volts).
VCCIO = Dedicated power pin, which MUST be connected to VCC (5.0 volts).
GNDINT = Dedicated ground pin or unused dedicated input, which MUST be connected to GND.
GNDIO = Dedicated ground pin, which MUST be connected to GND.
RESERVED = Unused I/O pin, which MUST be left unconnected.

^ = Dedicated configuration pin.
+ = Reserved configuration pin, which is tri-stated during user mode.
* = Reserved configuration pin, which drives out in user mode.
PDn = Power Down pin. 
@ = Special-purpose pin. 
# = JTAG Boundary-Scan Testing/In-System Programming or Configuration Pin. The JTAG inputs TMS and TDI should be tied to VCC and TCK should be tied to GND when not in use.
& = JTAG pin used for I/O. When used as user I/O, JTAG pins must be kept stable before and during configuration.  JTAG pin stability prevents accidental loading of JTAG instructions.


Device-Specific Information:c:\documents and settings\nlecky\desktop\todesktop\15mips-16\dmemory.rpt
dmemory

** RESOURCE USAGE **

Logic                Column       Row                                   
Array                Interconnect Interconnect         Clears/     External  
Block   Logic Cells  Driven       Driven       Clocks  Presets   Interconnect
G3       1/ 8( 12%)   1/ 8( 12%)   0/ 8(  0%)    0/2    0/2       2/26(  7%)   


Embedded             Column       Row                                   
Array     Embedded   Interconnect Interconnect         Read/      External  
Block     Cells      Driven       Driven       Clocks  Write    Interconnect
C53      8/8 (100%)   2/8 ( 25%)   7/8 ( 87%)    1/2    2/2      17/26( 65%)   
H53      8/8 (100%)   3/8 ( 37%)   6/8 ( 75%)    1/2    2/2      17/26( 65%)   


Total dedicated input pins used:                 6/6      (100%)
Total I/O pins used:                            36/183    ( 19%)
Total logic cells used:                          1/3744   (  0%)
Total embedded cells used:                      16/72     ( 22%)
Total EABs used:                                 2/9      ( 22%)
Average fan-in:                                 2.00/4    ( 50%)
Total fan-in:                                   2/14976   (  0%)

Total input pins required:                      26
Total input I/O cell registers required:         0
Total output pins required:                     16
Total output I/O cell registers required:        0
Total buried I/O cell registers required:        0
Total bidirectional pins required:               0
Total reserved pins required                     0
Total logic cells required:                      1
Total flipflops required:                        0
Total packed registers required:                 0
Total logic cells in carry chains:               0
Total number of carry chains:                    0
Total logic cells in cascade chains:             0
Total number of cascade chains:                  0
Total single-pin Clock Enables required:         0
Total single-pin Output Enables required:        0

Synthesized logic cells:                         0/3744   (  0%)

Logic Cell and Embedded Cell Counts

Column:  01  02  03  04  05  06  07  08  09  10  11  12  13  14  15  16  17  18  19  20  21  22  23  24  25  26  EA  27  28  29  30  31  32  33  34  35  36  37  38  39  40  41  42  43  44  45  46  47  48  49  50  51  52  Total(LC/EC)
 A:      0   0   0   0   0   0   0   0   0   0   0   0   0   0   0   0   0   0   0   0   0   0   0   0   0   0   0   0   0   0   0   0   0   0   0   0   0   0   0   0   0   0   0   0   0   0   0   0   0   0   0   0   0      0/0  
 B:      0   0   0   0   0   0   0   0   0   0   0   0   0   0   0   0   0   0   0   0   0   0   0   0   0   0   0   0   0   0   0   0   0   0   0   0   0   0   0   0   0   0   0   0   0   0   0   0   0   0   0   0   0      0/0  
 C:      0   0   0   0   0   0   0   0   0   0   0   0   0   0   0   0   0   0   0   0   0   0   0   0   0   0   8   0   0   0   0   0   0   0   0   0   0   0   0   0   0   0   0   0   0   0   0   0   0   0   0   0   0      0/8  
 D:      0   0   0   0   0   0   0   0   0   0   0   0   0   0   0   0   0   0   0   0   0   0   0   0   0   0   0   0   0   0   0   0   0   0   0   0   0   0   0   0   0   0   0   0   0   0   0   0   0   0   0   0   0      0/0  
 E:      0   0   0   0   0   0   0   0   0   0   0   0   0   0   0   0   0   0   0   0   0   0   0   0   0   0   0   0   0   0   0   0   0   0   0   0   0   0   0   0   0   0   0   0   0   0   0   0   0   0   0   0   0      0/0  
 F:      0   0   0   0   0   0   0   0   0   0   0   0   0   0   0   0   0   0   0   0   0   0   0   0   0   0   0   0   0   0   0   0   0   0   0   0   0   0   0   0   0   0   0   0   0   0   0   0   0   0   0   0   0      0/0  
 G:      0   0   1   0   0   0   0   0   0   0   0   0   0   0   0   0   0   0   0   0   0   0   0   0   0   0   0   0   0   0   0   0   0   0   0   0   0   0   0   0   0   0   0   0   0   0   0   0   0   0   0   0   0      1/0  
 H:      0   0   0   0   0   0   0   0   0   0   0   0   0   0   0   0   0   0   0   0   0   0   0   0   0   0   8   0   0   0   0   0   0   0   0   0   0   0   0   0   0   0   0   0   0   0   0   0   0   0   0   0   0      0/8  
 I:      0   0   0   0   0   0   0   0   0   0   0   0   0   0   0   0   0   0   0   0   0   0   0   0   0   0   0   0   0   0   0   0   0   0   0   0   0   0   0   0   0   0   0   0   0   0   0   0   0   0   0   0   0      0/0  

Total:   0   0   1   0   0   0   0   0   0   0   0   0   0   0   0   0   0   0   0   0   0   0   0   0   0   0  16   0   0   0   0   0   0   0   0   0   0   0   0   0   0   0   0   0   0   0   0   0   0   0   0   0   0      1/16 



Device-Specific Information:c:\documents and settings\nlecky\desktop\todesktop\15mips-16\dmemory.rpt
dmemory

** INPUTS **

                                                    Fan-In    Fan-Out
 Pin     LC     EC   Row  Col  Primitive    Code      INP  FBK  OUT  FBK  Name
 196      -     -    -    16      INPUT                0    0    0   16  address0
  95      -     -    -    25      INPUT                0    0    0   16  address1
 201      -     -    -    21      INPUT                0    0    0   16  address2
 211      -     -    -    --      INPUT                0    0    0   16  address3
 212      -     -    -    --      INPUT                0    0    0   16  address4
 210      -     -    -    --      INPUT                0    0    0   16  address5
  92      -     -    -    --      INPUT                0    0    0   16  address6
  90      -     -    -    --      INPUT                0    0    0   16  address7
  91      -     -    -    --      INPUT  G             0    0    0    1  clock
 138      -     -    G    --      INPUT                0    0    0    1  memwrite
 116      -     -    -    05      INPUT                0    0    0    1  write_data0
 102      -     -    -    17      INPUT                0    0    0    1  write_data1
  97      -     -    -    23      INPUT                0    0    0    1  write_data2
 120      -     -    -    01      INPUT                0    0    0    1  write_data3
 200      -     -    -    20      INPUT                0    0    0    1  write_data4
 164      -     -    C    --      INPUT                0    0    0    1  write_data5
  19      -     -    C    --      INPUT                0    0    0    1  write_data6
 209      -     -    -    26      INPUT                0    0    0    1  write_data7
  21      -     -    C    --      INPUT                0    0    0    1  write_data8
  49      -     -    H    --      INPUT                0    0    0    1  write_data9
 198      -     -    -    18      INPUT                0    0    0    1  write_data10
 134      -     -    H    --      INPUT                0    0    0    1  write_data11
 137      -     -    H    --      INPUT                0    0    0    1  write_data12
  50      -     -    H    --      INPUT                0    0    0    1  write_data13
 107      -     -    -    13      INPUT                0    0    0    1  write_data14
  48      -     -    H    --      INPUT                0    0    0    1  write_data15


Code:

s = Synthesized pin or logic cell
+ = Synchronous flipflop
/ = Slow slew-rate output
! = NOT gate push-back
r = Fitter-inserted logic cell
@ = Uses single-pin Clock Enable
& = Uses single-pin Output Enable
G = Global Source. Fan-out destinations counted here do not include destinations
that are driven using global routing resources. Refer to the Auto Global Signals,
Clock Signals, Clear Signals, Synchronous Load Signals, and Synchronous Clear Signals
Sections of this Report File for information on which signals' fan-outs are used as
Clock, Clear, Preset, Output Enable, and synchronous Load signals.


Device-Specific Information:c:\documents and settings\nlecky\desktop\todesktop\15mips-16\dmemory.rpt
dmemory

** OUTPUTS **

       Fed By Fed By                                Fan-In    Fan-Out
 Pin     LC     EC   Row  Col  Primitive    Code      INP  FBK  OUT  FBK  Name
 152      -     -    E    --     OUTPUT                0    1    0    0  read_data0
 161      -     -    C    --     OUTPUT                0    1    0    0  read_data1
  24      -     -    C    --     OUTPUT                0    1    0    0  read_data2
  20      -     -    C    --     OUTPUT                0    1    0    0  read_data3
  23      -     -    C    --     OUTPUT                0    1    0    0  read_data4
 163      -     -    C    --     OUTPUT                0    1    0    0  read_data5
  31      -     -    E    --     OUTPUT                0    1    0    0  read_data6
  38      -     -    F    --     OUTPUT                0    1    0    0  read_data7
 162      -     -    C    --     OUTPUT                0    1    0    0  read_data8
 131      -     -    H    --     OUTPUT                0    1    0    0  read_data9
 136      -     -    H    --     OUTPUT                0    1    0    0  read_data10
 133      -     -    H    --     OUTPUT                0    1    0    0  read_data11
  46      -     -    H    --     OUTPUT                0    1    0    0  read_data12
 132      -     -    H    --     OUTPUT                0    1    0    0  read_data13
 129      -     -    I    --     OUTPUT                0    1    0    0  read_data14
  25      -     -    D    --     OUTPUT                0    1    0    0  read_data15


Code:

s = Synthesized pin or logic cell
+ = Synchronous flipflop
/ = Slow slew-rate output
! = NOT gate push-back
r = Fitter-inserted logic cell
@ = Uses single-pin Clock Enable
& = Uses single-pin Output Enable


Device-Specific Information:c:\documents and settings\nlecky\desktop\todesktop\15mips-16\dmemory.rpt
dmemory

** BURIED LOGIC **

                                                    Fan-In    Fan-Out
 IOC     LC     EC   Row  Col  Primitive    Code      INP  FBK  OUT  FBK  Name
   -      -     4    H    --   MEM_SGMT                9    1    1    0  |LPM_RAM_DQ:data_memory|altram:sram|segment0_0
   -      -     5    C    --   MEM_SGMT                9    1    1    0  |LPM_RAM_DQ:data_memory|altram:sram|segment0_1
   -      -     1    C    --   MEM_SGMT                9    1    1    0  |LPM_RAM_DQ:data_memory|altram:sram|segment0_2
   -      -     7    C    --   MEM_SGMT                9    1    1    0  |LPM_RAM_DQ:data_memory|altram:sram|segment0_3
   -      -     3    C    --   MEM_SGMT                9    1    1    0  |LPM_RAM_DQ:data_memory|altram:sram|segment0_4
   -      -     2    C    --   MEM_SGMT                9    1    1    0  |LPM_RAM_DQ:data_memory|altram:sram|segment0_5
   -      -     8    C    --   MEM_SGMT                9    1    1    0  |LPM_RAM_DQ:data_memory|altram:sram|segment0_6
   -      -     6    C    --   MEM_SGMT                9    1    1    0  |LPM_RAM_DQ:data_memory|altram:sram|segment0_7
   -      -     4    C    --   MEM_SGMT                9    1    1    0  |LPM_RAM_DQ:data_memory|altram:sram|segment0_8
   -      -     8    H    --   MEM_SGMT                9    1    1    0  |LPM_RAM_DQ:data_memory|altram:sram|segment0_9
   -      -     3    H    --   MEM_SGMT                9    1    1    0  |LPM_RAM_DQ:data_memory|altram:sram|segment0_10
   -      -     5    H    --   MEM_SGMT                9    1    1    0  |LPM_RAM_DQ:data_memory|altram:sram|segment0_11
   -      -     1    H    --   MEM_SGMT                9    1    1    0  |LPM_RAM_DQ:data_memory|altram:sram|segment0_12
   -      -     7    H    --   MEM_SGMT                9    1    1    0  |LPM_RAM_DQ:data_memory|altram:sram|segment0_13
   -      -     2    H    --   MEM_SGMT                9    1    1    0  |LPM_RAM_DQ:data_memory|altram:sram|segment0_14
   -      -     6    H    --   MEM_SGMT                9    1    1    0  |LPM_RAM_DQ:data_memory|altram:sram|segment0_15
   -      1     -    G    03       AND2                2    0    0   16  :48


Code:

s = Synthesized pin or logic cell
+ = Synchronous flipflop
/ = Slow slew-rate output
! = NOT gate push-back
r = Fitter-inserted logic cell
p = Packed register


Device-Specific Information:c:\documents and settings\nlecky\desktop\todesktop\15mips-16\dmemory.rpt
dmemory

** FASTTRACK INTERCONNECT UTILIZATION **

Row FastTrack Interconnect:

          Global         Left Half-      Right Half-
         FastTrack       FastTrack       FastTrack 
Row     Interconnect    Interconnect    Interconnect    Input Pins     Output Pins     Bidir Pins
A:       0/208(  0%)     0/104(  0%)     0/104(  0%)    0/16(  0%)      0/16(  0%)     0/16(  0%)
B:       0/208(  0%)     0/104(  0%)     0/104(  0%)    0/16(  0%)      0/16(  0%)     0/16(  0%)
C:      10/208(  4%)     9/104(  8%)     0/104(  0%)    3/16( 18%)      6/16( 37%)     0/16(  0%)
D:       1/208(  0%)     0/104(  0%)     0/104(  0%)    0/16(  0%)      1/16(  6%)     0/16(  0%)
E:       2/208(  0%)     0/104(  0%)     0/104(  0%)    0/16(  0%)      2/16( 12%)     0/16(  0%)
F:       0/208(  0%)     0/104(  0%)     1/104(  0%)    0/16(  0%)      1/16(  6%)     0/16(  0%)
G:       1/208(  0%)     0/104(  0%)     0/104(  0%)    1/16(  6%)      0/16(  0%)     0/16(  0%)
H:      11/208(  5%)     7/104(  6%)     0/104(  0%)    5/16( 31%)      5/16( 31%)     0/16(  0%)
I:       1/208(  0%)     0/104(  0%)     0/104(  0%)    0/16(  0%)      1/16(  6%)     0/16(  0%)


Column FastTrack Interconnect:

         FastTrack                                 
Column  Interconnect    Input Pins     Output Pins     Bidir Pins
01:      1/24(  4%)     1/4( 25%)      0/4(  0%)       0/4(  0%)
02:      0/24(  0%)     0/4(  0%)      0/4(  0%)       0/4(  0%)
03:      1/24(  4%)     0/4(  0%)      0/4(  0%)       0/4(  0%)
04:      0/24(  0%)     0/4(  0%)      0/4(  0%)       0/4(  0%)
05:      1/24(  4%)     1/4( 25%)      0/4(  0%)       0/4(  0%)
06:      0/24(  0%)     0/4(  0%)      0/4(  0%)       0/4(  0%)
07:      0/24(  0%)     0/4(  0%)      0/4(  0%)       0/4(  0%)
08:      0/24(  0%)     0/4(  0%)      0/4(  0%)       0/4(  0%)
09:      0/24(  0%)     0/4(  0%)      0/4(  0%)       0/4(  0%)
10:      0/24(  0%)     0/4(  0%)      0/4(  0%)       0/4(  0%)
11:      0/24(  0%)     0/4(  0%)      0/4(  0%)       0/4(  0%)
12:      0/24(  0%)     0/4(  0%)      0/4(  0%)       0/4(  0%)
13:      1/24(  4%)     1/4( 25%)      0/4(  0%)       0/4(  0%)
14:      0/24(  0%)     0/4(  0%)      0/4(  0%)       0/4(  0%)
15:      0/24(  0%)     0/4(  0%)      0/4(  0%)       0/4(  0%)
16:      1/24(  4%)     1/4( 25%)      0/4(  0%)       0/4(  0%)
17:      1/24(  4%)     1/4( 25%)      0/4(  0%)       0/4(  0%)
18:      1/24(  4%)     1/4( 25%)      0/4(  0%)       0/4(  0%)
19:      0/24(  0%)     0/4(  0%)      0/4(  0%)       0/4(  0%)
20:      1/24(  4%)     1/4( 25%)      0/4(  0%)       0/4(  0%)
21:      1/24(  4%)     1/4( 25%)      0/4(  0%)       0/4(  0%)
22:      0/24(  0%)     0/4(  0%)      0/4(  0%)       0/4(  0%)
23:      1/24(  4%)     1/4( 25%)      0/4(  0%)       0/4(  0%)
24:      0/24(  0%)     0/4(  0%)      0/4(  0%)       0/4(  0%)
25:      1/24(  4%)     1/4( 25%)      0/4(  0%)       0/4(  0%)
26:      1/24(  4%)     1/4( 25%)      0/4(  0%)       0/4(  0%)
27:      0/24(  0%)     0/4(  0%)      0/4(  0%)       0/4(  0%)
28:      0/24(  0%)     0/4(  0%)      0/4(  0%)       0/4(  0%)
29:      0/24(  0%)     0/4(  0%)      0/4(  0%)       0/4(  0%)
30:      0/24(  0%)     0/4(  0%)      0/4(  0%)       0/4(  0%)
31:      0/24(  0%)     0/4(  0%)      0/4(  0%)       0/4(  0%)
32:      0/24(  0%)     0/4(  0%)      0/4(  0%)       0/4(  0%)
33:      0/24(  0%)     0/4(  0%)      0/4(  0%)       0/4(  0%)
34:      0/24(  0%)     0/4(  0%)      0/4(  0%)       0/4(  0%)
35:      0/24(  0%)     0/4(  0%)      0/4(  0%)       0/4(  0%)
36:      0/24(  0%)     0/4(  0%)      0/4(  0%)       0/4(  0%)
37:      0/24(  0%)     0/4(  0%)      0/4(  0%)       0/4(  0%)
38:      0/24(  0%)     0/4(  0%)      0/4(  0%)       0/4(  0%)
39:      0/24(  0%)     0/4(  0%)      0/4(  0%)       0/4(  0%)
40:      0/24(  0%)     0/4(  0%)      0/4(  0%)       0/4(  0%)
41:      0/24(  0%)     0/4(  0%)      0/4(  0%)       0/4(  0%)
42:      0/24(  0%)     0/4(  0%)      0/4(  0%)       0/4(  0%)
43:      0/24(  0%)     0/4(  0%)      0/4(  0%)       0/4(  0%)
44:      2/24(  8%)     0/4(  0%)      0/4(  0%)       0/4(  0%)
45:      0/24(  0%)     0/4(  0%)      0/4(  0%)       0/4(  0%)
46:      0/24(  0%)     0/4(  0%)      0/4(  0%)       0/4(  0%)
47:      0/24(  0%)     0/4(  0%)      0/4(  0%)       0/4(  0%)
48:      0/24(  0%)     0/4(  0%)      0/4(  0%)       0/4(  0%)
49:      0/24(  0%)     0/4(  0%)      0/4(  0%)       0/4(  0%)
50:      0/24(  0%)     0/4(  0%)      0/4(  0%)       0/4(  0%)
51:      0/24(  0%)     0/4(  0%)      0/4(  0%)       0/4(  0%)
52:      0/24(  0%)     0/4(  0%)      0/4(  0%)       0/4(  0%)
EA:      3/24( 12%)     0/4(  0%)      0/4(  0%)       0/4(  0%)


Device-Specific Information:c:\documents and settings\nlecky\desktop\todesktop\15mips-16\dmemory.rpt
dmemory

** EQUATIONS **

address0 : INPUT;
address1 : INPUT;
address2 : INPUT;
address3 : INPUT;
address4 : INPUT;
address5 : INPUT;
address6 : INPUT;
address7 : INPUT;
clock    : INPUT;
memwrite : INPUT;
write_data0 : INPUT;
write_data1 : INPUT;
write_data2 : INPUT;
write_data3 : INPUT;
write_data4 : INPUT;
write_data5 : INPUT;
write_data6 : INPUT;
write_data7 : INPUT;
write_data8 : INPUT;
write_data9 : INPUT;
write_data10 : INPUT;
write_data11 : INPUT;
write_data12 : INPUT;
write_data13 : INPUT;
write_data14 : INPUT;
write_data15 : INPUT;

-- Node name is 'read_data0' 
-- Equation name is 'read_data0', type is output 
read_data0 =  _EC4_H;

-- Node name is 'read_data1' 
-- Equation name is 'read_data1', type is output 
read_data1 =  _EC5_C;

-- Node name is 'read_data2' 
-- Equation name is 'read_data2', type is output 
read_data2 =  _EC1_C;

-- Node name is 'read_data3' 
-- Equation name is 'read_data3', type is output 
read_data3 =  _EC7_C;

-- Node name is 'read_data4' 
-- Equation name is 'read_data4', type is output 
read_data4 =  _EC3_C;

-- Node name is 'read_data5' 
-- Equation name is 'read_data5', type is output 
read_data5 =  _EC2_C;

-- Node name is 'read_data6' 
-- Equation name is 'read_data6', type is output 
read_data6 =  _EC8_C;

-- Node name is 'read_data7' 
-- Equation name is 'read_data7', type is output 
read_data7 =  _EC6_C;

-- Node name is 'read_data8' 
-- Equation name is 'read_data8', type is output 
read_data8 =  _EC4_C;

-- Node name is 'read_data9' 
-- Equation name is 'read_data9', type is output 
read_data9 =  _EC8_H;

-- Node name is 'read_data10' 
-- Equation name is 'read_data10', type is output 
read_data10 =  _EC3_H;

-- Node name is 'read_data11' 
-- Equation name is 'read_data11', type is output 
read_data11 =  _EC5_H;

-- Node name is 'read_data12' 
-- Equation name is 'read_data12', type is output 
read_data12 =  _EC1_H;

-- Node name is 'read_data13' 
-- Equation name is 'read_data13', type is output 
read_data13 =  _EC7_H;

-- Node name is 'read_data14' 
-- Equation name is 'read_data14', type is output 
read_data14 =  _EC2_H;

-- Node name is 'read_data15' 
-- Equation name is 'read_data15', type is output 
read_data15 =  _EC6_H;

-- Node name is ':48' 
-- Equation name is '_LC1_G3', type is buried 
_LC1_G3  = LCELL( _EQ001);
  _EQ001 = !clock &  memwrite;

-- Node name is '|LPM_RAM_DQ:data_memory|altram:sram|segment0_0' from file "altram.tdf" line 111, column 12
-- Equation name is '_EC4_H', type is memory 
_EC4_H   = MEMORY_SEGMENT( write_data0, GLOBAL( clock), VCC, _LC1_G3, VCC, address0, address1, address2, address3, address4, address5, address6, address7, VCC, VCC, VCC,);

-- Node name is '|LPM_RAM_DQ:data_memory|altram:sram|segment0_1' from file "altram.tdf" line 111, column 12
-- Equation name is '_EC5_C', type is memory 
_EC5_C   = MEMORY_SEGMENT( write_data1, GLOBAL( clock), VCC, _LC1_G3, VCC, address0, address1, address2, address3, address4, address5, address6, address7, VCC, VCC, VCC,);

-- Node name is '|LPM_RAM_DQ:data_memory|altram:sram|segment0_2' from file "altram.tdf" line 111, column 12
-- Equation name is '_EC1_C', type is memory 
_EC1_C   = MEMORY_SEGMENT( write_data2, GLOBAL( clock), VCC, _LC1_G3, VCC, address0, address1, address2, address3, address4, address5, address6, address7, VCC, VCC, VCC,);

-- Node name is '|LPM_RAM_DQ:data_memory|altram:sram|segment0_3' from file "altram.tdf" line 111, column 12
-- Equation name is '_EC7_C', type is memory 
_EC7_C   = MEMORY_SEGMENT( write_data3, GLOBAL( clock), VCC, _LC1_G3, VCC, address0, address1, address2, address3, address4, address5, address6, address7, VCC, VCC, VCC,);

-- Node name is '|LPM_RAM_DQ:data_memory|altram:sram|segment0_4' from file "altram.tdf" line 111, column 12
-- Equation name is '_EC3_C', type is memory 
_EC3_C   = MEMORY_SEGMENT( write_data4, GLOBAL( clock), VCC, _LC1_G3, VCC, address0, address1, address2, address3, address4, address5, address6, address7, VCC, VCC, VCC,);

-- Node name is '|LPM_RAM_DQ:data_memory|altram:sram|segment0_5' from file "altram.tdf" line 111, column 12
-- Equation name is '_EC2_C', type is memory 
_EC2_C   = MEMORY_SEGMENT( write_data5, GLOBAL( clock), VCC, _LC1_G3, VCC, address0, address1, address2, address3, address4, address5, address6, address7, VCC, VCC, VCC,);

-- Node name is '|LPM_RAM_DQ:data_memory|altram:sram|segment0_6' from file "altram.tdf" line 111, column 12
-- Equation name is '_EC8_C', type is memory 
_EC8_C   = MEMORY_SEGMENT( write_data6, GLOBAL( clock), VCC, _LC1_G3, VCC, address0, address1, address2, address3, address4, address5, address6, address7, VCC, VCC, VCC,);

-- Node name is '|LPM_RAM_DQ:data_memory|altram:sram|segment0_7' from file "altram.tdf" line 111, column 12
-- Equation name is '_EC6_C', type is memory 
_EC6_C   = MEMORY_SEGMENT( write_data7, GLOBAL( clock), VCC, _LC1_G3, VCC, address0, address1, address2, address3, address4, address5, address6, address7, VCC, VCC, VCC,);

-- Node name is '|LPM_RAM_DQ:data_memory|altram:sram|segment0_8' from file "altram.tdf" line 111, column 12
-- Equation name is '_EC4_C', type is memory 
_EC4_C   = MEMORY_SEGMENT( write_data8, GLOBAL( clock), VCC, _LC1_G3, VCC, address0, address1, address2, address3, address4, address5, address6, address7, VCC, VCC, VCC,);

-- Node name is '|LPM_RAM_DQ:data_memory|altram:sram|segment0_9' from file "altram.tdf" line 111, column 12
-- Equation name is '_EC8_H', type is memory 
_EC8_H   = MEMORY_SEGMENT( write_data9, GLOBAL( clock), VCC, _LC1_G3, VCC, address0, address1, address2, address3, address4, address5, address6, address7, VCC, VCC, VCC,);

-- Node name is '|LPM_RAM_DQ:data_memory|altram:sram|segment0_10' from file "altram.tdf" line 111, column 12
-- Equation name is '_EC3_H', type is memory 
_EC3_H   = MEMORY_SEGMENT( write_data10, GLOBAL( clock), VCC, _LC1_G3, VCC, address0, address1, address2, address3, address4, address5, address6, address7, VCC, VCC, VCC,);

-- Node name is '|LPM_RAM_DQ:data_memory|altram:sram|segment0_11' from file "altram.tdf" line 111, column 12
-- Equation name is '_EC5_H', type is memory 
_EC5_H   = MEMORY_SEGMENT( write_data11, GLOBAL( clock), VCC, _LC1_G3, VCC, address0, address1, address2, address3, address4, address5, address6, address7, VCC, VCC, VCC,);

-- Node name is '|LPM_RAM_DQ:data_memory|altram:sram|segment0_12' from file "altram.tdf" line 111, column 12
-- Equation name is '_EC1_H', type is memory 
_EC1_H   = MEMORY_SEGMENT( write_data12, GLOBAL( clock), VCC, _LC1_G3, VCC, address0, address1, address2, address3, address4, address5, address6, address7, VCC, VCC, VCC,);

-- Node name is '|LPM_RAM_DQ:data_memory|altram:sram|segment0_13' from file "altram.tdf" line 111, column 12
-- Equation name is '_EC7_H', type is memory 
_EC7_H   = MEMORY_SEGMENT( write_data13, GLOBAL( clock), VCC, _LC1_G3, VCC, address0, address1, address2, address3, address4, address5, address6, address7, VCC, VCC, VCC,);

-- Node name is '|LPM_RAM_DQ:data_memory|altram:sram|segment0_14' from file "altram.tdf" line 111, column 12
-- Equation name is '_EC2_H', type is memory 
_EC2_H   = MEMORY_SEGMENT( write_data14, GLOBAL( clock), VCC, _LC1_G3, VCC, address0, address1, address2, address3, address4, address5, address6, address7, VCC, VCC, VCC,);

-- Node name is '|LPM_RAM_DQ:data_memory|altram:sram|segment0_15' from file "altram.tdf" line 111, column 12
-- Equation name is '_EC6_H', type is memory 
_EC6_H   = MEMORY_SEGMENT( write_data15, GLOBAL( clock), VCC, _LC1_G3, VCC, address0, address1, address2, address3, address4, address5, address6, address7, VCC, VCC, VCC,);



Project Informationc:\documents and settings\nlecky\desktop\todesktop\15mips-16\dmemory.rpt

** COMPILATION SETTINGS & TIMES **

Processing Menu Commands
------------------------

Design Doctor                             = off

Logic Synthesis:

   Synthesis Type Used                    = Multi-Level

   Default Synthesis Style                = NORMAL

      Logic option settings in 'NORMAL' style for 'FLEX10K' family

      CARRY_CHAIN                         = ignore
      CARRY_CHAIN_LENGTH                  = 32
      CASCADE_CHAIN                       = ignore
      CASCADE_CHAIN_LENGTH                = 2
      DECOMPOSE_GATES                     = on
      DUPLICATE_LOGIC_EXTRACTION          = on
      MINIMIZATION                        = full
      MULTI_LEVEL_FACTORING               = on
      NOT_GATE_PUSH_BACK                  = on
      REDUCE_LOGIC                        = on
      REFACTORIZATION                     = on
      REGISTER_OPTIMIZATION               = on
      RESYNTHESIZE_NETWORK                = on
      SLOW_SLEW_RATE                      = off
      SUBFACTOR_EXTRACTION                = on
      IGNORE_SOFT_BUFFERS                 = on
      USE_LPM_FOR_AHDL_OPERATORS          = off

   Other logic synthesis settings:

      Automatic Global Clock              = on
      Automatic Global Clear              = on
      Automatic Global Preset             = on
      Automatic Global Output Enable      = on
      Automatic Fast I/O                  = off
      Automatic Register Packing          = off
      Automatic Open-Drain Pins           = on
      Automatic Implement in EAB          = off
      Optimize                            = 5

Default Timing Specifications: None

Cut All Bidir Feedback Timing Paths       = on
Cut All Clear & Preset Timing Paths       = on

Ignore Timing Assignments                 = on

Functional SNF Extractor                  = off

Linked SNF Extractor                      = off
Timing SNF Extractor                      = on
Optimize Timing SNF                       = off
Generate AHDL TDO File                    = off
Fitter Settings                           = NORMAL
Use Quartus Fitter                        = on
Smart Recompile                           = off
Total Recompile                           = off

Interfaces Menu Commands
------------------------

EDIF Netlist Writer                       = off
Verilog Netlist Writer                    = off
VHDL Netlist Writer                       = off

Compilation Times
-----------------

   Compiler Netlist Extractor             00:00:00
   Database Builder                       00:00:00
   Logic Synthesizer                      00:00:00
   Partitioner                            00:00:01
   Fitter                                 00:00:10
   Timing SNF Extractor                   00:00:00
   Assembler                              00:00:03
   --------------------------             --------
   Total Time                             00:00:14


Memory Allocated
-----------------

Peak memory allocated during compilation  = 34,737K
