Project Information   e:\vhdl designs\231designs\06randdisplay\randdisplay.rpt

MAX+plus II Compiler Report File
Version 10.1 06/12/2001
Compiled: 01/18/2002 20:49:44

Copyright (C) 1988-2001 Altera Corporation
Any megafunction design, and related net list (encrypted or decrypted),
support information, device programming or simulation file, and any other
associated documentation or information provided by Altera or a partner
under Altera's Megafunction Partnership Program may be used only to
program PLD devices (but not masked PLD devices) from Altera.  Any other
use of such megafunction design, net list, support information, device
programming or simulation file, or any other related documentation or
information is prohibited for any other purpose, including, but not
limited to modification, reverse engineering, de-compiling, or use with
any other silicon devices, unless such use is explicitly licensed under
a separate agreement with Altera or a megafunction partner.  Title to
the intellectual property, including patents, copyrights, trademarks,
trade secrets, or maskworks, embodied in any such megafunction design,
net list, support information, device programming or simulation file, or
any other related documentation or information provided by Altera or a
megafunction partner, remains with Altera, the megafunction partner, or
their respective licensors.  No other licenses, including any licenses
needed under any third party's intellectual property, are provided herein.



***** Project compilation was successful




** DEVICE SUMMARY **

Chip/                     Input Output Bidir  Memory  Memory  			 LCs
POF       Device          Pins  Pins   Pins   Bits % Utilized  LCs  % Utilized

randdisplay
      EPF10K70RC240-4      1      16     0    0         0  %    88       2  %

User Pins:                 1      16     0  



Project Information   e:\vhdl designs\231designs\06randdisplay\randdisplay.rpt

** PIN/LOCATION/CHIP ASSIGNMENTS **

                  Actual                  
    User       Assignments                
Assignments   (if different)     Node Name

randdisplay@91                    clk
randdisplay@17                    l_a
randdisplay@18                    l_b
randdisplay@19                    l_c
randdisplay@20                    l_d
randdisplay@25                    l_dp
randdisplay@21                    l_e
randdisplay@23                    l_f
randdisplay@24                    l_g
randdisplay@6                     m_a
randdisplay@7                     m_b
randdisplay@8                     m_c
randdisplay@9                     m_d
randdisplay@14                    m_dp
randdisplay@11                    m_e
randdisplay@12                    m_f
randdisplay@13                    m_g


Project Information   e:\vhdl designs\231designs\06randdisplay\randdisplay.rpt

** FILE HIERARCHY **



|dec_7seg:3|
|dec_7seg:4|
|clk_div:5|
|clk_div:5|lpm_add_sub:119|
|clk_div:5|lpm_add_sub:119|addcore:adder|
|clk_div:5|lpm_add_sub:119|altshift:result_ext_latency_ffs|
|clk_div:5|lpm_add_sub:119|altshift:carry_ext_latency_ffs|
|clk_div:5|lpm_add_sub:119|altshift:oflow_ext_latency_ffs|
|clk_div:5|lpm_add_sub:279|
|clk_div:5|lpm_add_sub:279|addcore:adder|
|clk_div:5|lpm_add_sub:279|altshift:result_ext_latency_ffs|
|clk_div:5|lpm_add_sub:279|altshift:carry_ext_latency_ffs|
|clk_div:5|lpm_add_sub:279|altshift:oflow_ext_latency_ffs|
|clk_div:5|lpm_add_sub:362|
|clk_div:5|lpm_add_sub:362|addcore:adder|
|clk_div:5|lpm_add_sub:362|altshift:result_ext_latency_ffs|
|clk_div:5|lpm_add_sub:362|altshift:carry_ext_latency_ffs|
|clk_div:5|lpm_add_sub:362|altshift:oflow_ext_latency_ffs|
|clk_div:5|lpm_add_sub:445|
|clk_div:5|lpm_add_sub:445|addcore:adder|
|clk_div:5|lpm_add_sub:445|altshift:result_ext_latency_ffs|
|clk_div:5|lpm_add_sub:445|altshift:carry_ext_latency_ffs|
|clk_div:5|lpm_add_sub:445|altshift:oflow_ext_latency_ffs|
|clk_div:5|lpm_add_sub:528|
|clk_div:5|lpm_add_sub:528|addcore:adder|
|clk_div:5|lpm_add_sub:528|altshift:result_ext_latency_ffs|
|clk_div:5|lpm_add_sub:528|altshift:carry_ext_latency_ffs|
|clk_div:5|lpm_add_sub:528|altshift:oflow_ext_latency_ffs|
|clk_div:5|lpm_add_sub:611|
|clk_div:5|lpm_add_sub:611|addcore:adder|
|clk_div:5|lpm_add_sub:611|altshift:result_ext_latency_ffs|
|clk_div:5|lpm_add_sub:611|altshift:carry_ext_latency_ffs|
|clk_div:5|lpm_add_sub:611|altshift:oflow_ext_latency_ffs|
|clk_div:5|lpm_add_sub:694|
|clk_div:5|lpm_add_sub:694|addcore:adder|
|clk_div:5|lpm_add_sub:694|altshift:result_ext_latency_ffs|
|clk_div:5|lpm_add_sub:694|altshift:carry_ext_latency_ffs|
|clk_div:5|lpm_add_sub:694|altshift:oflow_ext_latency_ffs|
|lfsr8:25|


Device-Specific Information:e:\vhdl designs\231designs\06randdisplay\randdisplay.rpt
randdisplay

***** Logic for device 'randdisplay' compiled without errors.




Device: EPF10K70RC240-4

FLEX 10K Configuration Scheme: Passive Serial

Device Options:
    User-Supplied Start-Up Clock               = OFF
    Auto-Restart Configuration on Frame Error  = OFF
    Release Clears Before Tri-States           = OFF
    Enable Chip_Wide Reset                     = OFF
    Enable Chip-Wide Output Enable             = OFF
    Enable INIT_DONE Output                    = OFF
    JTAG User Code                             = 7f

                                                                                                                                         
                                                                                                                                         
                R R R R R R R R   R R R R R R R   R R R R R R R   R R R       R R R R   R R R R R R R   R R R R R R R   R R R R R R R R  
                E E E E E E E E   E E E E E E E   E E E E E E E   E E E       E E E E   E E E E E E E   E E E E E E E   E E E E E E E E  
                S S S S S S S S G S S S S S S S V S S S S S S S G S S S G G G S S S S V S S S S S S S G S S S S S S S V S S S S S S S S  
                E E E E E E E E N E E E E E E E C E E E E E E E N E E E N N N E E E E C E E E E E E E N E E E E E E E C E E E E E E E E  
                R R R R R R R R D R R R R R R R C R R R R R R R D R R R D D D R R R R C R R R R R R R D R R R R R R R C R R R R R R R R  
                V V V V V V V V I V V V V V V V I V V V V V V V I V V V I I I V V V V I V V V V V V V I V V V V V V V I V V V V V V V V  
                E E E E E E E E N E E E E E E E N E E E E E E E N E E E N N N E E E E N E E E E E E E N E E E E E E E N E E E E E E E E  
                D D D D D D D D T D D D D D D D T D D D D D D D T D D D T T T D D D D T D D D D D D D T D D D D D D D T D D D D D D D D  
              --------------------------------------------------------------------------------------------------------------------------_ 
             / 240 238 236 234 232 230 228 226 224 222 220 218 216 214 212 210 208 206 204 202 200 198 196 194 192 190 188 186 184 182   |_ 
            /    239 237 235 233 231 229 227 225 223 221 219 217 215 213 211 209 207 205 203 201 199 197 195 193 191 189 187 185 183 181    | 
      #TCK |  1                                                                                                                         180 | ^DATA0 
^CONF_DONE |  2                                                                                                                         179 | ^DCLK 
     ^nCEO |  3                                                                                                                         178 | ^nCE 
      #TDO |  4                                                                                                                         177 | #TDI 
    VCCINT |  5                                                                                                                         176 | GNDINT 
       m_a |  6                                                                                                                         175 | RESERVED 
       m_b |  7                                                                                                                         174 | RESERVED 
       m_c |  8                                                                                                                         173 | RESERVED 
       m_d |  9                                                                                                                         172 | RESERVED 
    GNDINT | 10                                                                                                                         171 | RESERVED 
       m_e | 11                                                                                                                         170 | VCCINT 
       m_f | 12                                                                                                                         169 | RESERVED 
       m_g | 13                                                                                                                         168 | RESERVED 
      m_dp | 14                                                                                                                         167 | RESERVED 
  RESERVED | 15                                                                                                                         166 | RESERVED 
    VCCINT | 16                                                                                                                         165 | GNDINT 
       l_a | 17                                                                                                                         164 | RESERVED 
       l_b | 18                                                                                                                         163 | RESERVED 
       l_c | 19                                                                                                                         162 | RESERVED 
       l_d | 20                                                                                                                         161 | RESERVED 
       l_e | 21                                                                                                                         160 | VCCINT 
    GNDINT | 22                                                                                                                         159 | RESERVED 
       l_f | 23                                                                                                                         158 | RESERVED 
       l_g | 24                                                                                                                         157 | RESERVED 
      l_dp | 25                                                                                                                         156 | RESERVED 
  RESERVED | 26                                                                                                                         155 | GNDINT 
    VCCINT | 27                                                                                                                         154 | RESERVED 
  RESERVED | 28                                                                                                                         153 | RESERVED 
  RESERVED | 29                                                                                                                         152 | RESERVED 
  RESERVED | 30                                                                                                                         151 | RESERVED 
  RESERVED | 31                                                     EPF10K70RC240-4                                                     150 | VCCINT 
    GNDINT | 32                                                                                                                         149 | RESERVED 
  RESERVED | 33                                                                                                                         148 | RESERVED 
  RESERVED | 34                                                                                                                         147 | RESERVED 
  RESERVED | 35                                                                                                                         146 | RESERVED 
  RESERVED | 36                                                                                                                         145 | GNDINT 
    VCCINT | 37                                                                                                                         144 | RESERVED 
  RESERVED | 38                                                                                                                         143 | RESERVED 
  RESERVED | 39                                                                                                                         142 | RESERVED 
  RESERVED | 40                                                                                                                         141 | RESERVED 
  RESERVED | 41                                                                                                                         140 | VCCINT 
    GNDINT | 42                                                                                                                         139 | RESERVED 
  RESERVED | 43                                                                                                                         138 | RESERVED 
  RESERVED | 44                                                                                                                         137 | RESERVED 
  RESERVED | 45                                                                                                                         136 | RESERVED 
  RESERVED | 46                                                                                                                         135 | GNDINT 
    VCCINT | 47                                                                                                                         134 | RESERVED 
  RESERVED | 48                                                                                                                         133 | RESERVED 
  RESERVED | 49                                                                                                                         132 | RESERVED 
  RESERVED | 50                                                                                                                         131 | RESERVED 
  RESERVED | 51                                                                                                                         130 | VCCINT 
    GNDINT | 52                                                                                                                         129 | RESERVED 
  RESERVED | 53                                                                                                                         128 | RESERVED 
  RESERVED | 54                                                                                                                         127 | RESERVED 
  RESERVED | 55                                                                                                                         126 | RESERVED 
  RESERVED | 56                                                                                                                         125 | GNDINT 
    VCCINT | 57                                                                                                                         124 | ^MSEL0 
      #TMS | 58                                                                                                                         123 | ^MSEL1 
     #TRST | 59                                                                                                                         122 | VCCINT 
  ^nSTATUS | 60                                                                                                                         121 | ^nCONFIG 
           |      62  64  66  68  70  72  74  76  78  80  82  84  86  88  90  92  94  96  98 100 102 104 106 108 110 112 114 116 118 120  _| 
            \   61  63  65  67  69  71  73  75  77  79  81  83  85  87  89  91  93  95  97  99 101 103 105 107 109 111 113 115 117 119   | 
             \--------------------------------------------------------------------------------------------------------------------------- 
                R R R R R R R R G R R R R R R R V R R R R R R R G R R R V G c G G R R V R R R R R R R G R R R R R R R V R R R R R R R R  
                E E E E E E E E N E E E E E E E C E E E E E E E N E E E C N l N N E E C E E E E E E E N E E E E E E E C E E E E E E E E  
                S S S S S S S S D S S S S S S S C S S S S S S S D S S S C D k D D S S C S S S S S S S D S S S S S S S C S S S S S S S S  
                E E E E E E E E I E E E E E E E I E E E E E E E I E E E I I   I I E E I E E E E E E E I E E E E E E E I E E E E E E E E  
                R R R R R R R R N R R R R R R R N R R R R R R R N R R R N N   N N R R N R R R R R R R N R R R R R R R N R R R R R R R R  
                V V V V V V V V T V V V V V V V T V V V V V V V T V V V T T   T T V V T V V V V V V V T V V V V V V V T V V V V V V V V  
                E E E E E E E E   E E E E E E E   E E E E E E E   E E E           E E   E E E E E E E   E E E E E E E   E E E E E E E E  
                D D D D D D D D   D D D D D D D   D D D D D D D   D D D           D D   D D D D D D D   D D D D D D D   D D D D D D D D  
                                                                                                                                         
                                                                                                                                         


N.C. = No Connect. This pin has no internal connection to the device.
VCCINT = Dedicated power pin, which MUST be connected to VCC (5.0 volts).
VCCIO = Dedicated power pin, which MUST be connected to VCC (5.0 volts).
GNDINT = Dedicated ground pin or unused dedicated input, which MUST be connected to GND.
GNDIO = Dedicated ground pin, which MUST be connected to GND.
RESERVED = Unused I/O pin, which MUST be left unconnected.

^ = Dedicated configuration pin.
+ = Reserved configuration pin, which is tri-stated during user mode.
* = Reserved configuration pin, which drives out in user mode.
PDn = Power Down pin. 
@ = Special-purpose pin. 
# = JTAG Boundary-Scan Testing/In-System Programming or Configuration Pin. The JTAG inputs TMS and TDI should be tied to VCC and TCK should be tied to GND when not in use.
& = JTAG pin used for I/O. When used as user I/O, JTAG pins must be kept stable before and during configuration.  JTAG pin stability prevents accidental loading of JTAG instructions.


Device-Specific Information:e:\vhdl designs\231designs\06randdisplay\randdisplay.rpt
randdisplay

** RESOURCE USAGE **

Logic                Column       Row                                   
Array                Interconnect Interconnect         Clears/     External  
Block   Logic Cells  Driven       Driven       Clocks  Presets   Interconnect
A27      8/ 8(100%)   0/ 8(  0%)   4/ 8( 50%)    0/2    0/2       6/26( 23%)   
A35      8/ 8(100%)   0/ 8(  0%)   2/ 8( 25%)    0/2    0/2       8/26( 30%)   
A44      8/ 8(100%)   0/ 8(  0%)   3/ 8( 37%)    0/2    0/2       9/26( 34%)   
C27      8/ 8(100%)   0/ 8(  0%)   1/ 8( 12%)    2/2    0/2       1/26(  3%)   
C31      8/ 8(100%)   2/ 8( 25%)   3/ 8( 37%)    1/2    0/2      11/26( 42%)   
C34      7/ 8( 87%)   0/ 8(  0%)   1/ 8( 12%)    1/2    0/2       0/26(  0%)   
C35      5/ 8( 62%)   1/ 8( 12%)   2/ 8( 25%)    0/2    0/2       7/26( 26%)   
C36      8/ 8(100%)   0/ 8(  0%)   7/ 8( 87%)    2/2    0/2       2/26(  7%)   
C39      7/ 8( 87%)   7/ 8( 87%)   4/ 8( 50%)    1/2    0/2       2/26(  7%)   
C40      5/ 8( 62%)   0/ 8(  0%)   1/ 8( 12%)    2/2    0/2       1/26(  3%)   
C41      8/ 8(100%)   0/ 8(  0%)   1/ 8( 12%)    2/2    0/2       1/26(  3%)   
C52      8/ 8(100%)   0/ 8(  0%)   5/ 8( 62%)    0/2    0/2      10/26( 38%)   


Embedded             Column       Row                                   
Array     Embedded   Interconnect Interconnect         Read/      External  
Block     Cells      Driven       Driven       Clocks  Write    Interconnect


Total dedicated input pins used:                 1/6      ( 16%)
Total I/O pins used:                            16/183    (  8%)
Total logic cells used:                         88/3744   (  2%)
Total embedded cells used:                       0/72     (  0%)
Total EABs used:                                 0/9      (  0%)
Average fan-in:                                 3.26/4    ( 81%)
Total fan-in:                                 287/14976   (  1%)

Total input pins required:                       1
Total input I/O cell registers required:         0
Total output pins required:                     16
Total output I/O cell registers required:        0
Total buried I/O cell registers required:        0
Total bidirectional pins required:               0
Total reserved pins required                     0
Total logic cells required:                     88
Total flipflops required:                       36
Total packed registers required:                 0
Total logic cells in carry chains:               0
Total number of carry chains:                    0
Total logic cells in cascade chains:             0
Total number of cascade chains:                  0
Total single-pin Clock Enables required:         0
Total single-pin Output Enables required:        0

Synthesized logic cells:                        14/3744   (  0%)

Logic Cell and Embedded Cell Counts

Column:  01  02  03  04  05  06  07  08  09  10  11  12  13  14  15  16  17  18  19  20  21  22  23  24  25  26  EA  27  28  29  30  31  32  33  34  35  36  37  38  39  40  41  42  43  44  45  46  47  48  49  50  51  52  Total(LC/EC)
 A:      0   0   0   0   0   0   0   0   0   0   0   0   0   0   0   0   0   0   0   0   0   0   0   0   0   0   0   8   0   0   0   0   0   0   0   8   0   0   0   0   0   0   0   0   8   0   0   0   0   0   0   0   0     24/0  
 B:      0   0   0   0   0   0   0   0   0   0   0   0   0   0   0   0   0   0   0   0   0   0   0   0   0   0   0   0   0   0   0   0   0   0   0   0   0   0   0   0   0   0   0   0   0   0   0   0   0   0   0   0   0      0/0  
 C:      0   0   0   0   0   0   0   0   0   0   0   0   0   0   0   0   0   0   0   0   0   0   0   0   0   0   0   8   0   0   0   8   0   0   7   5   8   0   0   7   5   8   0   0   0   0   0   0   0   0   0   0   8     64/0  
 D:      0   0   0   0   0   0   0   0   0   0   0   0   0   0   0   0   0   0   0   0   0   0   0   0   0   0   0   0   0   0   0   0   0   0   0   0   0   0   0   0   0   0   0   0   0   0   0   0   0   0   0   0   0      0/0  
 E:      0   0   0   0   0   0   0   0   0   0   0   0   0   0   0   0   0   0   0   0   0   0   0   0   0   0   0   0   0   0   0   0   0   0   0   0   0   0   0   0   0   0   0   0   0   0   0   0   0   0   0   0   0      0/0  
 F:      0   0   0   0   0   0   0   0   0   0   0   0   0   0   0   0   0   0   0   0   0   0   0   0   0   0   0   0   0   0   0   0   0   0   0   0   0   0   0   0   0   0   0   0   0   0   0   0   0   0   0   0   0      0/0  
 G:      0   0   0   0   0   0   0   0   0   0   0   0   0   0   0   0   0   0   0   0   0   0   0   0   0   0   0   0   0   0   0   0   0   0   0   0   0   0   0   0   0   0   0   0   0   0   0   0   0   0   0   0   0      0/0  
 H:      0   0   0   0   0   0   0   0   0   0   0   0   0   0   0   0   0   0   0   0   0   0   0   0   0   0   0   0   0   0   0   0   0   0   0   0   0   0   0   0   0   0   0   0   0   0   0   0   0   0   0   0   0      0/0  
 I:      0   0   0   0   0   0   0   0   0   0   0   0   0   0   0   0   0   0   0   0   0   0   0   0   0   0   0   0   0   0   0   0   0   0   0   0   0   0   0   0   0   0   0   0   0   0   0   0   0   0   0   0   0      0/0  

Total:   0   0   0   0   0   0   0   0   0   0   0   0   0   0   0   0   0   0   0   0   0   0   0   0   0   0   0  16   0   0   0   8   0   0   7  13   8   0   0   7   5   8   0   0   8   0   0   0   0   0   0   0   8     88/0  



Device-Specific Information:e:\vhdl designs\231designs\06randdisplay\randdisplay.rpt
randdisplay

** INPUTS **

                                                    Fan-In    Fan-Out
 Pin     LC     EC   Row  Col  Primitive    Code      INP  FBK  OUT  FBK  Name
  91      -     -    -    --      INPUT  G             0    0    0    0  clk


Code:

s = Synthesized pin or logic cell
+ = Synchronous flipflop
/ = Slow slew-rate output
! = NOT gate push-back
r = Fitter-inserted logic cell
@ = Uses single-pin Clock Enable
& = Uses single-pin Output Enable
G = Global Source. Fan-out destinations counted here do not include destinations
that are driven using global routing resources. Refer to the Auto Global Signals,
Clock Signals, Clear Signals, Synchronous Load Signals, and Synchronous Clear Signals
Sections of this Report File for information on which signals' fan-outs are used as
Clock, Clear, Preset, Output Enable, and synchronous Load signals.


Device-Specific Information:e:\vhdl designs\231designs\06randdisplay\randdisplay.rpt
randdisplay

** OUTPUTS **

       Fed By Fed By                                Fan-In    Fan-Out
 Pin     LC     EC   Row  Col  Primitive    Code      INP  FBK  OUT  FBK  Name
  17      -     -    B    --     OUTPUT                0    1    0    0  l_a
  18      -     -    B    --     OUTPUT                0    1    0    0  l_b
  19      -     -    C    --     OUTPUT                0    1    0    0  l_c
  20      -     -    C    --     OUTPUT                0    1    0    0  l_d
  25      -     -    D    --     OUTPUT                0    0    0    0  l_dp
  21      -     -    C    --     OUTPUT                0    1    0    0  l_e
  23      -     -    C    --     OUTPUT                0    1    0    0  l_f
  24      -     -    C    --     OUTPUT                0    1    0    0  l_g
   6      -     -    A    --     OUTPUT                0    1    0    0  m_a
   7      -     -    A    --     OUTPUT                0    1    0    0  m_b
   8      -     -    A    --     OUTPUT                0    1    0    0  m_c
   9      -     -    A    --     OUTPUT                0    1    0    0  m_d
  14      -     -    B    --     OUTPUT                0    0    0    0  m_dp
  11      -     -    A    --     OUTPUT                0    1    0    0  m_e
  12      -     -    B    --     OUTPUT                0    1    0    0  m_f
  13      -     -    B    --     OUTPUT                0    1    0    0  m_g


Code:

s = Synthesized pin or logic cell
+ = Synchronous flipflop
/ = Slow slew-rate output
! = NOT gate push-back
r = Fitter-inserted logic cell
@ = Uses single-pin Clock Enable
& = Uses single-pin Output Enable


Device-Specific Information:e:\vhdl designs\231designs\06randdisplay\randdisplay.rpt
randdisplay

** BURIED LOGIC **

                                                    Fan-In    Fan-Out
 IOC     LC     EC   Row  Col  Primitive    Code      INP  FBK  OUT  FBK  Name
   -      4     -    C    34       AND2                0    2    0    3  |CLK_DIV:5|LPM_ADD_SUB:119|addcore:adder|:59
   -      1     -    C    40       DFFE   +            0    1    0    1  |CLK_DIV:5|:12
   -      7     -    C    34       DFFE   +            0    3    0    5  |CLK_DIV:5|count_1Mhz4 (|CLK_DIV:5|:16)
   -      6     -    C    34       DFFE   +            0    3    0    5  |CLK_DIV:5|count_1Mhz3 (|CLK_DIV:5|:17)
   -      5     -    C    34       DFFE   +            0    3    0    3  |CLK_DIV:5|count_1Mhz2 (|CLK_DIV:5|:18)
   -      2     -    C    34       DFFE   +            0    3    0    1  |CLK_DIV:5|count_1Mhz1 (|CLK_DIV:5|:19)
   -      3     -    C    34       DFFE   +            0    2    0    2  |CLK_DIV:5|count_1Mhz0 (|CLK_DIV:5|:20)
   -      1     -    C    34       DFFE   +            0    3    0    4  |CLK_DIV:5|clock_1Mhz_int (|CLK_DIV:5|:21)
   -      7     -    C    27       DFFE                0    4    0    4  |CLK_DIV:5|clock_100Khz_int (|CLK_DIV:5|:22)
   -      8     -    C    27       DFFE                0    4    0    4  |CLK_DIV:5|clock_10Khz_int (|CLK_DIV:5|:23)
   -      8     -    C    41       DFFE                0    4    0    4  |CLK_DIV:5|clock_1Khz_int (|CLK_DIV:5|:24)
   -      1     -    C    41       DFFE                0    4    0    4  |CLK_DIV:5|clock_100hz_int (|CLK_DIV:5|:25)
   -      5     -    C    40       DFFE                0    4    0    1  |CLK_DIV:5|clock_10Hz_int (|CLK_DIV:5|:26)
   -      2     -    C    27       DFFE                0    3    0    2  |CLK_DIV:5|count_100Khz2 (|CLK_DIV:5|:28)
   -      1     -    C    27       DFFE                0    2    0    3  |CLK_DIV:5|count_100Khz1 (|CLK_DIV:5|:29)
   -      3     -    C    27       DFFE                0    3    0    3  |CLK_DIV:5|count_100Khz0 (|CLK_DIV:5|:30)
   -      5     -    C    27       DFFE                0    3    0    2  |CLK_DIV:5|count_10Khz2 (|CLK_DIV:5|:31)
   -      4     -    C    27       DFFE                0    2    0    3  |CLK_DIV:5|count_10Khz1 (|CLK_DIV:5|:32)
   -      6     -    C    27       DFFE                0    3    0    3  |CLK_DIV:5|count_10Khz0 (|CLK_DIV:5|:33)
   -      3     -    C    41       DFFE                0    3    0    2  |CLK_DIV:5|count_1Khz2 (|CLK_DIV:5|:34)
   -      2     -    C    41       DFFE                0    2    0    3  |CLK_DIV:5|count_1Khz1 (|CLK_DIV:5|:35)
   -      4     -    C    41       DFFE                0    3    0    3  |CLK_DIV:5|count_1Khz0 (|CLK_DIV:5|:36)
   -      6     -    C    41       DFFE                0    3    0    2  |CLK_DIV:5|count_100hz2 (|CLK_DIV:5|:37)
   -      5     -    C    41       DFFE                0    2    0    3  |CLK_DIV:5|count_100hz1 (|CLK_DIV:5|:38)
   -      7     -    C    41       DFFE                0    3    0    3  |CLK_DIV:5|count_100hz0 (|CLK_DIV:5|:39)
   -      3     -    C    40       DFFE                0    3    0    2  |CLK_DIV:5|count_10hz2 (|CLK_DIV:5|:40)
   -      2     -    C    40       DFFE                0    2    0    3  |CLK_DIV:5|count_10hz1 (|CLK_DIV:5|:41)
   -      4     -    C    40       DFFE                0    3    0    3  |CLK_DIV:5|count_10hz0 (|CLK_DIV:5|:42)
   -      6     -    C    31        OR2    s           0    4    0    1  |DEC_7SEG:3|~483~1
   -      6     -    C    36       AND2                0    4    0    4  |DEC_7SEG:3|:492
   -      8     -    C    31        OR2        !       0    3    0    1  |DEC_7SEG:3|:509
   -      1     -    C    35       AND2                0    4    0    2  |DEC_7SEG:3|:516
   -      2     -    C    52        OR2    s           0    3    0    3  |DEC_7SEG:3|~519~1
   -      2     -    C    31       AND2                0    4    0    5  |DEC_7SEG:3|:528
   -      4     -    C    31       AND2                0    4    0    6  |DEC_7SEG:3|:540
   -      7     -    C    31        OR2        !       0    4    1    0  |DEC_7SEG:3|:543
   -      8     -    C    35        OR2        !       0    4    1    0  |DEC_7SEG:3|:591
   -      7     -    C    36        OR2    s           0    4    0    3  |DEC_7SEG:3|~630~1
   -      4     -    C    52        OR2        !       0    4    0    1  |DEC_7SEG:3|:630
   -      1     -    C    52        OR2        !       0    4    1    0  |DEC_7SEG:3|:639
   -      8     -    C    36        OR2    s           0    4    0    1  |DEC_7SEG:3|~687~1
   -      5     -    C    36        OR2    s           0    3    0    1  |DEC_7SEG:3|~687~2
   -      3     -    C    52        OR2        !       0    4    1    0  |DEC_7SEG:3|:687
   -      3     -    C    35        OR2        !       0    3    0    1  |DEC_7SEG:3|:729
   -      2     -    C    35        OR2    s           0    4    0    1  |DEC_7SEG:3|~731~1
   -      5     -    C    35        OR2        !       0    3    1    0  |DEC_7SEG:3|:735
   -      5     -    C    52        OR2        !       0    4    0    1  |DEC_7SEG:3|:767
   -      8     -    C    52       AND2        !       0    3    0    1  |DEC_7SEG:3|:771
   -      6     -    C    52        OR2        !       0    4    1    0  |DEC_7SEG:3|:783
   -      7     -    C    52        OR2        !       0    4    1    0  |DEC_7SEG:3|:833
   -      6     -    A    35        OR2        !       0    4    0    1  |DEC_7SEG:4|:420
   -      3     -    A    35        OR2        !       0    4    0    1  |DEC_7SEG:4|:425
   -      5     -    A    35        OR2        !       0    4    0    1  |DEC_7SEG:4|:444
   -      1     -    A    27        OR2        !       0    4    0    2  |DEC_7SEG:4|:480
   -      7     -    A    35       AND2    s           0    4    0    1  |DEC_7SEG:4|~483~1
   -      2     -    A    27       AND2                0    4    0    4  |DEC_7SEG:4|:492
   -      5     -    A    27        OR2        !       0    4    0    2  |DEC_7SEG:4|:504
   -      8     -    A    35        OR2        !       0    3    0    1  |DEC_7SEG:4|:509
   -      3     -    A    44        OR2    s           0    2    0    1  |DEC_7SEG:4|~516~1
   -      4     -    A    27        OR2        !       0    4    0    2  |DEC_7SEG:4|:516
   -      3     -    A    27       AND2    s           0    2    0    3  |DEC_7SEG:4|~519~1
   -      2     -    A    35       AND2                0    4    0    4  |DEC_7SEG:4|:528
   -      3     -    C    31       AND2                0    4    0    5  |DEC_7SEG:4|:540
   -      1     -    A    35        OR2        !       0    4    1    0  |DEC_7SEG:4|:543
   -      4     -    A    44        OR2        !       0    4    0    1  |DEC_7SEG:4|:570
   -      5     -    A    44        OR2    s           0    4    0    1  |DEC_7SEG:4|~591~1
   -      2     -    A    44       AND2        !       0    3    1    0  |DEC_7SEG:4|:591
   -      1     -    A    44        OR2    s           0    4    0    3  |DEC_7SEG:4|~630~1
   -      5     -    C    39        OR2        !       0    4    1    0  |DEC_7SEG:4|:639
   -      7     -    A    44        OR2    s           0    4    0    1  |DEC_7SEG:4|~687~1
   -      8     -    A    44        OR2    s           0    3    0    1  |DEC_7SEG:4|~687~2
   -      6     -    A    44        OR2        !       0    4    1    0  |DEC_7SEG:4|:687
   -      6     -    A    27        OR2        !       0    4    0    1  |DEC_7SEG:4|:717
   -      4     -    A    35        OR2                0    4    0    1  |DEC_7SEG:4|:719
   -      7     -    A    27        OR2        !       0    4    0    1  |DEC_7SEG:4|:731
   -      8     -    A    27        OR2        !       0    4    1    0  |DEC_7SEG:4|:735
   -      1     -    C    39        OR2        !       0    4    1    0  |DEC_7SEG:4|:783
   -      3     -    C    39        OR2        !       0    4    1    0  |DEC_7SEG:4|:833
   -      2     -    C    39       DFFE                0    2    0   18  |LFSR8:25|s7 (|LFSR8:25|:10)
   -      6     -    C    39       DFFE                0    2    0   18  |LFSR8:25|s6 (|LFSR8:25|:11)
   -      8     -    C    39       DFFE                0    2    0   19  |LFSR8:25|s5 (|LFSR8:25|:12)
   -      4     -    C    39       DFFE                0    2    0   19  |LFSR8:25|s4 (|LFSR8:25|:13)
   -      1     -    C    36       DFFE                0    2    0   15  |LFSR8:25|s3 (|LFSR8:25|:14)
   -      2     -    C    36       DFFE                0    2    0   14  |LFSR8:25|s2 (|LFSR8:25|:15)
   -      3     -    C    36       DFFE                0    2    0   14  |LFSR8:25|s1 (|LFSR8:25|:16)
   -      1     -    C    31       DFFE                0    5    0   13  |LFSR8:25|s0 (|LFSR8:25|:17)
   -      5     -    C    31        OR2    s           0    3    0    1  |LFSR8:25|~191~1
   -      4     -    C    36       DFFE                0    1    0    8  :27


Code:

s = Synthesized pin or logic cell
+ = Synchronous flipflop
/ = Slow slew-rate output
! = NOT gate push-back
r = Fitter-inserted logic cell
p = Packed register


Device-Specific Information:e:\vhdl designs\231designs\06randdisplay\randdisplay.rpt
randdisplay

** FASTTRACK INTERCONNECT UTILIZATION **

Row FastTrack Interconnect:

          Global         Left Half-      Right Half-
         FastTrack       FastTrack       FastTrack 
Row     Interconnect    Interconnect    Interconnect    Input Pins     Output Pins     Bidir Pins
A:       1/208(  0%)     0/104(  0%)    14/104( 13%)    0/16(  0%)      5/16( 31%)     0/16(  0%)
B:       0/208(  0%)     0/104(  0%)     4/104(  3%)    0/16(  0%)      5/16( 31%)     0/16(  0%)
C:       3/208(  1%)     0/104(  0%)    22/104( 21%)    0/16(  0%)      5/16( 31%)     0/16(  0%)
D:       0/208(  0%)     0/104(  0%)     0/104(  0%)    0/16(  0%)      1/16(  6%)     0/16(  0%)
E:       0/208(  0%)     0/104(  0%)     0/104(  0%)    0/16(  0%)      0/16(  0%)     0/16(  0%)
F:       0/208(  0%)     0/104(  0%)     0/104(  0%)    0/16(  0%)      0/16(  0%)     0/16(  0%)
G:       0/208(  0%)     0/104(  0%)     0/104(  0%)    0/16(  0%)      0/16(  0%)     0/16(  0%)
H:       0/208(  0%)     0/104(  0%)     0/104(  0%)    0/16(  0%)      0/16(  0%)     0/16(  0%)
I:       0/208(  0%)     0/104(  0%)     0/104(  0%)    0/16(  0%)      0/16(  0%)     0/16(  0%)


Column FastTrack Interconnect:

         FastTrack                                 
Column  Interconnect    Input Pins     Output Pins     Bidir Pins
01:      0/24(  0%)     0/4(  0%)      0/4(  0%)       0/4(  0%)
02:      0/24(  0%)     0/4(  0%)      0/4(  0%)       0/4(  0%)
03:      0/24(  0%)     0/4(  0%)      0/4(  0%)       0/4(  0%)
04:      0/24(  0%)     0/4(  0%)      0/4(  0%)       0/4(  0%)
05:      0/24(  0%)     0/4(  0%)      0/4(  0%)       0/4(  0%)
06:      0/24(  0%)     0/4(  0%)      0/4(  0%)       0/4(  0%)
07:      0/24(  0%)     0/4(  0%)      0/4(  0%)       0/4(  0%)
08:      0/24(  0%)     0/4(  0%)      0/4(  0%)       0/4(  0%)
09:      0/24(  0%)     0/4(  0%)      0/4(  0%)       0/4(  0%)
10:      0/24(  0%)     0/4(  0%)      0/4(  0%)       0/4(  0%)
11:      0/24(  0%)     0/4(  0%)      0/4(  0%)       0/4(  0%)
12:      0/24(  0%)     0/4(  0%)      0/4(  0%)       0/4(  0%)
13:      0/24(  0%)     0/4(  0%)      0/4(  0%)       0/4(  0%)
14:      0/24(  0%)     0/4(  0%)      0/4(  0%)       0/4(  0%)
15:      0/24(  0%)     0/4(  0%)      0/4(  0%)       0/4(  0%)
16:      0/24(  0%)     0/4(  0%)      0/4(  0%)       0/4(  0%)
17:      0/24(  0%)     0/4(  0%)      0/4(  0%)       0/4(  0%)
18:      0/24(  0%)     0/4(  0%)      0/4(  0%)       0/4(  0%)
19:      0/24(  0%)     0/4(  0%)      0/4(  0%)       0/4(  0%)
20:      0/24(  0%)     0/4(  0%)      0/4(  0%)       0/4(  0%)
21:      0/24(  0%)     0/4(  0%)      0/4(  0%)       0/4(  0%)
22:      0/24(  0%)     0/4(  0%)      0/4(  0%)       0/4(  0%)
23:      0/24(  0%)     0/4(  0%)      0/4(  0%)       0/4(  0%)
24:      0/24(  0%)     0/4(  0%)      0/4(  0%)       0/4(  0%)
25:      0/24(  0%)     0/4(  0%)      0/4(  0%)       0/4(  0%)
26:      0/24(  0%)     0/4(  0%)      0/4(  0%)       0/4(  0%)
27:      0/24(  0%)     0/4(  0%)      0/4(  0%)       0/4(  0%)
28:      0/24(  0%)     0/4(  0%)      0/4(  0%)       0/4(  0%)
29:      0/24(  0%)     0/4(  0%)      0/4(  0%)       0/4(  0%)
30:      0/24(  0%)     0/4(  0%)      0/4(  0%)       0/4(  0%)
31:      2/24(  8%)     0/4(  0%)      0/4(  0%)       0/4(  0%)
32:      0/24(  0%)     0/4(  0%)      0/4(  0%)       0/4(  0%)
33:      0/24(  0%)     0/4(  0%)      0/4(  0%)       0/4(  0%)
34:      0/24(  0%)     0/4(  0%)      0/4(  0%)       0/4(  0%)
35:      0/24(  0%)     0/4(  0%)      0/4(  0%)       0/4(  0%)
36:      1/24(  4%)     0/4(  0%)      0/4(  0%)       0/4(  0%)
37:      0/24(  0%)     0/4(  0%)      0/4(  0%)       0/4(  0%)
38:      0/24(  0%)     0/4(  0%)      0/4(  0%)       0/4(  0%)
39:      6/24( 25%)     0/4(  0%)      0/4(  0%)       0/4(  0%)
40:      1/24(  4%)     0/4(  0%)      0/4(  0%)       0/4(  0%)
41:      0/24(  0%)     0/4(  0%)      0/4(  0%)       0/4(  0%)
42:      0/24(  0%)     0/4(  0%)      0/4(  0%)       0/4(  0%)
43:      0/24(  0%)     0/4(  0%)      0/4(  0%)       0/4(  0%)
44:      0/24(  0%)     0/4(  0%)      0/4(  0%)       0/4(  0%)
45:      0/24(  0%)     0/4(  0%)      0/4(  0%)       0/4(  0%)
46:      0/24(  0%)     0/4(  0%)      0/4(  0%)       0/4(  0%)
47:      0/24(  0%)     0/4(  0%)      0/4(  0%)       0/4(  0%)
48:      0/24(  0%)     0/4(  0%)      0/4(  0%)       0/4(  0%)
49:      0/24(  0%)     0/4(  0%)      0/4(  0%)       0/4(  0%)
50:      0/24(  0%)     0/4(  0%)      0/4(  0%)       0/4(  0%)
51:      0/24(  0%)     0/4(  0%)      0/4(  0%)       0/4(  0%)
52:      0/24(  0%)     0/4(  0%)      0/4(  0%)       0/4(  0%)
EA:      0/24(  0%)     0/4(  0%)      0/4(  0%)       0/4(  0%)


Device-Specific Information:e:\vhdl designs\231designs\06randdisplay\randdisplay.rpt
randdisplay

** CLOCK SIGNALS **

Type     Fan-out       Name
DFF          9         :27
INPUT        7         clk
DFF          5         |CLK_DIV:5|clock_100Khz_int
DFF          5         |CLK_DIV:5|clock_10Khz_int
DFF          5         |CLK_DIV:5|clock_1Khz_int
DFF          5         |CLK_DIV:5|clock_100hz_int
DFF          4         |CLK_DIV:5|clock_1Mhz_int
DFF          1         |CLK_DIV:5|:12


Device-Specific Information:e:\vhdl designs\231designs\06randdisplay\randdisplay.rpt
randdisplay

** EQUATIONS **

clk      : INPUT;

-- Node name is 'l_a' 
-- Equation name is 'l_a', type is output 
l_a      = !_LC7_C31;

-- Node name is 'l_b' 
-- Equation name is 'l_b', type is output 
l_b      = !_LC8_C35;

-- Node name is 'l_c' 
-- Equation name is 'l_c', type is output 
l_c      = !_LC1_C52;

-- Node name is 'l_d' 
-- Equation name is 'l_d', type is output 
l_d      = !_LC3_C52;

-- Node name is 'l_dp' 
-- Equation name is 'l_dp', type is output 
l_dp     =  VCC;

-- Node name is 'l_e' 
-- Equation name is 'l_e', type is output 
l_e      = !_LC5_C35;

-- Node name is 'l_f' 
-- Equation name is 'l_f', type is output 
l_f      = !_LC6_C52;

-- Node name is 'l_g' 
-- Equation name is 'l_g', type is output 
l_g      = !_LC7_C52;

-- Node name is 'm_a' 
-- Equation name is 'm_a', type is output 
m_a      = !_LC1_A35;

-- Node name is 'm_b' 
-- Equation name is 'm_b', type is output 
m_b      = !_LC2_A44;

-- Node name is 'm_c' 
-- Equation name is 'm_c', type is output 
m_c      = !_LC5_C39;

-- Node name is 'm_d' 
-- Equation name is 'm_d', type is output 
m_d      = !_LC6_A44;

-- Node name is 'm_dp' 
-- Equation name is 'm_dp', type is output 
m_dp     =  VCC;

-- Node name is 'm_e' 
-- Equation name is 'm_e', type is output 
m_e      = !_LC8_A27;

-- Node name is 'm_f' 
-- Equation name is 'm_f', type is output 
m_f      = !_LC1_C39;

-- Node name is 'm_g' 
-- Equation name is 'm_g', type is output 
m_g      = !_LC3_C39;

-- Node name is '|CLK_DIV:5|:24' = '|CLK_DIV:5|clock_1Khz_int' 
-- Equation name is '_LC8_C41', type is buried 
_LC8_C41 = DFFE( _EQ001,  _LC8_C27,  VCC,  VCC,  VCC);
  _EQ001 = !_LC2_C41 &  _LC3_C41 & !_LC4_C41 & !_LC8_C41
         #  _LC2_C41 &  _LC8_C41
         # !_LC3_C41 &  _LC8_C41
         #  _LC4_C41 &  _LC8_C41;

-- Node name is '|CLK_DIV:5|:21' = '|CLK_DIV:5|clock_1Mhz_int' 
-- Equation name is '_LC1_C34', type is buried 
_LC1_C34 = DFFE( _EQ002, GLOBAL( clk),  VCC,  VCC,  VCC);
  _EQ002 =  _LC5_C34 &  _LC6_C34
         #  _LC7_C34;

-- Node name is '|CLK_DIV:5|:26' = '|CLK_DIV:5|clock_10Hz_int' 
-- Equation name is '_LC5_C40', type is buried 
_LC5_C40 = DFFE( _EQ003,  _LC1_C41,  VCC,  VCC,  VCC);
  _EQ003 = !_LC2_C40 &  _LC3_C40 & !_LC4_C40 & !_LC5_C40
         #  _LC2_C40 &  _LC5_C40
         # !_LC3_C40 &  _LC5_C40
         #  _LC4_C40 &  _LC5_C40;

-- Node name is '|CLK_DIV:5|:23' = '|CLK_DIV:5|clock_10Khz_int' 
-- Equation name is '_LC8_C27', type is buried 
_LC8_C27 = DFFE( _EQ004,  _LC7_C27,  VCC,  VCC,  VCC);
  _EQ004 = !_LC4_C27 &  _LC5_C27 & !_LC6_C27 & !_LC8_C27
         #  _LC4_C27 &  _LC8_C27
         # !_LC5_C27 &  _LC8_C27
         #  _LC6_C27 &  _LC8_C27;

-- Node name is '|CLK_DIV:5|:25' = '|CLK_DIV:5|clock_100hz_int' 
-- Equation name is '_LC1_C41', type is buried 
_LC1_C41 = DFFE( _EQ005,  _LC8_C41,  VCC,  VCC,  VCC);
  _EQ005 = !_LC1_C41 & !_LC5_C41 &  _LC6_C41 & !_LC7_C41
         #  _LC1_C41 &  _LC5_C41
         #  _LC1_C41 & !_LC6_C41
         #  _LC1_C41 &  _LC7_C41;

-- Node name is '|CLK_DIV:5|:22' = '|CLK_DIV:5|clock_100Khz_int' 
-- Equation name is '_LC7_C27', type is buried 
_LC7_C27 = DFFE( _EQ006,  _LC1_C34,  VCC,  VCC,  VCC);
  _EQ006 = !_LC1_C27 &  _LC2_C27 & !_LC3_C27 & !_LC7_C27
         #  _LC1_C27 &  _LC7_C27
         # !_LC2_C27 &  _LC7_C27
         #  _LC3_C27 &  _LC7_C27;

-- Node name is '|CLK_DIV:5|:36' = '|CLK_DIV:5|count_1Khz0' 
-- Equation name is '_LC4_C41', type is buried 
_LC4_C41 = DFFE( _EQ007,  _LC8_C27,  VCC,  VCC,  VCC);
  _EQ007 =  _LC2_C41 & !_LC4_C41
         # !_LC3_C41 & !_LC4_C41;

-- Node name is '|CLK_DIV:5|:35' = '|CLK_DIV:5|count_1Khz1' 
-- Equation name is '_LC2_C41', type is buried 
_LC2_C41 = DFFE( _EQ008,  _LC8_C27,  VCC,  VCC,  VCC);
  _EQ008 = !_LC2_C41 &  _LC4_C41
         #  _LC2_C41 & !_LC4_C41;

-- Node name is '|CLK_DIV:5|:34' = '|CLK_DIV:5|count_1Khz2' 
-- Equation name is '_LC3_C41', type is buried 
_LC3_C41 = DFFE( _EQ009,  _LC8_C27,  VCC,  VCC,  VCC);
  _EQ009 =  _LC2_C41 & !_LC3_C41 &  _LC4_C41
         #  _LC2_C41 &  _LC3_C41 & !_LC4_C41
         # !_LC2_C41 &  _LC3_C41 &  _LC4_C41;

-- Node name is '|CLK_DIV:5|:20' = '|CLK_DIV:5|count_1Mhz0' 
-- Equation name is '_LC3_C34', type is buried 
_LC3_C34 = DFFE( _EQ010, GLOBAL( clk),  VCC,  VCC,  VCC);
  _EQ010 = !_LC3_C34 & !_LC7_C34
         # !_LC3_C34 & !_LC6_C34;

-- Node name is '|CLK_DIV:5|:19' = '|CLK_DIV:5|count_1Mhz1' 
-- Equation name is '_LC2_C34', type is buried 
_LC2_C34 = DFFE( _EQ011, GLOBAL( clk),  VCC,  VCC,  VCC);
  _EQ011 = !_LC2_C34 &  _LC3_C34 & !_LC7_C34
         # !_LC2_C34 &  _LC3_C34 & !_LC6_C34
         #  _LC2_C34 & !_LC3_C34 & !_LC7_C34
         #  _LC2_C34 & !_LC3_C34 & !_LC6_C34;

-- Node name is '|CLK_DIV:5|:18' = '|CLK_DIV:5|count_1Mhz2' 
-- Equation name is '_LC5_C34', type is buried 
_LC5_C34 = DFFE( _EQ012, GLOBAL( clk),  VCC,  VCC,  VCC);
  _EQ012 = !_LC4_C34 &  _LC5_C34 & !_LC7_C34
         # !_LC4_C34 &  _LC5_C34 & !_LC6_C34
         #  _LC4_C34 & !_LC5_C34 & !_LC7_C34
         #  _LC4_C34 & !_LC5_C34 & !_LC6_C34;

-- Node name is '|CLK_DIV:5|:17' = '|CLK_DIV:5|count_1Mhz3' 
-- Equation name is '_LC6_C34', type is buried 
_LC6_C34 = DFFE( _EQ013, GLOBAL( clk),  VCC,  VCC,  VCC);
  _EQ013 =  _LC4_C34 &  _LC5_C34 & !_LC6_C34
         # !_LC5_C34 &  _LC6_C34 & !_LC7_C34
         # !_LC4_C34 &  _LC6_C34 & !_LC7_C34;

-- Node name is '|CLK_DIV:5|:16' = '|CLK_DIV:5|count_1Mhz4' 
-- Equation name is '_LC7_C34', type is buried 
_LC7_C34 = DFFE( _EQ014, GLOBAL( clk),  VCC,  VCC,  VCC);
  _EQ014 = !_LC6_C34 &  _LC7_C34
         #  _LC4_C34 &  _LC5_C34 &  _LC6_C34 & !_LC7_C34;

-- Node name is '|CLK_DIV:5|:42' = '|CLK_DIV:5|count_10hz0' 
-- Equation name is '_LC4_C40', type is buried 
_LC4_C40 = DFFE( _EQ015,  _LC1_C41,  VCC,  VCC,  VCC);
  _EQ015 =  _LC2_C40 & !_LC4_C40
         # !_LC3_C40 & !_LC4_C40;

-- Node name is '|CLK_DIV:5|:41' = '|CLK_DIV:5|count_10hz1' 
-- Equation name is '_LC2_C40', type is buried 
_LC2_C40 = DFFE( _EQ016,  _LC1_C41,  VCC,  VCC,  VCC);
  _EQ016 = !_LC2_C40 &  _LC4_C40
         #  _LC2_C40 & !_LC4_C40;

-- Node name is '|CLK_DIV:5|:40' = '|CLK_DIV:5|count_10hz2' 
-- Equation name is '_LC3_C40', type is buried 
_LC3_C40 = DFFE( _EQ017,  _LC1_C41,  VCC,  VCC,  VCC);
  _EQ017 =  _LC2_C40 & !_LC3_C40 &  _LC4_C40
         #  _LC2_C40 &  _LC3_C40 & !_LC4_C40
         # !_LC2_C40 &  _LC3_C40 &  _LC4_C40;

-- Node name is '|CLK_DIV:5|:33' = '|CLK_DIV:5|count_10Khz0' 
-- Equation name is '_LC6_C27', type is buried 
_LC6_C27 = DFFE( _EQ018,  _LC7_C27,  VCC,  VCC,  VCC);
  _EQ018 =  _LC4_C27 & !_LC6_C27
         # !_LC5_C27 & !_LC6_C27;

-- Node name is '|CLK_DIV:5|:32' = '|CLK_DIV:5|count_10Khz1' 
-- Equation name is '_LC4_C27', type is buried 
_LC4_C27 = DFFE( _EQ019,  _LC7_C27,  VCC,  VCC,  VCC);
  _EQ019 = !_LC4_C27 &  _LC6_C27
         #  _LC4_C27 & !_LC6_C27;

-- Node name is '|CLK_DIV:5|:31' = '|CLK_DIV:5|count_10Khz2' 
-- Equation name is '_LC5_C27', type is buried 
_LC5_C27 = DFFE( _EQ020,  _LC7_C27,  VCC,  VCC,  VCC);
  _EQ020 =  _LC4_C27 & !_LC5_C27 &  _LC6_C27
         #  _LC4_C27 &  _LC5_C27 & !_LC6_C27
         # !_LC4_C27 &  _LC5_C27 &  _LC6_C27;

-- Node name is '|CLK_DIV:5|:39' = '|CLK_DIV:5|count_100hz0' 
-- Equation name is '_LC7_C41', type is buried 
_LC7_C41 = DFFE( _EQ021,  _LC8_C41,  VCC,  VCC,  VCC);
  _EQ021 =  _LC5_C41 & !_LC7_C41
         # !_LC6_C41 & !_LC7_C41;

-- Node name is '|CLK_DIV:5|:38' = '|CLK_DIV:5|count_100hz1' 
-- Equation name is '_LC5_C41', type is buried 
_LC5_C41 = DFFE( _EQ022,  _LC8_C41,  VCC,  VCC,  VCC);
  _EQ022 = !_LC5_C41 &  _LC7_C41
         #  _LC5_C41 & !_LC7_C41;

-- Node name is '|CLK_DIV:5|:37' = '|CLK_DIV:5|count_100hz2' 
-- Equation name is '_LC6_C41', type is buried 
_LC6_C41 = DFFE( _EQ023,  _LC8_C41,  VCC,  VCC,  VCC);
  _EQ023 =  _LC5_C41 & !_LC6_C41 &  _LC7_C41
         #  _LC5_C41 &  _LC6_C41 & !_LC7_C41
         # !_LC5_C41 &  _LC6_C41 &  _LC7_C41;

-- Node name is '|CLK_DIV:5|:30' = '|CLK_DIV:5|count_100Khz0' 
-- Equation name is '_LC3_C27', type is buried 
_LC3_C27 = DFFE( _EQ024,  _LC1_C34,  VCC,  VCC,  VCC);
  _EQ024 =  _LC1_C27 & !_LC3_C27
         # !_LC2_C27 & !_LC3_C27;

-- Node name is '|CLK_DIV:5|:29' = '|CLK_DIV:5|count_100Khz1' 
-- Equation name is '_LC1_C27', type is buried 
_LC1_C27 = DFFE( _EQ025,  _LC1_C34,  VCC,  VCC,  VCC);
  _EQ025 = !_LC1_C27 &  _LC3_C27
         #  _LC1_C27 & !_LC3_C27;

-- Node name is '|CLK_DIV:5|:28' = '|CLK_DIV:5|count_100Khz2' 
-- Equation name is '_LC2_C27', type is buried 
_LC2_C27 = DFFE( _EQ026,  _LC1_C34,  VCC,  VCC,  VCC);
  _EQ026 =  _LC1_C27 & !_LC2_C27 &  _LC3_C27
         #  _LC1_C27 &  _LC2_C27 & !_LC3_C27
         # !_LC1_C27 &  _LC2_C27 &  _LC3_C27;

-- Node name is '|CLK_DIV:5|LPM_ADD_SUB:119|addcore:adder|:59' from file "addcore.tdf" line 312, column 64
-- Equation name is '_LC4_C34', type is buried 
_LC4_C34 = LCELL( _EQ027);
  _EQ027 =  _LC2_C34 &  _LC3_C34;

-- Node name is '|CLK_DIV:5|:12' 
-- Equation name is '_LC1_C40', type is buried 
_LC1_C40 = DFFE( _LC5_C40, GLOBAL( clk),  VCC,  VCC,  VCC);

-- Node name is '|DEC_7SEG:3|~483~1' 
-- Equation name is '_LC6_C31', type is buried 
-- synthesized logic cell 
_LC6_C31 = LCELL( _EQ028);
  _EQ028 =  _LC1_C31 &  _LC1_C36 &  _LC2_C36 & !_LC3_C36
         #  _LC1_C31 &  _LC1_C36 & !_LC2_C36 &  _LC3_C36;

-- Node name is '|DEC_7SEG:3|:492' 
-- Equation name is '_LC6_C36', type is buried 
_LC6_C36 = LCELL( _EQ029);
  _EQ029 = !_LC1_C31 & !_LC1_C36 &  _LC2_C36 & !_LC3_C36;

-- Node name is '|DEC_7SEG:3|:509' 
-- Equation name is '_LC8_C31', type is buried 
!_LC8_C31 = _LC8_C31~NOT;
_LC8_C31~NOT = LCELL( _EQ030);
  _EQ030 =  _LC6_C36
         #  _LC6_C31 &  _LC7_C36;

-- Node name is '|DEC_7SEG:3|:516' 
-- Equation name is '_LC1_C35', type is buried 
_LC1_C35 = LCELL( _EQ031);
  _EQ031 = !_LC1_C31 & !_LC1_C36 & !_LC2_C36 &  _LC3_C36;

-- Node name is '|DEC_7SEG:3|~519~1' 
-- Equation name is '_LC2_C52', type is buried 
-- synthesized logic cell 
_LC2_C52 = LCELL( _EQ032);
  _EQ032 =  _LC1_C36
         # !_LC3_C36
         #  _LC2_C36;

-- Node name is '|DEC_7SEG:3|:528' 
-- Equation name is '_LC2_C31', type is buried 
_LC2_C31 = LCELL( _EQ033);
  _EQ033 =  _LC1_C31 & !_LC1_C36 & !_LC2_C36 & !_LC3_C36;

-- Node name is '|DEC_7SEG:3|:540' 
-- Equation name is '_LC4_C31', type is buried 
_LC4_C31 = LCELL( _EQ034);
  _EQ034 = !_LC1_C31 & !_LC1_C36 & !_LC2_C36 & !_LC3_C36;

-- Node name is '|DEC_7SEG:3|:543' 
-- Equation name is '_LC7_C31', type is buried 
!_LC7_C31 = _LC7_C31~NOT;
_LC7_C31~NOT = LCELL( _EQ035);
  _EQ035 =  _LC2_C31 & !_LC4_C31
         #  _LC2_C52 & !_LC4_C31 & !_LC8_C31;

-- Node name is '|DEC_7SEG:3|:591' 
-- Equation name is '_LC8_C35', type is buried 
!_LC8_C35 = _LC8_C35~NOT;
_LC8_C35~NOT = LCELL( _EQ036);
  _EQ036 =  _LC1_C36 &  _LC2_C36 &  _LC3_C36
         #  _LC1_C31 &  _LC1_C36 &  _LC3_C36
         # !_LC1_C31 &  _LC1_C36 &  _LC2_C36
         # !_LC1_C31 &  _LC2_C36 &  _LC3_C36
         #  _LC1_C31 & !_LC1_C36 &  _LC2_C36 & !_LC3_C36;

-- Node name is '|DEC_7SEG:3|~630~1' 
-- Equation name is '_LC7_C36', type is buried 
-- synthesized logic cell 
_LC7_C36 = LCELL( _EQ037);
  _EQ037 =  _LC1_C36
         # !_LC2_C36
         #  _LC1_C31 &  _LC3_C36
         # !_LC1_C31 & !_LC3_C36;

-- Node name is '|DEC_7SEG:3|:630' 
-- Equation name is '_LC4_C52', type is buried 
!_LC4_C52 = _LC4_C52~NOT;
_LC4_C52~NOT = LCELL( _EQ038);
  _EQ038 =  _LC1_C36 &  _LC2_C36 &  _LC3_C36
         # !_LC1_C36 & !_LC2_C36 & !_LC3_C36
         # !_LC1_C31 &  _LC1_C36 &  _LC2_C36
         # !_LC1_C31 & !_LC1_C36 & !_LC2_C36;

-- Node name is '|DEC_7SEG:3|:639' 
-- Equation name is '_LC1_C52', type is buried 
!_LC1_C52 = _LC1_C52~NOT;
_LC1_C52~NOT = LCELL( _EQ039);
  _EQ039 =  _LC1_C35 & !_LC2_C31 & !_LC4_C31
         # !_LC2_C31 & !_LC4_C31 & !_LC4_C52;

-- Node name is '|DEC_7SEG:3|~687~1' 
-- Equation name is '_LC8_C36', type is buried 
-- synthesized logic cell 
_LC8_C36 = LCELL( _EQ040);
  _EQ040 =  _LC1_C31 &  _LC2_C36 &  _LC3_C36
         # !_LC1_C36
         # !_LC1_C31 & !_LC2_C36 &  _LC3_C36;

-- Node name is '|DEC_7SEG:3|~687~2' 
-- Equation name is '_LC5_C36', type is buried 
-- synthesized logic cell 
_LC5_C36 = LCELL( _EQ041);
  _EQ041 =  _LC7_C36 &  _LC8_C36
         #  _LC6_C36;

-- Node name is '|DEC_7SEG:3|:687' 
-- Equation name is '_LC3_C52', type is buried 
!_LC3_C52 = _LC3_C52~NOT;
_LC3_C52~NOT = LCELL( _EQ042);
  _EQ042 =  _LC2_C52 & !_LC4_C31 &  _LC5_C36
         #  _LC2_C31 & !_LC4_C31;

-- Node name is '|DEC_7SEG:3|:729' 
-- Equation name is '_LC3_C35', type is buried 
!_LC3_C35 = _LC3_C35~NOT;
_LC3_C35~NOT = LCELL( _EQ043);
  _EQ043 = !_LC1_C35 &  _LC2_C35
         # !_LC1_C35 &  _LC6_C36;

-- Node name is '|DEC_7SEG:3|~731~1' 
-- Equation name is '_LC2_C35', type is buried 
-- synthesized logic cell 
_LC2_C35 = LCELL( _EQ044);
  _EQ044 =  _LC1_C31 & !_LC1_C36 &  _LC2_C36
         #  _LC1_C31 & !_LC1_C36 &  _LC3_C36
         #  _LC1_C31 &  _LC1_C36 & !_LC2_C36 & !_LC3_C36;

-- Node name is '|DEC_7SEG:3|:735' 
-- Equation name is '_LC5_C35', type is buried 
!_LC5_C35 = _LC5_C35~NOT;
_LC5_C35~NOT = LCELL( _EQ045);
  _EQ045 = !_LC3_C35 & !_LC4_C31
         #  _LC2_C31 & !_LC4_C31;

-- Node name is '|DEC_7SEG:3|:767' 
-- Equation name is '_LC5_C52', type is buried 
!_LC5_C52 = _LC5_C52~NOT;
_LC5_C52~NOT = LCELL( _EQ046);
  _EQ046 =  _LC1_C31 & !_LC1_C36 &  _LC2_C36 &  _LC3_C36
         #  _LC1_C31 &  _LC1_C36 &  _LC2_C36 & !_LC3_C36;

-- Node name is '|DEC_7SEG:3|:771' 
-- Equation name is '_LC8_C52', type is buried 
!_LC8_C52 = _LC8_C52~NOT;
_LC8_C52~NOT = LCELL( _EQ047);
  _EQ047 = !_LC5_C52 & !_LC6_C36 &  _LC7_C36;

-- Node name is '|DEC_7SEG:3|:783' 
-- Equation name is '_LC6_C52', type is buried 
!_LC6_C52 = _LC6_C52~NOT;
_LC6_C52~NOT = LCELL( _EQ048);
  _EQ048 = !_LC4_C31 & !_LC8_C52
         # !_LC2_C52 & !_LC4_C31
         #  _LC2_C31 & !_LC4_C31;

-- Node name is '|DEC_7SEG:3|:833' 
-- Equation name is '_LC7_C52', type is buried 
!_LC7_C52 = _LC7_C52~NOT;
_LC7_C52~NOT = LCELL( _EQ049);
  _EQ049 = !_LC1_C31 &  _LC1_C36 &  _LC2_C36 & !_LC3_C36
         #  _LC1_C31 & !_LC1_C36 &  _LC2_C36 &  _LC3_C36
         # !_LC1_C36 & !_LC2_C36 & !_LC3_C36;

-- Node name is '|DEC_7SEG:4|:420' 
-- Equation name is '_LC6_A35', type is buried 
!_LC6_A35 = _LC6_A35~NOT;
_LC6_A35~NOT = LCELL( _EQ050);
  _EQ050 =  _LC4_C39
         # !_LC8_C39
         #  _LC6_C39
         # !_LC2_C39;

-- Node name is '|DEC_7SEG:4|:425' 
-- Equation name is '_LC3_A35', type is buried 
!_LC3_A35 = _LC3_A35~NOT;
_LC3_A35~NOT = LCELL( _EQ051);
  _EQ051 =  _LC2_C39 &  _LC4_C39 &  _LC6_C39 & !_LC8_C39
         #  _LC2_C39 &  _LC4_C39 & !_LC6_C39 &  _LC8_C39;

-- Node name is '|DEC_7SEG:4|:444' 
-- Equation name is '_LC5_A35', type is buried 
!_LC5_A35 = _LC5_A35~NOT;
_LC5_A35~NOT = LCELL( _EQ052);
  _EQ052 =  _LC4_C39
         #  _LC8_C39
         #  _LC6_C39
         # !_LC2_C39;

-- Node name is '|DEC_7SEG:4|:480' 
-- Equation name is '_LC1_A27', type is buried 
!_LC1_A27 = _LC1_A27~NOT;
_LC1_A27~NOT = LCELL( _EQ053);
  _EQ053 = !_LC6_C39
         #  _LC2_C39
         # !_LC4_C39
         #  _LC8_C39;

-- Node name is '|DEC_7SEG:4|~483~1' 
-- Equation name is '_LC7_A35', type is buried 
-- synthesized logic cell 
_LC7_A35 = LCELL( _EQ054);
  _EQ054 = !_LC3_A35 &  _LC4_A35 & !_LC5_A35 & !_LC6_A35;

-- Node name is '|DEC_7SEG:4|:492' 
-- Equation name is '_LC2_A27', type is buried 
_LC2_A27 = LCELL( _EQ055);
  _EQ055 = !_LC2_C39 & !_LC4_C39 &  _LC6_C39 & !_LC8_C39;

-- Node name is '|DEC_7SEG:4|:504' 
-- Equation name is '_LC5_A27', type is buried 
!_LC5_A27 = _LC5_A27~NOT;
_LC5_A27~NOT = LCELL( _EQ056);
  _EQ056 =  _LC6_C39
         #  _LC2_C39
         # !_LC4_C39
         # !_LC8_C39;

-- Node name is '|DEC_7SEG:4|:509' 
-- Equation name is '_LC8_A35', type is buried 
!_LC8_A35 = _LC8_A35~NOT;
_LC8_A35~NOT = LCELL( _EQ057);
  _EQ057 =  _LC2_A27
         #  _LC1_A44 &  _LC7_A35;

-- Node name is '|DEC_7SEG:4|~516~1' 
-- Equation name is '_LC3_A44', type is buried 
-- synthesized logic cell 
_LC3_A44 = LCELL( _EQ058);
  _EQ058 =  _LC4_C39
         # !_LC8_C39;

-- Node name is '|DEC_7SEG:4|:516' 
-- Equation name is '_LC4_A27', type is buried 
!_LC4_A27 = _LC4_A27~NOT;
_LC4_A27~NOT = LCELL( _EQ059);
  _EQ059 =  _LC6_C39
         #  _LC2_C39
         #  _LC4_C39
         # !_LC8_C39;

-- Node name is '|DEC_7SEG:4|~519~1' 
-- Equation name is '_LC3_A27', type is buried 
-- synthesized logic cell 
_LC3_A27 = LCELL( _EQ060);
  _EQ060 = !_LC4_A27 & !_LC5_A27;

-- Node name is '|DEC_7SEG:4|:528' 
-- Equation name is '_LC2_A35', type is buried 
_LC2_A35 = LCELL( _EQ061);
  _EQ061 = !_LC2_C39 &  _LC4_C39 & !_LC6_C39 & !_LC8_C39;

-- Node name is '|DEC_7SEG:4|:540' 
-- Equation name is '_LC3_C31', type is buried 
_LC3_C31 = LCELL( _EQ062);
  _EQ062 = !_LC2_C39 & !_LC4_C39 & !_LC6_C39 & !_LC8_C39;

-- Node name is '|DEC_7SEG:4|:543' 
-- Equation name is '_LC1_A35', type is buried 
!_LC1_A35 = _LC1_A35~NOT;
_LC1_A35~NOT = LCELL( _EQ063);
  _EQ063 =  _LC2_A35 & !_LC3_C31
         #  _LC3_A27 & !_LC3_C31 & !_LC8_A35;

-- Node name is '|DEC_7SEG:4|:570' 
-- Equation name is '_LC4_A44', type is buried 
!_LC4_A44 = _LC4_A44~NOT;
_LC4_A44~NOT = LCELL( _EQ064);
  _EQ064 = !_LC2_C39 & !_LC8_C39
         #  _LC2_C39 &  _LC4_C39 &  _LC8_C39
         # !_LC4_C39 &  _LC6_C39
         #  _LC2_C39 &  _LC6_C39 &  _LC8_C39
         # !_LC2_C39 & !_LC6_C39
         # !_LC2_C39 & !_LC4_C39
         #  _LC4_C39 & !_LC6_C39 &  _LC8_C39;

-- Node name is '|DEC_7SEG:4|~591~1' 
-- Equation name is '_LC5_A44', type is buried 
-- synthesized logic cell 
_LC5_A44 = LCELL( _EQ065);
  _EQ065 = !_LC2_A35 & !_LC3_C31 & !_LC4_A44
         # !_LC1_A44 & !_LC2_A35 & !_LC3_C31;

-- Node name is '|DEC_7SEG:4|:591' 
-- Equation name is '_LC2_A44', type is buried 
!_LC2_A44 = _LC2_A44~NOT;
_LC2_A44~NOT = LCELL( _EQ066);
  _EQ066 = !_LC2_A27 &  _LC3_A27 &  _LC5_A44;

-- Node name is '|DEC_7SEG:4|~630~1' 
-- Equation name is '_LC1_A44', type is buried 
-- synthesized logic cell 
_LC1_A44 = LCELL( _EQ067);
  _EQ067 = !_LC1_A27 & !_LC6_C39
         # !_LC1_A27 &  _LC2_C39
         # !_LC1_A27 &  _LC3_A44;

-- Node name is '|DEC_7SEG:4|:639' 
-- Equation name is '_LC5_C39', type is buried 
!_LC5_C39 = _LC5_C39~NOT;
_LC5_C39~NOT = LCELL( _EQ068);
  _EQ068 =  _LC2_C39 &  _LC6_C39 &  _LC8_C39
         #  _LC2_C39 & !_LC4_C39 &  _LC6_C39
         # !_LC2_C39 & !_LC4_C39 & !_LC6_C39 &  _LC8_C39;

-- Node name is '|DEC_7SEG:4|~687~1' 
-- Equation name is '_LC7_A44', type is buried 
-- synthesized logic cell 
_LC7_A44 = LCELL( _EQ069);
  _EQ069 =  _LC4_C39 &  _LC6_C39 &  _LC8_C39
         # !_LC2_C39
         # !_LC4_C39 & !_LC6_C39 &  _LC8_C39;

-- Node name is '|DEC_7SEG:4|~687~2' 
-- Equation name is '_LC8_A44', type is buried 
-- synthesized logic cell 
_LC8_A44 = LCELL( _EQ070);
  _EQ070 =  _LC1_A44 &  _LC7_A44
         #  _LC2_A27;

-- Node name is '|DEC_7SEG:4|:687' 
-- Equation name is '_LC6_A44', type is buried 
!_LC6_A44 = _LC6_A44~NOT;
_LC6_A44~NOT = LCELL( _EQ071);
  _EQ071 =  _LC3_A27 & !_LC3_C31 &  _LC8_A44
         #  _LC2_A35 & !_LC3_C31;

-- Node name is '|DEC_7SEG:4|:717' 
-- Equation name is '_LC6_A27', type is buried 
!_LC6_A27 = _LC6_A27~NOT;
_LC6_A27~NOT = LCELL( _EQ072);
  _EQ072 = !_LC2_C39 &  _LC4_C39 &  _LC6_C39 &  _LC8_C39
         #  _LC2_C39 &  _LC4_C39 & !_LC6_C39 & !_LC8_C39;

-- Node name is '|DEC_7SEG:4|:719' 
-- Equation name is '_LC4_A35', type is buried 
_LC4_A35 = LCELL( _EQ073);
  _EQ073 = !_LC4_C39
         # !_LC6_C39 &  _LC8_C39
         #  _LC2_C39 &  _LC8_C39
         #  _LC2_C39 &  _LC6_C39
         #  _LC6_C39 & !_LC8_C39
         # !_LC2_C39 & !_LC6_C39
         # !_LC2_C39 & !_LC8_C39;

-- Node name is '|DEC_7SEG:4|:731' 
-- Equation name is '_LC7_A27', type is buried 
!_LC7_A27 = _LC7_A27~NOT;
_LC7_A27~NOT = LCELL( _EQ074);
  _EQ074 = !_LC6_A27
         #  _LC1_A27
         #  _LC5_A27
         #  _LC2_A27;

-- Node name is '|DEC_7SEG:4|:735' 
-- Equation name is '_LC8_A27', type is buried 
!_LC8_A27 = _LC8_A27~NOT;
_LC8_A27~NOT = LCELL( _EQ075);
  _EQ075 = !_LC3_C31 & !_LC4_A27 & !_LC7_A27
         #  _LC2_A35 & !_LC3_C31;

-- Node name is '|DEC_7SEG:4|:783' 
-- Equation name is '_LC1_C39', type is buried 
!_LC1_C39 = _LC1_C39~NOT;
_LC1_C39~NOT = LCELL( _EQ076);
  _EQ076 = !_LC2_C39 &  _LC4_C39 &  _LC8_C39
         #  _LC2_C39 &  _LC4_C39 &  _LC6_C39 & !_LC8_C39
         # !_LC2_C39 &  _LC4_C39 & !_LC6_C39
         # !_LC2_C39 & !_LC6_C39 &  _LC8_C39;

-- Node name is '|DEC_7SEG:4|:833' 
-- Equation name is '_LC3_C39', type is buried 
!_LC3_C39 = _LC3_C39~NOT;
_LC3_C39~NOT = LCELL( _EQ077);
  _EQ077 =  _LC2_C39 & !_LC4_C39 &  _LC6_C39 & !_LC8_C39
         # !_LC2_C39 &  _LC4_C39 &  _LC6_C39 &  _LC8_C39
         # !_LC2_C39 & !_LC6_C39 & !_LC8_C39;

-- Node name is '|LFSR8:25|:17' = '|LFSR8:25|s0' 
-- Equation name is '_LC1_C31', type is buried 
_LC1_C31 = DFFE( _EQ078,  _LC4_C36,  VCC,  VCC,  VCC);
  _EQ078 =  _LC4_C39 & !_LC5_C31
         # !_LC4_C39 &  _LC5_C31
         #  _LC3_C31 &  _LC4_C31;

-- Node name is '|LFSR8:25|:16' = '|LFSR8:25|s1' 
-- Equation name is '_LC3_C36', type is buried 
_LC3_C36 = DFFE( _LC1_C31,  _LC4_C36,  VCC,  VCC,  VCC);

-- Node name is '|LFSR8:25|:15' = '|LFSR8:25|s2' 
-- Equation name is '_LC2_C36', type is buried 
_LC2_C36 = DFFE( _LC3_C36,  _LC4_C36,  VCC,  VCC,  VCC);

-- Node name is '|LFSR8:25|:14' = '|LFSR8:25|s3' 
-- Equation name is '_LC1_C36', type is buried 
_LC1_C36 = DFFE( _LC2_C36,  _LC4_C36,  VCC,  VCC,  VCC);

-- Node name is '|LFSR8:25|:13' = '|LFSR8:25|s4' 
-- Equation name is '_LC4_C39', type is buried 
_LC4_C39 = DFFE( _LC1_C36,  _LC4_C36,  VCC,  VCC,  VCC);

-- Node name is '|LFSR8:25|:12' = '|LFSR8:25|s5' 
-- Equation name is '_LC8_C39', type is buried 
_LC8_C39 = DFFE( _LC4_C39,  _LC4_C36,  VCC,  VCC,  VCC);

-- Node name is '|LFSR8:25|:11' = '|LFSR8:25|s6' 
-- Equation name is '_LC6_C39', type is buried 
_LC6_C39 = DFFE( _LC8_C39,  _LC4_C36,  VCC,  VCC,  VCC);

-- Node name is '|LFSR8:25|:10' = '|LFSR8:25|s7' 
-- Equation name is '_LC2_C39', type is buried 
_LC2_C39 = DFFE( _LC6_C39,  _LC4_C36,  VCC,  VCC,  VCC);

-- Node name is '|LFSR8:25|~191~1' 
-- Equation name is '_LC5_C31', type is buried 
-- synthesized logic cell 
_LC5_C31 = LCELL( _EQ079);
  _EQ079 =  _LC1_C36 &  _LC2_C39 &  _LC8_C39
         # !_LC1_C36 & !_LC2_C39 &  _LC8_C39
         # !_LC1_C36 &  _LC2_C39 & !_LC8_C39
         #  _LC1_C36 & !_LC2_C39 & !_LC8_C39;

-- Node name is ':27' 
-- Equation name is '_LC4_C36', type is buried 
_LC4_C36 = DFFE(!_LC4_C36,  _LC1_C40,  VCC,  VCC,  VCC);



Project Information   e:\vhdl designs\231designs\06randdisplay\randdisplay.rpt

** COMPILATION SETTINGS & TIMES **

Processing Menu Commands
------------------------

Design Doctor                             = off

Logic Synthesis:

   Synthesis Type Used                    = Multi-Level

   Default Synthesis Style                = NORMAL

      Logic option settings in 'NORMAL' style for 'FLEX10K' family

      CARRY_CHAIN                         = ignore
      CARRY_CHAIN_LENGTH                  = 32
      CASCADE_CHAIN                       = ignore
      CASCADE_CHAIN_LENGTH                = 2
      DECOMPOSE_GATES                     = on
      DUPLICATE_LOGIC_EXTRACTION          = on
      MINIMIZATION                        = full
      MULTI_LEVEL_FACTORING               = on
      NOT_GATE_PUSH_BACK                  = on
      REDUCE_LOGIC                        = on
      REFACTORIZATION                     = on
      REGISTER_OPTIMIZATION               = on
      RESYNTHESIZE_NETWORK                = on
      SLOW_SLEW_RATE                      = off
      SUBFACTOR_EXTRACTION                = on
      IGNORE_SOFT_BUFFERS                 = on
      USE_LPM_FOR_AHDL_OPERATORS          = off

   Other logic synthesis settings:

      Automatic Global Clock              = on
      Automatic Global Clear              = on
      Automatic Global Preset             = on
      Automatic Global Output Enable      = on
      Automatic Fast I/O                  = off
      Automatic Register Packing          = off
      Automatic Open-Drain Pins           = on
      Automatic Implement in EAB          = off
      Optimize                            = 5

Default Timing Specifications: None

Cut All Bidir Feedback Timing Paths       = on
Cut All Clear & Preset Timing Paths       = on

Ignore Timing Assignments                 = on

Functional SNF Extractor                  = off

Linked SNF Extractor                      = off
Timing SNF Extractor                      = on
Optimize Timing SNF                       = off
Generate AHDL TDO File                    = off
Fitter Settings                           = NORMAL
Use Quartus Fitter                        = on
Smart Recompile                           = off
Total Recompile                           = off

Interfaces Menu Commands
------------------------

EDIF Netlist Writer                       = off
Verilog Netlist Writer                    = off
VHDL Netlist Writer                       = off

Compilation Times
-----------------

   Compiler Netlist Extractor             00:00:00
   Database Builder                       00:00:00
   Logic Synthesizer                      00:00:01
   Partitioner                            00:00:00
   Fitter                                 00:00:10
   Timing SNF Extractor                   00:00:01
   Assembler                              00:00:02
   --------------------------             --------
   Total Time                             00:00:14


Memory Allocated
-----------------

Peak memory allocated during compilation  = 38,735K
