Project Information                                  c:\booksoft\chap6\alu.rpt

MAX+plus II Compiler Report File
Version 9.23 3/19/99
Compiled: 05/19/1999 15:28:51

Copyright (C) 1988-1999 Altera Corporation
Any megafunction design, and related net list (encrypted or decrypted),
support information, device programming or simulation file, and any other
associated documentation or information provided by Altera or a partner
under Altera's Megafunction Partnership Program may be used only to
program PLD devices (but not masked PLD devices) from Altera.  Any other
use of such megafunction design, net list, support information, device
programming or simulation file, or any other related documentation or
information is prohibited for any other purpose, including, but not
limited to modification, reverse engineering, de-compiling, or use with
any other silicon devices, unless such use is explicitly licensed under
a separate agreement with Altera or a megafunction partner.  Title to
the intellectual property, including patents, copyrights, trademarks,
trade secrets, or maskworks, embodied in any such megafunction design,
net list, support information, device programming or simulation file, or
any other related documentation or information provided by Altera or a
megafunction partner, remains with Altera, the megafunction partner, or
their respective licensors.  No other licenses, including any licenses
needed under any third party's intellectual property, are provided herein.



***** Project compilation was successful


ALU


** DEVICE SUMMARY **

Chip/                     Input Output Bidir  Memory  Memory  			 LCs
POF       Device          Pins  Pins   Pins   Bits % Utilized  LCs  % Utilized

alu       EPF10K10LC84-3   19     8      0    0         0  %    53       9  %

User Pins:                 19     8      0  



Project Information                                  c:\booksoft\chap6\alu.rpt

** FILE HIERARCHY **



|lpm_add_sub:139|
|lpm_add_sub:139|addcore:adder|
|lpm_add_sub:139|altshift:result_ext_latency_ffs|
|lpm_add_sub:139|altshift:carry_ext_latency_ffs|
|lpm_add_sub:139|altshift:oflow_ext_latency_ffs|
|lpm_add_sub:196|
|lpm_add_sub:196|addcore:adder|
|lpm_add_sub:196|altshift:result_ext_latency_ffs|
|lpm_add_sub:196|altshift:carry_ext_latency_ffs|
|lpm_add_sub:196|altshift:oflow_ext_latency_ffs|


Device-Specific Information:                         c:\booksoft\chap6\alu.rpt
alu

***** Logic for device 'alu' compiled without errors.




Device: EPF10K10LC84-3

FLEX 10K Configuration Scheme: Passive Serial

Device Options:
    User-Supplied Start-Up Clock               = OFF
    Auto-Restart Configuration on Frame Error  = OFF
    Release Clears Before Tri-States           = OFF
    Enable Chip_Wide Reset                     = OFF
    Enable Chip-Wide Output Enable             = OFF
    Enable INIT_DONE Output                    = OFF
    JTAG User Code                             = 7f

                             A     A                                            
                             L     L                                      ^     
                             U     U                                      C     
                 R  R  R  R  _  R  _     R  O  B  O  R     R  R  R  R     O     
                 E  E  E  E  o  E  o     E  p  _  p  E     E  E  E  E     N     
                 S  S  S  S  u  S  u  V  S  _  i  _  S  G  S  S  S  S     F     
                 E  E  E  E  t  E  t  C  E  c  n  c  E  N  E  E  E  E     _  ^  
                 R  R  R  R  p  R  p  C  R  o  p  o  R  D  R  R  R  R  #  D  n  
                 V  V  V  V  u  V  u  I  V  d  u  d  V  I  V  V  V  V  T  O  C  
                 E  E  E  E  t  E  t  N  E  e  t  e  E  N  E  E  E  E  C  N  E  
                 D  D  D  D  0  D  7  T  D  1  0  2  D  T  D  D  D  D  K  E  O  
               -----------------------------------------------------------------_ 
             /  11 10  9  8  7  6  5  4  3  2  1 84 83 82 81 80 79 78 77 76 75   | 
     ^DATA0 | 12                                                              74 | #TDO 
      ^DCLK | 13                                                              73 | input1 
       ^nCE | 14                                                              72 | B_input1 
       #TDI | 15                                                              71 | B_input2 
     input3 | 16                                                              70 | input2 
ALU_output3 | 17                                                              69 | B_input3 
ALU_output1 | 18                                                              68 | GNDINT 
ALU_output2 | 19                                                              67 | B_input4 
     VCCINT | 20                                                              66 | input6 
     input5 | 21                                                              65 | B_input5 
     input7 | 22                        EPF10K10LC84-3                        64 | B_input6 
   B_input7 | 23                                                              63 | VCCINT 
ALU_output4 | 24                                                              62 | RESERVED 
ALU_output5 | 25                                                              61 | RESERVED 
     GNDINT | 26                                                              60 | RESERVED 
   RESERVED | 27                                                              59 | RESERVED 
   RESERVED | 28                                                              58 | RESERVED 
   RESERVED | 29                                                              57 | #TMS 
   RESERVED | 30                                                              56 | #TRST 
     ^MSEL0 | 31                                                              55 | ^nSTATUS 
     ^MSEL1 | 32                                                              54 | RESERVED 
            |_  33 34 35 36 37 38 39 40 41 42 43 44 45 46 47 48 49 50 51 52 53  _| 
              ------------------------------------------------------------------ 
                 V  ^  A  R  R  R  R  V  G  i  i  O  V  G  R  R  R  R  R  R  R  
                 C  n  L  E  E  E  E  C  N  n  n  p  C  N  E  E  E  E  E  E  E  
                 C  C  U  S  S  S  S  C  D  p  p  _  C  D  S  S  S  S  S  S  S  
                 I  O  _  E  E  E  E  I  I  u  u  c  I  I  E  E  E  E  E  E  E  
                 N  N  o  R  R  R  R  N  N  t  t  o  N  N  R  R  R  R  R  R  R  
                 T  F  u  V  V  V  V  T  T  0  4  d  T  T  V  V  V  V  V  V  V  
                    I  t  E  E  E  E              e        E  E  E  E  E  E  E  
                    G  p  D  D  D  D              0        D  D  D  D  D  D  D  
                       u                                                        
                       t                                                        
                       6                                                        


N.C. = No Connect, This pin has no internal connection to the device.
VCCINT = Dedicated power pin, which MUST be connected to VCC (5.0 volts).
VCCIO = Dedicated power pin, which MUST be connected to VCC (5.0 volts).
GNDINT = Dedicated ground pin or unused dedicated input, which MUST be connected to GND.
GNDIO = Dedicated ground pin, which MUST be connected to GND.
RESERVED = Unused I/O pin, which MUST be left unconnected.

^ = Dedicated configuration pin.
+ = Reserved configuration pin, which is tri-stated during user mode.
* = Reserved configuration pin, which drives out in user mode.
PDn = Power Down pin. 
@ = Special-purpose pin. 
# = JTAG Boundary-Scan Testing/In-System Programming or Configuration Pin. The JTAG inputs TMS and TDI should be tied to VCC and TCK should be tied to GND when not in use.
& = JTAG pin used for I/O. When used as user I/O, JTAG pins must be kept stable before and during configuration.  JTAG pin stability prevents accidental loading of JTAG instructions.


Device-Specific Information:                         c:\booksoft\chap6\alu.rpt
alu

** RESOURCE USAGE **

Logic                Column       Row                                   
Array                Interconnect Interconnect         Clears/     External  
Block   Logic Cells  Driven       Driven       Clocks  Presets   Interconnect
A1       8/ 8(100%)   3/ 8( 37%)   1/ 8( 12%)    0/2    0/2      10/22( 45%)   
A2       6/ 8( 75%)   0/ 8(  0%)   2/ 8( 25%)    0/2    0/2      11/22( 50%)   
A3       4/ 8( 50%)   1/ 8( 12%)   1/ 8( 12%)    0/2    0/2       6/22( 27%)   
A6       1/ 8( 12%)   1/ 8( 12%)   1/ 8( 12%)    0/2    0/2       2/22(  9%)   
A7       1/ 8( 12%)   1/ 8( 12%)   1/ 8( 12%)    0/2    0/2       2/22(  9%)   
A10      5/ 8( 62%)   0/ 8(  0%)   1/ 8( 12%)    0/2    0/2       8/22( 36%)   
A11      1/ 8( 12%)   0/ 8(  0%)   1/ 8( 12%)    0/2    0/2       4/22( 18%)   
A12      1/ 8( 12%)   0/ 8(  0%)   1/ 8( 12%)    0/2    0/2       4/22( 18%)   
B4       6/ 8( 75%)   0/ 8(  0%)   2/ 8( 25%)    0/2    0/2      11/22( 50%)   
B5       2/ 8( 25%)   2/ 8( 25%)   0/ 8(  0%)    0/2    0/2       4/22( 18%)   
B8       8/ 8(100%)   0/ 8(  0%)   3/ 8( 37%)    0/2    0/2      12/22( 54%)   
B9       8/ 8(100%)   0/ 8(  0%)   2/ 8( 25%)    0/2    0/2      11/22( 50%)   
B10      1/ 8( 12%)   0/ 8(  0%)   1/ 8( 12%)    0/2    0/2       3/22( 13%)   
B11      1/ 8( 12%)   0/ 8(  0%)   1/ 8( 12%)    0/2    0/2       3/22( 13%)   


Embedded             Column       Row                                   
Array     Embedded   Interconnect Interconnect         Read/      External  
Block     Cells      Driven       Driven       Clocks  Write    Interconnect


Total dedicated input pins used:                 6/6      (100%)
Total I/O pins used:                            21/53     ( 39%)
Total logic cells used:                         53/576    (  9%)
Total embedded cells used:                       0/24     (  0%)
Total EABs used:                                 0/3      (  0%)
Average fan-in:                                 3.45/4    ( 86%)
Total fan-in:                                 183/2304    (  7%)

Total input pins required:                      19
Total input I/O cell registers required:         0
Total output pins required:                      8
Total output I/O cell registers required:        0
Total buried I/O cell registers required:        0
Total bidirectional pins required:               0
Total reserved pins required                     0
Total logic cells required:                     53
Total flipflops required:                        0
Total packed registers required:                 0
Total logic cells in carry chains:               0
Total number of carry chains:                    0
Total logic cells in cascade chains:             0
Total number of cascade chains:                  0
Total single-pin Clock Enables required:         0
Total single-pin Output Enables required:        0

Synthesized logic cells:                         2/ 576   (  0%)

Logic Cell and Embedded Cell Counts

Column:  01  02  03  04  05  06  07  08  09  10  11  12  EA  13  14  15  16  17  18  19  20  21  22  23  24  Total(LC/EC)
 A:      8   6   4   0   0   1   1   0   0   5   1   1   0   0   0   0   0   0   0   0   0   0   0   0   0     27/0  
 B:      0   0   0   6   2   0   0   8   8   1   1   0   0   0   0   0   0   0   0   0   0   0   0   0   0     26/0  
 C:      0   0   0   0   0   0   0   0   0   0   0   0   0   0   0   0   0   0   0   0   0   0   0   0   0      0/0  

Total:   8   6   4   6   2   1   1   8   8   6   2   1   0   0   0   0   0   0   0   0   0   0   0   0   0     53/0  



Device-Specific Information:                         c:\booksoft\chap6\alu.rpt
alu

** INPUTS **

                                                    Fan-In    Fan-Out
 Pin     LC     EC   Row  Col  Primitive    Code      INP  FBK  OUT  FBK  Name
   1      -     -    -    --      INPUT                0    0    0    6  B_input0
  72      -     -    A    --      INPUT                0    0    0    5  B_input1
  71      -     -    A    --      INPUT                0    0    0    5  B_input2
  69      -     -    A    --      INPUT                0    0    0    5  B_input3
  67      -     -    B    --      INPUT                0    0    0    5  B_input4
  65      -     -    B    --      INPUT                0    0    0    5  B_input5
  64      -     -    B    --      INPUT                0    0    0    5  B_input6
  23      -     -    B    --      INPUT                0    0    0    3  B_input7
  42      -     -    -    --      INPUT                0    0    0    6  input0
  73      -     -    A    --      INPUT                0    0    0    5  input1
  70      -     -    A    --      INPUT                0    0    0    5  input2
  16      -     -    A    --      INPUT                0    0    0    5  input3
  43      -     -    -    --      INPUT                0    0    0    5  input4
  21      -     -    B    --      INPUT                0    0    0    5  input5
  66      -     -    B    --      INPUT                0    0    0    5  input6
  22      -     -    B    --      INPUT                0    0    0    3  input7
  44      -     -    -    --      INPUT                0    0    0    8  Op_code0
   2      -     -    -    --      INPUT                0    0    0   11  Op_code1
  84      -     -    -    --      INPUT                0    0    0   11  Op_code2


Code:

s = Synthesized pin or logic cell
+ = Synchronous flipflop
/ = Slow slew-rate output
! = NOT gate push-back
r = Fitter-inserted logic cell
@ = Uses single-pin Clock Enable
& = Uses single-pin Output Enable


Device-Specific Information:                         c:\booksoft\chap6\alu.rpt
alu

** OUTPUTS **

       Fed By Fed By                                Fan-In    Fan-Out
 Pin     LC     EC   Row  Col  Primitive    Code      INP  FBK  OUT  FBK  Name
   7      -     -    -    03     OUTPUT                0    1    0    0  ALU_output0
  18      -     -    A    --     OUTPUT                0    1    0    0  ALU_output1
  19      -     -    A    --     OUTPUT                0    1    0    0  ALU_output2
  17      -     -    A    --     OUTPUT                0    1    0    0  ALU_output3
  24      -     -    B    --     OUTPUT                0    1    0    0  ALU_output4
  25      -     -    B    --     OUTPUT                0    1    0    0  ALU_output5
  35      -     -    -    06     OUTPUT                0    1    0    0  ALU_output6
   5      -     -    -    05     OUTPUT                0    1    0    0  ALU_output7


Code:

s = Synthesized pin or logic cell
+ = Synchronous flipflop
/ = Slow slew-rate output
! = NOT gate push-back
r = Fitter-inserted logic cell
@ = Uses single-pin Clock Enable
& = Uses single-pin Output Enable


Device-Specific Information:                         c:\booksoft\chap6\alu.rpt
alu

** BURIED LOGIC **

                                                    Fan-In    Fan-Out
 IOC     LC     EC   Row  Col  Primitive    Code      INP  FBK  OUT  FBK  Name
   -      4     -    A    11        OR2                4    0    0    2  |LPM_ADD_SUB:139|addcore:adder|pcarry1
   -      6     -    A    01        OR2                2    1    0    2  |LPM_ADD_SUB:139|addcore:adder|pcarry2
   -      2     -    A    01        OR2                2    1    0    2  |LPM_ADD_SUB:139|addcore:adder|pcarry3
   -      1     -    B    10        OR2                2    1    0    2  |LPM_ADD_SUB:139|addcore:adder|pcarry4
   -      1     -    B    11        OR2                2    1    0    2  |LPM_ADD_SUB:139|addcore:adder|pcarry5
   -      4     -    B    09        OR2                2    1    0    1  |LPM_ADD_SUB:139|addcore:adder|pcarry6
   -      4     -    A    10        OR2                4    0    0    1  |LPM_ADD_SUB:139|addcore:adder|:156
   -      5     -    A    02        OR2                2    1    0    1  |LPM_ADD_SUB:139|addcore:adder|:157
   -      7     -    A    01        OR2                2    1    0    1  |LPM_ADD_SUB:139|addcore:adder|:158
   -      4     -    B    04        OR2                2    1    0    1  |LPM_ADD_SUB:139|addcore:adder|:159
   -      8     -    B    08        OR2                2    1    0    1  |LPM_ADD_SUB:139|addcore:adder|:160
   -      8     -    B    09        OR2                2    1    0    1  |LPM_ADD_SUB:139|addcore:adder|:161
   -      7     -    B    09        OR2                2    1    0    1  |LPM_ADD_SUB:139|addcore:adder|:162
   -      5     -    A    10        OR2                2    0    0    1  |LPM_ADD_SUB:196|addcore:adder|pcarry0
   -      1     -    A    12        OR2                4    0    0    2  |LPM_ADD_SUB:196|addcore:adder|pcarry1
   -      8     -    A    01        OR2                2    1    0    2  |LPM_ADD_SUB:196|addcore:adder|pcarry2
   -      1     -    A    01        OR2                2    1    0    2  |LPM_ADD_SUB:196|addcore:adder|pcarry3
   -      7     -    B    08        OR2                2    1    0    2  |LPM_ADD_SUB:196|addcore:adder|pcarry4
   -      6     -    B    08        OR2                2    1    0    2  |LPM_ADD_SUB:196|addcore:adder|pcarry5
   -      3     -    B    08        OR2                2    1    0    1  |LPM_ADD_SUB:196|addcore:adder|pcarry6
   -      2     -    A    06       AND2                2    0    0    7  :354
   -      6     -    B    09        OR2                2    2    0    1  :358
   -      5     -    B    09        OR2                4    0    0    1  :359
   -      3     -    A    03       AND2    s           4    0    0    2  ~362~1
   -      3     -    A    07       AND2                2    0    0    7  :362
   -      1     -    B    09        OR2                0    4    0    1  :365
   -      4     -    B    08        OR2                2    2    0    1  :375
   -      3     -    B    09        OR2                4    0    0    1  :376
   -      2     -    B    09        OR2                0    4    0    2  :377
   -      2     -    B    08        OR2                2    2    0    1  :387
   -      5     -    B    08        OR2                4    0    0    1  :388
   -      1     -    B    08        OR2                0    4    0    2  :389
   -      3     -    B    04        OR2                2    2    0    1  :399
   -      1     -    B    04        OR2                4    0    0    1  :400
   -      2     -    B    04        OR2                0    4    0    2  :401
   -      5     -    A    01        OR2                2    2    0    1  :411
   -      4     -    A    01        OR2                4    0    0    1  :412
   -      3     -    A    01        OR2                0    4    0    2  :413
   -      2     -    A    02        OR2                2    2    0    1  :423
   -      1     -    A    02        OR2                4    0    0    1  :424
   -      4     -    A    02        OR2                0    4    0    2  :425
   -      1     -    A    10        OR2                2    2    0    1  :435
   -      2     -    A    10        OR2                4    0    0    1  :436
   -      3     -    A    10        OR2                0    4    0    2  :437
   -      2     -    A    03        OR2    s           4    0    0    2  ~449~1
   -      2     -    B    05        OR2                1    2    1    0  :559
   -      1     -    B    05        OR2                1    2    1    0  :565
   -      7     -    B    04        OR2                1    2    1    0  :571
   -      5     -    B    04        OR2                1    2    1    0  :577
   -      3     -    A    02        OR2                1    2    1    0  :583
   -      6     -    A    02        OR2                1    2    1    0  :589
   -      5     -    A    03        OR2                1    3    1    0  :595
   -      1     -    A    03        OR2                1    2    1    0  :603


Code:

s = Synthesized pin or logic cell
+ = Synchronous flipflop
/ = Slow slew-rate output
! = NOT gate push-back
r = Fitter-inserted logic cell
p = Packed register


Device-Specific Information:                         c:\booksoft\chap6\alu.rpt
alu

** FASTTRACK INTERCONNECT UTILIZATION **

Row FastTrack Interconnect:

          Global         Left Half-      Right Half-
         FastTrack       FastTrack       FastTrack 
Row     Interconnect    Interconnect    Interconnect    Input Pins     Output Pins     Bidir Pins
A:       7/ 96(  7%)     8/ 48( 16%)     0/ 48(  0%)    6/16( 37%)      3/16( 18%)     0/16(  0%)
B:       7/ 96(  7%)    14/ 48( 29%)     0/ 48(  0%)    7/16( 43%)      2/16( 12%)     0/16(  0%)
C:       0/ 96(  0%)     0/ 48(  0%)     0/ 48(  0%)    0/16(  0%)      0/16(  0%)     0/16(  0%)


Column FastTrack Interconnect:

         FastTrack                                 
Column  Interconnect    Input Pins     Output Pins     Bidir Pins
01:      3/24( 12%)     0/4(  0%)      0/4(  0%)       0/4(  0%)
02:      0/24(  0%)     0/4(  0%)      0/4(  0%)       0/4(  0%)
03:      1/24(  4%)     0/4(  0%)      1/4( 25%)       0/4(  0%)
04:      0/24(  0%)     0/4(  0%)      0/4(  0%)       0/4(  0%)
05:      2/24(  8%)     0/4(  0%)      1/4( 25%)       0/4(  0%)
06:      1/24(  4%)     0/4(  0%)      1/4( 25%)       0/4(  0%)
07:      0/24(  0%)     0/4(  0%)      0/4(  0%)       0/4(  0%)
08:      1/24(  4%)     0/4(  0%)      0/4(  0%)       0/4(  0%)
09:      0/24(  0%)     0/4(  0%)      0/4(  0%)       0/4(  0%)
10:      0/24(  0%)     0/4(  0%)      0/4(  0%)       0/4(  0%)
11:      0/24(  0%)     0/4(  0%)      0/4(  0%)       0/4(  0%)
12:      0/24(  0%)     0/4(  0%)      0/4(  0%)       0/4(  0%)
13:      0/24(  0%)     0/4(  0%)      0/4(  0%)       0/4(  0%)
14:      0/24(  0%)     0/4(  0%)      0/4(  0%)       0/4(  0%)
15:      0/24(  0%)     0/4(  0%)      0/4(  0%)       0/4(  0%)
16:      0/24(  0%)     0/4(  0%)      0/4(  0%)       0/4(  0%)
17:      0/24(  0%)     0/4(  0%)      0/4(  0%)       0/4(  0%)
18:      0/24(  0%)     0/4(  0%)      0/4(  0%)       0/4(  0%)
19:      0/24(  0%)     0/4(  0%)      0/4(  0%)       0/4(  0%)
20:      0/24(  0%)     0/4(  0%)      0/4(  0%)       0/4(  0%)
21:      0/24(  0%)     0/4(  0%)      0/4(  0%)       0/4(  0%)
22:      0/24(  0%)     0/4(  0%)      0/4(  0%)       0/4(  0%)
23:      0/24(  0%)     0/4(  0%)      0/4(  0%)       0/4(  0%)
24:      0/24(  0%)     0/4(  0%)      0/4(  0%)       0/4(  0%)
EA:      0/24(  0%)     0/4(  0%)      0/4(  0%)       0/4(  0%)


Device-Specific Information:                         c:\booksoft\chap6\alu.rpt
alu

** EQUATIONS **

B_input0 : INPUT;
B_input1 : INPUT;
B_input2 : INPUT;
B_input3 : INPUT;
B_input4 : INPUT;
B_input5 : INPUT;
B_input6 : INPUT;
B_input7 : INPUT;
input0   : INPUT;
input1   : INPUT;
input2   : INPUT;
input3   : INPUT;
input4   : INPUT;
input5   : INPUT;
input6   : INPUT;
input7   : INPUT;
Op_code0 : INPUT;
Op_code1 : INPUT;
Op_code2 : INPUT;

-- Node name is 'ALU_output0' 
-- Equation name is 'ALU_output0', type is output 
ALU_output0 =  _LC1_A3;

-- Node name is 'ALU_output1' 
-- Equation name is 'ALU_output1', type is output 
ALU_output1 =  _LC5_A3;

-- Node name is 'ALU_output2' 
-- Equation name is 'ALU_output2', type is output 
ALU_output2 =  _LC6_A2;

-- Node name is 'ALU_output3' 
-- Equation name is 'ALU_output3', type is output 
ALU_output3 =  _LC3_A2;

-- Node name is 'ALU_output4' 
-- Equation name is 'ALU_output4', type is output 
ALU_output4 =  _LC5_B4;

-- Node name is 'ALU_output5' 
-- Equation name is 'ALU_output5', type is output 
ALU_output5 =  _LC7_B4;

-- Node name is 'ALU_output6' 
-- Equation name is 'ALU_output6', type is output 
ALU_output6 =  _LC1_B5;

-- Node name is 'ALU_output7' 
-- Equation name is 'ALU_output7', type is output 
ALU_output7 =  _LC2_B5;

-- Node name is '|LPM_ADD_SUB:139|addcore:adder|pcarry1' from file "addcore.tdf" line 312, column 40
-- Equation name is '_LC4_A11', type is buried 
_LC4_A11 = LCELL( _EQ001);
  _EQ001 =  B_input0 &  B_input1 &  input0
         #  B_input0 &  input0 &  input1
         #  B_input1 &  input1;

-- Node name is '|LPM_ADD_SUB:139|addcore:adder|pcarry2' from file "addcore.tdf" line 312, column 40
-- Equation name is '_LC6_A1', type is buried 
_LC6_A1  = LCELL( _EQ002);
  _EQ002 =  B_input2 &  _LC4_A11
         #  input2 &  _LC4_A11
         #  B_input2 &  input2;

-- Node name is '|LPM_ADD_SUB:139|addcore:adder|pcarry3' from file "addcore.tdf" line 312, column 40
-- Equation name is '_LC2_A1', type is buried 
_LC2_A1  = LCELL( _EQ003);
  _EQ003 =  input3 &  _LC6_A1
         #  B_input3 &  _LC6_A1
         #  B_input3 &  input3;

-- Node name is '|LPM_ADD_SUB:139|addcore:adder|pcarry4' from file "addcore.tdf" line 312, column 40
-- Equation name is '_LC1_B10', type is buried 
_LC1_B10 = LCELL( _EQ004);
  _EQ004 =  input4 &  _LC2_A1
         #  B_input4 &  _LC2_A1
         #  B_input4 &  input4;

-- Node name is '|LPM_ADD_SUB:139|addcore:adder|pcarry5' from file "addcore.tdf" line 312, column 40
-- Equation name is '_LC1_B11', type is buried 
_LC1_B11 = LCELL( _EQ005);
  _EQ005 =  input5 &  _LC1_B10
         #  B_input5 &  _LC1_B10
         #  B_input5 &  input5;

-- Node name is '|LPM_ADD_SUB:139|addcore:adder|pcarry6' from file "addcore.tdf" line 312, column 40
-- Equation name is '_LC4_B9', type is buried 
_LC4_B9  = LCELL( _EQ006);
  _EQ006 =  input6 &  _LC1_B11
         #  B_input6 &  _LC1_B11
         #  B_input6 &  input6;

-- Node name is '|LPM_ADD_SUB:139|addcore:adder|:156' from file "addcore.tdf" line 316, column 67
-- Equation name is '_LC4_A10', type is buried 
_LC4_A10 = LCELL( _EQ007);
  _EQ007 =  B_input0 &  B_input1 &  input0 &  input1
         #  B_input0 & !B_input1 &  input0 & !input1
         #  B_input1 & !input0 & !input1
         # !B_input0 &  B_input1 & !input1
         # !B_input1 & !input0 &  input1
         # !B_input0 & !B_input1 &  input1;

-- Node name is '|LPM_ADD_SUB:139|addcore:adder|:157' from file "addcore.tdf" line 316, column 67
-- Equation name is '_LC5_A2', type is buried 
_LC5_A2  = LCELL( _EQ008);
  _EQ008 =  B_input2 &  input2 &  _LC4_A11
         # !B_input2 & !input2 &  _LC4_A11
         #  B_input2 & !input2 & !_LC4_A11
         # !B_input2 &  input2 & !_LC4_A11;

-- Node name is '|LPM_ADD_SUB:139|addcore:adder|:158' from file "addcore.tdf" line 316, column 67
-- Equation name is '_LC7_A1', type is buried 
_LC7_A1  = LCELL( _EQ009);
  _EQ009 =  B_input3 &  input3 &  _LC6_A1
         # !B_input3 & !input3 &  _LC6_A1
         # !B_input3 &  input3 & !_LC6_A1
         #  B_input3 & !input3 & !_LC6_A1;

-- Node name is '|LPM_ADD_SUB:139|addcore:adder|:159' from file "addcore.tdf" line 316, column 67
-- Equation name is '_LC4_B4', type is buried 
_LC4_B4  = LCELL( _EQ010);
  _EQ010 =  B_input4 &  input4 &  _LC2_A1
         # !B_input4 & !input4 &  _LC2_A1
         # !B_input4 &  input4 & !_LC2_A1
         #  B_input4 & !input4 & !_LC2_A1;

-- Node name is '|LPM_ADD_SUB:139|addcore:adder|:160' from file "addcore.tdf" line 316, column 67
-- Equation name is '_LC8_B8', type is buried 
_LC8_B8  = LCELL( _EQ011);
  _EQ011 =  B_input5 &  input5 &  _LC1_B10
         # !B_input5 & !input5 &  _LC1_B10
         # !B_input5 &  input5 & !_LC1_B10
         #  B_input5 & !input5 & !_LC1_B10;

-- Node name is '|LPM_ADD_SUB:139|addcore:adder|:161' from file "addcore.tdf" line 316, column 67
-- Equation name is '_LC8_B9', type is buried 
_LC8_B9  = LCELL( _EQ012);
  _EQ012 =  B_input6 &  input6 &  _LC1_B11
         # !B_input6 & !input6 &  _LC1_B11
         # !B_input6 &  input6 & !_LC1_B11
         #  B_input6 & !input6 & !_LC1_B11;

-- Node name is '|LPM_ADD_SUB:139|addcore:adder|:162' from file "addcore.tdf" line 316, column 67
-- Equation name is '_LC7_B9', type is buried 
_LC7_B9  = LCELL( _EQ013);
  _EQ013 =  B_input7 &  input7 &  _LC4_B9
         # !B_input7 & !input7 &  _LC4_B9
         # !B_input7 &  input7 & !_LC4_B9
         #  B_input7 & !input7 & !_LC4_B9;

-- Node name is '|LPM_ADD_SUB:196|addcore:adder|pcarry0' from file "addcore.tdf" line 308, column 64
-- Equation name is '_LC5_A10', type is buried 
_LC5_A10 = LCELL( _EQ014);
  _EQ014 =  input0
         # !B_input0;

-- Node name is '|LPM_ADD_SUB:196|addcore:adder|pcarry1' from file "addcore.tdf" line 312, column 40
-- Equation name is '_LC1_A12', type is buried 
_LC1_A12 = LCELL( _EQ015);
  _EQ015 = !B_input1 &  input1
         # !B_input1 &  input0
         #  input0 &  input1
         # !B_input0 & !B_input1
         # !B_input0 &  input1;

-- Node name is '|LPM_ADD_SUB:196|addcore:adder|pcarry2' from file "addcore.tdf" line 312, column 40
-- Equation name is '_LC8_A1', type is buried 
_LC8_A1  = LCELL( _EQ016);
  _EQ016 = !B_input2 &  _LC1_A12
         #  input2 &  _LC1_A12
         # !B_input2 &  input2;

-- Node name is '|LPM_ADD_SUB:196|addcore:adder|pcarry3' from file "addcore.tdf" line 312, column 40
-- Equation name is '_LC1_A1', type is buried 
_LC1_A1  = LCELL( _EQ017);
  _EQ017 =  input3 &  _LC8_A1
         # !B_input3 &  _LC8_A1
         # !B_input3 &  input3;

-- Node name is '|LPM_ADD_SUB:196|addcore:adder|pcarry4' from file "addcore.tdf" line 312, column 40
-- Equation name is '_LC7_B8', type is buried 
_LC7_B8  = LCELL( _EQ018);
  _EQ018 =  input4 &  _LC1_A1
         # !B_input4 &  _LC1_A1
         # !B_input4 &  input4;

-- Node name is '|LPM_ADD_SUB:196|addcore:adder|pcarry5' from file "addcore.tdf" line 312, column 40
-- Equation name is '_LC6_B8', type is buried 
_LC6_B8  = LCELL( _EQ019);
  _EQ019 =  input5 &  _LC7_B8
         # !B_input5 &  _LC7_B8
         # !B_input5 &  input5;

-- Node name is '|LPM_ADD_SUB:196|addcore:adder|pcarry6' from file "addcore.tdf" line 312, column 40
-- Equation name is '_LC3_B8', type is buried 
_LC3_B8  = LCELL( _EQ020);
  _EQ020 =  input6 &  _LC6_B8
         # !B_input6 &  _LC6_B8
         # !B_input6 &  input6;

-- Node name is ':354' 
-- Equation name is '_LC2_A6', type is buried 
_LC2_A6  = LCELL( _EQ021);
  _EQ021 =  Op_code1 & !Op_code2;

-- Node name is ':358' 
-- Equation name is '_LC6_B9', type is buried 
_LC6_B9  = LCELL( _EQ022);
  _EQ022 = !B_input7 &  input7 &  _LC2_A6 &  _LC3_B8
         #  B_input7 & !input7 &  _LC2_A6 &  _LC3_B8
         #  B_input7 &  input7 &  _LC2_A6 & !_LC3_B8
         # !B_input7 & !input7 &  _LC2_A6 & !_LC3_B8;

-- Node name is ':359' 
-- Equation name is '_LC5_B9', type is buried 
_LC5_B9  = LCELL( _EQ023);
  _EQ023 =  B_input7 &  input7 & !Op_code1
         #  input7 & !Op_code1 & !Op_code2
         #  input7 &  Op_code1 &  Op_code2
         #  B_input7 & !Op_code1 & !Op_code2
         #  B_input7 &  Op_code1 &  Op_code2;

-- Node name is '~362~1' 
-- Equation name is '~362~1', location is LC3_A3, type is buried.
-- synthesized logic cell 
_LC3_A3  = LCELL( _EQ024);
  _EQ024 =  B_input0 &  input0 & !Op_code1 &  Op_code2;

-- Node name is ':362' 
-- Equation name is '_LC3_A7', type is buried 
_LC3_A7  = LCELL( _EQ025);
  _EQ025 = !Op_code1 & !Op_code2;

-- Node name is ':365' 
-- Equation name is '_LC1_B9', type is buried 
_LC1_B9  = LCELL( _EQ026);
  _EQ026 = !_LC3_A7 &  _LC6_B9
         # !_LC3_A7 &  _LC5_B9
         #  _LC3_A7 &  _LC7_B9;

-- Node name is ':375' 
-- Equation name is '_LC4_B8', type is buried 
_LC4_B8  = LCELL( _EQ027);
  _EQ027 = !B_input6 &  input6 &  _LC2_A6 &  _LC6_B8
         #  B_input6 & !input6 &  _LC2_A6 &  _LC6_B8
         #  B_input6 &  input6 &  _LC2_A6 & !_LC6_B8
         # !B_input6 & !input6 &  _LC2_A6 & !_LC6_B8;

-- Node name is ':376' 
-- Equation name is '_LC3_B9', type is buried 
_LC3_B9  = LCELL( _EQ028);
  _EQ028 =  B_input6 &  input6 & !Op_code1
         #  input6 & !Op_code1 & !Op_code2
         #  input6 &  Op_code1 &  Op_code2
         #  B_input6 & !Op_code1 & !Op_code2
         #  B_input6 &  Op_code1 &  Op_code2;

-- Node name is ':377' 
-- Equation name is '_LC2_B9', type is buried 
_LC2_B9  = LCELL( _EQ029);
  _EQ029 = !_LC3_A7 &  _LC4_B8
         # !_LC3_A7 &  _LC3_B9
         #  _LC3_A7 &  _LC8_B9;

-- Node name is ':387' 
-- Equation name is '_LC2_B8', type is buried 
_LC2_B8  = LCELL( _EQ030);
  _EQ030 = !B_input5 &  input5 &  _LC2_A6 &  _LC7_B8
         #  B_input5 & !input5 &  _LC2_A6 &  _LC7_B8
         #  B_input5 &  input5 &  _LC2_A6 & !_LC7_B8
         # !B_input5 & !input5 &  _LC2_A6 & !_LC7_B8;

-- Node name is ':388' 
-- Equation name is '_LC5_B8', type is buried 
_LC5_B8  = LCELL( _EQ031);
  _EQ031 =  B_input5 &  input5 & !Op_code1
         #  input5 & !Op_code1 & !Op_code2
         #  input5 &  Op_code1 &  Op_code2
         #  B_input5 & !Op_code1 & !Op_code2
         #  B_input5 &  Op_code1 &  Op_code2;

-- Node name is ':389' 
-- Equation name is '_LC1_B8', type is buried 
_LC1_B8  = LCELL( _EQ032);
  _EQ032 =  _LC2_B8 & !_LC3_A7
         # !_LC3_A7 &  _LC5_B8
         #  _LC3_A7 &  _LC8_B8;

-- Node name is ':399' 
-- Equation name is '_LC3_B4', type is buried 
_LC3_B4  = LCELL( _EQ033);
  _EQ033 = !B_input4 &  input4 &  _LC1_A1 &  _LC2_A6
         #  B_input4 & !input4 &  _LC1_A1 &  _LC2_A6
         #  B_input4 &  input4 & !_LC1_A1 &  _LC2_A6
         # !B_input4 & !input4 & !_LC1_A1 &  _LC2_A6;

-- Node name is ':400' 
-- Equation name is '_LC1_B4', type is buried 
_LC1_B4  = LCELL( _EQ034);
  _EQ034 =  B_input4 &  input4 & !Op_code1
         #  input4 & !Op_code1 & !Op_code2
         #  input4 &  Op_code1 &  Op_code2
         #  B_input4 & !Op_code1 & !Op_code2
         #  B_input4 &  Op_code1 &  Op_code2;

-- Node name is ':401' 
-- Equation name is '_LC2_B4', type is buried 
_LC2_B4  = LCELL( _EQ035);
  _EQ035 = !_LC3_A7 &  _LC3_B4
         #  _LC1_B4 & !_LC3_A7
         #  _LC3_A7 &  _LC4_B4;

-- Node name is ':411' 
-- Equation name is '_LC5_A1', type is buried 
_LC5_A1  = LCELL( _EQ036);
  _EQ036 = !B_input3 &  input3 &  _LC2_A6 &  _LC8_A1
         #  B_input3 & !input3 &  _LC2_A6 &  _LC8_A1
         #  B_input3 &  input3 &  _LC2_A6 & !_LC8_A1
         # !B_input3 & !input3 &  _LC2_A6 & !_LC8_A1;

-- Node name is ':412' 
-- Equation name is '_LC4_A1', type is buried 
_LC4_A1  = LCELL( _EQ037);
  _EQ037 =  B_input3 &  input3 & !Op_code1
         #  input3 & !Op_code1 & !Op_code2
         #  input3 &  Op_code1 &  Op_code2
         #  B_input3 & !Op_code1 & !Op_code2
         #  B_input3 &  Op_code1 &  Op_code2;

-- Node name is ':413' 
-- Equation name is '_LC3_A1', type is buried 
_LC3_A1  = LCELL( _EQ038);
  _EQ038 = !_LC3_A7 &  _LC5_A1
         # !_LC3_A7 &  _LC4_A1
         #  _LC3_A7 &  _LC7_A1;

-- Node name is ':423' 
-- Equation name is '_LC2_A2', type is buried 
_LC2_A2  = LCELL( _EQ039);
  _EQ039 = !B_input2 &  input2 &  _LC1_A12 &  _LC2_A6
         #  B_input2 & !input2 &  _LC1_A12 &  _LC2_A6
         # !B_input2 & !input2 & !_LC1_A12 &  _LC2_A6
         #  B_input2 &  input2 & !_LC1_A12 &  _LC2_A6;

-- Node name is ':424' 
-- Equation name is '_LC1_A2', type is buried 
_LC1_A2  = LCELL( _EQ040);
  _EQ040 =  B_input2 &  input2 & !Op_code1
         #  B_input2 & !Op_code1 & !Op_code2
         #  B_input2 &  Op_code1 &  Op_code2
         #  input2 & !Op_code1 & !Op_code2
         #  input2 &  Op_code1 &  Op_code2;

-- Node name is ':425' 
-- Equation name is '_LC4_A2', type is buried 
_LC4_A2  = LCELL( _EQ041);
  _EQ041 =  _LC2_A2 & !_LC3_A7
         #  _LC1_A2 & !_LC3_A7
         #  _LC3_A7 &  _LC5_A2;

-- Node name is ':435' 
-- Equation name is '_LC1_A10', type is buried 
_LC1_A10 = LCELL( _EQ042);
  _EQ042 =  B_input1 & !input1 &  _LC2_A6 &  _LC5_A10
         #  B_input1 &  input1 &  _LC2_A6 & !_LC5_A10
         # !B_input1 &  input1 &  _LC2_A6 &  _LC5_A10
         # !B_input1 & !input1 &  _LC2_A6 & !_LC5_A10;

-- Node name is ':436' 
-- Equation name is '_LC2_A10', type is buried 
_LC2_A10 = LCELL( _EQ043);
  _EQ043 =  B_input1 &  input1 & !Op_code1
         #  B_input1 & !Op_code1 & !Op_code2
         #  B_input1 &  Op_code1 &  Op_code2
         #  input1 & !Op_code1 & !Op_code2
         #  input1 &  Op_code1 &  Op_code2;

-- Node name is ':437' 
-- Equation name is '_LC3_A10', type is buried 
_LC3_A10 = LCELL( _EQ044);
  _EQ044 =  _LC2_A10 & !_LC3_A7
         #  _LC1_A10 & !_LC3_A7
         #  _LC3_A7 &  _LC4_A10;

-- Node name is '~449~1' 
-- Equation name is '~449~1', location is LC2_A3, type is buried.
-- synthesized logic cell 
_LC2_A3  = LCELL( _EQ045);
  _EQ045 =  input0 &  Op_code1 &  Op_code2
         # !B_input0 &  input0 &  Op_code1
         # !B_input0 &  input0 & !Op_code2
         #  B_input0 &  Op_code1 &  Op_code2
         #  B_input0 & !input0 &  Op_code1
         #  B_input0 & !input0 & !Op_code2;

-- Node name is ':559' 
-- Equation name is '_LC2_B5', type is buried 
_LC2_B5  = LCELL( _EQ046);
  _EQ046 =  _LC1_B9 & !Op_code0
         #  _LC2_B9 &  Op_code0;

-- Node name is ':565' 
-- Equation name is '_LC1_B5', type is buried 
_LC1_B5  = LCELL( _EQ047);
  _EQ047 =  _LC2_B9 & !Op_code0
         #  _LC1_B8 &  Op_code0;

-- Node name is ':571' 
-- Equation name is '_LC7_B4', type is buried 
_LC7_B4  = LCELL( _EQ048);
  _EQ048 =  _LC1_B8 & !Op_code0
         #  _LC2_B4 &  Op_code0;

-- Node name is ':577' 
-- Equation name is '_LC5_B4', type is buried 
_LC5_B4  = LCELL( _EQ049);
  _EQ049 =  _LC2_B4 & !Op_code0
         #  _LC3_A1 &  Op_code0;

-- Node name is ':583' 
-- Equation name is '_LC3_A2', type is buried 
_LC3_A2  = LCELL( _EQ050);
  _EQ050 =  _LC3_A1 & !Op_code0
         #  _LC4_A2 &  Op_code0;

-- Node name is ':589' 
-- Equation name is '_LC6_A2', type is buried 
_LC6_A2  = LCELL( _EQ051);
  _EQ051 =  _LC4_A2 & !Op_code0
         #  _LC3_A10 &  Op_code0;

-- Node name is ':595' 
-- Equation name is '_LC5_A3', type is buried 
_LC5_A3  = LCELL( _EQ052);
  _EQ052 =  _LC3_A10 & !Op_code0
         #  _LC2_A3 &  Op_code0
         #  _LC3_A3 &  Op_code0;

-- Node name is ':603' 
-- Equation name is '_LC1_A3', type is buried 
_LC1_A3  = LCELL( _EQ053);
  _EQ053 =  _LC2_A3 & !Op_code0
         #  _LC3_A3 & !Op_code0;



Project Information                                  c:\booksoft\chap6\alu.rpt

** COMPILATION SETTINGS & TIMES **

Processing Menu Commands
------------------------

Design Doctor                             = off

Logic Synthesis:

   Synthesis Type Used                    = Multi-Level

   Default Synthesis Style                = NORMAL

      Logic option settings in 'NORMAL' style for 'FLEX10K' family

      CARRY_CHAIN                         = ignore
      CARRY_CHAIN_LENGTH                  = 32
      CASCADE_CHAIN                       = ignore
      CASCADE_CHAIN_LENGTH                = 2
      DECOMPOSE_GATES                     = on
      DUPLICATE_LOGIC_EXTRACTION          = on
      MINIMIZATION                        = full
      MULTI_LEVEL_FACTORING               = on
      NOT_GATE_PUSH_BACK                  = on
      REDUCE_LOGIC                        = on
      REFACTORIZATION                     = on
      REGISTER_OPTIMIZATION               = on
      RESYNTHESIZE_NETWORK                = on
      SLOW_SLEW_RATE                      = off
      SUBFACTOR_EXTRACTION                = on
      IGNORE_SOFT_BUFFERS                 = on
      USE_LPM_FOR_AHDL_OPERATORS          = off

   Other logic synthesis settings:

      Automatic Global Clock              = on
      Automatic Global Clear              = on
      Automatic Global Preset             = on
      Automatic Global Output Enable      = on
      Automatic Fast I/O                  = off
      Automatic Register Packing          = off
      Automatic Open-Drain Pins           = on
      Automatic Implement in EAB          = off
      Optimize                            = 5

Default Timing Specifications: None

Cut All Bidir Feedback Timing Paths       = on
Cut All Clear & Preset Timing Paths       = on

Ignore Timing Assignments                 = on

Functional SNF Extractor                  = off

Linked SNF Extractor                      = off
Timing SNF Extractor                      = on
Optimize Timing SNF                       = off
Generate AHDL TDO File                    = off
Fitter Settings                           = NORMAL
Smart Recompile                           = off
Total Recompile                           = off

Interfaces Menu Commands
------------------------

EDIF Netlist Writer                       = off
Verilog Netlist Writer                    = off
VHDL Netlist Writer                       = off

Compilation Times
-----------------

   Compiler Netlist Extractor             00:00:00
   Database Builder                       00:00:00
   Logic Synthesizer                      00:00:01
   Partitioner                            00:00:00
   Fitter                                 00:00:00
   Timing SNF Extractor                   00:00:01
   Assembler                              00:00:00
   --------------------------             --------
   Total Time                             00:00:02


Memory Allocated
-----------------

Peak memory allocated during compilation  = 11,928K
