Project Information                              c:\booksoft\chap6\amemory.rpt

MAX+plus II Compiler Report File
Version 9.23 3/19/99
Compiled: 05/19/1999 15:29:08

Copyright (C) 1988-1999 Altera Corporation
Any megafunction design, and related net list (encrypted or decrypted),
support information, device programming or simulation file, and any other
associated documentation or information provided by Altera or a partner
under Altera's Megafunction Partnership Program may be used only to
program PLD devices (but not masked PLD devices) from Altera.  Any other
use of such megafunction design, net list, support information, device
programming or simulation file, or any other related documentation or
information is prohibited for any other purpose, including, but not
limited to modification, reverse engineering, de-compiling, or use with
any other silicon devices, unless such use is explicitly licensed under
a separate agreement with Altera or a megafunction partner.  Title to
the intellectual property, including patents, copyrights, trademarks,
trade secrets, or maskworks, embodied in any such megafunction design,
net list, support information, device programming or simulation file, or
any other related documentation or information provided by Altera or a
megafunction partner, remains with Altera, the megafunction partner, or
their respective licensors.  No other licenses, including any licenses
needed under any third party's intellectual property, are provided herein.



***** Project compilation was successful


AMEMORY


** DEVICE SUMMARY **

Chip/                     Input Output Bidir  Memory  Memory  			 LCs
POF       Device          Pins  Pins   Pins   Bits % Utilized  LCs  % Utilized

amemory   EPF10K10LC84-3   13     8      0    64        1  %    0        0  %

User Pins:                 13     8      0  



Project Information                              c:\booksoft\chap6\amemory.rpt

** PROJECT COMPILATION MESSAGES **

Warning: I/O error -- can't read initial memory content file 'memory.mif'-- setting all initial values to 0
Warning: Ignored unnecessary INPUT pin 'reset'


Project Information                              c:\booksoft\chap6\amemory.rpt

** EMBEDDED ARRAYS **


|LPM_RAM_DQ:data_memory|altram:sram|content: MEMORY (
               width        =    8;
               depth        =    8;
               segmentsize  =    8;
               mode         = MEM_INITIALIZED#MEM_REG_DATAIN_CLK0;
               file         = "memory.mif";
         )
         OF SEGMENTS (
               |LPM_RAM_DQ:data_memory|altram:sram|segment0_7,
               |LPM_RAM_DQ:data_memory|altram:sram|segment0_6,
               |LPM_RAM_DQ:data_memory|altram:sram|segment0_5,
               |LPM_RAM_DQ:data_memory|altram:sram|segment0_4,
               |LPM_RAM_DQ:data_memory|altram:sram|segment0_3,
               |LPM_RAM_DQ:data_memory|altram:sram|segment0_2,
               |LPM_RAM_DQ:data_memory|altram:sram|segment0_1,
               |LPM_RAM_DQ:data_memory|altram:sram|segment0_0
);




Project Information                              c:\booksoft\chap6\amemory.rpt

** FILE HIERARCHY **



|lpm_ram_dq:data_memory|
|lpm_ram_dq:data_memory|altram:sram|


Device-Specific Information:                     c:\booksoft\chap6\amemory.rpt
amemory

***** Logic for device 'amemory' compiled without errors.




Device: EPF10K10LC84-3

FLEX 10K Configuration Scheme: Passive Serial

Device Options:
    User-Supplied Start-Up Clock               = OFF
    Auto-Restart Configuration on Frame Error  = OFF
    Release Clears Before Tri-States           = OFF
    Enable Chip_Wide Reset                     = OFF
    Enable Chip-Wide Output Enable             = OFF
    Enable INIT_DONE Output                    = OFF
    JTAG User Code                             = 7f

                     m  m        m                                                  
                     e  e        e                                                  
                     m  m        m                                                  
                     o  o        o                                                  
                     r  r     w  r              w  w  w                             
                     y  y     r  y              r  r  r                       ^     
                     _  _     i  _              i  i  i                       C     
                     a  a  R  t  a  R  R     R  t  t  t  R     R  R  R  R     O     
                     d  d  E  e  d  E  E     E  e  e  e  E     E  E  E  E     N     
                     d  d  S  _  d  S  S  V  S  _  _  _  S  G  S  S  S  S     F     
                     r  r  E  d  r  E  E  C  E  d  d  d  E  N  E  E  E  E     _  ^  
                     e  e  R  a  e  R  R  C  R  a  a  a  R  D  R  R  R  R  #  D  n  
                     s  s  V  t  s  V  V  I  V  t  t  t  V  I  V  V  V  V  T  O  C  
                     s  s  E  a  s  E  E  N  E  a  a  a  E  N  E  E  E  E  C  N  E  
                     0  1  D  7  2  D  D  T  D  1  3  5  D  T  D  D  D  D  K  E  O  
                   -----------------------------------------------------------------_ 
                 /  11 10  9  8  7  6  5  4  3  2  1 84 83 82 81 80 79 78 77 76 75   | 
         ^DATA0 | 12                                                              74 | #TDO 
          ^DCLK | 13                                                              73 | write_data4 
           ^nCE | 14                                                              72 | read_data2 
           #TDI | 15                                                              71 | read_data7 
    write_data6 | 16                                                              70 | read_data3 
     read_data6 | 17                                                              69 | read_data4 
    write_data0 | 18                                                              68 | GNDINT 
     read_data5 | 19                                                              67 | RESERVED 
         VCCINT | 20                                                              66 | RESERVED 
       RESERVED | 21                                                              65 | RESERVED 
     read_data1 | 22                        EPF10K10LC84-3                        64 | RESERVED 
       RESERVED | 23                                                              63 | VCCINT 
       RESERVED | 24                                                              62 | RESERVED 
     read_data0 | 25                                                              61 | RESERVED 
         GNDINT | 26                                                              60 | RESERVED 
       RESERVED | 27                                                              59 | RESERVED 
       RESERVED | 28                                                              58 | RESERVED 
       RESERVED | 29                                                              57 | #TMS 
       RESERVED | 30                                                              56 | #TRST 
         ^MSEL0 | 31                                                              55 | ^nSTATUS 
         ^MSEL1 | 32                                                              54 | RESERVED 
                |_  33 34 35 36 37 38 39 40 41 42 43 44 45 46 47 48 49 50 51 52 53  _| 
                  ------------------------------------------------------------------ 
                     V  ^  R  R  R  R  R  V  G  M  c  w  V  G  R  R  R  R  R  R  R  
                     C  n  E  E  E  E  E  C  N  e  l  r  C  N  E  E  E  E  E  E  E  
                     C  C  S  S  S  S  S  C  D  m  o  i  C  D  S  S  S  S  S  S  S  
                     I  O  E  E  E  E  E  I  I  w  c  t  I  I  E  E  E  E  E  E  E  
                     N  N  R  R  R  R  R  N  N  r  k  e  N  N  R  R  R  R  R  R  R  
                     T  F  V  V  V  V  V  T  T  i     _  T  T  V  V  V  V  V  V  V  
                        I  E  E  E  E  E        t     d        E  E  E  E  E  E  E  
                        G  D  D  D  D  D        e     a        D  D  D  D  D  D  D  
                                                      t                             
                                                      a                             
                                                      2                             
                                                                                    
                                                                                    
                                                                                    
                                                                                    


N.C. = No Connect, This pin has no internal connection to the device.
VCCINT = Dedicated power pin, which MUST be connected to VCC (5.0 volts).
VCCIO = Dedicated power pin, which MUST be connected to VCC (5.0 volts).
GNDINT = Dedicated ground pin or unused dedicated input, which MUST be connected to GND.
GNDIO = Dedicated ground pin, which MUST be connected to GND.
RESERVED = Unused I/O pin, which MUST be left unconnected.

^ = Dedicated configuration pin.
+ = Reserved configuration pin, which is tri-stated during user mode.
* = Reserved configuration pin, which drives out in user mode.
PDn = Power Down pin. 
@ = Special-purpose pin. 
# = JTAG Boundary-Scan Testing/In-System Programming or Configuration Pin. The JTAG inputs TMS and TDI should be tied to VCC and TCK should be tied to GND when not in use.
& = JTAG pin used for I/O. When used as user I/O, JTAG pins must be kept stable before and during configuration.  JTAG pin stability prevents accidental loading of JTAG instructions.


Device-Specific Information:                     c:\booksoft\chap6\amemory.rpt
amemory

** RESOURCE USAGE **

Logic                Column       Row                                   
Array                Interconnect Interconnect         Clears/     External  
Block   Logic Cells  Driven       Driven       Clocks  Presets   Interconnect


Embedded             Column       Row                                   
Array     Embedded   Interconnect Interconnect         Read/      External  
Block     Cells      Driven       Driven       Clocks  Write    Interconnect
A25      8/8 (100%)   2/8 ( 25%)   6/8 ( 75%)    1/2    2/2      11/22( 50%)   


Total dedicated input pins used:                 6/6      (100%)
Total I/O pins used:                            15/53     ( 28%)
Total logic cells used:                          0/576    (  0%)
Total embedded cells used:                       8/24     ( 33%)
Total EABs used:                                 1/3      ( 33%)
Average fan-in:                                 0.00/4    (  0%)
Total fan-in:                                   0/2304    (  0%)

Total input pins required:                      13
Total input I/O cell registers required:         0
Total output pins required:                      8
Total output I/O cell registers required:        0
Total buried I/O cell registers required:        0
Total bidirectional pins required:               0
Total reserved pins required                     0
Total logic cells required:                      0
Total flipflops required:                        0
Total packed registers required:                 0
Total logic cells in carry chains:               0
Total number of carry chains:                    0
Total logic cells in cascade chains:             0
Total number of cascade chains:                  0
Total single-pin Clock Enables required:         0
Total single-pin Output Enables required:        0

Synthesized logic cells:                         0/ 576   (  0%)

Logic Cell and Embedded Cell Counts

Column:  01  02  03  04  05  06  07  08  09  10  11  12  EA  13  14  15  16  17  18  19  20  21  22  23  24  Total(LC/EC)
 A:      0   0   0   0   0   0   0   0   0   0   0   0   8   0   0   0   0   0   0   0   0   0   0   0   0      0/8  
 B:      0   0   0   0   0   0   0   0   0   0   0   0   0   0   0   0   0   0   0   0   0   0   0   0   0      0/0  
 C:      0   0   0   0   0   0   0   0   0   0   0   0   0   0   0   0   0   0   0   0   0   0   0   0   0      0/0  

Total:   0   0   0   0   0   0   0   0   0   0   0   0   8   0   0   0   0   0   0   0   0   0   0   0   0      0/8  



Device-Specific Information:                     c:\booksoft\chap6\amemory.rpt
amemory

** INPUTS **

                                                    Fan-In    Fan-Out
 Pin     LC     EC   Row  Col  Primitive    Code      INP  FBK  OUT  FBK  Name
  43      -     -    -    --      INPUT  G             0    0    0    0  clock
  11      -     -    -    01      INPUT                0    0    0    8  memory_address0
  10      -     -    -    01      INPUT                0    0    0    8  memory_address1
   7      -     -    -    03      INPUT                0    0    0    8  memory_address2
  42      -     -    -    --      INPUT  G             0    0    0    0  Memwrite
  18      -     -    A    --      INPUT                0    0    0    1  write_data0
   2      -     -    -    --      INPUT                0    0    0    1  write_data1
  44      -     -    -    --      INPUT                0    0    0    1  write_data2
   1      -     -    -    --      INPUT                0    0    0    1  write_data3
  73      -     -    A    --      INPUT                0    0    0    1  write_data4
  84      -     -    -    --      INPUT                0    0    0    1  write_data5
  16      -     -    A    --      INPUT                0    0    0    1  write_data6
   8      -     -    -    03      INPUT                0    0    0    1  write_data7


Code:

s = Synthesized pin or logic cell
+ = Synchronous flipflop
/ = Slow slew-rate output
! = NOT gate push-back
r = Fitter-inserted logic cell
@ = Uses single-pin Clock Enable
& = Uses single-pin Output Enable
G = Global Source. Fan-out destinations counted here do not include destinations
that are driven using global routing resources. Refer to the Auto Global Signals,
Clock Signals, Clear Signals, Synchronous Load Signals, and Synchronous Clear Signals
Sections of this Report File for information on which signals' fan-outs are used as
Clock, Clear, Preset, Output Enable, and synchronous Load signals.


Device-Specific Information:                     c:\booksoft\chap6\amemory.rpt
amemory

** OUTPUTS **

       Fed By Fed By                                Fan-In    Fan-Out
 Pin     LC     EC   Row  Col  Primitive    Code      INP  FBK  OUT  FBK  Name
  25      -     -    B    --     OUTPUT                0    1    0    0  read_data0
  22      -     -    B    --     OUTPUT                0    1    0    0  read_data1
  72      -     -    A    --     OUTPUT                0    1    0    0  read_data2
  70      -     -    A    --     OUTPUT                0    1    0    0  read_data3
  69      -     -    A    --     OUTPUT                0    1    0    0  read_data4
  19      -     -    A    --     OUTPUT                0    1    0    0  read_data5
  17      -     -    A    --     OUTPUT                0    1    0    0  read_data6
  71      -     -    A    --     OUTPUT                0    1    0    0  read_data7


Code:

s = Synthesized pin or logic cell
+ = Synchronous flipflop
/ = Slow slew-rate output
! = NOT gate push-back
r = Fitter-inserted logic cell
@ = Uses single-pin Clock Enable
& = Uses single-pin Output Enable


Device-Specific Information:                     c:\booksoft\chap6\amemory.rpt
amemory

** BURIED LOGIC **

                                                    Fan-In    Fan-Out
 IOC     LC     EC   Row  Col  Primitive    Code      INP  FBK  OUT  FBK  Name
   -      -     7    A    --   MEM_SGMT                4    0    1    0  |LPM_RAM_DQ:data_memory|altram:sram|segment0_0
   -      -     2    A    --   MEM_SGMT                4    0    1    0  |LPM_RAM_DQ:data_memory|altram:sram|segment0_1
   -      -     8    A    --   MEM_SGMT                4    0    1    0  |LPM_RAM_DQ:data_memory|altram:sram|segment0_2
   -      -     6    A    --   MEM_SGMT                4    0    1    0  |LPM_RAM_DQ:data_memory|altram:sram|segment0_3
   -      -     5    A    --   MEM_SGMT                4    0    1    0  |LPM_RAM_DQ:data_memory|altram:sram|segment0_4
   -      -     4    A    --   MEM_SGMT                4    0    1    0  |LPM_RAM_DQ:data_memory|altram:sram|segment0_5
   -      -     3    A    --   MEM_SGMT                4    0    1    0  |LPM_RAM_DQ:data_memory|altram:sram|segment0_6
   -      -     1    A    --   MEM_SGMT                4    0    1    0  |LPM_RAM_DQ:data_memory|altram:sram|segment0_7


Code:

s = Synthesized pin or logic cell
+ = Synchronous flipflop
/ = Slow slew-rate output
! = NOT gate push-back
r = Fitter-inserted logic cell
p = Packed register


Device-Specific Information:                     c:\booksoft\chap6\amemory.rpt
amemory

** FASTTRACK INTERCONNECT UTILIZATION **

Row FastTrack Interconnect:

          Global         Left Half-      Right Half-
         FastTrack       FastTrack       FastTrack 
Row     Interconnect    Interconnect    Interconnect    Input Pins     Output Pins     Bidir Pins
A:       9/ 96(  9%)     4/ 48(  8%)     0/ 48(  0%)    3/16( 18%)      6/16( 37%)     0/16(  0%)
B:       2/ 96(  2%)     0/ 48(  0%)     0/ 48(  0%)    0/16(  0%)      2/16( 12%)     0/16(  0%)
C:       0/ 96(  0%)     0/ 48(  0%)     0/ 48(  0%)    0/16(  0%)      0/16(  0%)     0/16(  0%)


Column FastTrack Interconnect:

         FastTrack                                 
Column  Interconnect    Input Pins     Output Pins     Bidir Pins
01:      2/24(  8%)     2/4( 50%)      0/4(  0%)       0/4(  0%)
02:      0/24(  0%)     0/4(  0%)      0/4(  0%)       0/4(  0%)
03:      2/24(  8%)     2/4( 50%)      0/4(  0%)       0/4(  0%)
04:      0/24(  0%)     0/4(  0%)      0/4(  0%)       0/4(  0%)
05:      0/24(  0%)     0/4(  0%)      0/4(  0%)       0/4(  0%)
06:      0/24(  0%)     0/4(  0%)      0/4(  0%)       0/4(  0%)
07:      0/24(  0%)     0/4(  0%)      0/4(  0%)       0/4(  0%)
08:      0/24(  0%)     0/4(  0%)      0/4(  0%)       0/4(  0%)
09:      0/24(  0%)     0/4(  0%)      0/4(  0%)       0/4(  0%)
10:      0/24(  0%)     0/4(  0%)      0/4(  0%)       0/4(  0%)
11:      0/24(  0%)     0/4(  0%)      0/4(  0%)       0/4(  0%)
12:      0/24(  0%)     0/4(  0%)      0/4(  0%)       0/4(  0%)
13:      0/24(  0%)     0/4(  0%)      0/4(  0%)       0/4(  0%)
14:      0/24(  0%)     0/4(  0%)      0/4(  0%)       0/4(  0%)
15:      0/24(  0%)     0/4(  0%)      0/4(  0%)       0/4(  0%)
16:      0/24(  0%)     0/4(  0%)      0/4(  0%)       0/4(  0%)
17:      0/24(  0%)     0/4(  0%)      0/4(  0%)       0/4(  0%)
18:      0/24(  0%)     0/4(  0%)      0/4(  0%)       0/4(  0%)
19:      0/24(  0%)     0/4(  0%)      0/4(  0%)       0/4(  0%)
20:      0/24(  0%)     0/4(  0%)      0/4(  0%)       0/4(  0%)
21:      0/24(  0%)     0/4(  0%)      0/4(  0%)       0/4(  0%)
22:      0/24(  0%)     0/4(  0%)      0/4(  0%)       0/4(  0%)
23:      0/24(  0%)     0/4(  0%)      0/4(  0%)       0/4(  0%)
24:      0/24(  0%)     0/4(  0%)      0/4(  0%)       0/4(  0%)
EA:      2/24(  8%)     0/4(  0%)      0/4(  0%)       0/4(  0%)


Device-Specific Information:                     c:\booksoft\chap6\amemory.rpt
amemory

** EQUATIONS **

clock    : INPUT;
memory_address0 : INPUT;
memory_address1 : INPUT;
memory_address2 : INPUT;
Memwrite : INPUT;
write_data0 : INPUT;
write_data1 : INPUT;
write_data2 : INPUT;
write_data3 : INPUT;
write_data4 : INPUT;
write_data5 : INPUT;
write_data6 : INPUT;
write_data7 : INPUT;

-- Node name is 'read_data0' 
-- Equation name is 'read_data0', type is output 
read_data0 =  _EC7_A;

-- Node name is 'read_data1' 
-- Equation name is 'read_data1', type is output 
read_data1 =  _EC2_A;

-- Node name is 'read_data2' 
-- Equation name is 'read_data2', type is output 
read_data2 =  _EC8_A;

-- Node name is 'read_data3' 
-- Equation name is 'read_data3', type is output 
read_data3 =  _EC6_A;

-- Node name is 'read_data4' 
-- Equation name is 'read_data4', type is output 
read_data4 =  _EC5_A;

-- Node name is 'read_data5' 
-- Equation name is 'read_data5', type is output 
read_data5 =  _EC4_A;

-- Node name is 'read_data6' 
-- Equation name is 'read_data6', type is output 
read_data6 =  _EC3_A;

-- Node name is 'read_data7' 
-- Equation name is 'read_data7', type is output 
read_data7 =  _EC1_A;

-- Node name is '|LPM_RAM_DQ:data_memory|altram:sram|segment0_0' from file "altram.tdf" line 111, column 12
-- Equation name is '_EC7_A', type is memory 
_EC7_A   = MEMORY_SEGMENT( write_data0, GLOBAL( clock), VCC, GLOBAL( Memwrite), VCC, memory_address0, memory_address1, memory_address2, VCC, VCC, VCC, VCC, VCC, VCC, VCC, VCC,);

-- Node name is '|LPM_RAM_DQ:data_memory|altram:sram|segment0_1' from file "altram.tdf" line 111, column 12
-- Equation name is '_EC2_A', type is memory 
_EC2_A   = MEMORY_SEGMENT( write_data1, GLOBAL( clock), VCC, GLOBAL( Memwrite), VCC, memory_address0, memory_address1, memory_address2, VCC, VCC, VCC, VCC, VCC, VCC, VCC, VCC,);

-- Node name is '|LPM_RAM_DQ:data_memory|altram:sram|segment0_2' from file "altram.tdf" line 111, column 12
-- Equation name is '_EC8_A', type is memory 
_EC8_A   = MEMORY_SEGMENT( write_data2, GLOBAL( clock), VCC, GLOBAL( Memwrite), VCC, memory_address0, memory_address1, memory_address2, VCC, VCC, VCC, VCC, VCC, VCC, VCC, VCC,);

-- Node name is '|LPM_RAM_DQ:data_memory|altram:sram|segment0_3' from file "altram.tdf" line 111, column 12
-- Equation name is '_EC6_A', type is memory 
_EC6_A   = MEMORY_SEGMENT( write_data3, GLOBAL( clock), VCC, GLOBAL( Memwrite), VCC, memory_address0, memory_address1, memory_address2, VCC, VCC, VCC, VCC, VCC, VCC, VCC, VCC,);

-- Node name is '|LPM_RAM_DQ:data_memory|altram:sram|segment0_4' from file "altram.tdf" line 111, column 12
-- Equation name is '_EC5_A', type is memory 
_EC5_A   = MEMORY_SEGMENT( write_data4, GLOBAL( clock), VCC, GLOBAL( Memwrite), VCC, memory_address0, memory_address1, memory_address2, VCC, VCC, VCC, VCC, VCC, VCC, VCC, VCC,);

-- Node name is '|LPM_RAM_DQ:data_memory|altram:sram|segment0_5' from file "altram.tdf" line 111, column 12
-- Equation name is '_EC4_A', type is memory 
_EC4_A   = MEMORY_SEGMENT( write_data5, GLOBAL( clock), VCC, GLOBAL( Memwrite), VCC, memory_address0, memory_address1, memory_address2, VCC, VCC, VCC, VCC, VCC, VCC, VCC, VCC,);

-- Node name is '|LPM_RAM_DQ:data_memory|altram:sram|segment0_6' from file "altram.tdf" line 111, column 12
-- Equation name is '_EC3_A', type is memory 
_EC3_A   = MEMORY_SEGMENT( write_data6, GLOBAL( clock), VCC, GLOBAL( Memwrite), VCC, memory_address0, memory_address1, memory_address2, VCC, VCC, VCC, VCC, VCC, VCC, VCC, VCC,);

-- Node name is '|LPM_RAM_DQ:data_memory|altram:sram|segment0_7' from file "altram.tdf" line 111, column 12
-- Equation name is '_EC1_A', type is memory 
_EC1_A   = MEMORY_SEGMENT( write_data7, GLOBAL( clock), VCC, GLOBAL( Memwrite), VCC, memory_address0, memory_address1, memory_address2, VCC, VCC, VCC, VCC, VCC, VCC, VCC, VCC,);



Project Information                              c:\booksoft\chap6\amemory.rpt

** COMPILATION SETTINGS & TIMES **

Processing Menu Commands
------------------------

Design Doctor                             = off

Logic Synthesis:

   Synthesis Type Used                    = Multi-Level

   Default Synthesis Style                = NORMAL

      Logic option settings in 'NORMAL' style for 'FLEX10K' family

      CARRY_CHAIN                         = ignore
      CARRY_CHAIN_LENGTH                  = 32
      CASCADE_CHAIN                       = ignore
      CASCADE_CHAIN_LENGTH                = 2
      DECOMPOSE_GATES                     = on
      DUPLICATE_LOGIC_EXTRACTION          = on
      MINIMIZATION                        = full
      MULTI_LEVEL_FACTORING               = on
      NOT_GATE_PUSH_BACK                  = on
      REDUCE_LOGIC                        = on
      REFACTORIZATION                     = on
      REGISTER_OPTIMIZATION               = on
      RESYNTHESIZE_NETWORK                = on
      SLOW_SLEW_RATE                      = off
      SUBFACTOR_EXTRACTION                = on
      IGNORE_SOFT_BUFFERS                 = on
      USE_LPM_FOR_AHDL_OPERATORS          = off

   Other logic synthesis settings:

      Automatic Global Clock              = on
      Automatic Global Clear              = on
      Automatic Global Preset             = on
      Automatic Global Output Enable      = on
      Automatic Fast I/O                  = off
      Automatic Register Packing          = off
      Automatic Open-Drain Pins           = on
      Automatic Implement in EAB          = off
      Optimize                            = 5

Default Timing Specifications: None

Cut All Bidir Feedback Timing Paths       = on
Cut All Clear & Preset Timing Paths       = on

Ignore Timing Assignments                 = on

Functional SNF Extractor                  = off

Linked SNF Extractor                      = off
Timing SNF Extractor                      = on
Optimize Timing SNF                       = off
Generate AHDL TDO File                    = off
Fitter Settings                           = NORMAL
Smart Recompile                           = off
Total Recompile                           = off

Interfaces Menu Commands
------------------------

EDIF Netlist Writer                       = off
Verilog Netlist Writer                    = off
VHDL Netlist Writer                       = off

Compilation Times
-----------------

   Compiler Netlist Extractor             00:00:01
   Database Builder                       00:00:00
   Logic Synthesizer                      00:00:00
   Partitioner                            00:00:00
   Fitter                                 00:00:00
   Timing SNF Extractor                   00:00:00
   Assembler                              00:00:01
   --------------------------             --------
   Total Time                             00:00:02


Memory Allocated
-----------------

Peak memory allocated during compilation  = 11,904K
