Project Information                              c:\booksoft\chap6\counter.rpt

MAX+plus II Compiler Report File
Version 9.23 3/19/99
Compiled: 05/19/1999 15:32:10

Copyright (C) 1988-1999 Altera Corporation
Any megafunction design, and related net list (encrypted or decrypted),
support information, device programming or simulation file, and any other
associated documentation or information provided by Altera or a partner
under Altera's Megafunction Partnership Program may be used only to
program PLD devices (but not masked PLD devices) from Altera.  Any other
use of such megafunction design, net list, support information, device
programming or simulation file, or any other related documentation or
information is prohibited for any other purpose, including, but not
limited to modification, reverse engineering, de-compiling, or use with
any other silicon devices, unless such use is explicitly licensed under
a separate agreement with Altera or a megafunction partner.  Title to
the intellectual property, including patents, copyrights, trademarks,
trade secrets, or maskworks, embodied in any such megafunction design,
net list, support information, device programming or simulation file, or
any other related documentation or information provided by Altera or a
megafunction partner, remains with Altera, the megafunction partner, or
their respective licensors.  No other licenses, including any licenses
needed under any third party's intellectual property, are provided herein.



***** Project compilation was successful


COUNTER


** DEVICE SUMMARY **

Chip/                     Input Output Bidir  Memory  Memory  			 LCs
POF       Device          Pins  Pins   Pins   Bits % Utilized  LCs  % Utilized

counter   EPF10K10LC84-3   10     8      0    0         0  %    18       3  %

User Pins:                 10     8      0  



Project Information                              c:\booksoft\chap6\counter.rpt

** FILE HIERARCHY **



|lpm_add_sub:140|
|lpm_add_sub:140|addcore:adder|
|lpm_add_sub:140|altshift:result_ext_latency_ffs|
|lpm_add_sub:140|altshift:carry_ext_latency_ffs|
|lpm_add_sub:140|altshift:oflow_ext_latency_ffs|


Device-Specific Information:                     c:\booksoft\chap6\counter.rpt
counter

***** Logic for device 'counter' compiled without errors.




Device: EPF10K10LC84-3

FLEX 10K Configuration Scheme: Passive Serial

Device Options:
    User-Supplied Start-Up Clock               = OFF
    Auto-Restart Configuration on Frame Error  = OFF
    Release Clears Before Tri-States           = OFF
    Enable Chip_Wide Reset                     = OFF
    Enable Chip-Wide Output Enable             = OFF
    Enable INIT_DONE Output                    = OFF
    JTAG User Code                             = 7f

                                           M  M  M                       ^     
                                           a  a  a                       C     
                         R  R  R  R     R  x  x  x  R     R  R  R  R     O     
                         E  E  E  E     E  _  _  _  E     E  E  E  E     N     
                C  C  C  S  S  S  S  V  S  c  c  c  S  G  S  S  S  S     F     
                o  o  o  E  E  E  E  C  E  o  o  o  E  N  E  E  E  E     _  ^  
                u  u  u  R  R  R  R  C  R  u  u  u  R  D  R  R  R  R  #  D  n  
                n  n  n  V  V  V  V  I  V  n  n  n  V  I  V  V  V  V  T  O  C  
                t  t  t  E  E  E  E  N  E  t  t  t  E  N  E  E  E  E  C  N  E  
                5  3  2  D  D  D  D  T  D  1  3  0  D  T  D  D  D  D  K  E  O  
              -----------------------------------------------------------------_ 
            /  11 10  9  8  7  6  5  4  3  2  1 84 83 82 81 80 79 78 77 76 75   | 
    ^DATA0 | 12                                                              74 | #TDO 
     ^DCLK | 13                                                              73 | Max_count4 
      ^nCE | 14                                                              72 | Max_count5 
      #TDI | 15                                                              71 | Max_count6 
    Count7 | 16                                                              70 | Max_count7 
    Count0 | 17                                                              69 | Count6 
    Count1 | 18                                                              68 | GNDINT 
    Count4 | 19                                                              67 | RESERVED 
    VCCINT | 20                                                              66 | RESERVED 
  RESERVED | 21                                                              65 | RESERVED 
  RESERVED | 22                        EPF10K10LC84-3                        64 | RESERVED 
  RESERVED | 23                                                              63 | VCCINT 
  RESERVED | 24                                                              62 | RESERVED 
  RESERVED | 25                                                              61 | RESERVED 
    GNDINT | 26                                                              60 | RESERVED 
  RESERVED | 27                                                              59 | RESERVED 
  RESERVED | 28                                                              58 | RESERVED 
  RESERVED | 29                                                              57 | #TMS 
  RESERVED | 30                                                              56 | #TRST 
    ^MSEL0 | 31                                                              55 | ^nSTATUS 
    ^MSEL1 | 32                                                              54 | RESERVED 
           |_  33 34 35 36 37 38 39 40 41 42 43 44 45 46 47 48 49 50 51 52 53  _| 
             ------------------------------------------------------------------ 
                V  ^  R  R  R  R  R  V  G  R  C  M  V  G  R  R  R  R  R  R  R  
                C  n  E  E  E  E  E  C  N  e  l  a  C  N  E  E  E  E  E  E  E  
                C  C  S  S  S  S  S  C  D  s  o  x  C  D  S  S  S  S  S  S  S  
                I  O  E  E  E  E  E  I  I  e  c  _  I  I  E  E  E  E  E  E  E  
                N  N  R  R  R  R  R  N  N  t  k  c  N  N  R  R  R  R  R  R  R  
                T  F  V  V  V  V  V  T  T        o  T  T  V  V  V  V  V  V  V  
                   I  E  E  E  E  E              u        E  E  E  E  E  E  E  
                   G  D  D  D  D  D              n        D  D  D  D  D  D  D  
                                                 t                             
                                                 2                             


N.C. = No Connect, This pin has no internal connection to the device.
VCCINT = Dedicated power pin, which MUST be connected to VCC (5.0 volts).
VCCIO = Dedicated power pin, which MUST be connected to VCC (5.0 volts).
GNDINT = Dedicated ground pin or unused dedicated input, which MUST be connected to GND.
GNDIO = Dedicated ground pin, which MUST be connected to GND.
RESERVED = Unused I/O pin, which MUST be left unconnected.

^ = Dedicated configuration pin.
+ = Reserved configuration pin, which is tri-stated during user mode.
* = Reserved configuration pin, which drives out in user mode.
PDn = Power Down pin. 
@ = Special-purpose pin. 
# = JTAG Boundary-Scan Testing/In-System Programming or Configuration Pin. The JTAG inputs TMS and TDI should be tied to VCC and TCK should be tied to GND when not in use.
& = JTAG pin used for I/O. When used as user I/O, JTAG pins must be kept stable before and during configuration.  JTAG pin stability prevents accidental loading of JTAG instructions.


Device-Specific Information:                     c:\booksoft\chap6\counter.rpt
counter

** RESOURCE USAGE **

Logic                Column       Row                                   
Array                Interconnect Interconnect         Clears/     External  
Block   Logic Cells  Driven       Driven       Clocks  Presets   Interconnect
A1       7/ 8( 87%)   1/ 8( 12%)   3/ 8( 37%)    1/2    1/2       6/22( 27%)   
A2       8/ 8(100%)   2/ 8( 25%)   2/ 8( 25%)    1/2    1/2       9/22( 40%)   
A3       2/ 8( 25%)   0/ 8(  0%)   2/ 8( 25%)    1/2    1/2       1/22(  4%)   
A4       1/ 8( 12%)   0/ 8(  0%)   1/ 8( 12%)    1/2    1/2       2/22(  9%)   


Embedded             Column       Row                                   
Array     Embedded   Interconnect Interconnect         Read/      External  
Block     Cells      Driven       Driven       Clocks  Write    Interconnect


Total dedicated input pins used:                 6/6      (100%)
Total I/O pins used:                            12/53     ( 22%)
Total logic cells used:                         18/576    (  3%)
Total embedded cells used:                       0/24     (  0%)
Total EABs used:                                 0/3      (  0%)
Average fan-in:                                 3.22/4    ( 80%)
Total fan-in:                                  58/2304    (  2%)

Total input pins required:                      10
Total input I/O cell registers required:         0
Total output pins required:                      8
Total output I/O cell registers required:        0
Total buried I/O cell registers required:        0
Total bidirectional pins required:               0
Total reserved pins required                     0
Total logic cells required:                     18
Total flipflops required:                        8
Total packed registers required:                 0
Total logic cells in carry chains:               0
Total number of carry chains:                    0
Total logic cells in cascade chains:             0
Total number of cascade chains:                  0
Total single-pin Clock Enables required:         0
Total single-pin Output Enables required:        0

Synthesized logic cells:                         0/ 576   (  0%)

Logic Cell and Embedded Cell Counts

Column:  01  02  03  04  05  06  07  08  09  10  11  12  EA  13  14  15  16  17  18  19  20  21  22  23  24  Total(LC/EC)
 A:      7   8   2   1   0   0   0   0   0   0   0   0   0   0   0   0   0   0   0   0   0   0   0   0   0     18/0  
 B:      0   0   0   0   0   0   0   0   0   0   0   0   0   0   0   0   0   0   0   0   0   0   0   0   0      0/0  
 C:      0   0   0   0   0   0   0   0   0   0   0   0   0   0   0   0   0   0   0   0   0   0   0   0   0      0/0  

Total:   7   8   2   1   0   0   0   0   0   0   0   0   0   0   0   0   0   0   0   0   0   0   0   0   0     18/0  



Device-Specific Information:                     c:\booksoft\chap6\counter.rpt
counter

** INPUTS **

                                                    Fan-In    Fan-Out
 Pin     LC     EC   Row  Col  Primitive    Code      INP  FBK  OUT  FBK  Name
  43      -     -    -    --      INPUT  G             0    0    0    0  Clock
  84      -     -    -    --      INPUT                0    0    0    1  Max_count0
   2      -     -    -    --      INPUT                0    0    0    1  Max_count1
  44      -     -    -    --      INPUT                0    0    0    1  Max_count2
   1      -     -    -    --      INPUT                0    0    0    1  Max_count3
  73      -     -    A    --      INPUT                0    0    0    1  Max_count4
  72      -     -    A    --      INPUT                0    0    0    1  Max_count5
  71      -     -    A    --      INPUT                0    0    0    1  Max_count6
  70      -     -    A    --      INPUT                0    0    0    1  Max_count7
  42      -     -    -    --      INPUT  G             0    0    0    0  Reset


Code:

s = Synthesized pin or logic cell
+ = Synchronous flipflop
/ = Slow slew-rate output
! = NOT gate push-back
r = Fitter-inserted logic cell
@ = Uses single-pin Clock Enable
& = Uses single-pin Output Enable
G = Global Source. Fan-out destinations counted here do not include destinations
that are driven using global routing resources. Refer to the Auto Global Signals,
Clock Signals, Clear Signals, Synchronous Load Signals, and Synchronous Clear Signals
Sections of this Report File for information on which signals' fan-outs are used as
Clock, Clear, Preset, Output Enable, and synchronous Load signals.


Device-Specific Information:                     c:\booksoft\chap6\counter.rpt
counter

** OUTPUTS **

       Fed By Fed By                                Fan-In    Fan-Out
 Pin     LC     EC   Row  Col  Primitive    Code      INP  FBK  OUT  FBK  Name
  17      -     -    A    --     OUTPUT                0    1    0    0  Count0
  18      -     -    A    --     OUTPUT                0    1    0    0  Count1
   9      -     -    -    02     OUTPUT                0    1    0    0  Count2
  10      -     -    -    01     OUTPUT                0    1    0    0  Count3
  19      -     -    A    --     OUTPUT                0    1    0    0  Count4
  11      -     -    -    01     OUTPUT                0    1    0    0  Count5
  69      -     -    A    --     OUTPUT                0    1    0    0  Count6
  16      -     -    A    --     OUTPUT                0    1    0    0  Count7


Code:

s = Synthesized pin or logic cell
+ = Synchronous flipflop
/ = Slow slew-rate output
! = NOT gate push-back
r = Fitter-inserted logic cell
@ = Uses single-pin Clock Enable
& = Uses single-pin Output Enable


Device-Specific Information:                     c:\booksoft\chap6\counter.rpt
counter

** BURIED LOGIC **

                                                    Fan-In    Fan-Out
 IOC     LC     EC   Row  Col  Primitive    Code      INP  FBK  OUT  FBK  Name
   -      7     -    A    02       AND2                0    2    0    1  |LPM_ADD_SUB:140|addcore:adder|:121
   -      5     -    A    02       AND2                0    4    0    3  |LPM_ADD_SUB:140|addcore:adder|:129
   -      4     -    A    01       AND2                0    3    0    2  |LPM_ADD_SUB:140|addcore:adder|:137
   -      1     -    A    01       DFFE   +            0    3    1    1  internal_count7 (:19)
   -      8     -    A    01       DFFE   +            0    2    1    2  internal_count6 (:20)
   -      2     -    A    01       DFFE   +            0    3    1    2  internal_count5 (:21)
   -      7     -    A    04       DFFE   +            0    2    1    3  internal_count4 (:22)
   -      2     -    A    02       DFFE   +            0    3    1    2  internal_count3 (:23)
   -      1     -    A    02       DFFE   +            0    3    1    3  internal_count2 (:24)
   -      5     -    A    03       DFFE   +            0    2    1    4  internal_count1 (:25)
   -      3     -    A    03       DFFE   +            0    1    1    5  internal_count0 (:26)
   -      3     -    A    01        OR2                1    2    0    8  :79
   -      6     -    A    01        OR2                1    2    0    1  :84
   -      5     -    A    01        OR2                1    2    0    1  :89
   -      6     -    A    02        OR2                1    2    0    1  :94
   -      3     -    A    02        OR2                1    2    0    1  :99
   -      4     -    A    02        OR2                1    2    0    1  :104
   -      8     -    A    02        OR2                2    2    0    1  :109


Code:

s = Synthesized pin or logic cell
+ = Synchronous flipflop
/ = Slow slew-rate output
! = NOT gate push-back
r = Fitter-inserted logic cell
p = Packed register


Device-Specific Information:                     c:\booksoft\chap6\counter.rpt
counter

** FASTTRACK INTERCONNECT UTILIZATION **

Row FastTrack Interconnect:

          Global         Left Half-      Right Half-
         FastTrack       FastTrack       FastTrack 
Row     Interconnect    Interconnect    Interconnect    Input Pins     Output Pins     Bidir Pins
A:       5/ 96(  5%)     7/ 48( 14%)     0/ 48(  0%)    4/16( 25%)      5/16( 31%)     0/16(  0%)
B:       0/ 96(  0%)     0/ 48(  0%)     0/ 48(  0%)    0/16(  0%)      0/16(  0%)     0/16(  0%)
C:       0/ 96(  0%)     0/ 48(  0%)     0/ 48(  0%)    0/16(  0%)      0/16(  0%)     0/16(  0%)


Column FastTrack Interconnect:

         FastTrack                                 
Column  Interconnect    Input Pins     Output Pins     Bidir Pins
01:      2/24(  8%)     0/4(  0%)      2/4( 50%)       0/4(  0%)
02:      1/24(  4%)     0/4(  0%)      1/4( 25%)       0/4(  0%)
03:      0/24(  0%)     0/4(  0%)      0/4(  0%)       0/4(  0%)
04:      0/24(  0%)     0/4(  0%)      0/4(  0%)       0/4(  0%)
05:      0/24(  0%)     0/4(  0%)      0/4(  0%)       0/4(  0%)
06:      0/24(  0%)     0/4(  0%)      0/4(  0%)       0/4(  0%)
07:      0/24(  0%)     0/4(  0%)      0/4(  0%)       0/4(  0%)
08:      0/24(  0%)     0/4(  0%)      0/4(  0%)       0/4(  0%)
09:      0/24(  0%)     0/4(  0%)      0/4(  0%)       0/4(  0%)
10:      0/24(  0%)     0/4(  0%)      0/4(  0%)       0/4(  0%)
11:      0/24(  0%)     0/4(  0%)      0/4(  0%)       0/4(  0%)
12:      0/24(  0%)     0/4(  0%)      0/4(  0%)       0/4(  0%)
13:      0/24(  0%)     0/4(  0%)      0/4(  0%)       0/4(  0%)
14:      0/24(  0%)     0/4(  0%)      0/4(  0%)       0/4(  0%)
15:      0/24(  0%)     0/4(  0%)      0/4(  0%)       0/4(  0%)
16:      0/24(  0%)     0/4(  0%)      0/4(  0%)       0/4(  0%)
17:      0/24(  0%)     0/4(  0%)      0/4(  0%)       0/4(  0%)
18:      0/24(  0%)     0/4(  0%)      0/4(  0%)       0/4(  0%)
19:      0/24(  0%)     0/4(  0%)      0/4(  0%)       0/4(  0%)
20:      0/24(  0%)     0/4(  0%)      0/4(  0%)       0/4(  0%)
21:      0/24(  0%)     0/4(  0%)      0/4(  0%)       0/4(  0%)
22:      0/24(  0%)     0/4(  0%)      0/4(  0%)       0/4(  0%)
23:      0/24(  0%)     0/4(  0%)      0/4(  0%)       0/4(  0%)
24:      0/24(  0%)     0/4(  0%)      0/4(  0%)       0/4(  0%)
EA:      0/24(  0%)     0/4(  0%)      0/4(  0%)       0/4(  0%)


Device-Specific Information:                     c:\booksoft\chap6\counter.rpt
counter

** CLOCK SIGNALS **

Type     Fan-out       Name
INPUT        8         Clock


Device-Specific Information:                     c:\booksoft\chap6\counter.rpt
counter

** CLEAR SIGNALS **

Type     Fan-out       Name
INPUT        8         Reset


Device-Specific Information:                     c:\booksoft\chap6\counter.rpt
counter

** EQUATIONS **

Clock    : INPUT;
Max_count0 : INPUT;
Max_count1 : INPUT;
Max_count2 : INPUT;
Max_count3 : INPUT;
Max_count4 : INPUT;
Max_count5 : INPUT;
Max_count6 : INPUT;
Max_count7 : INPUT;
Reset    : INPUT;

-- Node name is 'Count0' 
-- Equation name is 'Count0', type is output 
Count0   =  internal_count0;

-- Node name is 'Count1' 
-- Equation name is 'Count1', type is output 
Count1   =  internal_count1;

-- Node name is 'Count2' 
-- Equation name is 'Count2', type is output 
Count2   =  internal_count2;

-- Node name is 'Count3' 
-- Equation name is 'Count3', type is output 
Count3   =  internal_count3;

-- Node name is 'Count4' 
-- Equation name is 'Count4', type is output 
Count4   =  internal_count4;

-- Node name is 'Count5' 
-- Equation name is 'Count5', type is output 
Count5   =  internal_count5;

-- Node name is 'Count6' 
-- Equation name is 'Count6', type is output 
Count6   =  internal_count6;

-- Node name is 'Count7' 
-- Equation name is 'Count7', type is output 
Count7   =  internal_count7;

-- Node name is ':26' = 'internal_count0' 
-- Equation name is 'internal_count0', location is LC3_A3, type is buried.
internal_count0 = DFFE( _EQ001, GLOBAL( Clock), GLOBAL(!Reset),  VCC,  VCC);
  _EQ001 = !internal_count0 &  _LC3_A1;

-- Node name is ':25' = 'internal_count1' 
-- Equation name is 'internal_count1', location is LC5_A3, type is buried.
internal_count1 = DFFE( _EQ002, GLOBAL( Clock), GLOBAL(!Reset),  VCC,  VCC);
  _EQ002 = !internal_count0 &  internal_count1 &  _LC3_A1
         #  internal_count0 & !internal_count1 &  _LC3_A1;

-- Node name is ':24' = 'internal_count2' 
-- Equation name is 'internal_count2', location is LC1_A2, type is buried.
internal_count2 = DFFE( _EQ003, GLOBAL( Clock), GLOBAL(!Reset),  VCC,  VCC);
  _EQ003 = !internal_count1 &  internal_count2 &  _LC3_A1
         # !internal_count0 &  internal_count2 &  _LC3_A1
         #  internal_count0 &  internal_count1 & !internal_count2 &  _LC3_A1;

-- Node name is ':23' = 'internal_count3' 
-- Equation name is 'internal_count3', location is LC2_A2, type is buried.
internal_count3 = DFFE( _EQ004, GLOBAL( Clock), GLOBAL(!Reset),  VCC,  VCC);
  _EQ004 =  internal_count3 &  _LC3_A1 & !_LC7_A2
         # !internal_count2 &  internal_count3 &  _LC3_A1
         #  internal_count2 & !internal_count3 &  _LC3_A1 &  _LC7_A2;

-- Node name is ':22' = 'internal_count4' 
-- Equation name is 'internal_count4', location is LC7_A4, type is buried.
internal_count4 = DFFE( _EQ005, GLOBAL( Clock), GLOBAL(!Reset),  VCC,  VCC);
  _EQ005 =  internal_count4 &  _LC3_A1 & !_LC5_A2
         # !internal_count4 &  _LC3_A1 &  _LC5_A2;

-- Node name is ':21' = 'internal_count5' 
-- Equation name is 'internal_count5', location is LC2_A1, type is buried.
internal_count5 = DFFE( _EQ006, GLOBAL( Clock), GLOBAL(!Reset),  VCC,  VCC);
  _EQ006 = !internal_count4 &  internal_count5 &  _LC3_A1
         #  internal_count5 &  _LC3_A1 & !_LC5_A2
         #  internal_count4 & !internal_count5 &  _LC3_A1 &  _LC5_A2;

-- Node name is ':20' = 'internal_count6' 
-- Equation name is 'internal_count6', location is LC8_A1, type is buried.
internal_count6 = DFFE( _EQ007, GLOBAL( Clock), GLOBAL(!Reset),  VCC,  VCC);
  _EQ007 =  internal_count6 &  _LC3_A1 & !_LC4_A1
         # !internal_count6 &  _LC3_A1 &  _LC4_A1;

-- Node name is ':19' = 'internal_count7' 
-- Equation name is 'internal_count7', location is LC1_A1, type is buried.
internal_count7 = DFFE( _EQ008, GLOBAL( Clock), GLOBAL(!Reset),  VCC,  VCC);
  _EQ008 = !internal_count6 &  internal_count7 &  _LC3_A1
         #  internal_count7 &  _LC3_A1 & !_LC4_A1
         #  internal_count6 & !internal_count7 &  _LC3_A1 &  _LC4_A1;

-- Node name is '|LPM_ADD_SUB:140|addcore:adder|:121' from file "addcore.tdf" line 312, column 64
-- Equation name is '_LC7_A2', type is buried 
_LC7_A2  = LCELL( _EQ009);
  _EQ009 =  internal_count0 &  internal_count1;

-- Node name is '|LPM_ADD_SUB:140|addcore:adder|:129' from file "addcore.tdf" line 312, column 64
-- Equation name is '_LC5_A2', type is buried 
_LC5_A2  = LCELL( _EQ010);
  _EQ010 =  internal_count0 &  internal_count1 &  internal_count2 & 
              internal_count3;

-- Node name is '|LPM_ADD_SUB:140|addcore:adder|:137' from file "addcore.tdf" line 312, column 64
-- Equation name is '_LC4_A1', type is buried 
_LC4_A1  = LCELL( _EQ011);
  _EQ011 =  internal_count4 &  internal_count5 &  _LC5_A2;

-- Node name is ':79' 
-- Equation name is '_LC3_A1', type is buried 
_LC3_A1  = LCELL( _EQ012);
  _EQ012 =  _LC6_A1 &  Max_count7
         # !internal_count7 &  _LC6_A1
         # !internal_count7 &  Max_count7;

-- Node name is ':84' 
-- Equation name is '_LC6_A1', type is buried 
_LC6_A1  = LCELL( _EQ013);
  _EQ013 =  _LC5_A1 &  Max_count6
         # !internal_count6 &  _LC5_A1
         # !internal_count6 &  Max_count6;

-- Node name is ':89' 
-- Equation name is '_LC5_A1', type is buried 
_LC5_A1  = LCELL( _EQ014);
  _EQ014 =  _LC6_A2 &  Max_count5
         # !internal_count5 &  _LC6_A2
         # !internal_count5 &  Max_count5;

-- Node name is ':94' 
-- Equation name is '_LC6_A2', type is buried 
_LC6_A2  = LCELL( _EQ015);
  _EQ015 =  _LC3_A2 &  Max_count4
         # !internal_count4 &  _LC3_A2
         # !internal_count4 &  Max_count4;

-- Node name is ':99' 
-- Equation name is '_LC3_A2', type is buried 
_LC3_A2  = LCELL( _EQ016);
  _EQ016 =  _LC4_A2 &  Max_count3
         # !internal_count3 &  _LC4_A2
         # !internal_count3 &  Max_count3;

-- Node name is ':104' 
-- Equation name is '_LC4_A2', type is buried 
_LC4_A2  = LCELL( _EQ017);
  _EQ017 =  _LC8_A2 &  Max_count2
         # !internal_count2 &  _LC8_A2
         # !internal_count2 &  Max_count2;

-- Node name is ':109' 
-- Equation name is '_LC8_A2', type is buried 
_LC8_A2  = LCELL( _EQ018);
  _EQ018 = !internal_count1 &  Max_count1
         # !internal_count0 &  Max_count0 &  Max_count1
         # !internal_count0 & !internal_count1 &  Max_count0;



Project Information                              c:\booksoft\chap6\counter.rpt

** COMPILATION SETTINGS & TIMES **

Processing Menu Commands
------------------------

Design Doctor                             = off

Logic Synthesis:

   Synthesis Type Used                    = Multi-Level

   Default Synthesis Style                = NORMAL

      Logic option settings in 'NORMAL' style for 'FLEX10K' family

      CARRY_CHAIN                         = ignore
      CARRY_CHAIN_LENGTH                  = 32
      CASCADE_CHAIN                       = ignore
      CASCADE_CHAIN_LENGTH                = 2
      DECOMPOSE_GATES                     = on
      DUPLICATE_LOGIC_EXTRACTION          = on
      MINIMIZATION                        = full
      MULTI_LEVEL_FACTORING               = on
      NOT_GATE_PUSH_BACK                  = on
      REDUCE_LOGIC                        = on
      REFACTORIZATION                     = on
      REGISTER_OPTIMIZATION               = on
      RESYNTHESIZE_NETWORK                = on
      SLOW_SLEW_RATE                      = off
      SUBFACTOR_EXTRACTION                = on
      IGNORE_SOFT_BUFFERS                 = on
      USE_LPM_FOR_AHDL_OPERATORS          = off

   Other logic synthesis settings:

      Automatic Global Clock              = on
      Automatic Global Clear              = on
      Automatic Global Preset             = on
      Automatic Global Output Enable      = on
      Automatic Fast I/O                  = off
      Automatic Register Packing          = off
      Automatic Open-Drain Pins           = on
      Automatic Implement in EAB          = off
      Optimize                            = 5

Default Timing Specifications: None

Cut All Bidir Feedback Timing Paths       = on
Cut All Clear & Preset Timing Paths       = on

Ignore Timing Assignments                 = on

Functional SNF Extractor                  = off

Linked SNF Extractor                      = off
Timing SNF Extractor                      = on
Optimize Timing SNF                       = off
Generate AHDL TDO File                    = off
Fitter Settings                           = NORMAL
Smart Recompile                           = off
Total Recompile                           = off

Interfaces Menu Commands
------------------------

EDIF Netlist Writer                       = off
Verilog Netlist Writer                    = off
VHDL Netlist Writer                       = off

Compilation Times
-----------------

   Compiler Netlist Extractor             00:00:00
   Database Builder                       00:00:00
   Logic Synthesizer                      00:00:01
   Partitioner                            00:00:00
   Fitter                                 00:00:00
   Timing SNF Extractor                   00:00:00
   Assembler                              00:00:01
   --------------------------             --------
   Total Time                             00:00:02


Memory Allocated
-----------------

Peak memory allocated during compilation  = 13,280K
