Project Information                        e:\vhdldesigns\ee231\17pcio\kbd.rpt

MAX+plus II Compiler Report File
Version 10.1 06/12/2001
Compiled: 03/13/2002 19:59:17

Copyright (C) 1988-2001 Altera Corporation
Any megafunction design, and related net list (encrypted or decrypted),
support information, device programming or simulation file, and any other
associated documentation or information provided by Altera or a partner
under Altera's Megafunction Partnership Program may be used only to
program PLD devices (but not masked PLD devices) from Altera.  Any other
use of such megafunction design, net list, support information, device
programming or simulation file, or any other related documentation or
information is prohibited for any other purpose, including, but not
limited to modification, reverse engineering, de-compiling, or use with
any other silicon devices, unless such use is explicitly licensed under
a separate agreement with Altera or a megafunction partner.  Title to
the intellectual property, including patents, copyrights, trademarks,
trade secrets, or maskworks, embodied in any such megafunction design,
net list, support information, device programming or simulation file, or
any other related documentation or information provided by Altera or a
megafunction partner, remains with Altera, the megafunction partner, or
their respective licensors.  No other licenses, including any licenses
needed under any third party's intellectual property, are provided herein.



***** Project compilation was successful




** DEVICE SUMMARY **

Chip/                     Input Output Bidir  Memory  Memory  			 LCs
POF       Device          Pins  Pins   Pins   Bits % Utilized  LCs  % Utilized

kbd       EPF10K70RC240-4  3      16     0    0         0  %    80       2  %

User Pins:                 3      16     0  



Project Information                        e:\vhdldesigns\ee231\17pcio\kbd.rpt

** PROJECT COMPILATION MESSAGES **

Warning: Project has user pin or logic cell assignments, but has never been compiled before. For best fitting results, let the Compiler choose the first set of assignments instead.


Project Information                        e:\vhdldesigns\ee231\17pcio\kbd.rpt

** PIN/LOCATION/CHIP ASSIGNMENTS **

                  Actual                  
    User       Assignments                
Assignments   (if different)     Node Name

kbd@91                            Clock_25Mhz
kbd@30                            KBD_CLK
kbd@31                            KBD_DATA
kbd@17                            LSD_SEG_A
kbd@18                            LSD_SEG_B
kbd@19                            LSD_SEG_C
kbd@20                            LSD_SEG_D
kbd@25                            LSD_SEG_DP
kbd@21                            LSD_SEG_E
kbd@23                            LSD_SEG_F
kbd@24                            LSD_SEG_G
kbd@6                             MSD_SEG_A
kbd@7                             MSD_SEG_B
kbd@8                             MSD_SEG_C
kbd@9                             MSD_SEG_D
kbd@14                            MSD_SEG_DP
kbd@11                            MSD_SEG_E
kbd@12                            MSD_SEG_F
kbd@13                            MSD_SEG_G


Project Information                        e:\vhdldesigns\ee231\17pcio\kbd.rpt

** FILE HIERARCHY **



|dec_7seg:33|
|dec_7seg:36|
|keyboard:39|
|keyboard:39|lpm_add_sub:440|
|keyboard:39|lpm_add_sub:440|addcore:adder|
|keyboard:39|lpm_add_sub:440|altshift:result_ext_latency_ffs|
|keyboard:39|lpm_add_sub:440|altshift:carry_ext_latency_ffs|
|keyboard:39|lpm_add_sub:440|altshift:oflow_ext_latency_ffs|


Device-Specific Information:               e:\vhdldesigns\ee231\17pcio\kbd.rpt
kbd

***** Logic for device 'kbd' compiled without errors.




Device: EPF10K70RC240-4

FLEX 10K Configuration Scheme: Passive Serial

Device Options:
    User-Supplied Start-Up Clock               = OFF
    Auto-Restart Configuration on Frame Error  = OFF
    Release Clears Before Tri-States           = OFF
    Enable Chip_Wide Reset                     = OFF
    Enable Chip-Wide Output Enable             = OFF
    Enable INIT_DONE Output                    = OFF
    JTAG User Code                             = 7f

                                                                                                                                          
                                                                                                                                          
                                                                                                                                          
                 R R R R R R R R   R R R R R R R   R R R R R R R   R R R       R R R R   R R R R R R R   R R R R R R R   R R R R R R R R  
                 E E E E E E E E   E E E E E E E   E E E E E E E   E E E       E E E E   E E E E E E E   E E E E E E E   E E E E E E E E  
                 S S S S S S S S G S S S S S S S V S S S S S S S G S S S G G G S S S S V S S S S S S S G S S S S S S S V S S S S S S S S  
                 E E E E E E E E N E E E E E E E C E E E E E E E N E E E N N N E E E E C E E E E E E E N E E E E E E E C E E E E E E E E  
                 R R R R R R R R D R R R R R R R C R R R R R R R D R R R D D D R R R R C R R R R R R R D R R R R R R R C R R R R R R R R  
                 V V V V V V V V I V V V V V V V I V V V V V V V I V V V I I I V V V V I V V V V V V V I V V V V V V V I V V V V V V V V  
                 E E E E E E E E N E E E E E E E N E E E E E E E N E E E N N N E E E E N E E E E E E E N E E E E E E E N E E E E E E E E  
                 D D D D D D D D T D D D D D D D T D D D D D D D T D D D T T T D D D D T D D D D D D D T D D D D D D D T D D D D D D D D  
               --------------------------------------------------------------------------------------------------------------------------_ 
              / 240 238 236 234 232 230 228 226 224 222 220 218 216 214 212 210 208 206 204 202 200 198 196 194 192 190 188 186 184 182   |_ 
             /    239 237 235 233 231 229 227 225 223 221 219 217 215 213 211 209 207 205 203 201 199 197 195 193 191 189 187 185 183 181    | 
       #TCK |  1                                                                                                                         180 | ^DATA0 
 ^CONF_DONE |  2                                                                                                                         179 | ^DCLK 
      ^nCEO |  3                                                                                                                         178 | ^nCE 
       #TDO |  4                                                                                                                         177 | #TDI 
     VCCINT |  5                                                                                                                         176 | GNDINT 
  MSD_SEG_A |  6                                                                                                                         175 | RESERVED 
  MSD_SEG_B |  7                                                                                                                         174 | RESERVED 
  MSD_SEG_C |  8                                                                                                                         173 | RESERVED 
  MSD_SEG_D |  9                                                                                                                         172 | RESERVED 
     GNDINT | 10                                                                                                                         171 | RESERVED 
  MSD_SEG_E | 11                                                                                                                         170 | VCCINT 
  MSD_SEG_F | 12                                                                                                                         169 | RESERVED 
  MSD_SEG_G | 13                                                                                                                         168 | RESERVED 
 MSD_SEG_DP | 14                                                                                                                         167 | RESERVED 
   RESERVED | 15                                                                                                                         166 | RESERVED 
     VCCINT | 16                                                                                                                         165 | GNDINT 
  LSD_SEG_A | 17                                                                                                                         164 | RESERVED 
  LSD_SEG_B | 18                                                                                                                         163 | RESERVED 
  LSD_SEG_C | 19                                                                                                                         162 | RESERVED 
  LSD_SEG_D | 20                                                                                                                         161 | RESERVED 
  LSD_SEG_E | 21                                                                                                                         160 | VCCINT 
     GNDINT | 22                                                                                                                         159 | RESERVED 
  LSD_SEG_F | 23                                                                                                                         158 | RESERVED 
  LSD_SEG_G | 24                                                                                                                         157 | RESERVED 
 LSD_SEG_DP | 25                                                                                                                         156 | RESERVED 
   RESERVED | 26                                                                                                                         155 | GNDINT 
     VCCINT | 27                                                                                                                         154 | RESERVED 
   RESERVED | 28                                                                                                                         153 | RESERVED 
   RESERVED | 29                                                                                                                         152 | RESERVED 
    KBD_CLK | 30                                                                                                                         151 | RESERVED 
   KBD_DATA | 31                                                     EPF10K70RC240-4                                                     150 | VCCINT 
     GNDINT | 32                                                                                                                         149 | RESERVED 
   RESERVED | 33                                                                                                                         148 | RESERVED 
   RESERVED | 34                                                                                                                         147 | RESERVED 
   RESERVED | 35                                                                                                                         146 | RESERVED 
   RESERVED | 36                                                                                                                         145 | GNDINT 
     VCCINT | 37                                                                                                                         144 | RESERVED 
   RESERVED | 38                                                                                                                         143 | RESERVED 
   RESERVED | 39                                                                                                                         142 | RESERVED 
   RESERVED | 40                                                                                                                         141 | RESERVED 
   RESERVED | 41                                                                                                                         140 | VCCINT 
     GNDINT | 42                                                                                                                         139 | RESERVED 
   RESERVED | 43                                                                                                                         138 | RESERVED 
   RESERVED | 44                                                                                                                         137 | RESERVED 
   RESERVED | 45                                                                                                                         136 | RESERVED 
   RESERVED | 46                                                                                                                         135 | GNDINT 
     VCCINT | 47                                                                                                                         134 | RESERVED 
   RESERVED | 48                                                                                                                         133 | RESERVED 
   RESERVED | 49                                                                                                                         132 | RESERVED 
   RESERVED | 50                                                                                                                         131 | RESERVED 
   RESERVED | 51                                                                                                                         130 | VCCINT 
     GNDINT | 52                                                                                                                         129 | RESERVED 
   RESERVED | 53                                                                                                                         128 | RESERVED 
   RESERVED | 54                                                                                                                         127 | RESERVED 
   RESERVED | 55                                                                                                                         126 | RESERVED 
   RESERVED | 56                                                                                                                         125 | GNDINT 
     VCCINT | 57                                                                                                                         124 | ^MSEL0 
       #TMS | 58                                                                                                                         123 | ^MSEL1 
      #TRST | 59                                                                                                                         122 | VCCINT 
   ^nSTATUS | 60                                                                                                                         121 | ^nCONFIG 
            |      62  64  66  68  70  72  74  76  78  80  82  84  86  88  90  92  94  96  98 100 102 104 106 108 110 112 114 116 118 120  _| 
             \   61  63  65  67  69  71  73  75  77  79  81  83  85  87  89  91  93  95  97  99 101 103 105 107 109 111 113 115 117 119   | 
              \--------------------------------------------------------------------------------------------------------------------------- 
                 R R R R R R R R G R R R R R R R V R R R R R R R G R R R V G C G G R R V R R R R R R R G R R R R R R R V R R R R R R R R  
                 E E E E E E E E N E E E E E E E C E E E E E E E N E E E C N l N N E E C E E E E E E E N E E E E E E E C E E E E E E E E  
                 S S S S S S S S D S S S S S S S C S S S S S S S D S S S C D o D D S S C S S S S S S S D S S S S S S S C S S S S S S S S  
                 E E E E E E E E I E E E E E E E I E E E E E E E I E E E I I c I I E E I E E E E E E E I E E E E E E E I E E E E E E E E  
                 R R R R R R R R N R R R R R R R N R R R R R R R N R R R N N k N N R R N R R R R R R R N R R R R R R R N R R R R R R R R  
                 V V V V V V V V T V V V V V V V T V V V V V V V T V V V T T _ T T V V T V V V V V V V T V V V V V V V T V V V V V V V V  
                 E E E E E E E E   E E E E E E E   E E E E E E E   E E E     2     E E   E E E E E E E   E E E E E E E   E E E E E E E E  
                 D D D D D D D D   D D D D D D D   D D D D D D D   D D D     5     D D   D D D D D D D   D D D D D D D   D D D D D D D D  
                                                                             M                                                            
                                                                             h                                                            
                                                                             z                                                            


N.C. = No Connect. This pin has no internal connection to the device.
VCCINT = Dedicated power pin, which MUST be connected to VCC (5.0 volts).
VCCIO = Dedicated power pin, which MUST be connected to VCC (5.0 volts).
GNDINT = Dedicated ground pin or unused dedicated input, which MUST be connected to GND.
GNDIO = Dedicated ground pin, which MUST be connected to GND.
RESERVED = Unused I/O pin, which MUST be left unconnected.

^ = Dedicated configuration pin.
+ = Reserved configuration pin, which is tri-stated during user mode.
* = Reserved configuration pin, which drives out in user mode.
PDn = Power Down pin. 
@ = Special-purpose pin. 
# = JTAG Boundary-Scan Testing/In-System Programming or Configuration Pin. The JTAG inputs TMS and TDI should be tied to VCC and TCK should be tied to GND when not in use.
& = JTAG pin used for I/O. When used as user I/O, JTAG pins must be kept stable before and during configuration.  JTAG pin stability prevents accidental loading of JTAG instructions.


Device-Specific Information:               e:\vhdldesigns\ee231\17pcio\kbd.rpt
kbd

** RESOURCE USAGE **

Logic                Column       Row                                   
Array                Interconnect Interconnect         Clears/     External  
Block   Logic Cells  Driven       Driven       Clocks  Presets   Interconnect
A35      8/ 8(100%)   2/ 8( 25%)   4/ 8( 50%)    0/2    0/2       4/26( 15%)   
A42      3/ 8( 37%)   0/ 8(  0%)   3/ 8( 37%)    0/2    0/2       4/26( 15%)   
A46      8/ 8(100%)   0/ 8(  0%)   1/ 8( 12%)    0/2    0/2       7/26( 26%)   
C28      8/ 8(100%)   1/ 8( 12%)   4/ 8( 50%)    1/2    0/2       4/26( 15%)   
C31      6/ 8( 75%)   0/ 8(  0%)   3/ 8( 37%)    1/2    0/2       2/26(  7%)   
C33      8/ 8(100%)   0/ 8(  0%)   1/ 8( 12%)    0/2    0/2       7/26( 26%)   
C35      7/ 8( 87%)   2/ 8( 25%)   3/ 8( 37%)    0/2    0/2       6/26( 23%)   
C36      8/ 8(100%)   0/ 8(  0%)   8/ 8(100%)    1/2    0/2       8/26( 30%)   
C41      1/ 8( 12%)   0/ 8(  0%)   1/ 8( 12%)    0/2    0/2       1/26(  3%)   
C42      7/ 8( 87%)   0/ 8(  0%)   2/ 8( 25%)    1/2    0/2       3/26( 11%)   
C45      8/ 8(100%)   0/ 8(  0%)   1/ 8( 12%)    1/2    0/2       5/26( 19%)   
C52      8/ 8(100%)   3/ 8( 37%)   2/ 8( 25%)    1/2    0/2       5/26( 19%)   


Embedded             Column       Row                                   
Array     Embedded   Interconnect Interconnect         Read/      External  
Block     Cells      Driven       Driven       Clocks  Write    Interconnect


Total dedicated input pins used:                 1/6      ( 16%)
Total I/O pins used:                            18/183    (  9%)
Total logic cells used:                         80/3744   (  2%)
Total embedded cells used:                       0/72     (  0%)
Total EABs used:                                 0/9      (  0%)
Average fan-in:                                 3.42/4    ( 85%)
Total fan-in:                                 274/14976   (  1%)

Total input pins required:                       3
Total input I/O cell registers required:         0
Total output pins required:                     16
Total output I/O cell registers required:        0
Total buried I/O cell registers required:        0
Total bidirectional pins required:               0
Total reserved pins required                     0
Total logic cells required:                     80
Total flipflops required:                       31
Total packed registers required:                 0
Total logic cells in carry chains:               0
Total number of carry chains:                    0
Total logic cells in cascade chains:             0
Total number of cascade chains:                  0
Total single-pin Clock Enables required:         0
Total single-pin Output Enables required:        0

Synthesized logic cells:                        17/3744   (  0%)

Logic Cell and Embedded Cell Counts

Column:  01  02  03  04  05  06  07  08  09  10  11  12  13  14  15  16  17  18  19  20  21  22  23  24  25  26  EA  27  28  29  30  31  32  33  34  35  36  37  38  39  40  41  42  43  44  45  46  47  48  49  50  51  52  Total(LC/EC)
 A:      0   0   0   0   0   0   0   0   0   0   0   0   0   0   0   0   0   0   0   0   0   0   0   0   0   0   0   0   0   0   0   0   0   0   0   8   0   0   0   0   0   0   3   0   0   0   8   0   0   0   0   0   0     19/0  
 B:      0   0   0   0   0   0   0   0   0   0   0   0   0   0   0   0   0   0   0   0   0   0   0   0   0   0   0   0   0   0   0   0   0   0   0   0   0   0   0   0   0   0   0   0   0   0   0   0   0   0   0   0   0      0/0  
 C:      0   0   0   0   0   0   0   0   0   0   0   0   0   0   0   0   0   0   0   0   0   0   0   0   0   0   0   0   8   0   0   6   0   8   0   7   8   0   0   0   0   1   7   0   0   8   0   0   0   0   0   0   8     61/0  
 D:      0   0   0   0   0   0   0   0   0   0   0   0   0   0   0   0   0   0   0   0   0   0   0   0   0   0   0   0   0   0   0   0   0   0   0   0   0   0   0   0   0   0   0   0   0   0   0   0   0   0   0   0   0      0/0  
 E:      0   0   0   0   0   0   0   0   0   0   0   0   0   0   0   0   0   0   0   0   0   0   0   0   0   0   0   0   0   0   0   0   0   0   0   0   0   0   0   0   0   0   0   0   0   0   0   0   0   0   0   0   0      0/0  
 F:      0   0   0   0   0   0   0   0   0   0   0   0   0   0   0   0   0   0   0   0   0   0   0   0   0   0   0   0   0   0   0   0   0   0   0   0   0   0   0   0   0   0   0   0   0   0   0   0   0   0   0   0   0      0/0  
 G:      0   0   0   0   0   0   0   0   0   0   0   0   0   0   0   0   0   0   0   0   0   0   0   0   0   0   0   0   0   0   0   0   0   0   0   0   0   0   0   0   0   0   0   0   0   0   0   0   0   0   0   0   0      0/0  
 H:      0   0   0   0   0   0   0   0   0   0   0   0   0   0   0   0   0   0   0   0   0   0   0   0   0   0   0   0   0   0   0   0   0   0   0   0   0   0   0   0   0   0   0   0   0   0   0   0   0   0   0   0   0      0/0  
 I:      0   0   0   0   0   0   0   0   0   0   0   0   0   0   0   0   0   0   0   0   0   0   0   0   0   0   0   0   0   0   0   0   0   0   0   0   0   0   0   0   0   0   0   0   0   0   0   0   0   0   0   0   0      0/0  

Total:   0   0   0   0   0   0   0   0   0   0   0   0   0   0   0   0   0   0   0   0   0   0   0   0   0   0   0   0   8   0   0   6   0   8   0  15   8   0   0   0   0   1  10   0   0   8   8   0   0   0   0   0   8     80/0  



Device-Specific Information:               e:\vhdldesigns\ee231\17pcio\kbd.rpt
kbd

** INPUTS **

                                                    Fan-In    Fan-Out
 Pin     LC     EC   Row  Col  Primitive    Code      INP  FBK  OUT  FBK  Name
  91      -     -    -    --      INPUT  G             0    0    0    0  Clock_25Mhz
  30      -     -    E    --      INPUT                0    0    0    1  KBD_CLK
  31      -     -    E    --      INPUT                0    0    0    5  KBD_DATA


Code:

s = Synthesized pin or logic cell
+ = Synchronous flipflop
/ = Slow slew-rate output
! = NOT gate push-back
r = Fitter-inserted logic cell
@ = Uses single-pin Clock Enable
& = Uses single-pin Output Enable
G = Global Source. Fan-out destinations counted here do not include destinations
that are driven using global routing resources. Refer to the Auto Global Signals,
Clock Signals, Clear Signals, Synchronous Load Signals, and Synchronous Clear Signals
Sections of this Report File for information on which signals' fan-outs are used as
Clock, Clear, Preset, Output Enable, and synchronous Load signals.


Device-Specific Information:               e:\vhdldesigns\ee231\17pcio\kbd.rpt
kbd

** OUTPUTS **

       Fed By Fed By                                Fan-In    Fan-Out
 Pin     LC     EC   Row  Col  Primitive    Code      INP  FBK  OUT  FBK  Name
  17      -     -    B    --     OUTPUT                0    1    0    0  LSD_SEG_A
  18      -     -    B    --     OUTPUT                0    1    0    0  LSD_SEG_B
  19      -     -    C    --     OUTPUT                0    1    0    0  LSD_SEG_C
  20      -     -    C    --     OUTPUT                0    1    0    0  LSD_SEG_D
  25      -     -    D    --     OUTPUT                0    0    0    0  LSD_SEG_DP
  21      -     -    C    --     OUTPUT                0    1    0    0  LSD_SEG_E
  23      -     -    C    --     OUTPUT                0    1    0    0  LSD_SEG_F
  24      -     -    C    --     OUTPUT                0    1    0    0  LSD_SEG_G
   6      -     -    A    --     OUTPUT                0    1    0    0  MSD_SEG_A
   7      -     -    A    --     OUTPUT                0    1    0    0  MSD_SEG_B
   8      -     -    A    --     OUTPUT                0    1    0    0  MSD_SEG_C
   9      -     -    A    --     OUTPUT                0    1    0    0  MSD_SEG_D
  14      -     -    B    --     OUTPUT                0    0    0    0  MSD_SEG_DP
  11      -     -    A    --     OUTPUT                0    1    0    0  MSD_SEG_E
  12      -     -    B    --     OUTPUT                0    1    0    0  MSD_SEG_F
  13      -     -    B    --     OUTPUT                0    1    0    0  MSD_SEG_G


Code:

s = Synthesized pin or logic cell
+ = Synchronous flipflop
/ = Slow slew-rate output
! = NOT gate push-back
r = Fitter-inserted logic cell
@ = Uses single-pin Clock Enable
& = Uses single-pin Output Enable


Device-Specific Information:               e:\vhdldesigns\ee231\17pcio\kbd.rpt
kbd

** BURIED LOGIC **

                                                    Fan-In    Fan-Out
 IOC     LC     EC   Row  Col  Primitive    Code      INP  FBK  OUT  FBK  Name
   -      3     -    A    42        OR2    s           0    2    0    1  |DEC_7SEG:33|~444~1
   -      2     -    A    46       AND2                0    4    0    1  |DEC_7SEG:33|:456
   -      1     -    A    46       AND2                0    4    0    1  |DEC_7SEG:33|:492
   -      4     -    A    35       AND2                0    4    0    3  |DEC_7SEG:33|:528
   -      2     -    A    35        OR2        !       0    4    0    3  |DEC_7SEG:33|:540
   -      1     -    A    42        OR2        !       0    4    1    0  |DEC_7SEG:33|:543
   -      2     -    A    42        OR2        !       0    4    1    0  |DEC_7SEG:33|:591
   -      7     -    A    35        OR2        !       0    4    0    1  |DEC_7SEG:33|:638
   -      5     -    A    35       AND2        !       0    3    1    0  |DEC_7SEG:33|:639
   -      4     -    A    46        OR2    s           0    4    0    1  |DEC_7SEG:33|~687~1
   -      5     -    A    46        OR2    s           0    3    0    1  |DEC_7SEG:33|~687~2
   -      7     -    A    46        OR2    s           0    4    0    1  |DEC_7SEG:33|~687~3
   -      6     -    A    46        OR2        !       0    4    1    0  |DEC_7SEG:33|:687
   -      6     -    A    35        OR2        !       0    4    0    1  |DEC_7SEG:33|:729
   -      8     -    A    35        OR2        !       0    3    1    0  |DEC_7SEG:33|:735
   -      3     -    A    46        OR2    s           0    4    0    1  |DEC_7SEG:33|~771~1
   -      1     -    A    35        OR2        !       0    4    1    0  |DEC_7SEG:33|:783
   -      8     -    A    46        OR2    s           0    3    0    1  |DEC_7SEG:33|~825~1
   -      3     -    A    35        OR2        !       0    4    1    0  |DEC_7SEG:33|:833
   -      2     -    C    35        OR2    s           0    2    0    1  |DEC_7SEG:36|~444~1
   -      2     -    C    33       AND2                0    4    0    1  |DEC_7SEG:36|:456
   -      1     -    C    33       AND2                0    4    0    1  |DEC_7SEG:36|:492
   -      4     -    C    36       AND2                0    4    0    3  |DEC_7SEG:36|:528
   -      3     -    C    36        OR2        !       0    4    0    3  |DEC_7SEG:36|:540
   -      7     -    C    35        OR2        !       0    4    1    0  |DEC_7SEG:36|:543
   -      8     -    C    35        OR2        !       0    4    1    0  |DEC_7SEG:36|:591
   -      4     -    C    35        OR2        !       0    4    0    1  |DEC_7SEG:36|:638
   -      1     -    C    35       AND2        !       0    3    1    0  |DEC_7SEG:36|:639
   -      5     -    C    33        OR2    s           0    4    0    1  |DEC_7SEG:36|~687~1
   -      6     -    C    33        OR2    s           0    3    0    1  |DEC_7SEG:36|~687~2
   -      7     -    C    33        OR2    s           0    4    0    1  |DEC_7SEG:36|~687~3
   -      3     -    C    33        OR2        !       0    4    1    0  |DEC_7SEG:36|:687
   -      3     -    C    35        OR2        !       0    4    0    1  |DEC_7SEG:36|:729
   -      5     -    C    35        OR2        !       0    3    1    0  |DEC_7SEG:36|:735
   -      4     -    C    33        OR2    s           0    4    0    1  |DEC_7SEG:36|~771~1
   -      6     -    C    36        OR2        !       0    4    1    0  |DEC_7SEG:36|:783
   -      8     -    C    33        OR2    s           0    3    0    1  |DEC_7SEG:36|~825~1
   -      7     -    C    36        OR2        !       0    4    1    0  |DEC_7SEG:36|:833
   -      1     -    C    45       AND2                0    2    0    1  |KEYBOARD:39|LPM_ADD_SUB:440|addcore:adder|:55
   -      6     -    C    52       DFFE                0    4    0   14  |KEYBOARD:39|:6
   -      8     -    C    52       DFFE                0    4    0   14  |KEYBOARD:39|:8
   -      3     -    C    52       DFFE                0    4    0   14  |KEYBOARD:39|:10
   -      3     -    C    28       DFFE                0    4    0   12  |KEYBOARD:39|:12
   -      4     -    C    28       DFFE                0    4    0   14  |KEYBOARD:39|:14
   -      5     -    C    28       DFFE                0    4    0   14  |KEYBOARD:39|:16
   -      2     -    C    52       DFFE                0    4    0   14  |KEYBOARD:39|:18
   -      8     -    C    36       DFFE                0    4    0   12  |KEYBOARD:39|:20
   -      4     -    C    31       DFFE   +            1    0    0    3  |KEYBOARD:39|filter7 (|KEYBOARD:39|:25)
   -      5     -    C    31       DFFE   +            0    1    0    3  |KEYBOARD:39|filter6 (|KEYBOARD:39|:26)
   -      6     -    C    31       DFFE   +            0    1    0    3  |KEYBOARD:39|filter5 (|KEYBOARD:39|:27)
   -      3     -    C    31       DFFE   +            0    1    0    3  |KEYBOARD:39|filter4 (|KEYBOARD:39|:28)
   -      2     -    C    42       DFFE   +            0    1    0    3  |KEYBOARD:39|filter3 (|KEYBOARD:39|:29)
   -      3     -    C    42       DFFE   +            0    1    0    3  |KEYBOARD:39|filter2 (|KEYBOARD:39|:30)
   -      4     -    C    42       DFFE   +            0    1    0    2  |KEYBOARD:39|filter1 (|KEYBOARD:39|:31)
   -      1     -    C    42       DFFE   +            0    1    0    2  |KEYBOARD:39|filter0 (|KEYBOARD:39|:32)
   -      7     -    C    42       DFFE   +            0    3    0   22  |KEYBOARD:39|keyboard_clk_filtered (|KEYBOARD:39|:33)
   -      3     -    C    45       DFFE                1    3    0    2  |KEYBOARD:39|INCNT3 (|KEYBOARD:39|:34)
   -      8     -    C    45       DFFE                1    3    0    3  |KEYBOARD:39|INCNT2 (|KEYBOARD:39|:35)
   -      6     -    C    45       DFFE                1    3    0    4  |KEYBOARD:39|INCNT1 (|KEYBOARD:39|:36)
   -      2     -    C    36       DFFE                0    3    0    4  |KEYBOARD:39|INCNT0 (|KEYBOARD:39|:37)
   -      1     -    C    36       DFFE                1    2    0    6  |KEYBOARD:39|READ_CHAR (|KEYBOARD:39|:38)
   -      4     -    C    52       DFFE                1    3    0    1  |KEYBOARD:39|SHIFTIN8 (|KEYBOARD:39|:39)
   -      7     -    C    52       DFFE                0    4    0    2  |KEYBOARD:39|SHIFTIN7 (|KEYBOARD:39|:40)
   -      5     -    C    52       DFFE                0    4    0    2  |KEYBOARD:39|SHIFTIN6 (|KEYBOARD:39|:41)
   -      1     -    C    52       DFFE                0    4    0    2  |KEYBOARD:39|SHIFTIN5 (|KEYBOARD:39|:42)
   -      6     -    C    28       DFFE                0    4    0    2  |KEYBOARD:39|SHIFTIN4 (|KEYBOARD:39|:43)
   -      8     -    C    28       DFFE                0    4    0    2  |KEYBOARD:39|SHIFTIN3 (|KEYBOARD:39|:44)
   -      7     -    C    28       DFFE                0    4    0    2  |KEYBOARD:39|SHIFTIN2 (|KEYBOARD:39|:45)
   -      1     -    C    28       DFFE                0    4    0    2  |KEYBOARD:39|SHIFTIN1 (|KEYBOARD:39|:46)
   -      2     -    C    28       DFFE                0    4    0    1  |KEYBOARD:39|SHIFTIN0 (|KEYBOARD:39|:47)
   -      1     -    C    31       AND2    s           0    4    0    1  |KEYBOARD:39|~216~1
   -      5     -    C    42       AND2    s           0    4    0    1  |KEYBOARD:39|~216~2
   -      2     -    C    31        OR2    s           0    4    0    1  |KEYBOARD:39|~233~1
   -      6     -    C    42        OR2    s           0    4    0    1  |KEYBOARD:39|~233~2
   -      4     -    C    45        OR2                0    4    0   20  |KEYBOARD:39|:357
   -      2     -    C    45        OR2                0    4    0    1  |KEYBOARD:39|:825
   -      7     -    C    45        OR2                0    4    0    1  |KEYBOARD:39|:831
   -      5     -    C    45        OR2                0    3    0    1  |KEYBOARD:39|:837
   -      1     -    C    41       AND2    s   !       0    1    0   17  |KEYBOARD:39|~1003~1
   -      5     -    C    36       AND2                0    2    0    3  |KEYBOARD:39|:1065


Code:

s = Synthesized pin or logic cell
+ = Synchronous flipflop
/ = Slow slew-rate output
! = NOT gate push-back
r = Fitter-inserted logic cell
p = Packed register


Device-Specific Information:               e:\vhdldesigns\ee231\17pcio\kbd.rpt
kbd

** FASTTRACK INTERCONNECT UTILIZATION **

Row FastTrack Interconnect:

          Global         Left Half-      Right Half-
         FastTrack       FastTrack       FastTrack 
Row     Interconnect    Interconnect    Interconnect    Input Pins     Output Pins     Bidir Pins
A:       1/208(  0%)     0/104(  0%)    11/104( 10%)    0/16(  0%)      5/16( 31%)     0/16(  0%)
B:       0/208(  0%)     0/104(  0%)     4/104(  3%)    0/16(  0%)      5/16( 31%)     0/16(  0%)
C:       2/208(  0%)     0/104(  0%)    27/104( 25%)    0/16(  0%)      5/16( 31%)     0/16(  0%)
D:       0/208(  0%)     0/104(  0%)     0/104(  0%)    0/16(  0%)      1/16(  6%)     0/16(  0%)
E:       2/208(  0%)     0/104(  0%)     0/104(  0%)    2/16( 12%)      0/16(  0%)     0/16(  0%)
F:       0/208(  0%)     0/104(  0%)     0/104(  0%)    0/16(  0%)      0/16(  0%)     0/16(  0%)
G:       0/208(  0%)     0/104(  0%)     0/104(  0%)    0/16(  0%)      0/16(  0%)     0/16(  0%)
H:       0/208(  0%)     0/104(  0%)     0/104(  0%)    0/16(  0%)      0/16(  0%)     0/16(  0%)
I:       0/208(  0%)     0/104(  0%)     0/104(  0%)    0/16(  0%)      0/16(  0%)     0/16(  0%)


Column FastTrack Interconnect:

         FastTrack                                 
Column  Interconnect    Input Pins     Output Pins     Bidir Pins
01:      0/24(  0%)     0/4(  0%)      0/4(  0%)       0/4(  0%)
02:      0/24(  0%)     0/4(  0%)      0/4(  0%)       0/4(  0%)
03:      0/24(  0%)     0/4(  0%)      0/4(  0%)       0/4(  0%)
04:      0/24(  0%)     0/4(  0%)      0/4(  0%)       0/4(  0%)
05:      0/24(  0%)     0/4(  0%)      0/4(  0%)       0/4(  0%)
06:      0/24(  0%)     0/4(  0%)      0/4(  0%)       0/4(  0%)
07:      0/24(  0%)     0/4(  0%)      0/4(  0%)       0/4(  0%)
08:      0/24(  0%)     0/4(  0%)      0/4(  0%)       0/4(  0%)
09:      0/24(  0%)     0/4(  0%)      0/4(  0%)       0/4(  0%)
10:      0/24(  0%)     0/4(  0%)      0/4(  0%)       0/4(  0%)
11:      0/24(  0%)     0/4(  0%)      0/4(  0%)       0/4(  0%)
12:      0/24(  0%)     0/4(  0%)      0/4(  0%)       0/4(  0%)
13:      0/24(  0%)     0/4(  0%)      0/4(  0%)       0/4(  0%)
14:      0/24(  0%)     0/4(  0%)      0/4(  0%)       0/4(  0%)
15:      0/24(  0%)     0/4(  0%)      0/4(  0%)       0/4(  0%)
16:      0/24(  0%)     0/4(  0%)      0/4(  0%)       0/4(  0%)
17:      0/24(  0%)     0/4(  0%)      0/4(  0%)       0/4(  0%)
18:      0/24(  0%)     0/4(  0%)      0/4(  0%)       0/4(  0%)
19:      0/24(  0%)     0/4(  0%)      0/4(  0%)       0/4(  0%)
20:      0/24(  0%)     0/4(  0%)      0/4(  0%)       0/4(  0%)
21:      0/24(  0%)     0/4(  0%)      0/4(  0%)       0/4(  0%)
22:      0/24(  0%)     0/4(  0%)      0/4(  0%)       0/4(  0%)
23:      0/24(  0%)     0/4(  0%)      0/4(  0%)       0/4(  0%)
24:      0/24(  0%)     0/4(  0%)      0/4(  0%)       0/4(  0%)
25:      0/24(  0%)     0/4(  0%)      0/4(  0%)       0/4(  0%)
26:      0/24(  0%)     0/4(  0%)      0/4(  0%)       0/4(  0%)
27:      0/24(  0%)     0/4(  0%)      0/4(  0%)       0/4(  0%)
28:      1/24(  4%)     0/4(  0%)      0/4(  0%)       0/4(  0%)
29:      0/24(  0%)     0/4(  0%)      0/4(  0%)       0/4(  0%)
30:      0/24(  0%)     0/4(  0%)      0/4(  0%)       0/4(  0%)
31:      0/24(  0%)     0/4(  0%)      0/4(  0%)       0/4(  0%)
32:      0/24(  0%)     0/4(  0%)      0/4(  0%)       0/4(  0%)
33:      0/24(  0%)     0/4(  0%)      0/4(  0%)       0/4(  0%)
34:      0/24(  0%)     0/4(  0%)      0/4(  0%)       0/4(  0%)
35:      4/24( 16%)     0/4(  0%)      0/4(  0%)       0/4(  0%)
36:      0/24(  0%)     0/4(  0%)      0/4(  0%)       0/4(  0%)
37:      0/24(  0%)     0/4(  0%)      0/4(  0%)       0/4(  0%)
38:      0/24(  0%)     0/4(  0%)      0/4(  0%)       0/4(  0%)
39:      0/24(  0%)     0/4(  0%)      0/4(  0%)       0/4(  0%)
40:      0/24(  0%)     0/4(  0%)      0/4(  0%)       0/4(  0%)
41:      0/24(  0%)     0/4(  0%)      0/4(  0%)       0/4(  0%)
42:      0/24(  0%)     0/4(  0%)      0/4(  0%)       0/4(  0%)
43:      0/24(  0%)     0/4(  0%)      0/4(  0%)       0/4(  0%)
44:      0/24(  0%)     0/4(  0%)      0/4(  0%)       0/4(  0%)
45:      0/24(  0%)     0/4(  0%)      0/4(  0%)       0/4(  0%)
46:      0/24(  0%)     0/4(  0%)      0/4(  0%)       0/4(  0%)
47:      0/24(  0%)     0/4(  0%)      0/4(  0%)       0/4(  0%)
48:      0/24(  0%)     0/4(  0%)      0/4(  0%)       0/4(  0%)
49:      0/24(  0%)     0/4(  0%)      0/4(  0%)       0/4(  0%)
50:      0/24(  0%)     0/4(  0%)      0/4(  0%)       0/4(  0%)
51:      0/24(  0%)     0/4(  0%)      0/4(  0%)       0/4(  0%)
52:      5/24( 20%)     0/4(  0%)      0/4(  0%)       0/4(  0%)
EA:      0/24(  0%)     0/4(  0%)      0/4(  0%)       0/4(  0%)


Device-Specific Information:               e:\vhdldesigns\ee231\17pcio\kbd.rpt
kbd

** CLOCK SIGNALS **

Type     Fan-out       Name
DFF         23         |KEYBOARD:39|keyboard_clk_filtered
INPUT        9         Clock_25Mhz


Device-Specific Information:               e:\vhdldesigns\ee231\17pcio\kbd.rpt
kbd

** EQUATIONS **

Clock_25Mhz : INPUT;
KBD_CLK  : INPUT;
KBD_DATA : INPUT;

-- Node name is 'LSD_SEG_A' 
-- Equation name is 'LSD_SEG_A', type is output 
LSD_SEG_A = !_LC7_C35;

-- Node name is 'LSD_SEG_B' 
-- Equation name is 'LSD_SEG_B', type is output 
LSD_SEG_B = !_LC8_C35;

-- Node name is 'LSD_SEG_C' 
-- Equation name is 'LSD_SEG_C', type is output 
LSD_SEG_C = !_LC1_C35;

-- Node name is 'LSD_SEG_D' 
-- Equation name is 'LSD_SEG_D', type is output 
LSD_SEG_D = !_LC3_C33;

-- Node name is 'LSD_SEG_DP' 
-- Equation name is 'LSD_SEG_DP', type is output 
LSD_SEG_DP =  VCC;

-- Node name is 'LSD_SEG_E' 
-- Equation name is 'LSD_SEG_E', type is output 
LSD_SEG_E = !_LC5_C35;

-- Node name is 'LSD_SEG_F' 
-- Equation name is 'LSD_SEG_F', type is output 
LSD_SEG_F = !_LC6_C36;

-- Node name is 'LSD_SEG_G' 
-- Equation name is 'LSD_SEG_G', type is output 
LSD_SEG_G = !_LC7_C36;

-- Node name is 'MSD_SEG_A' 
-- Equation name is 'MSD_SEG_A', type is output 
MSD_SEG_A = !_LC1_A42;

-- Node name is 'MSD_SEG_B' 
-- Equation name is 'MSD_SEG_B', type is output 
MSD_SEG_B = !_LC2_A42;

-- Node name is 'MSD_SEG_C' 
-- Equation name is 'MSD_SEG_C', type is output 
MSD_SEG_C = !_LC5_A35;

-- Node name is 'MSD_SEG_D' 
-- Equation name is 'MSD_SEG_D', type is output 
MSD_SEG_D = !_LC6_A46;

-- Node name is 'MSD_SEG_DP' 
-- Equation name is 'MSD_SEG_DP', type is output 
MSD_SEG_DP =  VCC;

-- Node name is 'MSD_SEG_E' 
-- Equation name is 'MSD_SEG_E', type is output 
MSD_SEG_E = !_LC8_A35;

-- Node name is 'MSD_SEG_F' 
-- Equation name is 'MSD_SEG_F', type is output 
MSD_SEG_F = !_LC1_A35;

-- Node name is 'MSD_SEG_G' 
-- Equation name is 'MSD_SEG_G', type is output 
MSD_SEG_G = !_LC3_A35;

-- Node name is '|DEC_7SEG:33|~444~1' 
-- Equation name is '_LC3_A42', type is buried 
-- synthesized logic cell 
_LC3_A42 = LCELL( _EQ001);
  _EQ001 = !_LC6_C52
         #  _LC8_C52;

-- Node name is '|DEC_7SEG:33|:456' 
-- Equation name is '_LC2_A46', type is buried 
_LC2_A46 = LCELL( _EQ002);
  _EQ002 =  _LC3_C28 &  _LC3_C52 & !_LC6_C52 &  _LC8_C52;

-- Node name is '|DEC_7SEG:33|:492' 
-- Equation name is '_LC1_A46', type is buried 
_LC1_A46 = LCELL( _EQ003);
  _EQ003 = !_LC3_C28 & !_LC3_C52 & !_LC6_C52 &  _LC8_C52;

-- Node name is '|DEC_7SEG:33|:528' 
-- Equation name is '_LC4_A35', type is buried 
_LC4_A35 = LCELL( _EQ004);
  _EQ004 =  _LC3_C28 & !_LC3_C52 & !_LC6_C52 & !_LC8_C52;

-- Node name is '|DEC_7SEG:33|:540' 
-- Equation name is '_LC2_A35', type is buried 
!_LC2_A35 = _LC2_A35~NOT;
_LC2_A35~NOT = LCELL( _EQ005);
  _EQ005 =  _LC3_C52
         #  _LC3_C28
         #  _LC6_C52
         #  _LC8_C52;

-- Node name is '|DEC_7SEG:33|:543' 
-- Equation name is '_LC1_A42', type is buried 
!_LC1_A42 = _LC1_A42~NOT;
_LC1_A42~NOT = LCELL( _EQ006);
  _EQ006 =  _LC3_C28 &  _LC3_C52 &  _LC6_C52 & !_LC8_C52
         #  _LC3_C28 & !_LC3_C52 &  _LC6_C52 &  _LC8_C52
         #  _LC3_C28 & !_LC3_C52 & !_LC6_C52 & !_LC8_C52
         # !_LC3_C28 & !_LC3_C52 & !_LC6_C52 &  _LC8_C52;

-- Node name is '|DEC_7SEG:33|:591' 
-- Equation name is '_LC2_A42', type is buried 
!_LC2_A42 = _LC2_A42~NOT;
_LC2_A42~NOT = LCELL( _EQ007);
  _EQ007 =  _LC3_C52 &  _LC6_C52 &  _LC8_C52
         #  _LC3_C28 &  _LC3_C52 &  _LC6_C52
         # !_LC3_C28 &  _LC3_C52 &  _LC8_C52
         # !_LC3_C28 &  _LC6_C52 &  _LC8_C52
         #  _LC3_C28 & !_LC3_C52 & !_LC6_C52 &  _LC8_C52;

-- Node name is '|DEC_7SEG:33|:638' 
-- Equation name is '_LC7_A35', type is buried 
!_LC7_A35 = _LC7_A35~NOT;
_LC7_A35~NOT = LCELL( _EQ008);
  _EQ008 = !_LC3_C52 & !_LC6_C52 & !_LC8_C52
         # !_LC3_C28 & !_LC6_C52 & !_LC8_C52
         # !_LC3_C28 &  _LC6_C52 &  _LC8_C52
         #  _LC3_C52 &  _LC6_C52 &  _LC8_C52;

-- Node name is '|DEC_7SEG:33|:639' 
-- Equation name is '_LC5_A35', type is buried 
!_LC5_A35 = _LC5_A35~NOT;
_LC5_A35~NOT = LCELL( _EQ009);
  _EQ009 = !_LC2_A35 & !_LC4_A35 & !_LC7_A35;

-- Node name is '|DEC_7SEG:33|~687~1' 
-- Equation name is '_LC4_A46', type is buried 
-- synthesized logic cell 
_LC4_A46 = LCELL( _EQ010);
  _EQ010 = !_LC6_C52
         # !_LC3_C52 & !_LC8_C52
         #  _LC3_C28 &  _LC3_C52 &  _LC8_C52
         # !_LC3_C28 & !_LC8_C52;

-- Node name is '|DEC_7SEG:33|~687~2' 
-- Equation name is '_LC5_A46', type is buried 
-- synthesized logic cell 
_LC5_A46 = LCELL( _EQ011);
  _EQ011 =  _LC3_A42 &  _LC4_A46
         #  _LC3_C52 &  _LC4_A46;

-- Node name is '|DEC_7SEG:33|~687~3' 
-- Equation name is '_LC7_A46', type is buried 
-- synthesized logic cell 
_LC7_A46 = LCELL( _EQ012);
  _EQ012 =  _LC1_A46
         #  _LC2_A46 &  _LC3_A46
         #  _LC3_A46 &  _LC5_A46;

-- Node name is '|DEC_7SEG:33|:687' 
-- Equation name is '_LC6_A46', type is buried 
!_LC6_A46 = _LC6_A46~NOT;
_LC6_A46~NOT = LCELL( _EQ013);
  _EQ013 = !_LC2_A35 &  _LC7_A46 &  _LC8_A46
         # !_LC2_A35 &  _LC4_A35;

-- Node name is '|DEC_7SEG:33|:729' 
-- Equation name is '_LC6_A35', type is buried 
!_LC6_A35 = _LC6_A35~NOT;
_LC6_A35~NOT = LCELL( _EQ014);
  _EQ014 = !_LC3_C52 & !_LC6_C52 &  _LC8_C52
         #  _LC3_C28 & !_LC3_C52 &  _LC6_C52 & !_LC8_C52
         #  _LC3_C28 &  _LC3_C52 & !_LC6_C52;

-- Node name is '|DEC_7SEG:33|:735' 
-- Equation name is '_LC8_A35', type is buried 
!_LC8_A35 = _LC8_A35~NOT;
_LC8_A35~NOT = LCELL( _EQ015);
  _EQ015 = !_LC2_A35 &  _LC4_A35
         # !_LC2_A35 & !_LC6_A35;

-- Node name is '|DEC_7SEG:33|~771~1' 
-- Equation name is '_LC3_A46', type is buried 
-- synthesized logic cell 
_LC3_A46 = LCELL( _EQ016);
  _EQ016 =  _LC6_C52
         # !_LC8_C52
         # !_LC3_C28 & !_LC3_C52
         #  _LC3_C28 &  _LC3_C52;

-- Node name is '|DEC_7SEG:33|:783' 
-- Equation name is '_LC1_A35', type is buried 
!_LC1_A35 = _LC1_A35~NOT;
_LC1_A35~NOT = LCELL( _EQ017);
  _EQ017 =  _LC3_C52 & !_LC6_C52 & !_LC8_C52
         #  _LC3_C28 & !_LC6_C52 & !_LC8_C52
         #  _LC3_C28 &  _LC3_C52 & !_LC6_C52
         #  _LC3_C28 & !_LC3_C52 &  _LC6_C52 &  _LC8_C52;

-- Node name is '|DEC_7SEG:33|~825~1' 
-- Equation name is '_LC8_A46', type is buried 
-- synthesized logic cell 
_LC8_A46 = LCELL( _EQ018);
  _EQ018 = !_LC3_C52
         #  _LC8_C52
         #  _LC6_C52;

-- Node name is '|DEC_7SEG:33|:833' 
-- Equation name is '_LC3_A35', type is buried 
!_LC3_A35 = _LC3_A35~NOT;
_LC3_A35~NOT = LCELL( _EQ019);
  _EQ019 = !_LC3_C52 & !_LC6_C52 & !_LC8_C52
         #  _LC3_C28 &  _LC3_C52 & !_LC6_C52 &  _LC8_C52
         # !_LC3_C28 & !_LC3_C52 &  _LC6_C52 &  _LC8_C52;

-- Node name is '|DEC_7SEG:36|~444~1' 
-- Equation name is '_LC2_C35', type is buried 
-- synthesized logic cell 
_LC2_C35 = LCELL( _EQ020);
  _EQ020 = !_LC4_C28
         #  _LC5_C28;

-- Node name is '|DEC_7SEG:36|:456' 
-- Equation name is '_LC2_C33', type is buried 
_LC2_C33 = LCELL( _EQ021);
  _EQ021 =  _LC2_C52 & !_LC4_C28 &  _LC5_C28 &  _LC8_C36;

-- Node name is '|DEC_7SEG:36|:492' 
-- Equation name is '_LC1_C33', type is buried 
_LC1_C33 = LCELL( _EQ022);
  _EQ022 = !_LC2_C52 & !_LC4_C28 &  _LC5_C28 & !_LC8_C36;

-- Node name is '|DEC_7SEG:36|:528' 
-- Equation name is '_LC4_C36', type is buried 
_LC4_C36 = LCELL( _EQ023);
  _EQ023 = !_LC2_C52 & !_LC4_C28 & !_LC5_C28 &  _LC8_C36;

-- Node name is '|DEC_7SEG:36|:540' 
-- Equation name is '_LC3_C36', type is buried 
!_LC3_C36 = _LC3_C36~NOT;
_LC3_C36~NOT = LCELL( _EQ024);
  _EQ024 =  _LC2_C52
         #  _LC8_C36
         #  _LC4_C28
         #  _LC5_C28;

-- Node name is '|DEC_7SEG:36|:543' 
-- Equation name is '_LC7_C35', type is buried 
!_LC7_C35 = _LC7_C35~NOT;
_LC7_C35~NOT = LCELL( _EQ025);
  _EQ025 =  _LC2_C52 &  _LC4_C28 & !_LC5_C28 &  _LC8_C36
         # !_LC2_C52 &  _LC4_C28 &  _LC5_C28 &  _LC8_C36
         # !_LC2_C52 & !_LC4_C28 & !_LC5_C28 &  _LC8_C36
         # !_LC2_C52 & !_LC4_C28 &  _LC5_C28 & !_LC8_C36;

-- Node name is '|DEC_7SEG:36|:591' 
-- Equation name is '_LC8_C35', type is buried 
!_LC8_C35 = _LC8_C35~NOT;
_LC8_C35~NOT = LCELL( _EQ026);
  _EQ026 =  _LC2_C52 &  _LC4_C28 &  _LC5_C28
         #  _LC2_C52 &  _LC4_C28 &  _LC8_C36
         #  _LC2_C52 &  _LC5_C28 & !_LC8_C36
         #  _LC4_C28 &  _LC5_C28 & !_LC8_C36
         # !_LC2_C52 & !_LC4_C28 &  _LC5_C28 &  _LC8_C36;

-- Node name is '|DEC_7SEG:36|:638' 
-- Equation name is '_LC4_C35', type is buried 
!_LC4_C35 = _LC4_C35~NOT;
_LC4_C35~NOT = LCELL( _EQ027);
  _EQ027 = !_LC2_C52 & !_LC4_C28 & !_LC5_C28
         # !_LC4_C28 & !_LC5_C28 & !_LC8_C36
         #  _LC4_C28 &  _LC5_C28 & !_LC8_C36
         #  _LC2_C52 &  _LC4_C28 &  _LC5_C28;

-- Node name is '|DEC_7SEG:36|:639' 
-- Equation name is '_LC1_C35', type is buried 
!_LC1_C35 = _LC1_C35~NOT;
_LC1_C35~NOT = LCELL( _EQ028);
  _EQ028 = !_LC3_C36 & !_LC4_C35 & !_LC4_C36;

-- Node name is '|DEC_7SEG:36|~687~1' 
-- Equation name is '_LC5_C33', type is buried 
-- synthesized logic cell 
_LC5_C33 = LCELL( _EQ029);
  _EQ029 = !_LC4_C28
         # !_LC2_C52 & !_LC5_C28
         #  _LC2_C52 &  _LC5_C28 &  _LC8_C36
         # !_LC5_C28 & !_LC8_C36;

-- Node name is '|DEC_7SEG:36|~687~2' 
-- Equation name is '_LC6_C33', type is buried 
-- synthesized logic cell 
_LC6_C33 = LCELL( _EQ030);
  _EQ030 =  _LC2_C35 &  _LC5_C33
         #  _LC2_C52 &  _LC5_C33;

-- Node name is '|DEC_7SEG:36|~687~3' 
-- Equation name is '_LC7_C33', type is buried 
-- synthesized logic cell 
_LC7_C33 = LCELL( _EQ031);
  _EQ031 =  _LC1_C33
         #  _LC2_C33 &  _LC4_C33
         #  _LC4_C33 &  _LC6_C33;

-- Node name is '|DEC_7SEG:36|:687' 
-- Equation name is '_LC3_C33', type is buried 
!_LC3_C33 = _LC3_C33~NOT;
_LC3_C33~NOT = LCELL( _EQ032);
  _EQ032 = !_LC3_C36 &  _LC7_C33 &  _LC8_C33
         # !_LC3_C36 &  _LC4_C36;

-- Node name is '|DEC_7SEG:36|:729' 
-- Equation name is '_LC3_C35', type is buried 
!_LC3_C35 = _LC3_C35~NOT;
_LC3_C35~NOT = LCELL( _EQ033);
  _EQ033 = !_LC2_C52 & !_LC4_C28 &  _LC5_C28
         # !_LC2_C52 &  _LC4_C28 & !_LC5_C28 &  _LC8_C36
         #  _LC2_C52 & !_LC4_C28 &  _LC8_C36;

-- Node name is '|DEC_7SEG:36|:735' 
-- Equation name is '_LC5_C35', type is buried 
!_LC5_C35 = _LC5_C35~NOT;
_LC5_C35~NOT = LCELL( _EQ034);
  _EQ034 = !_LC3_C36 &  _LC4_C36
         # !_LC3_C35 & !_LC3_C36;

-- Node name is '|DEC_7SEG:36|~771~1' 
-- Equation name is '_LC4_C33', type is buried 
-- synthesized logic cell 
_LC4_C33 = LCELL( _EQ035);
  _EQ035 =  _LC4_C28
         # !_LC5_C28
         # !_LC2_C52 & !_LC8_C36
         #  _LC2_C52 &  _LC8_C36;

-- Node name is '|DEC_7SEG:36|:783' 
-- Equation name is '_LC6_C36', type is buried 
!_LC6_C36 = _LC6_C36~NOT;
_LC6_C36~NOT = LCELL( _EQ036);
  _EQ036 =  _LC2_C52 & !_LC4_C28 & !_LC5_C28
         # !_LC4_C28 & !_LC5_C28 &  _LC8_C36
         #  _LC2_C52 & !_LC4_C28 &  _LC8_C36
         # !_LC2_C52 &  _LC4_C28 &  _LC5_C28 &  _LC8_C36;

-- Node name is '|DEC_7SEG:36|~825~1' 
-- Equation name is '_LC8_C33', type is buried 
-- synthesized logic cell 
_LC8_C33 = LCELL( _EQ037);
  _EQ037 = !_LC2_C52
         #  _LC5_C28
         #  _LC4_C28;

-- Node name is '|DEC_7SEG:36|:833' 
-- Equation name is '_LC7_C36', type is buried 
!_LC7_C36 = _LC7_C36~NOT;
_LC7_C36~NOT = LCELL( _EQ038);
  _EQ038 = !_LC2_C52 & !_LC4_C28 & !_LC5_C28
         #  _LC2_C52 & !_LC4_C28 &  _LC5_C28 &  _LC8_C36
         # !_LC2_C52 &  _LC4_C28 &  _LC5_C28 & !_LC8_C36;

-- Node name is '|KEYBOARD:39|:32' = '|KEYBOARD:39|filter0' 
-- Equation name is '_LC1_C42', type is buried 
_LC1_C42 = DFFE( _LC4_C42, GLOBAL( Clock_25Mhz),  VCC,  VCC,  VCC);

-- Node name is '|KEYBOARD:39|:31' = '|KEYBOARD:39|filter1' 
-- Equation name is '_LC4_C42', type is buried 
_LC4_C42 = DFFE( _LC3_C42, GLOBAL( Clock_25Mhz),  VCC,  VCC,  VCC);

-- Node name is '|KEYBOARD:39|:30' = '|KEYBOARD:39|filter2' 
-- Equation name is '_LC3_C42', type is buried 
_LC3_C42 = DFFE( _LC2_C42, GLOBAL( Clock_25Mhz),  VCC,  VCC,  VCC);

-- Node name is '|KEYBOARD:39|:29' = '|KEYBOARD:39|filter3' 
-- Equation name is '_LC2_C42', type is buried 
_LC2_C42 = DFFE( _LC3_C31, GLOBAL( Clock_25Mhz),  VCC,  VCC,  VCC);

-- Node name is '|KEYBOARD:39|:28' = '|KEYBOARD:39|filter4' 
-- Equation name is '_LC3_C31', type is buried 
_LC3_C31 = DFFE( _LC6_C31, GLOBAL( Clock_25Mhz),  VCC,  VCC,  VCC);

-- Node name is '|KEYBOARD:39|:27' = '|KEYBOARD:39|filter5' 
-- Equation name is '_LC6_C31', type is buried 
_LC6_C31 = DFFE( _LC5_C31, GLOBAL( Clock_25Mhz),  VCC,  VCC,  VCC);

-- Node name is '|KEYBOARD:39|:26' = '|KEYBOARD:39|filter6' 
-- Equation name is '_LC5_C31', type is buried 
_LC5_C31 = DFFE( _LC4_C31, GLOBAL( Clock_25Mhz),  VCC,  VCC,  VCC);

-- Node name is '|KEYBOARD:39|:25' = '|KEYBOARD:39|filter7' 
-- Equation name is '_LC4_C31', type is buried 
_LC4_C31 = DFFE( KBD_CLK, GLOBAL( Clock_25Mhz),  VCC,  VCC,  VCC);

-- Node name is '|KEYBOARD:39|:37' = '|KEYBOARD:39|INCNT0' 
-- Equation name is '_LC2_C36', type is buried 
_LC2_C36 = DFFE( _EQ039,  _LC7_C42,  VCC,  VCC,  VCC);
  _EQ039 =  _LC1_C36 & !_LC2_C36 &  _LC4_C45
         # !_LC1_C36 &  _LC2_C36;

-- Node name is '|KEYBOARD:39|:36' = '|KEYBOARD:39|INCNT1' 
-- Equation name is '_LC6_C45', type is buried 
_LC6_C45 = DFFE( _EQ040,  _LC7_C42,  VCC,  VCC,  VCC);
  _EQ040 =  _LC1_C36 &  _LC5_C45
         #  KBD_DATA &  _LC5_C45
         # !_LC1_C36 &  _LC6_C45;

-- Node name is '|KEYBOARD:39|:35' = '|KEYBOARD:39|INCNT2' 
-- Equation name is '_LC8_C45', type is buried 
_LC8_C45 = DFFE( _EQ041,  _LC7_C42,  VCC,  VCC,  VCC);
  _EQ041 =  _LC1_C36 &  _LC7_C45
         #  KBD_DATA &  _LC7_C45
         # !_LC1_C36 &  _LC8_C45;

-- Node name is '|KEYBOARD:39|:34' = '|KEYBOARD:39|INCNT3' 
-- Equation name is '_LC3_C45', type is buried 
_LC3_C45 = DFFE( _EQ042,  _LC7_C42,  VCC,  VCC,  VCC);
  _EQ042 =  _LC1_C36 &  _LC2_C45
         #  KBD_DATA &  _LC2_C45
         # !_LC1_C36 &  _LC3_C45;

-- Node name is '|KEYBOARD:39|:33' = '|KEYBOARD:39|keyboard_clk_filtered' 
-- Equation name is '_LC7_C42', type is buried 
_LC7_C42 = DFFE( _EQ043, GLOBAL( Clock_25Mhz),  VCC,  VCC,  VCC);
  _EQ043 =  _LC4_C42 &  _LC5_C42
         #  _LC6_C42 &  _LC7_C42
         #  _LC4_C42 &  _LC7_C42;

-- Node name is '|KEYBOARD:39|LPM_ADD_SUB:440|addcore:adder|:55' from file "addcore.tdf" line 312, column 64
-- Equation name is '_LC1_C45', type is buried 
_LC1_C45 = LCELL( _EQ044);
  _EQ044 =  _LC2_C36 &  _LC6_C45;

-- Node name is '|KEYBOARD:39|:38' = '|KEYBOARD:39|READ_CHAR' 
-- Equation name is '_LC1_C36', type is buried 
_LC1_C36 = DFFE( _EQ045,  _LC7_C42,  VCC,  VCC,  VCC);
  _EQ045 = !KBD_DATA & !_LC1_C36
         #  _LC1_C36 &  _LC4_C45;

-- Node name is '|KEYBOARD:39|:47' = '|KEYBOARD:39|SHIFTIN0' 
-- Equation name is '_LC2_C28', type is buried 
_LC2_C28 = DFFE( _EQ046,  _LC7_C42,  VCC,  VCC,  VCC);
  _EQ046 =  _LC2_C28 & !_LC4_C45
         #  _LC1_C28 & !_LC1_C41 &  _LC4_C45
         #  _LC1_C41 &  _LC2_C28;

-- Node name is '|KEYBOARD:39|:46' = '|KEYBOARD:39|SHIFTIN1' 
-- Equation name is '_LC1_C28', type is buried 
_LC1_C28 = DFFE( _EQ047,  _LC7_C42,  VCC,  VCC,  VCC);
  _EQ047 =  _LC1_C28 & !_LC4_C45
         # !_LC1_C41 &  _LC4_C45 &  _LC7_C28
         #  _LC1_C28 &  _LC1_C41;

-- Node name is '|KEYBOARD:39|:45' = '|KEYBOARD:39|SHIFTIN2' 
-- Equation name is '_LC7_C28', type is buried 
_LC7_C28 = DFFE( _EQ048,  _LC7_C42,  VCC,  VCC,  VCC);
  _EQ048 = !_LC4_C45 &  _LC7_C28
         # !_LC1_C41 &  _LC4_C45 &  _LC8_C28
         #  _LC1_C41 &  _LC7_C28;

-- Node name is '|KEYBOARD:39|:44' = '|KEYBOARD:39|SHIFTIN3' 
-- Equation name is '_LC8_C28', type is buried 
_LC8_C28 = DFFE( _EQ049,  _LC7_C42,  VCC,  VCC,  VCC);
  _EQ049 = !_LC4_C45 &  _LC8_C28
         # !_LC1_C41 &  _LC4_C45 &  _LC6_C28
         #  _LC1_C41 &  _LC8_C28;

-- Node name is '|KEYBOARD:39|:43' = '|KEYBOARD:39|SHIFTIN4' 
-- Equation name is '_LC6_C28', type is buried 
_LC6_C28 = DFFE( _EQ050,  _LC7_C42,  VCC,  VCC,  VCC);
  _EQ050 = !_LC4_C45 &  _LC6_C28
         # !_LC1_C41 &  _LC1_C52 &  _LC4_C45
         #  _LC1_C41 &  _LC6_C28;

-- Node name is '|KEYBOARD:39|:42' = '|KEYBOARD:39|SHIFTIN5' 
-- Equation name is '_LC1_C52', type is buried 
_LC1_C52 = DFFE( _EQ051,  _LC7_C42,  VCC,  VCC,  VCC);
  _EQ051 =  _LC1_C52 & !_LC4_C45
         # !_LC1_C41 &  _LC4_C45 &  _LC5_C52
         #  _LC1_C41 &  _LC1_C52;

-- Node name is '|KEYBOARD:39|:41' = '|KEYBOARD:39|SHIFTIN6' 
-- Equation name is '_LC5_C52', type is buried 
_LC5_C52 = DFFE( _EQ052,  _LC7_C42,  VCC,  VCC,  VCC);
  _EQ052 = !_LC4_C45 &  _LC5_C52
         # !_LC1_C41 &  _LC4_C45 &  _LC7_C52
         #  _LC1_C41 &  _LC5_C52;

-- Node name is '|KEYBOARD:39|:40' = '|KEYBOARD:39|SHIFTIN7' 
-- Equation name is '_LC7_C52', type is buried 
_LC7_C52 = DFFE( _EQ053,  _LC7_C42,  VCC,  VCC,  VCC);
  _EQ053 = !_LC4_C45 &  _LC7_C52
         # !_LC1_C41 &  _LC4_C45 &  _LC4_C52
         #  _LC1_C41 &  _LC7_C52;

-- Node name is '|KEYBOARD:39|:39' = '|KEYBOARD:39|SHIFTIN8' 
-- Equation name is '_LC4_C52', type is buried 
_LC4_C52 = DFFE( _EQ054,  _LC7_C42,  VCC,  VCC,  VCC);
  _EQ054 = !_LC4_C45 &  _LC4_C52
         #  _LC1_C41 &  _LC4_C52
         #  KBD_DATA & !_LC1_C41 &  _LC4_C45;

-- Node name is '|KEYBOARD:39|:6' 
-- Equation name is '_LC6_C52', type is buried 
_LC6_C52 = DFFE( _EQ055,  _LC7_C42,  VCC,  VCC,  VCC);
  _EQ055 = !_LC1_C41 & !_LC4_C45 &  _LC7_C52
         #  _LC4_C45 &  _LC6_C52
         #  _LC1_C41 &  _LC6_C52;

-- Node name is '|KEYBOARD:39|:8' 
-- Equation name is '_LC8_C52', type is buried 
_LC8_C52 = DFFE( _EQ056,  _LC7_C42,  VCC,  VCC,  VCC);
  _EQ056 = !_LC1_C41 & !_LC4_C45 &  _LC5_C52
         #  _LC4_C45 &  _LC8_C52
         #  _LC1_C41 &  _LC8_C52;

-- Node name is '|KEYBOARD:39|:10' 
-- Equation name is '_LC3_C52', type is buried 
_LC3_C52 = DFFE( _EQ057,  _LC7_C42,  VCC,  VCC,  VCC);
  _EQ057 = !_LC1_C41 &  _LC1_C52 & !_LC4_C45
         #  _LC3_C52 &  _LC4_C45
         #  _LC1_C41 &  _LC3_C52;

-- Node name is '|KEYBOARD:39|:12' 
-- Equation name is '_LC3_C28', type is buried 
_LC3_C28 = DFFE( _EQ058,  _LC7_C42,  VCC,  VCC,  VCC);
  _EQ058 = !_LC1_C41 & !_LC4_C45 &  _LC6_C28
         #  _LC3_C28 &  _LC4_C45
         #  _LC1_C41 &  _LC3_C28;

-- Node name is '|KEYBOARD:39|:14' 
-- Equation name is '_LC4_C28', type is buried 
_LC4_C28 = DFFE( _EQ059,  _LC7_C42,  VCC,  VCC,  VCC);
  _EQ059 = !_LC1_C41 & !_LC4_C45 &  _LC8_C28
         #  _LC4_C28 &  _LC4_C45
         #  _LC1_C41 &  _LC4_C28;

-- Node name is '|KEYBOARD:39|:16' 
-- Equation name is '_LC5_C28', type is buried 
_LC5_C28 = DFFE( _EQ060,  _LC7_C42,  VCC,  VCC,  VCC);
  _EQ060 = !_LC1_C41 & !_LC4_C45 &  _LC7_C28
         #  _LC4_C45 &  _LC5_C28
         #  _LC1_C41 &  _LC5_C28;

-- Node name is '|KEYBOARD:39|:18' 
-- Equation name is '_LC2_C52', type is buried 
_LC2_C52 = DFFE( _EQ061,  _LC7_C42,  VCC,  VCC,  VCC);
  _EQ061 =  _LC1_C28 & !_LC1_C41 & !_LC4_C45
         #  _LC2_C52 &  _LC4_C45
         #  _LC1_C41 &  _LC2_C52;

-- Node name is '|KEYBOARD:39|:20' 
-- Equation name is '_LC8_C36', type is buried 
_LC8_C36 = DFFE( _EQ062,  _LC7_C42,  VCC,  VCC,  VCC);
  _EQ062 = !_LC1_C41 &  _LC2_C28 & !_LC4_C45
         #  _LC4_C45 &  _LC8_C36
         #  _LC1_C41 &  _LC8_C36;

-- Node name is '|KEYBOARD:39|~216~1' 
-- Equation name is '_LC1_C31', type is buried 
-- synthesized logic cell 
_LC1_C31 = LCELL( _EQ063);
  _EQ063 =  _LC1_C42 &  _LC4_C31 &  _LC5_C31 &  _LC6_C31;

-- Node name is '|KEYBOARD:39|~216~2' 
-- Equation name is '_LC5_C42', type is buried 
-- synthesized logic cell 
_LC5_C42 = LCELL( _EQ064);
  _EQ064 =  _LC1_C31 &  _LC2_C42 &  _LC3_C31 &  _LC3_C42;

-- Node name is '|KEYBOARD:39|~233~1' 
-- Equation name is '_LC2_C31', type is buried 
-- synthesized logic cell 
_LC2_C31 = LCELL( _EQ065);
  _EQ065 =  _LC1_C42
         #  _LC4_C31
         #  _LC5_C31
         #  _LC6_C31;

-- Node name is '|KEYBOARD:39|~233~2' 
-- Equation name is '_LC6_C42', type is buried 
-- synthesized logic cell 
_LC6_C42 = LCELL( _EQ066);
  _EQ066 =  _LC2_C31
         #  _LC3_C42
         #  _LC2_C42
         #  _LC3_C31;

-- Node name is '|KEYBOARD:39|:357' 
-- Equation name is '_LC4_C45', type is buried 
_LC4_C45 = LCELL( _EQ067);
  _EQ067 = !_LC3_C45
         # !_LC2_C36 & !_LC6_C45 & !_LC8_C45;

-- Node name is '|KEYBOARD:39|:825' 
-- Equation name is '_LC2_C45', type is buried 
_LC2_C45 = LCELL( _EQ068);
  _EQ068 = !_LC1_C45 &  _LC3_C45 &  _LC5_C36
         #  _LC3_C45 &  _LC5_C36 & !_LC8_C45
         #  _LC1_C45 & !_LC3_C45 &  _LC5_C36 &  _LC8_C45;

-- Node name is '|KEYBOARD:39|:831' 
-- Equation name is '_LC7_C45', type is buried 
_LC7_C45 = LCELL( _EQ069);
  _EQ069 = !_LC2_C36 &  _LC5_C36 &  _LC8_C45
         #  _LC5_C36 & !_LC6_C45 &  _LC8_C45
         #  _LC2_C36 &  _LC5_C36 &  _LC6_C45 & !_LC8_C45;

-- Node name is '|KEYBOARD:39|:837' 
-- Equation name is '_LC5_C45', type is buried 
_LC5_C45 = LCELL( _EQ070);
  _EQ070 =  _LC2_C36 &  _LC5_C36 & !_LC6_C45
         # !_LC2_C36 &  _LC5_C36 &  _LC6_C45;

-- Node name is '|KEYBOARD:39|~1003~1' 
-- Equation name is '_LC1_C41', type is buried 
-- synthesized logic cell 
!_LC1_C41 = _LC1_C41~NOT;
_LC1_C41~NOT = LCELL( _LC1_C36);

-- Node name is '|KEYBOARD:39|:1065' 
-- Equation name is '_LC5_C36', type is buried 
_LC5_C36 = LCELL( _EQ071);
  _EQ071 =  _LC1_C36 &  _LC4_C45;



Project Information                        e:\vhdldesigns\ee231\17pcio\kbd.rpt

** COMPILATION SETTINGS & TIMES **

Processing Menu Commands
------------------------

Design Doctor                             = off

Logic Synthesis:

   Synthesis Type Used                    = Multi-Level

   Default Synthesis Style                = NORMAL

      Logic option settings in 'NORMAL' style for 'FLEX10K' family

      CARRY_CHAIN                         = ignore
      CARRY_CHAIN_LENGTH                  = 32
      CASCADE_CHAIN                       = ignore
      CASCADE_CHAIN_LENGTH                = 2
      DECOMPOSE_GATES                     = on
      DUPLICATE_LOGIC_EXTRACTION          = on
      MINIMIZATION                        = full
      MULTI_LEVEL_FACTORING               = on
      NOT_GATE_PUSH_BACK                  = on
      REDUCE_LOGIC                        = on
      REFACTORIZATION                     = on
      REGISTER_OPTIMIZATION               = on
      RESYNTHESIZE_NETWORK                = on
      SLOW_SLEW_RATE                      = off
      SUBFACTOR_EXTRACTION                = on
      IGNORE_SOFT_BUFFERS                 = on
      USE_LPM_FOR_AHDL_OPERATORS          = off

   Other logic synthesis settings:

      Automatic Global Clock              = on
      Automatic Global Clear              = on
      Automatic Global Preset             = on
      Automatic Global Output Enable      = on
      Automatic Fast I/O                  = off
      Automatic Register Packing          = off
      Automatic Open-Drain Pins           = on
      Automatic Implement in EAB          = off
      Optimize                            = 5

Default Timing Specifications: None

Cut All Bidir Feedback Timing Paths       = on
Cut All Clear & Preset Timing Paths       = on

Ignore Timing Assignments                 = on

Functional SNF Extractor                  = off

Linked SNF Extractor                      = off
Timing SNF Extractor                      = on
Optimize Timing SNF                       = off
Generate AHDL TDO File                    = off
Fitter Settings                           = NORMAL
Use Quartus Fitter                        = on
Smart Recompile                           = off
Total Recompile                           = off

Interfaces Menu Commands
------------------------

EDIF Netlist Writer                       = off
Verilog Netlist Writer                    = off
VHDL Netlist Writer                       = off

Compilation Times
-----------------

   Compiler Netlist Extractor             00:00:01
   Database Builder                       00:00:00
   Logic Synthesizer                      00:00:01
   Partitioner                            00:00:00
   Fitter                                 00:00:10
   Timing SNF Extractor                   00:00:01
   Assembler                              00:00:02
   --------------------------             --------
   Total Time                             00:00:15


Memory Allocated
-----------------

Peak memory allocated during compilation  = 36,893K
