Project Informatione:\my documents\uvm\courses\ee231 digital computer design i spring 2002\designs\01add\quadadd_single_tt.rpt

MAX+plus II Compiler Report File
Version 10.1 06/12/2001
Compiled: 01/18/2002 16:16:46

Copyright (C) 1988-2001 Altera Corporation
Any megafunction design, and related net list (encrypted or decrypted),
support information, device programming or simulation file, and any other
associated documentation or information provided by Altera or a partner
under Altera's Megafunction Partnership Program may be used only to
program PLD devices (but not masked PLD devices) from Altera.  Any other
use of such megafunction design, net list, support information, device
programming or simulation file, or any other related documentation or
information is prohibited for any other purpose, including, but not
limited to modification, reverse engineering, de-compiling, or use with
any other silicon devices, unless such use is explicitly licensed under
a separate agreement with Altera or a megafunction partner.  Title to
the intellectual property, including patents, copyrights, trademarks,
trade secrets, or maskworks, embodied in any such megafunction design,
net list, support information, device programming or simulation file, or
any other related documentation or information provided by Altera or a
megafunction partner, remains with Altera, the megafunction partner, or
their respective licensors.  No other licenses, including any licenses
needed under any third party's intellectual property, are provided herein.



***** Project compilation was successful


QUADADD_SINGLE_TT


** DEVICE SUMMARY **

Chip/                     Input   Output   Bidir         Shareable
POF       Device          Pins    Pins     Pins     LCs  Expanders  % Utilized

quadadd_single_tt
      EPM7128SLC84-7       9        5        0      8       11          6  %

User Pins:                 9        5        0  



Project Informatione:\my documents\uvm\courses\ee231 digital computer design i spring 2002\designs\01add\quadadd_single_tt.rpt

** FILE HIERARCHY **



|add_tt:add0|
|add_tt:add1|
|add_tt:add2|
|add_tt:add3|


Device-Specific Information:e:\my documents\uvm\courses\ee231 digital computer design i spring 2002\designs\01add\quadadd_single_tt.rpt
quadadd_single_tt

***** Logic for device 'quadadd_single_tt' compiled without errors.




Device: EPM7128SLC84-7

Device Options:
    Turbo Bit                                    = ON
    Security Bit                                 = OFF
    Enable JTAG Support                        = ON
    User Code                                  = ffff
    MultiVolt I/O                              = OFF

                                                        R  R  R              
                                                        E  E  E              
                                      V                 S  S  S              
                                      C                 E  E  E  V           
                                      C                 R  R  R  C           
                          G        c  I  G  G  G  G  G  V  V  V  C           
              a  a  b  b  N  b  b  i  N  N  N  N  N  N  E  E  E  I  s  c  s  
              1  2  0  1  D  2  3  n  T  D  D  D  D  D  D  D  D  O  3  o  2  
            -----------------------------------------------------------------_ 
          /  11 10  9  8  7  6  5  4  3  2  1 84 83 82 81 80 79 78 77 76 75   | 
      a0 | 12                                                              74 | s1 
   VCCIO | 13                                                              73 | s0 
    #TDI | 14                                                              72 | GND 
RESERVED | 15                                                              71 | #TDO 
RESERVED | 16                                                              70 | RESERVED 
RESERVED | 17                                                              69 | RESERVED 
RESERVED | 18                                                              68 | RESERVED 
     GND | 19                                                              67 | RESERVED 
RESERVED | 20                                                              66 | VCCIO 
      a3 | 21                                                              65 | RESERVED 
RESERVED | 22                        EPM7128SLC84-7                        64 | RESERVED 
    #TMS | 23                                                              63 | RESERVED 
RESERVED | 24                                                              62 | #TCK 
RESERVED | 25                                                              61 | RESERVED 
   VCCIO | 26                                                              60 | RESERVED 
RESERVED | 27                                                              59 | GND 
RESERVED | 28                                                              58 | RESERVED 
RESERVED | 29                                                              57 | RESERVED 
RESERVED | 30                                                              56 | RESERVED 
RESERVED | 31                                                              55 | RESERVED 
     GND | 32                                                              54 | RESERVED 
         |_  33 34 35 36 37 38 39 40 41 42 43 44 45 46 47 48 49 50 51 52 53  _| 
           ------------------------------------------------------------------ 
              R  R  R  R  R  V  R  R  R  G  V  R  R  R  G  R  R  R  R  R  V  
              E  E  E  E  E  C  E  E  E  N  C  E  E  E  N  E  E  E  E  E  C  
              S  S  S  S  S  C  S  S  S  D  C  S  S  S  D  S  S  S  S  S  C  
              E  E  E  E  E  I  E  E  E     I  E  E  E     E  E  E  E  E  I  
              R  R  R  R  R  O  R  R  R     N  R  R  R     R  R  R  R  R  O  
              V  V  V  V  V     V  V  V     T  V  V  V     V  V  V  V  V     
              E  E  E  E  E     E  E  E        E  E  E     E  E  E  E  E     
              D  D  D  D  D     D  D  D        D  D  D     D  D  D  D  D     


N.C. = No Connect. This pin has no internal connection to the device.
VCCINT = Dedicated power pin, which MUST be connected to VCC (5.0 volts).
VCCIO = Dedicated power pin, which MUST be connected to VCC (5.0 volts).
GND = Dedicated ground pin or unused dedicated input, which MUST be connected to GND.
RESERVED = Unused I/O pin, which MUST be left unconnected.

^ = Dedicated configuration pin.
+ = Reserved configuration pin, which is tri-stated during user mode.
* = Reserved configuration pin, which drives out in user mode.
PDn = Power Down pin. 
@ = Special-purpose pin. 
# = JTAG Boundary-Scan Testing/In-System Programming or Configuration Pin. The JTAG inputs TMS and TDI should be tied to VCC and TCK should be tied to GND when not in use.
& = JTAG pin used for I/O. When used as user I/O, JTAG pins must be kept stable before and during configuration.  JTAG pin stability prevents accidental loading of JTAG instructions.


Device-Specific Information:e:\my documents\uvm\courses\ee231 digital computer design i spring 2002\designs\01add\quadadd_single_tt.rpt
quadadd_single_tt

** RESOURCE USAGE **

                                                Shareable     External
Logic Array Block     Logic Cells   I/O Pins    Expanders   Interconnect

A:     LC1 - LC16     0/16(  0%)   8/ 8(100%)   0/16(  0%)   0/36(  0%) 
B:    LC17 - LC32     0/16(  0%)   2/ 8( 25%)   0/16(  0%)   0/36(  0%) 
C:    LC33 - LC48     0/16(  0%)   1/ 8( 12%)   0/16(  0%)   0/36(  0%) 
D:    LC49 - LC64     0/16(  0%)   0/ 8(  0%)   0/16(  0%)   0/36(  0%) 
E:    LC65 - LC80     0/16(  0%)   0/ 8(  0%)   0/16(  0%)   0/36(  0%) 
F:    LC81 - LC96     0/16(  0%)   1/ 8( 12%)   0/16(  0%)   0/36(  0%) 
G:   LC97 - LC112     0/16(  0%)   1/ 8( 12%)   0/16(  0%)   0/36(  0%) 
H:  LC113 - LC128     8/16( 50%)   5/ 8( 62%)  13/16( 81%)  12/36( 33%) 


Total dedicated input pins used:                 0/4      (  0%)
Total I/O pins used:                            18/64     ( 28%)
Total logic cells used:                          8/128    (  6%)
Total shareable expanders used:                 11/128    (  8%)
Total Turbo logic cells used:                    8/128    (  6%)
Total shareable expanders not available (n/a):   2/128    (  1%)
Average fan-in:                                  4.62
Total fan-in:                                    37

Total input pins required:                       9
Total fast input logic cells required:           0
Total output pins required:                      5
Total bidirectional pins required:               0
Total reserved pins required                     4
Total logic cells required:                      8
Total flipflops required:                        0
Total product terms required:                   39
Total logic cells lending parallel expanders:    0
Total shareable expanders in database:          11

Synthesized logic cells:                         3/ 128   (  2%)



Device-Specific Information:e:\my documents\uvm\courses\ee231 digital computer design i spring 2002\designs\01add\quadadd_single_tt.rpt
quadadd_single_tt

** INPUTS **

                                         Shareable
                                         Expanders     Fan-In    Fan-Out
 Pin     LC  LAB  Primitive    Code   Total Shared n/a INP  FBK  OUT  FBK  Name
  12    (3)  (A)      INPUT               0      0   0    0    0    3    1  a0
  11    (5)  (A)      INPUT               0      0   0    0    0    2    1  a1
  10    (6)  (A)      INPUT               0      0   0    0    0    2    2  a2
  21   (19)  (B)      INPUT               0      0   0    0    0    2    0  a3
   9    (8)  (A)      INPUT               0      0   0    0    0    3    1  b0
   8   (11)  (A)      INPUT               0      0   0    0    0    2    1  b1
   6   (13)  (A)      INPUT               0      0   0    0    0    2    2  b2
   5   (14)  (A)      INPUT               0      0   0    0    0    2    0  b3
   4   (16)  (A)      INPUT               0      0   0    0    0    3    1  cin


Code:

s = Synthesized pin or logic cell
t = Turbo logic cell
+ = Synchronous flipflop
/ = Slow slew-rate output
! = NOT gate push-back
r = Fitter-inserted logic cell


Device-Specific Information:e:\my documents\uvm\courses\ee231 digital computer design i spring 2002\designs\01add\quadadd_single_tt.rpt
quadadd_single_tt

** OUTPUTS **

                                         Shareable
                                         Expanders     Fan-In    Fan-Out
 Pin     LC  LAB  Primitive    Code   Total Shared n/a INP  FBK  OUT  FBK  Name
  76    120    H     OUTPUT      t        0      0   0    2    1    0    0  co
  73    115    H     OUTPUT      t        0      0   0    3    0    0    0  s0
  74    117    H     OUTPUT      t        3      1   1    5    0    0    0  s1
  75    118    H     OUTPUT      t        0      0   0    2    1    0    0  s2
  77    123    H     OUTPUT      t       10      2   1    9    3    0    0  s3


Code:

s = Synthesized pin or logic cell
t = Turbo logic cell
+ = Synchronous flipflop
/ = Slow slew-rate output
! = NOT gate push-back
r = Fitter-inserted logic cell


Device-Specific Information:e:\my documents\uvm\courses\ee231 digital computer design i spring 2002\designs\01add\quadadd_single_tt.rpt
quadadd_single_tt

** BURIED LOGIC **

                                         Shareable
                                         Expanders     Fan-In    Fan-Out
 Pin     LC  LAB  Primitive    Code   Total Shared n/a INP  FBK  OUT  FBK  Name
   -    113    H       SOFT    s t        1      1   0    5    0    2    2  |add_tt:add1|~72~1
   -    114    H       SOFT    s t        0      0   0    2    1    1    0  |add_tt:add2|~47~1
   -    116    H       SOFT    s t        1      0   0    2    1    2    0  |add_tt:add2|~70~1


Code:

s = Synthesized pin or logic cell
t = Turbo logic cell
+ = Synchronous flipflop
/ = Slow slew-rate output
! = NOT gate push-back
r = Fitter-inserted logic cell


Device-Specific Information:e:\my documents\uvm\courses\ee231 digital computer design i spring 2002\designs\01add\quadadd_single_tt.rpt
quadadd_single_tt

** LOGIC CELL INTERCONNECTIONS **

Logic Array Block 'H':

                         Logic cells placed in LAB 'H'
        +--------------- LC113 |add_tt:add1|~72~1
        | +------------- LC114 |add_tt:add2|~47~1
        | | +----------- LC116 |add_tt:add2|~70~1
        | | | +--------- LC120 co
        | | | | +------- LC115 s0
        | | | | | +----- LC117 s1
        | | | | | | +--- LC118 s2
        | | | | | | | +- LC123 s3
        | | | | | | | | 
        | | | | | | | |   Other LABs fed by signals
        | | | | | | | |   that feed LAB 'H'
LC      | | | | | | | | | A B C D E F G H |     Logic cells that feed LAB 'H':
LC113-> - * * - - - * * | - - - - - - - * | <-- |add_tt:add1|~72~1
LC114-> - - - - - - - * | - - - - - - - * | <-- |add_tt:add2|~47~1
LC116-> - - - * - - - * | - - - - - - - * | <-- |add_tt:add2|~70~1

Pin
12   -> * - - - * * - * | - - - - - - - * | <-- a0
11   -> * - - - - * - * | - - - - - - - * | <-- a1
10   -> - * * - - - * * | - - - - - - - * | <-- a2
21   -> - - - * - - - * | - - - - - - - * | <-- a3
9    -> * - - - * * - * | - - - - - - - * | <-- b0
8    -> * - - - - * - * | - - - - - - - * | <-- b1
6    -> - * * - - - * * | - - - - - - - * | <-- b2
5    -> - - - * - - - * | - - - - - - - * | <-- b3
4    -> * - - - * * - * | - - - - - - - * | <-- cin


* = The logic cell or pin is an input to the logic cell (or LAB) through the PIA.
- = The logic cell or pin is not an input to the logic cell (or LAB).


Device-Specific Information:e:\my documents\uvm\courses\ee231 digital computer design i spring 2002\designs\01add\quadadd_single_tt.rpt
quadadd_single_tt

** EQUATIONS **

a0       : INPUT;
a1       : INPUT;
a2       : INPUT;
a3       : INPUT;
b0       : INPUT;
b1       : INPUT;
b2       : INPUT;
b3       : INPUT;
cin      : INPUT;

-- Node name is 'co' 
-- Equation name is 'co', location is LC120, type is output.
 co      = LCELL( _EQ001 $  a3);
  _EQ001 = !a3 &  b3 &  _LC116
         #  a3 & !b3 & !_LC116;

-- Node name is 's0' 
-- Equation name is 's0', location is LC115, type is output.
 s0      = LCELL( _EQ002 $  a0);
  _EQ002 =  b0 & !cin
         # !b0 &  cin;

-- Node name is 's1' 
-- Equation name is 's1', location is LC117, type is output.
 s1      = LCELL( _EQ003 $  a1);
  _EQ003 =  b0 & !b1 &  cin
         #  a0 & !b1 &  _X001
         # !b0 &  b1 &  _X002
         # !a0 &  b1 & !cin;
  _X001  = EXP(!b0 & !cin);
  _X002  = EXP( a0 &  cin);

-- Node name is 's2' 
-- Equation name is 's2', location is LC118, type is output.
 s2      = LCELL( _EQ004 $  a2);
  _EQ004 =  b2 & !_LC113
         # !b2 &  _LC113;

-- Node name is 's3' 
-- Equation name is 's3', location is LC123, type is output.
 s3      = LCELL( _EQ005 $  _EQ006);
  _EQ005 = !a3 & !b0 & !b3 &  _X002 &  _X003 &  _X004
         # !a0 & !a3 & !b3 & !cin &  _X003 &  _X004
         # !a1 & !a3 & !b1 & !b3 &  _X004
         # !a2 & !a3 & !b2 & !b3;
  _X002  = EXP( a0 &  cin);
  _X003  = EXP( a1 &  b1);
  _X004  = EXP( a2 &  b2);
  _EQ006 =  _X005 &  _X006 &  _X007 &  _X008 &  _X009 &  _X010;
  _X005  = EXP(!a2 &  a3 &  b3 & !_LC113 & !_LC114);
  _X006  = EXP( a2 &  a3 &  b2 &  b3 &  _LC113 & !_LC114);
  _X007  = EXP( a3 & !b2 &  b3 & !_LC113 & !_LC114);
  _X008  = EXP(!a2 &  a3 & !b2 &  b3 & !_LC114);
  _X009  = EXP( a3 & !b3 &  _LC116);
  _X010  = EXP(!a3 &  b3 &  _LC116);

-- Node name is '|add_tt:add1|~72~1' 
-- Equation name is '_LC113', type is buried 
-- synthesized logic cell 
_LC113   = LCELL( _EQ007 $  VCC);
  _EQ007 = !b0 & !cin &  _X003
         # !a0 & !b0 &  _X003
         # !a0 & !cin &  _X003
         # !a1 & !b1;
  _X003  = EXP( a1 &  b1);

-- Node name is '|add_tt:add2|~47~1' 
-- Equation name is '_LC114', type is buried 
-- synthesized logic cell 
_LC114   = LCELL( _EQ008 $  GND);
  _EQ008 =  a2 &  b2 &  _LC113;

-- Node name is '|add_tt:add2|~70~1' 
-- Equation name is '_LC116', type is buried 
-- synthesized logic cell 
_LC116   = LCELL( _EQ009 $  _EQ010);
  _EQ009 =  a2 &  b2 & !_LC113 &  _X011
         #  a2 & !b2 &  _LC113 &  _X011
         # !a2 &  b2 &  _LC113 &  _X011;
  _X011  = EXP( a2 &  b2 &  _LC113);
  _EQ010 =  a2 &  b2 &  _LC113;



--     Shareable expanders that are duplicated in multiple LABs:
--     (none)




Project Informatione:\my documents\uvm\courses\ee231 digital computer design i spring 2002\designs\01add\quadadd_single_tt.rpt

** COMPILATION SETTINGS & TIMES **

Processing Menu Commands
------------------------

Design Doctor                             = off

Logic Synthesis:

   Synthesis Type Used                    = Standard

   Default Synthesis Style                = NORMAL

      Logic option settings in 'NORMAL' style for 'MAX7000S' family

      DECOMPOSE_GATES                     = on
      DUPLICATE_LOGIC_EXTRACTION          = on
      MINIMIZATION                        = full
      MULTI_LEVEL_FACTORING               = on
      NOT_GATE_PUSH_BACK                  = on
      PARALLEL_EXPANDERS                  = off
      REDUCE_LOGIC                        = on
      REFACTORIZATION                     = on
      REGISTER_OPTIMIZATION               = on
      RESYNTHESIZE_NETWORK                = on
      SLOW_SLEW_RATE                      = off
      SOFT_BUFFER_INSERTION               = on
      SUBFACTOR_EXTRACTION                = on
      TURBO_BIT                           = on
      XOR_SYNTHESIS                       = on
      IGNORE_SOFT_BUFFERS                 = off
      USE_LPM_FOR_AHDL_OPERATORS          = off

   Other logic synthesis settings:

      Automatic Global Clock              = on
      Automatic Global Clear              = on
      Automatic Global Preset             = on
      Automatic Global Output Enable      = on
      Automatic Fast I/O                  = off
      Automatic Register Packing          = off
      Automatic Open-Drain Pins           = on
      Automatic Implement in EAB          = off
      One-Hot State Machine Encoding      = off
      Optimize                            = 10

Default Timing Specifications: None

Cut All Bidir Feedback Timing Paths       = on
Cut All Clear & Preset Timing Paths       = on

Ignore Timing Assignments                 = on

Functional SNF Extractor                  = off

Linked SNF Extractor                      = off
Timing SNF Extractor                      = on
Optimize Timing SNF                       = off
Generate AHDL TDO File                    = off
Fitter Settings                           = NORMAL
Smart Recompile                           = off
Total Recompile                           = off

Interfaces Menu Commands
------------------------

EDIF Netlist Writer                       = off
Verilog Netlist Writer                    = off
VHDL Netlist Writer                       = off

Compilation Times
-----------------

   Compiler Netlist Extractor             00:00:01
   Database Builder                       00:00:00
   Logic Synthesizer                      00:00:00
   Partitioner                            00:00:01
   Fitter                                 00:00:00
   Timing SNF Extractor                   00:00:00
   Assembler                              00:00:04
   --------------------------             --------
   Total Time                             00:00:06


Memory Allocated
-----------------

Peak memory allocated during compilation  = 7,102K
