Project Informatione:\my documents\uvm\courses\ee231 digital computer design i spring 2002\designs\01add\quadadd_vhdlop.rpt

MAX+plus II Compiler Report File
Version 10.1 06/12/2001
Compiled: 01/18/2002 15:55:56

Copyright (C) 1988-2001 Altera Corporation
Any megafunction design, and related net list (encrypted or decrypted),
support information, device programming or simulation file, and any other
associated documentation or information provided by Altera or a partner
under Altera's Megafunction Partnership Program may be used only to
program PLD devices (but not masked PLD devices) from Altera.  Any other
use of such megafunction design, net list, support information, device
programming or simulation file, or any other related documentation or
information is prohibited for any other purpose, including, but not
limited to modification, reverse engineering, de-compiling, or use with
any other silicon devices, unless such use is explicitly licensed under
a separate agreement with Altera or a megafunction partner.  Title to
the intellectual property, including patents, copyrights, trademarks,
trade secrets, or maskworks, embodied in any such megafunction design,
net list, support information, device programming or simulation file, or
any other related documentation or information provided by Altera or a
megafunction partner, remains with Altera, the megafunction partner, or
their respective licensors.  No other licenses, including any licenses
needed under any third party's intellectual property, are provided herein.



***** Project compilation was successful


QUADADD_VHDLOP


** DEVICE SUMMARY **

Chip/                     Input   Output   Bidir         Shareable
POF       Device          Pins    Pins     Pins     LCs  Expanders  % Utilized

quadadd_vhdlop
      EPM7128SLC84-7       9        5        0      11      6           8  %

User Pins:                 9        5        0  



Project Informatione:\my documents\uvm\courses\ee231 digital computer design i spring 2002\designs\01add\quadadd_vhdlop.rpt

** FILE HIERARCHY **



|lpm_add_sub:30|
|lpm_add_sub:30|addcore:adder|
|lpm_add_sub:30|addcore:adder|addcore:adder0|
|lpm_add_sub:30|altshift:result_ext_latency_ffs|
|lpm_add_sub:30|altshift:carry_ext_latency_ffs|
|lpm_add_sub:30|altshift:oflow_ext_latency_ffs|
|lpm_add_sub:31|
|lpm_add_sub:31|addcore:adder|
|lpm_add_sub:31|addcore:adder|addcore:adder0|
|lpm_add_sub:31|altshift:result_ext_latency_ffs|
|lpm_add_sub:31|altshift:carry_ext_latency_ffs|
|lpm_add_sub:31|altshift:oflow_ext_latency_ffs|


Device-Specific Information:e:\my documents\uvm\courses\ee231 digital computer design i spring 2002\designs\01add\quadadd_vhdlop.rpt
quadadd_vhdlop

***** Logic for device 'quadadd_vhdlop' compiled without errors.




Device: EPM7128SLC84-7

Device Options:
    Turbo Bit                                    = ON
    Security Bit                                 = OFF
    Enable JTAG Support                        = ON
    User Code                                  = ffff
    MultiVolt I/O                              = OFF

                                                        R  R  R              
                                                        E  E  E              
                                      V                 S  S  S              
                                      C                 E  E  E  V           
                                      C                 R  R  R  C  c        
              c           G           I  G  G  G  G  G  V  V  V  C  o        
              i  b  b  b  N  a  a  a  N  N  N  N  N  N  E  E  E  I  u  s  s  
              n  3  2  1  D  1  2  3  T  D  D  D  D  D  D  D  D  O  t  0  1  
            -----------------------------------------------------------------_ 
          /  11 10  9  8  7  6  5  4  3  2  1 84 83 82 81 80 79 78 77 76 75   | 
      a0 | 12                                                              74 | s2 
   VCCIO | 13                                                              73 | s3 
    #TDI | 14                                                              72 | GND 
RESERVED | 15                                                              71 | #TDO 
RESERVED | 16                                                              70 | RESERVED 
RESERVED | 17                                                              69 | RESERVED 
RESERVED | 18                                                              68 | RESERVED 
     GND | 19                                                              67 | RESERVED 
RESERVED | 20                                                              66 | VCCIO 
      b0 | 21                                                              65 | RESERVED 
RESERVED | 22                        EPM7128SLC84-7                        64 | RESERVED 
    #TMS | 23                                                              63 | RESERVED 
RESERVED | 24                                                              62 | #TCK 
RESERVED | 25                                                              61 | RESERVED 
   VCCIO | 26                                                              60 | RESERVED 
RESERVED | 27                                                              59 | GND 
RESERVED | 28                                                              58 | RESERVED 
RESERVED | 29                                                              57 | RESERVED 
RESERVED | 30                                                              56 | RESERVED 
RESERVED | 31                                                              55 | RESERVED 
     GND | 32                                                              54 | RESERVED 
         |_  33 34 35 36 37 38 39 40 41 42 43 44 45 46 47 48 49 50 51 52 53  _| 
           ------------------------------------------------------------------ 
              R  R  R  R  R  V  R  R  R  G  V  R  R  R  G  R  R  R  R  R  V  
              E  E  E  E  E  C  E  E  E  N  C  E  E  E  N  E  E  E  E  E  C  
              S  S  S  S  S  C  S  S  S  D  C  S  S  S  D  S  S  S  S  S  C  
              E  E  E  E  E  I  E  E  E     I  E  E  E     E  E  E  E  E  I  
              R  R  R  R  R  O  R  R  R     N  R  R  R     R  R  R  R  R  O  
              V  V  V  V  V     V  V  V     T  V  V  V     V  V  V  V  V     
              E  E  E  E  E     E  E  E        E  E  E     E  E  E  E  E     
              D  D  D  D  D     D  D  D        D  D  D     D  D  D  D  D     


N.C. = No Connect. This pin has no internal connection to the device.
VCCINT = Dedicated power pin, which MUST be connected to VCC (5.0 volts).
VCCIO = Dedicated power pin, which MUST be connected to VCC (5.0 volts).
GND = Dedicated ground pin or unused dedicated input, which MUST be connected to GND.
RESERVED = Unused I/O pin, which MUST be left unconnected.

^ = Dedicated configuration pin.
+ = Reserved configuration pin, which is tri-stated during user mode.
* = Reserved configuration pin, which drives out in user mode.
PDn = Power Down pin. 
@ = Special-purpose pin. 
# = JTAG Boundary-Scan Testing/In-System Programming or Configuration Pin. The JTAG inputs TMS and TDI should be tied to VCC and TCK should be tied to GND when not in use.
& = JTAG pin used for I/O. When used as user I/O, JTAG pins must be kept stable before and during configuration.  JTAG pin stability prevents accidental loading of JTAG instructions.


Device-Specific Information:e:\my documents\uvm\courses\ee231 digital computer design i spring 2002\designs\01add\quadadd_vhdlop.rpt
quadadd_vhdlop

** RESOURCE USAGE **

                                                Shareable     External
Logic Array Block     Logic Cells   I/O Pins    Expanders   Interconnect

A:     LC1 - LC16     0/16(  0%)   8/ 8(100%)   0/16(  0%)   0/36(  0%) 
B:    LC17 - LC32     0/16(  0%)   2/ 8( 25%)   0/16(  0%)   0/36(  0%) 
C:    LC33 - LC48     0/16(  0%)   1/ 8( 12%)   0/16(  0%)   0/36(  0%) 
D:    LC49 - LC64     0/16(  0%)   0/ 8(  0%)   0/16(  0%)   0/36(  0%) 
E:    LC65 - LC80     0/16(  0%)   0/ 8(  0%)   0/16(  0%)   0/36(  0%) 
F:    LC81 - LC96     0/16(  0%)   1/ 8( 12%)   0/16(  0%)   0/36(  0%) 
G:   LC97 - LC112     0/16(  0%)   1/ 8( 12%)   0/16(  0%)   0/36(  0%) 
H:  LC113 - LC128    11/16( 68%)   5/ 8( 62%)   7/16( 43%)  15/36( 41%) 


Total dedicated input pins used:                 0/4      (  0%)
Total I/O pins used:                            18/64     ( 28%)
Total logic cells used:                         11/128    (  8%)
Total shareable expanders used:                  6/128    (  4%)
Total Turbo logic cells used:                   11/128    (  8%)
Total shareable expanders not available (n/a):   1/128    (  0%)
Average fan-in:                                  4.72
Total fan-in:                                    52

Total input pins required:                       9
Total fast input logic cells required:           0
Total output pins required:                      5
Total bidirectional pins required:               0
Total reserved pins required                     4
Total logic cells required:                     11
Total flipflops required:                        0
Total product terms required:                   37
Total logic cells lending parallel expanders:    0
Total shareable expanders in database:           6

Synthesized logic cells:                         0/ 128   (  0%)



Device-Specific Information:e:\my documents\uvm\courses\ee231 digital computer design i spring 2002\designs\01add\quadadd_vhdlop.rpt
quadadd_vhdlop

** INPUTS **

                                         Shareable
                                         Expanders     Fan-In    Fan-Out
 Pin     LC  LAB  Primitive    Code   Total Shared n/a INP  FBK  OUT  FBK  Name
  12    (3)  (A)      INPUT               0      0   0    0    0    1    5  a0
   6   (13)  (A)      INPUT               0      0   0    0    0    1    4  a1
   5   (14)  (A)      INPUT               0      0   0    0    0    0    3  a2
   4   (16)  (A)      INPUT               0      0   0    0    0    0    2  a3
  21   (19)  (B)      INPUT               0      0   0    0    0    1    5  b0
   8   (11)  (A)      INPUT               0      0   0    0    0    1    4  b1
   9    (8)  (A)      INPUT               0      0   0    0    0    0    3  b2
  10    (6)  (A)      INPUT               0      0   0    0    0    0    2  b3
  11    (5)  (A)      INPUT               0      0   0    0    0    5    0  cin


Code:

s = Synthesized pin or logic cell
t = Turbo logic cell
+ = Synchronous flipflop
/ = Slow slew-rate output
! = NOT gate push-back
r = Fitter-inserted logic cell


Device-Specific Information:e:\my documents\uvm\courses\ee231 digital computer design i spring 2002\designs\01add\quadadd_vhdlop.rpt
quadadd_vhdlop

** OUTPUTS **

                                         Shareable
                                         Expanders     Fan-In    Fan-Out
 Pin     LC  LAB  Primitive    Code   Total Shared n/a INP  FBK  OUT  FBK  Name
  77    123    H     OUTPUT      t        0      0   0    1    5    0    0  cout
  76    120    H     OUTPUT      t        0      0   0    1    1    0    0  s0
  75    118    H     OUTPUT      t        3      2   1    5    1    0    0  s1
  74    117    H     OUTPUT      t        0      0   0    1    3    0    0  s2
  73    115    H     OUTPUT      t        0      0   0    1    4    0    0  s3


Code:

s = Synthesized pin or logic cell
t = Turbo logic cell
+ = Synchronous flipflop
/ = Slow slew-rate output
! = NOT gate push-back
r = Fitter-inserted logic cell


Device-Specific Information:e:\my documents\uvm\courses\ee231 digital computer design i spring 2002\designs\01add\quadadd_vhdlop.rpt
quadadd_vhdlop

** BURIED LOGIC **

                                         Shareable
                                         Expanders     Fan-In    Fan-Out
 Pin     LC  LAB  Primitive    Code   Total Shared n/a INP  FBK  OUT  FBK  Name
   -    114    H       SOFT      t        2      2   0    6    0    0    1  |LPM_ADD_SUB:30|addcore:adder|addcore:adder0|gcp2
   -    116    H       SOFT      t        4      4   0    8    0    1    0  |LPM_ADD_SUB:30|addcore:adder|addcore:adder0|g4
   -    122    H       SOFT      t        0      0   0    2    0    5    0  |LPM_ADD_SUB:30|addcore:adder|addcore:adder0|result_node0
   -    121    H       SOFT      t        2      2   0    4    0    3    0  |LPM_ADD_SUB:30|addcore:adder|addcore:adder0|result_node1
   -    124    H       SOFT      t        3      2   0    6    0    3    0  |LPM_ADD_SUB:30|addcore:adder|addcore:adder0|result_node2
   -    113    H       SOFT      t        2      2   0    2    1    2    0  |LPM_ADD_SUB:30|addcore:adder|addcore:adder0|result_node3


Code:

s = Synthesized pin or logic cell
t = Turbo logic cell
+ = Synchronous flipflop
/ = Slow slew-rate output
! = NOT gate push-back
r = Fitter-inserted logic cell


Device-Specific Information:e:\my documents\uvm\courses\ee231 digital computer design i spring 2002\designs\01add\quadadd_vhdlop.rpt
quadadd_vhdlop

** LOGIC CELL INTERCONNECTIONS **

Logic Array Block 'H':

                               Logic cells placed in LAB 'H'
        +--------------------- LC123 cout
        | +------------------- LC114 |LPM_ADD_SUB:30|addcore:adder|addcore:adder0|gcp2
        | | +----------------- LC116 |LPM_ADD_SUB:30|addcore:adder|addcore:adder0|g4
        | | | +--------------- LC122 |LPM_ADD_SUB:30|addcore:adder|addcore:adder0|result_node0
        | | | | +------------- LC121 |LPM_ADD_SUB:30|addcore:adder|addcore:adder0|result_node1
        | | | | | +----------- LC124 |LPM_ADD_SUB:30|addcore:adder|addcore:adder0|result_node2
        | | | | | | +--------- LC113 |LPM_ADD_SUB:30|addcore:adder|addcore:adder0|result_node3
        | | | | | | | +------- LC120 s0
        | | | | | | | | +----- LC118 s1
        | | | | | | | | | +--- LC117 s2
        | | | | | | | | | | +- LC115 s3
        | | | | | | | | | | | 
        | | | | | | | | | | |   Other LABs fed by signals
        | | | | | | | | | | |   that feed LAB 'H'
LC      | | | | | | | | | | | | A B C D E F G H |     Logic cells that feed LAB 'H':
LC114-> - - - - - - * - - - - | - - - - - - - * | <-- |LPM_ADD_SUB:30|addcore:adder|addcore:adder0|gcp2
LC116-> * - - - - - - - - - - | - - - - - - - * | <-- |LPM_ADD_SUB:30|addcore:adder|addcore:adder0|g4
LC122-> * - - - - - - * * * * | - - - - - - - * | <-- |LPM_ADD_SUB:30|addcore:adder|addcore:adder0|result_node0
LC121-> * - - - - - - - - * * | - - - - - - - * | <-- |LPM_ADD_SUB:30|addcore:adder|addcore:adder0|result_node1
LC124-> * - - - - - - - - * * | - - - - - - - * | <-- |LPM_ADD_SUB:30|addcore:adder|addcore:adder0|result_node2
LC113-> * - - - - - - - - - * | - - - - - - - * | <-- |LPM_ADD_SUB:30|addcore:adder|addcore:adder0|result_node3

Pin
12   -> - * * * * * - - * - - | - - - - - - - * | <-- a0
6    -> - * * - * * - - * - - | - - - - - - - * | <-- a1
5    -> - * * - - * - - - - - | - - - - - - - * | <-- a2
4    -> - - * - - - * - - - - | - - - - - - - * | <-- a3
21   -> - * * * * * - - * - - | - - - - - - - * | <-- b0
8    -> - * * - * * - - * - - | - - - - - - - * | <-- b1
9    -> - * * - - * - - - - - | - - - - - - - * | <-- b2
10   -> - - * - - - * - - - - | - - - - - - - * | <-- b3
11   -> * - - - - - - * * * * | - - - - - - - * | <-- cin


* = The logic cell or pin is an input to the logic cell (or LAB) through the PIA.
- = The logic cell or pin is not an input to the logic cell (or LAB).


Device-Specific Information:e:\my documents\uvm\courses\ee231 digital computer design i spring 2002\designs\01add\quadadd_vhdlop.rpt
quadadd_vhdlop

** EQUATIONS **

a0       : INPUT;
a1       : INPUT;
a2       : INPUT;
a3       : INPUT;
b0       : INPUT;
b1       : INPUT;
b2       : INPUT;
b3       : INPUT;
cin      : INPUT;

-- Node name is 'cout' 
-- Equation name is 'cout', location is LC123, type is output.
 cout    = LCELL( _LC116 $  _EQ001);
  _EQ001 =  cin &  _LC113 &  _LC121 &  _LC122 &  _LC124;

-- Node name is 's0' 
-- Equation name is 's0', location is LC120, type is output.
 s0      = LCELL( cin $  _LC122);

-- Node name is 's1' 
-- Equation name is 's1', location is LC118, type is output.
 s1      = LCELL( _EQ002 $  _EQ003);
  _EQ002 =  a0 &  a1 &  b0 &  b1
         #  a0 & !a1 &  b0 & !b1
         # !a0 &  _X001 &  _X002
         # !b0 &  _X001 &  _X002;
  _X001  = EXP( a1 &  b1);
  _X002  = EXP(!a1 & !b1);
  _EQ003 =  cin &  _LC122;

-- Node name is 's2' 
-- Equation name is 's2', location is LC117, type is output.
 s2      = LCELL( _LC124 $  _EQ004);
  _EQ004 =  cin &  _LC121 &  _LC122;

-- Node name is 's3' 
-- Equation name is 's3', location is LC115, type is output.
 s3      = LCELL( _LC113 $  _EQ005);
  _EQ005 =  cin &  _LC121 &  _LC122 &  _LC124;

-- Node name is '|LPM_ADD_SUB:30|addcore:adder|addcore:adder0|gcp2' from file "addcore.tdf" line 160, column 8
-- Equation name is '_LC114', type is buried 
_LC114   = LCELL( _EQ006 $  GND);
  _EQ006 =  a0 &  b0 &  _X002 &  _X003
         #  a1 &  b1 &  _X003
         #  a2 &  b2;
  _X002  = EXP(!a1 & !b1);
  _X003  = EXP(!a2 & !b2);

-- Node name is '|LPM_ADD_SUB:30|addcore:adder|addcore:adder0|g4' from file "addcore.tdf" line 158, column 5
-- Equation name is '_LC116', type is buried 
_LC116   = LCELL( _EQ007 $  _EQ008);
  _EQ007 =  a0 &  b0 &  _X002 &  _X003 &  _X004 &  _X005
         #  a1 &  b1 &  _X003 &  _X004 &  _X005
         #  a2 &  b2 &  _X004 &  _X005;
  _X002  = EXP(!a1 & !b1);
  _X003  = EXP(!a2 & !b2);
  _X004  = EXP(!a3 & !b3);
  _X005  = EXP( a3 &  b3);
  _EQ008 =  a3 &  b3;

-- Node name is '|LPM_ADD_SUB:30|addcore:adder|addcore:adder0|result_node0' from file "addcore.tdf" line 164, column 16
-- Equation name is '_LC122', type is buried 
_LC122   = LCELL( b0 $  a0);

-- Node name is '|LPM_ADD_SUB:30|addcore:adder|addcore:adder0|result_node1' from file "addcore.tdf" line 164, column 16
-- Equation name is '_LC121', type is buried 
_LC121   = LCELL( _EQ009 $  GND);
  _EQ009 =  a0 &  a1 &  b0 &  b1
         #  a0 & !a1 &  b0 & !b1
         # !a0 &  _X001 &  _X002
         # !b0 &  _X001 &  _X002;
  _X001  = EXP( a1 &  b1);
  _X002  = EXP(!a1 & !b1);

-- Node name is '|LPM_ADD_SUB:30|addcore:adder|addcore:adder0|result_node2' from file "addcore.tdf" line 164, column 16
-- Equation name is '_LC124', type is buried 
_LC124   = LCELL( _EQ010 $  _EQ011);
  _EQ010 =  a0 &  b0 &  _X002
         #  a1 &  b1;
  _X002  = EXP(!a1 & !b1);
  _EQ011 =  _X003 &  _X006;
  _X003  = EXP(!a2 & !b2);
  _X006  = EXP( a2 &  b2);

-- Node name is '|LPM_ADD_SUB:30|addcore:adder|addcore:adder0|result_node3' from file "addcore.tdf" line 164, column 16
-- Equation name is '_LC113', type is buried 
_LC113   = LCELL( _EQ012 $  _LC114);
  _EQ012 =  _X004 &  _X005;
  _X004  = EXP(!a3 & !b3);
  _X005  = EXP( a3 &  b3);



--     Shareable expanders that are duplicated in multiple LABs:
--     (none)




Project Informatione:\my documents\uvm\courses\ee231 digital computer design i spring 2002\designs\01add\quadadd_vhdlop.rpt

** COMPILATION SETTINGS & TIMES **

Processing Menu Commands
------------------------

Design Doctor                             = off

Logic Synthesis:

   Synthesis Type Used                    = Standard

   Default Synthesis Style                = NORMAL

      Logic option settings in 'NORMAL' style for 'MAX7000S' family

      DECOMPOSE_GATES                     = on
      DUPLICATE_LOGIC_EXTRACTION          = on
      MINIMIZATION                        = full
      MULTI_LEVEL_FACTORING               = on
      NOT_GATE_PUSH_BACK                  = on
      PARALLEL_EXPANDERS                  = off
      REDUCE_LOGIC                        = on
      REFACTORIZATION                     = on
      REGISTER_OPTIMIZATION               = on
      RESYNTHESIZE_NETWORK                = on
      SLOW_SLEW_RATE                      = off
      SOFT_BUFFER_INSERTION               = on
      SUBFACTOR_EXTRACTION                = on
      TURBO_BIT                           = on
      XOR_SYNTHESIS                       = on
      IGNORE_SOFT_BUFFERS                 = off
      USE_LPM_FOR_AHDL_OPERATORS          = on

   Other logic synthesis settings:

      Automatic Global Clock              = on
      Automatic Global Clear              = on
      Automatic Global Preset             = on
      Automatic Global Output Enable      = on
      Automatic Fast I/O                  = off
      Automatic Register Packing          = off
      Automatic Open-Drain Pins           = on
      Automatic Implement in EAB          = off
      One-Hot State Machine Encoding      = off
      Optimize                            = 5

Default Timing Specifications: None

Cut All Bidir Feedback Timing Paths       = on
Cut All Clear & Preset Timing Paths       = on

Ignore Timing Assignments                 = on

Functional SNF Extractor                  = off

Linked SNF Extractor                      = off
Timing SNF Extractor                      = on
Optimize Timing SNF                       = off
Generate AHDL TDO File                    = off
Fitter Settings                           = NORMAL
Smart Recompile                           = off
Total Recompile                           = off

Interfaces Menu Commands
------------------------

EDIF Netlist Writer                       = off
Verilog Netlist Writer                    = off
VHDL Netlist Writer                       = off

Compilation Times
-----------------

   Compiler Netlist Extractor             00:00:00
   Database Builder                       00:00:00
   Logic Synthesizer                      00:00:01
   Partitioner                            00:00:00
   Fitter                                 00:00:00
   Timing SNF Extractor                   00:00:00
   Assembler                              00:00:05
   --------------------------             --------
   Total Time                             00:00:06


Memory Allocated
-----------------

Peak memory allocated during compilation  = 6,930K
