Project Informationc:\documents and settings\nlecky\desktop\todesktop\8puzzlevhdl\square3.rpt

MAX+plus II Compiler Report File
Version 10.1 06/12/2001
Compiled: 03/19/2002 12:33:29

Copyright (C) 1988-2001 Altera Corporation
Any megafunction design, and related net list (encrypted or decrypted),
support information, device programming or simulation file, and any other
associated documentation or information provided by Altera or a partner
under Altera's Megafunction Partnership Program may be used only to
program PLD devices (but not masked PLD devices) from Altera.  Any other
use of such megafunction design, net list, support information, device
programming or simulation file, or any other related documentation or
information is prohibited for any other purpose, including, but not
limited to modification, reverse engineering, de-compiling, or use with
any other silicon devices, unless such use is explicitly licensed under
a separate agreement with Altera or a megafunction partner.  Title to
the intellectual property, including patents, copyrights, trademarks,
trade secrets, or maskworks, embodied in any such megafunction design,
net list, support information, device programming or simulation file, or
any other related documentation or information provided by Altera or a
megafunction partner, remains with Altera, the megafunction partner, or
their respective licensors.  No other licenses, including any licenses
needed under any third party's intellectual property, are provided herein.



***** Project compilation was successful


SQUARE3


** DEVICE SUMMARY **

Chip/                     Input Output Bidir  Memory  Memory  			 LCs
POF       Device          Pins  Pins   Pins   Bits % Utilized  LCs  % Utilized

square3   EPF10K70RC240-4  25     8      0    0         0  %    24       0  %

User Pins:                 25     8      0  



Device-Specific Information:c:\documents and settings\nlecky\desktop\todesktop\8puzzlevhdl\square3.rpt
square3

***** Logic for device 'square3' compiled without errors.




Device: EPF10K70RC240-4

FLEX 10K Configuration Scheme: Passive Serial

Device Options:
    User-Supplied Start-Up Clock               = OFF
    Auto-Restart Configuration on Frame Error  = OFF
    Release Clears Before Tri-States           = OFF
    Enable Chip_Wide Reset                     = OFF
    Enable Chip-Wide Output Enable             = OFF
    Enable INIT_DONE Output                    = OFF
    JTAG User Code                             = 7f

                                                                                                                                         
                                                                                                                                         
                R R R R R R R R   R R R R R R R   R R R R R R R   R R R       R R R R   R R R R R R R   R     R R         R R R R R R R  
                E E E E E E E E   E E E E E E E   E E E E E E E   E E E       E E E E   E E E E E E E   E   o E E         E E E E E E E  
                S S S S S S S S G S S S S S S S V S S S S S S S G S S S       S S S S V S S S S S S S G S   u S S     V   S S S S S S S  
                E E E E E E E E N E E E E E E E C E E E E E E E N E E E r r   E E E E C E E E E E E E N E   t E E   i C   E E E E E E E  
                R R R R R R R R D R R R R R R R C R R R R R R R D R R R a a i R R R R C R R R R R R R D R i p R R i n C i R R R R R R R  
                V V V V V V V V I V V V V V V V I V V V V V V V I V V V n n n V V V V I V V V V V V V I V n u V V n i I n V V V V V V V  
                E E E E E E E E N E E E E E E E N E E E E E E E N E E E d d 1 E E E E N E E E E E E E N E 0 t E E 2 t N 2 E E E E E E E  
                D D D D D D D D T D D D D D D D T D D D D D D D T D D D 1 0 0 D D D D T D D D D D D D T D 1 1 D D 0 3 T 2 D D D D D D D  
              --------------------------------------------------------------------------------------------------------------------------_ 
             / 240 238 236 234 232 230 228 226 224 222 220 218 216 214 212 210 208 206 204 202 200 198 196 194 192 190 188 186 184 182   |_ 
            /    239 237 235 233 231 229 227 225 223 221 219 217 215 213 211 209 207 205 203 201 199 197 195 193 191 189 187 185 183 181    | 
      #TCK |  1                                                                                                                         180 | ^DATA0 
^CONF_DONE |  2                                                                                                                         179 | ^DCLK 
     ^nCEO |  3                                                                                                                         178 | ^nCE 
      #TDO |  4                                                                                                                         177 | #TDI 
    VCCINT |  5                                                                                                                         176 | GNDINT 
  RESERVED |  6                                                                                                                         175 | RESERVED 
  RESERVED |  7                                                                                                                         174 | RESERVED 
  RESERVED |  8                                                                                                                         173 | RESERVED 
  RESERVED |  9                                                                                                                         172 | RESERVED 
    GNDINT | 10                                                                                                                         171 | RESERVED 
  RESERVED | 11                                                                                                                         170 | VCCINT 
     goal0 | 12                                                                                                                         169 | match 
  RESERVED | 13                                                                                                                         168 | RESERVED 
  RESERVED | 14                                                                                                                         167 | RESERVED 
  RESERVED | 15                                                                                                                         166 | goal2 
    VCCINT | 16                                                                                                                         165 | GNDINT 
     goal3 | 17                                                                                                                         164 | RESERVED 
     goal1 | 18                                                                                                                         163 | RESERVED 
  RESERVED | 19                                                                                                                         162 | RESERVED 
  RESERVED | 20                                                                                                                         161 | clr2 
  RESERVED | 21                                                                                                                         160 | VCCINT 
    GNDINT | 22                                                                                                                         159 | init2 
  RESERVED | 23                                                                                                                         158 | init0 
  RESERVED | 24                                                                                                                         157 | clr0 
      in03 | 25                                                                                                                         156 | in13 
      in11 | 26                                                                                                                         155 | GNDINT 
    VCCINT | 27                                                                                                                         154 | RESERVED 
      in00 | 28                                                                                                                         153 | RESERVED 
      in21 | 29                                                                                                                         152 | RESERVED 
  RESERVED | 30                                                                                                                         151 | RESERVED 
  RESERVED | 31                                                     EPF10K70RC240-4                                                     150 | VCCINT 
    GNDINT | 32                                                                                                                         149 | RESERVED 
  RESERVED | 33                                                                                                                         148 | RESERVED 
  RESERVED | 34                                                                                                                         147 | RESERVED 
  RESERVED | 35                                                                                                                         146 | RESERVED 
  RESERVED | 36                                                                                                                         145 | GNDINT 
    VCCINT | 37                                                                                                                         144 | RESERVED 
  RESERVED | 38                                                                                                                         143 | RESERVED 
  RESERVED | 39                                                                                                                         142 | RESERVED 
  RESERVED | 40                                                                                                                         141 | RESERVED 
  RESERVED | 41                                                                                                                         140 | VCCINT 
    GNDINT | 42                                                                                                                         139 | RESERVED 
  RESERVED | 43                                                                                                                         138 | RESERVED 
  RESERVED | 44                                                                                                                         137 | RESERVED 
  RESERVED | 45                                                                                                                         136 | RESERVED 
  RESERVED | 46                                                                                                                         135 | GNDINT 
    VCCINT | 47                                                                                                                         134 | RESERVED 
  RESERVED | 48                                                                                                                         133 | RESERVED 
  RESERVED | 49                                                                                                                         132 | RESERVED 
  RESERVED | 50                                                                                                                         131 | RESERVED 
  RESERVED | 51                                                                                                                         130 | VCCINT 
    GNDINT | 52                                                                                                                         129 | RESERVED 
  RESERVED | 53                                                                                                                         128 | RESERVED 
  RESERVED | 54                                                                                                                         127 | RESERVED 
  RESERVED | 55                                                                                                                         126 | RESERVED 
  RESERVED | 56                                                                                                                         125 | GNDINT 
    VCCINT | 57                                                                                                                         124 | ^MSEL0 
      #TMS | 58                                                                                                                         123 | ^MSEL1 
     #TRST | 59                                                                                                                         122 | VCCINT 
  ^nSTATUS | 60                                                                                                                         121 | ^nCONFIG 
           |      62  64  66  68  70  72  74  76  78  80  82  84  86  88  90  92  94  96  98 100 102 104 106 108 110 112 114 116 118 120  _| 
            \   61  63  65  67  69  71  73  75  77  79  81  83  85  87  89  91  93  95  97  99 101 103 105 107 109 111 113 115 117 119   | 
             \--------------------------------------------------------------------------------------------------------------------------- 
                R R R R R R R R G R R R R R R R V R R R R R R R G R R R V c c r G R R V R R R R R R o G o c o R i R R V R R i R R i i R  
                E E E E E E E E N E E E E E E E C E E E E E E E N E E E C l l e N E E C E E E E E E u N u l u E n E E C E E n E E n n E  
                S S S S S S S S D S S S S S S S C S S S S S S S D S S S C r k i D S S C S S S S S S t D t r t S i S S C S S 0 S S 1 2 S  
                E E E E E E E E I E E E E E E E I E E E E E E E I E E E I     n I E E I E E E E E E p I p 1 p E t E E I E E 2 E E 2 3 E  
                R R R R R R R R N R R R R R R R N R R R R R R R N R R R N     i N R R N R R R R R R u N u   u R 1 R R N R R   R R     R  
                V V V V V V V V T V V V V V V V T V V V V V V V T V V V T     t T V V T V V V V V V t T t   t V   V V T V V   V V     V  
                E E E E E E E E   E E E E E E E   E E E E E E E   E E E           E E   E E E E E E 2   0   3 E   E E   E E   E E     E  
                D D D D D D D D   D D D D D D D   D D D D D D D   D D D           D D   D D D D D D           D   D D   D D   D D     D  
                                                                                                                                         
                                                                                                                                         


N.C. = No Connect. This pin has no internal connection to the device.
VCCINT = Dedicated power pin, which MUST be connected to VCC (5.0 volts).
VCCIO = Dedicated power pin, which MUST be connected to VCC (5.0 volts).
GNDINT = Dedicated ground pin or unused dedicated input, which MUST be connected to GND.
GNDIO = Dedicated ground pin, which MUST be connected to GND.
RESERVED = Unused I/O pin, which MUST be left unconnected.

^ = Dedicated configuration pin.
+ = Reserved configuration pin, which is tri-stated during user mode.
* = Reserved configuration pin, which drives out in user mode.
PDn = Power Down pin. 
@ = Special-purpose pin. 
# = JTAG Boundary-Scan Testing/In-System Programming or Configuration Pin. The JTAG inputs TMS and TDI should be tied to VCC and TCK should be tied to GND when not in use.
& = JTAG pin used for I/O. When used as user I/O, JTAG pins must be kept stable before and during configuration.  JTAG pin stability prevents accidental loading of JTAG instructions.


Device-Specific Information:c:\documents and settings\nlecky\desktop\todesktop\8puzzlevhdl\square3.rpt
square3

** RESOURCE USAGE **

Logic                Column       Row                                   
Array                Interconnect Interconnect         Clears/     External  
Block   Logic Cells  Driven       Driven       Clocks  Presets   Interconnect
B9       3/ 8( 37%)   0/ 8(  0%)   1/ 8( 12%)    0/2    0/2       8/26( 30%)   
D3       1/ 8( 12%)   0/ 8(  0%)   1/ 8( 12%)    0/2    0/2       1/26(  3%)   
D11      4/ 8( 50%)   0/ 8(  0%)   3/ 8( 37%)    0/2    0/2       6/26( 23%)   
D14      8/ 8(100%)   3/ 8( 37%)   2/ 8( 25%)    1/2    1/2       9/26( 34%)   
D15      8/ 8(100%)   3/ 8( 37%)   1/ 8( 12%)    1/2    1/2      14/26( 53%)   


Embedded             Column       Row                                   
Array     Embedded   Interconnect Interconnect         Read/      External  
Block     Cells      Driven       Driven       Clocks  Write    Interconnect


Total dedicated input pins used:                 6/6      (100%)
Total I/O pins used:                            27/183    ( 14%)
Total logic cells used:                         24/3744   (  0%)
Total embedded cells used:                       0/72     (  0%)
Total EABs used:                                 0/9      (  0%)
Average fan-in:                                 3.29/4    ( 82%)
Total fan-in:                                  79/14976   (  0%)

Total input pins required:                      25
Total input I/O cell registers required:         0
Total output pins required:                      8
Total output I/O cell registers required:        0
Total buried I/O cell registers required:        0
Total bidirectional pins required:               0
Total reserved pins required                     0
Total logic cells required:                     24
Total flipflops required:                        7
Total packed registers required:                 0
Total logic cells in carry chains:               0
Total number of carry chains:                    0
Total logic cells in cascade chains:             0
Total number of cascade chains:                  0
Total single-pin Clock Enables required:         0
Total single-pin Output Enables required:        0

Synthesized logic cells:                         4/3744   (  0%)

Logic Cell and Embedded Cell Counts

Column:  01  02  03  04  05  06  07  08  09  10  11  12  13  14  15  16  17  18  19  20  21  22  23  24  25  26  EA  27  28  29  30  31  32  33  34  35  36  37  38  39  40  41  42  43  44  45  46  47  48  49  50  51  52  Total(LC/EC)
 A:      0   0   0   0   0   0   0   0   0   0   0   0   0   0   0   0   0   0   0   0   0   0   0   0   0   0   0   0   0   0   0   0   0   0   0   0   0   0   0   0   0   0   0   0   0   0   0   0   0   0   0   0   0      0/0  
 B:      0   0   0   0   0   0   0   0   3   0   0   0   0   0   0   0   0   0   0   0   0   0   0   0   0   0   0   0   0   0   0   0   0   0   0   0   0   0   0   0   0   0   0   0   0   0   0   0   0   0   0   0   0      3/0  
 C:      0   0   0   0   0   0   0   0   0   0   0   0   0   0   0   0   0   0   0   0   0   0   0   0   0   0   0   0   0   0   0   0   0   0   0   0   0   0   0   0   0   0   0   0   0   0   0   0   0   0   0   0   0      0/0  
 D:      0   0   1   0   0   0   0   0   0   0   4   0   0   8   8   0   0   0   0   0   0   0   0   0   0   0   0   0   0   0   0   0   0   0   0   0   0   0   0   0   0   0   0   0   0   0   0   0   0   0   0   0   0     21/0  
 E:      0   0   0   0   0   0   0   0   0   0   0   0   0   0   0   0   0   0   0   0   0   0   0   0   0   0   0   0   0   0   0   0   0   0   0   0   0   0   0   0   0   0   0   0   0   0   0   0   0   0   0   0   0      0/0  
 F:      0   0   0   0   0   0   0   0   0   0   0   0   0   0   0   0   0   0   0   0   0   0   0   0   0   0   0   0   0   0   0   0   0   0   0   0   0   0   0   0   0   0   0   0   0   0   0   0   0   0   0   0   0      0/0  
 G:      0   0   0   0   0   0   0   0   0   0   0   0   0   0   0   0   0   0   0   0   0   0   0   0   0   0   0   0   0   0   0   0   0   0   0   0   0   0   0   0   0   0   0   0   0   0   0   0   0   0   0   0   0      0/0  
 H:      0   0   0   0   0   0   0   0   0   0   0   0   0   0   0   0   0   0   0   0   0   0   0   0   0   0   0   0   0   0   0   0   0   0   0   0   0   0   0   0   0   0   0   0   0   0   0   0   0   0   0   0   0      0/0  
 I:      0   0   0   0   0   0   0   0   0   0   0   0   0   0   0   0   0   0   0   0   0   0   0   0   0   0   0   0   0   0   0   0   0   0   0   0   0   0   0   0   0   0   0   0   0   0   0   0   0   0   0   0   0      0/0  

Total:   0   0   1   0   0   0   0   0   3   0   4   0   0   8   8   0   0   0   0   0   0   0   0   0   0   0   0   0   0   0   0   0   0   0   0   0   0   0   0   0   0   0   0   0   0   0   0   0   0   0   0   0   0     24/0  



Device-Specific Information:c:\documents and settings\nlecky\desktop\todesktop\8puzzlevhdl\square3.rpt
square3

** INPUTS **

                                                    Fan-In    Fan-Out
 Pin     LC     EC   Row  Col  Primitive    Code      INP  FBK  OUT  FBK  Name
  91      -     -    -    --      INPUT  G             0    0    0    0  clk
  90      -     -    -    --      INPUT  G             0    0    0    1  clr
  12      -     -    B    --      INPUT                0    0    0    1  goal0
  18      -     -    B    --      INPUT                0    0    0    1  goal1
 166      -     -    B    --      INPUT                0    0    0    1  goal2
  17      -     -    B    --      INPUT                0    0    0    1  goal3
 158      -     -    D    --      INPUT                0    0    0    1  init0
 109      -     -    -    11      INPUT                0    0    0    1  init1
 159      -     -    D    --      INPUT                0    0    0    1  init2
 190      -     -    -    11      INPUT                0    0    0    1  init3
  28      -     -    D    --      INPUT                0    0    0    1  in00
 195      -     -    -    16      INPUT                0    0    0    1  in01
 115      -     -    -    06      INPUT                0    0    0    1  in02
  25      -     -    D    --      INPUT                0    0    0    1  in03
 210      -     -    -    --      INPUT                0    0    0    1  in10
  26      -     -    D    --      INPUT                0    0    0    1  in11
 118      -     -    -    02      INPUT                0    0    0    1  in12
 156      -     -    D    --      INPUT                0    0    0    1  in13
 191      -     -    -    12      INPUT                0    0    0    1  in20
  29      -     -    D    --      INPUT                0    0    0    1  in21
 188      -     -    -    10      INPUT                0    0    0    1  in22
 119      -     -    -    02      INPUT                0    0    0    1  in23
 211      -     -    -    --      INPUT                0    0    0    2  rand0
 212      -     -    -    --      INPUT                0    0    0    2  rand1
  92      -     -    -    --      INPUT                0    0    0    5  reinit


Code:

s = Synthesized pin or logic cell
+ = Synchronous flipflop
/ = Slow slew-rate output
! = NOT gate push-back
r = Fitter-inserted logic cell
@ = Uses single-pin Clock Enable
& = Uses single-pin Output Enable
G = Global Source. Fan-out destinations counted here do not include destinations
that are driven using global routing resources. Refer to the Auto Global Signals,
Clock Signals, Clear Signals, Synchronous Load Signals, and Synchronous Clear Signals
Sections of this Report File for information on which signals' fan-outs are used as
Clock, Clear, Preset, Output Enable, and synchronous Load signals.


Device-Specific Information:c:\documents and settings\nlecky\desktop\todesktop\8puzzlevhdl\square3.rpt
square3

** OUTPUTS **

       Fed By Fed By                                Fan-In    Fan-Out
 Pin     LC     EC   Row  Col  Primitive    Code      INP  FBK  OUT  FBK  Name
 157      -     -    D    --     OUTPUT                0    1    0    0  clr0
 106      -     -    -    14     OUTPUT                0    1    0    0  clr1
 161      -     -    C    --     OUTPUT                0    1    0    0  clr2
 169      -     -    B    --     OUTPUT                0    1    0    0  match
 105      -     -    -    15     OUTPUT                0    1    0    0  output0
 194      -     -    -    15     OUTPUT                0    1    0    0  output1
 103      -     -    -    16     OUTPUT                0    1    0    0  output2
 107      -     -    -    13     OUTPUT                0    1    0    0  output3


Code:

s = Synthesized pin or logic cell
+ = Synchronous flipflop
/ = Slow slew-rate output
! = NOT gate push-back
r = Fitter-inserted logic cell
@ = Uses single-pin Clock Enable
& = Uses single-pin Output Enable


Device-Specific Information:c:\documents and settings\nlecky\desktop\todesktop\8puzzlevhdl\square3.rpt
square3

** BURIED LOGIC **

                                                    Fan-In    Fan-Out
 IOC     LC     EC   Row  Col  Primitive    Code      INP  FBK  OUT  FBK  Name
   -      1     -    D    03       SOFT    s   !       1    0    0    3  clr~1
   -      6     -    D    14       AND2    s           0    2    0    1  reinit~1
   -      5     -    D    14       DFFE   +            0    3    1    0  :26
   -      1     -    D    14       DFFE   +            0    3    1    0  :28
   -      7     -    D    14       DFFE   +            0    3    1    0  :30
   -      2     -    D    14       DFFE   +            2    1    1    2  :32
   -      4     -    D    15       DFFE   +            2    1    1    2  :34
   -      1     -    D    15       DFFE   +            2    1    1    2  :36
   -      3     -    D    15       DFFE   +            2    1    1    2  :38
   -      2     -    D    15       AND2                0    4    0    5  :93
   -      1     -    D    11       AND2                2    0    0    6  :122
   -      2     -    D    11        OR2        !       2    0    0    6  :127
   -      3     -    D    14        OR2                2    1    0    1  :205
   -      3     -    D    11        OR2                2    1    0    1  :217
   -      7     -    D    15        OR2                2    1    0    1  :226
   -      5     -    D    15        OR2                2    1    0    1  :235
   -      8     -    D    14        OR2    s           1    1    0    3  ~308~1
   -      4     -    D    14        OR2                1    3    0    1  :315
   -      8     -    D    11        OR2                1    3    0    1  :324
   -      8     -    D    15        OR2                1    3    0    1  :333
   -      6     -    D    15        OR2                1    3    0    1  :342
   -      2     -    B    09        OR2    s           2    2    0    1  ~376~1
   -      1     -    B    09        OR2                1    3    1    0  :376
   -      3     -    B    09        OR2        !       1    1    0    1  :380


Code:

s = Synthesized pin or logic cell
+ = Synchronous flipflop
/ = Slow slew-rate output
! = NOT gate push-back
r = Fitter-inserted logic cell
p = Packed register


Device-Specific Information:c:\documents and settings\nlecky\desktop\todesktop\8puzzlevhdl\square3.rpt
square3

** FASTTRACK INTERCONNECT UTILIZATION **

Row FastTrack Interconnect:

          Global         Left Half-      Right Half-
         FastTrack       FastTrack       FastTrack 
Row     Interconnect    Interconnect    Interconnect    Input Pins     Output Pins     Bidir Pins
A:       0/208(  0%)     0/104(  0%)     0/104(  0%)    0/16(  0%)      0/16(  0%)     0/16(  0%)
B:       4/208(  1%)     5/104(  4%)     0/104(  0%)    4/16( 25%)      1/16(  6%)     0/16(  0%)
C:       0/208(  0%)     1/104(  0%)     0/104(  0%)    0/16(  0%)      1/16(  6%)     0/16(  0%)
D:       8/208(  3%)    14/104( 13%)     0/104(  0%)    7/16( 43%)      1/16(  6%)     0/16(  0%)
E:       0/208(  0%)     0/104(  0%)     0/104(  0%)    0/16(  0%)      0/16(  0%)     0/16(  0%)
F:       0/208(  0%)     0/104(  0%)     0/104(  0%)    0/16(  0%)      0/16(  0%)     0/16(  0%)
G:       0/208(  0%)     0/104(  0%)     0/104(  0%)    0/16(  0%)      0/16(  0%)     0/16(  0%)
H:       0/208(  0%)     0/104(  0%)     0/104(  0%)    0/16(  0%)      0/16(  0%)     0/16(  0%)
I:       0/208(  0%)     0/104(  0%)     0/104(  0%)    0/16(  0%)      0/16(  0%)     0/16(  0%)


Column FastTrack Interconnect:

         FastTrack                                 
Column  Interconnect    Input Pins     Output Pins     Bidir Pins
01:      0/24(  0%)     0/4(  0%)      0/4(  0%)       0/4(  0%)
02:      2/24(  8%)     2/4( 50%)      0/4(  0%)       0/4(  0%)
03:      0/24(  0%)     0/4(  0%)      0/4(  0%)       0/4(  0%)
04:      0/24(  0%)     0/4(  0%)      0/4(  0%)       0/4(  0%)
05:      0/24(  0%)     0/4(  0%)      0/4(  0%)       0/4(  0%)
06:      1/24(  4%)     1/4( 25%)      0/4(  0%)       0/4(  0%)
07:      0/24(  0%)     0/4(  0%)      0/4(  0%)       0/4(  0%)
08:      0/24(  0%)     0/4(  0%)      0/4(  0%)       0/4(  0%)
09:      0/24(  0%)     0/4(  0%)      0/4(  0%)       0/4(  0%)
10:      1/24(  4%)     1/4( 25%)      0/4(  0%)       0/4(  0%)
11:      2/24(  8%)     2/4( 50%)      0/4(  0%)       0/4(  0%)
12:      1/24(  4%)     1/4( 25%)      0/4(  0%)       0/4(  0%)
13:      2/24(  8%)     0/4(  0%)      1/4( 25%)       0/4(  0%)
14:      1/24(  4%)     0/4(  0%)      1/4( 25%)       0/4(  0%)
15:      2/24(  8%)     0/4(  0%)      2/4( 50%)       0/4(  0%)
16:      2/24(  8%)     1/4( 25%)      1/4( 25%)       0/4(  0%)
17:      0/24(  0%)     0/4(  0%)      0/4(  0%)       0/4(  0%)
18:      0/24(  0%)     0/4(  0%)      0/4(  0%)       0/4(  0%)
19:      0/24(  0%)     0/4(  0%)      0/4(  0%)       0/4(  0%)
20:      0/24(  0%)     0/4(  0%)      0/4(  0%)       0/4(  0%)
21:      0/24(  0%)     0/4(  0%)      0/4(  0%)       0/4(  0%)
22:      0/24(  0%)     0/4(  0%)      0/4(  0%)       0/4(  0%)
23:      0/24(  0%)     0/4(  0%)      0/4(  0%)       0/4(  0%)
24:      0/24(  0%)     0/4(  0%)      0/4(  0%)       0/4(  0%)
25:      0/24(  0%)     0/4(  0%)      0/4(  0%)       0/4(  0%)
26:      0/24(  0%)     0/4(  0%)      0/4(  0%)       0/4(  0%)
27:      0/24(  0%)     0/4(  0%)      0/4(  0%)       0/4(  0%)
28:      0/24(  0%)     0/4(  0%)      0/4(  0%)       0/4(  0%)
29:      0/24(  0%)     0/4(  0%)      0/4(  0%)       0/4(  0%)
30:      0/24(  0%)     0/4(  0%)      0/4(  0%)       0/4(  0%)
31:      0/24(  0%)     0/4(  0%)      0/4(  0%)       0/4(  0%)
32:      0/24(  0%)     0/4(  0%)      0/4(  0%)       0/4(  0%)
33:      0/24(  0%)     0/4(  0%)      0/4(  0%)       0/4(  0%)
34:      0/24(  0%)     0/4(  0%)      0/4(  0%)       0/4(  0%)
35:      0/24(  0%)     0/4(  0%)      0/4(  0%)       0/4(  0%)
36:      0/24(  0%)     0/4(  0%)      0/4(  0%)       0/4(  0%)
37:      0/24(  0%)     0/4(  0%)      0/4(  0%)       0/4(  0%)
38:      0/24(  0%)     0/4(  0%)      0/4(  0%)       0/4(  0%)
39:      0/24(  0%)     0/4(  0%)      0/4(  0%)       0/4(  0%)
40:      0/24(  0%)     0/4(  0%)      0/4(  0%)       0/4(  0%)
41:      0/24(  0%)     0/4(  0%)      0/4(  0%)       0/4(  0%)
42:      0/24(  0%)     0/4(  0%)      0/4(  0%)       0/4(  0%)
43:      0/24(  0%)     0/4(  0%)      0/4(  0%)       0/4(  0%)
44:      0/24(  0%)     0/4(  0%)      0/4(  0%)       0/4(  0%)
45:      0/24(  0%)     0/4(  0%)      0/4(  0%)       0/4(  0%)
46:      0/24(  0%)     0/4(  0%)      0/4(  0%)       0/4(  0%)
47:      0/24(  0%)     0/4(  0%)      0/4(  0%)       0/4(  0%)
48:      0/24(  0%)     0/4(  0%)      0/4(  0%)       0/4(  0%)
49:      0/24(  0%)     0/4(  0%)      0/4(  0%)       0/4(  0%)
50:      0/24(  0%)     0/4(  0%)      0/4(  0%)       0/4(  0%)
51:      0/24(  0%)     0/4(  0%)      0/4(  0%)       0/4(  0%)
52:      0/24(  0%)     0/4(  0%)      0/4(  0%)       0/4(  0%)
EA:      0/24(  0%)     0/4(  0%)      0/4(  0%)       0/4(  0%)


Device-Specific Information:c:\documents and settings\nlecky\desktop\todesktop\8puzzlevhdl\square3.rpt
square3

** CLOCK SIGNALS **

Type     Fan-out       Name
INPUT        7         clk


Device-Specific Information:c:\documents and settings\nlecky\desktop\todesktop\8puzzlevhdl\square3.rpt
square3

** CLEAR SIGNALS **

Type     Fan-out       Name
INPUT        5         clr


Device-Specific Information:c:\documents and settings\nlecky\desktop\todesktop\8puzzlevhdl\square3.rpt
square3

** EQUATIONS **

clk      : INPUT;
clr      : INPUT;
goal0    : INPUT;
goal1    : INPUT;
goal2    : INPUT;
goal3    : INPUT;
init0    : INPUT;
init1    : INPUT;
init2    : INPUT;
init3    : INPUT;
in00     : INPUT;
in01     : INPUT;
in02     : INPUT;
in03     : INPUT;
in10     : INPUT;
in11     : INPUT;
in12     : INPUT;
in13     : INPUT;
in20     : INPUT;
in21     : INPUT;
in22     : INPUT;
in23     : INPUT;
rand0    : INPUT;
rand1    : INPUT;
reinit   : INPUT;

-- Node name is 'clr0' 
-- Equation name is 'clr0', type is output 
clr0     =  _LC5_D14;

-- Node name is 'clr1' 
-- Equation name is 'clr1', type is output 
clr1     =  _LC1_D14;

-- Node name is 'clr~1' 
-- Equation name is 'clr~1', location is LC1_D3, type is buried.
-- synthesized logic cell 
!_LC1_D3 = _LC1_D3~NOT;
_LC1_D3~NOT = LCELL(!clr);

-- Node name is 'clr2' 
-- Equation name is 'clr2', type is output 
clr2     =  _LC7_D14;

-- Node name is 'match' 
-- Equation name is 'match', type is output 
match    =  _LC1_B9;

-- Node name is 'output0' 
-- Equation name is 'output0', type is output 
output0  =  _LC3_D15;

-- Node name is 'output1' 
-- Equation name is 'output1', type is output 
output1  =  _LC1_D15;

-- Node name is 'output2' 
-- Equation name is 'output2', type is output 
output2  =  _LC4_D15;

-- Node name is 'output3' 
-- Equation name is 'output3', type is output 
output3  =  _LC2_D14;

-- Node name is 'reinit~1' 
-- Equation name is 'reinit~1', location is LC6_D14, type is buried.
-- synthesized logic cell 
_LC6_D14 = LCELL( _EQ001);
  _EQ001 = !_LC1_D11 & !_LC2_D11;

-- Node name is ':26' 
-- Equation name is '_LC5_D14', type is buried 
_LC5_D14 = DFFE( _EQ002, GLOBAL( clk),  VCC,  VCC, !_LC1_D3);
  _EQ002 =  _LC1_D11 & !_LC8_D14
         #  _LC5_D14 &  _LC8_D14;

-- Node name is ':28' 
-- Equation name is '_LC1_D14', type is buried 
_LC1_D14 = DFFE( _EQ003, GLOBAL( clk),  VCC,  VCC, !_LC1_D3);
  _EQ003 =  _LC2_D11 & !_LC8_D14
         #  _LC1_D14 &  _LC8_D14;

-- Node name is ':30' 
-- Equation name is '_LC7_D14', type is buried 
_LC7_D14 = DFFE( _EQ004, GLOBAL( clk),  VCC,  VCC, !_LC1_D3);
  _EQ004 =  _LC6_D14 & !_LC8_D14
         #  _LC7_D14 &  _LC8_D14;

-- Node name is ':32' 
-- Equation name is '_LC2_D14', type is buried 
_LC2_D14 = DFFE( _EQ005, GLOBAL( clk), GLOBAL(!clr),  VCC,  VCC);
  _EQ005 =  _LC2_D14 & !reinit
         #  _LC4_D14 & !reinit
         #  init3 &  reinit;

-- Node name is ':34' 
-- Equation name is '_LC4_D15', type is buried 
_LC4_D15 = DFFE( _EQ006, GLOBAL( clk), GLOBAL(!clr),  VCC,  VCC);
  _EQ006 =  _LC4_D15 & !reinit
         #  _LC8_D11 & !reinit
         #  init2 &  reinit;

-- Node name is ':36' 
-- Equation name is '_LC1_D15', type is buried 
_LC1_D15 = DFFE( _EQ007, GLOBAL( clk), GLOBAL(!clr),  VCC,  VCC);
  _EQ007 =  _LC1_D15 & !reinit
         #  _LC8_D15 & !reinit
         #  init1 &  reinit;

-- Node name is ':38' 
-- Equation name is '_LC3_D15', type is buried 
_LC3_D15 = DFFE( _EQ008, GLOBAL( clk), GLOBAL(!clr),  VCC,  VCC);
  _EQ008 =  _LC3_D15 & !reinit
         #  _LC6_D15 & !reinit
         #  init0 &  reinit;

-- Node name is ':93' 
-- Equation name is '_LC2_D15', type is buried 
_LC2_D15 = LCELL( _EQ009);
  _EQ009 = !_LC1_D15 & !_LC2_D14 & !_LC3_D15 & !_LC4_D15;

-- Node name is ':122' 
-- Equation name is '_LC1_D11', type is buried 
_LC1_D11 = LCELL( _EQ010);
  _EQ010 = !rand0 & !rand1;

-- Node name is ':127' 
-- Equation name is '_LC2_D11', type is buried 
!_LC2_D11 = _LC2_D11~NOT;
_LC2_D11~NOT = LCELL( _EQ011);
  _EQ011 =  rand1
         # !rand0;

-- Node name is ':205' 
-- Equation name is '_LC3_D14', type is buried 
_LC3_D14 = LCELL( _EQ012);
  _EQ012 =  in13 &  _LC2_D11
         #  in23 & !_LC2_D11;

-- Node name is ':217' 
-- Equation name is '_LC3_D11', type is buried 
_LC3_D11 = LCELL( _EQ013);
  _EQ013 =  in12 &  _LC2_D11
         #  in22 & !_LC2_D11;

-- Node name is ':226' 
-- Equation name is '_LC7_D15', type is buried 
_LC7_D15 = LCELL( _EQ014);
  _EQ014 =  in11 &  _LC2_D11
         #  in21 & !_LC2_D11;

-- Node name is ':235' 
-- Equation name is '_LC5_D15', type is buried 
_LC5_D15 = LCELL( _EQ015);
  _EQ015 =  in10 &  _LC2_D11
         #  in20 & !_LC2_D11;

-- Node name is '~308~1' 
-- Equation name is '~308~1', location is LC8_D14, type is buried.
-- synthesized logic cell 
_LC8_D14 = LCELL( _EQ016);
  _EQ016 = !_LC2_D15
         #  reinit;

-- Node name is ':315' 
-- Equation name is '_LC4_D14', type is buried 
_LC4_D14 = LCELL( _EQ017);
  _EQ017 = !_LC1_D11 &  _LC2_D15 &  _LC3_D14
         #  in03 &  _LC1_D11 &  _LC2_D15;

-- Node name is ':324' 
-- Equation name is '_LC8_D11', type is buried 
_LC8_D11 = LCELL( _EQ018);
  _EQ018 = !_LC1_D11 &  _LC2_D15 &  _LC3_D11
         #  in02 &  _LC1_D11 &  _LC2_D15;

-- Node name is ':333' 
-- Equation name is '_LC8_D15', type is buried 
_LC8_D15 = LCELL( _EQ019);
  _EQ019 = !_LC1_D11 &  _LC2_D15 &  _LC7_D15
         #  in01 &  _LC1_D11 &  _LC2_D15;

-- Node name is ':342' 
-- Equation name is '_LC6_D15', type is buried 
_LC6_D15 = LCELL( _EQ020);
  _EQ020 = !_LC1_D11 &  _LC2_D15 &  _LC5_D15
         #  in00 &  _LC1_D11 &  _LC2_D15;

-- Node name is '~376~1' 
-- Equation name is '~376~1', location is LC2_B9, type is buried.
-- synthesized logic cell 
_LC2_B9  = LCELL( _EQ021);
  _EQ021 =  goal2 &  goal3 &  _LC2_D14 &  _LC4_D15
         #  goal2 & !goal3 & !_LC2_D14 &  _LC4_D15
         # !goal2 &  goal3 &  _LC2_D14 & !_LC4_D15
         # !goal2 & !goal3 & !_LC2_D14 & !_LC4_D15;

-- Node name is ':376' 
-- Equation name is '_LC1_B9', type is buried 
_LC1_B9  = LCELL( _EQ022);
  _EQ022 =  goal1 &  _LC1_D15 &  _LC2_B9 &  _LC3_B9
         # !goal1 & !_LC1_D15 &  _LC2_B9 &  _LC3_B9;

-- Node name is ':380' 
-- Equation name is '_LC3_B9', type is buried 
!_LC3_B9 = _LC3_B9~NOT;
_LC3_B9~NOT = LCELL( _EQ023);
  _EQ023 =  goal0 & !_LC3_D15
         # !goal0 &  _LC3_D15;



Project Informationc:\documents and settings\nlecky\desktop\todesktop\8puzzlevhdl\square3.rpt

** COMPILATION SETTINGS & TIMES **

Processing Menu Commands
------------------------

Design Doctor                             = off

Logic Synthesis:

   Synthesis Type Used                    = Multi-Level

   Default Synthesis Style                = NORMAL

      Logic option settings in 'NORMAL' style for 'FLEX10K' family

      CARRY_CHAIN                         = ignore
      CARRY_CHAIN_LENGTH                  = 32
      CASCADE_CHAIN                       = ignore
      CASCADE_CHAIN_LENGTH                = 2
      DECOMPOSE_GATES                     = on
      DUPLICATE_LOGIC_EXTRACTION          = on
      MINIMIZATION                        = full
      MULTI_LEVEL_FACTORING               = on
      NOT_GATE_PUSH_BACK                  = on
      REDUCE_LOGIC                        = on
      REFACTORIZATION                     = on
      REGISTER_OPTIMIZATION               = on
      RESYNTHESIZE_NETWORK                = on
      SLOW_SLEW_RATE                      = off
      SUBFACTOR_EXTRACTION                = on
      IGNORE_SOFT_BUFFERS                 = on
      USE_LPM_FOR_AHDL_OPERATORS          = off

   Other logic synthesis settings:

      Automatic Global Clock              = on
      Automatic Global Clear              = on
      Automatic Global Preset             = on
      Automatic Global Output Enable      = on
      Automatic Fast I/O                  = off
      Automatic Register Packing          = off
      Automatic Open-Drain Pins           = on
      Automatic Implement in EAB          = off
      Optimize                            = 5

Default Timing Specifications: None

Cut All Bidir Feedback Timing Paths       = on
Cut All Clear & Preset Timing Paths       = on

Ignore Timing Assignments                 = on

Functional SNF Extractor                  = off

Linked SNF Extractor                      = off
Timing SNF Extractor                      = on
Optimize Timing SNF                       = off
Generate AHDL TDO File                    = off
Fitter Settings                           = NORMAL
Use Quartus Fitter                        = on
Smart Recompile                           = off
Total Recompile                           = off

Interfaces Menu Commands
------------------------

EDIF Netlist Writer                       = off
Verilog Netlist Writer                    = off
VHDL Netlist Writer                       = off

Compilation Times
-----------------

   Compiler Netlist Extractor             00:00:00
   Database Builder                       00:00:00
   Logic Synthesizer                      00:00:01
   Partitioner                            00:00:00
   Fitter                                 00:00:10
   Timing SNF Extractor                   00:00:00
   Assembler                              00:00:02
   --------------------------             --------
   Total Time                             00:00:13


Memory Allocated
-----------------

Peak memory allocated during compilation  = 34,692K
