Project Informationc:\documents and settings\nlecky\desktop\todesktop\8puzzlevhdl\square4.rpt

MAX+plus II Compiler Report File
Version 10.1 06/12/2001
Compiled: 03/19/2002 12:34:20

Copyright (C) 1988-2001 Altera Corporation
Any megafunction design, and related net list (encrypted or decrypted),
support information, device programming or simulation file, and any other
associated documentation or information provided by Altera or a partner
under Altera's Megafunction Partnership Program may be used only to
program PLD devices (but not masked PLD devices) from Altera.  Any other
use of such megafunction design, net list, support information, device
programming or simulation file, or any other related documentation or
information is prohibited for any other purpose, including, but not
limited to modification, reverse engineering, de-compiling, or use with
any other silicon devices, unless such use is explicitly licensed under
a separate agreement with Altera or a megafunction partner.  Title to
the intellectual property, including patents, copyrights, trademarks,
trade secrets, or maskworks, embodied in any such megafunction design,
net list, support information, device programming or simulation file, or
any other related documentation or information provided by Altera or a
megafunction partner, remains with Altera, the megafunction partner, or
their respective licensors.  No other licenses, including any licenses
needed under any third party's intellectual property, are provided herein.



***** Project compilation was successful


SQUARE4


** DEVICE SUMMARY **

Chip/                     Input Output Bidir  Memory  Memory  			 LCs
POF       Device          Pins  Pins   Pins   Bits % Utilized  LCs  % Utilized

square4   EPF10K70RC240-4  29     9      0    0         0  %    30       0  %

User Pins:                 29     9      0  



Device-Specific Information:c:\documents and settings\nlecky\desktop\todesktop\8puzzlevhdl\square4.rpt
square4

***** Logic for device 'square4' compiled without errors.




Device: EPF10K70RC240-4

FLEX 10K Configuration Scheme: Passive Serial

Device Options:
    User-Supplied Start-Up Clock               = OFF
    Auto-Restart Configuration on Frame Error  = OFF
    Release Clears Before Tri-States           = OFF
    Enable Chip_Wide Reset                     = OFF
    Enable Chip-Wide Output Enable             = OFF
    Enable INIT_DONE Output                    = OFF
    JTAG User Code                             = 7f

                                                                                                                                         
                                                                                                                                         
                  R   R R R       R R R R   R       R       R R   R   R       R R R R   R R R R R R R   R R R R R R R   R R R R R R R R  
                  E   E E E       E E E E   E       E       E E   E o E       E E E E   E E E E E E E   E E E E E E E   E E E E E E E E  
                  S   S S S     G S S S S   S   V   S       S S G S u S       S S S S V S S S S S S S G S S S S S S S V S S S S S S S S  
                g E   E E E     N E E E E   E   C   E m i i E E N E t E r r   E E E E C E E E E E E E N E E E E E E E C E E E E E E E E  
                o R c R R R i i D R R R R i R i C i R a n n R R D R p R a a i R R R R C R R R R R R R D R R R R R R R C R R R R R R R R  
                a V l V V V n n I V V V V n V n I n V t i i V V I V u V n n n V V V V I V V V V V V V I V V V V V V V I V V V V V V V V  
                l E r E E E 0 2 N E E E E 2 E 3 N 0 E c t t E E N E t E d d 2 E E E E N E E E E E E E N E E E E E E E N E E E E E E E E  
                1 D 0 D D D 1 2 T D D D D 1 D 0 T 0 D h 1 2 D D T D 0 D 1 0 0 D D D D T D D D D D D D T D D D D D D D T D D D D D D D D  
              --------------------------------------------------------------------------------------------------------------------------_ 
             / 240 238 236 234 232 230 228 226 224 222 220 218 216 214 212 210 208 206 204 202 200 198 196 194 192 190 188 186 184 182   |_ 
            /    239 237 235 233 231 229 227 225 223 221 219 217 215 213 211 209 207 205 203 201 199 197 195 193 191 189 187 185 183 181    | 
      #TCK |  1                                                                                                                         180 | ^DATA0 
^CONF_DONE |  2                                                                                                                         179 | ^DCLK 
     ^nCEO |  3                                                                                                                         178 | ^nCE 
      #TDO |  4                                                                                                                         177 | #TDI 
    VCCINT |  5                                                                                                                         176 | GNDINT 
  RESERVED |  6                                                                                                                         175 | RESERVED 
  RESERVED |  7                                                                                                                         174 | RESERVED 
  RESERVED |  8                                                                                                                         173 | RESERVED 
  RESERVED |  9                                                                                                                         172 | RESERVED 
    GNDINT | 10                                                                                                                         171 | RESERVED 
  RESERVED | 11                                                                                                                         170 | VCCINT 
  RESERVED | 12                                                                                                                         169 | RESERVED 
  RESERVED | 13                                                                                                                         168 | RESERVED 
  RESERVED | 14                                                                                                                         167 | RESERVED 
  RESERVED | 15                                                                                                                         166 | RESERVED 
    VCCINT | 16                                                                                                                         165 | GNDINT 
  RESERVED | 17                                                                                                                         164 | RESERVED 
  RESERVED | 18                                                                                                                         163 | RESERVED 
  RESERVED | 19                                                                                                                         162 | RESERVED 
  RESERVED | 20                                                                                                                         161 | RESERVED 
  RESERVED | 21                                                                                                                         160 | VCCINT 
    GNDINT | 22                                                                                                                         159 | RESERVED 
  RESERVED | 23                                                                                                                         158 | goal0 
  RESERVED | 24                                                                                                                         157 | RESERVED 
  RESERVED | 25                                                                                                                         156 | RESERVED 
  RESERVED | 26                                                                                                                         155 | GNDINT 
    VCCINT | 27                                                                                                                         154 | RESERVED 
  RESERVED | 28                                                                                                                         153 | RESERVED 
  RESERVED | 29                                                                                                                         152 | RESERVED 
  RESERVED | 30                                                                                                                         151 | RESERVED 
  RESERVED | 31                                                     EPF10K70RC240-4                                                     150 | VCCINT 
    GNDINT | 32                                                                                                                         149 | RESERVED 
  RESERVED | 33                                                                                                                         148 | RESERVED 
  RESERVED | 34                                                                                                                         147 | RESERVED 
  RESERVED | 35                                                                                                                         146 | RESERVED 
  RESERVED | 36                                                                                                                         145 | GNDINT 
    VCCINT | 37                                                                                                                         144 | RESERVED 
  RESERVED | 38                                                                                                                         143 | RESERVED 
  RESERVED | 39                                                                                                                         142 | RESERVED 
  RESERVED | 40                                                                                                                         141 | RESERVED 
  RESERVED | 41                                                                                                                         140 | VCCINT 
    GNDINT | 42                                                                                                                         139 | RESERVED 
  RESERVED | 43                                                                                                                         138 | RESERVED 
  RESERVED | 44                                                                                                                         137 | in33 
  RESERVED | 45                                                                                                                         136 | in10 
   output2 | 46                                                                                                                         135 | GNDINT 
    VCCINT | 47                                                                                                                         134 | init3 
      clr2 | 48                                                                                                                         133 | init0 
   output1 | 49                                                                                                                         132 | in32 
   output3 | 50                                                                                                                         131 | in12 
  RESERVED | 51                                                                                                                         130 | VCCINT 
    GNDINT | 52                                                                                                                         129 | RESERVED 
  RESERVED | 53                                                                                                                         128 | RESERVED 
  RESERVED | 54                                                                                                                         127 | RESERVED 
  RESERVED | 55                                                                                                                         126 | RESERVED 
  RESERVED | 56                                                                                                                         125 | GNDINT 
    VCCINT | 57                                                                                                                         124 | ^MSEL0 
      #TMS | 58                                                                                                                         123 | ^MSEL1 
     #TRST | 59                                                                                                                         122 | VCCINT 
  ^nSTATUS | 60                                                                                                                         121 | ^nCONFIG 
           |      62  64  66  68  70  72  74  76  78  80  82  84  86  88  90  92  94  96  98 100 102 104 106 108 110 112 114 116 118 120  _| 
            \   61  63  65  67  69  71  73  75  77  79  81  83  85  87  89  91  93  95  97  99 101 103 105 107 109 111 113 115 117 119   | 
             \--------------------------------------------------------------------------------------------------------------------------- 
                R R c c i R g i G R R R i i R R V R R R R R i i G R g R V c c r G R R V R R R R R R R G R R R R R R R V R R R R R R R R  
                E E l l n E o n N E E E n n E E C E E E E E n n N E o E C l l e N E E C E E E E E E E N E E E E E E E C E E E E E E E E  
                S S r r 2 S a 1 D S S S 0 3 S S C S S S S S 0 1 D S a S C r k i D S S C S S S S S S S D S S S S S S S C S S S S S S S S  
                E E 1 3 3 E l 3 I E E E 3 1 E E I E E E E E 2 1 I E l E I     n I E E I E E E E E E E I E E E E E E E I E E E E E E E E  
                R R       R 2   N R R R     R R N R R R R R     N R 3 R N     i N R R N R R R R R R R N R R R R R R R N R R R R R R R R  
                V V       V     T V V V     V V T V V V V V     T V   V T     t T V V T V V V V V V V T V V V V V V V T V V V V V V V V  
                E E       E       E E E     E E   E E E E E       E   E           E E   E E E E E E E   E E E E E E E   E E E E E E E E  
                D D       D       D D D     D D   D D D D D       D   D           D D   D D D D D D D   D D D D D D D   D D D D D D D D  
                                                                                                                                         
                                                                                                                                         


N.C. = No Connect. This pin has no internal connection to the device.
VCCINT = Dedicated power pin, which MUST be connected to VCC (5.0 volts).
VCCIO = Dedicated power pin, which MUST be connected to VCC (5.0 volts).
GNDINT = Dedicated ground pin or unused dedicated input, which MUST be connected to GND.
GNDIO = Dedicated ground pin, which MUST be connected to GND.
RESERVED = Unused I/O pin, which MUST be left unconnected.

^ = Dedicated configuration pin.
+ = Reserved configuration pin, which is tri-stated during user mode.
* = Reserved configuration pin, which drives out in user mode.
PDn = Power Down pin. 
@ = Special-purpose pin. 
# = JTAG Boundary-Scan Testing/In-System Programming or Configuration Pin. The JTAG inputs TMS and TDI should be tied to VCC and TCK should be tied to GND when not in use.
& = JTAG pin used for I/O. When used as user I/O, JTAG pins must be kept stable before and during configuration.  JTAG pin stability prevents accidental loading of JTAG instructions.


Device-Specific Information:c:\documents and settings\nlecky\desktop\todesktop\8puzzlevhdl\square4.rpt
square4

** RESOURCE USAGE **

Logic                Column       Row                                   
Array                Interconnect Interconnect         Clears/     External  
Block   Logic Cells  Driven       Driven       Clocks  Presets   Interconnect
D27      1/ 8( 12%)   1/ 8( 12%)   0/ 8(  0%)    0/2    0/2       2/26(  7%)   
H27      8/ 8(100%)   1/ 8( 12%)   2/ 8( 25%)    1/2    1/2      15/26( 57%)   
H33      8/ 8(100%)   1/ 8( 12%)   3/ 8( 37%)    1/2    1/2      17/26( 65%)   
H41      4/ 8( 50%)   0/ 8(  0%)   4/ 8( 50%)    0/2    0/2       4/26( 15%)   
H45      1/ 8( 12%)   0/ 8(  0%)   1/ 8( 12%)    0/2    0/2       1/26(  3%)   
H49      8/ 8(100%)   3/ 8( 37%)   1/ 8( 12%)    1/2    1/2      12/26( 46%)   


Embedded             Column       Row                                   
Array     Embedded   Interconnect Interconnect         Read/      External  
Block     Cells      Driven       Driven       Clocks  Write    Interconnect


Total dedicated input pins used:                 6/6      (100%)
Total I/O pins used:                            32/183    ( 17%)
Total logic cells used:                         30/3744   (  0%)
Total embedded cells used:                       0/72     (  0%)
Total EABs used:                                 0/9      (  0%)
Average fan-in:                                 3.26/4    ( 81%)
Total fan-in:                                  98/14976   (  0%)

Total input pins required:                      29
Total input I/O cell registers required:         0
Total output pins required:                      9
Total output I/O cell registers required:        0
Total buried I/O cell registers required:        0
Total bidirectional pins required:               0
Total reserved pins required                     0
Total logic cells required:                     30
Total flipflops required:                        8
Total packed registers required:                 0
Total logic cells in carry chains:               0
Total number of carry chains:                    0
Total logic cells in cascade chains:             0
Total number of cascade chains:                  0
Total single-pin Clock Enables required:         0
Total single-pin Output Enables required:        0

Synthesized logic cells:                         4/3744   (  0%)

Logic Cell and Embedded Cell Counts

Column:  01  02  03  04  05  06  07  08  09  10  11  12  13  14  15  16  17  18  19  20  21  22  23  24  25  26  EA  27  28  29  30  31  32  33  34  35  36  37  38  39  40  41  42  43  44  45  46  47  48  49  50  51  52  Total(LC/EC)
 A:      0   0   0   0   0   0   0   0   0   0   0   0   0   0   0   0   0   0   0   0   0   0   0   0   0   0   0   0   0   0   0   0   0   0   0   0   0   0   0   0   0   0   0   0   0   0   0   0   0   0   0   0   0      0/0  
 B:      0   0   0   0   0   0   0   0   0   0   0   0   0   0   0   0   0   0   0   0   0   0   0   0   0   0   0   0   0   0   0   0   0   0   0   0   0   0   0   0   0   0   0   0   0   0   0   0   0   0   0   0   0      0/0  
 C:      0   0   0   0   0   0   0   0   0   0   0   0   0   0   0   0   0   0   0   0   0   0   0   0   0   0   0   0   0   0   0   0   0   0   0   0   0   0   0   0   0   0   0   0   0   0   0   0   0   0   0   0   0      0/0  
 D:      0   0   0   0   0   0   0   0   0   0   0   0   0   0   0   0   0   0   0   0   0   0   0   0   0   0   0   1   0   0   0   0   0   0   0   0   0   0   0   0   0   0   0   0   0   0   0   0   0   0   0   0   0      1/0  
 E:      0   0   0   0   0   0   0   0   0   0   0   0   0   0   0   0   0   0   0   0   0   0   0   0   0   0   0   0   0   0   0   0   0   0   0   0   0   0   0   0   0   0   0   0   0   0   0   0   0   0   0   0   0      0/0  
 F:      0   0   0   0   0   0   0   0   0   0   0   0   0   0   0   0   0   0   0   0   0   0   0   0   0   0   0   0   0   0   0   0   0   0   0   0   0   0   0   0   0   0   0   0   0   0   0   0   0   0   0   0   0      0/0  
 G:      0   0   0   0   0   0   0   0   0   0   0   0   0   0   0   0   0   0   0   0   0   0   0   0   0   0   0   0   0   0   0   0   0   0   0   0   0   0   0   0   0   0   0   0   0   0   0   0   0   0   0   0   0      0/0  
 H:      0   0   0   0   0   0   0   0   0   0   0   0   0   0   0   0   0   0   0   0   0   0   0   0   0   0   0   8   0   0   0   0   0   8   0   0   0   0   0   0   0   4   0   0   0   1   0   0   0   8   0   0   0     29/0  
 I:      0   0   0   0   0   0   0   0   0   0   0   0   0   0   0   0   0   0   0   0   0   0   0   0   0   0   0   0   0   0   0   0   0   0   0   0   0   0   0   0   0   0   0   0   0   0   0   0   0   0   0   0   0      0/0  

Total:   0   0   0   0   0   0   0   0   0   0   0   0   0   0   0   0   0   0   0   0   0   0   0   0   0   0   0   9   0   0   0   0   0   8   0   0   0   0   0   0   0   4   0   0   0   1   0   0   0   8   0   0   0     30/0  



Device-Specific Information:c:\documents and settings\nlecky\desktop\todesktop\8puzzlevhdl\square4.rpt
square4

** INPUTS **

                                                    Fan-In    Fan-Out
 Pin     LC     EC   Row  Col  Primitive    Code      INP  FBK  OUT  FBK  Name
  91      -     -    -    --      INPUT  G             0    0    0    0  clk
  90      -     -    -    --      INPUT  G             0    0    0    1  clr
 158      -     -    D    --      INPUT                0    0    0    1  goal0
 240      -     -    -    52      INPUT                0    0    0    1  goal1
  67      -     -    -    46      INPUT                0    0    0    1  goal2
  87      -     -    -    28      INPUT                0    0    0    1  goal3
 133      -     -    H    --      INPUT                0    0    0    1  init0
 220      -     -    -    33      INPUT                0    0    0    1  init1
 219      -     -    -    32      INPUT                0    0    0    1  init2
 134      -     -    H    --      INPUT                0    0    0    1  init3
 223      -     -    -    36      INPUT                0    0    0    1  in00
 234      -     -    -    45      INPUT                0    0    0    1  in01
  83      -     -    -    31      INPUT                0    0    0    1  in02
  73      -     -    -    39      INPUT                0    0    0    1  in03
 136      -     -    H    --      INPUT                0    0    0    1  in10
  84      -     -    -    30      INPUT                0    0    0    1  in11
 131      -     -    H    --      INPUT                0    0    0    1  in12
  68      -     -    -    45      INPUT                0    0    0    1  in13
 210      -     -    -    --      INPUT                0    0    0    1  in20
 227      -     -    -    39      INPUT                0    0    0    1  in21
 233      -     -    -    44      INPUT                0    0    0    1  in22
  65      -     -    -    47      INPUT                0    0    0    1  in23
 225      -     -    -    37      INPUT                0    0    0    1  in30
  74      -     -    -    39      INPUT                0    0    0    1  in31
 132      -     -    H    --      INPUT                0    0    0    1  in32
 137      -     -    H    --      INPUT                0    0    0    1  in33
 211      -     -    -    --      INPUT                0    0    0    3  rand0
 212      -     -    -    --      INPUT                0    0    0    3  rand1
  92      -     -    -    --      INPUT                0    0    0    5  reinit


Code:

s = Synthesized pin or logic cell
+ = Synchronous flipflop
/ = Slow slew-rate output
! = NOT gate push-back
r = Fitter-inserted logic cell
@ = Uses single-pin Clock Enable
& = Uses single-pin Output Enable
G = Global Source. Fan-out destinations counted here do not include destinations
that are driven using global routing resources. Refer to the Auto Global Signals,
Clock Signals, Clear Signals, Synchronous Load Signals, and Synchronous Clear Signals
Sections of this Report File for information on which signals' fan-outs are used as
Clock, Clear, Preset, Output Enable, and synchronous Load signals.


Device-Specific Information:c:\documents and settings\nlecky\desktop\todesktop\8puzzlevhdl\square4.rpt
square4

** OUTPUTS **

       Fed By Fed By                                Fan-In    Fan-Out
 Pin     LC     EC   Row  Col  Primitive    Code      INP  FBK  OUT  FBK  Name
 238      -     -    -    49     OUTPUT                0    1    0    0  clr0
  63      -     -    -    50     OUTPUT                0    1    0    0  clr1
  48      -     -    H    --     OUTPUT                0    1    0    0  clr2
  64      -     -    -    49     OUTPUT                0    1    0    0  clr3
 221      -     -    -    33     OUTPUT                0    1    0    0  match
 214      -     -    -    28     OUTPUT                0    1    0    0  output0
  49      -     -    H    --     OUTPUT                0    1    0    0  output1
  46      -     -    H    --     OUTPUT                0    1    0    0  output2
  50      -     -    H    --     OUTPUT                0    1    0    0  output3


Code:

s = Synthesized pin or logic cell
+ = Synchronous flipflop
/ = Slow slew-rate output
! = NOT gate push-back
r = Fitter-inserted logic cell
@ = Uses single-pin Clock Enable
& = Uses single-pin Output Enable


Device-Specific Information:c:\documents and settings\nlecky\desktop\todesktop\8puzzlevhdl\square4.rpt
square4

** BURIED LOGIC **

                                                    Fan-In    Fan-Out
 IOC     LC     EC   Row  Col  Primitive    Code      INP  FBK  OUT  FBK  Name
   -      1     -    H    45       SOFT    s   !       1    0    0    4  clr~1
   -      8     -    H    49       AND2    s           0    3    0    1  reinit~1
   -      1     -    H    49       DFFE   +            0    3    1    0  :30
   -      2     -    H    49       DFFE   +            0    3    1    0  :32
   -      5     -    H    33       DFFE   +            0    3    1    0  :34
   -      4     -    H    49       DFFE   +            0    3    1    0  :36
   -      8     -    H    33       DFFE   +            2    1    1    2  :38
   -      3     -    H    49       DFFE   +            2    1    1    2  :40
   -      7     -    H    27       DFFE   +            2    1    1    2  :42
   -      4     -    H    27       DFFE   +            2    1    1    2  :44
   -      3     -    H    27       AND2                0    4    0    5  :110
   -      2     -    H    41       AND2                2    0    0    6  :142
   -      3     -    H    41       AND2                2    0    0    6  :147
   -      4     -    H    41        OR2        !       2    0    0    6  :152
   -      2     -    H    33        OR2                2    1    0    1  :260
   -      3     -    H    33        OR2                1    2    0    1  :266
   -      5     -    H    49        OR2                2    1    0    1  :278
   -      6     -    H    49        OR2                1    2    0    1  :281
   -      1     -    H    41        OR2                2    1    0    1  :290
   -      6     -    H    27        OR2                1    2    0    1  :293
   -      1     -    H    27        OR2                2    1    0    1  :302
   -      2     -    H    27        OR2                1    2    0    1  :305
   -      1     -    H    33        OR2    s           1    1    0    4  ~409~1
   -      4     -    H    33        OR2                1    3    0    1  :416
   -      7     -    H    49        OR2                1    3    0    1  :425
   -      8     -    H    27        OR2                1    3    0    1  :434
   -      5     -    H    27        OR2                1    3    0    1  :443
   -      7     -    H    33        OR2    s           2    2    0    1  ~481~1
   -      6     -    H    33        OR2                1    3    1    0  :481
   -      1     -    D    27        OR2        !       1    1    0    1  :485


Code:

s = Synthesized pin or logic cell
+ = Synchronous flipflop
/ = Slow slew-rate output
! = NOT gate push-back
r = Fitter-inserted logic cell
p = Packed register


Device-Specific Information:c:\documents and settings\nlecky\desktop\todesktop\8puzzlevhdl\square4.rpt
square4

** FASTTRACK INTERCONNECT UTILIZATION **

Row FastTrack Interconnect:

          Global         Left Half-      Right Half-
         FastTrack       FastTrack       FastTrack 
Row     Interconnect    Interconnect    Interconnect    Input Pins     Output Pins     Bidir Pins
A:       0/208(  0%)     0/104(  0%)     0/104(  0%)    0/16(  0%)      0/16(  0%)     0/16(  0%)
B:       0/208(  0%)     0/104(  0%)     0/104(  0%)    0/16(  0%)      0/16(  0%)     0/16(  0%)
C:       0/208(  0%)     0/104(  0%)     0/104(  0%)    0/16(  0%)      0/16(  0%)     0/16(  0%)
D:       1/208(  0%)     0/104(  0%)     1/104(  0%)    1/16(  6%)      0/16(  0%)     0/16(  0%)
E:       0/208(  0%)     0/104(  0%)     0/104(  0%)    0/16(  0%)      0/16(  0%)     0/16(  0%)
F:       0/208(  0%)     0/104(  0%)     0/104(  0%)    0/16(  0%)      0/16(  0%)     0/16(  0%)
G:       0/208(  0%)     0/104(  0%)     0/104(  0%)    0/16(  0%)      0/16(  0%)     0/16(  0%)
H:      10/208(  4%)     0/104(  0%)    24/104( 23%)    6/16( 37%)      4/16( 25%)     0/16(  0%)
I:       0/208(  0%)     0/104(  0%)     0/104(  0%)    0/16(  0%)      0/16(  0%)     0/16(  0%)


Column FastTrack Interconnect:

         FastTrack                                 
Column  Interconnect    Input Pins     Output Pins     Bidir Pins
01:      0/24(  0%)     0/4(  0%)      0/4(  0%)       0/4(  0%)
02:      0/24(  0%)     0/4(  0%)      0/4(  0%)       0/4(  0%)
03:      0/24(  0%)     0/4(  0%)      0/4(  0%)       0/4(  0%)
04:      0/24(  0%)     0/4(  0%)      0/4(  0%)       0/4(  0%)
05:      0/24(  0%)     0/4(  0%)      0/4(  0%)       0/4(  0%)
06:      0/24(  0%)     0/4(  0%)      0/4(  0%)       0/4(  0%)
07:      0/24(  0%)     0/4(  0%)      0/4(  0%)       0/4(  0%)
08:      0/24(  0%)     0/4(  0%)      0/4(  0%)       0/4(  0%)
09:      0/24(  0%)     0/4(  0%)      0/4(  0%)       0/4(  0%)
10:      0/24(  0%)     0/4(  0%)      0/4(  0%)       0/4(  0%)
11:      0/24(  0%)     0/4(  0%)      0/4(  0%)       0/4(  0%)
12:      0/24(  0%)     0/4(  0%)      0/4(  0%)       0/4(  0%)
13:      0/24(  0%)     0/4(  0%)      0/4(  0%)       0/4(  0%)
14:      0/24(  0%)     0/4(  0%)      0/4(  0%)       0/4(  0%)
15:      0/24(  0%)     0/4(  0%)      0/4(  0%)       0/4(  0%)
16:      0/24(  0%)     0/4(  0%)      0/4(  0%)       0/4(  0%)
17:      0/24(  0%)     0/4(  0%)      0/4(  0%)       0/4(  0%)
18:      0/24(  0%)     0/4(  0%)      0/4(  0%)       0/4(  0%)
19:      0/24(  0%)     0/4(  0%)      0/4(  0%)       0/4(  0%)
20:      0/24(  0%)     0/4(  0%)      0/4(  0%)       0/4(  0%)
21:      0/24(  0%)     0/4(  0%)      0/4(  0%)       0/4(  0%)
22:      0/24(  0%)     0/4(  0%)      0/4(  0%)       0/4(  0%)
23:      0/24(  0%)     0/4(  0%)      0/4(  0%)       0/4(  0%)
24:      0/24(  0%)     0/4(  0%)      0/4(  0%)       0/4(  0%)
25:      0/24(  0%)     0/4(  0%)      0/4(  0%)       0/4(  0%)
26:      0/24(  0%)     0/4(  0%)      0/4(  0%)       0/4(  0%)
27:      1/24(  4%)     0/4(  0%)      0/4(  0%)       0/4(  0%)
28:      2/24(  8%)     1/4( 25%)      1/4( 25%)       0/4(  0%)
29:      0/24(  0%)     0/4(  0%)      0/4(  0%)       0/4(  0%)
30:      1/24(  4%)     1/4( 25%)      0/4(  0%)       0/4(  0%)
31:      1/24(  4%)     1/4( 25%)      0/4(  0%)       0/4(  0%)
32:      1/24(  4%)     1/4( 25%)      0/4(  0%)       0/4(  0%)
33:      2/24(  8%)     1/4( 25%)      1/4( 25%)       0/4(  0%)
34:      0/24(  0%)     0/4(  0%)      0/4(  0%)       0/4(  0%)
35:      0/24(  0%)     0/4(  0%)      0/4(  0%)       0/4(  0%)
36:      1/24(  4%)     1/4( 25%)      0/4(  0%)       0/4(  0%)
37:      1/24(  4%)     1/4( 25%)      0/4(  0%)       0/4(  0%)
38:      0/24(  0%)     0/4(  0%)      0/4(  0%)       0/4(  0%)
39:      3/24( 12%)     3/4( 75%)      0/4(  0%)       0/4(  0%)
40:      0/24(  0%)     0/4(  0%)      0/4(  0%)       0/4(  0%)
41:      0/24(  0%)     0/4(  0%)      0/4(  0%)       0/4(  0%)
42:      0/24(  0%)     0/4(  0%)      0/4(  0%)       0/4(  0%)
43:      0/24(  0%)     0/4(  0%)      0/4(  0%)       0/4(  0%)
44:      1/24(  4%)     1/4( 25%)      0/4(  0%)       0/4(  0%)
45:      2/24(  8%)     2/4( 50%)      0/4(  0%)       0/4(  0%)
46:      1/24(  4%)     1/4( 25%)      0/4(  0%)       0/4(  0%)
47:      1/24(  4%)     1/4( 25%)      0/4(  0%)       0/4(  0%)
48:      0/24(  0%)     0/4(  0%)      0/4(  0%)       0/4(  0%)
49:      2/24(  8%)     0/4(  0%)      2/4( 50%)       0/4(  0%)
50:      1/24(  4%)     0/4(  0%)      1/4( 25%)       0/4(  0%)
51:      0/24(  0%)     0/4(  0%)      0/4(  0%)       0/4(  0%)
52:      1/24(  4%)     1/4( 25%)      0/4(  0%)       0/4(  0%)
EA:      0/24(  0%)     0/4(  0%)      0/4(  0%)       0/4(  0%)


Device-Specific Information:c:\documents and settings\nlecky\desktop\todesktop\8puzzlevhdl\square4.rpt
square4

** CLOCK SIGNALS **

Type     Fan-out       Name
INPUT        8         clk


Device-Specific Information:c:\documents and settings\nlecky\desktop\todesktop\8puzzlevhdl\square4.rpt
square4

** CLEAR SIGNALS **

Type     Fan-out       Name
INPUT        5         clr


Device-Specific Information:c:\documents and settings\nlecky\desktop\todesktop\8puzzlevhdl\square4.rpt
square4

** EQUATIONS **

clk      : INPUT;
clr      : INPUT;
goal0    : INPUT;
goal1    : INPUT;
goal2    : INPUT;
goal3    : INPUT;
init0    : INPUT;
init1    : INPUT;
init2    : INPUT;
init3    : INPUT;
in00     : INPUT;
in01     : INPUT;
in02     : INPUT;
in03     : INPUT;
in10     : INPUT;
in11     : INPUT;
in12     : INPUT;
in13     : INPUT;
in20     : INPUT;
in21     : INPUT;
in22     : INPUT;
in23     : INPUT;
in30     : INPUT;
in31     : INPUT;
in32     : INPUT;
in33     : INPUT;
rand0    : INPUT;
rand1    : INPUT;
reinit   : INPUT;

-- Node name is 'clr0' 
-- Equation name is 'clr0', type is output 
clr0     =  _LC1_H49;

-- Node name is 'clr1' 
-- Equation name is 'clr1', type is output 
clr1     =  _LC2_H49;

-- Node name is 'clr~1' 
-- Equation name is 'clr~1', location is LC1_H45, type is buried.
-- synthesized logic cell 
!_LC1_H45 = _LC1_H45~NOT;
_LC1_H45~NOT = LCELL(!clr);

-- Node name is 'clr2' 
-- Equation name is 'clr2', type is output 
clr2     =  _LC5_H33;

-- Node name is 'clr3' 
-- Equation name is 'clr3', type is output 
clr3     =  _LC4_H49;

-- Node name is 'match' 
-- Equation name is 'match', type is output 
match    =  _LC6_H33;

-- Node name is 'output0' 
-- Equation name is 'output0', type is output 
output0  =  _LC4_H27;

-- Node name is 'output1' 
-- Equation name is 'output1', type is output 
output1  =  _LC7_H27;

-- Node name is 'output2' 
-- Equation name is 'output2', type is output 
output2  =  _LC3_H49;

-- Node name is 'output3' 
-- Equation name is 'output3', type is output 
output3  =  _LC8_H33;

-- Node name is 'reinit~1' 
-- Equation name is 'reinit~1', location is LC8_H49, type is buried.
-- synthesized logic cell 
_LC8_H49 = LCELL( _EQ001);
  _EQ001 = !_LC2_H41 & !_LC3_H41 & !_LC4_H41;

-- Node name is ':30' 
-- Equation name is '_LC1_H49', type is buried 
_LC1_H49 = DFFE( _EQ002, GLOBAL( clk),  VCC,  VCC, !_LC1_H45);
  _EQ002 = !_LC1_H33 &  _LC2_H41
         #  _LC1_H33 &  _LC1_H49;

-- Node name is ':32' 
-- Equation name is '_LC2_H49', type is buried 
_LC2_H49 = DFFE( _EQ003, GLOBAL( clk),  VCC,  VCC, !_LC1_H45);
  _EQ003 = !_LC1_H33 &  _LC3_H41
         #  _LC1_H33 &  _LC2_H49;

-- Node name is ':34' 
-- Equation name is '_LC5_H33', type is buried 
_LC5_H33 = DFFE( _EQ004, GLOBAL( clk),  VCC,  VCC, !_LC1_H45);
  _EQ004 = !_LC1_H33 &  _LC4_H41
         #  _LC1_H33 &  _LC5_H33;

-- Node name is ':36' 
-- Equation name is '_LC4_H49', type is buried 
_LC4_H49 = DFFE( _EQ005, GLOBAL( clk),  VCC,  VCC, !_LC1_H45);
  _EQ005 = !_LC1_H33 &  _LC8_H49
         #  _LC1_H33 &  _LC4_H49;

-- Node name is ':38' 
-- Equation name is '_LC8_H33', type is buried 
_LC8_H33 = DFFE( _EQ006, GLOBAL( clk), GLOBAL(!clr),  VCC,  VCC);
  _EQ006 =  _LC8_H33 & !reinit
         #  _LC4_H33 & !reinit
         #  init3 &  reinit;

-- Node name is ':40' 
-- Equation name is '_LC3_H49', type is buried 
_LC3_H49 = DFFE( _EQ007, GLOBAL( clk), GLOBAL(!clr),  VCC,  VCC);
  _EQ007 =  _LC3_H49 & !reinit
         #  _LC7_H49 & !reinit
         #  init2 &  reinit;

-- Node name is ':42' 
-- Equation name is '_LC7_H27', type is buried 
_LC7_H27 = DFFE( _EQ008, GLOBAL( clk), GLOBAL(!clr),  VCC,  VCC);
  _EQ008 =  _LC7_H27 & !reinit
         #  _LC8_H27 & !reinit
         #  init1 &  reinit;

-- Node name is ':44' 
-- Equation name is '_LC4_H27', type is buried 
_LC4_H27 = DFFE( _EQ009, GLOBAL( clk), GLOBAL(!clr),  VCC,  VCC);
  _EQ009 =  _LC4_H27 & !reinit
         #  _LC5_H27 & !reinit
         #  init0 &  reinit;

-- Node name is ':110' 
-- Equation name is '_LC3_H27', type is buried 
_LC3_H27 = LCELL( _EQ010);
  _EQ010 = !_LC3_H49 & !_LC4_H27 & !_LC7_H27 & !_LC8_H33;

-- Node name is ':142' 
-- Equation name is '_LC2_H41', type is buried 
_LC2_H41 = LCELL( _EQ011);
  _EQ011 = !rand0 & !rand1;

-- Node name is ':147' 
-- Equation name is '_LC3_H41', type is buried 
_LC3_H41 = LCELL( _EQ012);
  _EQ012 =  rand0 & !rand1;

-- Node name is ':152' 
-- Equation name is '_LC4_H41', type is buried 
!_LC4_H41 = _LC4_H41~NOT;
_LC4_H41~NOT = LCELL( _EQ013);
  _EQ013 = !rand1
         #  rand0;

-- Node name is ':260' 
-- Equation name is '_LC2_H33', type is buried 
_LC2_H33 = LCELL( _EQ014);
  _EQ014 =  in23 &  _LC4_H41
         #  in33 & !_LC4_H41;

-- Node name is ':266' 
-- Equation name is '_LC3_H33', type is buried 
_LC3_H33 = LCELL( _EQ015);
  _EQ015 =  _LC2_H33 & !_LC3_H41
         #  in13 &  _LC3_H41;

-- Node name is ':278' 
-- Equation name is '_LC5_H49', type is buried 
_LC5_H49 = LCELL( _EQ016);
  _EQ016 =  in22 &  _LC4_H41
         #  in32 & !_LC4_H41;

-- Node name is ':281' 
-- Equation name is '_LC6_H49', type is buried 
_LC6_H49 = LCELL( _EQ017);
  _EQ017 = !_LC3_H41 &  _LC5_H49
         #  in12 &  _LC3_H41;

-- Node name is ':290' 
-- Equation name is '_LC1_H41', type is buried 
_LC1_H41 = LCELL( _EQ018);
  _EQ018 =  in21 &  _LC4_H41
         #  in31 & !_LC4_H41;

-- Node name is ':293' 
-- Equation name is '_LC6_H27', type is buried 
_LC6_H27 = LCELL( _EQ019);
  _EQ019 =  _LC1_H41 & !_LC3_H41
         #  in11 &  _LC3_H41;

-- Node name is ':302' 
-- Equation name is '_LC1_H27', type is buried 
_LC1_H27 = LCELL( _EQ020);
  _EQ020 =  in20 &  _LC4_H41
         #  in30 & !_LC4_H41;

-- Node name is ':305' 
-- Equation name is '_LC2_H27', type is buried 
_LC2_H27 = LCELL( _EQ021);
  _EQ021 =  _LC1_H27 & !_LC3_H41
         #  in10 &  _LC3_H41;

-- Node name is '~409~1' 
-- Equation name is '~409~1', location is LC1_H33, type is buried.
-- synthesized logic cell 
_LC1_H33 = LCELL( _EQ022);
  _EQ022 = !_LC3_H27
         #  reinit;

-- Node name is ':416' 
-- Equation name is '_LC4_H33', type is buried 
_LC4_H33 = LCELL( _EQ023);
  _EQ023 = !_LC2_H41 &  _LC3_H27 &  _LC3_H33
         #  in03 &  _LC2_H41 &  _LC3_H27;

-- Node name is ':425' 
-- Equation name is '_LC7_H49', type is buried 
_LC7_H49 = LCELL( _EQ024);
  _EQ024 = !_LC2_H41 &  _LC3_H27 &  _LC6_H49
         #  in02 &  _LC2_H41 &  _LC3_H27;

-- Node name is ':434' 
-- Equation name is '_LC8_H27', type is buried 
_LC8_H27 = LCELL( _EQ025);
  _EQ025 = !_LC2_H41 &  _LC3_H27 &  _LC6_H27
         #  in01 &  _LC2_H41 &  _LC3_H27;

-- Node name is ':443' 
-- Equation name is '_LC5_H27', type is buried 
_LC5_H27 = LCELL( _EQ026);
  _EQ026 =  _LC2_H27 & !_LC2_H41 &  _LC3_H27
         #  in00 &  _LC2_H41 &  _LC3_H27;

-- Node name is '~481~1' 
-- Equation name is '~481~1', location is LC7_H33, type is buried.
-- synthesized logic cell 
_LC7_H33 = LCELL( _EQ027);
  _EQ027 =  goal2 &  goal3 &  _LC3_H49 &  _LC8_H33
         #  goal2 & !goal3 &  _LC3_H49 & !_LC8_H33
         # !goal2 &  goal3 & !_LC3_H49 &  _LC8_H33
         # !goal2 & !goal3 & !_LC3_H49 & !_LC8_H33;

-- Node name is ':481' 
-- Equation name is '_LC6_H33', type is buried 
_LC6_H33 = LCELL( _EQ028);
  _EQ028 =  goal1 &  _LC1_D27 &  _LC7_H27 &  _LC7_H33
         # !goal1 &  _LC1_D27 & !_LC7_H27 &  _LC7_H33;

-- Node name is ':485' 
-- Equation name is '_LC1_D27', type is buried 
!_LC1_D27 = _LC1_D27~NOT;
_LC1_D27~NOT = LCELL( _EQ029);
  _EQ029 =  goal0 & !_LC4_H27
         # !goal0 &  _LC4_H27;



Project Informationc:\documents and settings\nlecky\desktop\todesktop\8puzzlevhdl\square4.rpt

** COMPILATION SETTINGS & TIMES **

Processing Menu Commands
------------------------

Design Doctor                             = off

Logic Synthesis:

   Synthesis Type Used                    = Multi-Level

   Default Synthesis Style                = NORMAL

      Logic option settings in 'NORMAL' style for 'FLEX10K' family

      CARRY_CHAIN                         = ignore
      CARRY_CHAIN_LENGTH                  = 32
      CASCADE_CHAIN                       = ignore
      CASCADE_CHAIN_LENGTH                = 2
      DECOMPOSE_GATES                     = on
      DUPLICATE_LOGIC_EXTRACTION          = on
      MINIMIZATION                        = full
      MULTI_LEVEL_FACTORING               = on
      NOT_GATE_PUSH_BACK                  = on
      REDUCE_LOGIC                        = on
      REFACTORIZATION                     = on
      REGISTER_OPTIMIZATION               = on
      RESYNTHESIZE_NETWORK                = on
      SLOW_SLEW_RATE                      = off
      SUBFACTOR_EXTRACTION                = on
      IGNORE_SOFT_BUFFERS                 = on
      USE_LPM_FOR_AHDL_OPERATORS          = off

   Other logic synthesis settings:

      Automatic Global Clock              = on
      Automatic Global Clear              = on
      Automatic Global Preset             = on
      Automatic Global Output Enable      = on
      Automatic Fast I/O                  = off
      Automatic Register Packing          = off
      Automatic Open-Drain Pins           = on
      Automatic Implement in EAB          = off
      Optimize                            = 5

Default Timing Specifications: None

Cut All Bidir Feedback Timing Paths       = on
Cut All Clear & Preset Timing Paths       = on

Ignore Timing Assignments                 = on

Functional SNF Extractor                  = off

Linked SNF Extractor                      = off
Timing SNF Extractor                      = on
Optimize Timing SNF                       = off
Generate AHDL TDO File                    = off
Fitter Settings                           = NORMAL
Use Quartus Fitter                        = on
Smart Recompile                           = off
Total Recompile                           = off

Interfaces Menu Commands
------------------------

EDIF Netlist Writer                       = off
Verilog Netlist Writer                    = off
VHDL Netlist Writer                       = off

Compilation Times
-----------------

   Compiler Netlist Extractor             00:00:00
   Database Builder                       00:00:00
   Logic Synthesizer                      00:00:00
   Partitioner                            00:00:01
   Fitter                                 00:00:10
   Timing SNF Extractor                   00:00:00
   Assembler                              00:00:02
   --------------------------             --------
   Total Time                             00:00:13


Memory Allocated
-----------------

Peak memory allocated during compilation  = 35,047K
