
     | | | | | | |
   _________________
  -|               |-
  -|               |-
  -|               |-
  -|    CYPRESS    |-
  -|               |-
  -|               |-   Warp VHDL Synthesis Compiler: Version 4 IR x77
  -|               |-   Copyright (C) 1991, 1992, 1993,
   |_______________|    1994, 1995, 1996, 1997 Cypress Semiconductor
     | | | | | | |

======================================================================
Compiling:  adders.vhd
Options:    -yv2 -e10 -w100 -o2 -ygs -fO -fP -v10 -dc375i -pCY7C375I-125AC -a adders.vhd
======================================================================

C:\warp\bin\vhdlfe.exe V4 IR x77:  VHDL parser
Tue Feb 10 16:34:28 1998

Library 'work' => directory 'lc375i'
Linking 'C:\warp\lib\common\work\cypress.vif'.
Library 'ieee' => directory 'C:\warp\lib\ieee\work'
Linking 'C:\warp\lib\ieee\work\stdlogic.vif'.
Library 'ieee' => directory 'C:\warp\lib\ieee\work'
Library 'ieee' => directory 'C:\warp\lib\ieee\work'
Library 'ieee' => directory 'C:\warp\lib\ieee\work'
Library 'ieee' => directory 'C:\warp\lib\ieee\work'

C:\warp\bin\vhdlfe.exe:  No errors.


C:\warp\bin\tovif.exe V4 IR x77:  High-level synthesis
Tue Feb 10 16:34:28 1998

Linking 'C:\warp\lib\common\work\cypress.vif'.
Linking 'C:\warp\lib\ieee\work\stdlogic.vif'.
Note:  Removing wires from arch. 'fa_arch' of entity 'fa'.
Note:  Removing wires from arch. 'fammp_arch' of entity 'fammp'.
Note:  Removing wires from arch. 'ha_arch' of entity 'ha'.
Note:  Removing wires from arch. 'hamp_arch' of entity 'hamp'.
Added entity 'fa' to library 'work'
Added entity 'fammp' to library 'work'
Added entity 'ha' to library 'work'
Added entity 'hamp' to library 'work'
Added architecture 'fa_arch' to library 'work'
Added architecture 'fammp_arch' to library 'work'
Added architecture 'ha_arch' to library 'work'
Added architecture 'hamp_arch' to library 'work'
Added package 'adders_pkg' to library 'work'

C:\warp\bin\tovif.exe:  No errors.

