Project Information       e:\vhdldesigns\research\nandbp01-randper\syn_mux.rpt

MAX+plus II Compiler Report File
Version 10.1 06/12/2001
Compiled: 01/29/2002 11:33:40

Copyright (C) 1988-2001 Altera Corporation
Any megafunction design, and related net list (encrypted or decrypted),
support information, device programming or simulation file, and any other
associated documentation or information provided by Altera or a partner
under Altera's Megafunction Partnership Program may be used only to
program PLD devices (but not masked PLD devices) from Altera.  Any other
use of such megafunction design, net list, support information, device
programming or simulation file, or any other related documentation or
information is prohibited for any other purpose, including, but not
limited to modification, reverse engineering, de-compiling, or use with
any other silicon devices, unless such use is explicitly licensed under
a separate agreement with Altera or a megafunction partner.  Title to
the intellectual property, including patents, copyrights, trademarks,
trade secrets, or maskworks, embodied in any such megafunction design,
net list, support information, device programming or simulation file, or
any other related documentation or information provided by Altera or a
megafunction partner, remains with Altera, the megafunction partner, or
their respective licensors.  No other licenses, including any licenses
needed under any third party's intellectual property, are provided herein.



***** Project compilation was successful


SYN_MUX


** DEVICE SUMMARY **

Chip/                     Input   Output   Bidir         Shareable
POF       Device          Pins    Pins     Pins     LCs  Expanders  % Utilized

syn_mux   EPM7032SLC44-5   4        2        0      17      8           53 %

User Pins:                 4        2        0  



Project Information       e:\vhdldesigns\research\nandbp01-randper\syn_mux.rpt

** AUTO GLOBAL SIGNALS **



INFO: Signal 'clk' chosen for auto global Clock


Device-Specific Information:e:\vhdldesigns\research\nandbp01-randper\syn_mux.rpt
syn_mux

***** Logic for device 'syn_mux' compiled without errors.




Device: EPM7032SLC44-5

Device Options:
    Turbo Bit                                    = ON
    Security Bit                                 = OFF
    Enable JTAG Support                        = ON
    User Code                                  = ffff

                                               
                 e                             
              e  _                             
              _  m                             
              p  i                             
              l  n     V  G  G  G  c  G  e     
              u  u     C  N  N  N  l  N  r     
              s  s  x  C  D  D  D  k  D  r  y  
            -----------------------------------_ 
          /   6  5  4  3  2  1 44 43 42 41 40   | 
    #TDI |  7                                39 | RESERVED 
RESERVED |  8                                38 | #TDO 
RESERVED |  9                                37 | RESERVED 
     GND | 10                                36 | RESERVED 
RESERVED | 11                                35 | VCC 
RESERVED | 12         EPM7032SLC44-5         34 | RESERVED 
    #TMS | 13                                33 | RESERVED 
RESERVED | 14                                32 | #TCK 
     VCC | 15                                31 | RESERVED 
RESERVED | 16                                30 | GND 
RESERVED | 17                                29 | RESERVED 
         |_  18 19 20 21 22 23 24 25 26 27 28  _| 
           ------------------------------------ 
              R  R  R  R  G  V  R  R  R  R  R  
              E  E  E  E  N  C  E  E  E  E  E  
              S  S  S  S  D  C  S  S  S  S  S  
              E  E  E  E        E  E  E  E  E  
              R  R  R  R        R  R  R  R  R  
              V  V  V  V        V  V  V  V  V  
              E  E  E  E        E  E  E  E  E  
              D  D  D  D        D  D  D  D  D  


N.C. = No Connect. This pin has no internal connection to the device.
VCC = Dedicated power pin, which MUST be connected to VCC.
GND = Dedicated ground pin or unused dedicated input, which MUST be connected to GND.
RESERVED = Unused I/O pin, which MUST be left unconnected.

^ = Dedicated configuration pin.
+ = Reserved configuration pin, which is tri-stated during user mode.
* = Reserved configuration pin, which drives out in user mode.
PDn = Power Down pin. 
@ = Special-purpose pin. 
# = JTAG Boundary-Scan Testing/In-System Programming or Configuration Pin. The JTAG inputs TMS and TDI should be tied to VCC and TCK should be tied to GND when not in use.
& = JTAG pin used for I/O. When used as user I/O, JTAG pins must be kept stable before and during configuration.  JTAG pin stability prevents accidental loading of JTAG instructions.


Device-Specific Information:e:\vhdldesigns\research\nandbp01-randper\syn_mux.rpt
syn_mux

** RESOURCE USAGE **

                                                Shareable     External
Logic Array Block     Logic Cells   I/O Pins    Expanders   Interconnect

A:     LC1 - LC16     2/16( 12%)   5/16( 31%)   0/16(  0%)   1/36(  2%) 
B:    LC17 - LC32    15/16( 93%)   4/16( 25%)  14/16( 87%)  18/36( 50%) 


Total dedicated input pins used:                 1/4      ( 25%)
Total I/O pins used:                             9/32     ( 28%)
Total logic cells used:                         17/32     ( 53%)
Total shareable expanders used:                  8/32     ( 25%)
Total Turbo logic cells used:                   17/32     ( 53%)
Total shareable expanders not available (n/a):   6/32     ( 18%)
Average fan-in:                                  5.47
Total fan-in:                                    93

Total input pins required:                       4
Total fast input logic cells required:           0
Total output pins required:                      2
Total bidirectional pins required:               0
Total reserved pins required                     4
Total logic cells required:                     17
Total flipflops required:                        7
Total product terms required:                   54
Total logic cells lending parallel expanders:    0
Total shareable expanders in database:           8

Synthesized logic cells:                         9/  32   ( 28%)



Device-Specific Information:e:\vhdldesigns\research\nandbp01-randper\syn_mux.rpt
syn_mux

** INPUTS **

                                         Shareable
                                         Expanders     Fan-In    Fan-Out
 Pin     LC  LAB  Primitive    Code   Total Shared n/a INP  FBK  OUT  FBK  Name
  43      -   -       INPUT  G            0      0   0    0    0    0    0  clk
   5    (2)  (A)      INPUT               0      0   0    0    0    1    6  e_minus
   6    (3)  (A)      INPUT               0      0   0    0    0    1    7  e_plus
   4    (1)  (A)      INPUT               0      0   0    0    0    2    7  x


Code:

s = Synthesized pin or logic cell
t = Turbo logic cell
+ = Synchronous flipflop
/ = Slow slew-rate output
! = NOT gate push-back
r = Fitter-inserted logic cell
G = Global Source. Fan-out destinations counted here do not include destinations
that are driven using global routing resources. Refer to the Auto Global Signals,
Clock Signals, Clear Signals, Synchronous Load Signals, and Synchronous Clear Signals
Sections of this Report File for information on which signals' fan-outs are used as
Clock, Clear, Preset, Output Enable, and synchronous Load signals.


Device-Specific Information:e:\vhdldesigns\research\nandbp01-randper\syn_mux.rpt
syn_mux

** OUTPUTS **

                                         Shareable
                                         Expanders     Fan-In    Fan-Out
 Pin     LC  LAB  Primitive    Code   Total Shared n/a INP  FBK  OUT  FBK  Name
  41     17    B         FF   +  t        6      0   0    3    9    1    2  err
  40     18    B     OUTPUT      t        0      0   0    1    2    0    0  y


Code:

s = Synthesized pin or logic cell
t = Turbo logic cell
+ = Synchronous flipflop
/ = Slow slew-rate output
! = NOT gate push-back
r = Fitter-inserted logic cell


Device-Specific Information:e:\vhdldesigns\research\nandbp01-randper\syn_mux.rpt
syn_mux

** BURIED LOGIC **

                                         Shareable
                                         Expanders     Fan-In    Fan-Out
 Pin     LC  LAB  Primitive    Code   Total Shared n/a INP  FBK  OUT  FBK  Name
  (4)     1    A       DFFE   +  t        0      0   0    0    1    1    6  random3 (:12)
 (38)    20    B       DFFE   +  t        0      0   0    0    1    1    6  random2 (:13)
 (37)    21    B       DFFE   +  t        0      0   0    0    1    1    6  random1 (:14)
 (36)    22    B       DFFE   +  t        0      0   0    0    1    1    6  random0 (:15)
 (39)    19    B       DFFE   +  t        2      0   1    3    7    2    7  setup1 (:17)
 (34)    23    B       TFFE   +  t        1      0   0    2    4    2    7  setup0 (:18)
 (31)    26    B       SOFT    s t        1      0   1    3    6    0    1  ~593~1
 (24)    32    B       SOFT    s t        1      0   1    3    6    0    1  ~599~1
 (25)    31    B       SOFT    s t        1      0   1    3    6    0    1  ~599~2
 (26)    30    B       SOFT    s t        1      0   1    3    7    1    0  ~605~1
 (27)    29    B       SOFT    s t        1      0   1    3    7    1    0  ~605~2
  (7)     4    A      LCELL    s t        0      0   0    0    1    0    2  ~614~1
 (29)    27    B      LCELL    s t        0      0   0    0    1    0    2  ~615~1
 (32)    25    B      LCELL    s t        0      0   0    0    1    0    2  ~616~1
 (33)    24    B      LCELL    s t        0      0   0    0    1    0    2  ~617~1


Code:

s = Synthesized pin or logic cell
t = Turbo logic cell
+ = Synchronous flipflop
/ = Slow slew-rate output
! = NOT gate push-back
r = Fitter-inserted logic cell


Device-Specific Information:e:\vhdldesigns\research\nandbp01-randper\syn_mux.rpt
syn_mux

** LOGIC CELL INTERCONNECTIONS **

Logic Array Block 'A':

             Logic cells placed in LAB 'A'
        +--- LC1 random3
        | +- LC4 ~614~1
        | | 
        | |   Other LABs fed by signals
        | |   that feed LAB 'A'
LC      | | | A B |     Logic cells that feed LAB 'A':
LC4  -> * * | * - | <-- ~614~1

Pin
43   -> - - | - - | <-- clk


* = The logic cell or pin is an input to the logic cell (or LAB) through the PIA.
- = The logic cell or pin is not an input to the logic cell (or LAB).


Device-Specific Information:e:\vhdldesigns\research\nandbp01-randper\syn_mux.rpt
syn_mux

** LOGIC CELL INTERCONNECTIONS **

Logic Array Block 'B':

                                       Logic cells placed in LAB 'B'
        +----------------------------- LC17 err
        | +--------------------------- LC18 y
        | | +------------------------- LC20 random2
        | | | +----------------------- LC21 random1
        | | | | +--------------------- LC22 random0
        | | | | | +------------------- LC19 setup1
        | | | | | | +----------------- LC23 setup0
        | | | | | | | +--------------- LC26 ~593~1
        | | | | | | | | +------------- LC32 ~599~1
        | | | | | | | | | +----------- LC31 ~599~2
        | | | | | | | | | | +--------- LC30 ~605~1
        | | | | | | | | | | | +------- LC29 ~605~2
        | | | | | | | | | | | | +----- LC27 ~615~1
        | | | | | | | | | | | | | +--- LC25 ~616~1
        | | | | | | | | | | | | | | +- LC24 ~617~1
        | | | | | | | | | | | | | | | 
        | | | | | | | | | | | | | | |   Other LABs fed by signals
        | | | | | | | | | | | | | | |   that feed LAB 'B'
LC      | | | | | | | | | | | | | | | | A B |     Logic cells that feed LAB 'B':
LC17 -> * - - - - - - - - - * * - - - | - * | <-- err
LC20 -> * - - - - * - * * * * * - - - | - * | <-- random2
LC21 -> * - - - - * - * * * * * - - - | - * | <-- random1
LC22 -> * - - - - * - * * * * * - - - | - * | <-- random0
LC19 -> * * - - - * * * * * * * - - - | - * | <-- setup1
LC23 -> * * - - - * * * * * * * - - - | - * | <-- setup0
LC26 -> - - - - - * - - - - - - - - - | - * | <-- ~593~1
LC32 -> - - - - - - * - - - - - - - - | - * | <-- ~599~1
LC31 -> - - - - - - * - - - - - - - - | - * | <-- ~599~2
LC30 -> * - - - - - - - - - - - - - - | - * | <-- ~605~1
LC29 -> * - - - - - - - - - - - - - - | - * | <-- ~605~2
LC27 -> - - * - - - - - - - - - * - - | - * | <-- ~615~1
LC25 -> - - - * - - - - - - - - - * - | - * | <-- ~616~1
LC24 -> - - - - * - - - - - - - - - * | - * | <-- ~617~1

Pin
43   -> - - - - - - - - - - - - - - - | - - | <-- clk
5    -> * - - - - * - * * * * * - - - | - * | <-- e_minus
6    -> * - - - - * * * * * * * - - - | - * | <-- e_plus
4    -> * * - - - * * * * * * * - - - | - * | <-- x
LC1  -> * - - - - * - * * * * * - - - | - * | <-- random3


* = The logic cell or pin is an input to the logic cell (or LAB) through the PIA.
- = The logic cell or pin is not an input to the logic cell (or LAB).


Device-Specific Information:e:\vhdldesigns\research\nandbp01-randper\syn_mux.rpt
syn_mux

** EQUATIONS **

clk      : INPUT;
e_minus  : INPUT;
e_plus   : INPUT;
x        : INPUT;

-- Node name is 'err' = ':4' 
-- Equation name is 'err', type is output 
 err     = TFFE(!_EQ001, GLOBAL( clk),  VCC,  VCC,  VCC);
  _EQ001 = !_LC029 & !_LC030 &  _X001 &  _X002 &  _X003 &  _X004 &  _X005 & 
              _X006;
  _X001  = EXP( e_minus &  e_plus &  err &  random0 & !random2 & !random3);
  _X002  = EXP( e_minus &  e_plus &  err & !random1 & !random2 & !random3);
  _X003  = EXP( e_minus &  err & !random2 & !random3 &  setup0 & !setup1);
  _X004  = EXP( e_plus &  err &  random0 & !setup0 & !x);
  _X005  = EXP( e_plus &  err & !random1 & !setup0 & !x);
  _X006  = EXP( e_plus &  err & !setup0 & !setup1);

-- Node name is ':15' = 'random0' 
-- Equation name is 'random0', location is LC022, type is buried.
random0  = DFFE(!_LC024 $  GND, GLOBAL( clk),  VCC,  VCC,  VCC);

-- Node name is ':14' = 'random1' 
-- Equation name is 'random1', location is LC021, type is buried.
random1  = DFFE(!_LC025 $  GND, GLOBAL( clk),  VCC,  VCC,  VCC);

-- Node name is ':13' = 'random2' 
-- Equation name is 'random2', location is LC020, type is buried.
random2  = DFFE(!_LC027 $  GND, GLOBAL( clk),  VCC,  VCC,  VCC);

-- Node name is ':12' = 'random3' 
-- Equation name is 'random3', location is LC001, type is buried.
random3  = DFFE(!_LC004 $  GND, GLOBAL( clk),  VCC,  VCC,  VCC);

-- Node name is ':18' = 'setup0' 
-- Equation name is 'setup0', location is LC023, type is buried.
setup0   = TFFE(!_EQ002, GLOBAL( clk),  VCC,  VCC,  VCC);
  _EQ002 = !_LC031 & !_LC032 &  _X007;
  _X007  = EXP( e_plus & !setup0 & !setup1 & !x);

-- Node name is ':17' = 'setup1' 
-- Equation name is 'setup1', location is LC019, type is buried.
setup1   = DFFE( _EQ003 $  _EQ004, GLOBAL( clk),  VCC,  VCC,  VCC);
  _EQ003 =  e_minus & !_LC026 &  random0 & !random1 & !random2 & !random3 & 
              setup0 & !x &  _X008
         #  e_minus & !_LC026 &  random0 & !random1 & !random2 & !random3 & 
             !setup0 &  x &  _X008
         #  e_minus &  e_plus & !_LC026 &  random0 & !random1 & !random2 & 
             !random3 &  _X008
         #  e_plus & !_LC026 &  random0 & !random1 &  setup0 &  x &  _X008;
  _X008  = EXP( random0 & !setup1);
  _EQ004 = !_LC026 &  _X008;
  _X008  = EXP( random0 & !setup1);

-- Node name is 'y' 
-- Equation name is 'y', location is LC018, type is output.
 y       = LCELL( _EQ005 $  setup0);
  _EQ005 =  setup1 &  x;

-- Node name is '~593~1' 
-- Equation name is '~593~1', location is LC026, type is buried.
-- synthesized logic cell 
_LC026   = LCELL( _EQ006 $  GND);
  _EQ006 =  e_plus &  random0 & !random1 & !setup0 & !x
         #  random3 &  setup0 & !setup1
         #  random2 &  setup0 & !setup1
         # !e_minus &  setup0 & !setup1
         # !e_plus & !setup0 & !setup1;

-- Node name is '~599~1' 
-- Equation name is '~599~1', location is LC032, type is buried.
-- synthesized logic cell 
_LC032   = LCELL( _EQ007 $  GND);
  _EQ007 =  e_minus & !e_plus & !random0 & !random1 & !random2 & !random3 & 
             !setup0 &  setup1 &  x
         #  e_plus & !random0 & !random1 &  random3 &  setup0 &  setup1 &  x
         #  e_plus & !random0 & !random1 &  random2 &  setup0 &  setup1 &  x
         # !e_minus &  e_plus & !random0 & !random1 &  setup0 &  setup1 &  x
         #  e_minus &  e_plus & !random0 & !random1 & !random2 & !random3 & 
              setup1;

-- Node name is '~599~2' 
-- Equation name is '~599~2', location is LC031, type is buried.
-- synthesized logic cell 
_LC031   = LCELL( _EQ008 $  GND);
  _EQ008 =  e_minus &  random0 & !random2 & !random3 &  setup0 & !setup1
         #  e_minus & !random2 & !random3 &  setup0 & !setup1 & !x
         #  e_minus & !random1 & !random2 & !random3 &  setup0 & !x
         #  e_plus &  random0 & !setup0 & !setup1
         #  e_plus & !random1 & !setup0 & !x;

-- Node name is '~605~1' 
-- Equation name is '~605~1', location is LC030, type is buried.
-- synthesized logic cell 
_LC030   = LCELL( _EQ009 $  GND);
  _EQ009 =  e_minus & !err & !random0 &  random1 & !random2 & !random3 & 
              setup0 &  setup1 & !x
         #  e_minus & !err & !random0 &  random1 & !random2 & !random3 & 
             !setup0 &  setup1 &  x
         #  e_minus &  err &  random0 & !random2 & !random3 & !setup0 & 
              setup1 &  x
         #  e_minus &  err & !random1 & !random2 & !random3 & !setup0 & 
              setup1 &  x
         #  e_plus & !err & !random0 &  random1 &  setup0 &  setup1 &  x;

-- Node name is '~605~2' 
-- Equation name is '~605~2', location is LC029, type is buried.
-- synthesized logic cell 
_LC029   = LCELL( _EQ010 $  GND);
  _EQ010 =  e_minus &  err &  random0 & !random2 & !random3 &  setup0 & !x
         #  e_plus & !err & !random0 &  random1 & !setup0 &  setup1 & !x
         #  e_minus &  err & !random1 & !random2 & !random3 &  setup0 & !x
         #  e_plus &  err &  random0 &  setup0 &  setup1 &  x
         #  e_plus &  err & !random1 &  setup0 &  setup1 &  x;

-- Node name is '~614~1' 
-- Equation name is '~614~1', location is LC004, type is buried.
-- synthesized logic cell 
_LC004   = LCELL( GND $ !_LC004);

-- Node name is '~615~1' 
-- Equation name is '~615~1', location is LC027, type is buried.
-- synthesized logic cell 
_LC027   = LCELL( GND $ !_LC027);

-- Node name is '~616~1' 
-- Equation name is '~616~1', location is LC025, type is buried.
-- synthesized logic cell 
_LC025   = LCELL( GND $ !_LC025);

-- Node name is '~617~1' 
-- Equation name is '~617~1', location is LC024, type is buried.
-- synthesized logic cell 
_LC024   = LCELL( GND $ !_LC024);



--     Shareable expanders that are duplicated in multiple LABs:
--     (none)




Project Information       e:\vhdldesigns\research\nandbp01-randper\syn_mux.rpt

** COMPILATION SETTINGS & TIMES **

Processing Menu Commands
------------------------

Design Doctor                             = off

Logic Synthesis:

   Synthesis Type Used                    = Standard

   Default Synthesis Style                = NORMAL

      Logic option settings in 'NORMAL' style for 'MAX7000S' family

      DECOMPOSE_GATES                     = on
      DUPLICATE_LOGIC_EXTRACTION          = on
      MINIMIZATION                        = full
      MULTI_LEVEL_FACTORING               = on
      NOT_GATE_PUSH_BACK                  = on
      PARALLEL_EXPANDERS                  = off
      REDUCE_LOGIC                        = on
      REFACTORIZATION                     = on
      REGISTER_OPTIMIZATION               = on
      RESYNTHESIZE_NETWORK                = on
      SLOW_SLEW_RATE                      = off
      SOFT_BUFFER_INSERTION               = on
      SUBFACTOR_EXTRACTION                = on
      TURBO_BIT                           = on
      XOR_SYNTHESIS                       = on
      IGNORE_SOFT_BUFFERS                 = off
      USE_LPM_FOR_AHDL_OPERATORS          = off

   Other logic synthesis settings:

      Automatic Global Clock              = on
      Automatic Global Clear              = on
      Automatic Global Preset             = on
      Automatic Global Output Enable      = on
      Automatic Fast I/O                  = off
      Automatic Register Packing          = off
      Automatic Open-Drain Pins           = on
      Automatic Implement in EAB          = off
      One-Hot State Machine Encoding      = off
      Optimize                            = 5

Default Timing Specifications: None

Cut All Bidir Feedback Timing Paths       = on
Cut All Clear & Preset Timing Paths       = on

Ignore Timing Assignments                 = on

Functional SNF Extractor                  = off

Linked SNF Extractor                      = off
Timing SNF Extractor                      = on
Optimize Timing SNF                       = off
Generate AHDL TDO File                    = off
Fitter Settings                           = NORMAL
Smart Recompile                           = off
Total Recompile                           = off

Interfaces Menu Commands
------------------------

EDIF Netlist Writer                       = off
Verilog Netlist Writer                    = off
VHDL Netlist Writer                       = off

Compilation Times
-----------------

   Compiler Netlist Extractor             00:00:00
   Database Builder                       00:00:00
   Logic Synthesizer                      00:00:00
   Partitioner                            00:00:01
   Fitter                                 00:00:00
   Timing SNF Extractor                   00:00:00
   Assembler                              00:00:03
   --------------------------             --------
   Total Time                             00:00:04


Memory Allocated
-----------------

Peak memory allocated during compilation  = 9,179K
