Project Informatione:\my documents\uvm\courses\ee231 digital computer design i spring 2002\designs\03sw7seg\sw7seg.rpt

MAX+plus II Compiler Report File
Version 10.1 06/12/2001
Compiled: 01/18/2002 19:08:24

Copyright (C) 1988-2001 Altera Corporation
Any megafunction design, and related net list (encrypted or decrypted),
support information, device programming or simulation file, and any other
associated documentation or information provided by Altera or a partner
under Altera's Megafunction Partnership Program may be used only to
program PLD devices (but not masked PLD devices) from Altera.  Any other
use of such megafunction design, net list, support information, device
programming or simulation file, or any other related documentation or
information is prohibited for any other purpose, including, but not
limited to modification, reverse engineering, de-compiling, or use with
any other silicon devices, unless such use is explicitly licensed under
a separate agreement with Altera or a megafunction partner.  Title to
the intellectual property, including patents, copyrights, trademarks,
trade secrets, or maskworks, embodied in any such megafunction design,
net list, support information, device programming or simulation file, or
any other related documentation or information provided by Altera or a
megafunction partner, remains with Altera, the megafunction partner, or
their respective licensors.  No other licenses, including any licenses
needed under any third party's intellectual property, are provided herein.



***** Project compilation was successful




** DEVICE SUMMARY **

Chip/                     Input Output Bidir  Memory  Memory  			 LCs
POF       Device          Pins  Pins   Pins   Bits % Utilized  LCs  % Utilized

sw7seg    EPF10K70RC240-4  4      8      0    0         0  %    20       0  %

User Pins:                 4      8      0  



Project Informatione:\my documents\uvm\courses\ee231 digital computer design i spring 2002\designs\03sw7seg\sw7seg.rpt

** PIN/LOCATION/CHIP ASSIGNMENTS **

                  Actual                  
    User       Assignments                
Assignments   (if different)     Node Name

sw7seg@17                         a
sw7seg@18                         b
sw7seg@19                         c
sw7seg@20                         d
sw7seg@41                         disp10
sw7seg@40                         disp11
sw7seg@39                         disp12
sw7seg@38                         disp13
sw7seg@25                         dp
sw7seg@21                         e
sw7seg@23                         f
sw7seg@24                         g


Project Informatione:\my documents\uvm\courses\ee231 digital computer design i spring 2002\designs\03sw7seg\sw7seg.rpt

** FILE HIERARCHY **



|dec_7seg:1|


Device-Specific Information:e:\my documents\uvm\courses\ee231 digital computer design i spring 2002\designs\03sw7seg\sw7seg.rpt
sw7seg

***** Logic for device 'sw7seg' compiled without errors.




Device: EPF10K70RC240-4

FLEX 10K Configuration Scheme: Passive Serial

Device Options:
    User-Supplied Start-Up Clock               = OFF
    Auto-Restart Configuration on Frame Error  = OFF
    Release Clears Before Tri-States           = OFF
    Enable Chip_Wide Reset                     = OFF
    Enable Chip-Wide Output Enable             = OFF
    Enable INIT_DONE Output                    = OFF
    JTAG User Code                             = 7f

                                                                                                                                         
                                                                                                                                         
                R R R R R R R R   R R R R R R R   R R R R R R R   R R R       R R R R   R R R R R R R   R R R R R R R   R R R R R R R R  
                E E E E E E E E   E E E E E E E   E E E E E E E   E E E       E E E E   E E E E E E E   E E E E E E E   E E E E E E E E  
                S S S S S S S S G S S S S S S S V S S S S S S S G S S S G G G S S S S V S S S S S S S G S S S S S S S V S S S S S S S S  
                E E E E E E E E N E E E E E E E C E E E E E E E N E E E N N N E E E E C E E E E E E E N E E E E E E E C E E E E E E E E  
                R R R R R R R R D R R R R R R R C R R R R R R R D R R R D D D R R R R C R R R R R R R D R R R R R R R C R R R R R R R R  
                V V V V V V V V I V V V V V V V I V V V V V V V I V V V I I I V V V V I V V V V V V V I V V V V V V V I V V V V V V V V  
                E E E E E E E E N E E E E E E E N E E E E E E E N E E E N N N E E E E N E E E E E E E N E E E E E E E N E E E E E E E E  
                D D D D D D D D T D D D D D D D T D D D D D D D T D D D T T T D D D D T D D D D D D D T D D D D D D D T D D D D D D D D  
              --------------------------------------------------------------------------------------------------------------------------_ 
             / 240 238 236 234 232 230 228 226 224 222 220 218 216 214 212 210 208 206 204 202 200 198 196 194 192 190 188 186 184 182   |_ 
            /    239 237 235 233 231 229 227 225 223 221 219 217 215 213 211 209 207 205 203 201 199 197 195 193 191 189 187 185 183 181    | 
      #TCK |  1                                                                                                                         180 | ^DATA0 
^CONF_DONE |  2                                                                                                                         179 | ^DCLK 
     ^nCEO |  3                                                                                                                         178 | ^nCE 
      #TDO |  4                                                                                                                         177 | #TDI 
    VCCINT |  5                                                                                                                         176 | GNDINT 
  RESERVED |  6                                                                                                                         175 | RESERVED 
  RESERVED |  7                                                                                                                         174 | RESERVED 
  RESERVED |  8                                                                                                                         173 | RESERVED 
  RESERVED |  9                                                                                                                         172 | RESERVED 
    GNDINT | 10                                                                                                                         171 | RESERVED 
  RESERVED | 11                                                                                                                         170 | VCCINT 
  RESERVED | 12                                                                                                                         169 | RESERVED 
  RESERVED | 13                                                                                                                         168 | RESERVED 
  RESERVED | 14                                                                                                                         167 | RESERVED 
  RESERVED | 15                                                                                                                         166 | RESERVED 
    VCCINT | 16                                                                                                                         165 | GNDINT 
         a | 17                                                                                                                         164 | RESERVED 
         b | 18                                                                                                                         163 | RESERVED 
         c | 19                                                                                                                         162 | RESERVED 
         d | 20                                                                                                                         161 | RESERVED 
         e | 21                                                                                                                         160 | VCCINT 
    GNDINT | 22                                                                                                                         159 | RESERVED 
         f | 23                                                                                                                         158 | RESERVED 
         g | 24                                                                                                                         157 | RESERVED 
        dp | 25                                                                                                                         156 | RESERVED 
  RESERVED | 26                                                                                                                         155 | GNDINT 
    VCCINT | 27                                                                                                                         154 | RESERVED 
  RESERVED | 28                                                                                                                         153 | RESERVED 
  RESERVED | 29                                                                                                                         152 | RESERVED 
  RESERVED | 30                                                                                                                         151 | RESERVED 
  RESERVED | 31                                                     EPF10K70RC240-4                                                     150 | VCCINT 
    GNDINT | 32                                                                                                                         149 | RESERVED 
  RESERVED | 33                                                                                                                         148 | RESERVED 
  RESERVED | 34                                                                                                                         147 | RESERVED 
  RESERVED | 35                                                                                                                         146 | RESERVED 
  RESERVED | 36                                                                                                                         145 | GNDINT 
    VCCINT | 37                                                                                                                         144 | RESERVED 
    disp13 | 38                                                                                                                         143 | RESERVED 
    disp12 | 39                                                                                                                         142 | RESERVED 
    disp11 | 40                                                                                                                         141 | RESERVED 
    disp10 | 41                                                                                                                         140 | VCCINT 
    GNDINT | 42                                                                                                                         139 | RESERVED 
  RESERVED | 43                                                                                                                         138 | RESERVED 
  RESERVED | 44                                                                                                                         137 | RESERVED 
  RESERVED | 45                                                                                                                         136 | RESERVED 
  RESERVED | 46                                                                                                                         135 | GNDINT 
    VCCINT | 47                                                                                                                         134 | RESERVED 
  RESERVED | 48                                                                                                                         133 | RESERVED 
  RESERVED | 49                                                                                                                         132 | RESERVED 
  RESERVED | 50                                                                                                                         131 | RESERVED 
  RESERVED | 51                                                                                                                         130 | VCCINT 
    GNDINT | 52                                                                                                                         129 | RESERVED 
  RESERVED | 53                                                                                                                         128 | RESERVED 
  RESERVED | 54                                                                                                                         127 | RESERVED 
  RESERVED | 55                                                                                                                         126 | RESERVED 
  RESERVED | 56                                                                                                                         125 | GNDINT 
    VCCINT | 57                                                                                                                         124 | ^MSEL0 
      #TMS | 58                                                                                                                         123 | ^MSEL1 
     #TRST | 59                                                                                                                         122 | VCCINT 
  ^nSTATUS | 60                                                                                                                         121 | ^nCONFIG 
           |      62  64  66  68  70  72  74  76  78  80  82  84  86  88  90  92  94  96  98 100 102 104 106 108 110 112 114 116 118 120  _| 
            \   61  63  65  67  69  71  73  75  77  79  81  83  85  87  89  91  93  95  97  99 101 103 105 107 109 111 113 115 117 119   | 
             \--------------------------------------------------------------------------------------------------------------------------- 
                R R R R R R R R G R R R R R R R V R R R R R R R G R R R V G G G G R R V R R R R R R R G R R R R R R R V R R R R R R R R  
                E E E E E E E E N E E E E E E E C E E E E E E E N E E E C N N N N E E C E E E E E E E N E E E E E E E C E E E E E E E E  
                S S S S S S S S D S S S S S S S C S S S S S S S D S S S C D D D D S S C S S S S S S S D S S S S S S S C S S S S S S S S  
                E E E E E E E E I E E E E E E E I E E E E E E E I E E E I I I I I E E I E E E E E E E I E E E E E E E I E E E E E E E E  
                R R R R R R R R N R R R R R R R N R R R R R R R N R R R N N N N N R R N R R R R R R R N R R R R R R R N R R R R R R R R  
                V V V V V V V V T V V V V V V V T V V V V V V V T V V V T T T T T V V T V V V V V V V T V V V V V V V T V V V V V V V V  
                E E E E E E E E   E E E E E E E   E E E E E E E   E E E           E E   E E E E E E E   E E E E E E E   E E E E E E E E  
                D D D D D D D D   D D D D D D D   D D D D D D D   D D D           D D   D D D D D D D   D D D D D D D   D D D D D D D D  
                                                                                                                                         
                                                                                                                                         


N.C. = No Connect. This pin has no internal connection to the device.
VCCINT = Dedicated power pin, which MUST be connected to VCC (5.0 volts).
VCCIO = Dedicated power pin, which MUST be connected to VCC (5.0 volts).
GNDINT = Dedicated ground pin or unused dedicated input, which MUST be connected to GND.
GNDIO = Dedicated ground pin, which MUST be connected to GND.
RESERVED = Unused I/O pin, which MUST be left unconnected.

^ = Dedicated configuration pin.
+ = Reserved configuration pin, which is tri-stated during user mode.
* = Reserved configuration pin, which drives out in user mode.
PDn = Power Down pin. 
@ = Special-purpose pin. 
# = JTAG Boundary-Scan Testing/In-System Programming or Configuration Pin. The JTAG inputs TMS and TDI should be tied to VCC and TCK should be tied to GND when not in use.
& = JTAG pin used for I/O. When used as user I/O, JTAG pins must be kept stable before and during configuration.  JTAG pin stability prevents accidental loading of JTAG instructions.


Device-Specific Information:e:\my documents\uvm\courses\ee231 digital computer design i spring 2002\designs\03sw7seg\sw7seg.rpt
sw7seg

** RESOURCE USAGE **

Logic                Column       Row                                   
Array                Interconnect Interconnect         Clears/     External  
Block   Logic Cells  Driven       Driven       Clocks  Presets   Interconnect
B27      1/ 8( 12%)   0/ 8(  0%)   1/ 8( 12%)    0/2    0/2       4/26( 15%)   
C31      3/ 8( 37%)   0/ 8(  0%)   3/ 8( 37%)    0/2    0/2       4/26( 15%)   
C34      8/ 8(100%)   1/ 8( 12%)   1/ 8( 12%)    0/2    0/2       5/26( 19%)   
C42      8/ 8(100%)   0/ 8(  0%)   3/ 8( 37%)    0/2    0/2       5/26( 19%)   


Embedded             Column       Row                                   
Array     Embedded   Interconnect Interconnect         Read/      External  
Block     Cells      Driven       Driven       Clocks  Write    Interconnect


Total dedicated input pins used:                 0/6      (  0%)
Total I/O pins used:                            12/183    (  6%)
Total logic cells used:                         20/3744   (  0%)
Total embedded cells used:                       0/72     (  0%)
Total EABs used:                                 0/9      (  0%)
Average fan-in:                                 3.80/4    ( 95%)
Total fan-in:                                  76/14976   (  0%)

Total input pins required:                       4
Total input I/O cell registers required:         0
Total output pins required:                      8
Total output I/O cell registers required:        0
Total buried I/O cell registers required:        0
Total bidirectional pins required:               0
Total reserved pins required                     0
Total logic cells required:                     20
Total flipflops required:                        0
Total packed registers required:                 0
Total logic cells in carry chains:               0
Total number of carry chains:                    0
Total logic cells in cascade chains:             0
Total number of cascade chains:                  0
Total single-pin Clock Enables required:         0
Total single-pin Output Enables required:        0

Synthesized logic cells:                         5/3744   (  0%)

Logic Cell and Embedded Cell Counts

Column:  01  02  03  04  05  06  07  08  09  10  11  12  13  14  15  16  17  18  19  20  21  22  23  24  25  26  EA  27  28  29  30  31  32  33  34  35  36  37  38  39  40  41  42  43  44  45  46  47  48  49  50  51  52  Total(LC/EC)
 A:      0   0   0   0   0   0   0   0   0   0   0   0   0   0   0   0   0   0   0   0   0   0   0   0   0   0   0   0   0   0   0   0   0   0   0   0   0   0   0   0   0   0   0   0   0   0   0   0   0   0   0   0   0      0/0  
 B:      0   0   0   0   0   0   0   0   0   0   0   0   0   0   0   0   0   0   0   0   0   0   0   0   0   0   0   1   0   0   0   0   0   0   0   0   0   0   0   0   0   0   0   0   0   0   0   0   0   0   0   0   0      1/0  
 C:      0   0   0   0   0   0   0   0   0   0   0   0   0   0   0   0   0   0   0   0   0   0   0   0   0   0   0   0   0   0   0   3   0   0   8   0   0   0   0   0   0   0   8   0   0   0   0   0   0   0   0   0   0     19/0  
 D:      0   0   0   0   0   0   0   0   0   0   0   0   0   0   0   0   0   0   0   0   0   0   0   0   0   0   0   0   0   0   0   0   0   0   0   0   0   0   0   0   0   0   0   0   0   0   0   0   0   0   0   0   0      0/0  
 E:      0   0   0   0   0   0   0   0   0   0   0   0   0   0   0   0   0   0   0   0   0   0   0   0   0   0   0   0   0   0   0   0   0   0   0   0   0   0   0   0   0   0   0   0   0   0   0   0   0   0   0   0   0      0/0  
 F:      0   0   0   0   0   0   0   0   0   0   0   0   0   0   0   0   0   0   0   0   0   0   0   0   0   0   0   0   0   0   0   0   0   0   0   0   0   0   0   0   0   0   0   0   0   0   0   0   0   0   0   0   0      0/0  
 G:      0   0   0   0   0   0   0   0   0   0   0   0   0   0   0   0   0   0   0   0   0   0   0   0   0   0   0   0   0   0   0   0   0   0   0   0   0   0   0   0   0   0   0   0   0   0   0   0   0   0   0   0   0      0/0  
 H:      0   0   0   0   0   0   0   0   0   0   0   0   0   0   0   0   0   0   0   0   0   0   0   0   0   0   0   0   0   0   0   0   0   0   0   0   0   0   0   0   0   0   0   0   0   0   0   0   0   0   0   0   0      0/0  
 I:      0   0   0   0   0   0   0   0   0   0   0   0   0   0   0   0   0   0   0   0   0   0   0   0   0   0   0   0   0   0   0   0   0   0   0   0   0   0   0   0   0   0   0   0   0   0   0   0   0   0   0   0   0      0/0  

Total:   0   0   0   0   0   0   0   0   0   0   0   0   0   0   0   0   0   0   0   0   0   0   0   0   0   0   0   1   0   0   0   3   0   0   8   0   0   0   0   0   0   0   8   0   0   0   0   0   0   0   0   0   0     20/0  



Device-Specific Information:e:\my documents\uvm\courses\ee231 digital computer design i spring 2002\designs\03sw7seg\sw7seg.rpt
sw7seg

** INPUTS **

                                                    Fan-In    Fan-Out
 Pin     LC     EC   Row  Col  Primitive    Code      INP  FBK  OUT  FBK  Name
  41      -     -    F    --      INPUT                0    0    0   14  disp10
  40      -     -    F    --      INPUT                0    0    0   15  disp11
  39      -     -    F    --      INPUT                0    0    0   15  disp12
  38      -     -    F    --      INPUT                0    0    0   15  disp13


Code:

s = Synthesized pin or logic cell
+ = Synchronous flipflop
/ = Slow slew-rate output
! = NOT gate push-back
r = Fitter-inserted logic cell
@ = Uses single-pin Clock Enable
& = Uses single-pin Output Enable


Device-Specific Information:e:\my documents\uvm\courses\ee231 digital computer design i spring 2002\designs\03sw7seg\sw7seg.rpt
sw7seg

** OUTPUTS **

       Fed By Fed By                                Fan-In    Fan-Out
 Pin     LC     EC   Row  Col  Primitive    Code      INP  FBK  OUT  FBK  Name
  17      -     -    B    --     OUTPUT                0    1    0    0  a
  18      -     -    B    --     OUTPUT                0    1    0    0  b
  19      -     -    C    --     OUTPUT                0    1    0    0  c
  20      -     -    C    --     OUTPUT                0    1    0    0  d
  25      -     -    D    --     OUTPUT                0    0    0    0  dp
  21      -     -    C    --     OUTPUT                0    1    0    0  e
  23      -     -    C    --     OUTPUT                0    1    0    0  f
  24      -     -    C    --     OUTPUT                0    1    0    0  g


Code:

s = Synthesized pin or logic cell
+ = Synchronous flipflop
/ = Slow slew-rate output
! = NOT gate push-back
r = Fitter-inserted logic cell
@ = Uses single-pin Clock Enable
& = Uses single-pin Output Enable


Device-Specific Information:e:\my documents\uvm\courses\ee231 digital computer design i spring 2002\designs\03sw7seg\sw7seg.rpt
sw7seg

** BURIED LOGIC **

                                                    Fan-In    Fan-Out
 IOC     LC     EC   Row  Col  Primitive    Code      INP  FBK  OUT  FBK  Name
   -      1     -    C    31        OR2        !       4    0    0    1  |DEC_7SEG:1|:432
   -      6     -    C    34        OR2        !       4    0    0    1  |DEC_7SEG:1|:444
   -      3     -    C    34       AND2                4    0    0    1  |DEC_7SEG:1|:456
   -      2     -    C    34       AND2                4    0    0    1  |DEC_7SEG:1|:492
   -      6     -    C    42        OR2        !       4    0    0    3  |DEC_7SEG:1|:528
   -      4     -    C    42        OR2        !       4    0    0    3  |DEC_7SEG:1|:540
   -      7     -    B    27        OR2        !       4    0    1    0  |DEC_7SEG:1|:543
   -      4     -    C    34        OR2    s   !       4    0    0    1  |DEC_7SEG:1|~581~1
   -      8     -    C    34        OR2        !       4    0    1    0  |DEC_7SEG:1|:591
   -      3     -    C    42        OR2        !       4    0    0    1  |DEC_7SEG:1|:638
   -      1     -    C    42       AND2        !       0    3    1    0  |DEC_7SEG:1|:639
   -      5     -    C    34        OR2    s           4    0    0    1  |DEC_7SEG:1|~687~1
   -      7     -    C    34       AND2    s           0    3    0    1  |DEC_7SEG:1|~687~2
   -      1     -    C    34        OR2    s           0    4    0    1  |DEC_7SEG:1|~687~3
   -      2     -    C    42        OR2        !       0    4    1    0  |DEC_7SEG:1|:687
   -      8     -    C    42        OR2        !       4    0    0    1  |DEC_7SEG:1|:729
   -      5     -    C    42        OR2        !       0    3    1    0  |DEC_7SEG:1|:735
   -      6     -    C    31        OR2        !       4    0    1    0  |DEC_7SEG:1|:783
   -      7     -    C    42        OR2    s   !       3    0    0    1  |DEC_7SEG:1|~785~1
   -      7     -    C    31        OR2        !       4    0    1    0  |DEC_7SEG:1|:833


Code:

s = Synthesized pin or logic cell
+ = Synchronous flipflop
/ = Slow slew-rate output
! = NOT gate push-back
r = Fitter-inserted logic cell
p = Packed register


Device-Specific Information:e:\my documents\uvm\courses\ee231 digital computer design i spring 2002\designs\03sw7seg\sw7seg.rpt
sw7seg

** FASTTRACK INTERCONNECT UTILIZATION **

Row FastTrack Interconnect:

          Global         Left Half-      Right Half-
         FastTrack       FastTrack       FastTrack 
Row     Interconnect    Interconnect    Interconnect    Input Pins     Output Pins     Bidir Pins
A:       0/208(  0%)     0/104(  0%)     0/104(  0%)    0/16(  0%)      0/16(  0%)     0/16(  0%)
B:       1/208(  0%)     0/104(  0%)     5/104(  4%)    0/16(  0%)      2/16( 12%)     0/16(  0%)
C:       1/208(  0%)     0/104(  0%)    10/104(  9%)    0/16(  0%)      5/16( 31%)     0/16(  0%)
D:       0/208(  0%)     0/104(  0%)     0/104(  0%)    0/16(  0%)      1/16(  6%)     0/16(  0%)
E:       0/208(  0%)     0/104(  0%)     0/104(  0%)    0/16(  0%)      0/16(  0%)     0/16(  0%)
F:       4/208(  1%)     0/104(  0%)     0/104(  0%)    4/16( 25%)      0/16(  0%)     0/16(  0%)
G:       0/208(  0%)     0/104(  0%)     0/104(  0%)    0/16(  0%)      0/16(  0%)     0/16(  0%)
H:       0/208(  0%)     0/104(  0%)     0/104(  0%)    0/16(  0%)      0/16(  0%)     0/16(  0%)
I:       0/208(  0%)     0/104(  0%)     0/104(  0%)    0/16(  0%)      0/16(  0%)     0/16(  0%)


Column FastTrack Interconnect:

         FastTrack                                 
Column  Interconnect    Input Pins     Output Pins     Bidir Pins
01:      0/24(  0%)     0/4(  0%)      0/4(  0%)       0/4(  0%)
02:      0/24(  0%)     0/4(  0%)      0/4(  0%)       0/4(  0%)
03:      0/24(  0%)     0/4(  0%)      0/4(  0%)       0/4(  0%)
04:      0/24(  0%)     0/4(  0%)      0/4(  0%)       0/4(  0%)
05:      0/24(  0%)     0/4(  0%)      0/4(  0%)       0/4(  0%)
06:      0/24(  0%)     0/4(  0%)      0/4(  0%)       0/4(  0%)
07:      0/24(  0%)     0/4(  0%)      0/4(  0%)       0/4(  0%)
08:      0/24(  0%)     0/4(  0%)      0/4(  0%)       0/4(  0%)
09:      0/24(  0%)     0/4(  0%)      0/4(  0%)       0/4(  0%)
10:      0/24(  0%)     0/4(  0%)      0/4(  0%)       0/4(  0%)
11:      0/24(  0%)     0/4(  0%)      0/4(  0%)       0/4(  0%)
12:      0/24(  0%)     0/4(  0%)      0/4(  0%)       0/4(  0%)
13:      0/24(  0%)     0/4(  0%)      0/4(  0%)       0/4(  0%)
14:      0/24(  0%)     0/4(  0%)      0/4(  0%)       0/4(  0%)
15:      0/24(  0%)     0/4(  0%)      0/4(  0%)       0/4(  0%)
16:      0/24(  0%)     0/4(  0%)      0/4(  0%)       0/4(  0%)
17:      0/24(  0%)     0/4(  0%)      0/4(  0%)       0/4(  0%)
18:      0/24(  0%)     0/4(  0%)      0/4(  0%)       0/4(  0%)
19:      0/24(  0%)     0/4(  0%)      0/4(  0%)       0/4(  0%)
20:      0/24(  0%)     0/4(  0%)      0/4(  0%)       0/4(  0%)
21:      0/24(  0%)     0/4(  0%)      0/4(  0%)       0/4(  0%)
22:      0/24(  0%)     0/4(  0%)      0/4(  0%)       0/4(  0%)
23:      0/24(  0%)     0/4(  0%)      0/4(  0%)       0/4(  0%)
24:      0/24(  0%)     0/4(  0%)      0/4(  0%)       0/4(  0%)
25:      0/24(  0%)     0/4(  0%)      0/4(  0%)       0/4(  0%)
26:      0/24(  0%)     0/4(  0%)      0/4(  0%)       0/4(  0%)
27:      0/24(  0%)     0/4(  0%)      0/4(  0%)       0/4(  0%)
28:      0/24(  0%)     0/4(  0%)      0/4(  0%)       0/4(  0%)
29:      0/24(  0%)     0/4(  0%)      0/4(  0%)       0/4(  0%)
30:      0/24(  0%)     0/4(  0%)      0/4(  0%)       0/4(  0%)
31:      0/24(  0%)     0/4(  0%)      0/4(  0%)       0/4(  0%)
32:      0/24(  0%)     0/4(  0%)      0/4(  0%)       0/4(  0%)
33:      0/24(  0%)     0/4(  0%)      0/4(  0%)       0/4(  0%)
34:      1/24(  4%)     0/4(  0%)      0/4(  0%)       0/4(  0%)
35:      0/24(  0%)     0/4(  0%)      0/4(  0%)       0/4(  0%)
36:      0/24(  0%)     0/4(  0%)      0/4(  0%)       0/4(  0%)
37:      0/24(  0%)     0/4(  0%)      0/4(  0%)       0/4(  0%)
38:      0/24(  0%)     0/4(  0%)      0/4(  0%)       0/4(  0%)
39:      0/24(  0%)     0/4(  0%)      0/4(  0%)       0/4(  0%)
40:      0/24(  0%)     0/4(  0%)      0/4(  0%)       0/4(  0%)
41:      0/24(  0%)     0/4(  0%)      0/4(  0%)       0/4(  0%)
42:      0/24(  0%)     0/4(  0%)      0/4(  0%)       0/4(  0%)
43:      0/24(  0%)     0/4(  0%)      0/4(  0%)       0/4(  0%)
44:      0/24(  0%)     0/4(  0%)      0/4(  0%)       0/4(  0%)
45:      0/24(  0%)     0/4(  0%)      0/4(  0%)       0/4(  0%)
46:      0/24(  0%)     0/4(  0%)      0/4(  0%)       0/4(  0%)
47:      1/24(  4%)     0/4(  0%)      0/4(  0%)       0/4(  0%)
48:      1/24(  4%)     0/4(  0%)      0/4(  0%)       0/4(  0%)
49:      1/24(  4%)     0/4(  0%)      0/4(  0%)       0/4(  0%)
50:      1/24(  4%)     0/4(  0%)      0/4(  0%)       0/4(  0%)
51:      0/24(  0%)     0/4(  0%)      0/4(  0%)       0/4(  0%)
52:      0/24(  0%)     0/4(  0%)      0/4(  0%)       0/4(  0%)
EA:      0/24(  0%)     0/4(  0%)      0/4(  0%)       0/4(  0%)


Device-Specific Information:e:\my documents\uvm\courses\ee231 digital computer design i spring 2002\designs\03sw7seg\sw7seg.rpt
sw7seg

** EQUATIONS **

disp10   : INPUT;
disp11   : INPUT;
disp12   : INPUT;
disp13   : INPUT;

-- Node name is 'a' 
-- Equation name is 'a', type is output 
a        = !_LC7_B27;

-- Node name is 'b' 
-- Equation name is 'b', type is output 
b        = !_LC8_C34;

-- Node name is 'c' 
-- Equation name is 'c', type is output 
c        = !_LC1_C42;

-- Node name is 'd' 
-- Equation name is 'd', type is output 
d        = !_LC2_C42;

-- Node name is 'dp' 
-- Equation name is 'dp', type is output 
dp       =  VCC;

-- Node name is 'e' 
-- Equation name is 'e', type is output 
e        = !_LC5_C42;

-- Node name is 'f' 
-- Equation name is 'f', type is output 
f        = !_LC6_C31;

-- Node name is 'g' 
-- Equation name is 'g', type is output 
g        = !_LC7_C31;

-- Node name is '|DEC_7SEG:1|:432' 
-- Equation name is '_LC1_C31', type is buried 
!_LC1_C31 = _LC1_C31~NOT;
_LC1_C31~NOT = LCELL( _EQ001);
  _EQ001 =  disp11
         # !disp10
         #  disp12
         # !disp13;

-- Node name is '|DEC_7SEG:1|:444' 
-- Equation name is '_LC6_C34', type is buried 
!_LC6_C34 = _LC6_C34~NOT;
_LC6_C34~NOT = LCELL( _EQ002);
  _EQ002 =  disp12
         # !disp13
         #  disp11
         #  disp10;

-- Node name is '|DEC_7SEG:1|:456' 
-- Equation name is '_LC3_C34', type is buried 
_LC3_C34 = LCELL( _EQ003);
  _EQ003 =  disp10 &  disp11 &  disp12 & !disp13;

-- Node name is '|DEC_7SEG:1|:492' 
-- Equation name is '_LC2_C34', type is buried 
_LC2_C34 = LCELL( _EQ004);
  _EQ004 = !disp10 & !disp11 &  disp12 & !disp13;

-- Node name is '|DEC_7SEG:1|:528' 
-- Equation name is '_LC6_C42', type is buried 
!_LC6_C42 = _LC6_C42~NOT;
_LC6_C42~NOT = LCELL( _EQ005);
  _EQ005 =  disp11
         # !disp10
         #  disp12
         #  disp13;

-- Node name is '|DEC_7SEG:1|:540' 
-- Equation name is '_LC4_C42', type is buried 
!_LC4_C42 = _LC4_C42~NOT;
_LC4_C42~NOT = LCELL( _EQ006);
  _EQ006 =  disp11
         #  disp10
         #  disp12
         #  disp13;

-- Node name is '|DEC_7SEG:1|:543' 
-- Equation name is '_LC7_B27', type is buried 
!_LC7_B27 = _LC7_B27~NOT;
_LC7_B27~NOT = LCELL( _EQ007);
  _EQ007 =  disp10 &  disp11 & !disp12 &  disp13
         #  disp10 & !disp11 &  disp12 &  disp13
         #  disp10 & !disp11 & !disp12 & !disp13
         # !disp10 & !disp11 &  disp12 & !disp13;

-- Node name is '|DEC_7SEG:1|~581~1' 
-- Equation name is '_LC4_C34', type is buried 
-- synthesized logic cell 
!_LC4_C34 = _LC4_C34~NOT;
_LC4_C34~NOT = LCELL( _EQ008);
  _EQ008 = !disp12
         #  disp13
         #  disp10 &  disp11
         # !disp10 & !disp11;

-- Node name is '|DEC_7SEG:1|:591' 
-- Equation name is '_LC8_C34', type is buried 
!_LC8_C34 = _LC8_C34~NOT;
_LC8_C34~NOT = LCELL( _EQ009);
  _EQ009 =  disp11 &  disp12 &  disp13
         #  disp10 &  disp11 &  disp13
         # !disp10 &  disp12 &  disp13
         # !disp10 &  disp11 &  disp12
         #  disp10 & !disp11 &  disp12 & !disp13;

-- Node name is '|DEC_7SEG:1|:638' 
-- Equation name is '_LC3_C42', type is buried 
!_LC3_C42 = _LC3_C42~NOT;
_LC3_C42~NOT = LCELL( _EQ010);
  _EQ010 = !disp11 & !disp12 & !disp13
         # !disp10 & !disp12 & !disp13
         # !disp10 &  disp12 &  disp13
         #  disp11 &  disp12 &  disp13;

-- Node name is '|DEC_7SEG:1|:639' 
-- Equation name is '_LC1_C42', type is buried 
!_LC1_C42 = _LC1_C42~NOT;
_LC1_C42~NOT = LCELL( _EQ011);
  _EQ011 = !_LC3_C42 & !_LC4_C42 & !_LC6_C42;

-- Node name is '|DEC_7SEG:1|~687~1' 
-- Equation name is '_LC5_C34', type is buried 
-- synthesized logic cell 
_LC5_C34 = LCELL( _EQ012);
  _EQ012 = !disp11 & !disp12
         # !disp13
         # !disp10 & !disp12
         #  disp10 &  disp11 &  disp12;

-- Node name is '|DEC_7SEG:1|~687~2' 
-- Equation name is '_LC7_C34', type is buried 
-- synthesized logic cell 
_LC7_C34 = LCELL( _EQ013);
  _EQ013 = !_LC1_C31 &  _LC5_C34 & !_LC6_C34;

-- Node name is '|DEC_7SEG:1|~687~3' 
-- Equation name is '_LC1_C34', type is buried 
-- synthesized logic cell 
_LC1_C34 = LCELL( _EQ014);
  _EQ014 =  _LC2_C34
         #  _LC3_C34 & !_LC4_C34
         # !_LC4_C34 &  _LC7_C34;

-- Node name is '|DEC_7SEG:1|:687' 
-- Equation name is '_LC2_C42', type is buried 
!_LC2_C42 = _LC2_C42~NOT;
_LC2_C42~NOT = LCELL( _EQ015);
  _EQ015 =  _LC1_C34 & !_LC4_C42 & !_LC7_C42
         # !_LC4_C42 &  _LC6_C42;

-- Node name is '|DEC_7SEG:1|:729' 
-- Equation name is '_LC8_C42', type is buried 
!_LC8_C42 = _LC8_C42~NOT;
_LC8_C42~NOT = LCELL( _EQ016);
  _EQ016 = !disp11 &  disp12 & !disp13
         #  disp10 & !disp11 & !disp12 &  disp13
         #  disp10 &  disp11 & !disp13;

-- Node name is '|DEC_7SEG:1|:735' 
-- Equation name is '_LC5_C42', type is buried 
!_LC5_C42 = _LC5_C42~NOT;
_LC5_C42~NOT = LCELL( _EQ017);
  _EQ017 = !_LC4_C42 & !_LC8_C42
         # !_LC4_C42 &  _LC6_C42;

-- Node name is '|DEC_7SEG:1|:783' 
-- Equation name is '_LC6_C31', type is buried 
!_LC6_C31 = _LC6_C31~NOT;
_LC6_C31~NOT = LCELL( _EQ018);
  _EQ018 =  disp11 & !disp12 & !disp13
         #  disp10 & !disp12 & !disp13
         #  disp10 & !disp11 &  disp12 &  disp13
         #  disp10 &  disp11 & !disp13;

-- Node name is '|DEC_7SEG:1|~785~1' 
-- Equation name is '_LC7_C42', type is buried 
-- synthesized logic cell 
!_LC7_C42 = _LC7_C42~NOT;
_LC7_C42~NOT = LCELL( _EQ019);
  _EQ019 = !disp11
         #  disp12
         #  disp13;

-- Node name is '|DEC_7SEG:1|:833' 
-- Equation name is '_LC7_C31', type is buried 
!_LC7_C31 = _LC7_C31~NOT;
_LC7_C31~NOT = LCELL( _EQ020);
  _EQ020 = !disp10 & !disp11 &  disp12 &  disp13
         #  disp10 &  disp11 &  disp12 & !disp13
         # !disp11 & !disp12 & !disp13;



Project Informatione:\my documents\uvm\courses\ee231 digital computer design i spring 2002\designs\03sw7seg\sw7seg.rpt

** COMPILATION SETTINGS & TIMES **

Processing Menu Commands
------------------------

Design Doctor                             = off

Logic Synthesis:

   Synthesis Type Used                    = Multi-Level

   Default Synthesis Style                = NORMAL

      Logic option settings in 'NORMAL' style for 'FLEX10K' family

      CARRY_CHAIN                         = ignore
      CARRY_CHAIN_LENGTH                  = 32
      CASCADE_CHAIN                       = ignore
      CASCADE_CHAIN_LENGTH                = 2
      DECOMPOSE_GATES                     = on
      DUPLICATE_LOGIC_EXTRACTION          = on
      MINIMIZATION                        = full
      MULTI_LEVEL_FACTORING               = on
      NOT_GATE_PUSH_BACK                  = on
      REDUCE_LOGIC                        = on
      REFACTORIZATION                     = on
      REGISTER_OPTIMIZATION               = on
      RESYNTHESIZE_NETWORK                = on
      SLOW_SLEW_RATE                      = off
      SUBFACTOR_EXTRACTION                = on
      IGNORE_SOFT_BUFFERS                 = on
      USE_LPM_FOR_AHDL_OPERATORS          = off

   Other logic synthesis settings:

      Automatic Global Clock              = on
      Automatic Global Clear              = on
      Automatic Global Preset             = on
      Automatic Global Output Enable      = on
      Automatic Fast I/O                  = off
      Automatic Register Packing          = off
      Automatic Open-Drain Pins           = on
      Automatic Implement in EAB          = off
      Optimize                            = 5

Default Timing Specifications: None

Cut All Bidir Feedback Timing Paths       = on
Cut All Clear & Preset Timing Paths       = on

Ignore Timing Assignments                 = on

Functional SNF Extractor                  = off

Linked SNF Extractor                      = off
Timing SNF Extractor                      = on
Optimize Timing SNF                       = off
Generate AHDL TDO File                    = off
Fitter Settings                           = NORMAL
Use Quartus Fitter                        = on
Smart Recompile                           = off
Total Recompile                           = off

Interfaces Menu Commands
------------------------

EDIF Netlist Writer                       = off
Verilog Netlist Writer                    = off
VHDL Netlist Writer                       = off

Compilation Times
-----------------

   Compiler Netlist Extractor             00:00:00
   Database Builder                       00:00:00
   Logic Synthesizer                      00:00:00
   Partitioner                            00:00:00
   Fitter                                 00:00:10
   Timing SNF Extractor                   00:00:00
   Assembler                              00:00:02
   --------------------------             --------
   Total Time                             00:00:12


Memory Allocated
-----------------

Peak memory allocated during compilation  = 35,219K
