
     | | | | | | |
   _________________
  -|               |-
  -|               |-
  -|               |-
  -|    CYPRESS    |-
  -|               |-
  -|               |-   Warp VHDL Synthesis Compiler: Version 4 IR x77
  -|               |-   Copyright (C) 1991, 1992, 1993,
   |_______________|    1994, 1995, 1996, 1997 Cypress Semiconductor
     | | | | | | |

======================================================================
Compiling:  dflop.vhd
Options:    -m -q -yv2 -e10 -w100 -o2 -ygs -fO -fP -v10 -dc375i -pCY7C375I-125AC -a dflop.vhd
======================================================================

C:\warp\bin\vhdlfe.exe V4 IR x77:  VHDL parser
Mon Feb 16 22:19:32 1998

Library 'work' => directory 'lc375i'
Linking 'C:\warp\lib\common\work\cypress.vif'.
Library 'ieee' => directory 'C:\warp\lib\ieee\work'
Linking 'C:\warp\lib\ieee\work\stdlogic.vif'.
Library 'ieee' => directory 'C:\warp\lib\ieee\work'

C:\warp\bin\vhdlfe.exe:  No errors.


C:\warp\bin\tovif.exe V4 IR x77:  High-level synthesis
Mon Feb 16 22:19:32 1998

Linking 'C:\warp\lib\common\work\cypress.vif'.
Linking 'C:\warp\lib\ieee\work\stdlogic.vif'.
Note:  Removing wires from arch. 'dflop_arch' of entity 'dflop'.
Added entity 'dflop' to library 'work'
Added architecture 'dflop_arch' to library 'work'
Added package 'dflop_pkg' to library 'work'

C:\warp\bin\tovif.exe:  No errors.

