
     | | | | | | |
   _________________
  -|               |-
  -|               |-
  -|               |-
  -|    CYPRESS    |-
  -|               |-
  -|               |-   Warp VHDL Synthesis Compiler: Version 4 IR x77
  -|               |-   Copyright (C) 1991, 1992, 1993,
   |_______________|    1994, 1995, 1996, 1997 Cypress Semiconductor
     | | | | | | |

======================================================================
Compiling:  nreg.vhd
Options:    -m -q -yv2 -e10 -w100 -o2 -ygs -fO -fP -v10 -dc375i -pCY7C375I-125AC -a nreg.vhd
======================================================================

C:\warp\bin\vhdlfe.exe V4 IR x77:  VHDL parser
Mon Feb 16 22:19:32 1998

Library 'work' => directory 'lc375i'
Linking 'C:\warp\lib\common\work\cypress.vif'.
Library 'ieee' => directory 'C:\warp\lib\ieee\work'
Linking 'C:\warp\lib\ieee\work\stdlogic.vif'.
Linking 'C:\EE Courses\Ee231\Lab 7; Dual Port Registers\lc375i\dflop.vif'.
Library 'ieee' => directory 'C:\warp\lib\ieee\work'

C:\warp\bin\vhdlfe.exe:  No errors.


C:\warp\bin\tovif.exe V4 IR x77:  High-level synthesis
Mon Feb 16 22:19:32 1998

Linking 'C:\warp\lib\common\work\cypress.vif'.
Linking 'C:\warp\lib\ieee\work\stdlogic.vif'.
Linking 'C:\EE Courses\Ee231\Lab 7; Dual Port Registers\lc375i\dflop.vif'.
Added entity 'nreg' to library 'work'
Added architecture 'nreg_arch' to library 'work'
Added package 'nreg_pkg' to library 'work'

C:\warp\bin\tovif.exe:  No errors.

