Project Information                 e:\vhdldesigns\ee231\06adders\adderlpm.rpt

MAX+plus II Compiler Report File
Version 10.1 06/12/2001
Compiled: 02/06/2002 22:16:29

Copyright (C) 1988-2001 Altera Corporation
Any megafunction design, and related net list (encrypted or decrypted),
support information, device programming or simulation file, and any other
associated documentation or information provided by Altera or a partner
under Altera's Megafunction Partnership Program may be used only to
program PLD devices (but not masked PLD devices) from Altera.  Any other
use of such megafunction design, net list, support information, device
programming or simulation file, or any other related documentation or
information is prohibited for any other purpose, including, but not
limited to modification, reverse engineering, de-compiling, or use with
any other silicon devices, unless such use is explicitly licensed under
a separate agreement with Altera or a megafunction partner.  Title to
the intellectual property, including patents, copyrights, trademarks,
trade secrets, or maskworks, embodied in any such megafunction design,
net list, support information, device programming or simulation file, or
any other related documentation or information provided by Altera or a
megafunction partner, remains with Altera, the megafunction partner, or
their respective licensors.  No other licenses, including any licenses
needed under any third party's intellectual property, are provided herein.



***** Project compilation was successful


ADDERLPM


** DEVICE SUMMARY **

Chip/                     Input Output Bidir  Memory  Memory  			 LCs
POF       Device          Pins  Pins   Pins   Bits % Utilized  LCs  % Utilized

adderlpm  EPF10K10LC84-3   32     18     0    0         0  %    32       5  %

User Pins:                 32     18     0  



Project Information                 e:\vhdldesigns\ee231\06adders\adderlpm.rpt

** FILE HIERARCHY **



|lpm_add_sub:adder|
|lpm_add_sub:adder|addcore:adder|
|lpm_add_sub:adder|altshift:result_ext_latency_ffs|
|lpm_add_sub:adder|altshift:carry_ext_latency_ffs|
|lpm_add_sub:adder|altshift:oflow_ext_latency_ffs|


Device-Specific Information:        e:\vhdldesigns\ee231\06adders\adderlpm.rpt
adderlpm

***** Logic for device 'adderlpm' compiled without errors.




Device: EPF10K10LC84-3

FLEX 10K Configuration Scheme: Passive Serial

Device Options:
    User-Supplied Start-Up Clock               = OFF
    Auto-Restart Configuration on Frame Error  = OFF
    Release Clears Before Tri-States           = OFF
    Enable Chip_Wide Reset                     = OFF
    Enable Chip-Wide Output Enable             = OFF
    Enable INIT_DONE Output                    = OFF
    JTAG User Code                             = 7f



Device-Specific Information:        e:\vhdldesigns\ee231\06adders\adderlpm.rpt
adderlpm

** ERROR SUMMARY **

Info: Chip 'adderlpm' in device 'EPF10K10LC84-3' has less than 20% of pins available for future logic changes -- if your project is likely to change, Altera recommends using a larger device
                                                                         ^     
                                                                         C     
                R  R  R  R                                               O     
                E  E  E  E                                               N     
                S  S  S  S           V                 G                 F     
                E  E  E  E           C                 N                 _  ^  
                R  R  R  R           C                 D              #  D  n  
                V  V  V  V  y        I              x  I              T  O  C  
                E  E  E  E  1  x  s  N  x  x  y  y  1  N  y  s  s  s  C  N  E  
                D  D  D  D  3  6  6  T  5  4  0  1  1  T  9  3  8  1  K  E  O  
              -----------------------------------------------------------------_ 
            /  11 10  9  8  7  6  5  4  3  2  1 84 83 82 81 80 79 78 77 76 75   | 
    ^DATA0 | 12                                                              74 | #TDO 
     ^DCLK | 13                                                              73 | x15 
      ^nCE | 14                                                              72 | y14 
      #TDI | 15                                                              71 | y15 
       s15 | 16                                                              70 | x14 
       s16 | 17                                                              69 | x13 
       s13 | 18                                                              68 | GNDINT 
       s14 | 19                                                              67 | s0 
    VCCINT | 20                                                              66 | y7 
        y5 | 21                                                              65 | s2 
        s5 | 22                        EPF10K10LC84-3                        64 | s4 
        s7 | 23                                                              63 | VCCINT 
        x7 | 24                                                              62 | x12 
        y3 | 25                                                              61 | s11 
    GNDINT | 26                                                              60 | x10 
       y10 | 27                                                              59 | s9 
       s12 | 28                                                              58 | s10 
        y8 | 29                                                              57 | #TMS 
       y12 | 30                                                              56 | #TRST 
    ^MSEL0 | 31                                                              55 | ^nSTATUS 
    ^MSEL1 | 32                                                              54 | RESERVED 
           |_  33 34 35 36 37 38 39 40 41 42 43 44 45 46 47 48 49 50 51 52 53  _| 
             ------------------------------------------------------------------ 
                V  ^  R  R  R  y  o  V  G  y  x  x  V  G  x  x  y  R  x  x  y  
                C  n  E  E  E  6  v  C  N  4  0  1  C  N  9  8  1  E  3  2  2  
                C  C  S  S  S        C  D           C  D        1  S           
                I  O  E  E  E        I  I           I  I           E           
                N  N  R  R  R        N  N           N  N           R           
                T  F  V  V  V        T  T           T  T           V           
                   I  E  E  E                                      E           
                   G  D  D  D                                      D           
                                                                               
                                                                               


N.C. = No Connect. This pin has no internal connection to the device.
VCCINT = Dedicated power pin, which MUST be connected to VCC (5.0 volts).
VCCIO = Dedicated power pin, which MUST be connected to VCC (5.0 volts).
GNDINT = Dedicated ground pin or unused dedicated input, which MUST be connected to GND.
GNDIO = Dedicated ground pin, which MUST be connected to GND.
RESERVED = Unused I/O pin, which MUST be left unconnected.

^ = Dedicated configuration pin.
+ = Reserved configuration pin, which is tri-stated during user mode.
* = Reserved configuration pin, which drives out in user mode.
PDn = Power Down pin. 
@ = Special-purpose pin. 
# = JTAG Boundary-Scan Testing/In-System Programming or Configuration Pin. The JTAG inputs TMS and TDI should be tied to VCC and TCK should be tied to GND when not in use.
& = JTAG pin used for I/O. When used as user I/O, JTAG pins must be kept stable before and during configuration.  JTAG pin stability prevents accidental loading of JTAG instructions.


Device-Specific Information:        e:\vhdldesigns\ee231\06adders\adderlpm.rpt
adderlpm

** RESOURCE USAGE **

Logic                Column       Row                                   
Array                Interconnect Interconnect         Clears/     External  
Block   Logic Cells  Driven       Driven       Clocks  Presets   Interconnect
A12      7/ 8( 87%)   1/ 8( 12%)   4/ 8( 50%)    0/2    0/2       7/22( 31%)   
B6       7/ 8( 87%)   2/ 8( 25%)   2/ 8( 25%)    0/2    0/2       9/22( 40%)   
B23      8/ 8(100%)   2/ 8( 25%)   4/ 8( 50%)    0/2    0/2      10/22( 45%)   
C8       2/ 8( 25%)   1/ 8( 12%)   1/ 8( 12%)    0/2    0/2       3/22( 13%)   
C24      8/ 8(100%)   1/ 8( 12%)   4/ 8( 50%)    0/2    0/2       9/22( 40%)   


Embedded             Column       Row                                   
Array     Embedded   Interconnect Interconnect         Read/      External  
Block     Cells      Driven       Driven       Clocks  Write    Interconnect


Total dedicated input pins used:                 6/6      (100%)
Total I/O pins used:                            44/53     ( 83%)
Total logic cells used:                         32/576    (  5%)
Total embedded cells used:                       0/24     (  0%)
Total EABs used:                                 0/3      (  0%)
Average fan-in:                                 3.03/4    ( 75%)
Total fan-in:                                  97/2304    (  4%)

Total input pins required:                      32
Total input I/O cell registers required:         0
Total output pins required:                     18
Total output I/O cell registers required:        0
Total buried I/O cell registers required:        0
Total bidirectional pins required:               0
Total reserved pins required                     0
Total logic cells required:                     32
Total flipflops required:                        0
Total packed registers required:                 0
Total logic cells in carry chains:               0
Total number of carry chains:                    0
Total logic cells in cascade chains:             0
Total number of cascade chains:                  0
Total single-pin Clock Enables required:         0
Total single-pin Output Enables required:        0

Synthesized logic cells:                         1/ 576   (  0%)

Logic Cell and Embedded Cell Counts

Column:  01  02  03  04  05  06  07  08  09  10  11  12  EA  13  14  15  16  17  18  19  20  21  22  23  24  Total(LC/EC)
 A:      0   0   0   0   0   0   0   0   0   0   0   7   0   0   0   0   0   0   0   0   0   0   0   0   0      7/0  
 B:      0   0   0   0   0   7   0   0   0   0   0   0   0   0   0   0   0   0   0   0   0   0   0   8   0     15/0  
 C:      0   0   0   0   0   0   0   2   0   0   0   0   0   0   0   0   0   0   0   0   0   0   0   0   8     10/0  

Total:   0   0   0   0   0   7   0   2   0   0   0   7   0   0   0   0   0   0   0   0   0   0   0   8   8     32/0  



Device-Specific Information:        e:\vhdldesigns\ee231\06adders\adderlpm.rpt
adderlpm

** INPUTS **

                                                    Fan-In    Fan-Out
 Pin     LC     EC   Row  Col  Primitive    Code      INP  FBK  OUT  FBK  Name
  43      -     -    -    --      INPUT                0    0    0    3  x0
  44      -     -    -    --      INPUT                0    0    0    2  x1
  52      -     -    -    19      INPUT                0    0    0    2  x2
  51      -     -    -    18      INPUT                0    0    0    2  x3
   2      -     -    -    --      INPUT                0    0    0    2  x4
   3      -     -    -    12      INPUT                0    0    0    2  x5
   6      -     -    -    04      INPUT                0    0    0    2  x6
  24      -     -    B    --      INPUT                0    0    0    2  x7
  48      -     -    -    15      INPUT                0    0    0    2  x8
  47      -     -    -    14      INPUT                0    0    0    2  x9
  60      -     -    C    --      INPUT                0    0    0    2  x10
  83      -     -    -    13      INPUT                0    0    0    2  x11
  62      -     -    C    --      INPUT                0    0    0    2  x12
  69      -     -    A    --      INPUT                0    0    0    2  x13
  70      -     -    A    --      INPUT                0    0    0    2  x14
  73      -     -    A    --      INPUT                0    0    0    3  x15
   1      -     -    -    --      INPUT                0    0    0    3  y0
  84      -     -    -    --      INPUT                0    0    0    2  y1
  53      -     -    -    20      INPUT                0    0    0    2  y2
  25      -     -    B    --      INPUT                0    0    0    2  y3
  42      -     -    -    --      INPUT                0    0    0    2  y4
  21      -     -    B    --      INPUT                0    0    0    2  y5
  38      -     -    -    10      INPUT                0    0    0    2  y6
  66      -     -    B    --      INPUT                0    0    0    2  y7
  29      -     -    C    --      INPUT                0    0    0    2  y8
  81      -     -    -    22      INPUT                0    0    0    2  y9
  27      -     -    C    --      INPUT                0    0    0    2  y10
  49      -     -    -    16      INPUT                0    0    0    2  y11
  30      -     -    C    --      INPUT                0    0    0    2  y12
   7      -     -    -    03      INPUT                0    0    0    2  y13
  72      -     -    A    --      INPUT                0    0    0    2  y14
  71      -     -    A    --      INPUT                0    0    0    3  y15


Code:

s = Synthesized pin or logic cell
+ = Synchronous flipflop
/ = Slow slew-rate output
! = NOT gate push-back
r = Fitter-inserted logic cell
@ = Uses single-pin Clock Enable
& = Uses single-pin Output Enable


Device-Specific Information:        e:\vhdldesigns\ee231\06adders\adderlpm.rpt
adderlpm

** OUTPUTS **

       Fed By Fed By                                Fan-In    Fan-Out
 Pin     LC     EC   Row  Col  Primitive    Code      INP  FBK  OUT  FBK  Name
  39      -     -    -    11     OUTPUT                0    1    0    0  ov
  67      -     -    B    --     OUTPUT                0    1    0    0  s0
  78      -     -    -    24     OUTPUT                0    1    0    0  s1
  65      -     -    B    --     OUTPUT                0    1    0    0  s2
  80      -     -    -    23     OUTPUT                0    1    0    0  s3
  64      -     -    B    --     OUTPUT                0    1    0    0  s4
  22      -     -    B    --     OUTPUT                0    1    0    0  s5
   5      -     -    -    05     OUTPUT                0    1    0    0  s6
  23      -     -    B    --     OUTPUT                0    1    0    0  s7
  79      -     -    -    24     OUTPUT                0    1    0    0  s8
  59      -     -    C    --     OUTPUT                0    1    0    0  s9
  58      -     -    C    --     OUTPUT                0    1    0    0  s10
  61      -     -    C    --     OUTPUT                0    1    0    0  s11
  28      -     -    C    --     OUTPUT                0    1    0    0  s12
  18      -     -    A    --     OUTPUT                0    1    0    0  s13
  19      -     -    A    --     OUTPUT                0    1    0    0  s14
  16      -     -    A    --     OUTPUT                0    1    0    0  s15
  17      -     -    A    --     OUTPUT                0    1    0    0  s16


Code:

s = Synthesized pin or logic cell
+ = Synchronous flipflop
/ = Slow slew-rate output
! = NOT gate push-back
r = Fitter-inserted logic cell
@ = Uses single-pin Clock Enable
& = Uses single-pin Output Enable


Device-Specific Information:        e:\vhdldesigns\ee231\06adders\adderlpm.rpt
adderlpm

** BURIED LOGIC **

                                                    Fan-In    Fan-Out
 IOC     LC     EC   Row  Col  Primitive    Code      INP  FBK  OUT  FBK  Name
   -      6     -    B    23        OR2                4    0    0    2  |lpm_add_sub:adder|addcore:adder|pcarry1
   -      8     -    B    23        OR2                2    1    0    2  |lpm_add_sub:adder|addcore:adder|pcarry2
   -      2     -    B    23        OR2                2    1    0    2  |lpm_add_sub:adder|addcore:adder|pcarry3
   -      3     -    B    06        OR2                2    1    0    2  |lpm_add_sub:adder|addcore:adder|pcarry4
   -      5     -    B    06        OR2                2    1    0    2  |lpm_add_sub:adder|addcore:adder|pcarry5
   -      7     -    B    06        OR2                2    1    0    2  |lpm_add_sub:adder|addcore:adder|pcarry6
   -      2     -    B    06        OR2                2    1    0    2  |lpm_add_sub:adder|addcore:adder|pcarry7
   -      3     -    C    24        OR2                2    1    0    2  |lpm_add_sub:adder|addcore:adder|pcarry8
   -      7     -    C    24        OR2                2    1    0    2  |lpm_add_sub:adder|addcore:adder|pcarry9
   -      8     -    C    24        OR2                2    1    0    2  |lpm_add_sub:adder|addcore:adder|pcarry10
   -      1     -    C    24        OR2                2    1    0    2  |lpm_add_sub:adder|addcore:adder|pcarry11
   -      4     -    C    08        OR2                2    1    0    2  |lpm_add_sub:adder|addcore:adder|pcarry12
   -      3     -    A    12        OR2                2    1    0    2  |lpm_add_sub:adder|addcore:adder|pcarry13
   -      4     -    A    12        OR2                2    1    0    3  |lpm_add_sub:adder|addcore:adder|pcarry14
   -      2     -    A    12        OR2    s           2    1    1    0  |lpm_add_sub:adder|addcore:adder|pcarry15~1
   -      8     -    A    12        OR2                2    1    1    0  |lpm_add_sub:adder|addcore:adder|pcarry15
   -      1     -    B    23        OR2                2    0    1    0  |lpm_add_sub:adder|addcore:adder|:161
   -      4     -    B    23        OR2                4    0    1    0  |lpm_add_sub:adder|addcore:adder|:178
   -      5     -    B    23        OR2                2    1    1    0  |lpm_add_sub:adder|addcore:adder|:179
   -      3     -    B    23        OR2                2    1    1    0  |lpm_add_sub:adder|addcore:adder|:180
   -      7     -    B    23        OR2                2    1    1    0  |lpm_add_sub:adder|addcore:adder|:181
   -      1     -    B    06        OR2                2    1    1    0  |lpm_add_sub:adder|addcore:adder|:182
   -      6     -    B    06        OR2                2    1    1    0  |lpm_add_sub:adder|addcore:adder|:183
   -      4     -    B    06        OR2                2    1    1    0  |lpm_add_sub:adder|addcore:adder|:184
   -      4     -    C    24        OR2                2    1    1    0  |lpm_add_sub:adder|addcore:adder|:185
   -      5     -    C    24        OR2                2    1    1    0  |lpm_add_sub:adder|addcore:adder|:186
   -      6     -    C    24        OR2                2    1    1    0  |lpm_add_sub:adder|addcore:adder|:187
   -      2     -    C    24        OR2                2    1    1    0  |lpm_add_sub:adder|addcore:adder|:188
   -      2     -    C    08        OR2                2    1    1    0  |lpm_add_sub:adder|addcore:adder|:189
   -      5     -    A    12        OR2                2    1    1    0  |lpm_add_sub:adder|addcore:adder|:190
   -      6     -    A    12        OR2                2    1    1    0  |lpm_add_sub:adder|addcore:adder|:191
   -      1     -    A    12        OR2                2    1    1    0  |lpm_add_sub:adder|addcore:adder|:192


Code:

s = Synthesized pin or logic cell
+ = Synchronous flipflop
/ = Slow slew-rate output
! = NOT gate push-back
r = Fitter-inserted logic cell
p = Packed register


Device-Specific Information:        e:\vhdldesigns\ee231\06adders\adderlpm.rpt
adderlpm

** FASTTRACK INTERCONNECT UTILIZATION **

Row FastTrack Interconnect:

          Global         Left Half-      Right Half-
         FastTrack       FastTrack       FastTrack 
Row     Interconnect    Interconnect    Interconnect    Input Pins     Output Pins     Bidir Pins
A:       6/ 96(  6%)     5/ 48( 10%)     0/ 48(  0%)    5/16( 31%)      4/16( 25%)     0/16(  0%)
B:       7/ 96(  7%)     4/ 48(  8%)     5/ 48( 10%)    4/16( 25%)      5/16( 31%)     0/16(  0%)
C:       8/ 96(  8%)     1/ 48(  2%)     7/ 48( 14%)    5/16( 31%)      4/16( 25%)     0/16(  0%)


Column FastTrack Interconnect:

         FastTrack                                 
Column  Interconnect    Input Pins     Output Pins     Bidir Pins
01:      0/24(  0%)     0/4(  0%)      0/4(  0%)       0/4(  0%)
02:      0/24(  0%)     0/4(  0%)      0/4(  0%)       0/4(  0%)
03:      1/24(  4%)     1/4( 25%)      0/4(  0%)       0/4(  0%)
04:      1/24(  4%)     1/4( 25%)      0/4(  0%)       0/4(  0%)
05:      1/24(  4%)     0/4(  0%)      1/4( 25%)       0/4(  0%)
06:      1/24(  4%)     0/4(  0%)      0/4(  0%)       0/4(  0%)
07:      1/24(  4%)     0/4(  0%)      0/4(  0%)       0/4(  0%)
08:      0/24(  0%)     0/4(  0%)      0/4(  0%)       0/4(  0%)
09:      0/24(  0%)     0/4(  0%)      0/4(  0%)       0/4(  0%)
10:      1/24(  4%)     1/4( 25%)      0/4(  0%)       0/4(  0%)
11:      1/24(  4%)     0/4(  0%)      1/4( 25%)       0/4(  0%)
12:      1/24(  4%)     1/4( 25%)      0/4(  0%)       0/4(  0%)
13:      1/24(  4%)     1/4( 25%)      0/4(  0%)       0/4(  0%)
14:      1/24(  4%)     1/4( 25%)      0/4(  0%)       0/4(  0%)
15:      1/24(  4%)     1/4( 25%)      0/4(  0%)       0/4(  0%)
16:      1/24(  4%)     1/4( 25%)      0/4(  0%)       0/4(  0%)
17:      0/24(  0%)     0/4(  0%)      0/4(  0%)       0/4(  0%)
18:      1/24(  4%)     1/4( 25%)      0/4(  0%)       0/4(  0%)
19:      1/24(  4%)     1/4( 25%)      0/4(  0%)       0/4(  0%)
20:      1/24(  4%)     1/4( 25%)      0/4(  0%)       0/4(  0%)
21:      0/24(  0%)     0/4(  0%)      0/4(  0%)       0/4(  0%)
22:      1/24(  4%)     1/4( 25%)      0/4(  0%)       0/4(  0%)
23:      1/24(  4%)     0/4(  0%)      1/4( 25%)       0/4(  0%)
24:      2/24(  8%)     0/4(  0%)      2/4( 50%)       0/4(  0%)
EA:      0/24(  0%)     0/4(  0%)      0/4(  0%)       0/4(  0%)


Device-Specific Information:        e:\vhdldesigns\ee231\06adders\adderlpm.rpt
adderlpm

** EQUATIONS **

x0       : INPUT;
x1       : INPUT;
x2       : INPUT;
x3       : INPUT;
x4       : INPUT;
x5       : INPUT;
x6       : INPUT;
x7       : INPUT;
x8       : INPUT;
x9       : INPUT;
x10      : INPUT;
x11      : INPUT;
x12      : INPUT;
x13      : INPUT;
x14      : INPUT;
x15      : INPUT;
y0       : INPUT;
y1       : INPUT;
y2       : INPUT;
y3       : INPUT;
y4       : INPUT;
y5       : INPUT;
y6       : INPUT;
y7       : INPUT;
y8       : INPUT;
y9       : INPUT;
y10      : INPUT;
y11      : INPUT;
y12      : INPUT;
y13      : INPUT;
y14      : INPUT;
y15      : INPUT;

-- Node name is 'ov' 
-- Equation name is 'ov', type is output 
ov       =  _LC8_A12;

-- Node name is 's0' 
-- Equation name is 's0', type is output 
s0       =  _LC1_B23;

-- Node name is 's1' 
-- Equation name is 's1', type is output 
s1       =  _LC4_B23;

-- Node name is 's2' 
-- Equation name is 's2', type is output 
s2       =  _LC5_B23;

-- Node name is 's3' 
-- Equation name is 's3', type is output 
s3       =  _LC3_B23;

-- Node name is 's4' 
-- Equation name is 's4', type is output 
s4       =  _LC7_B23;

-- Node name is 's5' 
-- Equation name is 's5', type is output 
s5       =  _LC1_B6;

-- Node name is 's6' 
-- Equation name is 's6', type is output 
s6       =  _LC6_B6;

-- Node name is 's7' 
-- Equation name is 's7', type is output 
s7       =  _LC4_B6;

-- Node name is 's8' 
-- Equation name is 's8', type is output 
s8       =  _LC4_C24;

-- Node name is 's9' 
-- Equation name is 's9', type is output 
s9       =  _LC5_C24;

-- Node name is 's10' 
-- Equation name is 's10', type is output 
s10      =  _LC6_C24;

-- Node name is 's11' 
-- Equation name is 's11', type is output 
s11      =  _LC2_C24;

-- Node name is 's12' 
-- Equation name is 's12', type is output 
s12      =  _LC2_C8;

-- Node name is 's13' 
-- Equation name is 's13', type is output 
s13      =  _LC5_A12;

-- Node name is 's14' 
-- Equation name is 's14', type is output 
s14      =  _LC6_A12;

-- Node name is 's15' 
-- Equation name is 's15', type is output 
s15      =  _LC1_A12;

-- Node name is 's16' 
-- Equation name is 's16', type is output 
s16      =  _LC2_A12;

-- Node name is '|lpm_add_sub:adder|addcore:adder|pcarry1' from file "addcore.tdf" line 312, column 40
-- Equation name is '_LC6_B23', type is buried 
_LC6_B23 = LCELL( _EQ001);
  _EQ001 =  x1 &  y1
         #  x0 &  x1 &  y0
         #  x0 &  y0 &  y1;

-- Node name is '|lpm_add_sub:adder|addcore:adder|pcarry2' from file "addcore.tdf" line 312, column 40
-- Equation name is '_LC8_B23', type is buried 
_LC8_B23 = LCELL( _EQ002);
  _EQ002 =  _LC6_B23 &  x2
         #  _LC6_B23 &  y2
         #  x2 &  y2;

-- Node name is '|lpm_add_sub:adder|addcore:adder|pcarry3' from file "addcore.tdf" line 312, column 40
-- Equation name is '_LC2_B23', type is buried 
_LC2_B23 = LCELL( _EQ003);
  _EQ003 =  _LC8_B23 &  x3
         #  _LC8_B23 &  y3
         #  x3 &  y3;

-- Node name is '|lpm_add_sub:adder|addcore:adder|pcarry4' from file "addcore.tdf" line 312, column 40
-- Equation name is '_LC3_B6', type is buried 
_LC3_B6  = LCELL( _EQ004);
  _EQ004 =  _LC2_B23 &  x4
         #  _LC2_B23 &  y4
         #  x4 &  y4;

-- Node name is '|lpm_add_sub:adder|addcore:adder|pcarry5' from file "addcore.tdf" line 312, column 40
-- Equation name is '_LC5_B6', type is buried 
_LC5_B6  = LCELL( _EQ005);
  _EQ005 =  _LC3_B6 &  x5
         #  _LC3_B6 &  y5
         #  x5 &  y5;

-- Node name is '|lpm_add_sub:adder|addcore:adder|pcarry6' from file "addcore.tdf" line 312, column 40
-- Equation name is '_LC7_B6', type is buried 
_LC7_B6  = LCELL( _EQ006);
  _EQ006 =  _LC5_B6 &  x6
         #  _LC5_B6 &  y6
         #  x6 &  y6;

-- Node name is '|lpm_add_sub:adder|addcore:adder|pcarry7' from file "addcore.tdf" line 312, column 40
-- Equation name is '_LC2_B6', type is buried 
_LC2_B6  = LCELL( _EQ007);
  _EQ007 =  _LC7_B6 &  x7
         #  _LC7_B6 &  y7
         #  x7 &  y7;

-- Node name is '|lpm_add_sub:adder|addcore:adder|pcarry8' from file "addcore.tdf" line 312, column 40
-- Equation name is '_LC3_C24', type is buried 
_LC3_C24 = LCELL( _EQ008);
  _EQ008 =  _LC2_B6 &  x8
         #  _LC2_B6 &  y8
         #  x8 &  y8;

-- Node name is '|lpm_add_sub:adder|addcore:adder|pcarry9' from file "addcore.tdf" line 312, column 40
-- Equation name is '_LC7_C24', type is buried 
_LC7_C24 = LCELL( _EQ009);
  _EQ009 =  _LC3_C24 &  x9
         #  _LC3_C24 &  y9
         #  x9 &  y9;

-- Node name is '|lpm_add_sub:adder|addcore:adder|pcarry10' from file "addcore.tdf" line 312, column 40
-- Equation name is '_LC8_C24', type is buried 
_LC8_C24 = LCELL( _EQ010);
  _EQ010 =  _LC7_C24 &  x10
         #  _LC7_C24 &  y10
         #  x10 &  y10;

-- Node name is '|lpm_add_sub:adder|addcore:adder|pcarry11' from file "addcore.tdf" line 312, column 40
-- Equation name is '_LC1_C24', type is buried 
_LC1_C24 = LCELL( _EQ011);
  _EQ011 =  _LC8_C24 &  x11
         #  _LC8_C24 &  y11
         #  x11 &  y11;

-- Node name is '|lpm_add_sub:adder|addcore:adder|pcarry12' from file "addcore.tdf" line 312, column 40
-- Equation name is '_LC4_C8', type is buried 
_LC4_C8  = LCELL( _EQ012);
  _EQ012 =  _LC1_C24 &  x12
         #  _LC1_C24 &  y12
         #  x12 &  y12;

-- Node name is '|lpm_add_sub:adder|addcore:adder|pcarry13' from file "addcore.tdf" line 312, column 40
-- Equation name is '_LC3_A12', type is buried 
_LC3_A12 = LCELL( _EQ013);
  _EQ013 =  _LC4_C8 &  x13
         #  _LC4_C8 &  y13
         #  x13 &  y13;

-- Node name is '|lpm_add_sub:adder|addcore:adder|pcarry14' from file "addcore.tdf" line 312, column 40
-- Equation name is '_LC4_A12', type is buried 
_LC4_A12 = LCELL( _EQ014);
  _EQ014 =  _LC3_A12 &  x14
         #  _LC3_A12 &  y14
         #  x14 &  y14;

-- Node name is '|lpm_add_sub:adder|addcore:adder|pcarry15~1' from file "addcore.tdf" line 312, column 40
-- Equation name is '_LC2_A12', type is buried 
-- synthesized logic cell 
_LC2_A12 = LCELL( _EQ015);
  _EQ015 =  _LC4_A12 &  x15
         #  _LC4_A12 &  y15
         #  x15 &  y15;

-- Node name is '|lpm_add_sub:adder|addcore:adder|pcarry15' from file "addcore.tdf" line 312, column 40
-- Equation name is '_LC8_A12', type is buried 
_LC8_A12 = LCELL( _EQ016);
  _EQ016 =  _LC4_A12 &  x15
         #  _LC4_A12 &  y15
         #  x15 &  y15;

-- Node name is '|lpm_add_sub:adder|addcore:adder|:161' from file "addcore.tdf" line 315, column 26
-- Equation name is '_LC1_B23', type is buried 
_LC1_B23 = LCELL( _EQ017);
  _EQ017 =  x0 & !y0
         # !x0 &  y0;

-- Node name is '|lpm_add_sub:adder|addcore:adder|:178' from file "addcore.tdf" line 316, column 67
-- Equation name is '_LC4_B23', type is buried 
_LC4_B23 = LCELL( _EQ018);
  _EQ018 =  x0 & !x1 &  y0 & !y1
         # !x0 & !x1 &  y1
         # !x1 & !y0 &  y1
         #  x0 &  x1 &  y0 &  y1
         # !x0 &  x1 & !y1
         #  x1 & !y0 & !y1;

-- Node name is '|lpm_add_sub:adder|addcore:adder|:179' from file "addcore.tdf" line 316, column 67
-- Equation name is '_LC5_B23', type is buried 
_LC5_B23 = LCELL( _EQ019);
  _EQ019 = !_LC6_B23 &  x2 & !y2
         # !_LC6_B23 & !x2 &  y2
         #  _LC6_B23 &  x2 &  y2
         #  _LC6_B23 & !x2 & !y2;

-- Node name is '|lpm_add_sub:adder|addcore:adder|:180' from file "addcore.tdf" line 316, column 67
-- Equation name is '_LC3_B23', type is buried 
_LC3_B23 = LCELL( _EQ020);
  _EQ020 = !_LC8_B23 &  x3 & !y3
         # !_LC8_B23 & !x3 &  y3
         #  _LC8_B23 &  x3 &  y3
         #  _LC8_B23 & !x3 & !y3;

-- Node name is '|lpm_add_sub:adder|addcore:adder|:181' from file "addcore.tdf" line 316, column 67
-- Equation name is '_LC7_B23', type is buried 
_LC7_B23 = LCELL( _EQ021);
  _EQ021 = !_LC2_B23 &  x4 & !y4
         # !_LC2_B23 & !x4 &  y4
         #  _LC2_B23 &  x4 &  y4
         #  _LC2_B23 & !x4 & !y4;

-- Node name is '|lpm_add_sub:adder|addcore:adder|:182' from file "addcore.tdf" line 316, column 67
-- Equation name is '_LC1_B6', type is buried 
_LC1_B6  = LCELL( _EQ022);
  _EQ022 = !_LC3_B6 &  x5 & !y5
         # !_LC3_B6 & !x5 &  y5
         #  _LC3_B6 &  x5 &  y5
         #  _LC3_B6 & !x5 & !y5;

-- Node name is '|lpm_add_sub:adder|addcore:adder|:183' from file "addcore.tdf" line 316, column 67
-- Equation name is '_LC6_B6', type is buried 
_LC6_B6  = LCELL( _EQ023);
  _EQ023 = !_LC5_B6 &  x6 & !y6
         # !_LC5_B6 & !x6 &  y6
         #  _LC5_B6 &  x6 &  y6
         #  _LC5_B6 & !x6 & !y6;

-- Node name is '|lpm_add_sub:adder|addcore:adder|:184' from file "addcore.tdf" line 316, column 67
-- Equation name is '_LC4_B6', type is buried 
_LC4_B6  = LCELL( _EQ024);
  _EQ024 = !_LC7_B6 &  x7 & !y7
         # !_LC7_B6 & !x7 &  y7
         #  _LC7_B6 &  x7 &  y7
         #  _LC7_B6 & !x7 & !y7;

-- Node name is '|lpm_add_sub:adder|addcore:adder|:185' from file "addcore.tdf" line 316, column 67
-- Equation name is '_LC4_C24', type is buried 
_LC4_C24 = LCELL( _EQ025);
  _EQ025 = !_LC2_B6 &  x8 & !y8
         # !_LC2_B6 & !x8 &  y8
         #  _LC2_B6 &  x8 &  y8
         #  _LC2_B6 & !x8 & !y8;

-- Node name is '|lpm_add_sub:adder|addcore:adder|:186' from file "addcore.tdf" line 316, column 67
-- Equation name is '_LC5_C24', type is buried 
_LC5_C24 = LCELL( _EQ026);
  _EQ026 = !_LC3_C24 &  x9 & !y9
         # !_LC3_C24 & !x9 &  y9
         #  _LC3_C24 &  x9 &  y9
         #  _LC3_C24 & !x9 & !y9;

-- Node name is '|lpm_add_sub:adder|addcore:adder|:187' from file "addcore.tdf" line 316, column 67
-- Equation name is '_LC6_C24', type is buried 
_LC6_C24 = LCELL( _EQ027);
  _EQ027 = !_LC7_C24 &  x10 & !y10
         # !_LC7_C24 & !x10 &  y10
         #  _LC7_C24 &  x10 &  y10
         #  _LC7_C24 & !x10 & !y10;

-- Node name is '|lpm_add_sub:adder|addcore:adder|:188' from file "addcore.tdf" line 316, column 67
-- Equation name is '_LC2_C24', type is buried 
_LC2_C24 = LCELL( _EQ028);
  _EQ028 = !_LC8_C24 &  x11 & !y11
         # !_LC8_C24 & !x11 &  y11
         #  _LC8_C24 &  x11 &  y11
         #  _LC8_C24 & !x11 & !y11;

-- Node name is '|lpm_add_sub:adder|addcore:adder|:189' from file "addcore.tdf" line 316, column 67
-- Equation name is '_LC2_C8', type is buried 
_LC2_C8  = LCELL( _EQ029);
  _EQ029 = !_LC1_C24 &  x12 & !y12
         # !_LC1_C24 & !x12 &  y12
         #  _LC1_C24 &  x12 &  y12
         #  _LC1_C24 & !x12 & !y12;

-- Node name is '|lpm_add_sub:adder|addcore:adder|:190' from file "addcore.tdf" line 316, column 67
-- Equation name is '_LC5_A12', type is buried 
_LC5_A12 = LCELL( _EQ030);
  _EQ030 = !_LC4_C8 &  x13 & !y13
         # !_LC4_C8 & !x13 &  y13
         #  _LC4_C8 &  x13 &  y13
         #  _LC4_C8 & !x13 & !y13;

-- Node name is '|lpm_add_sub:adder|addcore:adder|:191' from file "addcore.tdf" line 316, column 67
-- Equation name is '_LC6_A12', type is buried 
_LC6_A12 = LCELL( _EQ031);
  _EQ031 = !_LC3_A12 &  x14 & !y14
         # !_LC3_A12 & !x14 &  y14
         #  _LC3_A12 &  x14 &  y14
         #  _LC3_A12 & !x14 & !y14;

-- Node name is '|lpm_add_sub:adder|addcore:adder|:192' from file "addcore.tdf" line 316, column 67
-- Equation name is '_LC1_A12', type is buried 
_LC1_A12 = LCELL( _EQ032);
  _EQ032 = !_LC4_A12 &  x15 & !y15
         # !_LC4_A12 & !x15 &  y15
         #  _LC4_A12 &  x15 &  y15
         #  _LC4_A12 & !x15 & !y15;



Project Information                 e:\vhdldesigns\ee231\06adders\adderlpm.rpt

** COMPILATION SETTINGS & TIMES **

Processing Menu Commands
------------------------

Design Doctor                             = off

Logic Synthesis:

   Synthesis Type Used                    = Multi-Level

   Default Synthesis Style                = NORMAL

      Logic option settings in 'NORMAL' style for 'FLEX10K' family

      CARRY_CHAIN                         = ignore
      CARRY_CHAIN_LENGTH                  = 32
      CASCADE_CHAIN                       = ignore
      CASCADE_CHAIN_LENGTH                = 2
      DECOMPOSE_GATES                     = on
      DUPLICATE_LOGIC_EXTRACTION          = on
      MINIMIZATION                        = full
      MULTI_LEVEL_FACTORING               = on
      NOT_GATE_PUSH_BACK                  = on
      REDUCE_LOGIC                        = on
      REFACTORIZATION                     = on
      REGISTER_OPTIMIZATION               = on
      RESYNTHESIZE_NETWORK                = on
      SLOW_SLEW_RATE                      = off
      SUBFACTOR_EXTRACTION                = on
      IGNORE_SOFT_BUFFERS                 = on
      USE_LPM_FOR_AHDL_OPERATORS          = off

   Other logic synthesis settings:

      Automatic Global Clock              = on
      Automatic Global Clear              = on
      Automatic Global Preset             = on
      Automatic Global Output Enable      = on
      Automatic Fast I/O                  = off
      Automatic Register Packing          = off
      Automatic Open-Drain Pins           = on
      Automatic Implement in EAB          = off
      Optimize                            = 5

Default Timing Specifications: None

Cut All Bidir Feedback Timing Paths       = on
Cut All Clear & Preset Timing Paths       = on

Ignore Timing Assignments                 = on

Functional SNF Extractor                  = off

Linked SNF Extractor                      = off
Timing SNF Extractor                      = on
Optimize Timing SNF                       = off
Generate AHDL TDO File                    = off
Fitter Settings                           = NORMAL
Use Quartus Fitter                        = on
Smart Recompile                           = off
Total Recompile                           = off

Interfaces Menu Commands
------------------------

EDIF Netlist Writer                       = off
Verilog Netlist Writer                    = off
VHDL Netlist Writer                       = off

Compilation Times
-----------------

   Compiler Netlist Extractor             00:00:01
   Database Builder                       00:00:00
   Logic Synthesizer                      00:00:00
   Partitioner                            00:00:00
   Fitter                                 00:00:03
   Timing SNF Extractor                   00:00:00
   Assembler                              00:00:01
   --------------------------             --------
   Total Time                             00:00:05


Memory Allocated
-----------------

Peak memory allocated during compilation  = 13,804K
