Project Information                    e:\vhdldesigns\ee231\15mips\control.rpt

MAX+plus II Compiler Report File
Version 10.1 06/12/2001
Compiled: 03/01/2002 19:33:37

Copyright (C) 1988-2001 Altera Corporation
Any megafunction design, and related net list (encrypted or decrypted),
support information, device programming or simulation file, and any other
associated documentation or information provided by Altera or a partner
under Altera's Megafunction Partnership Program may be used only to
program PLD devices (but not masked PLD devices) from Altera.  Any other
use of such megafunction design, net list, support information, device
programming or simulation file, or any other related documentation or
information is prohibited for any other purpose, including, but not
limited to modification, reverse engineering, de-compiling, or use with
any other silicon devices, unless such use is explicitly licensed under
a separate agreement with Altera or a megafunction partner.  Title to
the intellectual property, including patents, copyrights, trademarks,
trade secrets, or maskworks, embodied in any such megafunction design,
net list, support information, device programming or simulation file, or
any other related documentation or information provided by Altera or a
megafunction partner, remains with Altera, the megafunction partner, or
their respective licensors.  No other licenses, including any licenses
needed under any third party's intellectual property, are provided herein.



***** Project compilation was successful


CONTROL


** DEVICE SUMMARY **

Chip/                     Input Output Bidir  Memory  Memory  			 LCs
POF       Device          Pins  Pins   Pins   Bits % Utilized  LCs  % Utilized

control   EPF10K10LC84-3   6      9      0    0         0  %    17       2  %

User Pins:                 6      9      0  



Project Information                    e:\vhdldesigns\ee231\15mips\control.rpt

** PROJECT COMPILATION MESSAGES **

Warning: Ignored unnecessary INPUT pin 'clock'
Warning: Ignored unnecessary INPUT pin 'reset'


Device-Specific Information:           e:\vhdldesigns\ee231\15mips\control.rpt
control

***** Logic for device 'control' compiled without errors.




Device: EPF10K10LC84-3

FLEX 10K Configuration Scheme: Passive Serial

Device Options:
    User-Supplied Start-Up Clock               = OFF
    Auto-Restart Configuration on Frame Error  = OFF
    Release Clears Before Tri-States           = OFF
    Enable Chip_Wide Reset                     = OFF
    Enable Chip-Wide Output Enable             = OFF
    Enable INIT_DONE Output                    = OFF
    JTAG User Code                             = 7f

                                                                         ^     
                                                                         C     
                R  R  R  R  R  R  R     R           R     R  R  R  R     O     
                E  E  E  E  E  E  E     E  O  O  O  E     E  E  E  E     N     
                S  S  S  S  S  S  S  V  S  p  p  p  S  G  S  S  S  S     F     
                E  E  E  E  E  E  E  C  E  c  c  c  E  N  E  E  E  E     _  ^  
                R  R  R  R  R  R  R  C  R  o  o  o  R  D  R  R  R  R  #  D  n  
                V  V  V  V  V  V  V  I  V  d  d  d  V  I  V  V  V  V  T  O  C  
                E  E  E  E  E  E  E  N  E  e  e  e  E  N  E  E  E  E  C  N  E  
                D  D  D  D  D  D  D  T  D  0  3  5  D  T  D  D  D  D  K  E  O  
              -----------------------------------------------------------------_ 
            /  11 10  9  8  7  6  5  4  3  2  1 84 83 82 81 80 79 78 77 76 75   | 
    ^DATA0 | 12                                                              74 | #TDO 
     ^DCLK | 13                                                              73 | RESERVED 
      ^nCE | 14                                                              72 | RESERVED 
      #TDI | 15                                                              71 | RESERVED 
  RESERVED | 16                                                              70 | RESERVED 
  RESERVED | 17                                                              69 | RESERVED 
  RESERVED | 18                                                              68 | GNDINT 
  RESERVED | 19                                                              67 | Branch 
    VCCINT | 20                                                              66 | MemtoReg 
  MemWrite | 21                                                              65 | ALUop1 
  RegWrite | 22                        EPF10K10LC84-3                        64 | RegDst 
    ALUSrc | 23                                                              63 | VCCINT 
   MemRead | 24                                                              62 | RESERVED 
    ALUop0 | 25                                                              61 | RESERVED 
    GNDINT | 26                                                              60 | RESERVED 
  RESERVED | 27                                                              59 | RESERVED 
  RESERVED | 28                                                              58 | RESERVED 
  RESERVED | 29                                                              57 | #TMS 
  RESERVED | 30                                                              56 | #TRST 
    ^MSEL0 | 31                                                              55 | ^nSTATUS 
    ^MSEL1 | 32                                                              54 | RESERVED 
           |_  33 34 35 36 37 38 39 40 41 42 43 44 45 46 47 48 49 50 51 52 53  _| 
             ------------------------------------------------------------------ 
                V  ^  R  R  R  R  R  V  G  O  O  O  V  G  R  R  R  R  R  R  R  
                C  n  E  E  E  E  E  C  N  p  p  p  C  N  E  E  E  E  E  E  E  
                C  C  S  S  S  S  S  C  D  c  c  c  C  D  S  S  S  S  S  S  S  
                I  O  E  E  E  E  E  I  I  o  o  o  I  I  E  E  E  E  E  E  E  
                N  N  R  R  R  R  R  N  N  d  d  d  N  N  R  R  R  R  R  R  R  
                T  F  V  V  V  V  V  T  T  e  e  e  T  T  V  V  V  V  V  V  V  
                   I  E  E  E  E  E        1  2  4        E  E  E  E  E  E  E  
                   G  D  D  D  D  D                       D  D  D  D  D  D  D  
                                                                               
                                                                               


N.C. = No Connect. This pin has no internal connection to the device.
VCCINT = Dedicated power pin, which MUST be connected to VCC (5.0 volts).
VCCIO = Dedicated power pin, which MUST be connected to VCC (5.0 volts).
GNDINT = Dedicated ground pin or unused dedicated input, which MUST be connected to GND.
GNDIO = Dedicated ground pin, which MUST be connected to GND.
RESERVED = Unused I/O pin, which MUST be left unconnected.

^ = Dedicated configuration pin.
+ = Reserved configuration pin, which is tri-stated during user mode.
* = Reserved configuration pin, which drives out in user mode.
PDn = Power Down pin. 
@ = Special-purpose pin. 
# = JTAG Boundary-Scan Testing/In-System Programming or Configuration Pin. The JTAG inputs TMS and TDI should be tied to VCC and TCK should be tied to GND when not in use.
& = JTAG pin used for I/O. When used as user I/O, JTAG pins must be kept stable before and during configuration.  JTAG pin stability prevents accidental loading of JTAG instructions.


Device-Specific Information:           e:\vhdldesigns\ee231\15mips\control.rpt
control

** RESOURCE USAGE **

Logic                Column       Row                                   
Array                Interconnect Interconnect         Clears/     External  
Block   Logic Cells  Driven       Driven       Clocks  Presets   Interconnect
B1       1/ 8( 12%)   0/ 8(  0%)   1/ 8( 12%)    0/2    0/2       1/22(  4%)   
B7       1/ 8( 12%)   0/ 8(  0%)   1/ 8( 12%)    0/2    0/2       1/22(  4%)   
B8       8/ 8(100%)   0/ 8(  0%)   5/ 8( 62%)    0/2    0/2       6/22( 27%)   
B11      7/ 8( 87%)   0/ 8(  0%)   7/ 8( 87%)    0/2    0/2       4/22( 18%)   


Embedded             Column       Row                                   
Array     Embedded   Interconnect Interconnect         Read/      External  
Block     Cells      Driven       Driven       Clocks  Write    Interconnect


Total dedicated input pins used:                 6/6      (100%)
Total I/O pins used:                             9/53     ( 16%)
Total logic cells used:                         17/576    (  2%)
Total embedded cells used:                       0/24     (  0%)
Total EABs used:                                 0/3      (  0%)
Average fan-in:                                 2.58/4    ( 64%)
Total fan-in:                                  44/2304    (  1%)

Total input pins required:                       6
Total input I/O cell registers required:         0
Total output pins required:                      9
Total output I/O cell registers required:        0
Total buried I/O cell registers required:        0
Total bidirectional pins required:               0
Total reserved pins required                     0
Total logic cells required:                     17
Total flipflops required:                        0
Total packed registers required:                 0
Total logic cells in carry chains:               0
Total number of carry chains:                    0
Total logic cells in cascade chains:             0
Total number of cascade chains:                  0
Total single-pin Clock Enables required:         0
Total single-pin Output Enables required:        0

Synthesized logic cells:                         5/ 576   (  0%)

Logic Cell and Embedded Cell Counts

Column:  01  02  03  04  05  06  07  08  09  10  11  12  EA  13  14  15  16  17  18  19  20  21  22  23  24  Total(LC/EC)
 A:      0   0   0   0   0   0   0   0   0   0   0   0   0   0   0   0   0   0   0   0   0   0   0   0   0      0/0  
 B:      1   0   0   0   0   0   1   8   0   0   7   0   0   0   0   0   0   0   0   0   0   0   0   0   0     17/0  
 C:      0   0   0   0   0   0   0   0   0   0   0   0   0   0   0   0   0   0   0   0   0   0   0   0   0      0/0  

Total:   1   0   0   0   0   0   1   8   0   0   7   0   0   0   0   0   0   0   0   0   0   0   0   0   0     17/0  



Device-Specific Information:           e:\vhdldesigns\ee231\15mips\control.rpt
control

** INPUTS **

                                                    Fan-In    Fan-Out
 Pin     LC     EC   Row  Col  Primitive    Code      INP  FBK  OUT  FBK  Name
   2      -     -    -    --      INPUT                0    0    0    1  Opcode0
  42      -     -    -    --      INPUT                0    0    0    1  Opcode1
  43      -     -    -    --      INPUT                0    0    0    1  Opcode2
   1      -     -    -    --      INPUT                0    0    0    1  Opcode3
  44      -     -    -    --      INPUT                0    0    0    1  Opcode4
  84      -     -    -    --      INPUT                0    0    0    1  Opcode5


Code:

s = Synthesized pin or logic cell
+ = Synchronous flipflop
/ = Slow slew-rate output
! = NOT gate push-back
r = Fitter-inserted logic cell
@ = Uses single-pin Clock Enable
& = Uses single-pin Output Enable


Device-Specific Information:           e:\vhdldesigns\ee231\15mips\control.rpt
control

** OUTPUTS **

       Fed By Fed By                                Fan-In    Fan-Out
 Pin     LC     EC   Row  Col  Primitive    Code      INP  FBK  OUT  FBK  Name
  25      -     -    B    --     OUTPUT                0    1    0    0  ALUop0
  65      -     -    B    --     OUTPUT                0    1    0    0  ALUop1
  23      -     -    B    --     OUTPUT                0    1    0    0  ALUSrc
  67      -     -    B    --     OUTPUT                0    1    0    0  Branch
  24      -     -    B    --     OUTPUT                0    1    0    0  MemRead
  66      -     -    B    --     OUTPUT                0    1    0    0  MemtoReg
  21      -     -    B    --     OUTPUT                0    1    0    0  MemWrite
  64      -     -    B    --     OUTPUT                0    1    0    0  RegDst
  22      -     -    B    --     OUTPUT                0    1    0    0  RegWrite


Code:

s = Synthesized pin or logic cell
+ = Synchronous flipflop
/ = Slow slew-rate output
! = NOT gate push-back
r = Fitter-inserted logic cell
@ = Uses single-pin Clock Enable
& = Uses single-pin Output Enable


Device-Specific Information:           e:\vhdldesigns\ee231\15mips\control.rpt
control

** BURIED LOGIC **

                                                    Fan-In    Fan-Out
 IOC     LC     EC   Row  Col  Primitive    Code      INP  FBK  OUT  FBK  Name
   -      1     -    B    01      LCELL                1    0    0    2  Op_Buf0
   -      3     -    B    08      LCELL                1    0    0    2  Op_Buf1
   -      7     -    B    11      LCELL                1    0    0    8  Op_Buf2
   -      5     -    B    11      LCELL                1    0    0    8  Op_Buf3
   -      1     -    B    07      LCELL                1    0    0    2  Op_Buf4
   -      7     -    B    08      LCELL                1    0    0    5  Op_Buf5
   -      4     -    B    08       AND2    s           0    3    0    4  ~195~1
   -      6     -    B    08       AND2    s           0    4    1    0  ~195~2
   -      5     -    B    08       AND2                0    4    1    1  :195
   -      2     -    B    08       AND2    s           0    4    0    4  ~215~1
   -      3     -    B    11       AND2    s           0    3    1    0  ~215~2
   -      6     -    B    11       AND2                0    3    1    2  :215
   -      1     -    B    11       AND2                0    3    1    0  :235
   -      1     -    B    08       AND2    s           0    4    1    0  ~255~1
   -      8     -    B    08       AND2                0    4    1    0  :255
   -      4     -    B    11        OR2                0    4    1    0  :275
   -      2     -    B    11        OR2                0    2    1    0  :277


Code:

s = Synthesized pin or logic cell
+ = Synchronous flipflop
/ = Slow slew-rate output
! = NOT gate push-back
r = Fitter-inserted logic cell
p = Packed register


Device-Specific Information:           e:\vhdldesigns\ee231\15mips\control.rpt
control

** FASTTRACK INTERCONNECT UTILIZATION **

Row FastTrack Interconnect:

          Global         Left Half-      Right Half-
         FastTrack       FastTrack       FastTrack 
Row     Interconnect    Interconnect    Interconnect    Input Pins     Output Pins     Bidir Pins
A:       0/ 96(  0%)     0/ 48(  0%)     0/ 48(  0%)    0/16(  0%)      0/16(  0%)     0/16(  0%)
B:       6/ 96(  6%)     8/ 48( 16%)     0/ 48(  0%)    0/16(  0%)      9/16( 56%)     0/16(  0%)
C:       0/ 96(  0%)     0/ 48(  0%)     0/ 48(  0%)    0/16(  0%)      0/16(  0%)     0/16(  0%)


Column FastTrack Interconnect:

         FastTrack                                 
Column  Interconnect    Input Pins     Output Pins     Bidir Pins
01:      0/24(  0%)     0/4(  0%)      0/4(  0%)       0/4(  0%)
02:      0/24(  0%)     0/4(  0%)      0/4(  0%)       0/4(  0%)
03:      0/24(  0%)     0/4(  0%)      0/4(  0%)       0/4(  0%)
04:      0/24(  0%)     0/4(  0%)      0/4(  0%)       0/4(  0%)
05:      0/24(  0%)     0/4(  0%)      0/4(  0%)       0/4(  0%)
06:      0/24(  0%)     0/4(  0%)      0/4(  0%)       0/4(  0%)
07:      0/24(  0%)     0/4(  0%)      0/4(  0%)       0/4(  0%)
08:      0/24(  0%)     0/4(  0%)      0/4(  0%)       0/4(  0%)
09:      0/24(  0%)     0/4(  0%)      0/4(  0%)       0/4(  0%)
10:      0/24(  0%)     0/4(  0%)      0/4(  0%)       0/4(  0%)
11:      0/24(  0%)     0/4(  0%)      0/4(  0%)       0/4(  0%)
12:      0/24(  0%)     0/4(  0%)      0/4(  0%)       0/4(  0%)
13:      0/24(  0%)     0/4(  0%)      0/4(  0%)       0/4(  0%)
14:      0/24(  0%)     0/4(  0%)      0/4(  0%)       0/4(  0%)
15:      0/24(  0%)     0/4(  0%)      0/4(  0%)       0/4(  0%)
16:      0/24(  0%)     0/4(  0%)      0/4(  0%)       0/4(  0%)
17:      0/24(  0%)     0/4(  0%)      0/4(  0%)       0/4(  0%)
18:      0/24(  0%)     0/4(  0%)      0/4(  0%)       0/4(  0%)
19:      0/24(  0%)     0/4(  0%)      0/4(  0%)       0/4(  0%)
20:      0/24(  0%)     0/4(  0%)      0/4(  0%)       0/4(  0%)
21:      0/24(  0%)     0/4(  0%)      0/4(  0%)       0/4(  0%)
22:      0/24(  0%)     0/4(  0%)      0/4(  0%)       0/4(  0%)
23:      0/24(  0%)     0/4(  0%)      0/4(  0%)       0/4(  0%)
24:      0/24(  0%)     0/4(  0%)      0/4(  0%)       0/4(  0%)
EA:      0/24(  0%)     0/4(  0%)      0/4(  0%)       0/4(  0%)


Device-Specific Information:           e:\vhdldesigns\ee231\15mips\control.rpt
control

** EQUATIONS **

Opcode0  : INPUT;
Opcode1  : INPUT;
Opcode2  : INPUT;
Opcode3  : INPUT;
Opcode4  : INPUT;
Opcode5  : INPUT;

-- Node name is 'ALUop0' 
-- Equation name is 'ALUop0', type is output 
ALUop0   =  _LC8_B8;

-- Node name is 'ALUop1' 
-- Equation name is 'ALUop1', type is output 
ALUop1   =  _LC5_B8;

-- Node name is 'ALUSrc' 
-- Equation name is 'ALUSrc', type is output 
ALUSrc   =  _LC4_B11;

-- Node name is 'Branch' 
-- Equation name is 'Branch', type is output 
Branch   =  _LC1_B8;

-- Node name is 'MemRead' 
-- Equation name is 'MemRead', type is output 
MemRead  =  _LC6_B11;

-- Node name is 'MemtoReg' 
-- Equation name is 'MemtoReg', type is output 
MemtoReg =  _LC3_B11;

-- Node name is 'MemWrite' 
-- Equation name is 'MemWrite', type is output 
MemWrite =  _LC1_B11;

-- Node name is 'Op_Buf0' 
-- Equation name is 'Op_Buf0', location is LC1_B1, type is buried.
Op_Buf0  = LCELL( Opcode0);

-- Node name is 'Op_Buf1' 
-- Equation name is 'Op_Buf1', location is LC3_B8, type is buried.
Op_Buf1  = LCELL( Opcode1);

-- Node name is 'Op_Buf2' 
-- Equation name is 'Op_Buf2', location is LC7_B11, type is buried.
Op_Buf2  = LCELL( Opcode2);

-- Node name is 'Op_Buf3' 
-- Equation name is 'Op_Buf3', location is LC5_B11, type is buried.
Op_Buf3  = LCELL( Opcode3);

-- Node name is 'Op_Buf4' 
-- Equation name is 'Op_Buf4', location is LC1_B7, type is buried.
Op_Buf4  = LCELL( Opcode4);

-- Node name is 'Op_Buf5' 
-- Equation name is 'Op_Buf5', location is LC7_B8, type is buried.
Op_Buf5  = LCELL( Opcode5);

-- Node name is 'RegDst' 
-- Equation name is 'RegDst', type is output 
RegDst   =  _LC6_B8;

-- Node name is 'RegWrite' 
-- Equation name is 'RegWrite', type is output 
RegWrite =  _LC2_B11;

-- Node name is '~195~1' 
-- Equation name is '~195~1', location is LC4_B8, type is buried.
-- synthesized logic cell 
_LC4_B8  = LCELL( _EQ001);
  _EQ001 = !Op_Buf0 & !Op_Buf1 & !Op_Buf4;

-- Node name is '~195~2' 
-- Equation name is '~195~2', location is LC6_B8, type is buried.
-- synthesized logic cell 
_LC6_B8  = LCELL( _EQ002);
  _EQ002 =  _LC4_B8 & !Op_Buf2 & !Op_Buf3 & !Op_Buf5;

-- Node name is ':195' 
-- Equation name is '_LC5_B8', type is buried 
_LC5_B8  = LCELL( _EQ003);
  _EQ003 =  _LC4_B8 & !Op_Buf2 & !Op_Buf3 & !Op_Buf5;

-- Node name is '~215~1' 
-- Equation name is '~215~1', location is LC2_B8, type is buried.
-- synthesized logic cell 
_LC2_B8  = LCELL( _EQ004);
  _EQ004 =  Op_Buf0 &  Op_Buf1 & !Op_Buf4 &  Op_Buf5;

-- Node name is '~215~2' 
-- Equation name is '~215~2', location is LC3_B11, type is buried.
-- synthesized logic cell 
_LC3_B11 = LCELL( _EQ005);
  _EQ005 =  _LC2_B8 & !Op_Buf2 & !Op_Buf3;

-- Node name is ':215' 
-- Equation name is '_LC6_B11', type is buried 
_LC6_B11 = LCELL( _EQ006);
  _EQ006 =  _LC2_B8 & !Op_Buf2 & !Op_Buf3;

-- Node name is ':235' 
-- Equation name is '_LC1_B11', type is buried 
_LC1_B11 = LCELL( _EQ007);
  _EQ007 =  _LC2_B8 & !Op_Buf2 &  Op_Buf3;

-- Node name is '~255~1' 
-- Equation name is '~255~1', location is LC1_B8, type is buried.
-- synthesized logic cell 
_LC1_B8  = LCELL( _EQ008);
  _EQ008 =  _LC4_B8 &  Op_Buf2 & !Op_Buf3 & !Op_Buf5;

-- Node name is ':255' 
-- Equation name is '_LC8_B8', type is buried 
_LC8_B8  = LCELL( _EQ009);
  _EQ009 =  _LC4_B8 &  Op_Buf2 & !Op_Buf3 & !Op_Buf5;

-- Node name is ':275' 
-- Equation name is '_LC4_B11', type is buried 
_LC4_B11 = LCELL( _EQ010);
  _EQ010 =  _LC2_B8 & !Op_Buf2 &  Op_Buf3
         #  _LC6_B11;

-- Node name is ':277' 
-- Equation name is '_LC2_B11', type is buried 
_LC2_B11 = LCELL( _EQ011);
  _EQ011 =  _LC6_B11
         #  _LC5_B8;



Project Information                    e:\vhdldesigns\ee231\15mips\control.rpt

** COMPILATION SETTINGS & TIMES **

Processing Menu Commands
------------------------

Design Doctor                             = off

Logic Synthesis:

   Synthesis Type Used                    = Multi-Level

   Default Synthesis Style                = NORMAL

      Logic option settings in 'NORMAL' style for 'FLEX10K' family

      CARRY_CHAIN                         = ignore
      CARRY_CHAIN_LENGTH                  = 32
      CASCADE_CHAIN                       = ignore
      CASCADE_CHAIN_LENGTH                = 2
      DECOMPOSE_GATES                     = on
      DUPLICATE_LOGIC_EXTRACTION          = on
      MINIMIZATION                        = full
      MULTI_LEVEL_FACTORING               = on
      NOT_GATE_PUSH_BACK                  = on
      REDUCE_LOGIC                        = on
      REFACTORIZATION                     = on
      REGISTER_OPTIMIZATION               = on
      RESYNTHESIZE_NETWORK                = on
      SLOW_SLEW_RATE                      = off
      SUBFACTOR_EXTRACTION                = on
      IGNORE_SOFT_BUFFERS                 = on
      USE_LPM_FOR_AHDL_OPERATORS          = off

   Other logic synthesis settings:

      Automatic Global Clock              = on
      Automatic Global Clear              = on
      Automatic Global Preset             = on
      Automatic Global Output Enable      = on
      Automatic Fast I/O                  = off
      Automatic Register Packing          = off
      Automatic Open-Drain Pins           = on
      Automatic Implement in EAB          = off
      Optimize                            = 5

Default Timing Specifications: None

Cut All Bidir Feedback Timing Paths       = on
Cut All Clear & Preset Timing Paths       = on

Ignore Timing Assignments                 = on

Functional SNF Extractor                  = off

Linked SNF Extractor                      = off
Timing SNF Extractor                      = on
Optimize Timing SNF                       = off
Generate AHDL TDO File                    = off
Fitter Settings                           = NORMAL
Use Quartus Fitter                        = on
Smart Recompile                           = off
Total Recompile                           = off

Interfaces Menu Commands
------------------------

EDIF Netlist Writer                       = off
Verilog Netlist Writer                    = off
VHDL Netlist Writer                       = off

Compilation Times
-----------------

   Compiler Netlist Extractor             00:00:00
   Database Builder                       00:00:00
   Logic Synthesizer                      00:00:01
   Partitioner                            00:00:00
   Fitter                                 00:00:03
   Timing SNF Extractor                   00:00:00
   Assembler                              00:00:00
   --------------------------             --------
   Total Time                             00:00:04


Memory Allocated
-----------------

Peak memory allocated during compilation  = 11,375K
