Project Information                             c:\booksoft\chap5\char_rom.rpt

MAX+plus II Compiler Report File
Version 9.23 3/19/99
Compiled: 05/19/1999 14:26:44

Copyright (C) 1988-1999 Altera Corporation
Any megafunction design, and related net list (encrypted or decrypted),
support information, device programming or simulation file, and any other
associated documentation or information provided by Altera or a partner
under Altera's Megafunction Partnership Program may be used only to
program PLD devices (but not masked PLD devices) from Altera.  Any other
use of such megafunction design, net list, support information, device
programming or simulation file, or any other related documentation or
information is prohibited for any other purpose, including, but not
limited to modification, reverse engineering, de-compiling, or use with
any other silicon devices, unless such use is explicitly licensed under
a separate agreement with Altera or a megafunction partner.  Title to
the intellectual property, including patents, copyrights, trademarks,
trade secrets, or maskworks, embodied in any such megafunction design,
net list, support information, device programming or simulation file, or
any other related documentation or information provided by Altera or a
megafunction partner, remains with Altera, the megafunction partner, or
their respective licensors.  No other licenses, including any licenses
needed under any third party's intellectual property, are provided herein.



***** Project compilation was successful


CHAR_ROM


** DEVICE SUMMARY **

Chip/                     Input Output Bidir  Memory  Memory  			 LCs
POF       Device          Pins  Pins   Pins   Bits % Utilized  LCs  % Utilized

char_rom  EPF10K20RC240-3  12     1      0    4096      33 %    6        0  %

User Pins:                 12     1      0  



Project Information                             c:\booksoft\chap5\char_rom.rpt

** EMBEDDED ARRAYS **


|LPM_ROM:char_gen_rom|altrom:srom|content: MEMORY (
               width        =    8;
               depth        =  512;
               segmentsize  =  512;
               mode         = MEM_READONLY#MEM_INITIALIZED;
               file         = "tcgrom.mif";
         )
         OF SEGMENTS (
               |LPM_ROM:char_gen_rom|altrom:srom|segment0_7,
               |LPM_ROM:char_gen_rom|altrom:srom|segment0_6,
               |LPM_ROM:char_gen_rom|altrom:srom|segment0_5,
               |LPM_ROM:char_gen_rom|altrom:srom|segment0_4,
               |LPM_ROM:char_gen_rom|altrom:srom|segment0_3,
               |LPM_ROM:char_gen_rom|altrom:srom|segment0_2,
               |LPM_ROM:char_gen_rom|altrom:srom|segment0_1,
               |LPM_ROM:char_gen_rom|altrom:srom|segment0_0
);




Project Information                             c:\booksoft\chap5\char_rom.rpt

** FILE HIERARCHY **



|lpm_rom:char_gen_rom|
|lpm_rom:char_gen_rom|altrom:srom|


Device-Specific Information:                    c:\booksoft\chap5\char_rom.rpt
char_rom

***** Logic for device 'char_rom' compiled without errors.




Device: EPF10K20RC240-3

FLEX 10K Configuration Scheme: Passive Serial

Device Options:
    User-Supplied Start-Up Clock               = OFF
    Auto-Restart Configuration on Frame Error  = OFF
    Release Clears Before Tri-States           = OFF
    Enable Chip_Wide Reset                     = OFF
    Enable Chip-Wide Output Enable             = OFF
    Enable INIT_DONE Output                    = OFF
    JTAG User Code                             = 7f

                                                                                    c                                                 c   c c    
                                                                                    h                                                 h   h h    
                                                                                    a                                                 a   a a    
                                                                                    r                                                 r   r r    
                                                                                    a                                                 a   a a    
                                                                                    c                                                 c   c c    
                                                                                    t                                                 t   t t    
                                                                                    e                                                 e   e e    
                                                                                    r                                                 r   r r    
                          f                                                     f f _                                                 _   _ _    
                        R o R R R R R R   R R R R R R R   R R R R R R R   R R R o o a R R R R   R R R R R R R   R R R R R R R   R R R a R a a R  
                        E n E E E E E E   E E E E E E E   E E E E E E E   E E E n n d E E E E   E E E E E E E   E E E E E E E   E E E d E d d E  
                        S t S S S S S S G S S S S S S S V S S S S S S S G S S S t t d S S S S V S S S S S S S G S S S S S S S V S S S d S d d S  
                        E _ E E E E E E N E E E E E E E C E E E E E E E N E E E _ _ r E E E E C E E E E E E E N E E E E E E E C E E E r E r r E  
                        R c R R R R R R D R R R R R R R C R R R R R R R D R R R r c e R R R R C R R R R R R R D R R R R R R R C R R R e R e e R  
                        V o V V V V V V I V V V V V V V I V V V V V V V I V V V o o s V V V V I V V V V V V V I V V V V V V V I V V V s V s s V  
                        E l E E E E E E N E E E E E E E N E E E E E E E N E E E w l s E E E E N E E E E E E E N E E E E E E E N E E E s E s s E  
                        D 1 D D D D D D T D D D D D D D T D D D D D D D T D D D 1 0 0 D D D D T D D D D D D D T D D D D D D D T D D D 2 D 5 4 D  
                      --------------------------------------------------------------------------------------------------------------------------_ 
                     / 240 238 236 234 232 230 228 226 224 222 220 218 216 214 212 210 208 206 204 202 200 198 196 194 192 190 188 186 184 182   |_ 
                    /    239 237 235 233 231 229 227 225 223 221 219 217 215 213 211 209 207 205 203 201 199 197 195 193 191 189 187 185 183 181    | 
              #TCK |  1                                                                                                                         180 | ^DATA0 
        ^CONF_DONE |  2                                                                                                                         179 | ^DCLK 
             ^nCEO |  3                                                                                                                         178 | ^nCE 
              #TDO |  4                                                                                                                         177 | #TDI 
            VCCINT |  5                                                                                                                         176 | GNDINT 
          RESERVED |  6                                                                                                                         175 | RESERVED 
          RESERVED |  7                                                                                                                         174 | RESERVED 
          RESERVED |  8                                                                                                                         173 | RESERVED 
         font_col2 |  9                                                                                                                         172 | rom_mux_output 
            GNDINT | 10                                                                                                                         171 | RESERVED 
          RESERVED | 11                                                                                                                         170 | VCCINT 
          RESERVED | 12                                                                                                                         169 | RESERVED 
          RESERVED | 13                                                                                                                         168 | RESERVED 
          RESERVED | 14                                                                                                                         167 | RESERVED 
          RESERVED | 15                                                                                                                         166 | RESERVED 
            VCCINT | 16                                                                                                                         165 | GNDINT 
          RESERVED | 17                                                                                                                         164 | RESERVED 
          RESERVED | 18                                                                                                                         163 | RESERVED 
          RESERVED | 19                                                                                                                         162 | RESERVED 
          RESERVED | 20                                                                                                                         161 | RESERVED 
          RESERVED | 21                                                                                                                         160 | VCCINT 
            GNDINT | 22                                                                                                                         159 | RESERVED 
          RESERVED | 23                                                                                                                         158 | RESERVED 
          RESERVED | 24                                                                                                                         157 | RESERVED 
          RESERVED | 25                                                                                                                         156 | RESERVED 
          RESERVED | 26                                                                                                                         155 | GNDINT 
            VCCINT | 27                                                                                                                         154 | RESERVED 
          RESERVED | 28                                                                                                                         153 | RESERVED 
          RESERVED | 29                                                                                                                         152 | RESERVED 
          RESERVED | 30                                                                                                                         151 | RESERVED 
          RESERVED | 31                                                     EPF10K20RC240-3                                                     150 | VCCINT 
            GNDINT | 32                                                                                                                         149 | RESERVED 
          RESERVED | 33                                                                                                                         148 | RESERVED 
          RESERVED | 34                                                                                                                         147 | RESERVED 
          RESERVED | 35                                                                                                                         146 | RESERVED 
          RESERVED | 36                                                                                                                         145 | GNDINT 
            VCCINT | 37                                                                                                                         144 | RESERVED 
          RESERVED | 38                                                                                                                         143 | RESERVED 
          RESERVED | 39                                                                                                                         142 | RESERVED 
          RESERVED | 40                                                                                                                         141 | RESERVED 
          RESERVED | 41                                                                                                                         140 | VCCINT 
            GNDINT | 42                                                                                                                         139 | RESERVED 
          RESERVED | 43                                                                                                                         138 | RESERVED 
          RESERVED | 44                                                                                                                         137 | RESERVED 
          RESERVED | 45                                                                                                                         136 | RESERVED 
          RESERVED | 46                                                                                                                         135 | GNDINT 
            VCCINT | 47                                                                                                                         134 | RESERVED 
          RESERVED | 48                                                                                                                         133 | RESERVED 
          RESERVED | 49                                                                                                                         132 | RESERVED 
          RESERVED | 50                                                                                                                         131 | RESERVED 
          RESERVED | 51                                                                                                                         130 | VCCINT 
            GNDINT | 52                                                                                                                         129 | RESERVED 
          RESERVED | 53                                                                                                                         128 | RESERVED 
          RESERVED | 54                                                                                                                         127 | RESERVED 
          RESERVED | 55                                                                                                                         126 | RESERVED 
          RESERVED | 56                                                                                                                         125 | GNDINT 
            VCCINT | 57                                                                                                                         124 | ^MSEL0 
              #TMS | 58                                                                                                                         123 | ^MSEL1 
             #TRST | 59                                                                                                                         122 | VCCINT 
          ^nSTATUS | 60                                                                                                                         121 | ^nCONFIG 
                   |      62  64  66  68  70  72  74  76  78  80  82  84  86  88  90  92  94  96  98 100 102 104 106 108 110 112 114 116 118 120  _| 
                    \   61  63  65  67  69  71  73  75  77  79  81  83  85  87  89  91  93  95  97  99 101 103 105 107 109 111 113 115 117 119   | 
                     \--------------------------------------------------------------------------------------------------------------------------- 
                        R R R R R R R R G R R R R R R R V R R R R R R R G R R R V f f c G R R V R R R R R R R G R R R R R R R V R R R R R R c R  
                        E E E E E E E E N E E E E E E E C E E E E E E E N E E E C o o h N E E C E E E E E E E N E E E E E E E C E E E E E E h E  
                        S S S S S S S S D S S S S S S S C S S S S S S S D S S S C n n a D S S C S S S S S S S D S S S S S S S C S S S S S S a S  
                        E E E E E E E E I E E E E E E E I E E E E E E E I E E E I t t r I E E I E E E E E E E I E E E E E E E I E E E E E E r E  
                        R R R R R R R R N R R R R R R R N R R R R R R R N R R R N _ _ a N R R N R R R R R R R N R R R R R R R N R R R R R R a R  
                        V V V V V V V V T V V V V V V V T V V V V V V V T V V V T r r c T V V T V V V V V V V T V V V V V V V T V V V V V V c V  
                        E E E E E E E E   E E E E E E E   E E E E E E E   E E E   o o t   E E   E E E E E E E   E E E E E E E   E E E E E E t E  
                        D D D D D D D D   D D D D D D D   D D D D D D D   D D D   w w e   D D   D D D D D D D   D D D D D D D   D D D D D D e D  
                                                                                  2 0 r                                                     r    
                                                                                      _                                                     _    
                                                                                      a                                                     a    
                                                                                      d                                                     d    
                                                                                      d                                                     d    
                                                                                      r                                                     r    
                                                                                      e                                                     e    
                                                                                      s                                                     s    
                                                                                      s                                                     s    
                                                                                      1                                                     3    


N.C. = No Connect, This pin has no internal connection to the device.
VCCINT = Dedicated power pin, which MUST be connected to VCC (5.0 volts).
VCCIO = Dedicated power pin, which MUST be connected to VCC (5.0 volts).
GNDINT = Dedicated ground pin or unused dedicated input, which MUST be connected to GND.
GNDIO = Dedicated ground pin, which MUST be connected to GND.
RESERVED = Unused I/O pin, which MUST be left unconnected.

^ = Dedicated configuration pin.
+ = Reserved configuration pin, which is tri-stated during user mode.
* = Reserved configuration pin, which drives out in user mode.
PDn = Power Down pin. 
@ = Special-purpose pin. 
# = JTAG Boundary-Scan Testing/In-System Programming or Configuration Pin. The JTAG inputs TMS and TDI should be tied to VCC and TCK should be tied to GND when not in use.
& = JTAG pin used for I/O. When used as user I/O, JTAG pins must be kept stable before and during configuration.  JTAG pin stability prevents accidental loading of JTAG instructions.


Device-Specific Information:                    c:\booksoft\chap5\char_rom.rpt
char_rom

** RESOURCE USAGE **

Logic                Column       Row                                   
Array                Interconnect Interconnect         Clears/     External  
Block   Logic Cells  Driven       Driven       Clocks  Presets   Interconnect
A1       5/ 8( 62%)   0/ 8(  0%)   1/ 8( 12%)    0/2    0/2      10/22( 45%)   
B2       1/ 8( 12%)   1/ 8( 12%)   0/ 8(  0%)    0/2    0/2       3/22( 13%)   


Embedded             Column       Row                                   
Array     Embedded   Interconnect Interconnect         Read/      External  
Block     Cells      Driven       Driven       Clocks  Write    Interconnect
A25      8/8 (100%)   0/8 (  0%)   4/8 ( 50%)    0/2    2/2       9/22( 40%)   
B25      8/8 (100%)   2/8 ( 25%)   2/8 ( 25%)    0/2    2/2       9/22( 40%)   


Total dedicated input pins used:                 6/6      (100%)
Total I/O pins used:                             7/183    (  3%)
Total logic cells used:                          6/1152   (  0%)
Total embedded cells used:                      16/48     ( 33%)
Total EABs used:                                 2/6      ( 33%)
Average fan-in:                                 3.50/4    ( 87%)
Total fan-in:                                  21/4608    (  0%)

Total input pins required:                      12
Total input I/O cell registers required:         0
Total output pins required:                      1
Total output I/O cell registers required:        0
Total buried I/O cell registers required:        0
Total bidirectional pins required:               0
Total reserved pins required                     0
Total logic cells required:                      6
Total flipflops required:                        0
Total packed registers required:                 0
Total logic cells in carry chains:               0
Total number of carry chains:                    0
Total logic cells in cascade chains:             0
Total number of cascade chains:                  0
Total single-pin Clock Enables required:         0
Total single-pin Output Enables required:        0

Synthesized logic cells:                         0/1152   (  0%)

Logic Cell and Embedded Cell Counts

Column:  01  02  03  04  05  06  07  08  09  10  11  12  EA  13  14  15  16  17  18  19  20  21  22  23  24  Total(LC/EC)
 A:      5   0   0   0   0   0   0   0   0   0   0   0   8   0   0   0   0   0   0   0   0   0   0   0   0      5/8  
 B:      0   1   0   0   0   0   0   0   0   0   0   0   8   0   0   0   0   0   0   0   0   0   0   0   0      1/8  
 C:      0   0   0   0   0   0   0   0   0   0   0   0   0   0   0   0   0   0   0   0   0   0   0   0   0      0/0  
 D:      0   0   0   0   0   0   0   0   0   0   0   0   0   0   0   0   0   0   0   0   0   0   0   0   0      0/0  
 E:      0   0   0   0   0   0   0   0   0   0   0   0   0   0   0   0   0   0   0   0   0   0   0   0   0      0/0  
 F:      0   0   0   0   0   0   0   0   0   0   0   0   0   0   0   0   0   0   0   0   0   0   0   0   0      0/0  

Total:   5   1   0   0   0   0   0   0   0   0   0   0  16   0   0   0   0   0   0   0   0   0   0   0   0      6/16 



Device-Specific Information:                    c:\booksoft\chap5\char_rom.rpt
char_rom

** INPUTS **

                                                    Fan-In    Fan-Out
 Pin     LC     EC   Row  Col  Primitive    Code      INP  FBK  OUT  FBK  Name
 210      -     -    -    --      INPUT                0    0    0    8  character_address0
  92      -     -    -    --      INPUT                0    0    0    8  character_address1
 185      -     -    -    02      INPUT                0    0    0    8  character_address2
 119      -     -    -    01      INPUT                0    0    0    8  character_address3
 182      -     -    -    01      INPUT                0    0    0    8  character_address4
 183      -     -    -    01      INPUT                0    0    0    8  character_address5
 211      -     -    -    --      INPUT                0    0    0    4  font_col0
 239      -     -    A    --      INPUT                0    0    0    3  font_col1
   9      -     -    A    --      INPUT                0    0    0    1  font_col2
  91      -     -    -    --      INPUT                0    0    0    8  font_row0
 212      -     -    -    --      INPUT                0    0    0    8  font_row1
  90      -     -    -    --      INPUT                0    0    0    8  font_row2


Code:

s = Synthesized pin or logic cell
+ = Synchronous flipflop
/ = Slow slew-rate output
! = NOT gate push-back
r = Fitter-inserted logic cell
@ = Uses single-pin Clock Enable
& = Uses single-pin Output Enable


Device-Specific Information:                    c:\booksoft\chap5\char_rom.rpt
char_rom

** OUTPUTS **

       Fed By Fed By                                Fan-In    Fan-Out
 Pin     LC     EC   Row  Col  Primitive    Code      INP  FBK  OUT  FBK  Name
 172      -     -    A    --     OUTPUT                0    1    0    0  rom_mux_output


Code:

s = Synthesized pin or logic cell
+ = Synchronous flipflop
/ = Slow slew-rate output
! = NOT gate push-back
r = Fitter-inserted logic cell
@ = Uses single-pin Clock Enable
& = Uses single-pin Output Enable


Device-Specific Information:                    c:\booksoft\chap5\char_rom.rpt
char_rom

** BURIED LOGIC **

                                                    Fan-In    Fan-Out
 IOC     LC     EC   Row  Col  Primitive    Code      INP  FBK  OUT  FBK  Name
   -      -     1    A    --   MEM_SGMT                9    0    0    1  |LPM_ROM:char_gen_rom|altrom:srom|segment0_0
   -      -     1    B    --   MEM_SGMT                9    0    0    1  |LPM_ROM:char_gen_rom|altrom:srom|segment0_1
   -      -     2    B    --   MEM_SGMT                9    0    0    1  |LPM_ROM:char_gen_rom|altrom:srom|segment0_2
   -      -     3    B    --   MEM_SGMT                9    0    0    1  |LPM_ROM:char_gen_rom|altrom:srom|segment0_3
   -      -     4    B    --   MEM_SGMT                9    0    0    1  |LPM_ROM:char_gen_rom|altrom:srom|segment0_4
   -      -     2    A    --   MEM_SGMT                9    0    0    1  |LPM_ROM:char_gen_rom|altrom:srom|segment0_5
   -      -     3    A    --   MEM_SGMT                9    0    0    1  |LPM_ROM:char_gen_rom|altrom:srom|segment0_6
   -      -     4    A    --   MEM_SGMT                9    0    0    1  |LPM_ROM:char_gen_rom|altrom:srom|segment0_7
   -      5     -    A    01        OR2                1    3    1    0  :69
   -      1     -    A    01        OR2                1    2    0    1  :72
   -      2     -    A    01        OR2                1    2    0    1  :75
   -      1     -    B    02        OR2                1    2    0    1  :78
   -      3     -    A    01        OR2                2    2    0    1  :82
   -      4     -    A    01        OR2                2    2    0    1  :83


Code:

s = Synthesized pin or logic cell
+ = Synchronous flipflop
/ = Slow slew-rate output
! = NOT gate push-back
r = Fitter-inserted logic cell
p = Packed register


Device-Specific Information:                    c:\booksoft\chap5\char_rom.rpt
char_rom

** FASTTRACK INTERCONNECT UTILIZATION **

Row FastTrack Interconnect:

          Global         Left Half-      Right Half-
         FastTrack       FastTrack       FastTrack 
Row     Interconnect    Interconnect    Interconnect    Input Pins     Output Pins     Bidir Pins
A:       8/ 96(  8%)     6/ 48( 12%)     0/ 48(  0%)    2/16( 12%)      1/16(  6%)     0/16(  0%)
B:       2/ 96(  2%)     4/ 48(  8%)     0/ 48(  0%)    0/16(  0%)      0/16(  0%)     0/16(  0%)
C:       0/ 96(  0%)     0/ 48(  0%)     0/ 48(  0%)    0/16(  0%)      0/16(  0%)     0/16(  0%)
D:       0/ 96(  0%)     0/ 48(  0%)     0/ 48(  0%)    0/16(  0%)      0/16(  0%)     0/16(  0%)
E:       0/ 96(  0%)     0/ 48(  0%)     0/ 48(  0%)    0/16(  0%)      0/16(  0%)     0/16(  0%)
F:       0/ 96(  0%)     0/ 48(  0%)     0/ 48(  0%)    0/16(  0%)      0/16(  0%)     0/16(  0%)


Column FastTrack Interconnect:

         FastTrack                                 
Column  Interconnect    Input Pins     Output Pins     Bidir Pins
01:      4/24( 16%)     3/4( 75%)      0/4(  0%)       0/4(  0%)
02:      1/24(  4%)     1/4( 25%)      0/4(  0%)       0/4(  0%)
03:      0/24(  0%)     0/4(  0%)      0/4(  0%)       0/4(  0%)
04:      0/24(  0%)     0/4(  0%)      0/4(  0%)       0/4(  0%)
05:      0/24(  0%)     0/4(  0%)      0/4(  0%)       0/4(  0%)
06:      0/24(  0%)     0/4(  0%)      0/4(  0%)       0/4(  0%)
07:      0/24(  0%)     0/4(  0%)      0/4(  0%)       0/4(  0%)
08:      0/24(  0%)     0/4(  0%)      0/4(  0%)       0/4(  0%)
09:      0/24(  0%)     0/4(  0%)      0/4(  0%)       0/4(  0%)
10:      0/24(  0%)     0/4(  0%)      0/4(  0%)       0/4(  0%)
11:      0/24(  0%)     0/4(  0%)      0/4(  0%)       0/4(  0%)
12:      0/24(  0%)     0/4(  0%)      0/4(  0%)       0/4(  0%)
13:      0/24(  0%)     0/4(  0%)      0/4(  0%)       0/4(  0%)
14:      0/24(  0%)     0/4(  0%)      0/4(  0%)       0/4(  0%)
15:      0/24(  0%)     0/4(  0%)      0/4(  0%)       0/4(  0%)
16:      0/24(  0%)     0/4(  0%)      0/4(  0%)       0/4(  0%)
17:      0/24(  0%)     0/4(  0%)      0/4(  0%)       0/4(  0%)
18:      0/24(  0%)     0/4(  0%)      0/4(  0%)       0/4(  0%)
19:      0/24(  0%)     0/4(  0%)      0/4(  0%)       0/4(  0%)
20:      0/24(  0%)     0/4(  0%)      0/4(  0%)       0/4(  0%)
21:      0/24(  0%)     0/4(  0%)      0/4(  0%)       0/4(  0%)
22:      0/24(  0%)     0/4(  0%)      0/4(  0%)       0/4(  0%)
23:      0/24(  0%)     0/4(  0%)      0/4(  0%)       0/4(  0%)
24:      0/24(  0%)     0/4(  0%)      0/4(  0%)       0/4(  0%)
EA:      2/24(  8%)     0/4(  0%)      0/4(  0%)       0/4(  0%)


Device-Specific Information:                    c:\booksoft\chap5\char_rom.rpt
char_rom

** EQUATIONS **

character_address0 : INPUT;
character_address1 : INPUT;
character_address2 : INPUT;
character_address3 : INPUT;
character_address4 : INPUT;
character_address5 : INPUT;
font_col0 : INPUT;
font_col1 : INPUT;
font_col2 : INPUT;
font_row0 : INPUT;
font_row1 : INPUT;
font_row2 : INPUT;

-- Node name is 'rom_mux_output' 
-- Equation name is 'rom_mux_output', type is output 
rom_mux_output =  _LC5_A1;

-- Node name is ':69' 
-- Equation name is '_LC5_A1', type is buried 
_LC5_A1  = LCELL( _EQ001);
  _EQ001 = !font_col2 &  _LC4_A1
         # !font_col2 &  _LC3_A1
         #  font_col2 &  _LC1_A1;

-- Node name is ':72' 
-- Equation name is '_LC1_A1', type is buried 
_LC1_A1  = LCELL( _EQ002);
  _EQ002 = !font_col1 &  _LC1_B2
         #  font_col1 &  _LC2_A1;

-- Node name is ':75' 
-- Equation name is '_LC2_A1', type is buried 
_LC2_A1  = LCELL( _EQ003);
  _EQ003 =  _EC1_A &  font_col0
         #  _EC1_B & !font_col0;

-- Node name is ':78' 
-- Equation name is '_LC1_B2', type is buried 
_LC1_B2  = LCELL( _EQ004);
  _EQ004 =  _EC2_B &  font_col0
         #  _EC3_B & !font_col0;

-- Node name is ':82' 
-- Equation name is '_LC3_A1', type is buried 
_LC3_A1  = LCELL( _EQ005);
  _EQ005 =  _EC4_B &  font_col0 &  font_col1
         #  _EC2_A & !font_col0 &  font_col1;

-- Node name is ':83' 
-- Equation name is '_LC4_A1', type is buried 
_LC4_A1  = LCELL( _EQ006);
  _EQ006 =  _EC3_A &  font_col0 & !font_col1
         #  _EC4_A & !font_col0 & !font_col1;

-- Node name is '|LPM_ROM:char_gen_rom|altrom:srom|segment0_0' from file "altrom.tdf" line 92, column 11
-- Equation name is '_EC1_A', type is memory 
_EC1_A   = MEMORY_SEGMENT( VCC, VCC, VCC, GND, VCC, font_row0, font_row1, font_row2, character_address0, character_address1, character_address2, character_address3, character_address4, character_address5, VCC, VCC,);

-- Node name is '|LPM_ROM:char_gen_rom|altrom:srom|segment0_1' from file "altrom.tdf" line 92, column 11
-- Equation name is '_EC1_B', type is memory 
_EC1_B   = MEMORY_SEGMENT( VCC, VCC, VCC, GND, VCC, font_row0, font_row1, font_row2, character_address0, character_address1, character_address2, character_address3, character_address4, character_address5, VCC, VCC,);

-- Node name is '|LPM_ROM:char_gen_rom|altrom:srom|segment0_2' from file "altrom.tdf" line 92, column 11
-- Equation name is '_EC2_B', type is memory 
_EC2_B   = MEMORY_SEGMENT( VCC, VCC, VCC, GND, VCC, font_row0, font_row1, font_row2, character_address0, character_address1, character_address2, character_address3, character_address4, character_address5, VCC, VCC,);

-- Node name is '|LPM_ROM:char_gen_rom|altrom:srom|segment0_3' from file "altrom.tdf" line 92, column 11
-- Equation name is '_EC3_B', type is memory 
_EC3_B   = MEMORY_SEGMENT( VCC, VCC, VCC, GND, VCC, font_row0, font_row1, font_row2, character_address0, character_address1, character_address2, character_address3, character_address4, character_address5, VCC, VCC,);

-- Node name is '|LPM_ROM:char_gen_rom|altrom:srom|segment0_4' from file "altrom.tdf" line 92, column 11
-- Equation name is '_EC4_B', type is memory 
_EC4_B   = MEMORY_SEGMENT( VCC, VCC, VCC, GND, VCC, font_row0, font_row1, font_row2, character_address0, character_address1, character_address2, character_address3, character_address4, character_address5, VCC, VCC,);

-- Node name is '|LPM_ROM:char_gen_rom|altrom:srom|segment0_5' from file "altrom.tdf" line 92, column 11
-- Equation name is '_EC2_A', type is memory 
_EC2_A   = MEMORY_SEGMENT( VCC, VCC, VCC, GND, VCC, font_row0, font_row1, font_row2, character_address0, character_address1, character_address2, character_address3, character_address4, character_address5, VCC, VCC,);

-- Node name is '|LPM_ROM:char_gen_rom|altrom:srom|segment0_6' from file "altrom.tdf" line 92, column 11
-- Equation name is '_EC3_A', type is memory 
_EC3_A   = MEMORY_SEGMENT( VCC, VCC, VCC, GND, VCC, font_row0, font_row1, font_row2, character_address0, character_address1, character_address2, character_address3, character_address4, character_address5, VCC, VCC,);

-- Node name is '|LPM_ROM:char_gen_rom|altrom:srom|segment0_7' from file "altrom.tdf" line 92, column 11
-- Equation name is '_EC4_A', type is memory 
_EC4_A   = MEMORY_SEGMENT( VCC, VCC, VCC, GND, VCC, font_row0, font_row1, font_row2, character_address0, character_address1, character_address2, character_address3, character_address4, character_address5, VCC, VCC,);



Project Information                             c:\booksoft\chap5\char_rom.rpt

** COMPILATION SETTINGS & TIMES **

Processing Menu Commands
------------------------

Design Doctor                             = off

Logic Synthesis:

   Synthesis Type Used                    = Multi-Level

   Default Synthesis Style                = NORMAL

      Logic option settings in 'NORMAL' style for 'FLEX10K' family

      CARRY_CHAIN                         = ignore
      CARRY_CHAIN_LENGTH                  = 32
      CASCADE_CHAIN                       = ignore
      CASCADE_CHAIN_LENGTH                = 2
      DECOMPOSE_GATES                     = on
      DUPLICATE_LOGIC_EXTRACTION          = on
      MINIMIZATION                        = full
      MULTI_LEVEL_FACTORING               = on
      NOT_GATE_PUSH_BACK                  = on
      REDUCE_LOGIC                        = on
      REFACTORIZATION                     = on
      REGISTER_OPTIMIZATION               = on
      RESYNTHESIZE_NETWORK                = on
      SLOW_SLEW_RATE                      = off
      SUBFACTOR_EXTRACTION                = on
      IGNORE_SOFT_BUFFERS                 = on
      USE_LPM_FOR_AHDL_OPERATORS          = off

   Other logic synthesis settings:

      Automatic Global Clock              = on
      Automatic Global Clear              = on
      Automatic Global Preset             = on
      Automatic Global Output Enable      = on
      Automatic Fast I/O                  = off
      Automatic Register Packing          = off
      Automatic Open-Drain Pins           = on
      Automatic Implement in EAB          = off
      Optimize                            = 5

Default Timing Specifications: None

Cut All Bidir Feedback Timing Paths       = on
Cut All Clear & Preset Timing Paths       = on

Ignore Timing Assignments                 = on

Functional SNF Extractor                  = off

Linked SNF Extractor                      = off
Timing SNF Extractor                      = on
Optimize Timing SNF                       = off
Generate AHDL TDO File                    = off
Fitter Settings                           = NORMAL
Smart Recompile                           = off
Total Recompile                           = off

Interfaces Menu Commands
------------------------

EDIF Netlist Writer                       = off
Verilog Netlist Writer                    = off
VHDL Netlist Writer                       = off

Compilation Times
-----------------

   Compiler Netlist Extractor             00:00:01
   Database Builder                       00:00:00
   Logic Synthesizer                      00:00:00
   Partitioner                            00:00:00
   Fitter                                 00:00:01
   Timing SNF Extractor                   00:00:00
   Assembler                              00:00:00
   --------------------------             --------
   Total Time                             00:00:02


Memory Allocated
-----------------

Peak memory allocated during compilation  = 11,116K
