Project Information                             c:\booksoft\chap5\vga_sync.rpt

MAX+plus II Compiler Report File
Version 10.0 9/14/2000
Compiled: 01/18/2001 14:05:32

Copyright (C) 1988-2000 Altera Corporation
Any megafunction design, and related net list (encrypted or decrypted),
support information, device programming or simulation file, and any other
associated documentation or information provided by Altera or a partner
under Altera's Megafunction Partnership Program may be used only to
program PLD devices (but not masked PLD devices) from Altera.  Any other
use of such megafunction design, net list, support information, device
programming or simulation file, or any other related documentation or
information is prohibited for any other purpose, including, but not
limited to modification, reverse engineering, de-compiling, or use with
any other silicon devices, unless such use is explicitly licensed under
a separate agreement with Altera or a megafunction partner.  Title to
the intellectual property, including patents, copyrights, trademarks,
trade secrets, or maskworks, embodied in any such megafunction design,
net list, support information, device programming or simulation file, or
any other related documentation or information provided by Altera or a
megafunction partner, remains with Altera, the megafunction partner, or
their respective licensors.  No other licenses, including any licenses
needed under any third party's intellectual property, are provided herein.



***** Project compilation was successful


VGA_SYNC


** DEVICE SUMMARY **

Chip/                     Input Output Bidir  Memory  Memory  			 LCs
POF       Device          Pins  Pins   Pins   Bits % Utilized  LCs  % Utilized

vga_sync  EPF10K20RC240-4  4      25     0    0         0  %    79       6  %

User Pins:                 4      25     0  



Project Information                             c:\booksoft\chap5\vga_sync.rpt

** FILE HIERARCHY **



|lpm_add_sub:323|
|lpm_add_sub:323|addcore:adder|
|lpm_add_sub:323|altshift:result_ext_latency_ffs|
|lpm_add_sub:323|altshift:carry_ext_latency_ffs|
|lpm_add_sub:323|altshift:oflow_ext_latency_ffs|
|lpm_add_sub:731|
|lpm_add_sub:731|addcore:adder|
|lpm_add_sub:731|altshift:result_ext_latency_ffs|
|lpm_add_sub:731|altshift:carry_ext_latency_ffs|
|lpm_add_sub:731|altshift:oflow_ext_latency_ffs|


Device-Specific Information:                    c:\booksoft\chap5\vga_sync.rpt
vga_sync

***** Logic for device 'vga_sync' compiled without errors.




Device: EPF10K20RC240-4

FLEX 10K Configuration Scheme: Passive Serial

Device Options:
    User-Supplied Start-Up Clock               = OFF
    Auto-Restart Configuration on Frame Error  = OFF
    Release Clears Before Tri-States           = OFF
    Enable Chip_Wide Reset                     = OFF
    Enable Chip-Wide Output Enable             = OFF
    Enable INIT_DONE Output                    = OFF
    JTAG User Code                             = 7f

                                                                                                                                             
                    p                                                                                                                        
                    i                                                                                                                        
                    x                                                                                                                        
                    e                                                                                                                     p  
                    l g                                                                                                                   i  
                    _ r R R R R R R   R R R R R R R   R R R R R R R   R R R       R R R R   R R R R R R R   R R R R R R R   R R R R R R R x  
                    c e E E E E E E   E E E E E E E   E E E E E E E   E E E       E E E E   E E E E E E E   E E E E E E E   E E E E E E E e  
                    o e S S S S S S G S S S S S S S V S S S S S S S G S S S G G   S S S S V S S S S S S S G S S S S S S S V S S S S S S S l  
                    l n E E E E E E N E E E E E E E C E E E E E E E N E E E N N   E E E E C E E E E E E E N E E E E E E E C E E E E E E E _  
                    u _ R R R R R R D R R R R R R R C R R R R R R R D R R R D D   R R R R C R R R R R R R D R R R R R R R C R R R R R R R r  
                    m o V V V V V V I V V V V V V V I V V V V V V V I V V V I I r V V V V I V V V V V V V I V V V V V V V I V V V V V V V o  
                    n u E E E E E E N E E E E E E E N E E E E E E E N E E E N N e E E E E N E E E E E E E N E E E E E E E N E E E E E E E w  
                    7 t D D D D D D T D D D D D D D T D D D D D D D T D D D T T d D D D D T D D D D D D D T D D D D D D D T D D D D D D D 5  
                  --------------------------------------------------------------------------------------------------------------------------_ 
                 / 240 238 236 234 232 230 228 226 224 222 220 218 216 214 212 210 208 206 204 202 200 198 196 194 192 190 188 186 184 182   |_ 
                /    239 237 235 233 231 229 227 225 223 221 219 217 215 213 211 209 207 205 203 201 199 197 195 193 191 189 187 185 183 181    | 
          #TCK |  1                                                                                                                         180 | ^DATA0 
    ^CONF_DONE |  2                                                                                                                         179 | ^DCLK 
         ^nCEO |  3                                                                                                                         178 | ^nCE 
          #TDO |  4                                                                                                                         177 | #TDI 
        VCCINT |  5                                                                                                                         176 | GNDINT 
       red_out |  6                                                                                                                         175 | blue_out 
    pixel_row8 |  7                                                                                                                         174 | pixel_row7 
 pixel_column9 |  8                                                                                                                         173 | pixel_row0 
    pixel_row3 |  9                                                                                                                         172 | pixel_row6 
        GNDINT | 10                                                                                                                         171 | pixel_row4 
    pixel_row1 | 11                                                                                                                         170 | VCCINT 
 pixel_column8 | 12                                                                                                                         169 | pixel_row9 
      RESERVED | 13                                                                                                                         168 | RESERVED 
      RESERVED | 14                                                                                                                         167 | RESERVED 
      RESERVED | 15                                                                                                                         166 | RESERVED 
        VCCINT | 16                                                                                                                         165 | GNDINT 
      RESERVED | 17                                                                                                                         164 | RESERVED 
      RESERVED | 18                                                                                                                         163 | RESERVED 
      RESERVED | 19                                                                                                                         162 | RESERVED 
      RESERVED | 20                                                                                                                         161 | RESERVED 
      RESERVED | 21                                                                                                                         160 | VCCINT 
        GNDINT | 22                                                                                                                         159 | pixel_column5 
horiz_sync_out | 23                                                                                                                         158 | pixel_column6 
 pixel_column0 | 24                                                                                                                         157 | RESERVED 
 pixel_column3 | 25                                                                                                                         156 | RESERVED 
      RESERVED | 26                                                                                                                         155 | GNDINT 
        VCCINT | 27                                                                                                                         154 | pixel_column1 
 pixel_column2 | 28                                                                                                                         153 | RESERVED 
 pixel_column4 | 29                                                                                                                         152 | RESERVED 
      RESERVED | 30                                                                                                                         151 | RESERVED 
      RESERVED | 31                                                     EPF10K20RC240-4                                                     150 | VCCINT 
        GNDINT | 32                                                                                                                         149 | RESERVED 
      RESERVED | 33                                                                                                                         148 | RESERVED 
      RESERVED | 34                                                                                                                         147 | RESERVED 
      RESERVED | 35                                                                                                                         146 | RESERVED 
      RESERVED | 36                                                                                                                         145 | GNDINT 
        VCCINT | 37                                                                                                                         144 | RESERVED 
      RESERVED | 38                                                                                                                         143 | RESERVED 
      RESERVED | 39                                                                                                                         142 | RESERVED 
      RESERVED | 40                                                                                                                         141 | RESERVED 
      RESERVED | 41                                                                                                                         140 | VCCINT 
        GNDINT | 42                                                                                                                         139 | RESERVED 
      RESERVED | 43                                                                                                                         138 | RESERVED 
      RESERVED | 44                                                                                                                         137 | RESERVED 
      RESERVED | 45                                                                                                                         136 | RESERVED 
      RESERVED | 46                                                                                                                         135 | GNDINT 
        VCCINT | 47                                                                                                                         134 | RESERVED 
      RESERVED | 48                                                                                                                         133 | vert_sync_out 
      RESERVED | 49                                                                                                                         132 | RESERVED 
      RESERVED | 50                                                                                                                         131 | RESERVED 
      RESERVED | 51                                                                                                                         130 | VCCINT 
        GNDINT | 52                                                                                                                         129 | RESERVED 
      RESERVED | 53                                                                                                                         128 | RESERVED 
      RESERVED | 54                                                                                                                         127 | RESERVED 
      RESERVED | 55                                                                                                                         126 | RESERVED 
      RESERVED | 56                                                                                                                         125 | GNDINT 
        VCCINT | 57                                                                                                                         124 | ^MSEL0 
          #TMS | 58                                                                                                                         123 | ^MSEL1 
         #TRST | 59                                                                                                                         122 | VCCINT 
      ^nSTATUS | 60                                                                                                                         121 | ^nCONFIG 
               |      62  64  66  68  70  72  74  76  78  80  82  84  86  88  90  92  94  96  98 100 102 104 106 108 110 112 114 116 118 120  _| 
                \   61  63  65  67  69  71  73  75  77  79  81  83  85  87  89  91  93  95  97  99 101 103 105 107 109 111 113 115 117 119   | 
                 \--------------------------------------------------------------------------------------------------------------------------- 
                    R R R R R R R R G R R R R R R R V R R R R R R R G R R R V b c g G R p V R R R R R R R G R R R R R R R V R R R R R R R R  
                    E E E E E E E E N E E E E E E E C E E E E E E E N E E E C l l r N E i C E E E E E E E N E E E E E E E C E E E E E E E E  
                    S S S S S S S S D S S S S S S S C S S S S S S S D S S S C u o e D S x C S S S S S S S D S S S S S S S C S S S S S S S S  
                    E E E E E E E E I E E E E E E E I E E E E E E E I E E E I e c e I E e I E E E E E E E I E E E E E E E I E E E E E E E E  
                    R R R R R R R R N R R R R R R R N R R R R R R R N R R R N   k n N R l N R R R R R R R N R R R R R R R N R R R R R R R R  
                    V V V V V V V V T V V V V V V V T V V V V V V V T V V V T   _   T V _ T V V V V V V V T V V V V V V V T V V V V V V V V  
                    E E E E E E E E   E E E E E E E   E E E E E E E   E E E     2     E r   E E E E E E E   E E E E E E E   E E E E E E E E  
                    D D D D D D D D   D D D D D D D   D D D D D D D   D D D     5     D o   D D D D D D D   D D D D D D D   D D D D D D D D  
                                                                                M       w                                                    
                                                                                h       2                                                    
                                                                                z                                                            
                                                                                                                                             
                                                                                                                                             
                                                                                                                                             


N.C. = No Connect. This pin has no internal connection to the device.
VCCINT = Dedicated power pin, which MUST be connected to VCC (5.0 volts).
VCCIO = Dedicated power pin, which MUST be connected to VCC (5.0 volts).
GNDINT = Dedicated ground pin or unused dedicated input, which MUST be connected to GND.
GNDIO = Dedicated ground pin, which MUST be connected to GND.
RESERVED = Unused I/O pin, which MUST be left unconnected.

^ = Dedicated configuration pin.
+ = Reserved configuration pin, which is tri-stated during user mode.
* = Reserved configuration pin, which drives out in user mode.
PDn = Power Down pin. 
@ = Special-purpose pin. 
# = JTAG Boundary-Scan Testing/In-System Programming or Configuration Pin. The JTAG inputs TMS and TDI should be tied to VCC and TCK should be tied to GND when not in use.
& = JTAG pin used for I/O. When used as user I/O, JTAG pins must be kept stable before and during configuration.  JTAG pin stability prevents accidental loading of JTAG instructions.


Device-Specific Information:                    c:\booksoft\chap5\vga_sync.rpt
vga_sync

** RESOURCE USAGE **

Logic                Column       Row                                   
Array                Interconnect Interconnect         Clears/     External  
Block   Logic Cells  Driven       Driven       Clocks  Presets   Interconnect
A4       8/ 8(100%)   1/ 8( 12%)   4/ 8( 50%)    1/2    0/2       6/22( 27%)   
A5       8/ 8(100%)   0/ 8(  0%)   5/ 8( 62%)    1/2    0/2       7/22( 31%)   
A8       8/ 8(100%)   0/ 8(  0%)   5/ 8( 62%)    1/2    0/2       4/22( 18%)   
A11      7/ 8( 87%)   1/ 8( 12%)   6/ 8( 75%)    1/2    0/2       8/22( 36%)   
A13      7/ 8( 87%)   3/ 8( 37%)   4/ 8( 50%)    1/2    0/2       3/22( 13%)   
A17      8/ 8(100%)   0/ 8(  0%)   6/ 8( 75%)    1/2    0/2      14/22( 63%)   
A24      8/ 8(100%)   2/ 8( 25%)   6/ 8( 75%)    1/2    0/2       3/22( 13%)   
C13      8/ 8(100%)   1/ 8( 12%)   2/ 8( 25%)    1/2    0/2       8/22( 36%)   
C15      7/ 8( 87%)   0/ 8(  0%)   7/ 8( 87%)    1/2    0/2       6/22( 27%)   
C16      8/ 8(100%)   3/ 8( 37%)   4/ 8( 50%)    1/2    0/2       5/22( 22%)   
C17      1/ 8( 12%)   0/ 8(  0%)   1/ 8( 12%)    1/2    0/2       2/22(  9%)   
F11      1/ 8( 12%)   0/ 8(  0%)   1/ 8( 12%)    1/2    0/2       1/22(  4%)   


Embedded             Column       Row                                   
Array     Embedded   Interconnect Interconnect         Read/      External  
Block     Cells      Driven       Driven       Clocks  Write    Interconnect


Total dedicated input pins used:                 4/6      ( 66%)
Total I/O pins used:                            25/183    ( 13%)
Total logic cells used:                         79/1152   (  6%)
Total embedded cells used:                       0/48     (  0%)
Total EABs used:                                 0/6      (  0%)
Average fan-in:                                 3.37/4    ( 84%)
Total fan-in:                                 267/4608    (  5%)

Total input pins required:                       4
Total input I/O cell registers required:         0
Total output pins required:                     25
Total output I/O cell registers required:        0
Total buried I/O cell registers required:        0
Total bidirectional pins required:               0
Total reserved pins required                     0
Total logic cells required:                     79
Total flipflops required:                       49
Total packed registers required:                 0
Total logic cells in carry chains:               0
Total number of carry chains:                    0
Total logic cells in cascade chains:             0
Total number of cascade chains:                  0
Total single-pin Clock Enables required:         0
Total single-pin Output Enables required:        0

Synthesized logic cells:                         8/1152   (  0%)

Logic Cell and Embedded Cell Counts

Column:  01  02  03  04  05  06  07  08  09  10  11  12  EA  13  14  15  16  17  18  19  20  21  22  23  24  Total(LC/EC)
 A:      0   0   0   8   8   0   0   8   0   0   7   0   0   7   0   0   0   8   0   0   0   0   0   0   8     54/0  
 B:      0   0   0   0   0   0   0   0   0   0   0   0   0   0   0   0   0   0   0   0   0   0   0   0   0      0/0  
 C:      0   0   0   0   0   0   0   0   0   0   0   0   0   8   0   7   8   1   0   0   0   0   0   0   0     24/0  
 D:      0   0   0   0   0   0   0   0   0   0   0   0   0   0   0   0   0   0   0   0   0   0   0   0   0      0/0  
 E:      0   0   0   0   0   0   0   0   0   0   0   0   0   0   0   0   0   0   0   0   0   0   0   0   0      0/0  
 F:      0   0   0   0   0   0   0   0   0   0   1   0   0   0   0   0   0   0   0   0   0   0   0   0   0      1/0  

Total:   0   0   0   8   8   0   0   8   0   0   8   0   0  15   0   7   8   9   0   0   0   0   0   0   8     79/0  



Device-Specific Information:                    c:\booksoft\chap5\vga_sync.rpt
vga_sync

** INPUTS **

                                                    Fan-In    Fan-Out
 Pin     LC     EC   Row  Col  Primitive    Code      INP  FBK  OUT  FBK  Name
  90      -     -    -    --      INPUT                0    0    0    1  blue
  91      -     -    -    --      INPUT  G             0    0    0    0  clock_25Mhz
  92      -     -    -    --      INPUT                0    0    0    1  green
 210      -     -    -    --      INPUT                0    0    0    1  red


Code:

s = Synthesized pin or logic cell
+ = Synchronous flipflop
/ = Slow slew-rate output
! = NOT gate push-back
r = Fitter-inserted logic cell
@ = Uses single-pin Clock Enable
& = Uses single-pin Output Enable
G = Global Source. Fan-out destinations counted here do not include destinations
that are driven using global routing resources. Refer to the Auto Global Signals,
Clock Signals, Clear Signals, Synchronous Load Signals, and Synchronous Clear Signals
Sections of this Report File for information on which signals' fan-outs are used as
Clock, Clear, Preset, Output Enable, and synchronous Load signals.


Device-Specific Information:                    c:\booksoft\chap5\vga_sync.rpt
vga_sync

** OUTPUTS **

       Fed By Fed By                                Fan-In    Fan-Out
 Pin     LC     EC   Row  Col  Primitive    Code      INP  FBK  OUT  FBK  Name
 175      -     -    A    --     OUTPUT                0    1    0    0  blue_out
 239      -     -    A    --     OUTPUT                0    1    0    0  green_out
  23      -     -    C    --     OUTPUT                0    1    0    0  horiz_sync_out
  24      -     -    C    --     OUTPUT                0    1    0    0  pixel_column0
 154      -     -    C    --     OUTPUT                0    1    0    0  pixel_column1
  28      -     -    C    --     OUTPUT                0    1    0    0  pixel_column2
  25      -     -    C    --     OUTPUT                0    1    0    0  pixel_column3
  29      -     -    C    --     OUTPUT                0    1    0    0  pixel_column4
 159      -     -    C    --     OUTPUT                0    1    0    0  pixel_column5
 158      -     -    C    --     OUTPUT                0    1    0    0  pixel_column6
 240      -     -    A    --     OUTPUT                0    1    0    0  pixel_column7
  12      -     -    A    --     OUTPUT                0    1    0    0  pixel_column8
   8      -     -    A    --     OUTPUT                0    1    0    0  pixel_column9
 173      -     -    A    --     OUTPUT                0    1    0    0  pixel_row0
  11      -     -    A    --     OUTPUT                0    1    0    0  pixel_row1
  95      -     -    -    12     OUTPUT                0    1    0    0  pixel_row2
   9      -     -    A    --     OUTPUT                0    1    0    0  pixel_row3
 171      -     -    A    --     OUTPUT                0    1    0    0  pixel_row4
 181      -     -    A    --     OUTPUT                0    1    0    0  pixel_row5
 172      -     -    A    --     OUTPUT                0    1    0    0  pixel_row6
 174      -     -    A    --     OUTPUT                0    1    0    0  pixel_row7
   7      -     -    A    --     OUTPUT                0    1    0    0  pixel_row8
 169      -     -    A    --     OUTPUT                0    1    0    0  pixel_row9
   6      -     -    A    --     OUTPUT                0    1    0    0  red_out
 133      -     -    F    --     OUTPUT                0    1    0    0  vert_sync_out


Code:

s = Synthesized pin or logic cell
+ = Synchronous flipflop
/ = Slow slew-rate output
! = NOT gate push-back
r = Fitter-inserted logic cell
@ = Uses single-pin Clock Enable
& = Uses single-pin Output Enable


Device-Specific Information:                    c:\booksoft\chap5\vga_sync.rpt
vga_sync

** BURIED LOGIC **

                                                    Fan-In    Fan-Out
 IOC     LC     EC   Row  Col  Primitive    Code      INP  FBK  OUT  FBK  Name
   -      1     -    C    16        OR2        !       0    3    0    3  |LPM_ADD_SUB:323|addcore:adder|:83
   -      7     -    C    16        OR2        !       0    3    0    5  |LPM_ADD_SUB:323|addcore:adder|:91
   -      6     -    A    13       AND2                0    3    0    1  |LPM_ADD_SUB:323|addcore:adder|:99
   -      5     -    A    13       AND2                0    4    0    2  |LPM_ADD_SUB:323|addcore:adder|:103
   -      6     -    A    04       AND2                0    2    0    1  |LPM_ADD_SUB:731|addcore:adder|:79
   -      2     -    A    04       AND2                0    3    0    4  |LPM_ADD_SUB:731|addcore:adder|:83
   -      6     -    A    05       AND2                0    2    0    1  |LPM_ADD_SUB:731|addcore:adder|:87
   -      8     -    A    05       AND2                0    3    0    1  |LPM_ADD_SUB:731|addcore:adder|:91
   -      2     -    A    05       AND2                0    4    0    4  |LPM_ADD_SUB:731|addcore:adder|:95
   -      4     -    A    08       AND2                0    2    0    1  |LPM_ADD_SUB:731|addcore:adder|:99
   -      6     -    A    08       AND2                0    3    0    1  |LPM_ADD_SUB:731|addcore:adder|:103
   -      7     -    A    08       AND2                0    4    0    1  |LPM_ADD_SUB:731|addcore:adder|:107
   -      3     -    A    17       DFFE   +            1    2    1    0  :5
   -      1     -    A    17       DFFE   +            1    2    1    0  :7
   -      2     -    A    17       DFFE   +            1    2    1    0  :9
   -      1     -    C    13       DFFE   +            0    1    1    0  :11
   -      1     -    F    11       DFFE   +            0    1    1    0  :13
   -      7     -    A    11       DFFE   +            0    2    1    0  :15
   -      4     -    A    11       DFFE   +            0    3    1    0  :17
   -      3     -    A    11       DFFE   +            0    3    1    0  :19
   -      5     -    A    11       DFFE   +            0    3    1    0  :21
   -      1     -    A    11       DFFE   +            0    3    1    0  :23
   -      6     -    A    11       DFFE   +            0    3    1    0  :25
   -      6     -    A    17       DFFE   +            0    3    1    0  :27
   -      2     -    A    11       DFFE   +            0    3    1    0  :29
   -      7     -    A    17       DFFE   +            0    3    1    0  :31
   -      4     -    A    04       DFFE   +            0    3    1    0  :33
   -      5     -    A    24       DFFE   +            0    3    1    0  :35
   -      8     -    A    24       DFFE   +            0    3    1    0  :37
   -      1     -    A    24       DFFE   +            0    3    1    0  :39
   -      2     -    C    15       DFFE   +            0    2    1    0  :41
   -      1     -    C    15       DFFE   +            0    2    1    0  :43
   -      7     -    C    17       DFFE   +            0    2    1    0  :45
   -      4     -    C    15       DFFE   +            0    2    1    0  :47
   -      6     -    C    15       DFFE   +            0    2    1    0  :49
   -      5     -    C    15       DFFE   +            0    2    1    0  :51
   -      3     -    C    15       DFFE   +            0    2    1    0  :53
   -      2     -    A    24       DFFE   +            0    3    0    8  h_count9 (:55)
   -      3     -    A    24       DFFE   +            0    2    0    9  h_count8 (:56)
   -      8     -    A    13       DFFE   +            0    2    0    9  h_count7 (:57)
   -      3     -    A    13       DFFE   +            0    3    0    8  h_count6 (:58)
   -      1     -    A    13       DFFE   +            0    2    0    9  h_count5 (:59)
   -      4     -    C    16       DFFE   +            0    3    0    6  h_count4 (:60)
   -      5     -    C    16       DFFE   +            0    2    0    7  h_count3 (:61)
   -      2     -    C    16       DFFE   +            0    3    0    5  h_count2 (:62)
   -      8     -    C    16       DFFE   +            0    2    0    5  h_count1 (:63)
   -      8     -    C    15       DFFE   +            0    0    0    6  h_count0 (:64)
   -      7     -    C    13       DFFE   +            0    4    0    1  horiz_sync (:65)
   -      8     -    A    08       DFFE   +            0    3    0   13  v_count9 (:66)
   -      2     -    A    08       DFFE   +            0    3    0    4  v_count8 (:67)
   -      3     -    A    08       DFFE   +            0    3    0    5  v_count7 (:68)
   -      1     -    A    08       DFFE   +            0    3    0    6  v_count6 (:69)
   -      3     -    A    05       DFFE   +            0    3    0    4  v_count5 (:70)
   -      4     -    A    05       DFFE   +            0    3    0    5  v_count4 (:71)
   -      7     -    A    05       DFFE   +            0    3    0    6  v_count3 (:72)
   -      1     -    A    04       DFFE   +            0    3    0    4  v_count2 (:73)
   -      7     -    A    04       DFFE   +            0    3    0    4  v_count1 (:74)
   -      5     -    A    04       DFFE   +            0    2    0    5  v_count0 (:75)
   -      3     -    A    04       DFFE   +            0    4    0    1  vert_sync (:76)
   -      4     -    A    24       DFFE   +            0    3    0    3  video_on_h (:77)
   -      8     -    A    17       DFFE   +            0    2    0    3  video_on_v (:78)
   -      4     -    A    13        OR2    s           0    4    0    1  ~262~1
   -      4     -    C    13       AND2    s   !       0    2    0    1  ~262~2
   -      2     -    A    13        OR2        !       0    3    0    9  :262
   -      6     -    C    13        OR2    s           0    4    0    1  ~427~1
   -      5     -    C    13        OR2                0    4    0    1  :490
   -      5     -    A    05        OR2    s           0    4    0    1  ~555~1
   -      1     -    A    05       AND2                0    4    0    1  :555
   -      5     -    A    17        OR2                0    4    0    1  :613
   -      8     -    C    13       AND2    s   !       0    3    0    1  ~631~1
   -      2     -    C    13        OR2                0    4    0    1  :631
   -      3     -    C    13        OR2                0    3    0    2  :643
   -      4     -    A    17        OR2        !       0    4    0   10  :659
   -      6     -    A    24       AND2    s           0    3    0    2  ~670~1
   -      3     -    C    16       AND2    s           0    3    0    1  ~670~2
   -      6     -    C    16       AND2                0    4    0   10  :670
   -      8     -    A    04        OR2    s           0    4    0    1  ~967~1
   -      7     -    A    24        OR2        !       0    3    0    7  :996
   -      5     -    A    08       AND2                0    4    0   12  :1170


Code:

s = Synthesized pin or logic cell
+ = Synchronous flipflop
/ = Slow slew-rate output
! = NOT gate push-back
r = Fitter-inserted logic cell
p = Packed register


Device-Specific Information:                    c:\booksoft\chap5\vga_sync.rpt
vga_sync

** FASTTRACK INTERCONNECT UTILIZATION **

Row FastTrack Interconnect:

          Global         Left Half-      Right Half-
         FastTrack       FastTrack       FastTrack 
Row     Interconnect    Interconnect    Interconnect    Input Pins     Output Pins     Bidir Pins
A:      16/ 96( 16%)    13/ 48( 27%)    12/ 48( 25%)    0/16(  0%)     15/16( 93%)     0/16(  0%)
B:       0/ 96(  0%)     0/ 48(  0%)     0/ 48(  0%)    0/16(  0%)      0/16(  0%)     0/16(  0%)
C:       5/ 96(  5%)     0/ 48(  0%)    15/ 48( 31%)    0/16(  0%)      8/16( 50%)     0/16(  0%)
D:       0/ 96(  0%)     0/ 48(  0%)     0/ 48(  0%)    0/16(  0%)      0/16(  0%)     0/16(  0%)
E:       0/ 96(  0%)     0/ 48(  0%)     0/ 48(  0%)    0/16(  0%)      0/16(  0%)     0/16(  0%)
F:       0/ 96(  0%)     2/ 48(  4%)     0/ 48(  0%)    0/16(  0%)      1/16(  6%)     0/16(  0%)


Column FastTrack Interconnect:

         FastTrack                                 
Column  Interconnect    Input Pins     Output Pins     Bidir Pins
01:      0/24(  0%)     0/4(  0%)      0/4(  0%)       0/4(  0%)
02:      0/24(  0%)     0/4(  0%)      0/4(  0%)       0/4(  0%)
03:      0/24(  0%)     0/4(  0%)      0/4(  0%)       0/4(  0%)
04:      1/24(  4%)     0/4(  0%)      0/4(  0%)       0/4(  0%)
05:      0/24(  0%)     0/4(  0%)      0/4(  0%)       0/4(  0%)
06:      0/24(  0%)     0/4(  0%)      0/4(  0%)       0/4(  0%)
07:      0/24(  0%)     0/4(  0%)      0/4(  0%)       0/4(  0%)
08:      0/24(  0%)     0/4(  0%)      0/4(  0%)       0/4(  0%)
09:      0/24(  0%)     0/4(  0%)      0/4(  0%)       0/4(  0%)
10:      0/24(  0%)     0/4(  0%)      0/4(  0%)       0/4(  0%)
11:      0/24(  0%)     0/4(  0%)      0/4(  0%)       0/4(  0%)
12:      1/24(  4%)     0/4(  0%)      1/4( 25%)       0/4(  0%)
13:      2/24(  8%)     0/4(  0%)      0/4(  0%)       0/4(  0%)
14:      2/24(  8%)     0/4(  0%)      0/4(  0%)       0/4(  0%)
15:      1/24(  4%)     0/4(  0%)      0/4(  0%)       0/4(  0%)
16:      2/24(  8%)     0/4(  0%)      0/4(  0%)       0/4(  0%)
17:      0/24(  0%)     0/4(  0%)      0/4(  0%)       0/4(  0%)
18:      0/24(  0%)     0/4(  0%)      0/4(  0%)       0/4(  0%)
19:      0/24(  0%)     0/4(  0%)      0/4(  0%)       0/4(  0%)
20:      0/24(  0%)     0/4(  0%)      0/4(  0%)       0/4(  0%)
21:      0/24(  0%)     0/4(  0%)      0/4(  0%)       0/4(  0%)
22:      0/24(  0%)     0/4(  0%)      0/4(  0%)       0/4(  0%)
23:      0/24(  0%)     0/4(  0%)      0/4(  0%)       0/4(  0%)
24:      2/24(  8%)     0/4(  0%)      0/4(  0%)       0/4(  0%)
EA:      0/24(  0%)     0/4(  0%)      0/4(  0%)       0/4(  0%)


Device-Specific Information:                    c:\booksoft\chap5\vga_sync.rpt
vga_sync

** CLOCK SIGNALS **

Type     Fan-out       Name
INPUT       49         clock_25Mhz


Device-Specific Information:                    c:\booksoft\chap5\vga_sync.rpt
vga_sync

** EQUATIONS **

blue     : INPUT;
clock_25Mhz : INPUT;
green    : INPUT;
red      : INPUT;

-- Node name is 'blue_out' 
-- Equation name is 'blue_out', type is output 
blue_out =  _LC2_A17;

-- Node name is 'green_out' 
-- Equation name is 'green_out', type is output 
green_out =  _LC1_A17;

-- Node name is ':64' = 'h_count0' 
-- Equation name is 'h_count0', location is LC8_C15, type is buried.
h_count0 = DFFE(!h_count0, GLOBAL( clock_25Mhz),  VCC,  VCC,  VCC);

-- Node name is ':63' = 'h_count1' 
-- Equation name is 'h_count1', location is LC8_C16, type is buried.
h_count1 = DFFE( _EQ001, GLOBAL( clock_25Mhz),  VCC,  VCC,  VCC);
  _EQ001 = !h_count0 &  h_count1 & !_LC2_A13
         #  h_count0 & !h_count1 & !_LC2_A13;

-- Node name is ':62' = 'h_count2' 
-- Equation name is 'h_count2', location is LC2_C16, type is buried.
h_count2 = DFFE( _EQ002, GLOBAL( clock_25Mhz),  VCC,  VCC,  VCC);
  _EQ002 = !h_count1 &  h_count2 & !_LC2_A13
         # !h_count0 &  h_count2 & !_LC2_A13
         #  h_count0 &  h_count1 & !h_count2 & !_LC2_A13;

-- Node name is ':61' = 'h_count3' 
-- Equation name is 'h_count3', location is LC5_C16, type is buried.
h_count3 = DFFE( _EQ003, GLOBAL( clock_25Mhz),  VCC,  VCC,  VCC);
  _EQ003 =  h_count3 & !_LC1_C16 & !_LC2_A13
         # !h_count3 &  _LC1_C16 & !_LC2_A13;

-- Node name is ':60' = 'h_count4' 
-- Equation name is 'h_count4', location is LC4_C16, type is buried.
h_count4 = DFFE( _EQ004, GLOBAL( clock_25Mhz),  VCC,  VCC,  VCC);
  _EQ004 = !h_count3 &  h_count4 & !_LC2_A13
         #  h_count4 & !_LC1_C16 & !_LC2_A13
         #  h_count3 & !h_count4 &  _LC1_C16 & !_LC2_A13;

-- Node name is ':59' = 'h_count5' 
-- Equation name is 'h_count5', location is LC1_A13, type is buried.
h_count5 = DFFE( _EQ005, GLOBAL( clock_25Mhz),  VCC,  VCC,  VCC);
  _EQ005 =  h_count5 & !_LC2_A13 & !_LC7_C16
         # !h_count5 & !_LC2_A13 &  _LC7_C16;

-- Node name is ':58' = 'h_count6' 
-- Equation name is 'h_count6', location is LC3_A13, type is buried.
h_count6 = DFFE( _EQ006, GLOBAL( clock_25Mhz),  VCC,  VCC,  VCC);
  _EQ006 = !h_count5 &  h_count6 & !_LC2_A13
         #  h_count6 & !_LC2_A13 & !_LC7_C16
         #  h_count5 & !h_count6 & !_LC2_A13 &  _LC7_C16;

-- Node name is ':57' = 'h_count7' 
-- Equation name is 'h_count7', location is LC8_A13, type is buried.
h_count7 = DFFE( _EQ007, GLOBAL( clock_25Mhz),  VCC,  VCC,  VCC);
  _EQ007 =  h_count7 & !_LC2_A13 & !_LC6_A13
         # !h_count7 & !_LC2_A13 &  _LC6_A13;

-- Node name is ':56' = 'h_count8' 
-- Equation name is 'h_count8', location is LC3_A24, type is buried.
h_count8 = DFFE( _EQ008, GLOBAL( clock_25Mhz),  VCC,  VCC,  VCC);
  _EQ008 =  h_count8 & !_LC2_A13 & !_LC5_A13
         # !h_count8 & !_LC2_A13 &  _LC5_A13;

-- Node name is ':55' = 'h_count9' 
-- Equation name is 'h_count9', location is LC2_A24, type is buried.
h_count9 = DFFE( _EQ009, GLOBAL( clock_25Mhz),  VCC,  VCC,  VCC);
  _EQ009 = !h_count8 &  h_count9 & !_LC2_A13
         #  h_count9 & !_LC2_A13 & !_LC5_A13
         #  h_count8 & !h_count9 & !_LC2_A13 &  _LC5_A13;

-- Node name is ':65' = 'horiz_sync' 
-- Equation name is 'horiz_sync', location is LC7_C13, type is buried.
horiz_sync = DFFE( _EQ010, GLOBAL( clock_25Mhz),  VCC,  VCC,  VCC);
  _EQ010 =  _LC5_C13
         #  h_count6 &  _LC6_C13
         # !_LC6_A24;

-- Node name is 'horiz_sync_out' 
-- Equation name is 'horiz_sync_out', type is output 
horiz_sync_out =  _LC1_C13;

-- Node name is 'pixel_column0' 
-- Equation name is 'pixel_column0', type is output 
pixel_column0 =  _LC3_C15;

-- Node name is 'pixel_column1' 
-- Equation name is 'pixel_column1', type is output 
pixel_column1 =  _LC5_C15;

-- Node name is 'pixel_column2' 
-- Equation name is 'pixel_column2', type is output 
pixel_column2 =  _LC6_C15;

-- Node name is 'pixel_column3' 
-- Equation name is 'pixel_column3', type is output 
pixel_column3 =  _LC4_C15;

-- Node name is 'pixel_column4' 
-- Equation name is 'pixel_column4', type is output 
pixel_column4 =  _LC7_C17;

-- Node name is 'pixel_column5' 
-- Equation name is 'pixel_column5', type is output 
pixel_column5 =  _LC1_C15;

-- Node name is 'pixel_column6' 
-- Equation name is 'pixel_column6', type is output 
pixel_column6 =  _LC2_C15;

-- Node name is 'pixel_column7' 
-- Equation name is 'pixel_column7', type is output 
pixel_column7 =  _LC1_A24;

-- Node name is 'pixel_column8' 
-- Equation name is 'pixel_column8', type is output 
pixel_column8 =  _LC8_A24;

-- Node name is 'pixel_column9' 
-- Equation name is 'pixel_column9', type is output 
pixel_column9 =  _LC5_A24;

-- Node name is 'pixel_row0' 
-- Equation name is 'pixel_row0', type is output 
pixel_row0 =  _LC4_A4;

-- Node name is 'pixel_row1' 
-- Equation name is 'pixel_row1', type is output 
pixel_row1 =  _LC7_A17;

-- Node name is 'pixel_row2' 
-- Equation name is 'pixel_row2', type is output 
pixel_row2 =  _LC2_A11;

-- Node name is 'pixel_row3' 
-- Equation name is 'pixel_row3', type is output 
pixel_row3 =  _LC6_A17;

-- Node name is 'pixel_row4' 
-- Equation name is 'pixel_row4', type is output 
pixel_row4 =  _LC6_A11;

-- Node name is 'pixel_row5' 
-- Equation name is 'pixel_row5', type is output 
pixel_row5 =  _LC1_A11;

-- Node name is 'pixel_row6' 
-- Equation name is 'pixel_row6', type is output 
pixel_row6 =  _LC5_A11;

-- Node name is 'pixel_row7' 
-- Equation name is 'pixel_row7', type is output 
pixel_row7 =  _LC3_A11;

-- Node name is 'pixel_row8' 
-- Equation name is 'pixel_row8', type is output 
pixel_row8 =  _LC4_A11;

-- Node name is 'pixel_row9' 
-- Equation name is 'pixel_row9', type is output 
pixel_row9 =  _LC7_A11;

-- Node name is 'red_out' 
-- Equation name is 'red_out', type is output 
red_out  =  _LC3_A17;

-- Node name is ':75' = 'v_count0' 
-- Equation name is 'v_count0', location is LC5_A4, type is buried.
v_count0 = DFFE( _EQ011, GLOBAL( clock_25Mhz),  VCC,  VCC,  VCC);
  _EQ011 = !_LC4_A17 & !_LC6_C16 &  v_count0
         # !_LC4_A17 &  _LC6_C16 & !v_count0;

-- Node name is ':74' = 'v_count1' 
-- Equation name is 'v_count1', location is LC7_A4, type is buried.
v_count1 = DFFE( _EQ012, GLOBAL( clock_25Mhz),  VCC,  VCC,  VCC);
  _EQ012 = !_LC4_A17 & !v_count0 &  v_count1
         # !_LC4_A17 &  _LC6_C16 &  v_count0 & !v_count1
         # !_LC4_A17 & !_LC6_C16 &  v_count1;

-- Node name is ':73' = 'v_count2' 
-- Equation name is 'v_count2', location is LC1_A4, type is buried.
v_count2 = DFFE( _EQ013, GLOBAL( clock_25Mhz),  VCC,  VCC,  VCC);
  _EQ013 = !_LC4_A17 & !_LC6_A4 &  v_count2
         # !_LC4_A17 &  _LC6_A4 &  _LC6_C16 & !v_count2
         # !_LC4_A17 & !_LC6_C16 &  v_count2;

-- Node name is ':72' = 'v_count3' 
-- Equation name is 'v_count3', location is LC7_A5, type is buried.
v_count3 = DFFE( _EQ014, GLOBAL( clock_25Mhz),  VCC,  VCC,  VCC);
  _EQ014 = !_LC2_A4 & !_LC4_A17 &  v_count3
         #  _LC2_A4 & !_LC4_A17 &  _LC6_C16 & !v_count3
         # !_LC4_A17 & !_LC6_C16 &  v_count3;

-- Node name is ':71' = 'v_count4' 
-- Equation name is 'v_count4', location is LC4_A5, type is buried.
v_count4 = DFFE( _EQ015, GLOBAL( clock_25Mhz),  VCC,  VCC,  VCC);
  _EQ015 = !_LC4_A17 & !_LC6_A5 &  v_count4
         # !_LC4_A17 &  _LC6_A5 &  _LC6_C16 & !v_count4
         # !_LC4_A17 & !_LC6_C16 &  v_count4;

-- Node name is ':70' = 'v_count5' 
-- Equation name is 'v_count5', location is LC3_A5, type is buried.
v_count5 = DFFE( _EQ016, GLOBAL( clock_25Mhz),  VCC,  VCC,  VCC);
  _EQ016 = !_LC4_A17 & !_LC8_A5 &  v_count5
         # !_LC4_A17 &  _LC6_C16 &  _LC8_A5 & !v_count5
         # !_LC4_A17 & !_LC6_C16 &  v_count5;

-- Node name is ':69' = 'v_count6' 
-- Equation name is 'v_count6', location is LC1_A8, type is buried.
v_count6 = DFFE( _EQ017, GLOBAL( clock_25Mhz),  VCC,  VCC,  VCC);
  _EQ017 = !_LC2_A5 & !_LC4_A17 &  v_count6
         #  _LC2_A5 & !_LC4_A17 &  _LC6_C16 & !v_count6
         # !_LC4_A17 & !_LC6_C16 &  v_count6;

-- Node name is ':68' = 'v_count7' 
-- Equation name is 'v_count7', location is LC3_A8, type is buried.
v_count7 = DFFE( _EQ018, GLOBAL( clock_25Mhz),  VCC,  VCC,  VCC);
  _EQ018 = !_LC4_A8 & !_LC4_A17 &  v_count7
         #  _LC4_A8 & !_LC4_A17 &  _LC6_C16 & !v_count7
         # !_LC4_A17 & !_LC6_C16 &  v_count7;

-- Node name is ':67' = 'v_count8' 
-- Equation name is 'v_count8', location is LC2_A8, type is buried.
v_count8 = DFFE( _EQ019, GLOBAL( clock_25Mhz),  VCC,  VCC,  VCC);
  _EQ019 = !_LC4_A17 & !_LC6_A8 &  v_count8
         # !_LC4_A17 &  _LC6_A8 &  _LC6_C16 & !v_count8
         # !_LC4_A17 & !_LC6_C16 &  v_count8;

-- Node name is ':66' = 'v_count9' 
-- Equation name is 'v_count9', location is LC8_A8, type is buried.
v_count9 = DFFE( _EQ020, GLOBAL( clock_25Mhz),  VCC,  VCC,  VCC);
  _EQ020 = !_LC4_A17 & !_LC7_A8 &  v_count9
         # !_LC4_A17 &  _LC6_C16 &  _LC7_A8 & !v_count9
         # !_LC4_A17 & !_LC6_C16 &  v_count9;

-- Node name is ':76' = 'vert_sync' 
-- Equation name is 'vert_sync', location is LC3_A4, type is buried.
vert_sync = DFFE( _EQ021, GLOBAL( clock_25Mhz),  VCC,  VCC,  VCC);
  _EQ021 = !v_count3
         # !v_count2
         #  _LC8_A4
         # !_LC5_A8;

-- Node name is 'vert_sync_out' 
-- Equation name is 'vert_sync_out', type is output 
vert_sync_out =  _LC1_F11;

-- Node name is ':77' = 'video_on_h' 
-- Equation name is 'video_on_h', location is LC4_A24, type is buried.
video_on_h = DFFE( _EQ022, GLOBAL( clock_25Mhz),  VCC,  VCC,  VCC);
  _EQ022 = !h_count7 & !h_count8
         # !h_count9;

-- Node name is ':78' = 'video_on_v' 
-- Equation name is 'video_on_v', location is LC8_A17, type is buried.
video_on_v = DFFE( _EQ023, GLOBAL( clock_25Mhz),  VCC,  VCC,  VCC);
  _EQ023 = !_LC5_A8 & !v_count9;

-- Node name is '|LPM_ADD_SUB:323|addcore:adder|:83' from file "addcore.tdf" line 312, column 64
-- Equation name is '_LC1_C16', type is buried 
!_LC1_C16 = _LC1_C16~NOT;
_LC1_C16~NOT = LCELL( _EQ024);
  _EQ024 = !h_count2
         # !h_count1
         # !h_count0;

-- Node name is '|LPM_ADD_SUB:323|addcore:adder|:91' from file "addcore.tdf" line 312, column 64
-- Equation name is '_LC7_C16', type is buried 
!_LC7_C16 = _LC7_C16~NOT;
_LC7_C16~NOT = LCELL( _EQ025);
  _EQ025 = !h_count4
         # !h_count3
         # !_LC1_C16;

-- Node name is '|LPM_ADD_SUB:323|addcore:adder|:99' from file "addcore.tdf" line 312, column 64
-- Equation name is '_LC6_A13', type is buried 
_LC6_A13 = LCELL( _EQ026);
  _EQ026 =  h_count5 &  h_count6 &  _LC7_C16;

-- Node name is '|LPM_ADD_SUB:323|addcore:adder|:103' from file "addcore.tdf" line 312, column 64
-- Equation name is '_LC5_A13', type is buried 
_LC5_A13 = LCELL( _EQ027);
  _EQ027 =  h_count5 &  h_count6 &  h_count7 &  _LC7_C16;

-- Node name is '|LPM_ADD_SUB:731|addcore:adder|:79' from file "addcore.tdf" line 312, column 64
-- Equation name is '_LC6_A4', type is buried 
_LC6_A4  = LCELL( _EQ028);
  _EQ028 =  v_count0 &  v_count1;

-- Node name is '|LPM_ADD_SUB:731|addcore:adder|:83' from file "addcore.tdf" line 312, column 64
-- Equation name is '_LC2_A4', type is buried 
_LC2_A4  = LCELL( _EQ029);
  _EQ029 =  v_count0 &  v_count1 &  v_count2;

-- Node name is '|LPM_ADD_SUB:731|addcore:adder|:87' from file "addcore.tdf" line 312, column 64
-- Equation name is '_LC6_A5', type is buried 
_LC6_A5  = LCELL( _EQ030);
  _EQ030 =  _LC2_A4 &  v_count3;

-- Node name is '|LPM_ADD_SUB:731|addcore:adder|:91' from file "addcore.tdf" line 312, column 64
-- Equation name is '_LC8_A5', type is buried 
_LC8_A5  = LCELL( _EQ031);
  _EQ031 =  _LC2_A4 &  v_count3 &  v_count4;

-- Node name is '|LPM_ADD_SUB:731|addcore:adder|:95' from file "addcore.tdf" line 312, column 64
-- Equation name is '_LC2_A5', type is buried 
_LC2_A5  = LCELL( _EQ032);
  _EQ032 =  _LC2_A4 &  v_count3 &  v_count4 &  v_count5;

-- Node name is '|LPM_ADD_SUB:731|addcore:adder|:99' from file "addcore.tdf" line 312, column 64
-- Equation name is '_LC4_A8', type is buried 
_LC4_A8  = LCELL( _EQ033);
  _EQ033 =  _LC2_A5 &  v_count6;

-- Node name is '|LPM_ADD_SUB:731|addcore:adder|:103' from file "addcore.tdf" line 312, column 64
-- Equation name is '_LC6_A8', type is buried 
_LC6_A8  = LCELL( _EQ034);
  _EQ034 =  _LC2_A5 &  v_count6 &  v_count7;

-- Node name is '|LPM_ADD_SUB:731|addcore:adder|:107' from file "addcore.tdf" line 312, column 64
-- Equation name is '_LC7_A8', type is buried 
_LC7_A8  = LCELL( _EQ035);
  _EQ035 =  _LC2_A5 &  v_count6 &  v_count7 &  v_count8;

-- Node name is ':5' 
-- Equation name is '_LC3_A17', type is buried 
_LC3_A17 = DFFE( _EQ036, GLOBAL( clock_25Mhz),  VCC,  VCC,  VCC);
  _EQ036 =  red &  video_on_h &  video_on_v;

-- Node name is ':7' 
-- Equation name is '_LC1_A17', type is buried 
_LC1_A17 = DFFE( _EQ037, GLOBAL( clock_25Mhz),  VCC,  VCC,  VCC);
  _EQ037 =  green &  video_on_h &  video_on_v;

-- Node name is ':9' 
-- Equation name is '_LC2_A17', type is buried 
_LC2_A17 = DFFE( _EQ038, GLOBAL( clock_25Mhz),  VCC,  VCC,  VCC);
  _EQ038 =  blue &  video_on_h &  video_on_v;

-- Node name is ':11' 
-- Equation name is '_LC1_C13', type is buried 
_LC1_C13 = DFFE( horiz_sync, GLOBAL( clock_25Mhz),  VCC,  VCC,  VCC);

-- Node name is ':13' 
-- Equation name is '_LC1_F11', type is buried 
_LC1_F11 = DFFE( vert_sync, GLOBAL( clock_25Mhz),  VCC,  VCC,  VCC);

-- Node name is ':15' 
-- Equation name is '_LC7_A11', type is buried 
_LC7_A11 = DFFE( _EQ039, GLOBAL( clock_25Mhz),  VCC,  VCC,  VCC);
  _EQ039 =  _LC5_A8 &  _LC7_A11
         #  _LC7_A11 &  v_count9;

-- Node name is ':17' 
-- Equation name is '_LC4_A11', type is buried 
_LC4_A11 = DFFE( _EQ040, GLOBAL( clock_25Mhz),  VCC,  VCC,  VCC);
  _EQ040 = !_LC5_A8 &  v_count8 & !v_count9
         #  _LC4_A11 &  _LC5_A8
         #  _LC4_A11 &  v_count9;

-- Node name is ':19' 
-- Equation name is '_LC3_A11', type is buried 
_LC3_A11 = DFFE( _EQ041, GLOBAL( clock_25Mhz),  VCC,  VCC,  VCC);
  _EQ041 = !_LC5_A8 &  v_count7 & !v_count9
         #  _LC3_A11 &  _LC5_A8
         #  _LC3_A11 &  v_count9;

-- Node name is ':21' 
-- Equation name is '_LC5_A11', type is buried 
_LC5_A11 = DFFE( _EQ042, GLOBAL( clock_25Mhz),  VCC,  VCC,  VCC);
  _EQ042 = !_LC5_A8 &  v_count6 & !v_count9
         #  _LC5_A8 &  _LC5_A11
         #  _LC5_A11 &  v_count9;

-- Node name is ':23' 
-- Equation name is '_LC1_A11', type is buried 
_LC1_A11 = DFFE( _EQ043, GLOBAL( clock_25Mhz),  VCC,  VCC,  VCC);
  _EQ043 = !_LC5_A8 &  v_count5 & !v_count9
         #  _LC1_A11 &  _LC5_A8
         #  _LC1_A11 &  v_count9;

-- Node name is ':25' 
-- Equation name is '_LC6_A11', type is buried 
_LC6_A11 = DFFE( _EQ044, GLOBAL( clock_25Mhz),  VCC,  VCC,  VCC);
  _EQ044 = !_LC5_A8 &  v_count4 & !v_count9
         #  _LC5_A8 &  _LC6_A11
         #  _LC6_A11 &  v_count9;

-- Node name is ':27' 
-- Equation name is '_LC6_A17', type is buried 
_LC6_A17 = DFFE( _EQ045, GLOBAL( clock_25Mhz),  VCC,  VCC,  VCC);
  _EQ045 = !_LC5_A8 &  v_count3 & !v_count9
         #  _LC5_A8 &  _LC6_A17
         #  _LC6_A17 &  v_count9;

-- Node name is ':29' 
-- Equation name is '_LC2_A11', type is buried 
_LC2_A11 = DFFE( _EQ046, GLOBAL( clock_25Mhz),  VCC,  VCC,  VCC);
  _EQ046 = !_LC5_A8 &  v_count2 & !v_count9
         #  _LC2_A11 &  _LC5_A8
         #  _LC2_A11 &  v_count9;

-- Node name is ':31' 
-- Equation name is '_LC7_A17', type is buried 
_LC7_A17 = DFFE( _EQ047, GLOBAL( clock_25Mhz),  VCC,  VCC,  VCC);
  _EQ047 = !_LC5_A8 &  v_count1 & !v_count9
         #  _LC5_A8 &  _LC7_A17
         #  _LC7_A17 &  v_count9;

-- Node name is ':33' 
-- Equation name is '_LC4_A4', type is buried 
_LC4_A4  = DFFE( _EQ048, GLOBAL( clock_25Mhz),  VCC,  VCC,  VCC);
  _EQ048 = !_LC5_A8 &  v_count0 & !v_count9
         #  _LC4_A4 &  _LC5_A8
         #  _LC4_A4 &  v_count9;

-- Node name is ':35' 
-- Equation name is '_LC5_A24', type is buried 
_LC5_A24 = DFFE( _EQ049, GLOBAL( clock_25Mhz),  VCC,  VCC,  VCC);
  _EQ049 = !h_count7 & !h_count8 &  h_count9
         #  h_count8 &  h_count9 &  _LC5_A24
         #  h_count7 &  h_count9 &  _LC5_A24;

-- Node name is ':37' 
-- Equation name is '_LC8_A24', type is buried 
_LC8_A24 = DFFE( _EQ050, GLOBAL( clock_25Mhz),  VCC,  VCC,  VCC);
  _EQ050 =  h_count8 & !h_count9
         #  h_count8 &  _LC8_A24
         #  h_count7 &  h_count9 &  _LC8_A24;

-- Node name is ':39' 
-- Equation name is '_LC1_A24', type is buried 
_LC1_A24 = DFFE( _EQ051, GLOBAL( clock_25Mhz),  VCC,  VCC,  VCC);
  _EQ051 =  h_count7 & !h_count9
         #  h_count8 &  h_count9 &  _LC1_A24
         #  h_count7 &  _LC1_A24;

-- Node name is ':41' 
-- Equation name is '_LC2_C15', type is buried 
_LC2_C15 = DFFE( _EQ052, GLOBAL( clock_25Mhz),  VCC,  VCC,  VCC);
  _EQ052 =  _LC2_C15 &  _LC7_A24
         #  h_count6 & !_LC7_A24;

-- Node name is ':43' 
-- Equation name is '_LC1_C15', type is buried 
_LC1_C15 = DFFE( _EQ053, GLOBAL( clock_25Mhz),  VCC,  VCC,  VCC);
  _EQ053 =  _LC1_C15 &  _LC7_A24
         #  h_count5 & !_LC7_A24;

-- Node name is ':45' 
-- Equation name is '_LC7_C17', type is buried 
_LC7_C17 = DFFE( _EQ054, GLOBAL( clock_25Mhz),  VCC,  VCC,  VCC);
  _EQ054 =  _LC7_A24 &  _LC7_C17
         #  h_count4 & !_LC7_A24;

-- Node name is ':47' 
-- Equation name is '_LC4_C15', type is buried 
_LC4_C15 = DFFE( _EQ055, GLOBAL( clock_25Mhz),  VCC,  VCC,  VCC);
  _EQ055 =  _LC4_C15 &  _LC7_A24
         #  h_count3 & !_LC7_A24;

-- Node name is ':49' 
-- Equation name is '_LC6_C15', type is buried 
_LC6_C15 = DFFE( _EQ056, GLOBAL( clock_25Mhz),  VCC,  VCC,  VCC);
  _EQ056 =  _LC6_C15 &  _LC7_A24
         #  h_count2 & !_LC7_A24;

-- Node name is ':51' 
-- Equation name is '_LC5_C15', type is buried 
_LC5_C15 = DFFE( _EQ057, GLOBAL( clock_25Mhz),  VCC,  VCC,  VCC);
  _EQ057 =  _LC5_C15 &  _LC7_A24
         #  h_count1 & !_LC7_A24;

-- Node name is ':53' 
-- Equation name is '_LC3_C15', type is buried 
_LC3_C15 = DFFE( _EQ058, GLOBAL( clock_25Mhz),  VCC,  VCC,  VCC);
  _EQ058 =  _LC3_C15 &  _LC7_A24
         #  h_count0 & !_LC7_A24;

-- Node name is '~262~1' 
-- Equation name is '~262~1', location is LC4_A13, type is buried.
-- synthesized logic cell 
_LC4_A13 = LCELL( _EQ059);
  _EQ059 = !h_count9
         # !h_count8
         #  h_count6
         #  h_count5;

-- Node name is '~262~2' 
-- Equation name is '~262~2', location is LC4_C13, type is buried.
-- synthesized logic cell 
!_LC4_C13 = _LC4_C13~NOT;
_LC4_C13~NOT = LCELL( _EQ060);
  _EQ060 = !h_count5 & !h_count6;

-- Node name is ':262' 
-- Equation name is '_LC2_A13', type is buried 
!_LC2_A13 = _LC2_A13~NOT;
_LC2_A13~NOT = LCELL( _EQ061);
  _EQ061 =  h_count7
         # !_LC7_C16
         #  _LC4_A13;

-- Node name is '~427~1' 
-- Equation name is '~427~1', location is LC6_C13, type is buried.
-- synthesized logic cell 
_LC6_C13 = LCELL( _EQ062);
  _EQ062 =  h_count3 &  h_count4 &  h_count5
         #  h_count2 &  h_count4 &  h_count5;

-- Node name is ':490' 
-- Equation name is '_LC5_C13', type is buried 
_LC5_C13 = LCELL( _EQ063);
  _EQ063 = !h_count3 &  _LC3_C13 & !_LC4_C13
         # !h_count4 & !_LC4_C13;

-- Node name is '~555~1' 
-- Equation name is '~555~1', location is LC5_A5, type is buried.
-- synthesized logic cell 
_LC5_A5  = LCELL( _EQ064);
  _EQ064 = !v_count3 & !v_count5 & !v_count6
         # !v_count2 & !v_count5 & !v_count6;

-- Node name is ':555' 
-- Equation name is '_LC1_A5', type is buried 
_LC1_A5  = LCELL( _EQ065);
  _EQ065 =  _LC5_A5 & !v_count4 & !v_count7 & !v_count8;

-- Node name is ':613' 
-- Equation name is '_LC5_A17', type is buried 
_LC5_A17 = LCELL( _EQ066);
  _EQ066 = !h_count6 & !h_count8 &  _LC2_C13
         # !h_count7 & !h_count8;

-- Node name is '~631~1' 
-- Equation name is '~631~1', location is LC8_C13, type is buried.
-- synthesized logic cell 
!_LC8_C13 = _LC8_C13~NOT;
_LC8_C13~NOT = LCELL( _EQ067);
  _EQ067 =  h_count3 &  h_count4 &  h_count5;

-- Node name is ':631' 
-- Equation name is '_LC2_C13', type is buried 
_LC2_C13 = LCELL( _EQ068);
  _EQ068 = !h_count5
         # !h_count4
         # !h_count3
         #  _LC3_C13;

-- Node name is ':643' 
-- Equation name is '_LC3_C13', type is buried 
_LC3_C13 = LCELL( _EQ069);
  _EQ069 = !h_count1 & !h_count2
         # !h_count0 & !h_count2;

-- Node name is ':659' 
-- Equation name is '_LC4_A17', type is buried 
!_LC4_A17 = _LC4_A17~NOT;
_LC4_A17~NOT = LCELL( _EQ070);
  _EQ070 =  _LC5_A17
         #  _LC1_A5
         # !v_count9
         # !h_count9;

-- Node name is '~670~1' 
-- Equation name is '~670~1', location is LC6_A24, type is buried.
-- synthesized logic cell 
_LC6_A24 = LCELL( _EQ071);
  _EQ071 =  h_count7 & !h_count8 &  h_count9;

-- Node name is '~670~2' 
-- Equation name is '~670~2', location is LC3_C16, type is buried.
-- synthesized logic cell 
_LC3_C16 = LCELL( _EQ072);
  _EQ072 = !h_count2 & !h_count6 & !_LC8_C13;

-- Node name is ':670' 
-- Equation name is '_LC6_C16', type is buried 
_LC6_C16 = LCELL( _EQ073);
  _EQ073 =  h_count0 &  h_count1 &  _LC3_C16 &  _LC6_A24;

-- Node name is '~967~1' 
-- Equation name is '~967~1', location is LC8_A4, type is buried.
-- synthesized logic cell 
_LC8_A4  = LCELL( _EQ074);
  _EQ074 =  v_count0 &  v_count1
         # !v_count0 & !v_count1
         #  v_count9
         #  v_count4;

-- Node name is ':996' 
-- Equation name is '_LC7_A24', type is buried 
!_LC7_A24 = _LC7_A24~NOT;
_LC7_A24~NOT = LCELL( _EQ075);
  _EQ075 = !h_count7 & !h_count8
         # !h_count9;

-- Node name is ':1170' 
-- Equation name is '_LC5_A8', type is buried 
_LC5_A8  = LCELL( _EQ076);
  _EQ076 =  v_count5 &  v_count6 &  v_count7 &  v_count8;



Project Information                             c:\booksoft\chap5\vga_sync.rpt

** COMPILATION SETTINGS & TIMES **

Processing Menu Commands
------------------------

Design Doctor                             = off

Logic Synthesis:

   Synthesis Type Used                    = Multi-Level

   Default Synthesis Style                = NORMAL

      Logic option settings in 'NORMAL' style for 'FLEX10K' family

      CARRY_CHAIN                         = ignore
      CARRY_CHAIN_LENGTH                  = 32
      CASCADE_CHAIN                       = ignore
      CASCADE_CHAIN_LENGTH                = 2
      DECOMPOSE_GATES                     = on
      DUPLICATE_LOGIC_EXTRACTION          = on
      MINIMIZATION                        = full
      MULTI_LEVEL_FACTORING               = on
      NOT_GATE_PUSH_BACK                  = on
      REDUCE_LOGIC                        = on
      REFACTORIZATION                     = on
      REGISTER_OPTIMIZATION               = on
      RESYNTHESIZE_NETWORK                = on
      SLOW_SLEW_RATE                      = off
      SUBFACTOR_EXTRACTION                = on
      IGNORE_SOFT_BUFFERS                 = on
      USE_LPM_FOR_AHDL_OPERATORS          = off

   Other logic synthesis settings:

      Automatic Global Clock              = on
      Automatic Global Clear              = on
      Automatic Global Preset             = on
      Automatic Global Output Enable      = on
      Automatic Fast I/O                  = off
      Automatic Register Packing          = off
      Automatic Open-Drain Pins           = on
      Automatic Implement in EAB          = off
      Optimize                            = 5

Default Timing Specifications: None

Cut All Bidir Feedback Timing Paths       = on
Cut All Clear & Preset Timing Paths       = on

Ignore Timing Assignments                 = off

Functional SNF Extractor                  = off

Linked SNF Extractor                      = off
Timing SNF Extractor                      = on
Optimize Timing SNF                       = off
Generate AHDL TDO File                    = off
Fitter Settings                           = NORMAL
Use Quartus Fitter                        = on
Smart Recompile                           = off
Total Recompile                           = off

Interfaces Menu Commands
------------------------

EDIF Netlist Writer                       = off
Verilog Netlist Writer                    = off
VHDL Netlist Writer                       = off

Compilation Times
-----------------

   Compiler Netlist Extractor             00:00:01
   Database Builder                       00:00:00
   Logic Synthesizer                      00:00:01
   Partitioner                            00:00:00
   Fitter                                 00:00:02
   Timing SNF Extractor                   00:00:00
   Assembler                              00:00:01
   --------------------------             --------
   Total Time                             00:00:05


Memory Allocated
-----------------

Peak memory allocated during compilation  = 16,630K
